5
['========================RESULT=============================\n
 '/home/yangc9/my_REST_Go/REST_Go/logs/fuzzing_logs/a16bf2a1521eb25c170a3ae6747a6d378869b057/features-service_evomaster-blackbox_7020/res.csv\n
 '57.98687089715536%,25.0%,61.849710982658955%\n
 '57.98687089715536%,25.0%,61.849710982658955%\n
 '57.98687089715536%,25.0%,61.849710982658955%\n
 '57.98687089715536%,25.0%,61.849710982658955%\n
 '57.98687089715536%,25.0%,61.849710982658955%\n
 '57.98687089715536%,25.0%,61.849710982658955%\n
 '84,59,1\n
 '========================END=============================\n']

['========================RESULT=============================\n
 '/home/yangc9/my_REST_Go/REST_Go/logs/fuzzing_logs/c9742f55b4efbc9bd1e4b72238eee68dab6d8445/features-service_restler_7020/res.csv\n
 '38.29321663019694%,13.095238095238097%,39.30635838150289%\n
 '38.29321663019694%,13.095238095238097%,39.30635838150289%\n
 '38.29321663019694%,13.095238095238097%,39.30635838150289%\n
 '38.29321663019694%,13.095238095238097%,39.30635838150289%\n
 '38.29321663019694%,13.095238095238097%,39.30635838150289%\n
 '38.29321663019694%,13.095238095238097%,39.30635838150289%\n
 '17,6,2\n
 '========================END=============================\n']

['========================RESULT=============================\n
 '/home/yangc9/my_REST_Go/REST_Go/logs/fuzzing_logs/f57b58ef5672ba9445581af427f01fd83b98c0a1/features-service_restest_7020/res.csv\n
 '36.32385120350109%,13.095238095238097%,38.72832369942196%\n
 '43.98249452954048%,13.095238095238097%,47.97687861271676%\n
 '53.610503282275715%,16.666666666666664%,56.06936416184971%\n
 '53.610503282275715%,16.666666666666664%,56.06936416184971%\n
 '53.610503282275715%,16.666666666666664%,56.06936416184971%\n
 '54.26695842450766%,16.666666666666664%,57.80346820809249%\n
 '49,26,2\n
 '========================END=============================\n']

['========================RESULT=============================\n
 '/home/yangc9/my_REST_Go/REST_Go/logs/fuzzing_logs/bc945d32ec594762244ae0bd696908200a8f5ebf/features-service_resttestgen_7020/res.csv\n
 '0%,0%,0%\n
 '0%,0%,0%\n
 '0%,0%,0%\n
 '0%,0%,0%\n
 '0%,0%,0%\n
 '0%,0%,0%\n
 '0,0,0\n
 '========================END=============================\n']

['========================RESULT=============================\n
 '/home/yangc9/my_REST_Go/REST_Go/logs/fuzzing_logs/aa2b553ef6bbf09de067a079161c7a8edfbdda6b/features-service_schemathesis_7020/res.csv\n
 '18.599562363238512%,3.571428571428571%,19.07514450867052%\n
 '18.599562363238512%,3.571428571428571%,19.07514450867052%\n
 '18.599562363238512%,3.571428571428571%,19.07514450867052%\n
 '18.599562363238512%,3.571428571428571%,19.07514450867052%\n
 '18.599562363238512%,3.571428571428571%,19.07514450867052%\n
 '18.599562363238512%,3.571428571428571%,19.07514450867052%\n
 '0,0,0\n
 '========================END=============================\n']

5
['========================RESULT=============================\n
 '/home/yangc9/my_REST_Go/REST_Go/logs/fuzzing_logs/a57ca8a5626cc24ad6bba8518ad89cc860cde894/languagetool_resttestgen_7020/res.csv\n
 '1.901642227449601%,0.5716245569909684%,4.326411075612353%\n
 '1.901642227449601%,0.5716245569909684%,4.326411075612353%\n
 '1.901642227449601%,0.5716245569909684%,4.326411075612353%\n
 '1.901642227449601%,0.5716245569909684%,4.326411075612353%\n
 '1.901642227449601%,0.5716245569909684%,4.326411075612353%\n
 '1.901642227449601%,0.5716245569909684%,4.326411075612353%\n
 '1,1,0\n
 '========================END=============================\n']

['========================RESULT=============================\n
 '/home/yangc9/my_REST_Go/REST_Go/logs/fuzzing_logs/a57ca8a5626cc24ad6bba8518ad89cc860cde894/languagetool_restest_7020/res.csv\n
 '2.429265504429837%,0.9717617468846461%,4.978700745473908%\n
 '2.444654516675094%,0.9946267291642849%,5.031948881789138%\n
 '2.455646668278849%,1.0060592203041043%,5.031948881789138%\n
 '2.455646668278849%,1.0060592203041043%,5.031948881789138%\n
 '2.455646668278849%,1.0060592203041043%,5.031948881789138%\n
 '2.455646668278849%,1.0060592203041043%,5.031948881789138%\n
 '1036,1036,1033\n
 '========================END=============================\n']

['========================RESULT=============================\n
 '/home/yangc9/my_REST_Go/REST_Go/logs/fuzzing_logs/83ebdb7a0389ad211f27079de1cbec3ddbecdb4c/languagetool_evomaster-blackbox_7020/res.csv\n
 '12.1771055466397%,7.602606607979878%,15.34877529286475%\n
 '12.229867874337723%,7.724553180137953%,15.402023429179978%\n
 '21.496251676303118%,9.782401585305438%,19.861554845580404%\n
 '21.496251676303118%,9.782401585305438%,19.861554845580404%\n
 '21.496251676303118%,9.782401585305438%,19.861554845580404%\n
 '23.606744784224066%,11.089516405624785%,22.044728434504794%\n
 '9582,9580,9574\n
 '========================END=============================\n']

['========================RESULT=============================\n
 '/home/yangc9/my_REST_Go/REST_Go/logs/fuzzing_logs/c9742f55b4efbc9bd1e4b72238eee68dab6d8445/languagetool_schemathesis_7020/res.csv\n
 '1.3278519137335942%,0.323920582294882%,3.181576144834931%\n
 '1.3278519137335942%,0.323920582294882%,3.181576144834931%\n
 '1.3278519137335942%,0.323920582294882%,3.181576144834931%\n
 '1.3278519137335942%,0.323920582294882%,3.181576144834931%\n
 '1.3278519137335942%,0.323920582294882%,3.181576144834931%\n
 '1.3278519137335942%,0.323920582294882%,3.181576144834931%\n
 '0,0,0\n
 '========================END=============================\n']

['========================RESULT=============================\n
 '/home/yangc9/my_REST_Go/REST_Go/logs/fuzzing_logs/5a5660e5fbef7b50adbee73ef3126deb6f64335e/languagetool_restler_7020/res.csv\n
 '1.879657924242091%,0.5640028962310887%,4.326411075612353%\n
 '1.879657924242091%,0.5640028962310887%,4.326411075612353%\n
 '1.879657924242091%,0.5640028962310887%,4.326411075612353%\n
 '1.879657924242091%,0.5640028962310887%,4.326411075612353%\n
 '1.879657924242091%,0.5640028962310887%,4.326411075612353%\n
 '1.879657924242091%,0.5640028962310887%,4.326411075612353%\n
 '1,1,0\n
 '========================END=============================\n']

5
['========================RESULT=============================\n
 '/home/yangc9/my_REST_Go/REST_Go/logs/fuzzing_logs/f431d0b0a1f0df0d1b85fa0aadc7cb05de3bf48e/ncs_schemathesis_7020/res.csv\n
 '4.363636363636364%,0.0%,13.793103448275861%\n
 '4.363636363636364%,0.0%,13.793103448275861%\n
 '4.363636363636364%,0.0%,13.793103448275861%\n
 '4.363636363636364%,0.0%,13.793103448275861%\n
 '4.363636363636364%,0.0%,13.793103448275861%\n
 '4.363636363636364%,0.0%,13.793103448275861%\n
 '0,0,0\n
 '========================END=============================\n']

['========================RESULT=============================\n
 '/home/yangc9/my_REST_Go/REST_Go/logs/fuzzing_logs/56773b013dedfbb357e41f49696f726bdcd77a80/ncs_restest_7020/res.csv\n
 '80.0%,60.11904761904761%,82.75862068965517%\n
 '80.0%,60.11904761904761%,82.75862068965517%\n
 '80.0%,60.11904761904761%,82.75862068965517%\n
 '80.0%,60.11904761904761%,82.75862068965517%\n
 '80.0%,60.11904761904761%,82.75862068965517%\n
 '80.0%,60.11904761904761%,82.75862068965517%\n
 '0,0,0\n
 '========================END=============================\n']

['========================RESULT=============================\n
 '/home/yangc9/my_REST_Go/REST_Go/logs/fuzzing_logs/cee137ae870cbeca4b4e8f97a921abc22070df5f/ncs_restler_7020/res.csv\n
 '40.0%,25.595238095238095%,65.51724137931035%\n
 '40.0%,25.595238095238095%,65.51724137931035%\n
 '40.0%,25.595238095238095%,65.51724137931035%\n
 '40.0%,25.595238095238095%,65.51724137931035%\n
 '40.0%,25.595238095238095%,65.51724137931035%\n
 '40.0%,25.595238095238095%,65.51724137931035%\n
 '0,0,0\n
 '========================END=============================\n']

['========================RESULT=============================\n
 '/home/yangc9/my_REST_Go/REST_Go/logs/fuzzing_logs/3281ffd20ab48b130b1d429b16c79d0e22acdb66/ncs_evomaster-blackbox_7020/res.csv\n
 '64.0%,64.28571428571429%,72.41379310344827%\n
 '65.81818181818181%,67.26190476190477%,72.41379310344827%\n
 '65.81818181818181%,67.26190476190477%,72.41379310344827%\n
 '65.81818181818181%,67.26190476190477%,72.41379310344827%\n
 '65.81818181818181%,67.26190476190477%,72.41379310344827%\n
 '65.81818181818181%,67.26190476190477%,72.41379310344827%\n
 '0,0,0\n
 '========================END=============================\n']

['========================RESULT=============================\n
 '/home/yangc9/my_REST_Go/REST_Go/logs/fuzzing_logs/8c1ff560186163cb6fb83a03cbb894b7108a30fc/ncs_resttestgen_7020/res.csv\n
 '85.45454545454545%,67.85714285714286%,82.75862068965517%\n
 '88.72727272727273%,72.61904761904762%,82.75862068965517%\n
 '89.0909090909091%,75.59523809523809%,82.75862068965517%\n
 '89.0909090909091%,75.59523809523809%,82.75862068965517%\n
 '89.0909090909091%,75.59523809523809%,82.75862068965517%\n
 '89.0909090909091%,75.59523809523809%,82.75862068965517%\n
 '0,0,0\n
 '========================END=============================\n']

5
['========================RESULT=============================\n
 '/home/yangc9/my_REST_Go/REST_Go/logs/fuzzing_logs/cb0d0dd1d4dc7e4fe835f28eaa25b1e62c1bf5f7/news_restler_7020/res.csv\n
 '43.05555555555556%,23.684210526315788%,53.70370370370371%\n
 '43.05555555555556%,23.684210526315788%,53.70370370370371%\n
 '43.05555555555556%,23.684210526315788%,53.70370370370371%\n
 '43.05555555555556%,23.684210526315788%,53.70370370370371%\n
 '43.05555555555556%,23.684210526315788%,53.70370370370371%\n
 '43.05555555555556%,23.684210526315788%,53.70370370370371%\n
 '0,0,0\n
 '========================END=============================\n']

['========================RESULT=============================\n
 '/home/yangc9/my_REST_Go/REST_Go/logs/fuzzing_logs/83923c9a59ace79670d0847af8932813390c0531/news_resttestgen_7020/res.csv\n
 '40.27777777777778%,21.052631578947366%,48.148148148148145%\n
 '40.27777777777778%,21.052631578947366%,48.148148148148145%\n
 '40.27777777777778%,21.052631578947366%,48.148148148148145%\n
 '40.27777777777778%,21.052631578947366%,48.148148148148145%\n
 '40.27777777777778%,21.052631578947366%,48.148148148148145%\n
 '40.27777777777778%,21.052631578947366%,48.148148148148145%\n
 '0,0,0\n
 '========================END=============================\n']

['========================RESULT=============================\n
 '/home/yangc9/my_REST_Go/REST_Go/logs/fuzzing_logs/36a6ecf4bfa760ec2923a1519b139c57be61a42e/news_restest_7020/res.csv\n
 '28.47222222222222%,27.192982456140353%,24.074074074074073%\n
 '30.555555555555557%,28.947368421052634%,24.074074074074073%\n
 '30.555555555555557%,28.947368421052634%,24.074074074074073%\n
 '30.555555555555557%,28.947368421052634%,24.074074074074073%\n
 '30.555555555555557%,28.947368421052634%,24.074074074074073%\n
 '30.555555555555557%,28.947368421052634%,24.074074074074073%\n
 '0,0,0\n
 '========================END=============================\n']

['========================RESULT=============================\n
 '/home/yangc9/my_REST_Go/REST_Go/logs/fuzzing_logs/cb0d0dd1d4dc7e4fe835f28eaa25b1e62c1bf5f7/news_evomaster-blackbox_7020/res.csv\n
 '68.05555555555556%,60.526315789473685%,77.77777777777779%\n
 '68.05555555555556%,60.526315789473685%,77.77777777777779%\n
 '68.05555555555556%,60.526315789473685%,77.77777777777779%\n
 '68.05555555555556%,60.526315789473685%,77.77777777777779%\n
 '68.05555555555556%,60.526315789473685%,77.77777777777779%\n
 '68.05555555555556%,60.526315789473685%,77.77777777777779%\n
 '2,1,1\n
 '========================END=============================\n']

['========================RESULT=============================\n
 '/home/yangc9/my_REST_Go/REST_Go/logs/fuzzing_logs/801580ae933a012271a3d026ebd122611f0348b3/news_schemathesis_7020/res.csv\n
 '12.5%,0.0%,11.11111111111111%\n
 '12.5%,0.0%,11.11111111111111%\n
 '12.5%,0.0%,11.11111111111111%\n
 '12.5%,0.0%,11.11111111111111%\n
 '12.5%,0.0%,11.11111111111111%\n
 '12.5%,0.0%,11.11111111111111%\n
 '0,0,0\n
 '========================END=============================\n']

4
['========================RESULT=============================\n
 '/home/yangc9/my_REST_Go/REST_Go/logs/fuzzing_logs/273bc541a70fef4e177fda1f3b8707ca0a08a2d9/ocvn_evomaster-blackbox_7020/res.csv\n
 '12.676466307669918%,2.526315789473684%,18.581259925886712%\n
 '12.676466307669918%,2.526315789473684%,18.581259925886712%\n
 '12.676466307669918%,2.526315789473684%,18.581259925886712%\n
 '12.676466307669918%,2.526315789473684%,18.581259925886712%\n
 '12.676466307669918%,2.526315789473684%,18.581259925886712%\n
 '12.676466307669918%,2.526315789473684%,18.581259925886712%\n
 '21,4,3\n
 '========================END=============================\n']

['========================RESULT=============================\n
 '/home/yangc9/my_REST_Go/REST_Go/logs/fuzzing_logs/4bb46a4fb46d285132b66ce7a852163dcf1f40fe/ocvn_schemathesis_7020/res.csv\n
 '10.071314219182069%,2.1052631578947367%,13.816834303864479%\n
 '10.071314219182069%,2.1052631578947367%,13.816834303864479%\n
 '10.071314219182069%,2.1052631578947367%,13.816834303864479%\n
 '10.071314219182069%,2.1052631578947367%,13.816834303864479%\n
 '10.071314219182069%,2.1052631578947367%,13.816834303864479%\n
 '10.071314219182069%,2.1052631578947367%,13.816834303864479%\n
 '0,0,0\n
 '========================END=============================\n']

['========================RESULT=============================\n
 '/home/yangc9/my_REST_Go/REST_Go/logs/fuzzing_logs/5445f89c9ecbcd7c616f2d90673f8cd826c2c28d/ocvn_restest_7020/res.csv\n
 '12.792897685926357%,2.526315789473684%,18.793012175754367%\n
 '12.792897685926357%,2.526315789473684%,18.793012175754367%\n
 '12.792897685926357%,2.526315789473684%,18.793012175754367%\n
 '12.792897685926357%,2.526315789473684%,18.793012175754367%\n
 '12.792897685926357%,2.526315789473684%,18.793012175754367%\n
 '12.792897685926357%,2.526315789473684%,18.793012175754367%\n
 '20,3,2\n
 '========================END=============================\n']

['========================RESULT=============================\n
 '/home/yangc9/my_REST_Go/REST_Go/logs/fuzzing_logs/813e243678333c982bde2dd67bc0b7c946721d1d/ocvn_restler_7020/res.csv\n
 '12.778343763644301%,2.456140350877193%,18.793012175754367%\n
 '12.778343763644301%,2.456140350877193%,18.793012175754367%\n
 '12.778343763644301%,2.456140350877193%,18.793012175754367%\n
 '12.778343763644301%,2.456140350877193%,18.793012175754367%\n
 '12.778343763644301%,2.456140350877193%,18.793012175754367%\n
 '12.778343763644301%,2.456140350877193%,18.793012175754367%\n
 '16,2,1\n
 '========================END=============================\n']

5
['========================RESULT=============================\n
 '/home/yangc9/my_REST_Go/REST_Go/logs/fuzzing_logs/2d53afe7fe663ad026bc041ad4603b88b3e312fe/proxyprint_evomaster-blackbox_7020/res.csv\n
 '30.93306288032454%,3.2806804374240586%,31.412639405204462%\n
 '31.03448275862069%,3.402187120291616%,31.59851301115242%\n
 '31.473968897903987%,3.402187120291616%,33.82899628252788%\n
 '31.473968897903987%,3.402187120291616%,33.82899628252788%\n
 '31.473968897903987%,3.402187120291616%,33.82899628252788%\n
 '31.473968897903987%,3.402187120291616%,33.82899628252788%\n
 '24,6,4\n
 '========================END=============================\n']

['========================RESULT=============================\n
 '/home/yangc9/my_REST_Go/REST_Go/logs/fuzzing_logs/a934c842a93d6cfcf8f6ccf170c502551630b891/proxyprint_resttestgen_7020/res.csv\n
 '26.436781609195403%,2.551640340218712%,21.189591078066915%\n
 '28.363759296822177%,3.1591737545565004%,23.79182156133829%\n
 '28.363759296822177%,3.1591737545565004%,23.79182156133829%\n
 '28.363759296822177%,3.1591737545565004%,23.79182156133829%\n
 '28.363759296822177%,3.1591737545565004%,23.79182156133829%\n
 '28.363759296822177%,3.1591737545565004%,23.79182156133829%\n
 '14,5,3\n
 '========================END=============================\n']

['========================RESULT=============================\n
 '/home/yangc9/my_REST_Go/REST_Go/logs/fuzzing_logs/dcd782cace50cd05d049e251fd991b81d664733a/proxyprint_schemathesis_7020/res.csv\n
 '4.158215010141988%,0.12150668286755771%,9.293680297397769%\n
 '4.158215010141988%,0.12150668286755771%,9.293680297397769%\n
 '4.158215010141988%,0.12150668286755771%,9.293680297397769%\n
 '4.158215010141988%,0.12150668286755771%,9.293680297397769%\n
 '4.158215010141988%,0.12150668286755771%,9.293680297397769%\n
 '4.158215010141988%,0.12150668286755771%,9.293680297397769%\n
 '0,0,0\n
 '========================END=============================\n']

['========================RESULT=============================\n
 '/home/yangc9/my_REST_Go/REST_Go/logs/fuzzing_logs/be4e16f49023361fc8871bb72657c628a9259e40/proxyprint_restest_7020/res.csv\n
 '28.465179175118323%,3.402187120291616%,23.79182156133829%\n
 '28.465179175118323%,3.402187120291616%,23.79182156133829%\n
 '28.465179175118323%,3.402187120291616%,23.79182156133829%\n
 '28.465179175118323%,3.402187120291616%,23.79182156133829%\n
 '28.465179175118323%,3.402187120291616%,23.79182156133829%\n
 '28.465179175118323%,3.402187120291616%,23.79182156133829%\n
 '14,5,4\n
 '========================END=============================\n']

['========================RESULT=============================\n
 '/home/yangc9/my_REST_Go/REST_Go/logs/fuzzing_logs/d73ed6b5c349d60019972ad5dd20dd9cb171b1a6/proxyprint_restler_7020/res.csv\n
 '29.411764705882355%,2.916160388821385%,28.438661710037177%\n
 '29.411764705882355%,2.916160388821385%,28.438661710037177%\n
 '29.411764705882355%,2.916160388821385%,28.438661710037177%\n
 '29.411764705882355%,2.916160388821385%,28.438661710037177%\n
 '29.411764705882355%,2.916160388821385%,28.438661710037177%\n
 '29.411764705882355%,2.916160388821385%,28.438661710037177%\n
 '19,6,4\n
 '========================END=============================\n']

5
['========================RESULT=============================\n
 '/home/yangc9/my_REST_Go/REST_Go/logs/fuzzing_logs/36a6ecf4bfa760ec2923a1519b139c57be61a42e/restcountries_resttestgen_7020/res.csv\n
 '75.13812154696133%,79.54545454545455%,83.52272727272727%\n
 '75.13812154696133%,79.54545454545455%,83.52272727272727%\n
 '75.13812154696133%,79.54545454545455%,83.52272727272727%\n
 '75.13812154696133%,79.54545454545455%,83.52272727272727%\n
 '75.13812154696133%,79.54545454545455%,83.52272727272727%\n
 '75.13812154696133%,79.54545454545455%,83.52272727272727%\n
 '1,1,0\n
 '========================END=============================\n']

['========================RESULT=============================\n
 '/home/yangc9/my_REST_Go/REST_Go/logs/fuzzing_logs/b30888a001b89cf1570deca011afa8bbd4c7e160/restcountries_restler_7020/res.csv\n
 '50.27624309392266%,38.63636363636363%,66.47727272727273%\n
 '50.27624309392266%,38.63636363636363%,66.47727272727273%\n
 '50.27624309392266%,38.63636363636363%,66.47727272727273%\n
 '50.27624309392266%,38.63636363636363%,66.47727272727273%\n
 '50.27624309392266%,38.63636363636363%,66.47727272727273%\n
 '50.27624309392266%,38.63636363636363%,66.47727272727273%\n
 '0,0,0\n
 '========================END=============================\n']

['========================RESULT=============================\n
 '/home/yangc9/my_REST_Go/REST_Go/logs/fuzzing_logs/a57ca8a5626cc24ad6bba8518ad89cc860cde894/restcountries_evomaster-blackbox_7020/res.csv\n
 '75.69060773480662%,85.45454545454545%,83.52272727272727%\n
 '75.69060773480662%,85.45454545454545%,83.52272727272727%\n
 '75.69060773480662%,85.45454545454545%,83.52272727272727%\n
 '75.69060773480662%,85.45454545454545%,83.52272727272727%\n
 '75.69060773480662%,85.45454545454545%,83.52272727272727%\n
 '75.69060773480662%,85.45454545454545%,83.52272727272727%\n
 '1,1,0\n
 '========================END=============================\n']

['========================RESULT=============================\n
 '/home/yangc9/my_REST_Go/REST_Go/logs/fuzzing_logs/3f20c1c79f77515a559ba7d5861a81fc1662d552/restcountries_schemathesis_7020/res.csv\n
 '3.1307550644567224%,0.0%,6.25%\n
 '3.1307550644567224%,0.0%,6.25%\n
 '3.1307550644567224%,0.0%,6.25%\n
 '3.1307550644567224%,0.0%,6.25%\n
 '3.1307550644567224%,0.0%,6.25%\n
 '3.1307550644567224%,0.0%,6.25%\n
 '0,0,0\n
 '========================END=============================\n']

['========================RESULT=============================\n
 '/home/yangc9/my_REST_Go/REST_Go/logs/fuzzing_logs/b5216cd21aa607ffeab4fb9664d1b2714acc3d12/restcountries_restest_7020/res.csv\n
 '67.95580110497238%,65.9090909090909%,82.38636363636364%\n
 '69.06077348066299%,68.63636363636364%,82.38636363636364%\n
 '69.9815837937385%,71.36363636363636%,82.38636363636364%\n
 '70.3499079189687%,72.27272727272728%,82.38636363636364%\n
 '70.71823204419888%,73.18181818181819%,82.38636363636364%\n
 '71.8232044198895%,76.36363636363637%,82.38636363636364%\n
 '1,1,0\n
 '========================END=============================\n']

4
['========================RESULT=============================\n
 '/home/yangc9/my_REST_Go/REST_Go/logs/fuzzing_logs/83ebdb7a0389ad211f27079de1cbec3ddbecdb4c/scout-api_schemathesis_7020/res.csv\n
 '12.2334455667789%,2.132701421800948%,13.784135240572171%\n
 '12.2334455667789%,2.132701421800948%,13.784135240572171%\n
 '12.2334455667789%,2.132701421800948%,13.784135240572171%\n
 '12.2334455667789%,2.132701421800948%,13.784135240572171%\n
 '12.2334455667789%,2.132701421800948%,13.784135240572171%\n
 '12.2334455667789%,2.132701421800948%,13.784135240572171%\n
 '0,0,0\n
 '========================END=============================\n']

['========================RESULT=============================\n
 '/home/yangc9/my_REST_Go/REST_Go/logs/fuzzing_logs/849ad1114575bf81c77f272b2df99c84b8d865a4/scout-api_restest_7020/res.csv\n
 '18.181818181818183%,9.123222748815166%,19.375812743823147%\n
 '18.36887392442948%,9.715639810426541%,19.375812743823147%\n
 '18.36887392442948%,9.715639810426541%,19.375812743823147%\n
 '18.36887392442948%,9.834123222748815%,19.375812743823147%\n
 '18.36887392442948%,9.834123222748815%,19.375812743823147%\n
 '18.36887392442948%,9.834123222748815%,19.375812743823147%\n
 '12,3,0\n
 '========================END=============================\n']

['========================RESULT=============================\n
 '/home/yangc9/my_REST_Go/REST_Go/logs/fuzzing_logs/40a03f3aeaac4d49fcf60812b28efa2e3dd50afb/scout-api_evomaster-blackbox_7020/res.csv\n
 '19.11709689487467%,11.137440758293838%,19.765929778933682%\n
 '19.11709689487467%,11.137440758293838%,19.765929778933682%\n
 '19.11709689487467%,11.137440758293838%,19.765929778933682%\n
 '19.11709689487467%,11.137440758293838%,19.765929778933682%\n
 '19.11709689487467%,11.137440758293838%,19.765929778933682%\n
 '19.11709689487467%,11.137440758293838%,19.765929778933682%\n
 '16,4,1\n
 '========================END=============================\n']

['========================RESULT=============================\n
 '/home/yangc9/my_REST_Go/REST_Go/logs/fuzzing_logs/744d828717dc9c56edbb78fd60150017a3dcc774/scout-api_restler_7020/res.csv\n
 '15.151515151515152%,3.7914691943127963%,17.035110533159948%\n
 '15.151515151515152%,3.7914691943127963%,17.035110533159948%\n
 '15.151515151515152%,3.7914691943127963%,17.035110533159948%\n
 '15.151515151515152%,3.7914691943127963%,17.035110533159948%\n
 '15.151515151515152%,3.7914691943127963%,17.035110533159948%\n
 '15.151515151515152%,3.7914691943127963%,17.035110533159948%\n
 '8,2,0\n
 '========================END=============================\n']

5
['========================RESULT=============================\n
 '/home/yangc9/my_REST_Go/REST_Go/logs/fuzzing_logs/b30888a001b89cf1570deca011afa8bbd4c7e160/scs_evomaster-blackbox_7020/res.csv\n
 '67.79661016949152%,51.19047619047619%,69.23076923076923%\n
 '69.83050847457626%,54.761904761904766%,69.23076923076923%\n
 '70.84745762711864%,56.34920634920635%,69.23076923076923%\n
 '71.52542372881356%,57.14285714285714%,69.23076923076923%\n
 '72.20338983050848%,58.730158730158735%,69.23076923076923%\n
 '72.20338983050848%,59.523809523809526%,69.23076923076923%\n
 '0,0,0\n
 '========================END=============================\n']

['========================RESULT=============================\n
 '/home/yangc9/my_REST_Go/REST_Go/logs/fuzzing_logs/a98d20c69ee6fad1897d863c3a9025a7233e09b3/scs_resttestgen_7020/res.csv\n
 '62.03389830508475%,40.476190476190474%,69.23076923076923%\n
 '62.03389830508475%,40.476190476190474%,69.23076923076923%\n
 '62.03389830508475%,40.476190476190474%,69.23076923076923%\n
 '62.03389830508475%,40.476190476190474%,69.23076923076923%\n
 '62.71186440677966%,42.857142857142854%,69.23076923076923%\n
 '63.05084745762712%,43.25396825396825%,69.23076923076923%\n
 '0,0,0\n
 '========================END=============================\n']

['========================RESULT=============================\n
 '/home/yangc9/my_REST_Go/REST_Go/logs/fuzzing_logs/a31552bbb64b9eabad0527708982987a7f067850/scs_restler_7020/res.csv\n
 '57.6271186440678%,28.57142857142857%,69.23076923076923%\n
 '57.6271186440678%,28.57142857142857%,69.23076923076923%\n
 '57.6271186440678%,28.57142857142857%,69.23076923076923%\n
 '57.6271186440678%,28.57142857142857%,69.23076923076923%\n
 '57.6271186440678%,28.57142857142857%,69.23076923076923%\n
 '57.6271186440678%,28.57142857142857%,69.23076923076923%\n
 '0,0,0\n
 '========================END=============================\n']

['========================RESULT=============================\n
 '/home/yangc9/my_REST_Go/REST_Go/logs/fuzzing_logs/36a6ecf4bfa760ec2923a1519b139c57be61a42e/scs_schemathesis_7020/res.csv\n
 '4.067796610169491%,0.0%,10.256410256410255%\n
 '4.067796610169491%,0.0%,10.256410256410255%\n
 '4.067796610169491%,0.0%,10.256410256410255%\n
 '4.067796610169491%,0.0%,10.256410256410255%\n
 '4.067796610169491%,0.0%,10.256410256410255%\n
 '4.067796610169491%,0.0%,10.256410256410255%\n
 '0,0,0\n
 '========================END=============================\n']

['========================RESULT=============================\n
 '/home/yangc9/my_REST_Go/REST_Go/logs/fuzzing_logs/d73ed6b5c349d60019972ad5dd20dd9cb171b1a6/scs_restest_7020/res.csv\n
 '60.33898305084746%,35.714285714285715%,69.23076923076923%\n
 '60.67796610169491%,36.904761904761905%,69.23076923076923%\n
 '62.03389830508475%,38.88888888888889%,69.23076923076923%\n
 '62.71186440677966%,42.06349206349206%,69.23076923076923%\n
 '62.71186440677966%,42.06349206349206%,69.23076923076923%\n
 '62.71186440677966%,42.06349206349206%,69.23076923076923%\n
 '0,0,0\n
 '========================END=============================\n']

5
['========================RESULT=============================\n
 '/home/yangc9/my_REST_Go/REST_Go/logs/fuzzing_logs/4344e7134a9f1bb9f160f1bebfa7541766b1cb1d/erc20-rest-service_restler_7020/res.csv\n
 '0%,0%,0%\n
 '0%,0%,0%\n
 '0%,0%,0%\n
 '0%,0%,0%\n
 '0%,0%,0%\n
 '0%,0%,0%\n
 '0,0,0\n
 '========================END=============================\n']

['========================RESULT=============================\n
 '/home/yangc9/my_REST_Go/REST_Go/logs/fuzzing_logs/bc4b64565bb3c08870476770399806f5504ee6fb/erc20-rest-service_evomaster-blackbox_7020/res.csv\n
 '0%,0%,0%\n
 '0%,0%,0%\n
 '0%,0%,0%\n
 '0%,0%,0%\n
 '0%,0%,0%\n
 '0%,0%,0%\n
 '0,0,0\n
 '========================END=============================\n']

['========================RESULT=============================\n
 '/home/yangc9/my_REST_Go/REST_Go/logs/fuzzing_logs/afbb8629e846855eb1d612b70351200dab8e43fe/erc20-rest-service_restest_7020/res.csv\n
 '0%,0%,0%\n
 '0%,0%,0%\n
 '0%,0%,0%\n
 '0%,0%,0%\n
 '0%,0%,0%\n
 '0%,0%,0%\n
 '0,0,0\n
 '========================END=============================\n']

['========================RESULT=============================\n
 '/home/yangc9/my_REST_Go/REST_Go/logs/fuzzing_logs/d15efa03d03ee1700ea9b5f32e2a6cf3eb65b77e/erc20-rest-service_schemathesis_7020/res.csv\n
 '0%,0%,0%\n
 '0%,0%,0%\n
 '0%,0%,0%\n
 '0%,0%,0%\n
 '0%,0%,0%\n
 '0%,0%,0%\n
 '0,0,0\n
 '========================END=============================\n']

['========================RESULT=============================\n
 '/home/yangc9/my_REST_Go/REST_Go/logs/fuzzing_logs/666cda58ac02e7294078b2d903b9f3fe4d1ebcee/erc20-rest-service_resttestgen_7020/res.csv\n
 '6.048387096774194%,6.25%,5.454545454545454%\n
 '6.048387096774194%,6.25%,5.454545454545454%\n
 '6.048387096774194%,6.25%,5.454545454545454%\n
 '6.048387096774194%,6.25%,5.454545454545454%\n
 '6.048387096774194%,6.25%,5.454545454545454%\n
 '6.048387096774194%,6.25%,5.454545454545454%\n
 '0,0,0\n
 '========================END=============================\n']

4
['========================RESULT=============================\n
 '/home/yangc9/my_REST_Go/REST_Go/logs/fuzzing_logs/13afa233cc9cf6a773180e3b775add9e434bf426/genome-nexus_evomaster-blackbox_7020/res.csv\n
 '0%,0%,0%\n
 '0%,0%,0%\n
 '0%,0%,0%\n
 '0%,0%,0%\n
 '0%,0%,0%\n
 '0%,0%,0%\n
 '1,1,1\n
 '========================END=============================\n']

['========================RESULT=============================\n
 '/home/yangc9/my_REST_Go/REST_Go/logs/fuzzing_logs/7c952a2d6f1faef6e44e3fcfaafc26c375a3b613/genome-nexus_resttestgen_7020/res.csv\n
 '15.714285714285714%,4.234297812279464%,11.928199189345687%\n
 '15.714285714285714%,4.234297812279464%,11.928199189345687%\n
 '15.714285714285714%,4.234297812279464%,11.928199189345687%\n
 '15.714285714285714%,4.234297812279464%,11.928199189345687%\n
 '15.714285714285714%,4.234297812279464%,11.928199189345687%\n
 '15.714285714285714%,4.234297812279464%,11.928199189345687%\n
 '0,0,0\n
 '========================END=============================\n']

['========================RESULT=============================\n
 '/home/yangc9/my_REST_Go/REST_Go/logs/fuzzing_logs/a7589b7012b8368cba9d9da6b672e96e0d948302/genome-nexus_schemathesis_7020/res.csv\n
 '0%,0%,0%\n
 '0%,0%,0%\n
 '0%,0%,0%\n
 '0%,0%,0%\n
 '0%,0%,0%\n
 '0%,0%,0%\n
 '0,0,0\n
 '========================END=============================\n']

['========================RESULT=============================\n
 '/home/yangc9/my_REST_Go/REST_Go/logs/fuzzing_logs/c193016aa37992a874dee3c11290453a567102ea/genome-nexus_restler_7020/res.csv\n
 '0%,0%,0%\n
 '0%,0%,0%\n
 '0%,0%,0%\n
 '0%,0%,0%\n
 '0%,0%,0%\n
 '0%,0%,0%\n
 '0,0,0\n
 '========================END=============================\n']

5
['========================RESULT=============================\n
 '/home/yangc9/my_REST_Go/REST_Go/logs/fuzzing_logs/51f80b0960ad7093d1d6aa44f01fb9805841c221/person-controller_restest_7020/res.csv\n
 '26.81564245810056%,0.0%,23.655913978494624%\n
 '26.81564245810056%,0.0%,23.655913978494624%\n
 '26.81564245810056%,0.0%,23.655913978494624%\n
 '26.81564245810056%,0.0%,23.655913978494624%\n
 '26.81564245810056%,0.0%,23.655913978494624%\n
 '26.81564245810056%,0.0%,23.655913978494624%\n
 '27,6,5\n
 '========================END=============================\n']

['========================RESULT=============================\n
 '/home/yangc9/my_REST_Go/REST_Go/logs/fuzzing_logs/0b7e942ecddbad5244e8f416b327e7b12fe65477/person-controller_restler_7020/res.csv\n
 '67.59776536312849%,0.0%,75.26881720430107%\n
 '67.59776536312849%,0.0%,75.26881720430107%\n
 '67.59776536312849%,0.0%,75.26881720430107%\n
 '67.59776536312849%,0.0%,75.26881720430107%\n
 '67.59776536312849%,0.0%,75.26881720430107%\n
 '67.59776536312849%,0.0%,75.26881720430107%\n
 '914,432,9\n
 '========================END=============================\n']

['========================RESULT=============================\n
 '/home/yangc9/my_REST_Go/REST_Go/logs/fuzzing_logs/0d69a3b06cf357fc48885ccc994c302c414eba7b/person-controller_schemathesis_7020/res.csv\n
 '20.670391061452513%,0.0%,12.903225806451612%\n
 '20.670391061452513%,0.0%,12.903225806451612%\n
 '20.670391061452513%,0.0%,12.903225806451612%\n
 '20.670391061452513%,0.0%,12.903225806451612%\n
 '20.670391061452513%,0.0%,12.903225806451612%\n
 '20.670391061452513%,0.0%,12.903225806451612%\n
 '0,0,0\n
 '========================END=============================\n']

['========================RESULT=============================\n
 '/home/yangc9/my_REST_Go/REST_Go/logs/fuzzing_logs/6d382c20781c06200ad16c7fcfd7a9e61c16d339/person-controller_evomaster-blackbox_7020/res.csv\n
 '67.59776536312849%,0.0%,75.26881720430107%\n
 '67.59776536312849%,0.0%,75.26881720430107%\n
 '67.59776536312849%,0.0%,75.26881720430107%\n
 '67.59776536312849%,0.0%,75.26881720430107%\n
 '67.59776536312849%,0.0%,75.26881720430107%\n
 '67.59776536312849%,0.0%,75.26881720430107%\n
 '12422,7724,6202\n
 '========================END=============================\n']

['========================RESULT=============================\n
 '/home/yangc9/my_REST_Go/REST_Go/logs/fuzzing_logs/a44c704b2bdc70e36d8b385bde4685fd581f13f0/person-controller_resttestgen_7020/res.csv\n
 '69.27374301675978%,1.6666666666666667%,76.34408602150538%\n
 '69.27374301675978%,1.6666666666666667%,76.34408602150538%\n
 '69.27374301675978%,1.6666666666666667%,76.34408602150538%\n
 '69.27374301675978%,1.6666666666666667%,76.34408602150538%\n
 '69.27374301675978%,1.6666666666666667%,76.34408602150538%\n
 '69.27374301675978%,1.6666666666666667%,76.34408602150538%\n
 '18,5,4\n
 '========================END=============================\n']

5
['========================RESULT=============================\n
 '/home/yangc9/my_REST_Go/REST_Go/logs/fuzzing_logs/51f80b0960ad7093d1d6aa44f01fb9805841c221/problem-controller_restler_7020/res.csv\n
 '32.95454545454545%,30.0%,40.17857142857143%\n
 '32.95454545454545%,30.0%,40.17857142857143%\n
 '32.95454545454545%,30.0%,40.17857142857143%\n
 '32.95454545454545%,30.0%,40.17857142857143%\n
 '32.95454545454545%,30.0%,40.17857142857143%\n
 '32.95454545454545%,30.0%,40.17857142857143%\n
 '2,1,0\n
 '========================END=============================\n']

['========================RESULT=============================\n
 '/home/yangc9/my_REST_Go/REST_Go/logs/fuzzing_logs/7636655c01faa58598d6753dc3579b4acb3fb382/problem-controller_evomaster-blackbox_7020/res.csv\n
 '47.34848484848485%,51.66666666666667%,50.0%\n
 '49.621212121212125%,53.333333333333336%,50.89285714285714%\n
 '49.621212121212125%,53.333333333333336%,50.89285714285714%\n
 '49.621212121212125%,53.333333333333336%,50.89285714285714%\n
 '49.621212121212125%,53.333333333333336%,50.89285714285714%\n
 '49.621212121212125%,53.333333333333336%,50.89285714285714%\n
 '3,2,1\n
 '========================END=============================\n']

['========================RESULT=============================\n
 '/home/yangc9/my_REST_Go/REST_Go/logs/fuzzing_logs/0fca9a92de6aca7121a3e7908930a3bff66d32ce/problem-controller_restest_7020/res.csv\n
 '27.27272727272727%,25.0%,29.464285714285715%\n
 '27.27272727272727%,25.0%,29.464285714285715%\n
 '27.27272727272727%,25.0%,29.464285714285715%\n
 '27.27272727272727%,25.0%,29.464285714285715%\n
 '27.27272727272727%,25.0%,29.464285714285715%\n
 '27.27272727272727%,25.0%,29.464285714285715%\n
 '0,0,0\n
 '========================END=============================\n']

['========================RESULT=============================\n
 '/home/yangc9/my_REST_Go/REST_Go/logs/fuzzing_logs/5e1f8e8c0f1842baa9468b0a4222afefe7510978/problem-controller_schemathesis_7020/res.csv\n
 '10.606060606060606%,0.0%,13.392857142857142%\n
 '10.606060606060606%,0.0%,13.392857142857142%\n
 '10.606060606060606%,0.0%,13.392857142857142%\n
 '10.606060606060606%,0.0%,13.392857142857142%\n
 '10.606060606060606%,0.0%,13.392857142857142%\n
 '10.606060606060606%,0.0%,13.392857142857142%\n
 '0,0,0\n
 '========================END=============================\n']

['========================RESULT=============================\n
 '/home/yangc9/my_REST_Go/REST_Go/logs/fuzzing_logs/9d2bf7cdf25939beee2bf27406736fa7778d0f44/problem-controller_resttestgen_7020/res.csv\n
 '32.196969696969695%,30.0%,36.607142857142854%\n
 '32.196969696969695%,30.0%,36.607142857142854%\n
 '32.196969696969695%,30.0%,36.607142857142854%\n
 '32.196969696969695%,30.0%,36.607142857142854%\n
 '32.196969696969695%,30.0%,36.607142857142854%\n
 '32.196969696969695%,30.0%,36.607142857142854%\n
 '0,0,0\n
 '========================END=============================\n']

5
['========================RESULT=============================\n
 '/home/yangc9/my_REST_Go/REST_Go/logs/fuzzing_logs/5f521ac0e55d3a02f0187e02945fbc6a1aaf48a9/rest-study_restler_7020/res.csv\n
 '67.5925925925926%,25.0%,73.40425531914893%\n
 '67.5925925925926%,25.0%,73.40425531914893%\n
 '67.5925925925926%,25.0%,73.40425531914893%\n
 '67.5925925925926%,25.0%,73.40425531914893%\n
 '67.5925925925926%,25.0%,73.40425531914893%\n
 '67.5925925925926%,25.0%,73.40425531914893%\n
 '0,0,0\n
 '========================END=============================\n']

['========================RESULT=============================\n
 '/home/yangc9/my_REST_Go/REST_Go/logs/fuzzing_logs/8ee8e4edefed2d2e5b84b50790dfd2f59c699d13/rest-study_resttestgen_7020/res.csv\n
 '17.12962962962963%,0.0%,18.085106382978726%\n
 '17.12962962962963%,0.0%,18.085106382978726%\n
 '17.12962962962963%,0.0%,18.085106382978726%\n
 '17.12962962962963%,0.0%,18.085106382978726%\n
 '17.12962962962963%,0.0%,18.085106382978726%\n
 '17.12962962962963%,0.0%,18.085106382978726%\n
 '0,0,0\n
 '========================END=============================\n']

['========================RESULT=============================\n
 '/home/yangc9/my_REST_Go/REST_Go/logs/fuzzing_logs/666cda58ac02e7294078b2d903b9f3fe4d1ebcee/rest-study_evomaster-blackbox_7020/res.csv\n
 '86.57407407407408%,100.0%,80.85106382978722%\n
 '86.57407407407408%,100.0%,80.85106382978722%\n
 '86.57407407407408%,100.0%,80.85106382978722%\n
 '86.57407407407408%,100.0%,80.85106382978722%\n
 '86.57407407407408%,100.0%,80.85106382978722%\n
 '86.57407407407408%,100.0%,80.85106382978722%\n
 '0,0,0\n
 '========================END=============================\n']

['========================RESULT=============================\n
 '/home/yangc9/my_REST_Go/REST_Go/logs/fuzzing_logs/6d13f21603633c051cdd7e7ba3c838252d1d7d9a/rest-study_schemathesis_7020/res.csv\n
 '17.12962962962963%,0.0%,18.085106382978726%\n
 '17.12962962962963%,0.0%,18.085106382978726%\n
 '17.12962962962963%,0.0%,18.085106382978726%\n
 '17.12962962962963%,0.0%,18.085106382978726%\n
 '17.12962962962963%,0.0%,18.085106382978726%\n
 '17.12962962962963%,0.0%,18.085106382978726%\n
 '0,0,0\n
 '========================END=============================\n']

['========================RESULT=============================\n
 '/home/yangc9/my_REST_Go/REST_Go/logs/fuzzing_logs/2e942c0285ae6418e08508e390ced1085b6509c2/rest-study_restest_7020/res.csv\n
 '65.27777777777779%,70.0%,67.02127659574468%\n
 '65.27777777777779%,70.0%,67.02127659574468%\n
 '65.27777777777779%,70.0%,67.02127659574468%\n
 '65.27777777777779%,70.0%,67.02127659574468%\n
 '65.27777777777779%,70.0%,67.02127659574468%\n
 '65.27777777777779%,70.0%,67.02127659574468%\n
 '0,0,0\n
 '========================END=============================\n']

5
['========================RESULT=============================\n
 '/home/yangc9/my_REST_Go/REST_Go/logs/fuzzing_logs/0d69a3b06cf357fc48885ccc994c302c414eba7b/spring-batch-rest_resttestgen_7020/res.csv\n
 '25.039872408293462%,2.107728337236534%,19.867549668874172%\n
 '25.039872408293462%,2.107728337236534%,19.867549668874172%\n
 '25.039872408293462%,2.107728337236534%,19.867549668874172%\n
 '25.039872408293462%,2.107728337236534%,19.867549668874172%\n
 '25.039872408293462%,2.107728337236534%,19.867549668874172%\n
 '25.039872408293462%,2.107728337236534%,19.867549668874172%\n
 '0,0,0\n
 '========================END=============================\n']

['========================RESULT=============================\n
 '/home/yangc9/my_REST_Go/REST_Go/logs/fuzzing_logs/a44c704b2bdc70e36d8b385bde4685fd581f13f0/spring-batch-rest_restest_7020/res.csv\n
 '23.444976076555022%,1.639344262295082%,19.5364238410596%\n
 '23.444976076555022%,1.639344262295082%,19.5364238410596%\n
 '23.444976076555022%,1.639344262295082%,19.5364238410596%\n
 '23.444976076555022%,1.639344262295082%,19.5364238410596%\n
 '23.444976076555022%,1.639344262295082%,19.5364238410596%\n
 '23.444976076555022%,1.639344262295082%,19.5364238410596%\n
 '0,0,0\n
 '========================END=============================\n']

['========================RESULT=============================\n
 '/home/yangc9/my_REST_Go/REST_Go/logs/fuzzing_logs/c193016aa37992a874dee3c11290453a567102ea/spring-batch-rest_schemathesis_7020/res.csv\n
 '15.47049441786284%,0.234192037470726%,12.251655629139073%\n
 '15.47049441786284%,0.234192037470726%,12.251655629139073%\n
 '15.47049441786284%,0.234192037470726%,12.251655629139073%\n
 '15.47049441786284%,0.234192037470726%,12.251655629139073%\n
 '15.47049441786284%,0.234192037470726%,12.251655629139073%\n
 '15.47049441786284%,0.234192037470726%,12.251655629139073%\n
 '0,0,0\n
 '========================END=============================\n']

['========================RESULT=============================\n
 '/home/yangc9/my_REST_Go/REST_Go/logs/fuzzing_logs/0d69a3b06cf357fc48885ccc994c302c414eba7b/spring-batch-rest_restler_7020/res.csv\n
 '15.47049441786284%,0.234192037470726%,12.251655629139073%\n
 '15.47049441786284%,0.234192037470726%,12.251655629139073%\n
 '15.47049441786284%,0.234192037470726%,12.251655629139073%\n
 '15.47049441786284%,0.234192037470726%,12.251655629139073%\n
 '15.47049441786284%,0.234192037470726%,12.251655629139073%\n
 '15.47049441786284%,0.234192037470726%,12.251655629139073%\n
 '0,0,0\n
 '========================END=============================\n']

['========================RESULT=============================\n
 '/home/yangc9/my_REST_Go/REST_Go/logs/fuzzing_logs/cb5c1cd286bb8b51ad1c161100f40c198b6a698e/spring-batch-rest_evomaster-blackbox_7020/res.csv\n
 '15.47049441786284%,0.234192037470726%,12.251655629139073%\n
 '15.47049441786284%,0.234192037470726%,12.251655629139073%\n
 '15.47049441786284%,0.234192037470726%,12.251655629139073%\n
 '15.47049441786284%,0.234192037470726%,12.251655629139073%\n
 '15.47049441786284%,0.234192037470726%,12.251655629139073%\n
 '15.47049441786284%,0.234192037470726%,12.251655629139073%\n
 '0,0,0\n
 '========================END=============================\n']

5
['========================RESULT=============================\n
 '/home/yangc9/my_REST_Go/REST_Go/logs/fuzzing_logs/25d351c2f05d0235a6f8dadf70777cb8392cdc4b/spring-boot-sample-app_evomaster-blackbox_7020/res.csv\n
 '69.01408450704226%,0.0%,52.17391304347826%\n
 '69.01408450704226%,0.0%,52.17391304347826%\n
 '69.01408450704226%,0.0%,52.17391304347826%\n
 '69.01408450704226%,0.0%,52.17391304347826%\n
 '69.01408450704226%,0.0%,52.17391304347826%\n
 '69.01408450704226%,0.0%,52.17391304347826%\n
 '0,0,0\n
 '========================END=============================\n']

['========================RESULT=============================\n
 '/home/yangc9/my_REST_Go/REST_Go/logs/fuzzing_logs/07ac6048a27156b9c8136e23a503a5f440128f0c/spring-boot-sample-app_schemathesis_7020/res.csv\n
 '43.66197183098591%,0.0%,27.536231884057973%\n
 '43.66197183098591%,0.0%,27.536231884057973%\n
 '43.66197183098591%,0.0%,27.536231884057973%\n
 '43.66197183098591%,0.0%,27.536231884057973%\n
 '43.66197183098591%,0.0%,27.536231884057973%\n
 '43.66197183098591%,0.0%,27.536231884057973%\n
 '0,0,0\n
 '========================END=============================\n']

['========================RESULT=============================\n
 '/home/yangc9/my_REST_Go/REST_Go/logs/fuzzing_logs/c60fcc185a6a7e3188bbdf55d8428443df7379f4/spring-boot-sample-app_restest_7020/res.csv\n
 '50.70422535211267%,0.0%,31.88405797101449%\n
 '50.70422535211267%,0.0%,31.88405797101449%\n
 '50.70422535211267%,0.0%,31.88405797101449%\n
 '50.70422535211267%,0.0%,31.88405797101449%\n
 '50.70422535211267%,0.0%,31.88405797101449%\n
 '50.70422535211267%,0.0%,31.88405797101449%\n
 '0,0,0\n
 '========================END=============================\n']

['========================RESULT=============================\n
 '/home/yangc9/my_REST_Go/REST_Go/logs/fuzzing_logs/1e03b7efc57bded8c355a34f1261861e8019244c/spring-boot-sample-app_resttestgen_7020/res.csv\n
 '50.70422535211267%,0.0%,31.88405797101449%\n
 '50.70422535211267%,0.0%,31.88405797101449%\n
 '50.70422535211267%,0.0%,31.88405797101449%\n
 '50.70422535211267%,0.0%,31.88405797101449%\n
 '50.70422535211267%,0.0%,31.88405797101449%\n
 '50.70422535211267%,0.0%,31.88405797101449%\n
 '0,0,0\n
 '========================END=============================\n']

['========================RESULT=============================\n
 '/home/yangc9/my_REST_Go/REST_Go/logs/fuzzing_logs/2e942c0285ae6418e08508e390ced1085b6509c2/spring-boot-sample-app_restler_7020/res.csv\n
 '69.01408450704226%,0.0%,52.17391304347826%\n
 '69.01408450704226%,0.0%,52.17391304347826%\n
 '69.01408450704226%,0.0%,52.17391304347826%\n
 '69.01408450704226%,0.0%,52.17391304347826%\n
 '69.01408450704226%,0.0%,52.17391304347826%\n
 '69.01408450704226%,0.0%,52.17391304347826%\n
 '2,1,1\n
 '========================END=============================\n']

5
['========================RESULT=============================\n
 '/home/yangc9/my_REST_Go/REST_Go/logs/fuzzing_logs/c193016aa37992a874dee3c11290453a567102ea/user-management_resttestgen_7020/res.csv\n
 '63.13291139240506%,8.9171974522293%,48.30097087378641%\n
 '63.60759493670886%,9.023354564755838%,48.30097087378641%\n
 '63.60759493670886%,9.023354564755838%,48.30097087378641%\n
 '63.60759493670886%,9.023354564755838%,48.30097087378641%\n
 '63.60759493670886%,9.023354564755838%,48.30097087378641%\n
 '63.60759493670886%,9.023354564755838%,48.30097087378641%\n
 '0,0,0\n
 '========================END=============================\n']

['========================RESULT=============================\n
 '/home/yangc9/my_REST_Go/REST_Go/logs/fuzzing_logs/f135f405c1348ec0c16f05fee6a06c4efdd14927/user-management_evomaster-blackbox_7020/res.csv\n
 '60.60126582278481%,8.598726114649681%,47.57281553398058%\n
 '60.60126582278481%,8.598726114649681%,47.57281553398058%\n
 '60.60126582278481%,8.598726114649681%,47.57281553398058%\n
 '60.60126582278481%,8.598726114649681%,47.57281553398058%\n
 '60.60126582278481%,8.598726114649681%,47.57281553398058%\n
 '60.60126582278481%,8.598726114649681%,47.57281553398058%\n
 '0,0,0\n
 '========================END=============================\n']

['========================RESULT=============================\n
 '/home/yangc9/my_REST_Go/REST_Go/logs/fuzzing_logs/ae09f71925ab3ab47ff54f1aeb62785e7e7f017e/user-management_restler_7020/res.csv\n
 '40.822784810126585%,3.821656050955414%,41.019417475728154%\n
 '40.822784810126585%,3.821656050955414%,41.019417475728154%\n
 '42.405063291139236%,4.033970276008493%,41.50485436893204%\n
 '42.405063291139236%,4.033970276008493%,41.50485436893204%\n
 '42.405063291139236%,4.033970276008493%,41.50485436893204%\n
 '42.405063291139236%,4.033970276008493%,41.50485436893204%\n
 '0,0,0\n
 '========================END=============================\n']

['========================RESULT=============================\n
 '/home/yangc9/my_REST_Go/REST_Go/logs/fuzzing_logs/6d382c20781c06200ad16c7fcfd7a9e61c16d339/user-management_restest_7020/res.csv\n
 '46.835443037974684%,5.520169851380043%,33.737864077669904%\n
 '48.734177215189874%,5.7324840764331215%,34.46601941747573%\n
 '48.734177215189874%,5.7324840764331215%,34.46601941747573%\n
 '48.734177215189874%,5.7324840764331215%,34.46601941747573%\n
 '48.734177215189874%,5.7324840764331215%,34.46601941747573%\n
 '48.734177215189874%,5.7324840764331215%,34.46601941747573%\n
 '0,0,0\n
 '========================END=============================\n']

['========================RESULT=============================\n
 '/home/yangc9/my_REST_Go/REST_Go/logs/fuzzing_logs/7caf5d64d41917f89ec1cf77cb9f914b7999e805/user-management_schemathesis_7020/res.csv\n
 '5.8544303797468356%,0.0%,5.582524271844661%\n
 '5.8544303797468356%,0.0%,5.582524271844661%\n
 '5.8544303797468356%,0.0%,5.582524271844661%\n
 '5.8544303797468356%,0.0%,5.582524271844661%\n
 '5.8544303797468356%,0.0%,5.582524271844661%\n
 '5.8544303797468356%,0.0%,5.582524271844661%\n
 '0,0,0\n
 '========================END=============================\n']

5
['========================RESULT=============================\n
 '/home/yangc9/my_REST_Go/REST_Go/logs/fuzzing_logs/bc4b64565bb3c08870476770399806f5504ee6fb/cwa-verification_resttestgen_7020/res.csv\n
 '23.981373690337602%,5.22273425499232%,29.256594724220626%\n
 '23.981373690337602%,5.22273425499232%,29.256594724220626%\n
 '23.981373690337602%,5.22273425499232%,29.256594724220626%\n
 '24.912689173457508%,5.529953917050691%,29.73621103117506%\n
 '24.912689173457508%,5.529953917050691%,29.73621103117506%\n
 '24.912689173457508%,5.529953917050691%,29.73621103117506%\n
 '0,0,0\n
 '========================END=============================\n']

['========================RESULT=============================\n
 '/home/yangc9/my_REST_Go/REST_Go/logs/fuzzing_logs/6d382c20781c06200ad16c7fcfd7a9e61c16d339/cwa-verification_schemathesis_7020/res.csv\n
 '19.90686845168801%,3.5330261136712746%,24.22062350119904%\n
 '19.90686845168801%,3.5330261136712746%,24.22062350119904%\n
 '19.90686845168801%,3.5330261136712746%,24.22062350119904%\n
 '19.90686845168801%,3.5330261136712746%,24.22062350119904%\n
 '19.90686845168801%,3.5330261136712746%,24.22062350119904%\n
 '19.90686845168801%,3.5330261136712746%,24.22062350119904%\n
 '0,0,0\n
 '========================END=============================\n']

['========================RESULT=============================\n
 '/home/yangc9/my_REST_Go/REST_Go/logs/fuzzing_logs/5e1f8e8c0f1842baa9468b0a4222afefe7510978/cwa-verification_evomaster-blackbox_7020/res.csv\n
 '19.90686845168801%,3.5330261136712746%,24.22062350119904%\n
 '19.90686845168801%,3.5330261136712746%,24.22062350119904%\n
 '19.90686845168801%,3.5330261136712746%,24.22062350119904%\n
 '19.90686845168801%,3.5330261136712746%,24.22062350119904%\n
 '19.90686845168801%,3.5330261136712746%,24.22062350119904%\n
 '19.90686845168801%,3.5330261136712746%,24.22062350119904%\n
 '0,0,0\n
 '========================END=============================\n']

['========================RESULT=============================\n
 '/home/yangc9/my_REST_Go/REST_Go/logs/fuzzing_logs/929927ada23bccc97f3f42d4e8f83acbc3062f26/cwa-verification_restler_7020/res.csv\n
 '34.69150174621653%,8.294930875576037%,39.328537170263786%\n
 '34.69150174621653%,8.294930875576037%,39.328537170263786%\n
 '34.69150174621653%,8.294930875576037%,39.328537170263786%\n
 '34.69150174621653%,8.294930875576037%,39.328537170263786%\n
 '34.69150174621653%,8.294930875576037%,39.328537170263786%\n
 '34.69150174621653%,8.294930875576037%,39.328537170263786%\n
 '13,13,1\n
 '========================END=============================\n']

['========================RESULT=============================\n
 '/home/yangc9/my_REST_Go/REST_Go/logs/fuzzing_logs/c424f997ab7f816fa79e4e6d44fc622ded57d774/cwa-verification_restest_7020/res.csv\n
 '19.90686845168801%,3.5330261136712746%,24.22062350119904%\n
 '19.90686845168801%,3.5330261136712746%,24.22062350119904%\n
 '19.90686845168801%,3.5330261136712746%,24.22062350119904%\n
 '19.90686845168801%,3.5330261136712746%,24.22062350119904%\n
 '19.90686845168801%,3.5330261136712746%,24.22062350119904%\n
 '19.90686845168801%,3.5330261136712746%,24.22062350119904%\n
 '0,0,0\n
 '========================END=============================\n']

5
['========================RESULT=============================\n
 '/home/yangc9/my_REST_Go/REST_Go/logs/fuzzing_logs/7e50b94e892c3da3be0e08d4bbe5a0c1aa74b63c/market_resttestgen_7020/res.csv\n
 '12.55666364460562%,0.7874015748031495%,15.81081081081081%\n
 '12.55666364460562%,0.7874015748031495%,15.81081081081081%\n
 '12.55666364460562%,0.7874015748031495%,15.81081081081081%\n
 '12.55666364460562%,0.7874015748031495%,15.81081081081081%\n
 '12.55666364460562%,0.7874015748031495%,15.81081081081081%\n
 '12.55666364460562%,0.7874015748031495%,15.81081081081081%\n
 '3,3,0\n
 '========================END=============================\n']

['========================RESULT=============================\n
 '/home/yangc9/my_REST_Go/REST_Go/logs/fuzzing_logs/88584fd732145bb7f15470e7b99ece11f6828090/market_evomaster-blackbox_7020/res.csv\n
 '14.324569356300998%,0.7874015748031495%,18.10810810810811%\n
 '14.324569356300998%,0.7874015748031495%,18.10810810810811%\n
 '14.324569356300998%,0.7874015748031495%,18.10810810810811%\n
 '14.324569356300998%,0.7874015748031495%,18.10810810810811%\n
 '14.324569356300998%,0.7874015748031495%,18.10810810810811%\n
 '14.324569356300998%,0.7874015748031495%,18.10810810810811%\n
 '3,3,0\n
 '========================END=============================\n']

['========================RESULT=============================\n
 '/home/yangc9/my_REST_Go/REST_Go/logs/fuzzing_logs/0cb4f33735b2ad64b1200076d8a56273a4f43c15/market_restler_7020/res.csv\n
 '13.508612873980056%,0.7874015748031495%,17.16216216216216%\n
 '13.508612873980056%,0.7874015748031495%,17.16216216216216%\n
 '13.508612873980056%,0.7874015748031495%,17.16216216216216%\n
 '13.508612873980056%,0.7874015748031495%,17.16216216216216%\n
 '13.508612873980056%,0.7874015748031495%,17.16216216216216%\n
 '13.508612873980056%,0.7874015748031495%,17.16216216216216%\n
 '44,33,4\n
 '========================END=============================\n']

['========================RESULT=============================\n
 '/home/yangc9/my_REST_Go/REST_Go/logs/fuzzing_logs/c60fcc185a6a7e3188bbdf55d8428443df7379f4/market_restest_7020/res.csv\n
 '12.919310970081597%,0.7874015748031495%,16.08108108108108%\n
 '12.919310970081597%,0.7874015748031495%,16.08108108108108%\n
 '12.919310970081597%,0.7874015748031495%,16.08108108108108%\n
 '12.919310970081597%,0.7874015748031495%,16.08108108108108%\n
 '12.919310970081597%,0.7874015748031495%,16.08108108108108%\n
 '12.919310970081597%,0.7874015748031495%,16.08108108108108%\n
 '9,8,8\n
 '========================END=============================\n']

['========================RESULT=============================\n
 '/home/yangc9/my_REST_Go/REST_Go/logs/fuzzing_logs/139a5a66762afa52f26ba20c8c45d37a71df116d/market_schemathesis_7020/res.csv\n
 '7.026291931097008%,0.0%,7.7027027027027035%\n
 '7.026291931097008%,0.0%,7.7027027027027035%\n
 '7.026291931097008%,0.0%,7.7027027027027035%\n
 '7.026291931097008%,0.0%,7.7027027027027035%\n
 '7.026291931097008%,0.0%,7.7027027027027035%\n
 '7.026291931097008%,0.0%,7.7027027027027035%\n
 '0,0,0\n
 '========================END=============================\n']

5
['========================RESULT=============================\n
 '/home/yangc9/my_REST_Go/REST_Go/logs/fuzzing_logs/7caf5d64d41917f89ec1cf77cb9f914b7999e805/project-tracking-system_evomaster-blackbox_7020/res.csv\n
 '39.21417565485362%,8.333333333333332%,54.29769392033543%\n
 '39.368258859784284%,8.333333333333332%,54.71698113207547%\n
 '39.368258859784284%,8.333333333333332%,54.71698113207547%\n
 '39.368258859784284%,8.333333333333332%,54.71698113207547%\n
 '39.368258859784284%,8.333333333333332%,54.71698113207547%\n
 '39.368258859784284%,8.333333333333332%,54.71698113207547%\n
 '15493,15400,2486\n
 '========================END=============================\n']

['========================RESULT=============================\n
 '/home/yangc9/my_REST_Go/REST_Go/logs/fuzzing_logs/929927ada23bccc97f3f42d4e8f83acbc3062f26/project-tracking-system_resttestgen_7020/res.csv\n
 '37.51926040061633%,3.125%,50.524109014675055%\n
 '37.51926040061633%,3.125%,50.524109014675055%\n
 '37.51926040061633%,3.125%,50.524109014675055%\n
 '37.51926040061633%,3.125%,50.524109014675055%\n
 '37.51926040061633%,3.125%,50.524109014675055%\n
 '37.51926040061633%,3.125%,50.524109014675055%\n
 '172,156,4\n
 '========================END=============================\n']

['========================RESULT=============================\n
 '/home/yangc9/my_REST_Go/REST_Go/logs/fuzzing_logs/b52873ce6190b46231d054c89f18ad2e153c0c4d/project-tracking-system_restest_7020/res.csv\n
 '26.502311248073962%,3.125%,31.236897274633122%\n
 '26.810477657935284%,3.125%,31.865828092243188%\n
 '27.041602465331277%,3.125%,32.494758909853246%\n
 '27.041602465331277%,3.125%,32.494758909853246%\n
 '27.041602465331277%,3.125%,32.494758909853246%\n
 '27.041602465331277%,3.125%,32.494758909853246%\n
 '63,3,3\n
 '========================END=============================\n']

['========================RESULT=============================\n
 '/home/yangc9/my_REST_Go/REST_Go/logs/fuzzing_logs/03a7477e7746e2648900a068fce63012c81b85b5/project-tracking-system_schemathesis_7020/res.csv\n
 '19.491525423728813%,0.0%,16.771488469601678%\n
 '19.491525423728813%,0.0%,16.771488469601678%\n
 '19.491525423728813%,0.0%,16.771488469601678%\n
 '19.491525423728813%,0.0%,16.771488469601678%\n
 '19.491525423728813%,0.0%,16.771488469601678%\n
 '19.491525423728813%,0.0%,16.771488469601678%\n
 '0,0,0\n
 '========================END=============================\n']

['========================RESULT=============================\n
 '/home/yangc9/my_REST_Go/REST_Go/logs/fuzzing_logs/c193016aa37992a874dee3c11290453a567102ea/project-tracking-system_restler_7020/res.csv\n
 '30.81664098613251%,3.125%,38.57442348008386%\n
 '30.81664098613251%,3.125%,38.57442348008386%\n
 '30.81664098613251%,3.125%,38.57442348008386%\n
 '30.81664098613251%,3.125%,38.57442348008386%\n
 '30.81664098613251%,3.125%,38.57442348008386%\n
 '30.81664098613251%,3.125%,38.57442348008386%\n
 '41,7,5\n
 '========================END=============================\n']

