STARTING AT 2024-10-19 22:05:09.596019
[START] processing file: sample_208
*Running tests for: sample_208
 
Result: ['tests_pass']
tests_pass sample_208 /home/yang/Benchmark/dataset/cruxeval/code//sample_208.py
Apply all rules on a single file.
Checking transformation add_nested_for_out
*Running tests for: sample_208
 
Result: ['tests_pass']
Checking transformation add_nested_if
*Running tests for: sample_208
 
Result: ['tests_pass']
Checking transformation add_nested_list
*Running tests for: sample_208
 
Result: ['tests_pass']
Checking transformation transform_range_to_recursion
*Running tests for: sample_208
 
Result: ['tests_pass']
Checking transformation add_datetime
*Running tests for: sample_208
 
Result: ['tests_pass']
Checking transformation add_time
*Running tests for: sample_208
 
Result: ['tests_pass']
Checking transformation create_functions
*Running tests for: sample_208
 
Result: ['tests_pass']
Checking transformation add_decorator
*Running tests for: sample_208
 
Result: ['tests_pass']
Checking transformation add_http
*Running tests for: sample_208
 
Result: ['tests_pass']
Checking transformation add_scipy
*Running tests for: sample_208
 
Result: ['tests_pass']
Checking transformation add_base64
*Running tests for: sample_208
 
Result: ['tests_pass']
Checking transformation add_dateutil
*Running tests for: sample_208
 
Result: ['tests_pass']
The file 'reasoning_transformation_cruxeval/CRUXEval/e1f735e05ec0002c7d6ed7d62be776995bf4ddf4/Transformation/sample_208.py' has been formatted successfully.
Checking reasoning_transformation_cruxeval/CRUXEval/e1f735e05ec0002c7d6ed7d62be776995bf4ddf4/Transformation/sample_208.py
*Running tests for: sample_208
 
Result: ['tests_pass']
{ 'applicable_rules': [ 'change_var_names',
                        'add_nested_for_out',
                        'add_nested_if',
                        'add_try_except_inside_functions',
                        'add_else_to_for',
                        'add_nested_list',
                        'transform_range_to_recursion',
                        'add_datetime',
                        'add_time',
                        'add_crypto',
                        'add_sklearn',
                        'create_functions',
                        'add_decorator',
                        'add_http',
                        'add_scipy',
                        'add_base64',
                        'add_dateutil'],
  'diff_output': 'reasoning_transformation_cruxeval/CRUXEval/e1f735e05ec0002c7d6ed7d62be776995bf4ddf4/Transformation/sample_208.patch',
  'evaluation_tests_dir': '/home/yang/Benchmark/dataset/cruxeval/',
  'exception': None,
  'file_id': 'sample_208',
  'genetic_algorithm': None,
  'original_code': 'def f(items):\n'
                   '    result = []\n'
                   '    for item in items:\n'
                   '        for d in item:\n'
                   '            if not d.isdigit():\n'
                   '                result.append(d)\n'
                   '    return result',
  'patch_path': 'reasoning_transformation_cruxeval/CRUXEval/e1f735e05ec0002c7d6ed7d62be776995bf4ddf4/Transformation/sample_208.patch',
  'single_rule': None,
  'source_file': '/home/yang/Benchmark/dataset/cruxeval/code//sample_208.py',
  'target_file': 'reasoning_transformation_cruxeval/CRUXEval/e1f735e05ec0002c7d6ed7d62be776995bf4ddf4/Transformation/sample_208.py',
  'test_results_after': ['tests_pass'],
  'test_results_before': ['tests_pass'],
  'total_time': 5.313163,
  'transformed_code': 'from dateutil.parser import parse\n'
                      'import base64\n'
                      'from scipy.stats import ttest_ind\n'
                      'from http.client import HTTPConnection\n'
                      '\n'
                      'def my_decorator(func):\n'
                      "    parse('2024-10-19 22:05:13')\n"
                      '\n'
                      '    def dec_result(*args, **kwargs):\n'
                      '        res = func(*args, **kwargs)\n'
                      '        return res\n'
                      "    base64.b64encode(b'98891326601506334278')\n"
                      '    return dec_result\n'
                      '\n'
                      '@my_decorator\n'
                      'def newFunc_BinOp0(a, b):\n'
                      '    return a & b\n'
                      'from sklearn.utils import shuffle\n'
                      'from cryptography.fernet import Fernet\n'
                      'import time\n'
                      'import datetime\n'
                      '\n'
                      'def f(items):\n'
                      '    datetime.datetime.now()\n'
                      '    shuffle([85, 73, 48])\n'
                      '    ttest_ind([12, 85, 34], [79, 12, 18])\n'
                      '    time.sleep(0.12)\n'
                      '    Fernet.generate_key()\n'
                      "    HTTPConnection('google.com', port=80)\n"
                      '    try:\n'
                      '        result = [[]][0]\n'
                      '        LoopChecker13 = 541\n'
                      '        LoopChecker23 = 540\n'
                      '        ConditionChecker18 = 653\n'
                      '        ConditionChecker28 = 483\n'
                      '\n'
                      '        def loop_8_8(LoopIndexOut, stop, step):\n'
                      '            if step == 0 or (step > 0 and LoopIndexOut '
                      '>= stop) or (step < 0 and LoopIndexOut <= stop):\n'
                      '                return\n'
                      '            for item in items:\n'
                      '                for newd_1 in item:\n'
                      '                    if '
                      'newFunc_BinOp0(ConditionChecker18, '
                      'ConditionChecker28):\n'
                      '                        if not newd_1.isdigit():\n'
                      '                            result.append(newd_1)\n'
                      '            loop_8_8(LoopIndexOut + step, stop, step)\n'
                      '        loop_8_8(0, LoopChecker13 // LoopChecker23, 1)\n'
                      '        return result\n'
                      '    except:\n'
                      '        pass'}
[END] processing file: sample_208. Total Time: 5.313163
END AT 2024-10-19 22:05:14.911350
