STARTING AT 2024-10-19 21:58:03.177210
[START] processing file: sample_148
*Running tests for: sample_148
 
Result: ['tests_pass']
tests_pass sample_148 /home/yang/Benchmark/dataset/cruxeval/code//sample_148.py
Apply all rules on a single file.
Checking transformation add_nested_while_out
*Running tests for: sample_148
 
Result: ['tests_pass']
Checking transformation add_nested_if
*Running tests for: sample_148
 
Result: ['tests_pass']
Checking transformation add_nested_list
*Running tests for: sample_148
 
Result: ['tests_pass']
Checking transformation add_datetime
*Running tests for: sample_148
 
Result: ['tests_pass']
Checking transformation add_time
*Running tests for: sample_148
 
Result: ['tests_pass']
Checking transformation create_functions
*Running tests for: sample_148
 
Result: ['tests_pass']
Checking transformation add_decorator
*Running tests for: sample_148
 
Result: ['tests_pass']
Checking transformation add_http
*Running tests for: sample_148
 
Result: ['tests_pass']
Checking transformation add_scipy
*Running tests for: sample_148
 
Result: ['tests_pass']
Checking transformation add_base64
*Running tests for: sample_148
 
Result: ['tests_pass']
Checking transformation add_dateutil
*Running tests for: sample_148
 
Result: ['tests_pass']
The file 'reasoning_transformation_cruxeval/CRUXEval/e1f735e05ec0002c7d6ed7d62be776995bf4ddf4/Transformation/sample_148.py' has been formatted successfully.
Checking reasoning_transformation_cruxeval/CRUXEval/e1f735e05ec0002c7d6ed7d62be776995bf4ddf4/Transformation/sample_148.py
*Running tests for: sample_148
 
Result: ['tests_pass']
{ 'applicable_rules': [ 'change_var_names',
                        'add_nested_while_out',
                        'add_nested_if',
                        'add_try_except_inside_functions',
                        'add_else_to_while',
                        'add_nested_list',
                        'add_datetime',
                        'add_time',
                        'add_crypto',
                        'add_sklearn',
                        'create_functions',
                        'add_decorator',
                        'add_http',
                        'add_scipy',
                        'add_base64',
                        'add_dateutil',
                        'changing_AugAssign'],
  'diff_output': 'reasoning_transformation_cruxeval/CRUXEval/e1f735e05ec0002c7d6ed7d62be776995bf4ddf4/Transformation/sample_148.patch',
  'evaluation_tests_dir': '/home/yang/Benchmark/dataset/cruxeval/',
  'exception': None,
  'file_id': 'sample_148',
  'genetic_algorithm': None,
  'original_code': 'def f(forest, animal):\n'
                   '    index = forest.index(animal)\n'
                   '    result = list(forest)\n'
                   '    while index < len(forest) - 1:\n'
                   '        result[index] = forest[index + 1]\n'
                   '        index += 1\n'
                   '    if index == len(forest) - 1:\n'
                   "        result[index] = '-'\n"
                   "    return ''.join(result)",
  'patch_path': 'reasoning_transformation_cruxeval/CRUXEval/e1f735e05ec0002c7d6ed7d62be776995bf4ddf4/Transformation/sample_148.patch',
  'single_rule': None,
  'source_file': '/home/yang/Benchmark/dataset/cruxeval/code//sample_148.py',
  'target_file': 'reasoning_transformation_cruxeval/CRUXEval/e1f735e05ec0002c7d6ed7d62be776995bf4ddf4/Transformation/sample_148.py',
  'test_results_after': ['tests_pass'],
  'test_results_before': ['tests_pass'],
  'total_time': 6.417658,
  'transformed_code': 'from dateutil.parser import parse\n'
                      'import base64\n'
                      'from scipy.stats import ttest_ind\n'
                      'from http.client import HTTPConnection\n'
                      '\n'
                      'def my_decorator(func):\n'
                      '    ttest_ind([65, 39, 86], [69, 95, 25])\n'
                      '\n'
                      '    def dec_result(*args, **kwargs):\n'
                      '        res = func(*args, **kwargs)\n'
                      '        return res\n'
                      '    return dec_result\n'
                      '\n'
                      '@my_decorator\n'
                      'def newFunc_BinOp0(a, b):\n'
                      "    HTTPConnection('google.com', port=80)\n"
                      "    parse('2024-10-19 21:58:07')\n"
                      "    base64.b64encode(b'61477899191492295411')\n"
                      '    return a % b\n'
                      'from sklearn.utils import shuffle\n'
                      'from cryptography.fernet import Fernet\n'
                      'import time\n'
                      'import datetime\n'
                      '\n'
                      'def f(forest, animal):\n'
                      '    time.sleep(0.22)\n'
                      '    Fernet.generate_key()\n'
                      '    shuffle([75, 12, 5])\n'
                      '    datetime.datetime.now()\n'
                      '    try:\n'
                      '        ConditionChecker111 = [927][0]\n'
                      '        ConditionChecker211 = 673\n'
                      '        newindex_1 = forest.index(animal)\n'
                      '        result = list(forest)\n'
                      '        whileloopchecker14 = 424\n'
                      '        whileloopchecker24 = 423\n'
                      '        while newFunc_BinOp0(whileloopchecker14, '
                      'whileloopchecker24) == 1:\n'
                      '            whileloopchecker14 = whileloopchecker14 + '
                      '1\n'
                      '            while newindex_1 < len(forest) - 1:\n'
                      '                result[newindex_1] = forest[newindex_1 '
                      '+ 1]\n'
                      '                newindex_1 += 1\n'
                      '        else:\n'
                      '            pass\n'
                      '        if ConditionChecker111 & ConditionChecker211:\n'
                      '            if newindex_1 == len(forest) - 1:\n'
                      "                result[newindex_1] = '-'\n"
                      "        return ''.join(result)\n"
                      '    except:\n'
                      '        pass'}
[END] processing file: sample_148. Total Time: 6.417658
END AT 2024-10-19 21:58:09.597087
