STARTING AT 2024-10-19 21:57:33.341794
[START] processing file: sample_144
*Running tests for: sample_144
 
Result: ['tests_pass']
tests_pass sample_144 /home/yang/Benchmark/dataset/cruxeval/code//sample_144.py
Apply all rules on a single file.
Checking transformation add_nested_for_out
*Running tests for: sample_144
 
Result: ['tests_pass']
Checking transformation add_nested_list
*Running tests for: sample_144
 
Result: ['tests_pass']
Checking transformation transform_range_to_recursion
*Running tests for: sample_144
 
Result: ['tests_pass']
Checking transformation add_datetime
*Running tests for: sample_144
 
Result: ['tests_pass']
Checking transformation add_time
*Running tests for: sample_144
 
Result: ['tests_pass']
Checking transformation create_functions
*Running tests for: sample_144
 
Result: ['tests_pass']
Checking transformation add_decorator
*Running tests for: sample_144
 
Result: ['tests_pass']
Checking transformation add_http
*Running tests for: sample_144
 
Result: ['tests_pass']
Checking transformation add_scipy
*Running tests for: sample_144
 
Result: ['tests_pass']
Checking transformation add_base64
*Running tests for: sample_144
 
Result: ['tests_pass']
Checking transformation add_dateutil
*Running tests for: sample_144
 
Result: ['tests_pass']
The file 'reasoning_transformation_cruxeval/CRUXEval/e1f735e05ec0002c7d6ed7d62be776995bf4ddf4/Transformation/sample_144.py' has been formatted successfully.
Checking reasoning_transformation_cruxeval/CRUXEval/e1f735e05ec0002c7d6ed7d62be776995bf4ddf4/Transformation/sample_144.py
*Running tests for: sample_144
 
Result: ['tests_pass']
{ 'applicable_rules': [ 'change_var_names',
                        'add_nested_for_out',
                        'add_try_except_inside_functions',
                        'add_else_to_for',
                        'add_nested_list',
                        'transform_range_to_recursion',
                        'add_datetime',
                        'add_time',
                        'add_crypto',
                        'add_sklearn',
                        'create_functions',
                        'add_decorator',
                        'add_http',
                        'add_scipy',
                        'add_base64',
                        'add_dateutil'],
  'diff_output': 'reasoning_transformation_cruxeval/CRUXEval/e1f735e05ec0002c7d6ed7d62be776995bf4ddf4/Transformation/sample_144.patch',
  'evaluation_tests_dir': '/home/yang/Benchmark/dataset/cruxeval/',
  'exception': None,
  'file_id': 'sample_144',
  'genetic_algorithm': None,
  'original_code': 'def f(vectors):\n'
                   '    sorted_vecs = []\n'
                   '    for vec in vectors:\n'
                   '        vec.sort()\n'
                   '        sorted_vecs.append(vec)\n'
                   '    return sorted_vecs',
  'patch_path': 'reasoning_transformation_cruxeval/CRUXEval/e1f735e05ec0002c7d6ed7d62be776995bf4ddf4/Transformation/sample_144.patch',
  'single_rule': None,
  'source_file': '/home/yang/Benchmark/dataset/cruxeval/code//sample_144.py',
  'target_file': 'reasoning_transformation_cruxeval/CRUXEval/e1f735e05ec0002c7d6ed7d62be776995bf4ddf4/Transformation/sample_144.py',
  'test_results_after': ['tests_pass'],
  'test_results_before': ['tests_pass'],
  'total_time': 6.708765,
  'transformed_code': 'from dateutil.parser import parse\n'
                      'import base64\n'
                      'from scipy.stats import ttest_ind\n'
                      'from http.client import HTTPConnection\n'
                      '\n'
                      'def my_decorator(func):\n'
                      "    parse('2024-10-19 21:57:38')\n"
                      '\n'
                      '    def dec_result(*args, **kwargs):\n'
                      '        res = func(*args, **kwargs)\n'
                      '        return res\n'
                      '    ttest_ind([88, 78, 68], [74, 3, 57])\n'
                      '    return dec_result\n'
                      '\n'
                      '@my_decorator\n'
                      'def newFunc_BinOp0(a, b):\n'
                      "    base64.b64encode(b'34591596382770974341')\n"
                      '    return a + b\n'
                      'from sklearn.utils import shuffle\n'
                      'from cryptography.fernet import Fernet\n'
                      'import time\n'
                      'import datetime\n'
                      '\n'
                      'def f(vectors):\n'
                      "    HTTPConnection('google.com', port=80)\n"
                      '    Fernet.generate_key()\n'
                      '    time.sleep(0.25)\n'
                      '    shuffle([25, 15, 55])\n'
                      '    datetime.datetime.now()\n'
                      '    try:\n'
                      '        newsorted_vecs_1 = [[]][0]\n'
                      '        LoopChecker13 = 879\n'
                      '        LoopChecker23 = 878\n'
                      '\n'
                      '        def loop_6_8(LoopIndexOut, stop, step):\n'
                      '            if step == 0 or (step > 0 and LoopIndexOut '
                      '>= stop) or (step < 0 and LoopIndexOut <= stop):\n'
                      '                return\n'
                      '            for vec in vectors:\n'
                      '                vec.sort()\n'
                      '                newsorted_vecs_1.append(vec)\n'
                      '            loop_6_8(newFunc_BinOp0(LoopIndexOut, '
                      'step), stop, step)\n'
                      '        loop_6_8(0, LoopChecker13 // LoopChecker23, 1)\n'
                      '        return newsorted_vecs_1\n'
                      '    except:\n'
                      '        pass'}
[END] processing file: sample_144. Total Time: 6.708765
END AT 2024-10-19 21:57:40.052161
