STARTING AT 2024-10-19 23:37:18.111280
[START] processing file: sample_636
*Running tests for: sample_636
 
Result: ['tests_pass']
tests_pass sample_636 /home/yang/Benchmark/dataset/cruxeval/code//sample_636.py
Apply all rules on a single file.
Checking transformation add_nested_while_out
*Running tests for: sample_636
 
Result: ['tests_pass']
Checking transformation add_nested_list
*Running tests for: sample_636
 
Result: ['tests_pass']
Checking transformation replace_with_numpy
*Running tests for: sample_636
 Traceback (most recent call last):
  File "/home/yang/Benchmark/.tmp_test/tmp_test.pysample_636", line 18, in <module>
    assert f({ 3: 'A3', 1: 'A1', 2: 'A2' }) == {3: 'A3', 1: 'A1', 2: 'A2'}
AssertionError

output_actual, stderr_data: ('', b'Traceback (most recent call last):\n  File "/home/yang/Benchmark/.tmp_test/tmp_test.pysample_636", line 18, in <module>\n    assert f({ 3: \'A3\', 1: \'A1\', 2: \'A2\' }) == {3: \'A3\', 1: \'A1\', 2: \'A2\'}\nAssertionError\n')
Result: ['error_or_timeout']
Drop replace_with_numpy due to ['error_or_timeout']
Checking transformation add_datetime
*Running tests for: sample_636
 
Result: ['tests_pass']
Checking transformation add_time
*Running tests for: sample_636
 
Result: ['tests_pass']
Checking transformation create_functions
*Running tests for: sample_636
 
Result: ['tests_pass']
Checking transformation add_decorator
*Running tests for: sample_636
 
Result: ['tests_pass']
Checking transformation add_http
*Running tests for: sample_636
 
Result: ['tests_pass']
Checking transformation add_scipy
*Running tests for: sample_636
 
Result: ['tests_pass']
Checking transformation add_base64
*Running tests for: sample_636
 
Result: ['tests_pass']
Checking transformation add_dateutil
*Running tests for: sample_636
 
Result: ['tests_pass']
The file 'reasoning_transformation_cruxeval/CRUXEval/951a917df7397c9cb698ead54386db6d1db4ffb0/Transformation/sample_636.py' has been formatted successfully.
Checking reasoning_transformation_cruxeval/CRUXEval/951a917df7397c9cb698ead54386db6d1db4ffb0/Transformation/sample_636.py
*Running tests for: sample_636
 
Result: ['tests_pass']
{ 'applicable_rules': [ 'change_var_names',
                        'add_nested_while_out',
                        'add_try_except_inside_functions',
                        'add_else_to_while',
                        'add_nested_list',
                        'add_datetime',
                        'add_time',
                        'add_crypto',
                        'add_sklearn',
                        'create_functions',
                        'add_decorator',
                        'add_http',
                        'add_scipy',
                        'add_base64',
                        'add_dateutil',
                        'changing_AugAssign'],
  'diff_output': 'reasoning_transformation_cruxeval/CRUXEval/951a917df7397c9cb698ead54386db6d1db4ffb0/Transformation/sample_636.patch',
  'evaluation_tests_dir': '/home/yang/Benchmark/dataset/cruxeval/',
  'exception': None,
  'file_id': 'sample_636',
  'genetic_algorithm': None,
  'original_code': 'def f(d):\n'
                   '    r = {}\n'
                   '    while len(d) > 0:\n'
                   '        r = {**r, **d}\n'
                   '        del d[max(d.keys())]\n'
                   '    return r',
  'patch_path': 'reasoning_transformation_cruxeval/CRUXEval/951a917df7397c9cb698ead54386db6d1db4ffb0/Transformation/sample_636.patch',
  'single_rule': None,
  'source_file': '/home/yang/Benchmark/dataset/cruxeval/code//sample_636.py',
  'target_file': 'reasoning_transformation_cruxeval/CRUXEval/951a917df7397c9cb698ead54386db6d1db4ffb0/Transformation/sample_636.py',
  'test_results_after': ['tests_pass'],
  'test_results_before': ['tests_pass'],
  'total_time': 5.76584,
  'transformed_code': 'from dateutil.parser import parse\n'
                      'import base64\n'
                      'from scipy.stats import ttest_ind\n'
                      'from http.client import HTTPConnection\n'
                      '\n'
                      'def my_decorator(func):\n'
                      "    HTTPConnection('google.com', port=80)\n"
                      '    ttest_ind([3, 27, 28], [98, 39, 89])\n'
                      '\n'
                      '    def dec_result(*args, **kwargs):\n'
                      '        res = func(*args, **kwargs)\n'
                      '        return res\n'
                      '    return dec_result\n'
                      '\n'
                      '@my_decorator\n'
                      'def newFunc_BinOp0(a, b):\n'
                      "    parse('2024-10-19 23:37:22')\n"
                      '    return a % b\n'
                      'from sklearn.utils import shuffle\n'
                      'from cryptography.fernet import Fernet\n'
                      'import time\n'
                      'import datetime\n'
                      '\n'
                      'def f(d):\n'
                      '    Fernet.generate_key()\n'
                      '    shuffle([55, 10, 28])\n'
                      '    time.sleep(0.11)\n'
                      '    datetime.datetime.now()\n'
                      "    base64.b64encode(b'00655809493965144978')\n"
                      '    try:\n'
                      '        newr_1 = {}\n'
                      '        whileloopchecker13 = [573][0]\n'
                      '        whileloopchecker23 = 572\n'
                      '        while newFunc_BinOp0(whileloopchecker13, '
                      'whileloopchecker23) == 1:\n'
                      '            whileloopchecker13 = whileloopchecker13 + '
                      '1\n'
                      '            while len(d) > 0:\n'
                      '                newr_1 = {**newr_1, **d}\n'
                      '                del d[max(d.keys())]\n'
                      '        else:\n'
                      '            pass\n'
                      '        return newr_1\n'
                      '    except:\n'
                      '        pass'}
[END] processing file: sample_636. Total Time: 5.76584
END AT 2024-10-19 23:37:23.879355
