STARTING AT 2024-10-19 22:31:57.592918
[START] processing file: sample_433
*Running tests for: sample_433
 
Result: ['tests_pass']
tests_pass sample_433 /home/yang/Benchmark/dataset/cruxeval/code//sample_433.py
Apply all rules on a single file.
Checking transformation add_datetime
*Running tests for: sample_433
 
Result: ['tests_pass']
Checking transformation add_time
*Running tests for: sample_433
 
Result: ['tests_pass']
def newFunc_79028(arg0, arg1):
    return arg0 + arg1
Checking transformation create_functions
*Running tests for: sample_433
 
Result: ['tests_pass']
Checking transformation add_decorator
*Running tests for: sample_433
 
Result: ['tests_pass']
Checking transformation add_http
*Running tests for: sample_433
 
Result: ['tests_pass']
Checking transformation add_scipy
*Running tests for: sample_433
 
Result: ['tests_pass']
Checking transformation add_base64
*Running tests for: sample_433
 
Result: ['tests_pass']
Checking transformation add_dateutil
*Running tests for: sample_433
 
Result: ['tests_pass']
The file 'reasoning_transformation_cruxeval/CRUXEval/e1f735e05ec0002c7d6ed7d62be776995bf4ddf4/Transformation/sample_433.py' has been formatted successfully.
Checking reasoning_transformation_cruxeval/CRUXEval/e1f735e05ec0002c7d6ed7d62be776995bf4ddf4/Transformation/sample_433.py
*Running tests for: sample_433
 
Result: ['tests_pass']
{ 'applicable_rules': [ 'change_var_names',
                        'add_try_except_inside_functions',
                        'add_datetime',
                        'add_time',
                        'add_crypto',
                        'add_sklearn',
                        'create_functions',
                        'add_decorator',
                        'add_http',
                        'add_scipy',
                        'add_base64',
                        'add_dateutil'],
  'diff_output': 'reasoning_transformation_cruxeval/CRUXEval/e1f735e05ec0002c7d6ed7d62be776995bf4ddf4/Transformation/sample_433.patch',
  'evaluation_tests_dir': '/home/yang/Benchmark/dataset/cruxeval/',
  'exception': None,
  'file_id': 'sample_433',
  'genetic_algorithm': None,
  'original_code': 'def f(text):\n'
                   "    text = text.split(',')\n"
                   '    text.pop(0)\n'
                   "    text.insert(0, text.pop(text.index('T')))\n"
                   "    return 'T' + ',' + ','.join(text)",
  'patch_path': 'reasoning_transformation_cruxeval/CRUXEval/e1f735e05ec0002c7d6ed7d62be776995bf4ddf4/Transformation/sample_433.patch',
  'single_rule': None,
  'source_file': '/home/yang/Benchmark/dataset/cruxeval/code//sample_433.py',
  'target_file': 'reasoning_transformation_cruxeval/CRUXEval/e1f735e05ec0002c7d6ed7d62be776995bf4ddf4/Transformation/sample_433.py',
  'test_results_after': ['tests_pass'],
  'test_results_before': ['tests_pass'],
  'total_time': 6.115466,
  'transformed_code': 'from dateutil.parser import parse\n'
                      'import base64\n'
                      'from scipy.stats import ttest_ind\n'
                      'from http.client import HTTPConnection\n'
                      '\n'
                      'def my_decorator(func):\n'
                      "    parse('2024-10-19 22:32:02')\n"
                      "    base64.b64encode(b'82280559837216076388')\n"
                      '    ttest_ind([14, 32, 6], [10, 91, 32])\n'
                      '\n'
                      '    def dec_result(*args, **kwargs):\n'
                      '        res = func(*args, **kwargs)\n'
                      '        return res\n'
                      '    return dec_result\n'
                      '\n'
                      '@my_decorator\n'
                      'def newFunc_79028(arg0, arg1):\n'
                      "    HTTPConnection('google.com', port=80)\n"
                      '    return arg0 + arg1\n'
                      'from sklearn.utils import shuffle\n'
                      'from cryptography.fernet import Fernet\n'
                      'import time\n'
                      'import datetime\n'
                      '\n'
                      'def f(newtext_1):\n'
                      '    shuffle([85, 67, 13])\n'
                      '    time.sleep(0.21)\n'
                      '    datetime.datetime.now()\n'
                      '    Fernet.generate_key()\n'
                      '    try:\n'
                      "        newtext_1 = newtext_1.split(',')\n"
                      '        newtext_1.pop(0)\n'
                      '        newtext_1.insert(0, '
                      "newtext_1.pop(newtext_1.index('T')))\n"
                      "        return newFunc_79028('T' + ',', "
                      "','.join(newtext_1))\n"
                      '    except:\n'
                      '        pass'}
[END] processing file: sample_433. Total Time: 6.115466
END AT 2024-10-19 22:32:03.709522
