STARTING AT 2024-10-19 22:33:33.658123
[START] processing file: sample_447
*Running tests for: sample_447
 
Result: ['tests_pass']
tests_pass sample_447 /home/yang/Benchmark/dataset/cruxeval/code//sample_447.py
Apply all rules on a single file.
Checking transformation add_nested_for_out
*Running tests for: sample_447
 
Result: ['tests_pass']
Checking transformation add_nested_if
*Running tests for: sample_447
 
Result: ['tests_pass']
Checking transformation add_nested_list
*Running tests for: sample_447
 
Result: ['tests_pass']
Checking transformation transform_range_to_recursion
*Running tests for: sample_447
 
Result: ['tests_pass']
Checking transformation add_datetime
*Running tests for: sample_447
 
Result: ['tests_pass']
Checking transformation add_time
*Running tests for: sample_447
 
Result: ['tests_pass']
Checking transformation create_functions
*Running tests for: sample_447
 
Result: ['tests_pass']
Checking transformation add_decorator
*Running tests for: sample_447
 
Result: ['tests_pass']
Checking transformation add_http
*Running tests for: sample_447
 
Result: ['tests_pass']
Checking transformation add_scipy
*Running tests for: sample_447
 
Result: ['tests_pass']
Checking transformation add_base64
*Running tests for: sample_447
 
Result: ['tests_pass']
Checking transformation add_dateutil
*Running tests for: sample_447
 
Result: ['tests_pass']
The file 'reasoning_transformation_cruxeval/CRUXEval/e1f735e05ec0002c7d6ed7d62be776995bf4ddf4/Transformation/sample_447.py' has been formatted successfully.
Checking reasoning_transformation_cruxeval/CRUXEval/e1f735e05ec0002c7d6ed7d62be776995bf4ddf4/Transformation/sample_447.py
*Running tests for: sample_447
 
Result: ['tests_pass']
{ 'applicable_rules': [ 'change_var_names',
                        'add_nested_for_out',
                        'add_nested_if',
                        'add_try_except_inside_functions',
                        'add_else_to_for',
                        'add_nested_list',
                        'transform_range_to_recursion',
                        'add_datetime',
                        'add_time',
                        'add_crypto',
                        'add_sklearn',
                        'create_functions',
                        'add_decorator',
                        'add_http',
                        'add_scipy',
                        'add_base64',
                        'add_dateutil',
                        'changing_AugAssign'],
  'diff_output': 'reasoning_transformation_cruxeval/CRUXEval/e1f735e05ec0002c7d6ed7d62be776995bf4ddf4/Transformation/sample_447.patch',
  'evaluation_tests_dir': '/home/yang/Benchmark/dataset/cruxeval/',
  'exception': None,
  'file_id': 'sample_447',
  'genetic_algorithm': None,
  'original_code': 'def f(text, tab_size):\n'
                   "    res = ''\n"
                   "    text = text.replace('\\t', ' ' * (tab_size - 1))\n"
                   '    for i in range(len(text)):\n'
                   "        if text[i] == ' ':\n"
                   "            res += '|'\n"
                   '        else:\n'
                   '            res += text[i]\n'
                   '    return res',
  'patch_path': 'reasoning_transformation_cruxeval/CRUXEval/e1f735e05ec0002c7d6ed7d62be776995bf4ddf4/Transformation/sample_447.patch',
  'single_rule': None,
  'source_file': '/home/yang/Benchmark/dataset/cruxeval/code//sample_447.py',
  'target_file': 'reasoning_transformation_cruxeval/CRUXEval/e1f735e05ec0002c7d6ed7d62be776995bf4ddf4/Transformation/sample_447.py',
  'test_results_after': ['tests_pass'],
  'test_results_before': ['tests_pass'],
  'total_time': 5.096962,
  'transformed_code': 'from dateutil.parser import parse\n'
                      'import base64\n'
                      'from scipy.stats import ttest_ind\n'
                      'from http.client import HTTPConnection\n'
                      '\n'
                      'def my_decorator(func):\n'
                      '\n'
                      '    def dec_result(*args, **kwargs):\n'
                      '        res = func(*args, **kwargs)\n'
                      '        return res\n'
                      '    return dec_result\n'
                      '\n'
                      '@my_decorator\n'
                      'def newFunc_BinOp0(a, b):\n'
                      "    parse('2024-10-19 22:33:37')\n"
                      '    return a - b\n'
                      'from sklearn.utils import shuffle\n'
                      'from cryptography.fernet import Fernet\n'
                      'import time\n'
                      'import datetime\n'
                      '\n'
                      'def f(text, tab_size):\n'
                      '    shuffle([82, 23, 22])\n'
                      "    HTTPConnection('google.com', port=80)\n"
                      '    time.sleep(0.08)\n'
                      "    base64.b64encode(b'87284645846955727834')\n"
                      '    ttest_ind([2, 80, 68], [27, 1, 66])\n'
                      '    datetime.datetime.now()\n'
                      '    Fernet.generate_key()\n'
                      '    try:\n'
                      "        res = [''][0]\n"
                      "        text = text.replace('\\t', ' ' * "
                      'newFunc_BinOp0(tab_size, 1))\n'
                      '        LoopChecker14 = 563\n'
                      '        LoopChecker24 = 562\n'
                      '        ConditionChecker18 = 312\n'
                      '        ConditionChecker28 = 357\n'
                      '        for LoopIndexOut in range(LoopChecker14 // '
                      'LoopChecker24):\n'
                      '\n'
                      '            def loop_10_12(newi_1, stop, step):\n'
                      '                nonlocal res\n'
                      '                if step == 0 or (step > 0 and newi_1 >= '
                      'stop) or (step < 0 and newi_1 <= stop):\n'
                      '                    return\n'
                      '                if ConditionChecker18 & '
                      'ConditionChecker28:\n'
                      "                    if text[newi_1] == ' ':\n"
                      "                        res = res + '|'\n"
                      '                    else:\n'
                      '                        res += text[newi_1]\n'
                      '                loop_10_12(newi_1 + step, stop, step)\n'
                      '            loop_10_12(0, len(text), 1)\n'
                      '        else:\n'
                      '            pass\n'
                      '        return res\n'
                      '    except:\n'
                      '        pass'}
[END] processing file: sample_447. Total Time: 5.096962
END AT 2024-10-19 22:33:38.756349
