STARTING AT 2024-10-19 23:01:00.804581
[START] processing file: sample_70
*Running tests for: sample_70
 
Result: ['tests_pass']
tests_pass sample_70 /home/yang/Benchmark/dataset/cruxeval/code//sample_70.py
Apply all rules on a single file.
Checking transformation add_nested_for_out
*Running tests for: sample_70
 
Result: ['tests_pass']
Checking transformation add_nested_list
*Running tests for: sample_70
 
Result: ['tests_pass']
Checking transformation transform_range_to_recursion
*Running tests for: sample_70
 
Result: ['tests_pass']
Checking transformation add_datetime
*Running tests for: sample_70
 
Result: ['tests_pass']
Checking transformation add_time
*Running tests for: sample_70
 
Result: ['tests_pass']
Checking transformation create_functions
*Running tests for: sample_70
 
Result: ['tests_pass']
Checking transformation add_decorator
*Running tests for: sample_70
 
Result: ['tests_pass']
Checking transformation add_http
*Running tests for: sample_70
 
Result: ['tests_pass']
Checking transformation add_scipy
*Running tests for: sample_70
 
Result: ['tests_pass']
Checking transformation add_base64
*Running tests for: sample_70
 
Result: ['tests_pass']
Checking transformation add_dateutil
*Running tests for: sample_70
 
Result: ['tests_pass']
The file 'reasoning_transformation_cruxeval/CRUXEval/e1f735e05ec0002c7d6ed7d62be776995bf4ddf4/Transformation/sample_70.py' has been formatted successfully.
Checking reasoning_transformation_cruxeval/CRUXEval/e1f735e05ec0002c7d6ed7d62be776995bf4ddf4/Transformation/sample_70.py
*Running tests for: sample_70
 
Result: ['tests_pass']
{ 'applicable_rules': [ 'change_var_names',
                        'add_nested_for_out',
                        'add_try_except_inside_functions',
                        'add_else_to_for',
                        'add_nested_list',
                        'transform_range_to_recursion',
                        'add_datetime',
                        'add_time',
                        'add_crypto',
                        'add_sklearn',
                        'create_functions',
                        'add_decorator',
                        'add_http',
                        'add_scipy',
                        'add_base64',
                        'add_dateutil'],
  'diff_output': 'reasoning_transformation_cruxeval/CRUXEval/e1f735e05ec0002c7d6ed7d62be776995bf4ddf4/Transformation/sample_70.patch',
  'evaluation_tests_dir': '/home/yang/Benchmark/dataset/cruxeval/',
  'exception': None,
  'file_id': 'sample_70',
  'genetic_algorithm': None,
  'original_code': 'def f(x):\n'
                   '    a = 0\n'
                   "    for i in x.split(' '):\n"
                   '        a += len(i.zfill(len(i) * 2))\n'
                   '    return a',
  'patch_path': 'reasoning_transformation_cruxeval/CRUXEval/e1f735e05ec0002c7d6ed7d62be776995bf4ddf4/Transformation/sample_70.patch',
  'single_rule': None,
  'source_file': '/home/yang/Benchmark/dataset/cruxeval/code//sample_70.py',
  'target_file': 'reasoning_transformation_cruxeval/CRUXEval/e1f735e05ec0002c7d6ed7d62be776995bf4ddf4/Transformation/sample_70.py',
  'test_results_after': ['tests_pass'],
  'test_results_before': ['tests_pass'],
  'total_time': 6.841279,
  'transformed_code': 'from dateutil.parser import parse\n'
                      'import base64\n'
                      'from scipy.stats import ttest_ind\n'
                      'from http.client import HTTPConnection\n'
                      '\n'
                      'def my_decorator(func):\n'
                      '\n'
                      '    def dec_result(*args, **kwargs):\n'
                      '        res = func(*args, **kwargs)\n'
                      '        return res\n'
                      '    ttest_ind([51, 96, 34], [65, 68, 15])\n'
                      '    return dec_result\n'
                      '\n'
                      '@my_decorator\n'
                      'def newFunc_BinOp0(a, b):\n'
                      "    HTTPConnection('google.com', port=80)\n"
                      '    return a * b\n'
                      'from sklearn.utils import shuffle\n'
                      'from cryptography.fernet import Fernet\n'
                      'import time\n'
                      'import datetime\n'
                      '\n'
                      'def f(x):\n'
                      '    shuffle([90, 43, 60])\n'
                      '    Fernet.generate_key()\n'
                      "    base64.b64encode(b'46589671688591197328')\n"
                      '    datetime.datetime.now()\n'
                      '    time.sleep(0.27)\n'
                      "    parse('2024-10-19 23:01:05')\n"
                      '    try:\n'
                      '        newa_1 = [0][0]\n'
                      '        LoopChecker13 = 573\n'
                      '        LoopChecker23 = 572\n'
                      '\n'
                      '        def loop_6_8(LoopIndexOut, stop, step):\n'
                      '            nonlocal newa_1\n'
                      '            if step == 0 or (step > 0 and LoopIndexOut '
                      '>= stop) or (step < 0 and LoopIndexOut <= stop):\n'
                      '                return\n'
                      "            for i in x.split(' '):\n"
                      '                newa_1 += '
                      'len(i.zfill(newFunc_BinOp0(len(i), 2)))\n'
                      '            loop_6_8(LoopIndexOut + step, stop, step)\n'
                      '        loop_6_8(0, LoopChecker13 // LoopChecker23, 1)\n'
                      '        return newa_1\n'
                      '    except:\n'
                      '        pass'}
[END] processing file: sample_70. Total Time: 6.841279
END AT 2024-10-19 23:01:07.647561
