STARTING AT 2024-10-19 22:36:49.522427
[START] processing file: sample_474
*Running tests for: sample_474
 
Result: ['tests_pass']
tests_pass sample_474 /home/yang/Benchmark/dataset/cruxeval/code//sample_474.py
Apply all rules on a single file.
Checking transformation add_nested_for_out
*Running tests for: sample_474
 
Result: ['tests_pass']
Checking transformation add_nested_list
*Running tests for: sample_474
 
Result: ['tests_pass']
Checking transformation transform_range_to_recursion
*Running tests for: sample_474
 
Result: ['tests_pass']
Checking transformation add_datetime
*Running tests for: sample_474
 
Result: ['tests_pass']
Checking transformation add_time
*Running tests for: sample_474
 
Result: ['tests_pass']
Checking transformation create_functions
*Running tests for: sample_474
 
Result: ['tests_pass']
Checking transformation add_decorator
*Running tests for: sample_474
 
Result: ['tests_pass']
Checking transformation add_http
*Running tests for: sample_474
 
Result: ['tests_pass']
Checking transformation add_scipy
*Running tests for: sample_474
 
Result: ['tests_pass']
Checking transformation add_base64
*Running tests for: sample_474
 
Result: ['tests_pass']
Checking transformation add_dateutil
*Running tests for: sample_474
 
Result: ['tests_pass']
The file 'reasoning_transformation_cruxeval/CRUXEval/e1f735e05ec0002c7d6ed7d62be776995bf4ddf4/Transformation/sample_474.py' has been formatted successfully.
Checking reasoning_transformation_cruxeval/CRUXEval/e1f735e05ec0002c7d6ed7d62be776995bf4ddf4/Transformation/sample_474.py
*Running tests for: sample_474
 
Result: ['tests_pass']
{ 'applicable_rules': [ 'change_var_names',
                        'add_nested_for_out',
                        'add_try_except_inside_functions',
                        'add_else_to_for',
                        'add_nested_list',
                        'transform_range_to_recursion',
                        'add_datetime',
                        'add_time',
                        'add_crypto',
                        'add_sklearn',
                        'create_functions',
                        'add_decorator',
                        'add_http',
                        'add_scipy',
                        'add_base64',
                        'add_dateutil'],
  'diff_output': 'reasoning_transformation_cruxeval/CRUXEval/e1f735e05ec0002c7d6ed7d62be776995bf4ddf4/Transformation/sample_474.patch',
  'evaluation_tests_dir': '/home/yang/Benchmark/dataset/cruxeval/',
  'exception': None,
  'file_id': 'sample_474',
  'genetic_algorithm': None,
  'original_code': 'def f(txt, marker):\n'
                   '    a = []\n'
                   "    lines = txt.split('\\n')\n"
                   '    for line in lines:\n'
                   '        a.append(line.center(marker))\n'
                   "    return '\\n'.join(a)",
  'patch_path': 'reasoning_transformation_cruxeval/CRUXEval/e1f735e05ec0002c7d6ed7d62be776995bf4ddf4/Transformation/sample_474.patch',
  'single_rule': None,
  'source_file': '/home/yang/Benchmark/dataset/cruxeval/code//sample_474.py',
  'target_file': 'reasoning_transformation_cruxeval/CRUXEval/e1f735e05ec0002c7d6ed7d62be776995bf4ddf4/Transformation/sample_474.py',
  'test_results_after': ['tests_pass'],
  'test_results_before': ['tests_pass'],
  'total_time': 6.619923,
  'transformed_code': 'from dateutil.parser import parse\n'
                      'import base64\n'
                      'from scipy.stats import ttest_ind\n'
                      'from http.client import HTTPConnection\n'
                      '\n'
                      'def my_decorator(func):\n'
                      "    parse('2024-10-19 22:36:54')\n"
                      '\n'
                      '    def dec_result(*args, **kwargs):\n'
                      '        res = func(*args, **kwargs)\n'
                      '        return res\n'
                      '    return dec_result\n'
                      '\n'
                      '@my_decorator\n'
                      'def newFunc_BinOp0(a, b):\n'
                      "    base64.b64encode(b'97899346754284837406')\n"
                      '    return a + b\n'
                      'from sklearn.utils import shuffle\n'
                      'from cryptography.fernet import Fernet\n'
                      'import time\n'
                      'import datetime\n'
                      '\n'
                      'def f(txt, marker):\n'
                      '    Fernet.generate_key()\n'
                      '    shuffle([51, 8, 7])\n'
                      '    ttest_ind([39, 59, 27], [18, 77, 54])\n'
                      '    datetime.datetime.now()\n'
                      '    time.sleep(0.27)\n'
                      "    HTTPConnection('google.com', port=80)\n"
                      '    try:\n'
                      '        a = [[]][0]\n'
                      "        newlines_1 = txt.split('\\n')\n"
                      '        LoopChecker14 = 864\n'
                      '        LoopChecker24 = 863\n'
                      '\n'
                      '        def loop_7_8(LoopIndexOut, stop, step):\n'
                      '            if step == 0 or (step > 0 and LoopIndexOut '
                      '>= stop) or (step < 0 and LoopIndexOut <= stop):\n'
                      '                return\n'
                      '            for line in newlines_1:\n'
                      '                a.append(line.center(marker))\n'
                      '            loop_7_8(newFunc_BinOp0(LoopIndexOut, '
                      'step), stop, step)\n'
                      '        loop_7_8(0, LoopChecker14 // LoopChecker24, 1)\n'
                      "        return '\\n'.join(a)\n"
                      '    except:\n'
                      '        pass'}
[END] processing file: sample_474. Total Time: 6.619923
END AT 2024-10-19 22:36:56.143464
