STARTING AT 2024-10-19 23:42:57.510264
[START] processing file: sample_95
*Running tests for: sample_95
 
Result: ['tests_pass']
tests_pass sample_95 /home/yang/Benchmark/dataset/cruxeval/code//sample_95.py
Apply all rules on a single file.
Checking transformation add_datetime
*Running tests for: sample_95
 
Result: ['tests_pass']
Checking transformation add_time
*Running tests for: sample_95
 
Result: ['tests_pass']
Checking transformation add_decorator
*Running tests for: sample_95
 
Result: ['tests_pass']
Checking transformation add_http
*Running tests for: sample_95
 
Result: ['tests_pass']
Checking transformation add_scipy
*Running tests for: sample_95
 
Result: ['tests_pass']
Checking transformation add_base64
*Running tests for: sample_95
 
Result: ['tests_pass']
Checking transformation add_dateutil
*Running tests for: sample_95
 
Result: ['tests_pass']
The file 'reasoning_transformation_cruxeval/CRUXEval/951a917df7397c9cb698ead54386db6d1db4ffb0/Transformation/sample_95.py' has been formatted successfully.
Checking reasoning_transformation_cruxeval/CRUXEval/951a917df7397c9cb698ead54386db6d1db4ffb0/Transformation/sample_95.py
*Running tests for: sample_95
 
Result: ['tests_pass']
{ 'applicable_rules': [ 'change_var_names',
                        'add_try_except_inside_functions',
                        'add_datetime',
                        'add_time',
                        'add_crypto',
                        'add_sklearn',
                        'add_decorator',
                        'add_http',
                        'add_scipy',
                        'add_base64',
                        'add_dateutil'],
  'diff_output': 'reasoning_transformation_cruxeval/CRUXEval/951a917df7397c9cb698ead54386db6d1db4ffb0/Transformation/sample_95.patch',
  'evaluation_tests_dir': '/home/yang/Benchmark/dataset/cruxeval/',
  'exception': None,
  'file_id': 'sample_95',
  'genetic_algorithm': None,
  'original_code': 'def f(zoo):\n'
                   '    return dict(((v, k) for (k, v) in zoo.items()))',
  'patch_path': 'reasoning_transformation_cruxeval/CRUXEval/951a917df7397c9cb698ead54386db6d1db4ffb0/Transformation/sample_95.patch',
  'single_rule': None,
  'source_file': '/home/yang/Benchmark/dataset/cruxeval/code//sample_95.py',
  'target_file': 'reasoning_transformation_cruxeval/CRUXEval/951a917df7397c9cb698ead54386db6d1db4ffb0/Transformation/sample_95.py',
  'test_results_after': ['tests_pass'],
  'test_results_before': ['tests_pass'],
  'total_time': 3.968592,
  'transformed_code': 'from dateutil.parser import parse\n'
                      'import base64\n'
                      'from scipy.stats import ttest_ind\n'
                      'from http.client import HTTPConnection\n'
                      '\n'
                      'def my_decorator(func):\n'
                      "    parse('2024-10-19 23:43:00')\n"
                      "    HTTPConnection('google.com', port=80)\n"
                      "    base64.b64encode(b'66667815951448557745')\n"
                      '\n'
                      '    def dec_result(*args, **kwargs):\n'
                      '        res = func(*args, **kwargs)\n'
                      '        return res\n'
                      '    return dec_result\n'
                      'from sklearn.utils import shuffle\n'
                      'from cryptography.fernet import Fernet\n'
                      'import time\n'
                      'import datetime\n'
                      '\n'
                      '@my_decorator\n'
                      'def f(zoo):\n'
                      '    ttest_ind([39, 46, 64], [26, 49, 13])\n'
                      '    Fernet.generate_key()\n'
                      '    time.sleep(0.01)\n'
                      '    datetime.datetime.now()\n'
                      '    shuffle([88, 39, 18])\n'
                      '    try:\n'
                      '        return dict(((newv_1, k) for (k, newv_1) in '
                      'zoo.items()))\n'
                      '    except:\n'
                      '        pass'}
[END] processing file: sample_95. Total Time: 3.968592
END AT 2024-10-19 23:43:01.480824
