STARTING AT 2024-10-19 22:50:40.320811
[START] processing file: sample_610
*Running tests for: sample_610
 
Result: ['tests_pass']
tests_pass sample_610 /home/yang/Benchmark/dataset/cruxeval/code//sample_610.py
Apply all rules on a single file.
Checking transformation add_nested_for_out
*Running tests for: sample_610
 
Result: ['tests_pass']
Checking transformation add_nested_if
*Running tests for: sample_610
 
Result: ['tests_pass']
Checking transformation add_nested_list
*Running tests for: sample_610
 
Result: ['tests_pass']
Checking transformation transform_range_to_recursion
*Running tests for: sample_610
 
Result: ['tests_pass']
Checking transformation add_datetime
*Running tests for: sample_610
 
Result: ['tests_pass']
Checking transformation add_time
*Running tests for: sample_610
 
Result: ['tests_pass']
Checking transformation create_functions
*Running tests for: sample_610
 
Result: ['tests_pass']
Checking transformation add_decorator
*Running tests for: sample_610
 
Result: ['tests_pass']
Checking transformation add_http
*Running tests for: sample_610
 
Result: ['tests_pass']
Checking transformation add_scipy
*Running tests for: sample_610
 
Result: ['tests_pass']
Checking transformation add_base64
*Running tests for: sample_610
 
Result: ['tests_pass']
Checking transformation add_dateutil
*Running tests for: sample_610
 
Result: ['tests_pass']
The file 'reasoning_transformation_cruxeval/CRUXEval/e1f735e05ec0002c7d6ed7d62be776995bf4ddf4/Transformation/sample_610.py' has been formatted successfully.
Checking reasoning_transformation_cruxeval/CRUXEval/e1f735e05ec0002c7d6ed7d62be776995bf4ddf4/Transformation/sample_610.py
*Running tests for: sample_610
 
Result: ['tests_pass']
{ 'applicable_rules': [ 'change_var_names',
                        'add_nested_for_out',
                        'add_nested_if',
                        'add_try_except_inside_functions',
                        'add_else_to_for',
                        'add_nested_list',
                        'transform_range_to_recursion',
                        'add_datetime',
                        'add_time',
                        'add_crypto',
                        'add_sklearn',
                        'create_functions',
                        'add_decorator',
                        'add_http',
                        'add_scipy',
                        'add_base64',
                        'add_dateutil'],
  'diff_output': 'reasoning_transformation_cruxeval/CRUXEval/e1f735e05ec0002c7d6ed7d62be776995bf4ddf4/Transformation/sample_610.patch',
  'evaluation_tests_dir': '/home/yang/Benchmark/dataset/cruxeval/',
  'exception': None,
  'file_id': 'sample_610',
  'genetic_algorithm': None,
  'original_code': 'def f(keys, value):\n'
                   '    d = dict.fromkeys(keys, value)\n'
                   '    for (i, k) in enumerate(d.copy(), 1):\n'
                   '        if d[k] == d[i]:\n'
                   '            del d[i]\n'
                   '    return d',
  'patch_path': 'reasoning_transformation_cruxeval/CRUXEval/e1f735e05ec0002c7d6ed7d62be776995bf4ddf4/Transformation/sample_610.patch',
  'single_rule': None,
  'source_file': '/home/yang/Benchmark/dataset/cruxeval/code//sample_610.py',
  'target_file': 'reasoning_transformation_cruxeval/CRUXEval/e1f735e05ec0002c7d6ed7d62be776995bf4ddf4/Transformation/sample_610.py',
  'test_results_after': ['tests_pass'],
  'test_results_before': ['tests_pass'],
  'total_time': 4.951135,
  'transformed_code': 'from dateutil.parser import parse\n'
                      'import base64\n'
                      'from scipy.stats import ttest_ind\n'
                      'from http.client import HTTPConnection\n'
                      '\n'
                      'def my_decorator(func):\n'
                      '\n'
                      '    def dec_result(*args, **kwargs):\n'
                      '        res = func(*args, **kwargs)\n'
                      '        return res\n'
                      '    return dec_result\n'
                      '\n'
                      '@my_decorator\n'
                      'def newFunc_BinOp0(a, b):\n'
                      "    HTTPConnection('google.com', port=80)\n"
                      '    return a & b\n'
                      'from sklearn.utils import shuffle\n'
                      'from cryptography.fernet import Fernet\n'
                      'import time\n'
                      'import datetime\n'
                      '\n'
                      'def f(keys, value):\n'
                      '    Fernet.generate_key()\n'
                      '    time.sleep(0.05)\n'
                      '    ttest_ind([3, 77, 25], [57, 58, 36])\n'
                      "    base64.b64encode(b'28811892023064037654')\n"
                      '    datetime.datetime.now()\n'
                      '    shuffle([37, 86, 47])\n'
                      "    parse('2024-10-19 22:50:43')\n"
                      '    try:\n'
                      '        d = dict.fromkeys(keys, value)\n'
                      '        LoopChecker13 = [272][0]\n'
                      '        LoopChecker23 = 271\n'
                      '        ConditionChecker17 = 606\n'
                      '        ConditionChecker27 = 888\n'
                      '\n'
                      '        def loop_8_8(LoopIndexOut, stop, step):\n'
                      '            if step == 0 or (step > 0 and LoopIndexOut '
                      '>= stop) or (step < 0 and LoopIndexOut <= stop):\n'
                      '                return\n'
                      '            for (i, newk_1) in enumerate(d.copy(), 1):\n'
                      '                if newFunc_BinOp0(ConditionChecker17, '
                      'ConditionChecker27):\n'
                      '                    if d[newk_1] == d[i]:\n'
                      '                        del d[i]\n'
                      '            loop_8_8(LoopIndexOut + step, stop, step)\n'
                      '        loop_8_8(0, LoopChecker13 // LoopChecker23, 1)\n'
                      '        return d\n'
                      '    except:\n'
                      '        pass'}
[END] processing file: sample_610. Total Time: 4.951135
END AT 2024-10-19 22:50:45.273611
