STARTING AT 2024-10-19 21:55:08.978265
[START] processing file: sample_123
*Running tests for: sample_123
 
Result: ['tests_pass']
tests_pass sample_123 /home/yang/Benchmark/dataset/cruxeval/code//sample_123.py
Apply all rules on a single file.
Checking transformation add_nested_for_out
*Running tests for: sample_123
 
Result: ['tests_pass']
Checking transformation add_nested_if
*Running tests for: sample_123
 
Result: ['tests_pass']
Checking transformation add_nested_list
*Running tests for: sample_123
 
Result: ['tests_pass']
Checking transformation transform_range_to_recursion
*Running tests for: sample_123
 
Result: ['tests_pass']
Checking transformation add_datetime
*Running tests for: sample_123
 
Result: ['tests_pass']
Checking transformation add_time
*Running tests for: sample_123
 
Result: ['tests_pass']
Checking transformation create_functions
*Running tests for: sample_123
 
Result: ['tests_pass']
Checking transformation add_decorator
*Running tests for: sample_123
 
Result: ['tests_pass']
Checking transformation add_http
*Running tests for: sample_123
 
Result: ['tests_pass']
Checking transformation add_scipy
*Running tests for: sample_123
 
Result: ['tests_pass']
Checking transformation add_base64
*Running tests for: sample_123
 
Result: ['tests_pass']
Checking transformation add_dateutil
*Running tests for: sample_123
 
Result: ['tests_pass']
The file 'reasoning_transformation_cruxeval/CRUXEval/e1f735e05ec0002c7d6ed7d62be776995bf4ddf4/Transformation/sample_123.py' has been formatted successfully.
Checking reasoning_transformation_cruxeval/CRUXEval/e1f735e05ec0002c7d6ed7d62be776995bf4ddf4/Transformation/sample_123.py
*Running tests for: sample_123
 
Result: ['tests_pass']
{ 'applicable_rules': [ 'change_var_names',
                        'add_nested_for_out',
                        'add_nested_if',
                        'add_try_except_inside_functions',
                        'add_else_to_for',
                        'add_nested_list',
                        'transform_range_to_recursion',
                        'add_datetime',
                        'add_time',
                        'add_crypto',
                        'add_sklearn',
                        'create_functions',
                        'add_decorator',
                        'add_http',
                        'add_scipy',
                        'add_base64',
                        'add_dateutil'],
  'diff_output': 'reasoning_transformation_cruxeval/CRUXEval/e1f735e05ec0002c7d6ed7d62be776995bf4ddf4/Transformation/sample_123.patch',
  'evaluation_tests_dir': '/home/yang/Benchmark/dataset/cruxeval/',
  'exception': None,
  'file_id': 'sample_123',
  'genetic_algorithm': None,
  'original_code': 'def f(array, elem):\n'
                   '    for (idx, e) in enumerate(array):\n'
                   '        if e > elem and array[idx - 1] < elem:\n'
                   '            array.insert(idx, elem)\n'
                   '    return array',
  'patch_path': 'reasoning_transformation_cruxeval/CRUXEval/e1f735e05ec0002c7d6ed7d62be776995bf4ddf4/Transformation/sample_123.patch',
  'single_rule': None,
  'source_file': '/home/yang/Benchmark/dataset/cruxeval/code//sample_123.py',
  'target_file': 'reasoning_transformation_cruxeval/CRUXEval/e1f735e05ec0002c7d6ed7d62be776995bf4ddf4/Transformation/sample_123.py',
  'test_results_after': ['tests_pass'],
  'test_results_before': ['tests_pass'],
  'total_time': 6.100818,
  'transformed_code': 'from dateutil.parser import parse\n'
                      'import base64\n'
                      'from scipy.stats import ttest_ind\n'
                      'from http.client import HTTPConnection\n'
                      '\n'
                      'def my_decorator(func):\n'
                      '\n'
                      '    def dec_result(*args, **kwargs):\n'
                      '        res = func(*args, **kwargs)\n'
                      '        return res\n'
                      '    return dec_result\n'
                      '\n'
                      '@my_decorator\n'
                      'def newFunc_BinOp0(a, b):\n'
                      '    ttest_ind([19, 61, 38], [41, 93, 9])\n'
                      '    return a & b\n'
                      'from sklearn.utils import shuffle\n'
                      'from cryptography.fernet import Fernet\n'
                      'import time\n'
                      'import datetime\n'
                      '\n'
                      'def f(array, elem):\n'
                      '    Fernet.generate_key()\n'
                      "    parse('2024-10-19 21:55:13')\n"
                      '    shuffle([22, 80, 50])\n'
                      "    base64.b64encode(b'71792018580772567223')\n"
                      "    HTTPConnection('google.com', port=80)\n"
                      '    time.sleep(0.16)\n'
                      '    datetime.datetime.now()\n'
                      '    try:\n'
                      '        LoopChecker12 = [814][0]\n'
                      '        LoopChecker22 = 813\n'
                      '        ConditionChecker16 = 270\n'
                      '        ConditionChecker26 = 930\n'
                      '\n'
                      '        def loop_7_8(LoopIndexOut, stop, step):\n'
                      '            if step == 0 or (step > 0 and LoopIndexOut '
                      '>= stop) or (step < 0 and LoopIndexOut <= stop):\n'
                      '                return\n'
                      '            for (idx, newe_1) in enumerate(array):\n'
                      '                if newFunc_BinOp0(ConditionChecker16, '
                      'ConditionChecker26):\n'
                      '                    if newe_1 > elem and array[idx - 1] '
                      '< elem:\n'
                      '                        array.insert(idx, elem)\n'
                      '            loop_7_8(LoopIndexOut + step, stop, step)\n'
                      '        loop_7_8(0, LoopChecker12 // LoopChecker22, 1)\n'
                      '        return array\n'
                      '    except:\n'
                      '        pass'}
[END] processing file: sample_123. Total Time: 6.100818
END AT 2024-10-19 21:55:15.080322
