STARTING AT 2024-10-19 22:51:30.379771
[START] processing file: sample_618
*Running tests for: sample_618
 
Result: ['tests_pass']
tests_pass sample_618 /home/yang/Benchmark/dataset/cruxeval/code//sample_618.py
Apply all rules on a single file.
Checking transformation add_datetime
*Running tests for: sample_618
 
Result: ['tests_pass']
Checking transformation add_time
*Running tests for: sample_618
 
Result: ['tests_pass']
def newFunc_52604(arg0, arg1):
    return arg0 + arg1
Checking transformation create_functions
*Running tests for: sample_618
 
Result: ['tests_pass']
Checking transformation add_decorator
*Running tests for: sample_618
 
Result: ['tests_pass']
Checking transformation add_http
*Running tests for: sample_618
 
Result: ['tests_pass']
Checking transformation add_scipy
*Running tests for: sample_618
 
Result: ['tests_pass']
Checking transformation add_base64
*Running tests for: sample_618
 
Result: ['tests_pass']
Checking transformation add_dateutil
*Running tests for: sample_618
 
Result: ['tests_pass']
The file 'reasoning_transformation_cruxeval/CRUXEval/e1f735e05ec0002c7d6ed7d62be776995bf4ddf4/Transformation/sample_618.py' has been formatted successfully.
Checking reasoning_transformation_cruxeval/CRUXEval/e1f735e05ec0002c7d6ed7d62be776995bf4ddf4/Transformation/sample_618.py
*Running tests for: sample_618
 
Result: ['tests_pass']
{ 'applicable_rules': [ 'add_try_except_inside_functions',
                        'add_datetime',
                        'add_time',
                        'add_crypto',
                        'add_sklearn',
                        'create_functions',
                        'add_decorator',
                        'add_http',
                        'add_scipy',
                        'add_base64',
                        'add_dateutil'],
  'diff_output': 'reasoning_transformation_cruxeval/CRUXEval/e1f735e05ec0002c7d6ed7d62be776995bf4ddf4/Transformation/sample_618.patch',
  'evaluation_tests_dir': '/home/yang/Benchmark/dataset/cruxeval/',
  'exception': None,
  'file_id': 'sample_618',
  'genetic_algorithm': None,
  'original_code': 'def f(match, fill, n):\n    return fill[:n] + match',
  'patch_path': 'reasoning_transformation_cruxeval/CRUXEval/e1f735e05ec0002c7d6ed7d62be776995bf4ddf4/Transformation/sample_618.patch',
  'single_rule': None,
  'source_file': '/home/yang/Benchmark/dataset/cruxeval/code//sample_618.py',
  'target_file': 'reasoning_transformation_cruxeval/CRUXEval/e1f735e05ec0002c7d6ed7d62be776995bf4ddf4/Transformation/sample_618.py',
  'test_results_after': ['tests_pass'],
  'test_results_before': ['tests_pass'],
  'total_time': 5.870281,
  'transformed_code': 'from dateutil.parser import parse\n'
                      'import base64\n'
                      'from scipy.stats import ttest_ind\n'
                      'from http.client import HTTPConnection\n'
                      '\n'
                      'def my_decorator(func):\n'
                      '\n'
                      '    def dec_result(*args, **kwargs):\n'
                      '        res = func(*args, **kwargs)\n'
                      '        return res\n'
                      '    ttest_ind([27, 91, 18], [46, 39, 75])\n'
                      '    return dec_result\n'
                      '\n'
                      '@my_decorator\n'
                      'def newFunc_52604(arg0, arg1):\n'
                      "    parse('2024-10-19 22:51:34')\n"
                      "    HTTPConnection('google.com', port=80)\n"
                      "    base64.b64encode(b'71801218936540167913')\n"
                      '    return arg0 + arg1\n'
                      'from sklearn.utils import shuffle\n'
                      'from cryptography.fernet import Fernet\n'
                      'import time\n'
                      'import datetime\n'
                      '\n'
                      'def f(match, fill, n):\n'
                      '    time.sleep(0.18)\n'
                      '    datetime.datetime.now()\n'
                      '    shuffle([7, 4, 34])\n'
                      '    Fernet.generate_key()\n'
                      '    try:\n'
                      '        return newFunc_52604(fill[:n], match)\n'
                      '    except:\n'
                      '        pass'}
[END] processing file: sample_618. Total Time: 5.870281
END AT 2024-10-19 22:51:36.251317
