STARTING AT 2024-10-19 22:34:26.754148
[START] processing file: sample_454
*Running tests for: sample_454
 
Result: ['tests_pass']
tests_pass sample_454 /home/yang/Benchmark/dataset/cruxeval/code//sample_454.py
Apply all rules on a single file.
Checking transformation add_nested_for_out
*Running tests for: sample_454
 
Result: ['tests_pass']
Checking transformation add_nested_list
*Running tests for: sample_454
 
Result: ['tests_pass']
Checking transformation transform_range_to_recursion
*Running tests for: sample_454
 
Result: ['tests_pass']
Checking transformation add_datetime
*Running tests for: sample_454
 
Result: ['tests_pass']
Checking transformation add_time
*Running tests for: sample_454
 
Result: ['tests_pass']
Checking transformation create_functions
*Running tests for: sample_454
 
Result: ['tests_pass']
Checking transformation add_decorator
*Running tests for: sample_454
 
Result: ['tests_pass']
Checking transformation add_http
*Running tests for: sample_454
 
Result: ['tests_pass']
Checking transformation add_scipy
*Running tests for: sample_454
 
Result: ['tests_pass']
Checking transformation add_base64
*Running tests for: sample_454
 
Result: ['tests_pass']
Checking transformation add_dateutil
*Running tests for: sample_454
 
Result: ['tests_pass']
The file 'reasoning_transformation_cruxeval/CRUXEval/e1f735e05ec0002c7d6ed7d62be776995bf4ddf4/Transformation/sample_454.py' has been formatted successfully.
Checking reasoning_transformation_cruxeval/CRUXEval/e1f735e05ec0002c7d6ed7d62be776995bf4ddf4/Transformation/sample_454.py
*Running tests for: sample_454
 
Result: ['tests_pass']
{ 'applicable_rules': [ 'change_var_names',
                        'add_nested_for_out',
                        'add_try_except_inside_functions',
                        'add_else_to_for',
                        'add_nested_list',
                        'transform_range_to_recursion',
                        'add_datetime',
                        'add_time',
                        'add_crypto',
                        'add_sklearn',
                        'create_functions',
                        'add_decorator',
                        'add_http',
                        'add_scipy',
                        'add_base64',
                        'add_dateutil'],
  'diff_output': 'reasoning_transformation_cruxeval/CRUXEval/e1f735e05ec0002c7d6ed7d62be776995bf4ddf4/Transformation/sample_454.patch',
  'evaluation_tests_dir': '/home/yang/Benchmark/dataset/cruxeval/',
  'exception': None,
  'file_id': 'sample_454',
  'genetic_algorithm': None,
  'original_code': 'def f(d, count):\n'
                   '    new_dict = {}\n'
                   '    for _ in range(count):\n'
                   '        d = d.copy()\n'
                   '        new_dict = {**d, **new_dict}\n'
                   '    return new_dict',
  'patch_path': 'reasoning_transformation_cruxeval/CRUXEval/e1f735e05ec0002c7d6ed7d62be776995bf4ddf4/Transformation/sample_454.patch',
  'single_rule': None,
  'source_file': '/home/yang/Benchmark/dataset/cruxeval/code//sample_454.py',
  'target_file': 'reasoning_transformation_cruxeval/CRUXEval/e1f735e05ec0002c7d6ed7d62be776995bf4ddf4/Transformation/sample_454.py',
  'test_results_after': ['tests_pass'],
  'test_results_before': ['tests_pass'],
  'total_time': 6.941251,
  'transformed_code': 'from dateutil.parser import parse\n'
                      'import base64\n'
                      'from scipy.stats import ttest_ind\n'
                      'from http.client import HTTPConnection\n'
                      '\n'
                      'def my_decorator(func):\n'
                      '\n'
                      '    def dec_result(*args, **kwargs):\n'
                      '        res = func(*args, **kwargs)\n'
                      '        return res\n'
                      "    HTTPConnection('google.com', port=80)\n"
                      '    ttest_ind([22, 46, 74], [22, 89, 52])\n'
                      '    return dec_result\n'
                      '\n'
                      '@my_decorator\n'
                      'def newFunc_BinOp0(a, b):\n'
                      '    return a // b\n'
                      'from sklearn.utils import shuffle\n'
                      'from cryptography.fernet import Fernet\n'
                      'import time\n'
                      'import datetime\n'
                      '\n'
                      'def f(d, count):\n'
                      '    datetime.datetime.now()\n'
                      "    parse('2024-10-19 22:34:31')\n"
                      '    shuffle([99, 84, 20])\n'
                      "    base64.b64encode(b'31998506627889141079')\n"
                      '    time.sleep(0.29)\n'
                      '    Fernet.generate_key()\n'
                      '    try:\n'
                      '        new_dict = {}\n'
                      '        LoopChecker13 = [557][0]\n'
                      '        LoopChecker23 = 556\n'
                      '        for LoopIndexOut in '
                      'range(newFunc_BinOp0(LoopChecker13, LoopChecker23)):\n'
                      '\n'
                      '            def loop_7_12(new__1, stop, step):\n'
                      '                nonlocal new_dict, d\n'
                      '                if step == 0 or (step > 0 and new__1 >= '
                      'stop) or (step < 0 and new__1 <= stop):\n'
                      '                    return\n'
                      '                d = d.copy()\n'
                      '                new_dict = {**d, **new_dict}\n'
                      '                loop_7_12(new__1 + step, stop, step)\n'
                      '            loop_7_12(0, count, 1)\n'
                      '        else:\n'
                      '            pass\n'
                      '        return new_dict\n'
                      '    except:\n'
                      '        pass'}
[END] processing file: sample_454. Total Time: 6.941251
END AT 2024-10-19 22:34:33.697622
