STARTING AT 2024-10-19 23:36:58.258472
[START] processing file: sample_633
*Running tests for: sample_633
 
Result: ['tests_pass']
tests_pass sample_633 /home/yang/Benchmark/dataset/cruxeval/code//sample_633.py
Apply all rules on a single file.
Checking transformation add_datetime
*Running tests for: sample_633
 
Result: ['tests_pass']
Checking transformation add_time
*Running tests for: sample_633
 
Result: ['tests_pass']
Checking transformation add_decorator
*Running tests for: sample_633
 
Result: ['tests_pass']
Checking transformation add_http
*Running tests for: sample_633
 
Result: ['tests_pass']
Checking transformation add_scipy
*Running tests for: sample_633
 
Result: ['tests_pass']
Checking transformation add_base64
*Running tests for: sample_633
 
Result: ['tests_pass']
Checking transformation add_dateutil
*Running tests for: sample_633
 
Result: ['tests_pass']
The file 'reasoning_transformation_cruxeval/CRUXEval/951a917df7397c9cb698ead54386db6d1db4ffb0/Transformation/sample_633.py' has been formatted successfully.
Checking reasoning_transformation_cruxeval/CRUXEval/951a917df7397c9cb698ead54386db6d1db4ffb0/Transformation/sample_633.py
*Running tests for: sample_633
 
Result: ['tests_pass']
{ 'applicable_rules': [ 'change_var_names',
                        'add_try_except_inside_functions',
                        'add_datetime',
                        'add_time',
                        'add_crypto',
                        'add_sklearn',
                        'add_decorator',
                        'add_http',
                        'add_scipy',
                        'add_base64',
                        'add_dateutil'],
  'diff_output': 'reasoning_transformation_cruxeval/CRUXEval/951a917df7397c9cb698ead54386db6d1db4ffb0/Transformation/sample_633.patch',
  'evaluation_tests_dir': '/home/yang/Benchmark/dataset/cruxeval/',
  'exception': None,
  'file_id': 'sample_633',
  'genetic_algorithm': None,
  'original_code': 'def f(array, elem):\n'
                   '    array.reverse()\n'
                   '    try:\n'
                   '        found = array.index(elem)\n'
                   '    finally:\n'
                   '        array.reverse()\n'
                   '    return found',
  'patch_path': 'reasoning_transformation_cruxeval/CRUXEval/951a917df7397c9cb698ead54386db6d1db4ffb0/Transformation/sample_633.patch',
  'single_rule': None,
  'source_file': '/home/yang/Benchmark/dataset/cruxeval/code//sample_633.py',
  'target_file': 'reasoning_transformation_cruxeval/CRUXEval/951a917df7397c9cb698ead54386db6d1db4ffb0/Transformation/sample_633.py',
  'test_results_after': ['tests_pass'],
  'test_results_before': ['tests_pass'],
  'total_time': 5.20178,
  'transformed_code': 'from dateutil.parser import parse\n'
                      'import base64\n'
                      'from scipy.stats import ttest_ind\n'
                      'from http.client import HTTPConnection\n'
                      '\n'
                      'def my_decorator(func):\n'
                      "    HTTPConnection('google.com', port=80)\n"
                      '\n'
                      '    def dec_result(*args, **kwargs):\n'
                      '        res = func(*args, **kwargs)\n'
                      '        return res\n'
                      "    parse('2024-10-19 23:37:01')\n"
                      '    return dec_result\n'
                      'from sklearn.utils import shuffle\n'
                      'from cryptography.fernet import Fernet\n'
                      'import time\n'
                      'import datetime\n'
                      '\n'
                      '@my_decorator\n'
                      'def f(array, elem):\n'
                      '    Fernet.generate_key()\n'
                      '    ttest_ind([35, 62, 28], [59, 67, 91])\n'
                      '    shuffle([18, 12, 3])\n'
                      "    base64.b64encode(b'19240912056960761020')\n"
                      '    datetime.datetime.now()\n'
                      '    time.sleep(0.2)\n'
                      '    try:\n'
                      '        array.reverse()\n'
                      '        try:\n'
                      '            newfound_1 = array.index(elem)\n'
                      '        finally:\n'
                      '            array.reverse()\n'
                      '        return newfound_1\n'
                      '    except:\n'
                      '        pass'}
[END] processing file: sample_633. Total Time: 5.20178
END AT 2024-10-19 23:37:03.461357
