STARTING AT 2024-10-19 22:36:35.660914
[START] processing file: sample_472
*Running tests for: sample_472
 
Result: ['tests_pass']
tests_pass sample_472 /home/yang/Benchmark/dataset/cruxeval/code//sample_472.py
Apply all rules on a single file.
Checking transformation add_nested_for_out
*Running tests for: sample_472
 
Result: ['tests_pass']
Checking transformation add_nested_list
*Running tests for: sample_472
 
Result: ['tests_pass']
Checking transformation transform_range_to_recursion
*Running tests for: sample_472
 
Result: ['tests_pass']
Checking transformation replace_with_numpy
*Running tests for: sample_472
 Traceback (most recent call last):
  File "/home/yang/Benchmark/.tmp_test/tmp_test.pysample_472", line 20, in <module>
    assert f("x--y-z-5-C") == [1, 1, 1, 1, 1]
AssertionError

output_actual, stderr_data: ('', b'Traceback (most recent call last):\n  File "/home/yang/Benchmark/.tmp_test/tmp_test.pysample_472", line 20, in <module>\n    assert f("x--y-z-5-C") == [1, 1, 1, 1, 1]\nAssertionError\n')
Result: ['error_or_timeout']
Drop replace_with_numpy due to ['error_or_timeout']
Checking transformation add_datetime
*Running tests for: sample_472
 
Result: ['tests_pass']
Checking transformation add_time
*Running tests for: sample_472
 
Result: ['tests_pass']
Checking transformation create_functions
*Running tests for: sample_472
 
Result: ['tests_pass']
Checking transformation add_decorator
*Running tests for: sample_472
 
Result: ['tests_pass']
Checking transformation add_http
*Running tests for: sample_472
 
Result: ['tests_pass']
Checking transformation add_scipy
*Running tests for: sample_472
 
Result: ['tests_pass']
Checking transformation add_base64
*Running tests for: sample_472
 
Result: ['tests_pass']
Checking transformation add_dateutil
*Running tests for: sample_472
 
Result: ['tests_pass']
The file 'reasoning_transformation_cruxeval/CRUXEval/e1f735e05ec0002c7d6ed7d62be776995bf4ddf4/Transformation/sample_472.py' has been formatted successfully.
Checking reasoning_transformation_cruxeval/CRUXEval/e1f735e05ec0002c7d6ed7d62be776995bf4ddf4/Transformation/sample_472.py
*Running tests for: sample_472
 
Result: ['tests_pass']
{ 'applicable_rules': [ 'change_var_names',
                        'add_nested_for_out',
                        'add_try_except_inside_functions',
                        'add_else_to_for',
                        'add_nested_list',
                        'transform_range_to_recursion',
                        'add_datetime',
                        'add_time',
                        'add_crypto',
                        'add_sklearn',
                        'create_functions',
                        'add_decorator',
                        'add_http',
                        'add_scipy',
                        'add_base64',
                        'add_dateutil'],
  'diff_output': 'reasoning_transformation_cruxeval/CRUXEval/e1f735e05ec0002c7d6ed7d62be776995bf4ddf4/Transformation/sample_472.patch',
  'evaluation_tests_dir': '/home/yang/Benchmark/dataset/cruxeval/',
  'exception': None,
  'file_id': 'sample_472',
  'genetic_algorithm': None,
  'original_code': 'def f(text):\n'
                   '    d = {}\n'
                   "    for char in text.replace('-', '').lower():\n"
                   '        d[char] = d[char] + 1 if char in d else 1\n'
                   '    d = sorted(d.items(), key=lambda x: x[1])\n'
                   '    return [val for (i, val) in d]',
  'patch_path': 'reasoning_transformation_cruxeval/CRUXEval/e1f735e05ec0002c7d6ed7d62be776995bf4ddf4/Transformation/sample_472.patch',
  'single_rule': None,
  'source_file': '/home/yang/Benchmark/dataset/cruxeval/code//sample_472.py',
  'target_file': 'reasoning_transformation_cruxeval/CRUXEval/e1f735e05ec0002c7d6ed7d62be776995bf4ddf4/Transformation/sample_472.py',
  'test_results_after': ['tests_pass'],
  'test_results_before': ['tests_pass'],
  'total_time': 6.538442,
  'transformed_code': 'from dateutil.parser import parse\n'
                      'import base64\n'
                      'from scipy.stats import ttest_ind\n'
                      'from http.client import HTTPConnection\n'
                      '\n'
                      'def my_decorator(func):\n'
                      '\n'
                      '    def dec_result(*args, **kwargs):\n'
                      '        res = func(*args, **kwargs)\n'
                      '        return res\n'
                      "    base64.b64encode(b'81972435168074667019')\n"
                      "    parse('2024-10-19 22:36:40')\n"
                      '    return dec_result\n'
                      '\n'
                      '@my_decorator\n'
                      'def newFunc_BinOp0(a, b):\n'
                      '    ttest_ind([95, 68, 93], [54, 82, 66])\n'
                      "    HTTPConnection('google.com', port=80)\n"
                      '    return a + b\n'
                      'from sklearn.utils import shuffle\n'
                      'from cryptography.fernet import Fernet\n'
                      'import time\n'
                      'import datetime\n'
                      '\n'
                      'def f(text):\n'
                      '    datetime.datetime.now()\n'
                      '    time.sleep(0.23)\n'
                      '    Fernet.generate_key()\n'
                      '    shuffle([35, 100, 62])\n'
                      '    try:\n'
                      '        d = {}\n'
                      '        LoopChecker13 = [548][0]\n'
                      '        LoopChecker23 = 547\n'
                      '\n'
                      '        def loop_6_8(LoopIndexOut, stop, step):\n'
                      '            if step == 0 or (step > 0 and LoopIndexOut '
                      '>= stop) or (step < 0 and LoopIndexOut <= stop):\n'
                      '                return\n'
                      "            for newchar_1 in text.replace('-', "
                      "'').lower():\n"
                      '                d[newchar_1] = '
                      'newFunc_BinOp0(d[newchar_1], 1) if newchar_1 in d else '
                      '1\n'
                      '            loop_6_8(LoopIndexOut + step, stop, step)\n'
                      '        loop_6_8(0, LoopChecker13 // LoopChecker23, 1)\n'
                      '        d = sorted(d.items(), key=lambda x: x[1])\n'
                      '        return [val for (i, val) in d]\n'
                      '    except:\n'
                      '        pass'}
[END] processing file: sample_472. Total Time: 6.538442
END AT 2024-10-19 22:36:42.201842
