STARTING AT 2024-10-19 23:45:09.135114
[START] processing file: sample_739
*Running tests for: sample_739
 
Result: ['tests_pass']
tests_pass sample_739 /home/yang/Benchmark/dataset/cruxeval/code//sample_739.py
Apply all rules on a single file.
Checking transformation add_nested_for_out
*Running tests for: sample_739
 
Result: ['tests_pass']
Checking transformation add_nested_if
*Running tests for: sample_739
 Traceback (most recent call last):
  File "/home/yang/Benchmark/.tmp_test/tmp_test.pysample_739", line 13, in <module>
    assert f('qwbnjrxs', ['jr', 'b', 'r', 'qw']) == False
AssertionError

output_actual, stderr_data: ('', b'Traceback (most recent call last):\n  File "/home/yang/Benchmark/.tmp_test/tmp_test.pysample_739", line 13, in <module>\n    assert f(\'qwbnjrxs\', [\'jr\', \'b\', \'r\', \'qw\']) == False\nAssertionError\n')
Result: ['error_or_timeout']
Drop add_nested_if due to ['error_or_timeout']
Checking transformation add_nested_list
*Running tests for: sample_739
 
Result: ['tests_pass']
Checking transformation transform_range_to_recursion
*Running tests for: sample_739
 Traceback (most recent call last):
  File "/home/yang/Benchmark/.tmp_test/tmp_test.pysample_739", line 19, in <module>
    assert f('qwbnjrxs', ['jr', 'b', 'r', 'qw']) == False
AssertionError

output_actual, stderr_data: ('', b'Traceback (most recent call last):\n  File "/home/yang/Benchmark/.tmp_test/tmp_test.pysample_739", line 19, in <module>\n    assert f(\'qwbnjrxs\', [\'jr\', \'b\', \'r\', \'qw\']) == False\nAssertionError\n')
Result: ['error_or_timeout']
Drop transform_range_to_recursion due to ['error_or_timeout']
Checking transformation add_datetime
*Running tests for: sample_739
 
Result: ['tests_pass']
Checking transformation add_time
*Running tests for: sample_739
 
Result: ['tests_pass']
Checking transformation create_functions
*Running tests for: sample_739
 
Result: ['tests_pass']
Checking transformation add_decorator
*Running tests for: sample_739
 
Result: ['tests_pass']
Checking transformation add_http
*Running tests for: sample_739
 
Result: ['tests_pass']
Checking transformation add_scipy
*Running tests for: sample_739
 
Result: ['tests_pass']
Checking transformation add_base64
*Running tests for: sample_739
 
Result: ['tests_pass']
Checking transformation add_dateutil
*Running tests for: sample_739
 
Result: ['tests_pass']
The file 'reasoning_transformation_cruxeval/CRUXEval/464e9e956c111b2d9fa4116e6d9f690ffe444235/Transformation/sample_739.py' has been formatted successfully.
Checking reasoning_transformation_cruxeval/CRUXEval/464e9e956c111b2d9fa4116e6d9f690ffe444235/Transformation/sample_739.py
*Running tests for: sample_739
 
Result: ['tests_pass']
{ 'applicable_rules': [ 'change_var_names',
                        'add_nested_for_out',
                        'add_try_except_inside_functions',
                        'add_else_to_for',
                        'add_nested_list',
                        'add_datetime',
                        'add_time',
                        'add_crypto',
                        'add_sklearn',
                        'create_functions',
                        'add_decorator',
                        'add_http',
                        'add_scipy',
                        'add_base64',
                        'add_dateutil'],
  'diff_output': 'reasoning_transformation_cruxeval/CRUXEval/464e9e956c111b2d9fa4116e6d9f690ffe444235/Transformation/sample_739.patch',
  'evaluation_tests_dir': '/home/yang/Benchmark/dataset/cruxeval/',
  'exception': None,
  'file_id': 'sample_739',
  'genetic_algorithm': None,
  'original_code': 'def f(st, pattern):\n'
                   '    for p in pattern:\n'
                   '        if not st.startswith(p):\n'
                   '            return False\n'
                   '        st = st[len(p):]\n'
                   '    return True',
  'patch_path': 'reasoning_transformation_cruxeval/CRUXEval/464e9e956c111b2d9fa4116e6d9f690ffe444235/Transformation/sample_739.patch',
  'single_rule': None,
  'source_file': '/home/yang/Benchmark/dataset/cruxeval/code//sample_739.py',
  'target_file': 'reasoning_transformation_cruxeval/CRUXEval/464e9e956c111b2d9fa4116e6d9f690ffe444235/Transformation/sample_739.py',
  'test_results_after': ['tests_pass'],
  'test_results_before': ['tests_pass'],
  'total_time': 6.699351,
  'transformed_code': 'from dateutil.parser import parse\n'
                      'import base64\n'
                      'from scipy.stats import ttest_ind\n'
                      'from http.client import HTTPConnection\n'
                      '\n'
                      'def my_decorator(func):\n'
                      "    base64.b64encode(b'73795415400957104190')\n"
                      '    ttest_ind([71, 83, 83], [100, 9, 98])\n'
                      '\n'
                      '    def dec_result(*args, **kwargs):\n'
                      '        res = func(*args, **kwargs)\n'
                      '        return res\n'
                      '    return dec_result\n'
                      '\n'
                      '@my_decorator\n'
                      'def newFunc_BinOp0(a, b):\n'
                      "    parse('2024-10-19 23:45:14')\n"
                      '    return a // b\n'
                      'from sklearn.utils import shuffle\n'
                      'from cryptography.fernet import Fernet\n'
                      'import time\n'
                      'import datetime\n'
                      '\n'
                      'def f(st, pattern):\n'
                      '    Fernet.generate_key()\n'
                      "    HTTPConnection('google.com', port=80)\n"
                      '    datetime.datetime.now()\n'
                      '    shuffle([81, 35, 91])\n'
                      '    time.sleep(0.24)\n'
                      '    try:\n'
                      '        LoopChecker12 = [423][0]\n'
                      '        LoopChecker22 = 422\n'
                      '        for LoopIndexOut in '
                      'range(newFunc_BinOp0(LoopChecker12, LoopChecker22)):\n'
                      '            for newp_1 in pattern:\n'
                      '                if not st.startswith(newp_1):\n'
                      '                    return False\n'
                      '                st = st[len(newp_1):]\n'
                      '        else:\n'
                      '            pass\n'
                      '        return True\n'
                      '    except:\n'
                      '        pass'}
[END] processing file: sample_739. Total Time: 6.699351
END AT 2024-10-19 23:45:15.835768
