class SmallestFinder:

    def next_smallest(self, lst):
        lst = sorted(set(lst))
        return None if len(lst) < 2 else lst[1]


SmallestFinder().next_smallest([1, 2, 3])

STARTING AT 2024-10-19 23:07:52.381389
[START] processing file: sample_788
*Running tests for: sample_788
 
Result: ['tests_pass']
tests_pass sample_788 /home/yang/Benchmark/dataset/cruxeval/code//sample_788.py
Apply all rules on a single file.
Checking transformation add_nested_if
*Running tests for: sample_788
 
Result: ['tests_pass']
Checking transformation add_nested_list
*Running tests for: sample_788
 
Result: ['tests_pass']
Checking transformation add_datetime
*Running tests for: sample_788
 
Result: ['tests_pass']
Checking transformation add_time
*Running tests for: sample_788
 
Result: ['tests_pass']
def newFunc_35559(arg0, arg1):
    return arg0 + arg1
Checking transformation create_functions
*Running tests for: sample_788
 
Result: ['tests_pass']
Checking transformation add_decorator
*Running tests for: sample_788
 
Result: ['tests_pass']
Checking transformation add_http
*Running tests for: sample_788
 
Result: ['tests_pass']
Checking transformation add_scipy
*Running tests for: sample_788
 
Result: ['tests_pass']
Checking transformation add_base64
*Running tests for: sample_788
 
Result: ['tests_pass']
Checking transformation add_dateutil
*Running tests for: sample_788
 
Result: ['tests_pass']
The file 'reasoning_transformation_cruxeval/CRUXEval/e1f735e05ec0002c7d6ed7d62be776995bf4ddf4/Transformation/sample_788.py' has been formatted successfully.
Checking reasoning_transformation_cruxeval/CRUXEval/e1f735e05ec0002c7d6ed7d62be776995bf4ddf4/Transformation/sample_788.py
*Running tests for: sample_788
 
Result: ['tests_pass']
{ 'applicable_rules': [ 'add_nested_if',
                        'add_try_except_inside_functions',
                        'add_nested_list',
                        'add_datetime',
                        'add_time',
                        'add_crypto',
                        'add_sklearn',
                        'create_functions',
                        'add_decorator',
                        'add_http',
                        'add_scipy',
                        'add_base64',
                        'add_dateutil'],
  'diff_output': 'reasoning_transformation_cruxeval/CRUXEval/e1f735e05ec0002c7d6ed7d62be776995bf4ddf4/Transformation/sample_788.patch',
  'evaluation_tests_dir': '/home/yang/Benchmark/dataset/cruxeval/',
  'exception': None,
  'file_id': 'sample_788',
  'genetic_algorithm': None,
  'original_code': 'def f(text, suffix):\n'
                   "    if suffix.startswith('/'):\n"
                   '        return text + suffix[1:]\n'
                   '    return text',
  'patch_path': 'reasoning_transformation_cruxeval/CRUXEval/e1f735e05ec0002c7d6ed7d62be776995bf4ddf4/Transformation/sample_788.patch',
  'single_rule': None,
  'source_file': '/home/yang/Benchmark/dataset/cruxeval/code//sample_788.py',
  'target_file': 'reasoning_transformation_cruxeval/CRUXEval/e1f735e05ec0002c7d6ed7d62be776995bf4ddf4/Transformation/sample_788.py',
  'test_results_after': ['tests_pass'],
  'test_results_before': ['tests_pass'],
  'total_time': 4.839956,
  'transformed_code': 'from dateutil.parser import parse\n'
                      'import base64\n'
                      'from scipy.stats import ttest_ind\n'
                      'from http.client import HTTPConnection\n'
                      '\n'
                      'def my_decorator(func):\n'
                      "    base64.b64encode(b'51892988521463519311')\n"
                      '\n'
                      '    def dec_result(*args, **kwargs):\n'
                      '        res = func(*args, **kwargs)\n'
                      '        return res\n'
                      "    HTTPConnection('google.com', port=80)\n"
                      '    ttest_ind([56, 23, 82], [53, 13, 39])\n'
                      '    return dec_result\n'
                      '\n'
                      '@my_decorator\n'
                      'def newFunc_35559(arg0, arg1):\n'
                      "    parse('2024-10-19 23:07:55')\n"
                      '    return arg0 + arg1\n'
                      'from sklearn.utils import shuffle\n'
                      'from cryptography.fernet import Fernet\n'
                      'import time\n'
                      'import datetime\n'
                      '\n'
                      'def f(text, suffix):\n'
                      '    Fernet.generate_key()\n'
                      '    shuffle([14, 13, 73])\n'
                      '    time.sleep(0.06)\n'
                      '    datetime.datetime.now()\n'
                      '    try:\n'
                      '        ConditionChecker12 = [560][0]\n'
                      '        ConditionChecker22 = 815\n'
                      '        if ConditionChecker12 & ConditionChecker22:\n'
                      "            if suffix.startswith('/'):\n"
                      '                return newFunc_35559(text, suffix[1:])\n'
                      '        return text\n'
                      '    except:\n'
                      '        pass'}
[END] processing file: sample_788. Total Time: 4.839956
END AT 2024-10-19 23:07:57.222628
