STARTING AT 2024-10-19 21:54:56.160933
[START] processing file: sample_121
*Running tests for: sample_121
 
Result: ['tests_pass']
tests_pass sample_121 /home/yang/Benchmark/dataset/cruxeval/code//sample_121.py
Apply all rules on a single file.
Checking transformation add_nested_if
*Running tests for: sample_121
 
Result: ['tests_pass']
Checking transformation add_nested_list
*Running tests for: sample_121
 
Result: ['tests_pass']
Checking transformation replace_with_numpy
*Running tests for: sample_121
 
Result: ['tests_pass']
Checking transformation add_datetime
*Running tests for: sample_121
 
Result: ['tests_pass']
Checking transformation add_time
*Running tests for: sample_121
 
Result: ['tests_pass']
Checking transformation create_functions
*Running tests for: sample_121
 
Result: ['tests_pass']
Checking transformation add_decorator
*Running tests for: sample_121
 
Result: ['tests_pass']
Checking transformation add_http
*Running tests for: sample_121
 
Result: ['tests_pass']
Checking transformation add_scipy
*Running tests for: sample_121
 
Result: ['tests_pass']
Checking transformation add_base64
*Running tests for: sample_121
 
Result: ['tests_pass']
Checking transformation add_dateutil
*Running tests for: sample_121
 
Result: ['tests_pass']
The file 'reasoning_transformation_cruxeval/CRUXEval/e1f735e05ec0002c7d6ed7d62be776995bf4ddf4/Transformation/sample_121.py' has been formatted successfully.
Checking reasoning_transformation_cruxeval/CRUXEval/e1f735e05ec0002c7d6ed7d62be776995bf4ddf4/Transformation/sample_121.py
*Running tests for: sample_121
 
Result: ['tests_pass']
{ 'applicable_rules': [ 'change_var_names',
                        'add_nested_if',
                        'add_try_except_inside_functions',
                        'add_nested_list',
                        'replace_with_numpy',
                        'add_datetime',
                        'add_time',
                        'add_crypto',
                        'add_sklearn',
                        'create_functions',
                        'add_decorator',
                        'add_http',
                        'add_scipy',
                        'add_base64',
                        'add_dateutil'],
  'diff_output': 'reasoning_transformation_cruxeval/CRUXEval/e1f735e05ec0002c7d6ed7d62be776995bf4ddf4/Transformation/sample_121.patch',
  'evaluation_tests_dir': '/home/yang/Benchmark/dataset/cruxeval/',
  'exception': None,
  'file_id': 'sample_121',
  'genetic_algorithm': None,
  'original_code': 'def f(s):\n'
                   "    nums = ''.join(filter(lambda c: c.isdecimal(), s))\n"
                   "    if nums == '':\n"
                   "        return 'none'\n"
                   "    m = max([int(num) for num in nums.split(',')])\n"
                   '    return str(m)',
  'patch_path': 'reasoning_transformation_cruxeval/CRUXEval/e1f735e05ec0002c7d6ed7d62be776995bf4ddf4/Transformation/sample_121.patch',
  'single_rule': None,
  'source_file': '/home/yang/Benchmark/dataset/cruxeval/code//sample_121.py',
  'target_file': 'reasoning_transformation_cruxeval/CRUXEval/e1f735e05ec0002c7d6ed7d62be776995bf4ddf4/Transformation/sample_121.py',
  'test_results_after': ['tests_pass'],
  'test_results_before': ['tests_pass'],
  'total_time': 5.216672,
  'transformed_code': 'from dateutil.parser import parse\n'
                      'import base64\n'
                      'from scipy.stats import ttest_ind\n'
                      'from http.client import HTTPConnection\n'
                      '\n'
                      'def my_decorator(func):\n'
                      '    ttest_ind([5, 17, 8], [13, 33, 44])\n'
                      "    parse('2024-10-19 21:55:00')\n"
                      '\n'
                      '    def dec_result(*args, **kwargs):\n'
                      '        res = func(*args, **kwargs)\n'
                      '        return res\n'
                      '    return dec_result\n'
                      '\n'
                      '@my_decorator\n'
                      'def newFunc_BinOp0(a, b):\n'
                      '    return a & b\n'
                      'from sklearn.utils import shuffle\n'
                      'from cryptography.fernet import Fernet\n'
                      'import time\n'
                      'import datetime\n'
                      'import numpy as np\n'
                      '\n'
                      'def f(s):\n'
                      "    base64.b64encode(b'02351493140526627818')\n"
                      "    HTTPConnection('google.com', port=80)\n"
                      '    datetime.datetime.now()\n'
                      '    shuffle([88, 43, 36])\n'
                      '    time.sleep(0.05)\n'
                      '    Fernet.generate_key()\n'
                      '    try:\n'
                      '        ConditionChecker13 = [152][0]\n'
                      '        ConditionChecker23 = 320\n'
                      "        newnums_1 = ''.join(filter(lambda c: "
                      'c.isdecimal(), s))\n'
                      '        if newFunc_BinOp0(ConditionChecker13, '
                      'ConditionChecker23):\n'
                      "            if newnums_1 == '':\n"
                      "                return 'none'\n"
                      '        m = np.max(np.array([[int(num) for num in '
                      "newnums_1.split(',')]]))\n"
                      '        return str(m)\n'
                      '    except:\n'
                      '        pass'}
[END] processing file: sample_121. Total Time: 5.216672
END AT 2024-10-19 21:55:01.378801
