STARTING AT 2024-10-19 22:59:48.210502
[START] processing file: sample_6
*Running tests for: sample_6
 
Result: ['tests_pass']
tests_pass sample_6 /home/yang/Benchmark/dataset/cruxeval/code//sample_6.py
Apply all rules on a single file.
Checking transformation add_nested_for_out
*Running tests for: sample_6
 
Result: ['tests_pass']
Checking transformation add_nested_list
*Running tests for: sample_6
 
Result: ['tests_pass']
Checking transformation transform_range_to_recursion
*Running tests for: sample_6
 
Result: ['tests_pass']
Checking transformation replace_with_numpy
*Running tests for: sample_6
 Traceback (most recent call last):
  File "/home/yang/Benchmark/.tmp_test/tmp_test.pysample_6", line 18, in <module>
    assert f({'11': 52, '65': 34, 'a': 12, '4': 52, '74': 31}) == [('74', 31)]
AssertionError

output_actual, stderr_data: ('', b'Traceback (most recent call last):\n  File "/home/yang/Benchmark/.tmp_test/tmp_test.pysample_6", line 18, in <module>\n    assert f({\'11\': 52, \'65\': 34, \'a\': 12, \'4\': 52, \'74\': 31}) == [(\'74\', 31)]\nAssertionError\n')
Result: ['error_or_timeout']
Drop replace_with_numpy due to ['error_or_timeout']
Checking transformation add_datetime
*Running tests for: sample_6
 
Result: ['tests_pass']
Checking transformation add_time
*Running tests for: sample_6
 
Result: ['tests_pass']
Checking transformation create_functions
*Running tests for: sample_6
 
Result: ['tests_pass']
Checking transformation add_decorator
*Running tests for: sample_6
 
Result: ['tests_pass']
Checking transformation add_http
*Running tests for: sample_6
 
Result: ['tests_pass']
Checking transformation add_scipy
*Running tests for: sample_6
 
Result: ['tests_pass']
Checking transformation add_base64
*Running tests for: sample_6
 
Result: ['tests_pass']
Checking transformation add_dateutil
*Running tests for: sample_6
 
Result: ['tests_pass']
The file 'reasoning_transformation_cruxeval/CRUXEval/e1f735e05ec0002c7d6ed7d62be776995bf4ddf4/Transformation/sample_6.py' has been formatted successfully.
Checking reasoning_transformation_cruxeval/CRUXEval/e1f735e05ec0002c7d6ed7d62be776995bf4ddf4/Transformation/sample_6.py
*Running tests for: sample_6
 
Result: ['tests_pass']
{ 'applicable_rules': [ 'change_var_names',
                        'add_nested_for_out',
                        'add_try_except_inside_functions',
                        'add_else_to_for',
                        'add_nested_list',
                        'transform_range_to_recursion',
                        'add_datetime',
                        'add_time',
                        'add_crypto',
                        'add_sklearn',
                        'create_functions',
                        'add_decorator',
                        'add_http',
                        'add_scipy',
                        'add_base64',
                        'add_dateutil'],
  'diff_output': 'reasoning_transformation_cruxeval/CRUXEval/e1f735e05ec0002c7d6ed7d62be776995bf4ddf4/Transformation/sample_6.patch',
  'evaluation_tests_dir': '/home/yang/Benchmark/dataset/cruxeval/',
  'exception': None,
  'file_id': 'sample_6',
  'genetic_algorithm': None,
  'original_code': 'def f(dic):\n'
                   '    for (k, v) in sorted(dic.items(), key=lambda x: '
                   'len(str(x)))[:-1]:\n'
                   '        dic.pop(k)\n'
                   '    return list(dic.items())',
  'patch_path': 'reasoning_transformation_cruxeval/CRUXEval/e1f735e05ec0002c7d6ed7d62be776995bf4ddf4/Transformation/sample_6.patch',
  'single_rule': None,
  'source_file': '/home/yang/Benchmark/dataset/cruxeval/code//sample_6.py',
  'target_file': 'reasoning_transformation_cruxeval/CRUXEval/e1f735e05ec0002c7d6ed7d62be776995bf4ddf4/Transformation/sample_6.py',
  'test_results_after': ['tests_pass'],
  'test_results_before': ['tests_pass'],
  'total_time': 6.21883,
  'transformed_code': 'from dateutil.parser import parse\n'
                      'import base64\n'
                      'from scipy.stats import ttest_ind\n'
                      'from http.client import HTTPConnection\n'
                      '\n'
                      'def my_decorator(func):\n'
                      '    ttest_ind([96, 73, 91], [78, 4, 54])\n'
                      "    HTTPConnection('google.com', port=80)\n"
                      "    base64.b64encode(b'01538537566407094058')\n"
                      '\n'
                      '    def dec_result(*args, **kwargs):\n'
                      '        res = func(*args, **kwargs)\n'
                      '        return res\n'
                      '    return dec_result\n'
                      '\n'
                      '@my_decorator\n'
                      'def newFunc_BinOp0(a, b):\n'
                      '    return a + b\n'
                      'from sklearn.utils import shuffle\n'
                      'from cryptography.fernet import Fernet\n'
                      'import time\n'
                      'import datetime\n'
                      '\n'
                      'def f(dic):\n'
                      '    time.sleep(0.16)\n'
                      '    shuffle([99, 7, 15])\n'
                      '    Fernet.generate_key()\n'
                      '    datetime.datetime.now()\n'
                      "    parse('2024-10-19 22:59:52')\n"
                      '    try:\n'
                      '        LoopChecker12 = [902][0]\n'
                      '        LoopChecker22 = 901\n'
                      '\n'
                      '        def loop_5_8(LoopIndexOut, stop, step):\n'
                      '            if step == 0 or (step > 0 and LoopIndexOut '
                      '>= stop) or (step < 0 and LoopIndexOut <= stop):\n'
                      '                return\n'
                      '            for (newk_1, v) in sorted(dic.items(), '
                      'key=lambda x: len(str(x)))[:-1]:\n'
                      '                dic.pop(newk_1)\n'
                      '            loop_5_8(newFunc_BinOp0(LoopIndexOut, '
                      'step), stop, step)\n'
                      '        loop_5_8(0, LoopChecker12 // LoopChecker22, 1)\n'
                      '        return list(dic.items())\n'
                      '    except:\n'
                      '        pass'}
[END] processing file: sample_6. Total Time: 6.21883
END AT 2024-10-19 22:59:54.431577
