STARTING AT 2024-10-19 22:30:42.084758
[START] processing file: sample_422
*Running tests for: sample_422
 
Result: ['tests_pass']
tests_pass sample_422 /home/yang/Benchmark/dataset/cruxeval/code//sample_422.py
Apply all rules on a single file.
Checking transformation replace_with_numpy
*Running tests for: sample_422
 Traceback (most recent call last):
  File "/home/yang/Benchmark/.tmp_test/tmp_test.pysample_422", line 10, in <module>
    assert f([1, 2, 1]) == [1, 4, 1]
AssertionError

output_actual, stderr_data: ('', b'Traceback (most recent call last):\n  File "/home/yang/Benchmark/.tmp_test/tmp_test.pysample_422", line 10, in <module>\n    assert f([1, 2, 1]) == [1, 4, 1]\nAssertionError\n')
Result: ['error_or_timeout']
Drop replace_with_numpy due to ['error_or_timeout']
Checking transformation add_datetime
*Running tests for: sample_422
 
Result: ['tests_pass']
Checking transformation add_time
*Running tests for: sample_422
 
Result: ['tests_pass']
Checking transformation create_functions
*Running tests for: sample_422
 
Result: ['tests_pass']
Checking transformation add_decorator
*Running tests for: sample_422
 
Result: ['tests_pass']
Checking transformation add_http
*Running tests for: sample_422
 
Result: ['tests_pass']
Checking transformation add_scipy
*Running tests for: sample_422
 
Result: ['tests_pass']
Checking transformation add_base64
*Running tests for: sample_422
 
Result: ['tests_pass']
Checking transformation add_dateutil
*Running tests for: sample_422
 
Result: ['tests_pass']
The file 'reasoning_transformation_cruxeval/CRUXEval/e1f735e05ec0002c7d6ed7d62be776995bf4ddf4/Transformation/sample_422.py' has been formatted successfully.
Checking reasoning_transformation_cruxeval/CRUXEval/e1f735e05ec0002c7d6ed7d62be776995bf4ddf4/Transformation/sample_422.py
*Running tests for: sample_422
 
Result: ['tests_pass']
{ 'applicable_rules': [ 'change_var_names',
                        'add_try_except_inside_functions',
                        'add_datetime',
                        'add_time',
                        'add_crypto',
                        'add_sklearn',
                        'create_functions',
                        'add_decorator',
                        'add_http',
                        'add_scipy',
                        'add_base64',
                        'add_dateutil'],
  'diff_output': 'reasoning_transformation_cruxeval/CRUXEval/e1f735e05ec0002c7d6ed7d62be776995bf4ddf4/Transformation/sample_422.patch',
  'evaluation_tests_dir': '/home/yang/Benchmark/dataset/cruxeval/',
  'exception': None,
  'file_id': 'sample_422',
  'genetic_algorithm': None,
  'original_code': 'def f(array):\n'
                   '    new_array = array.copy()\n'
                   '    new_array = reversed(new_array)\n'
                   '    return [x * x for x in new_array]',
  'patch_path': 'reasoning_transformation_cruxeval/CRUXEval/e1f735e05ec0002c7d6ed7d62be776995bf4ddf4/Transformation/sample_422.patch',
  'single_rule': None,
  'source_file': '/home/yang/Benchmark/dataset/cruxeval/code//sample_422.py',
  'target_file': 'reasoning_transformation_cruxeval/CRUXEval/e1f735e05ec0002c7d6ed7d62be776995bf4ddf4/Transformation/sample_422.py',
  'test_results_after': ['tests_pass'],
  'test_results_before': ['tests_pass'],
  'total_time': 5.42887,
  'transformed_code': 'from dateutil.parser import parse\n'
                      'import base64\n'
                      'from scipy.stats import ttest_ind\n'
                      'from http.client import HTTPConnection\n'
                      '\n'
                      'def my_decorator(func):\n'
                      '    ttest_ind([57, 17, 35], [98, 19, 90])\n'
                      '\n'
                      '    def dec_result(*args, **kwargs):\n'
                      '        res = func(*args, **kwargs)\n'
                      '        return res\n'
                      '    return dec_result\n'
                      '\n'
                      '@my_decorator\n'
                      'def newFunc_BinOp0(a, b):\n'
                      "    HTTPConnection('google.com', port=80)\n"
                      '    return a * b\n'
                      'from sklearn.utils import shuffle\n'
                      'from cryptography.fernet import Fernet\n'
                      'import time\n'
                      'import datetime\n'
                      '\n'
                      'def f(array):\n'
                      "    base64.b64encode(b'99401219300459391650')\n"
                      '    time.sleep(0.09)\n'
                      '    Fernet.generate_key()\n'
                      '    datetime.datetime.now()\n'
                      "    parse('2024-10-19 22:30:45')\n"
                      '    shuffle([67, 71, 11])\n'
                      '    try:\n'
                      '        new_array = array.copy()\n'
                      '        new_array = reversed(new_array)\n'
                      '        return [newFunc_BinOp0(newx_1, newx_1) for '
                      'newx_1 in new_array]\n'
                      '    except:\n'
                      '        pass'}
[END] processing file: sample_422. Total Time: 5.42887
END AT 2024-10-19 22:30:47.515537
