STARTING AT 2024-10-19 22:01:39.298296
[START] processing file: sample_179
*Running tests for: sample_179
 
Result: ['tests_pass']
tests_pass sample_179 /home/yang/Benchmark/dataset/cruxeval/code//sample_179.py
Apply all rules on a single file.
Checking transformation add_nested_for_out
*Running tests for: sample_179
 
Result: ['tests_pass']
Checking transformation add_nested_list
*Running tests for: sample_179
 
Result: ['tests_pass']
Checking transformation transform_range_to_recursion
*Running tests for: sample_179
 
Result: ['tests_pass']
Checking transformation add_datetime
*Running tests for: sample_179
 
Result: ['tests_pass']
Checking transformation add_time
*Running tests for: sample_179
 
Result: ['tests_pass']
Checking transformation create_functions
*Running tests for: sample_179
 
Result: ['tests_pass']
Checking transformation add_decorator
*Running tests for: sample_179
 
Result: ['tests_pass']
Checking transformation add_http
*Running tests for: sample_179
 
Result: ['tests_pass']
Checking transformation add_scipy
*Running tests for: sample_179
 
Result: ['tests_pass']
Checking transformation add_base64
*Running tests for: sample_179
 
Result: ['tests_pass']
Checking transformation add_dateutil
*Running tests for: sample_179
 
Result: ['tests_pass']
The file 'reasoning_transformation_cruxeval/CRUXEval/e1f735e05ec0002c7d6ed7d62be776995bf4ddf4/Transformation/sample_179.py' has been formatted successfully.
Checking reasoning_transformation_cruxeval/CRUXEval/e1f735e05ec0002c7d6ed7d62be776995bf4ddf4/Transformation/sample_179.py
*Running tests for: sample_179
 
Result: ['tests_pass']
{ 'applicable_rules': [ 'change_var_names',
                        'add_nested_for_out',
                        'add_try_except_inside_functions',
                        'add_else_to_for',
                        'add_nested_list',
                        'transform_range_to_recursion',
                        'add_datetime',
                        'add_time',
                        'add_crypto',
                        'add_sklearn',
                        'create_functions',
                        'add_decorator',
                        'add_http',
                        'add_scipy',
                        'add_base64',
                        'add_dateutil'],
  'diff_output': 'reasoning_transformation_cruxeval/CRUXEval/e1f735e05ec0002c7d6ed7d62be776995bf4ddf4/Transformation/sample_179.patch',
  'evaluation_tests_dir': '/home/yang/Benchmark/dataset/cruxeval/',
  'exception': None,
  'file_id': 'sample_179',
  'genetic_algorithm': None,
  'original_code': 'def f(nums):\n'
                   '    nums = nums[:]\n'
                   '    count = len(nums)\n'
                   '    for i in range(-count + 1, 0):\n'
                   '        nums.insert(0, nums[i])\n'
                   '    return nums',
  'patch_path': 'reasoning_transformation_cruxeval/CRUXEval/e1f735e05ec0002c7d6ed7d62be776995bf4ddf4/Transformation/sample_179.patch',
  'single_rule': None,
  'source_file': '/home/yang/Benchmark/dataset/cruxeval/code//sample_179.py',
  'target_file': 'reasoning_transformation_cruxeval/CRUXEval/e1f735e05ec0002c7d6ed7d62be776995bf4ddf4/Transformation/sample_179.py',
  'test_results_after': ['tests_pass'],
  'test_results_before': ['tests_pass'],
  'total_time': 5.456931,
  'transformed_code': 'from dateutil.parser import parse\n'
                      'import base64\n'
                      'from scipy.stats import ttest_ind\n'
                      'from http.client import HTTPConnection\n'
                      '\n'
                      'def my_decorator(func):\n'
                      "    parse('2024-10-19 22:01:43')\n"
                      '\n'
                      '    def dec_result(*args, **kwargs):\n'
                      '        res = func(*args, **kwargs)\n'
                      '        return res\n'
                      '    return dec_result\n'
                      '\n'
                      '@my_decorator\n'
                      'def newFunc_BinOp0(a, b):\n'
                      '    ttest_ind([78, 66, 95], [52, 19, 22])\n'
                      '    return a // b\n'
                      'from sklearn.utils import shuffle\n'
                      'from cryptography.fernet import Fernet\n'
                      'import time\n'
                      'import datetime\n'
                      '\n'
                      'def f(newnums_1):\n'
                      "    base64.b64encode(b'09246699894148812110')\n"
                      "    HTTPConnection('google.com', port=80)\n"
                      '    shuffle([58, 79, 79])\n'
                      '    Fernet.generate_key()\n'
                      '    time.sleep(0.12)\n'
                      '    datetime.datetime.now()\n'
                      '    try:\n'
                      '        newnums_1 = newnums_1[:]\n'
                      '        count = len(newnums_1)\n'
                      '        LoopChecker14 = [3][0]\n'
                      '        LoopChecker24 = 2\n'
                      '        for LoopIndexOut in '
                      'range(newFunc_BinOp0(LoopChecker14, LoopChecker24)):\n'
                      '\n'
                      '            def loop_8_12(i, stop, step):\n'
                      '                if step == 0 or (step > 0 and i >= '
                      'stop) or (step < 0 and i <= stop):\n'
                      '                    return\n'
                      '                newnums_1.insert(0, newnums_1[i])\n'
                      '                loop_8_12(i + step, stop, step)\n'
                      '            loop_8_12(-count + 1, 0, 1)\n'
                      '        else:\n'
                      '            pass\n'
                      '        return newnums_1\n'
                      '    except:\n'
                      '        pass'}
[END] processing file: sample_179. Total Time: 5.456931
END AT 2024-10-19 22:01:44.756723
