STARTING AT 2024-10-19 23:41:45.443631
[START] processing file: sample_81
*Running tests for: sample_81
 
Result: ['tests_pass']
tests_pass sample_81 /home/yang/Benchmark/dataset/cruxeval/code//sample_81.py
Apply all rules on a single file.
Checking transformation add_datetime
*Running tests for: sample_81
 
Result: ['tests_pass']
Checking transformation add_time
*Running tests for: sample_81
 
Result: ['tests_pass']
Checking transformation add_decorator
*Running tests for: sample_81
 
Result: ['tests_pass']
Checking transformation add_http
*Running tests for: sample_81
 
Result: ['tests_pass']
Checking transformation add_scipy
*Running tests for: sample_81
 
Result: ['tests_pass']
Checking transformation add_base64
*Running tests for: sample_81
 
Result: ['tests_pass']
Checking transformation add_dateutil
*Running tests for: sample_81
 
Result: ['tests_pass']
The file 'reasoning_transformation_cruxeval/CRUXEval/951a917df7397c9cb698ead54386db6d1db4ffb0/Transformation/sample_81.py' has been formatted successfully.
Checking reasoning_transformation_cruxeval/CRUXEval/951a917df7397c9cb698ead54386db6d1db4ffb0/Transformation/sample_81.py
*Running tests for: sample_81
 
Result: ['tests_pass']
{ 'applicable_rules': [ 'add_try_except_inside_functions',
                        'add_datetime',
                        'add_time',
                        'add_crypto',
                        'add_sklearn',
                        'add_decorator',
                        'add_http',
                        'add_scipy',
                        'add_base64',
                        'add_dateutil'],
  'diff_output': 'reasoning_transformation_cruxeval/CRUXEval/951a917df7397c9cb698ead54386db6d1db4ffb0/Transformation/sample_81.patch',
  'evaluation_tests_dir': '/home/yang/Benchmark/dataset/cruxeval/',
  'exception': None,
  'file_id': 'sample_81',
  'genetic_algorithm': None,
  'original_code': 'def f(dic, inx):\n'
                   '    try:\n'
                   '        dic[list(dic)[list(dic).index(inx)]] = '
                   'list(dic)[list(dic).index(inx)].lower()\n'
                   '    except ValueError:\n'
                   '        pass\n'
                   '    return list(dic.items())',
  'patch_path': 'reasoning_transformation_cruxeval/CRUXEval/951a917df7397c9cb698ead54386db6d1db4ffb0/Transformation/sample_81.patch',
  'single_rule': None,
  'source_file': '/home/yang/Benchmark/dataset/cruxeval/code//sample_81.py',
  'target_file': 'reasoning_transformation_cruxeval/CRUXEval/951a917df7397c9cb698ead54386db6d1db4ffb0/Transformation/sample_81.py',
  'test_results_after': ['tests_pass'],
  'test_results_before': ['tests_pass'],
  'total_time': 4.238143,
  'transformed_code': 'from dateutil.parser import parse\n'
                      'import base64\n'
                      'from scipy.stats import ttest_ind\n'
                      'from http.client import HTTPConnection\n'
                      '\n'
                      'def my_decorator(func):\n'
                      "    HTTPConnection('google.com', port=80)\n"
                      "    base64.b64encode(b'81063595591720895884')\n"
                      '\n'
                      '    def dec_result(*args, **kwargs):\n'
                      '        res = func(*args, **kwargs)\n'
                      '        return res\n'
                      '    ttest_ind([60, 98, 39], [57, 66, 34])\n'
                      '    return dec_result\n'
                      'from sklearn.utils import shuffle\n'
                      'from cryptography.fernet import Fernet\n'
                      'import time\n'
                      'import datetime\n'
                      '\n'
                      '@my_decorator\n'
                      'def f(dic, inx):\n'
                      '    shuffle([87, 23, 30])\n'
                      '    datetime.datetime.now()\n'
                      '    time.sleep(0.04)\n'
                      "    parse('2024-10-19 23:41:48')\n"
                      '    Fernet.generate_key()\n'
                      '    try:\n'
                      '        try:\n'
                      '            dic[list(dic)[list(dic).index(inx)]] = '
                      'list(dic)[list(dic).index(inx)].lower()\n'
                      '        except ValueError:\n'
                      '            pass\n'
                      '        return list(dic.items())\n'
                      '    except:\n'
                      '        pass'}
[END] processing file: sample_81. Total Time: 4.238143
END AT 2024-10-19 23:41:49.683788
