STARTING AT 2024-10-19 22:46:09.238207
[START] processing file: sample_563
*Running tests for: sample_563
 
Result: ['tests_pass']
tests_pass sample_563 /home/yang/Benchmark/dataset/cruxeval/code//sample_563.py
Apply all rules on a single file.
Checking transformation add_nested_for_out
*Running tests for: sample_563
 
Result: ['tests_pass']
Checking transformation add_nested_list
*Running tests for: sample_563
 
Result: ['tests_pass']
Checking transformation transform_range_to_recursion
*Running tests for: sample_563
 
Result: ['tests_pass']
Checking transformation replace_with_numpy
*Running tests for: sample_563
 
Result: ['tests_pass']
Checking transformation add_datetime
*Running tests for: sample_563
 
Result: ['tests_pass']
Checking transformation add_time
*Running tests for: sample_563
 
Result: ['tests_pass']
Checking transformation create_functions
*Running tests for: sample_563
 
Result: ['tests_pass']
Checking transformation add_decorator
*Running tests for: sample_563
 
Result: ['tests_pass']
Checking transformation add_http
*Running tests for: sample_563
 
Result: ['tests_pass']
Checking transformation add_scipy
*Running tests for: sample_563
 
Result: ['tests_pass']
Checking transformation add_base64
*Running tests for: sample_563
 
Result: ['tests_pass']
Checking transformation add_dateutil
*Running tests for: sample_563
 
Result: ['tests_pass']
The file 'reasoning_transformation_cruxeval/CRUXEval/e1f735e05ec0002c7d6ed7d62be776995bf4ddf4/Transformation/sample_563.py' has been formatted successfully.
Checking reasoning_transformation_cruxeval/CRUXEval/e1f735e05ec0002c7d6ed7d62be776995bf4ddf4/Transformation/sample_563.py
*Running tests for: sample_563
 
Result: ['tests_pass']
{ 'applicable_rules': [ 'change_var_names',
                        'add_nested_for_out',
                        'add_try_except_inside_functions',
                        'add_else_to_for',
                        'add_nested_list',
                        'transform_range_to_recursion',
                        'replace_with_numpy',
                        'add_datetime',
                        'add_time',
                        'add_crypto',
                        'add_sklearn',
                        'create_functions',
                        'add_decorator',
                        'add_http',
                        'add_scipy',
                        'add_base64',
                        'add_dateutil'],
  'diff_output': 'reasoning_transformation_cruxeval/CRUXEval/e1f735e05ec0002c7d6ed7d62be776995bf4ddf4/Transformation/sample_563.patch',
  'evaluation_tests_dir': '/home/yang/Benchmark/dataset/cruxeval/',
  'exception': None,
  'file_id': 'sample_563',
  'genetic_algorithm': None,
  'original_code': 'def f(text1, text2):\n'
                   '    nums = []\n'
                   '    for i in range(len(text2)):\n'
                   '        nums.append(text1.count(text2[i]))\n'
                   '    return sum(nums)',
  'patch_path': 'reasoning_transformation_cruxeval/CRUXEval/e1f735e05ec0002c7d6ed7d62be776995bf4ddf4/Transformation/sample_563.patch',
  'single_rule': None,
  'source_file': '/home/yang/Benchmark/dataset/cruxeval/code//sample_563.py',
  'target_file': 'reasoning_transformation_cruxeval/CRUXEval/e1f735e05ec0002c7d6ed7d62be776995bf4ddf4/Transformation/sample_563.py',
  'test_results_after': ['tests_pass'],
  'test_results_before': ['tests_pass'],
  'total_time': 5.969086,
  'transformed_code': 'from dateutil.parser import parse\n'
                      'import base64\n'
                      'from scipy.stats import ttest_ind\n'
                      'from http.client import HTTPConnection\n'
                      '\n'
                      'def my_decorator(func):\n'
                      '\n'
                      '    def dec_result(*args, **kwargs):\n'
                      '        res = func(*args, **kwargs)\n'
                      '        return res\n'
                      "    parse('2024-10-19 22:46:13')\n"
                      "    HTTPConnection('google.com', port=80)\n"
                      '    return dec_result\n'
                      '\n'
                      '@my_decorator\n'
                      'def newFunc_BinOp0(a, b):\n'
                      '    return a // b\n'
                      'from sklearn.utils import shuffle\n'
                      'from cryptography.fernet import Fernet\n'
                      'import time\n'
                      'import datetime\n'
                      'import numpy as np\n'
                      '\n'
                      'def f(text1, text2):\n'
                      '    time.sleep(0.11)\n'
                      '    Fernet.generate_key()\n'
                      '    ttest_ind([54, 71, 23], [58, 55, 95])\n'
                      "    base64.b64encode(b'81221191394346184458')\n"
                      '    datetime.datetime.now()\n'
                      '    shuffle([74, 62, 99])\n'
                      '    try:\n'
                      '        newnums_1 = [[]][0]\n'
                      '        LoopChecker13 = 215\n'
                      '        LoopChecker23 = 214\n'
                      '        for LoopIndexOut in '
                      'range(newFunc_BinOp0(LoopChecker13, LoopChecker23)):\n'
                      '\n'
                      '            def loop_7_12(i, stop, step):\n'
                      '                if step == 0 or (step > 0 and i >= '
                      'stop) or (step < 0 and i <= stop):\n'
                      '                    return\n'
                      '                '
                      'newnums_1.append(text1.count(text2[i]))\n'
                      '                loop_7_12(i + step, stop, step)\n'
                      '            loop_7_12(0, len(text2), 1)\n'
                      '        else:\n'
                      '            pass\n'
                      '        return np.sum(np.array([newnums_1]))\n'
                      '    except:\n'
                      '        pass'}
[END] processing file: sample_563. Total Time: 5.969086
END AT 2024-10-19 22:46:15.209417
