STARTING AT 2024-10-19 22:28:32.824840
[START] processing file: sample_404
*Running tests for: sample_404
 
Result: ['tests_pass']
tests_pass sample_404 /home/yang/Benchmark/dataset/cruxeval/code//sample_404.py
Apply all rules on a single file.
Checking transformation replace_with_numpy
*Running tests for: sample_404
 
Result: ['tests_pass']
Checking transformation add_datetime
*Running tests for: sample_404
 
Result: ['tests_pass']
Checking transformation add_time
*Running tests for: sample_404
 
Result: ['tests_pass']
Checking transformation add_decorator
*Running tests for: sample_404
 
Result: ['tests_pass']
Checking transformation add_http
*Running tests for: sample_404
 
Result: ['tests_pass']
Checking transformation add_scipy
*Running tests for: sample_404
 
Result: ['tests_pass']
Checking transformation add_base64
*Running tests for: sample_404
 
Result: ['tests_pass']
Checking transformation add_dateutil
*Running tests for: sample_404
 
Result: ['tests_pass']
The file 'reasoning_transformation_cruxeval/CRUXEval/e1f735e05ec0002c7d6ed7d62be776995bf4ddf4/Transformation/sample_404.py' has been formatted successfully.
Checking reasoning_transformation_cruxeval/CRUXEval/e1f735e05ec0002c7d6ed7d62be776995bf4ddf4/Transformation/sample_404.py
*Running tests for: sample_404
 
Result: ['tests_pass']
{ 'applicable_rules': [ 'change_var_names',
                        'add_try_except_inside_functions',
                        'replace_with_numpy',
                        'add_datetime',
                        'add_time',
                        'add_crypto',
                        'add_sklearn',
                        'add_decorator',
                        'add_http',
                        'add_scipy',
                        'add_base64',
                        'add_dateutil'],
  'diff_output': 'reasoning_transformation_cruxeval/CRUXEval/e1f735e05ec0002c7d6ed7d62be776995bf4ddf4/Transformation/sample_404.patch',
  'evaluation_tests_dir': '/home/yang/Benchmark/dataset/cruxeval/',
  'exception': None,
  'file_id': 'sample_404',
  'genetic_algorithm': None,
  'original_code': 'def f(no):\n'
                   '    d = dict.fromkeys(no, False)\n'
                   '    return sum([1 for i in d.keys()])',
  'patch_path': 'reasoning_transformation_cruxeval/CRUXEval/e1f735e05ec0002c7d6ed7d62be776995bf4ddf4/Transformation/sample_404.patch',
  'single_rule': None,
  'source_file': '/home/yang/Benchmark/dataset/cruxeval/code//sample_404.py',
  'target_file': 'reasoning_transformation_cruxeval/CRUXEval/e1f735e05ec0002c7d6ed7d62be776995bf4ddf4/Transformation/sample_404.py',
  'test_results_after': ['tests_pass'],
  'test_results_before': ['tests_pass'],
  'total_time': 5.183069,
  'transformed_code': 'from dateutil.parser import parse\n'
                      'import base64\n'
                      'from scipy.stats import ttest_ind\n'
                      'from http.client import HTTPConnection\n'
                      '\n'
                      'def my_decorator(func):\n'
                      "    base64.b64encode(b'80446294387058469833')\n"
                      '\n'
                      '    def dec_result(*args, **kwargs):\n'
                      '        res = func(*args, **kwargs)\n'
                      '        return res\n'
                      '    ttest_ind([71, 60, 62], [42, 44, 24])\n'
                      "    HTTPConnection('google.com', port=80)\n"
                      '    return dec_result\n'
                      'from sklearn.utils import shuffle\n'
                      'from cryptography.fernet import Fernet\n'
                      'import time\n'
                      'import datetime\n'
                      'import numpy as np\n'
                      '\n'
                      '@my_decorator\n'
                      'def f(no):\n'
                      "    parse('2024-10-19 22:28:36')\n"
                      '    time.sleep(0.15)\n'
                      '    shuffle([7, 44, 87])\n'
                      '    datetime.datetime.now()\n'
                      '    Fernet.generate_key()\n'
                      '    try:\n'
                      '        newd_1 = dict.fromkeys(no, False)\n'
                      '        return np.sum(np.array([[1 for i in '
                      'newd_1.keys()]]))\n'
                      '    except:\n'
                      '        pass'}
[END] processing file: sample_404. Total Time: 5.183069
END AT 2024-10-19 22:28:38.009546
