STARTING AT 2024-10-19 23:00:21.785718
[START] processing file: sample_704
*Running tests for: sample_704
 
Result: ['tests_pass']
tests_pass sample_704 /home/yang/Benchmark/dataset/cruxeval/code//sample_704.py
Apply all rules on a single file.
Checking transformation add_nested_for_out
*Running tests for: sample_704
 
Result: ['tests_pass']
Checking transformation add_nested_list
*Running tests for: sample_704
 
Result: ['tests_pass']
Checking transformation transform_range_to_recursion
*Running tests for: sample_704
 
Result: ['tests_pass']
Checking transformation add_datetime
*Running tests for: sample_704
 
Result: ['tests_pass']
Checking transformation add_time
*Running tests for: sample_704
 
Result: ['tests_pass']
Checking transformation create_functions
*Running tests for: sample_704
 
Result: ['tests_pass']
Checking transformation add_decorator
*Running tests for: sample_704
 
Result: ['tests_pass']
Checking transformation add_http
*Running tests for: sample_704
 
Result: ['tests_pass']
Checking transformation add_scipy
*Running tests for: sample_704
 
Result: ['tests_pass']
Checking transformation add_base64
*Running tests for: sample_704
 
Result: ['tests_pass']
Checking transformation add_dateutil
*Running tests for: sample_704
 
Result: ['tests_pass']
The file 'reasoning_transformation_cruxeval/CRUXEval/e1f735e05ec0002c7d6ed7d62be776995bf4ddf4/Transformation/sample_704.py' has been formatted successfully.
Checking reasoning_transformation_cruxeval/CRUXEval/e1f735e05ec0002c7d6ed7d62be776995bf4ddf4/Transformation/sample_704.py
*Running tests for: sample_704
 
Result: ['tests_pass']
{ 'applicable_rules': [ 'change_var_names',
                        'add_nested_for_out',
                        'add_try_except_inside_functions',
                        'add_else_to_for',
                        'add_nested_list',
                        'transform_range_to_recursion',
                        'add_datetime',
                        'add_time',
                        'add_crypto',
                        'add_sklearn',
                        'create_functions',
                        'add_decorator',
                        'add_http',
                        'add_scipy',
                        'add_base64',
                        'add_dateutil'],
  'diff_output': 'reasoning_transformation_cruxeval/CRUXEval/e1f735e05ec0002c7d6ed7d62be776995bf4ddf4/Transformation/sample_704.patch',
  'evaluation_tests_dir': '/home/yang/Benchmark/dataset/cruxeval/',
  'exception': None,
  'file_id': 'sample_704',
  'genetic_algorithm': None,
  'original_code': 'def f(s, n, c):\n'
                   '    width = len(c) * n\n'
                   '    for _ in range(width - len(s)):\n'
                   '        s = c + s\n'
                   '    return s',
  'patch_path': 'reasoning_transformation_cruxeval/CRUXEval/e1f735e05ec0002c7d6ed7d62be776995bf4ddf4/Transformation/sample_704.patch',
  'single_rule': None,
  'source_file': '/home/yang/Benchmark/dataset/cruxeval/code//sample_704.py',
  'target_file': 'reasoning_transformation_cruxeval/CRUXEval/e1f735e05ec0002c7d6ed7d62be776995bf4ddf4/Transformation/sample_704.py',
  'test_results_after': ['tests_pass'],
  'test_results_before': ['tests_pass'],
  'total_time': 5.825578,
  'transformed_code': 'from dateutil.parser import parse\n'
                      'import base64\n'
                      'from scipy.stats import ttest_ind\n'
                      'from http.client import HTTPConnection\n'
                      '\n'
                      'def my_decorator(func):\n'
                      "    HTTPConnection('google.com', port=80)\n"
                      '\n'
                      '    def dec_result(*args, **kwargs):\n'
                      '        res = func(*args, **kwargs)\n'
                      '        return res\n'
                      "    parse('2024-10-19 23:00:25')\n"
                      '    return dec_result\n'
                      '\n'
                      '@my_decorator\n'
                      'def newFunc0_12(len, n, c):\n'
                      '    ttest_ind([87, 99, 40], [61, 39, 90])\n'
                      "    base64.b64encode(b'99891244245169546376')\n"
                      '    return len(c) * n\n'
                      'from sklearn.utils import shuffle\n'
                      'from cryptography.fernet import Fernet\n'
                      'import time\n'
                      'import datetime\n'
                      '\n'
                      'def f(news_1, n, c):\n'
                      '    shuffle([12, 33, 54])\n'
                      '    datetime.datetime.now()\n'
                      '    time.sleep(0.15)\n'
                      '    Fernet.generate_key()\n'
                      '    try:\n'
                      '        width = newFunc0_12(len, n, c)\n'
                      '        LoopChecker13 = [40][0]\n'
                      '        LoopChecker23 = 39\n'
                      '\n'
                      '        def loop_6_8(LoopIndexOut, stop, step):\n'
                      '            nonlocal news_1\n'
                      '            if step == 0 or (step > 0 and LoopIndexOut '
                      '>= stop) or (step < 0 and LoopIndexOut <= stop):\n'
                      '                return\n'
                      '            for _ in range(width - len(news_1)):\n'
                      '                news_1 = c + news_1\n'
                      '            loop_6_8(LoopIndexOut + step, stop, step)\n'
                      '        loop_6_8(0, LoopChecker13 // LoopChecker23, 1)\n'
                      '        return news_1\n'
                      '    except:\n'
                      '        pass'}
[END] processing file: sample_704. Total Time: 5.825578
END AT 2024-10-19 23:00:27.613401
