STARTING AT 2024-10-19 22:27:49.769000
[START] processing file: sample_399
*Running tests for: sample_399
 
Result: ['tests_pass']
tests_pass sample_399 /home/yang/Benchmark/dataset/cruxeval/code//sample_399.py
Apply all rules on a single file.
Checking transformation add_nested_while_out
*Running tests for: sample_399
 
Result: ['tests_pass']
Checking transformation add_nested_if
*Running tests for: sample_399
 
Result: ['tests_pass']
Checking transformation add_nested_list
*Running tests for: sample_399
 
Result: ['tests_pass']
Checking transformation add_datetime
*Running tests for: sample_399
 
Result: ['tests_pass']
Checking transformation add_time
*Running tests for: sample_399
 
Result: ['tests_pass']
Checking transformation create_functions
*Running tests for: sample_399
 
Result: ['tests_pass']
Checking transformation add_decorator
*Running tests for: sample_399
 
Result: ['tests_pass']
Checking transformation add_http
*Running tests for: sample_399
 
Result: ['tests_pass']
Checking transformation add_scipy
*Running tests for: sample_399
 
Result: ['tests_pass']
Checking transformation add_base64
*Running tests for: sample_399
 
Result: ['tests_pass']
Checking transformation add_dateutil
*Running tests for: sample_399
 
Result: ['tests_pass']
The file 'reasoning_transformation_cruxeval/CRUXEval/e1f735e05ec0002c7d6ed7d62be776995bf4ddf4/Transformation/sample_399.py' has been formatted successfully.
Checking reasoning_transformation_cruxeval/CRUXEval/e1f735e05ec0002c7d6ed7d62be776995bf4ddf4/Transformation/sample_399.py
*Running tests for: sample_399
 
Result: ['tests_pass']
{ 'applicable_rules': [ 'change_var_names',
                        'add_nested_while_out',
                        'add_nested_if',
                        'add_try_except_inside_functions',
                        'add_else_to_while',
                        'add_nested_list',
                        'add_datetime',
                        'add_time',
                        'add_crypto',
                        'add_sklearn',
                        'create_functions',
                        'add_decorator',
                        'add_http',
                        'add_scipy',
                        'add_base64',
                        'add_dateutil',
                        'changing_AugAssign'],
  'diff_output': 'reasoning_transformation_cruxeval/CRUXEval/e1f735e05ec0002c7d6ed7d62be776995bf4ddf4/Transformation/sample_399.patch',
  'evaluation_tests_dir': '/home/yang/Benchmark/dataset/cruxeval/',
  'exception': None,
  'file_id': 'sample_399',
  'genetic_algorithm': None,
  'original_code': 'def f(text, old, new):\n'
                   '    if len(old) > 3:\n'
                   '        return text\n'
                   "    if old in text and ' ' not in text:\n"
                   '        return text.replace(old, new * len(old))\n'
                   '    while old in text:\n'
                   '        text = text.replace(old, new)\n'
                   '    return text',
  'patch_path': 'reasoning_transformation_cruxeval/CRUXEval/e1f735e05ec0002c7d6ed7d62be776995bf4ddf4/Transformation/sample_399.patch',
  'single_rule': None,
  'source_file': '/home/yang/Benchmark/dataset/cruxeval/code//sample_399.py',
  'target_file': 'reasoning_transformation_cruxeval/CRUXEval/e1f735e05ec0002c7d6ed7d62be776995bf4ddf4/Transformation/sample_399.py',
  'test_results_after': ['tests_pass'],
  'test_results_before': ['tests_pass'],
  'total_time': 5.196514,
  'transformed_code': 'from dateutil.parser import parse\n'
                      'import base64\n'
                      'from scipy.stats import ttest_ind\n'
                      'from http.client import HTTPConnection\n'
                      '\n'
                      'def my_decorator(func):\n'
                      '\n'
                      '    def dec_result(*args, **kwargs):\n'
                      '        res = func(*args, **kwargs)\n'
                      '        return res\n'
                      "    base64.b64encode(b'60538839107176069809')\n"
                      '    return dec_result\n'
                      '\n'
                      '@my_decorator\n'
                      'def newFunc_BinOp0(a, b):\n'
                      '    ttest_ind([73, 85, 18], [10, 12, 33])\n'
                      '    return a & b\n'
                      'from sklearn.utils import shuffle\n'
                      'from cryptography.fernet import Fernet\n'
                      'import time\n'
                      'import datetime\n'
                      '\n'
                      'def f(newtext_1, old, new):\n'
                      '    shuffle([7, 5, 1])\n'
                      "    HTTPConnection('google.com', port=80)\n"
                      '    Fernet.generate_key()\n'
                      '    time.sleep(0.1)\n'
                      "    parse('2024-10-19 22:27:53')\n"
                      '    datetime.datetime.now()\n'
                      '    try:\n'
                      '        ConditionChecker12 = [608][0]\n'
                      '        ConditionChecker22 = 143\n'
                      '        if newFunc_BinOp0(ConditionChecker12, '
                      'ConditionChecker22):\n'
                      '            if len(old) > 3:\n'
                      '                return newtext_1\n'
                      "        if old in newtext_1 and ' ' not in newtext_1:\n"
                      '            return newtext_1.replace(old, new * '
                      'len(old))\n'
                      '        whileloopchecker16 = 702\n'
                      '        whileloopchecker26 = 701\n'
                      '        while whileloopchecker16 % whileloopchecker26 '
                      '== 1:\n'
                      '            whileloopchecker16 = whileloopchecker16 + '
                      '1\n'
                      '            while old in newtext_1:\n'
                      '                newtext_1 = newtext_1.replace(old, '
                      'new)\n'
                      '        else:\n'
                      '            pass\n'
                      '        return newtext_1\n'
                      '    except:\n'
                      '        pass'}
[END] processing file: sample_399. Total Time: 5.196514
END AT 2024-10-19 22:27:54.966777
