STARTING AT 2024-10-19 22:19:29.678045
[START] processing file: sample_328
*Running tests for: sample_328
 
Result: ['tests_pass']
tests_pass sample_328 /home/yang/Benchmark/dataset/cruxeval/code//sample_328.py
Apply all rules on a single file.
Checking transformation add_nested_if
*Running tests for: sample_328
 
Result: ['tests_pass']
Checking transformation add_nested_list
*Running tests for: sample_328
 
Result: ['tests_pass']
Checking transformation add_datetime
*Running tests for: sample_328
 
Result: ['tests_pass']
Checking transformation add_time
*Running tests for: sample_328
 
Result: ['tests_pass']
Checking transformation create_functions
*Running tests for: sample_328
 
Result: ['tests_pass']
Checking transformation add_decorator
*Running tests for: sample_328
 
Result: ['tests_pass']
Checking transformation add_http
*Running tests for: sample_328
 
Result: ['tests_pass']
Checking transformation add_scipy
*Running tests for: sample_328
 
Result: ['tests_pass']
Checking transformation add_base64
*Running tests for: sample_328
 
Result: ['tests_pass']
Checking transformation add_dateutil
*Running tests for: sample_328
 
Result: ['tests_pass']
The file 'reasoning_transformation_cruxeval/CRUXEval/e1f735e05ec0002c7d6ed7d62be776995bf4ddf4/Transformation/sample_328.py' has been formatted successfully.
Checking reasoning_transformation_cruxeval/CRUXEval/e1f735e05ec0002c7d6ed7d62be776995bf4ddf4/Transformation/sample_328.py
*Running tests for: sample_328
 
Result: ['tests_pass']
{ 'applicable_rules': [ 'add_nested_if',
                        'add_try_except_inside_functions',
                        'add_nested_list',
                        'add_datetime',
                        'add_time',
                        'add_crypto',
                        'add_sklearn',
                        'create_functions',
                        'add_decorator',
                        'add_http',
                        'add_scipy',
                        'add_base64',
                        'add_dateutil'],
  'diff_output': 'reasoning_transformation_cruxeval/CRUXEval/e1f735e05ec0002c7d6ed7d62be776995bf4ddf4/Transformation/sample_328.patch',
  'evaluation_tests_dir': '/home/yang/Benchmark/dataset/cruxeval/',
  'exception': None,
  'file_id': 'sample_328',
  'genetic_algorithm': None,
  'original_code': 'def f(array, L):\n'
                   '    if L <= 0:\n'
                   '        return array\n'
                   '    if len(array) < L:\n'
                   '        array.extend(f(array, L - len(array)))\n'
                   '    return array',
  'patch_path': 'reasoning_transformation_cruxeval/CRUXEval/e1f735e05ec0002c7d6ed7d62be776995bf4ddf4/Transformation/sample_328.patch',
  'single_rule': None,
  'source_file': '/home/yang/Benchmark/dataset/cruxeval/code//sample_328.py',
  'target_file': 'reasoning_transformation_cruxeval/CRUXEval/e1f735e05ec0002c7d6ed7d62be776995bf4ddf4/Transformation/sample_328.py',
  'test_results_after': ['tests_pass'],
  'test_results_before': ['tests_pass'],
  'total_time': 5.759917,
  'transformed_code': 'from dateutil.parser import parse\n'
                      'import base64\n'
                      'from scipy.stats import ttest_ind\n'
                      'from http.client import HTTPConnection\n'
                      '\n'
                      'def my_decorator(func):\n'
                      "    base64.b64encode(b'78930350367802161184')\n"
                      '\n'
                      '    def dec_result(*args, **kwargs):\n'
                      '        res = func(*args, **kwargs)\n'
                      '        return res\n'
                      '    return dec_result\n'
                      '\n'
                      '@my_decorator\n'
                      'def newFunc_BinOp0(a, b):\n'
                      '    ttest_ind([87, 59, 14], [97, 17, 1])\n'
                      "    HTTPConnection('google.com', port=80)\n"
                      '    return a & b\n'
                      'from sklearn.utils import shuffle\n'
                      'from cryptography.fernet import Fernet\n'
                      'import time\n'
                      'import datetime\n'
                      '\n'
                      'def f(array, L):\n'
                      '    datetime.datetime.now()\n'
                      '    shuffle([24, 52, 92])\n'
                      '    time.sleep(0.09)\n'
                      "    parse('2024-10-19 22:19:33')\n"
                      '    Fernet.generate_key()\n'
                      '    try:\n'
                      '        ConditionChecker12 = [633][0]\n'
                      '        ConditionChecker22 = 397\n'
                      '        if newFunc_BinOp0(ConditionChecker12, '
                      'ConditionChecker22):\n'
                      '            if L <= 0:\n'
                      '                return array\n'
                      '        if len(array) < L:\n'
                      '            array.extend(f(array, L - len(array)))\n'
                      '        return array\n'
                      '    except:\n'
                      '        pass'}
[END] processing file: sample_328. Total Time: 5.759917
END AT 2024-10-19 22:19:35.439092
