STARTING AT 2024-10-19 23:04:27.634586
[START] processing file: sample_759
*Running tests for: sample_759
 
Result: ['tests_pass']
tests_pass sample_759 /home/yang/Benchmark/dataset/cruxeval/code//sample_759.py
Apply all rules on a single file.
Checking transformation add_nested_while_out
*Running tests for: sample_759
 
Result: ['tests_pass']
Checking transformation add_nested_if
*Running tests for: sample_759
 
Result: ['tests_pass']
Checking transformation add_nested_list
*Running tests for: sample_759
 
Result: ['tests_pass']
Checking transformation add_datetime
*Running tests for: sample_759
 
Result: ['tests_pass']
Checking transformation add_time
*Running tests for: sample_759
 
Result: ['tests_pass']
Checking transformation create_functions
*Running tests for: sample_759
 
Result: ['tests_pass']
Checking transformation add_decorator
*Running tests for: sample_759
 
Result: ['tests_pass']
Checking transformation add_http
*Running tests for: sample_759
 
Result: ['tests_pass']
Checking transformation add_scipy
*Running tests for: sample_759
 
Result: ['tests_pass']
Checking transformation add_base64
*Running tests for: sample_759
 
Result: ['tests_pass']
Checking transformation add_dateutil
*Running tests for: sample_759
 
Result: ['tests_pass']
The file 'reasoning_transformation_cruxeval/CRUXEval/e1f735e05ec0002c7d6ed7d62be776995bf4ddf4/Transformation/sample_759.py' has been formatted successfully.
Checking reasoning_transformation_cruxeval/CRUXEval/e1f735e05ec0002c7d6ed7d62be776995bf4ddf4/Transformation/sample_759.py
*Running tests for: sample_759
 
Result: ['tests_pass']
{ 'applicable_rules': [ 'change_var_names',
                        'add_nested_while_out',
                        'add_nested_if',
                        'add_try_except_inside_functions',
                        'add_else_to_while',
                        'add_nested_list',
                        'add_datetime',
                        'add_time',
                        'add_crypto',
                        'add_sklearn',
                        'create_functions',
                        'add_decorator',
                        'add_http',
                        'add_scipy',
                        'add_base64',
                        'add_dateutil',
                        'changing_AugAssign'],
  'diff_output': 'reasoning_transformation_cruxeval/CRUXEval/e1f735e05ec0002c7d6ed7d62be776995bf4ddf4/Transformation/sample_759.patch',
  'evaluation_tests_dir': '/home/yang/Benchmark/dataset/cruxeval/',
  'exception': None,
  'file_id': 'sample_759',
  'genetic_algorithm': None,
  'original_code': 'def f(text, sub):\n'
                   '    index = []\n'
                   '    starting = 0\n'
                   '    while starting != -1:\n'
                   '        starting = text.find(sub, starting)\n'
                   '        if starting != -1:\n'
                   '            index.append(starting)\n'
                   '            starting += len(sub)\n'
                   '    return index',
  'patch_path': 'reasoning_transformation_cruxeval/CRUXEval/e1f735e05ec0002c7d6ed7d62be776995bf4ddf4/Transformation/sample_759.patch',
  'single_rule': None,
  'source_file': '/home/yang/Benchmark/dataset/cruxeval/code//sample_759.py',
  'target_file': 'reasoning_transformation_cruxeval/CRUXEval/e1f735e05ec0002c7d6ed7d62be776995bf4ddf4/Transformation/sample_759.py',
  'test_results_after': ['tests_pass'],
  'test_results_before': ['tests_pass'],
  'total_time': 6.483523,
  'transformed_code': 'from dateutil.parser import parse\n'
                      'import base64\n'
                      'from scipy.stats import ttest_ind\n'
                      'from http.client import HTTPConnection\n'
                      '\n'
                      'def my_decorator(func):\n'
                      '    ttest_ind([18, 23, 70], [54, 14, 83])\n'
                      '\n'
                      '    def dec_result(*args, **kwargs):\n'
                      '        res = func(*args, **kwargs)\n'
                      '        return res\n'
                      "    parse('2024-10-19 23:04:32')\n"
                      "    HTTPConnection('google.com', port=80)\n"
                      '    return dec_result\n'
                      '\n'
                      '@my_decorator\n'
                      'def newFunc_BinOp0(a, b):\n'
                      '    return a % b\n'
                      'from sklearn.utils import shuffle\n'
                      'from cryptography.fernet import Fernet\n'
                      'import time\n'
                      'import datetime\n'
                      '\n'
                      'def f(text, sub):\n'
                      '    Fernet.generate_key()\n'
                      '    shuffle([61, 97, 90])\n'
                      "    base64.b64encode(b'47068474855064634906')\n"
                      '    datetime.datetime.now()\n'
                      '    time.sleep(0.24)\n'
                      '    try:\n'
                      '        index = [[]][0]\n'
                      '        newstarting_1 = 0\n'
                      '        whileloopchecker14 = 558\n'
                      '        whileloopchecker24 = 557\n'
                      '        while newFunc_BinOp0(whileloopchecker14, '
                      'whileloopchecker24) == 1:\n'
                      '            whileloopchecker14 = whileloopchecker14 + '
                      '1\n'
                      '            while newstarting_1 != -1:\n'
                      '                ConditionChecker110 = 988\n'
                      '                ConditionChecker210 = 662\n'
                      '                newstarting_1 = text.find(sub, '
                      'newstarting_1)\n'
                      '                if ConditionChecker110 & '
                      'ConditionChecker210:\n'
                      '                    if newstarting_1 != -1:\n'
                      '                        index.append(newstarting_1)\n'
                      '                        newstarting_1 += len(sub)\n'
                      '        else:\n'
                      '            pass\n'
                      '        return index\n'
                      '    except:\n'
                      '        pass'}
[END] processing file: sample_759. Total Time: 6.483523
END AT 2024-10-19 23:04:34.119885
