STARTING AT 2024-10-19 22:35:42.217490
[START] processing file: sample_465
*Running tests for: sample_465
 
Result: ['tests_pass']
tests_pass sample_465 /home/yang/Benchmark/dataset/cruxeval/code//sample_465.py
Apply all rules on a single file.
Checking transformation add_nested_if
*Running tests for: sample_465
 
Result: ['tests_pass']
Checking transformation add_nested_list
*Running tests for: sample_465
 
Result: ['tests_pass']
Checking transformation add_datetime
*Running tests for: sample_465
 
Result: ['tests_pass']
Checking transformation add_time
*Running tests for: sample_465
 
Result: ['tests_pass']
Checking transformation create_functions
*Running tests for: sample_465
 
Result: ['tests_pass']
Checking transformation add_decorator
*Running tests for: sample_465
 
Result: ['tests_pass']
Checking transformation add_http
*Running tests for: sample_465
 
Result: ['tests_pass']
Checking transformation add_scipy
*Running tests for: sample_465
 
Result: ['tests_pass']
Checking transformation add_base64
*Running tests for: sample_465
 
Result: ['tests_pass']
Checking transformation add_dateutil
*Running tests for: sample_465
 
Result: ['tests_pass']
The file 'reasoning_transformation_cruxeval/CRUXEval/e1f735e05ec0002c7d6ed7d62be776995bf4ddf4/Transformation/sample_465.py' has been formatted successfully.
Checking reasoning_transformation_cruxeval/CRUXEval/e1f735e05ec0002c7d6ed7d62be776995bf4ddf4/Transformation/sample_465.py
*Running tests for: sample_465
 
Result: ['tests_pass']
{ 'applicable_rules': [ 'change_var_names',
                        'add_nested_if',
                        'add_try_except_inside_functions',
                        'add_nested_list',
                        'add_datetime',
                        'add_time',
                        'add_crypto',
                        'add_sklearn',
                        'create_functions',
                        'add_decorator',
                        'add_http',
                        'add_scipy',
                        'add_base64',
                        'add_dateutil'],
  'diff_output': 'reasoning_transformation_cruxeval/CRUXEval/e1f735e05ec0002c7d6ed7d62be776995bf4ddf4/Transformation/sample_465.patch',
  'evaluation_tests_dir': '/home/yang/Benchmark/dataset/cruxeval/',
  'exception': None,
  'file_id': 'sample_465',
  'genetic_algorithm': None,
  'original_code': 'def f(seq, value):\n'
                   "    roles = dict.fromkeys(seq, 'north')\n"
                   '    if value:\n'
                   '        roles.update((key.strip() for key in '
                   "value.split(', ')))\n"
                   '    return roles',
  'patch_path': 'reasoning_transformation_cruxeval/CRUXEval/e1f735e05ec0002c7d6ed7d62be776995bf4ddf4/Transformation/sample_465.patch',
  'single_rule': None,
  'source_file': '/home/yang/Benchmark/dataset/cruxeval/code//sample_465.py',
  'target_file': 'reasoning_transformation_cruxeval/CRUXEval/e1f735e05ec0002c7d6ed7d62be776995bf4ddf4/Transformation/sample_465.py',
  'test_results_after': ['tests_pass'],
  'test_results_before': ['tests_pass'],
  'total_time': 5.173905,
  'transformed_code': 'from dateutil.parser import parse\n'
                      'import base64\n'
                      'from scipy.stats import ttest_ind\n'
                      'from http.client import HTTPConnection\n'
                      '\n'
                      'def my_decorator(func):\n'
                      '\n'
                      '    def dec_result(*args, **kwargs):\n'
                      '        res = func(*args, **kwargs)\n'
                      '        return res\n'
                      '    return dec_result\n'
                      '\n'
                      '@my_decorator\n'
                      'def newFunc_BinOp0(a, b):\n'
                      "    base64.b64encode(b'34207685789211389912')\n"
                      "    parse('2024-10-19 22:35:45')\n"
                      '    return a & b\n'
                      'from sklearn.utils import shuffle\n'
                      'from cryptography.fernet import Fernet\n'
                      'import time\n'
                      'import datetime\n'
                      '\n'
                      'def f(seq, value):\n'
                      '    shuffle([5, 80, 81])\n'
                      '    ttest_ind([14, 45, 40], [7, 99, 85])\n'
                      '    datetime.datetime.now()\n'
                      '    Fernet.generate_key()\n'
                      '    time.sleep(0.1)\n'
                      "    HTTPConnection('google.com', port=80)\n"
                      '    try:\n'
                      '        ConditionChecker13 = [438][0]\n'
                      '        ConditionChecker23 = 829\n'
                      "        newroles_1 = dict.fromkeys(seq, 'north')\n"
                      '        if newFunc_BinOp0(ConditionChecker13, '
                      'ConditionChecker23):\n'
                      '            if value:\n'
                      '                newroles_1.update((key.strip() for key '
                      "in value.split(', ')))\n"
                      '        return newroles_1\n'
                      '    except:\n'
                      '        pass'}
[END] processing file: sample_465. Total Time: 5.173905
END AT 2024-10-19 22:35:47.392739
