STARTING AT 2024-10-19 22:15:15.320523
[START] processing file: sample_291
*Running tests for: sample_291
 
Result: ['tests_pass']
tests_pass sample_291 /home/yang/Benchmark/dataset/cruxeval/code//sample_291.py
Apply all rules on a single file.
Checking transformation add_nested_if
*Running tests for: sample_291
 
Result: ['tests_pass']
Checking transformation add_nested_list
*Running tests for: sample_291
 
Result: ['tests_pass']
Checking transformation add_datetime
*Running tests for: sample_291
 
Result: ['tests_pass']
Checking transformation add_time
*Running tests for: sample_291
 
Result: ['tests_pass']
Checking transformation create_functions
*Running tests for: sample_291
 
Result: ['tests_pass']
Checking transformation add_decorator
*Running tests for: sample_291
 
Result: ['tests_pass']
Checking transformation add_http
*Running tests for: sample_291
 
Result: ['tests_pass']
Checking transformation add_scipy
*Running tests for: sample_291
 
Result: ['tests_pass']
Checking transformation add_base64
*Running tests for: sample_291
 
Result: ['tests_pass']
Checking transformation add_dateutil
*Running tests for: sample_291
 
Result: ['tests_pass']
The file 'reasoning_transformation_cruxeval/CRUXEval/e1f735e05ec0002c7d6ed7d62be776995bf4ddf4/Transformation/sample_291.py' has been formatted successfully.
Checking reasoning_transformation_cruxeval/CRUXEval/e1f735e05ec0002c7d6ed7d62be776995bf4ddf4/Transformation/sample_291.py
*Running tests for: sample_291
 
Result: ['tests_pass']
{ 'applicable_rules': [ 'add_nested_if',
                        'add_try_except_inside_functions',
                        'add_nested_list',
                        'add_datetime',
                        'add_time',
                        'add_crypto',
                        'add_sklearn',
                        'create_functions',
                        'add_decorator',
                        'add_http',
                        'add_scipy',
                        'add_base64',
                        'add_dateutil'],
  'diff_output': 'reasoning_transformation_cruxeval/CRUXEval/e1f735e05ec0002c7d6ed7d62be776995bf4ddf4/Transformation/sample_291.patch',
  'evaluation_tests_dir': '/home/yang/Benchmark/dataset/cruxeval/',
  'exception': None,
  'file_id': 'sample_291',
  'genetic_algorithm': None,
  'original_code': 'def f(dictionary, arr):\n'
                   '    dictionary.update({arr[0]: [arr[1]]})\n'
                   '    if len(dictionary[arr[0]]) == arr[1]:\n'
                   '        dictionary[arr[0]] = arr[0]\n'
                   '    return dictionary',
  'patch_path': 'reasoning_transformation_cruxeval/CRUXEval/e1f735e05ec0002c7d6ed7d62be776995bf4ddf4/Transformation/sample_291.patch',
  'single_rule': None,
  'source_file': '/home/yang/Benchmark/dataset/cruxeval/code//sample_291.py',
  'target_file': 'reasoning_transformation_cruxeval/CRUXEval/e1f735e05ec0002c7d6ed7d62be776995bf4ddf4/Transformation/sample_291.py',
  'test_results_after': ['tests_pass'],
  'test_results_before': ['tests_pass'],
  'total_time': 4.446336,
  'transformed_code': 'from dateutil.parser import parse\n'
                      'import base64\n'
                      'from scipy.stats import ttest_ind\n'
                      'from http.client import HTTPConnection\n'
                      '\n'
                      'def my_decorator(func):\n'
                      "    HTTPConnection('google.com', port=80)\n"
                      '\n'
                      '    def dec_result(*args, **kwargs):\n'
                      '        res = func(*args, **kwargs)\n'
                      '        return res\n'
                      "    base64.b64encode(b'99107301917642161789')\n"
                      '    return dec_result\n'
                      '\n'
                      '@my_decorator\n'
                      'def newFunc_BinOp0(a, b):\n'
                      '    return a & b\n'
                      'from sklearn.utils import shuffle\n'
                      'from cryptography.fernet import Fernet\n'
                      'import time\n'
                      'import datetime\n'
                      '\n'
                      'def f(dictionary, arr):\n'
                      "    parse('2024-10-19 22:15:18')\n"
                      '    Fernet.generate_key()\n'
                      '    ttest_ind([40, 80, 13], [30, 28, 38])\n'
                      '    shuffle([43, 83, 40])\n'
                      '    time.sleep(0.0)\n'
                      '    datetime.datetime.now()\n'
                      '    try:\n'
                      '        ConditionChecker13 = [296][0]\n'
                      '        ConditionChecker23 = 926\n'
                      '        dictionary.update({arr[0]: [arr[1]]})\n'
                      '        if newFunc_BinOp0(ConditionChecker13, '
                      'ConditionChecker23):\n'
                      '            if len(dictionary[arr[0]]) == arr[1]:\n'
                      '                dictionary[arr[0]] = arr[0]\n'
                      '        return dictionary\n'
                      '    except:\n'
                      '        pass'}
[END] processing file: sample_291. Total Time: 4.446336
END AT 2024-10-19 22:15:19.768937
