STARTING AT 2024-10-19 22:58:55.566798
[START] processing file: sample_693
*Running tests for: sample_693
 
Result: ['tests_pass']
tests_pass sample_693 /home/yang/Benchmark/dataset/cruxeval/code//sample_693.py
Apply all rules on a single file.
Checking transformation add_datetime
*Running tests for: sample_693
 
Result: ['tests_pass']
Checking transformation add_time
*Running tests for: sample_693
 
Result: ['tests_pass']
def newFunc_68816(arg0, arg1):
    return arg0 * arg1
Checking transformation create_functions
*Running tests for: sample_693
 
Result: ['tests_pass']
Checking transformation add_decorator
*Running tests for: sample_693
 
Result: ['tests_pass']
Checking transformation add_http
*Running tests for: sample_693
 
Result: ['tests_pass']
Checking transformation add_scipy
*Running tests for: sample_693
 
Result: ['tests_pass']
Checking transformation add_base64
*Running tests for: sample_693
 
Result: ['tests_pass']
Checking transformation add_dateutil
*Running tests for: sample_693
 
Result: ['tests_pass']
The file 'reasoning_transformation_cruxeval/CRUXEval/e1f735e05ec0002c7d6ed7d62be776995bf4ddf4/Transformation/sample_693.py' has been formatted successfully.
Checking reasoning_transformation_cruxeval/CRUXEval/e1f735e05ec0002c7d6ed7d62be776995bf4ddf4/Transformation/sample_693.py
*Running tests for: sample_693
 
Result: ['tests_pass']
{ 'applicable_rules': [ 'change_var_names',
                        'add_try_except_inside_functions',
                        'add_datetime',
                        'add_time',
                        'add_crypto',
                        'add_sklearn',
                        'create_functions',
                        'add_decorator',
                        'add_http',
                        'add_scipy',
                        'add_base64',
                        'add_dateutil'],
  'diff_output': 'reasoning_transformation_cruxeval/CRUXEval/e1f735e05ec0002c7d6ed7d62be776995bf4ddf4/Transformation/sample_693.patch',
  'evaluation_tests_dir': '/home/yang/Benchmark/dataset/cruxeval/',
  'exception': None,
  'file_id': 'sample_693',
  'genetic_algorithm': None,
  'original_code': 'def f(text):\n'
                   "    n = int(text.find('8'))\n"
                   "    return 'x0' * n",
  'patch_path': 'reasoning_transformation_cruxeval/CRUXEval/e1f735e05ec0002c7d6ed7d62be776995bf4ddf4/Transformation/sample_693.patch',
  'single_rule': None,
  'source_file': '/home/yang/Benchmark/dataset/cruxeval/code//sample_693.py',
  'target_file': 'reasoning_transformation_cruxeval/CRUXEval/e1f735e05ec0002c7d6ed7d62be776995bf4ddf4/Transformation/sample_693.py',
  'test_results_after': ['tests_pass'],
  'test_results_before': ['tests_pass'],
  'total_time': 6.302909,
  'transformed_code': 'from dateutil.parser import parse\n'
                      'import base64\n'
                      'from scipy.stats import ttest_ind\n'
                      'from http.client import HTTPConnection\n'
                      '\n'
                      'def my_decorator(func):\n'
                      '\n'
                      '    def dec_result(*args, **kwargs):\n'
                      '        res = func(*args, **kwargs)\n'
                      '        return res\n'
                      "    base64.b64encode(b'35528360621622241102')\n"
                      '    return dec_result\n'
                      '\n'
                      '@my_decorator\n'
                      'def newFunc_68816(arg0, arg1):\n'
                      '    return arg0 * arg1\n'
                      'from sklearn.utils import shuffle\n'
                      'from cryptography.fernet import Fernet\n'
                      'import time\n'
                      'import datetime\n'
                      '\n'
                      'def f(text):\n'
                      "    parse('2024-10-19 22:59:00')\n"
                      '    datetime.datetime.now()\n'
                      '    time.sleep(0.23)\n'
                      '    Fernet.generate_key()\n'
                      '    shuffle([9, 4, 94])\n'
                      '    ttest_ind([29, 68, 87], [89, 98, 68])\n'
                      "    HTTPConnection('google.com', port=80)\n"
                      '    try:\n'
                      "        newn_1 = int(text.find('8'))\n"
                      "        return newFunc_68816('x0', newn_1)\n"
                      '    except:\n'
                      '        pass'}
[END] processing file: sample_693. Total Time: 6.302909
END AT 2024-10-19 22:59:01.870975
