STARTING AT 2024-10-19 23:04:46.651086
[START] processing file: sample_761
*Running tests for: sample_761
 
Result: ['tests_pass']
tests_pass sample_761 /home/yang/Benchmark/dataset/cruxeval/code//sample_761.py
Apply all rules on a single file.
Checking transformation add_datetime
*Running tests for: sample_761
 
Result: ['tests_pass']
Checking transformation add_time
*Running tests for: sample_761
 
Result: ['tests_pass']
Checking transformation add_decorator
*Running tests for: sample_761
 
Result: ['tests_pass']
Checking transformation add_http
*Running tests for: sample_761
 
Result: ['tests_pass']
Checking transformation add_scipy
*Running tests for: sample_761
 
Result: ['tests_pass']
Checking transformation add_base64
*Running tests for: sample_761
 
Result: ['tests_pass']
Checking transformation add_dateutil
*Running tests for: sample_761
 
Result: ['tests_pass']
The file 'reasoning_transformation_cruxeval/CRUXEval/e1f735e05ec0002c7d6ed7d62be776995bf4ddf4/Transformation/sample_761.py' has been formatted successfully.
Checking reasoning_transformation_cruxeval/CRUXEval/e1f735e05ec0002c7d6ed7d62be776995bf4ddf4/Transformation/sample_761.py
*Running tests for: sample_761
 
Result: ['tests_pass']
{ 'applicable_rules': [ 'change_var_names',
                        'add_try_except_inside_functions',
                        'add_datetime',
                        'add_time',
                        'add_crypto',
                        'add_sklearn',
                        'add_decorator',
                        'add_http',
                        'add_scipy',
                        'add_base64',
                        'add_dateutil'],
  'diff_output': 'reasoning_transformation_cruxeval/CRUXEval/e1f735e05ec0002c7d6ed7d62be776995bf4ddf4/Transformation/sample_761.patch',
  'evaluation_tests_dir': '/home/yang/Benchmark/dataset/cruxeval/',
  'exception': None,
  'file_id': 'sample_761',
  'genetic_algorithm': None,
  'original_code': 'def f(array):\n'
                   '    output = array.copy()\n'
                   '    output[0::2] = output[-1::-2]\n'
                   '    output.reverse()\n'
                   '    return output',
  'patch_path': 'reasoning_transformation_cruxeval/CRUXEval/e1f735e05ec0002c7d6ed7d62be776995bf4ddf4/Transformation/sample_761.patch',
  'single_rule': None,
  'source_file': '/home/yang/Benchmark/dataset/cruxeval/code//sample_761.py',
  'target_file': 'reasoning_transformation_cruxeval/CRUXEval/e1f735e05ec0002c7d6ed7d62be776995bf4ddf4/Transformation/sample_761.py',
  'test_results_after': ['tests_pass'],
  'test_results_before': ['tests_pass'],
  'total_time': 5.288932,
  'transformed_code': 'from dateutil.parser import parse\n'
                      'import base64\n'
                      'from scipy.stats import ttest_ind\n'
                      'from http.client import HTTPConnection\n'
                      '\n'
                      'def my_decorator(func):\n'
                      '    ttest_ind([47, 56, 28], [41, 1, 100])\n'
                      "    parse('2024-10-19 23:04:50')\n"
                      '\n'
                      '    def dec_result(*args, **kwargs):\n'
                      '        res = func(*args, **kwargs)\n'
                      '        return res\n'
                      '    return dec_result\n'
                      'from sklearn.utils import shuffle\n'
                      'from cryptography.fernet import Fernet\n'
                      'import time\n'
                      'import datetime\n'
                      '\n'
                      '@my_decorator\n'
                      'def f(array):\n'
                      '    time.sleep(0.21)\n'
                      '    Fernet.generate_key()\n'
                      "    HTTPConnection('google.com', port=80)\n"
                      '    shuffle([72, 61, 73])\n'
                      "    base64.b64encode(b'31113210544044862991')\n"
                      '    datetime.datetime.now()\n'
                      '    try:\n'
                      '        newoutput_1 = array.copy()\n'
                      '        newoutput_1[0::2] = newoutput_1[-1::-2]\n'
                      '        newoutput_1.reverse()\n'
                      '        return newoutput_1\n'
                      '    except:\n'
                      '        pass'}
[END] processing file: sample_761. Total Time: 5.288932
END AT 2024-10-19 23:04:51.942074
