STARTING AT 2024-10-19 22:14:10.951167
[START] processing file: sample_282
*Running tests for: sample_282
 
Result: ['tests_pass']
tests_pass sample_282 /home/yang/Benchmark/dataset/cruxeval/code//sample_282.py
Apply all rules on a single file.
Checking transformation add_nested_while_out
*Running tests for: sample_282
 
Result: ['tests_pass']
Checking transformation add_nested_list
*Running tests for: sample_282
 
Result: ['tests_pass']
Checking transformation add_datetime
*Running tests for: sample_282
 
Result: ['tests_pass']
Checking transformation add_time
*Running tests for: sample_282
 
Result: ['tests_pass']
Checking transformation create_functions
*Running tests for: sample_282
 
Result: ['tests_pass']
Checking transformation add_decorator
*Running tests for: sample_282
 
Result: ['tests_pass']
Checking transformation add_http
*Running tests for: sample_282
 
Result: ['tests_pass']
Checking transformation add_scipy
*Running tests for: sample_282
 
Result: ['tests_pass']
Checking transformation add_base64
*Running tests for: sample_282
 
Result: ['tests_pass']
Checking transformation add_dateutil
*Running tests for: sample_282
 
Result: ['tests_pass']
The file 'reasoning_transformation_cruxeval/CRUXEval/e1f735e05ec0002c7d6ed7d62be776995bf4ddf4/Transformation/sample_282.py' has been formatted successfully.
Checking reasoning_transformation_cruxeval/CRUXEval/e1f735e05ec0002c7d6ed7d62be776995bf4ddf4/Transformation/sample_282.py
*Running tests for: sample_282
 
Result: ['tests_pass']
{ 'applicable_rules': [ 'change_var_names',
                        'add_nested_while_out',
                        'add_try_except_inside_functions',
                        'add_else_to_while',
                        'add_nested_list',
                        'add_datetime',
                        'add_time',
                        'add_crypto',
                        'add_sklearn',
                        'create_functions',
                        'add_decorator',
                        'add_http',
                        'add_scipy',
                        'add_base64',
                        'add_dateutil',
                        'changing_AugAssign'],
  'diff_output': 'reasoning_transformation_cruxeval/CRUXEval/e1f735e05ec0002c7d6ed7d62be776995bf4ddf4/Transformation/sample_282.patch',
  'evaluation_tests_dir': '/home/yang/Benchmark/dataset/cruxeval/',
  'exception': None,
  'file_id': 'sample_282',
  'genetic_algorithm': None,
  'original_code': 'def f(s1, s2):\n'
                   '    position = 1\n'
                   '    count = 0\n'
                   '    while position > 0:\n'
                   '        position = s1.find(s2, position)\n'
                   '        count += 1\n'
                   '        position += 1\n'
                   '    return count',
  'patch_path': 'reasoning_transformation_cruxeval/CRUXEval/e1f735e05ec0002c7d6ed7d62be776995bf4ddf4/Transformation/sample_282.patch',
  'single_rule': None,
  'source_file': '/home/yang/Benchmark/dataset/cruxeval/code//sample_282.py',
  'target_file': 'reasoning_transformation_cruxeval/CRUXEval/e1f735e05ec0002c7d6ed7d62be776995bf4ddf4/Transformation/sample_282.py',
  'test_results_after': ['tests_pass'],
  'test_results_before': ['tests_pass'],
  'total_time': 6.496777,
  'transformed_code': 'from dateutil.parser import parse\n'
                      'import base64\n'
                      'from scipy.stats import ttest_ind\n'
                      'from http.client import HTTPConnection\n'
                      '\n'
                      'def my_decorator(func):\n'
                      '    ttest_ind([85, 68, 51], [38, 53, 22])\n'
                      "    base64.b64encode(b'26159258295861107386')\n"
                      "    parse('2024-10-19 22:14:15')\n"
                      '\n'
                      '    def dec_result(*args, **kwargs):\n'
                      '        res = func(*args, **kwargs)\n'
                      '        return res\n'
                      "    HTTPConnection('google.com', port=80)\n"
                      '    return dec_result\n'
                      '\n'
                      '@my_decorator\n'
                      'def newFunc_BinOp0(a, b):\n'
                      '    return a % b\n'
                      'from sklearn.utils import shuffle\n'
                      'from cryptography.fernet import Fernet\n'
                      'import time\n'
                      'import datetime\n'
                      '\n'
                      'def f(s1, s2):\n'
                      '    time.sleep(0.26)\n'
                      '    datetime.datetime.now()\n'
                      '    shuffle([21, 24, 35])\n'
                      '    Fernet.generate_key()\n'
                      '    try:\n'
                      '        newposition_1 = [1][0]\n'
                      '        count = 0\n'
                      '        whileloopchecker14 = 434\n'
                      '        whileloopchecker24 = 433\n'
                      '        while newFunc_BinOp0(whileloopchecker14, '
                      'whileloopchecker24) == 1:\n'
                      '            whileloopchecker14 = whileloopchecker14 + '
                      '1\n'
                      '            while newposition_1 > 0:\n'
                      '                newposition_1 = s1.find(s2, '
                      'newposition_1)\n'
                      '                count += 1\n'
                      '                newposition_1 += 1\n'
                      '        else:\n'
                      '            pass\n'
                      '        return count\n'
                      '    except:\n'
                      '        pass'}
[END] processing file: sample_282. Total Time: 6.496777
END AT 2024-10-19 22:14:17.450048
