STARTING AT 2024-10-19 23:06:18.940266
[START] processing file: sample_774
*Running tests for: sample_774
 
Result: ['tests_pass']
tests_pass sample_774 /home/yang/Benchmark/dataset/cruxeval/code//sample_774.py
Apply all rules on a single file.
Checking transformation add_nested_list
*Running tests for: sample_774
 
Result: ['tests_pass']
Checking transformation add_datetime
*Running tests for: sample_774
 
Result: ['tests_pass']
Checking transformation add_time
*Running tests for: sample_774
 
Result: ['tests_pass']
Checking transformation add_decorator
*Running tests for: sample_774
 
Result: ['tests_pass']
Checking transformation add_http
*Running tests for: sample_774
 
Result: ['tests_pass']
Checking transformation add_scipy
*Running tests for: sample_774
 
Result: ['tests_pass']
Checking transformation add_base64
*Running tests for: sample_774
 
Result: ['tests_pass']
Checking transformation add_dateutil
*Running tests for: sample_774
 
Result: ['tests_pass']
The file 'reasoning_transformation_cruxeval/CRUXEval/e1f735e05ec0002c7d6ed7d62be776995bf4ddf4/Transformation/sample_774.py' has been formatted successfully.
Checking reasoning_transformation_cruxeval/CRUXEval/e1f735e05ec0002c7d6ed7d62be776995bf4ddf4/Transformation/sample_774.py
*Running tests for: sample_774
 
Result: ['tests_pass']
{ 'applicable_rules': [ 'change_var_names',
                        'add_try_except_inside_functions',
                        'add_nested_list',
                        'add_datetime',
                        'add_time',
                        'add_crypto',
                        'add_sklearn',
                        'add_decorator',
                        'add_http',
                        'add_scipy',
                        'add_base64',
                        'add_dateutil'],
  'diff_output': 'reasoning_transformation_cruxeval/CRUXEval/e1f735e05ec0002c7d6ed7d62be776995bf4ddf4/Transformation/sample_774.patch',
  'evaluation_tests_dir': '/home/yang/Benchmark/dataset/cruxeval/',
  'exception': None,
  'file_id': 'sample_774',
  'genetic_algorithm': None,
  'original_code': 'def f(num, name):\n'
                   "    f_str = 'quiz leader = {}, count = {}'\n"
                   '    return f_str.format(name, num)',
  'patch_path': 'reasoning_transformation_cruxeval/CRUXEval/e1f735e05ec0002c7d6ed7d62be776995bf4ddf4/Transformation/sample_774.patch',
  'single_rule': None,
  'source_file': '/home/yang/Benchmark/dataset/cruxeval/code//sample_774.py',
  'target_file': 'reasoning_transformation_cruxeval/CRUXEval/e1f735e05ec0002c7d6ed7d62be776995bf4ddf4/Transformation/sample_774.py',
  'test_results_after': ['tests_pass'],
  'test_results_before': ['tests_pass'],
  'total_time': 4.24001,
  'transformed_code': 'from dateutil.parser import parse\n'
                      'import base64\n'
                      'from scipy.stats import ttest_ind\n'
                      'from http.client import HTTPConnection\n'
                      '\n'
                      'def my_decorator(func):\n'
                      '\n'
                      '    def dec_result(*args, **kwargs):\n'
                      '        res = func(*args, **kwargs)\n'
                      '        return res\n'
                      "    parse('2024-10-19 23:06:21')\n"
                      '    return dec_result\n'
                      'from sklearn.utils import shuffle\n'
                      'from cryptography.fernet import Fernet\n'
                      'import time\n'
                      'import datetime\n'
                      '\n'
                      '@my_decorator\n'
                      'def f(num, name):\n'
                      '    ttest_ind([43, 71, 74], [30, 62, 3])\n'
                      "    HTTPConnection('google.com', port=80)\n"
                      '    time.sleep(0.06)\n'
                      '    shuffle([47, 99, 35])\n'
                      '    datetime.datetime.now()\n'
                      "    base64.b64encode(b'73684101088874346317')\n"
                      '    Fernet.generate_key()\n'
                      '    try:\n'
                      "        newf_str_1 = ['quiz leader = {}, count = "
                      "{}'][0]\n"
                      '        return newf_str_1.format(name, num)\n'
                      '    except:\n'
                      '        pass'}
[END] processing file: sample_774. Total Time: 4.24001
END AT 2024-10-19 23:06:23.181266
