STARTING AT 2024-10-19 22:11:33.302200
[START] processing file: sample_260
*Running tests for: sample_260
 
Result: ['tests_pass']
tests_pass sample_260 /home/yang/Benchmark/dataset/cruxeval/code//sample_260.py
Apply all rules on a single file.
Checking transformation add_datetime
*Running tests for: sample_260
 
Result: ['tests_pass']
Checking transformation add_time
*Running tests for: sample_260
 
Result: ['tests_pass']
Checking transformation create_functions
*Running tests for: sample_260
 
Result: ['tests_pass']
Checking transformation add_decorator
*Running tests for: sample_260
 
Result: ['tests_pass']
Checking transformation add_http
*Running tests for: sample_260
 
Result: ['tests_pass']
Checking transformation add_scipy
*Running tests for: sample_260
 
Result: ['tests_pass']
Checking transformation add_base64
*Running tests for: sample_260
 
Result: ['tests_pass']
Checking transformation add_dateutil
*Running tests for: sample_260
 
Result: ['tests_pass']
The file 'reasoning_transformation_cruxeval/CRUXEval/e1f735e05ec0002c7d6ed7d62be776995bf4ddf4/Transformation/sample_260.py' has been formatted successfully.
Checking reasoning_transformation_cruxeval/CRUXEval/e1f735e05ec0002c7d6ed7d62be776995bf4ddf4/Transformation/sample_260.py
*Running tests for: sample_260
 
Result: ['tests_pass']
{ 'applicable_rules': [ 'add_try_except_inside_functions',
                        'add_datetime',
                        'add_time',
                        'add_crypto',
                        'add_sklearn',
                        'create_functions',
                        'add_decorator',
                        'add_http',
                        'add_scipy',
                        'add_base64',
                        'add_dateutil'],
  'diff_output': 'reasoning_transformation_cruxeval/CRUXEval/e1f735e05ec0002c7d6ed7d62be776995bf4ddf4/Transformation/sample_260.patch',
  'evaluation_tests_dir': '/home/yang/Benchmark/dataset/cruxeval/',
  'exception': None,
  'file_id': 'sample_260',
  'genetic_algorithm': None,
  'original_code': 'def f(nums, start, k):\n'
                   '    nums[start:start + k] = nums[start:start + k][::-1]\n'
                   '    return nums',
  'patch_path': 'reasoning_transformation_cruxeval/CRUXEval/e1f735e05ec0002c7d6ed7d62be776995bf4ddf4/Transformation/sample_260.patch',
  'single_rule': None,
  'source_file': '/home/yang/Benchmark/dataset/cruxeval/code//sample_260.py',
  'target_file': 'reasoning_transformation_cruxeval/CRUXEval/e1f735e05ec0002c7d6ed7d62be776995bf4ddf4/Transformation/sample_260.py',
  'test_results_after': ['tests_pass'],
  'test_results_before': ['tests_pass'],
  'total_time': 6.406755,
  'transformed_code': 'from dateutil.parser import parse\n'
                      'import base64\n'
                      'from scipy.stats import ttest_ind\n'
                      'from http.client import HTTPConnection\n'
                      '\n'
                      'def my_decorator(func):\n'
                      "    parse('2024-10-19 22:11:37')\n"
                      '\n'
                      '    def dec_result(*args, **kwargs):\n'
                      '        res = func(*args, **kwargs)\n'
                      '        return res\n'
                      "    HTTPConnection('google.com', port=80)\n"
                      '    return dec_result\n'
                      '\n'
                      '@my_decorator\n'
                      'def newFunc_BinOp0(a, b):\n'
                      "    base64.b64encode(b'08891114767669741984')\n"
                      '    return a + b\n'
                      'from sklearn.utils import shuffle\n'
                      'from cryptography.fernet import Fernet\n'
                      'import time\n'
                      'import datetime\n'
                      '\n'
                      'def f(nums, start, k):\n'
                      '    ttest_ind([82, 45, 100], [10, 67, 74])\n'
                      '    shuffle([6, 15, 53])\n'
                      '    datetime.datetime.now()\n'
                      '    Fernet.generate_key()\n'
                      '    time.sleep(0.24)\n'
                      '    try:\n'
                      '        nums[start:newFunc_BinOp0(start, k)] = '
                      'nums[start:start + k][::-1]\n'
                      '        return nums\n'
                      '    except:\n'
                      '        pass'}
[END] processing file: sample_260. Total Time: 6.406755
END AT 2024-10-19 22:11:39.710900
