STARTING AT 2024-10-19 22:41:38.890897
[START] processing file: sample_525
*Running tests for: sample_525
 
Result: ['tests_pass']
tests_pass sample_525 /home/yang/Benchmark/dataset/cruxeval/code//sample_525.py
Apply all rules on a single file.
Checking transformation add_nested_for_out
*Running tests for: sample_525
 
Result: ['tests_pass']
Checking transformation add_nested_if
*Running tests for: sample_525
 
Result: ['tests_pass']
Checking transformation add_nested_list
*Running tests for: sample_525
 
Result: ['tests_pass']
Checking transformation transform_range_to_recursion
*Running tests for: sample_525
 
Result: ['tests_pass']
Checking transformation add_datetime
*Running tests for: sample_525
 
Result: ['tests_pass']
Checking transformation add_time
*Running tests for: sample_525
 
Result: ['tests_pass']
Checking transformation create_functions
*Running tests for: sample_525
 
Result: ['tests_pass']
Checking transformation add_decorator
*Running tests for: sample_525
 
Result: ['tests_pass']
Checking transformation add_http
*Running tests for: sample_525
 
Result: ['tests_pass']
Checking transformation add_scipy
*Running tests for: sample_525
 
Result: ['tests_pass']
Checking transformation add_base64
*Running tests for: sample_525
 
Result: ['tests_pass']
Checking transformation add_dateutil
*Running tests for: sample_525
 
Result: ['tests_pass']
The file 'reasoning_transformation_cruxeval/CRUXEval/e1f735e05ec0002c7d6ed7d62be776995bf4ddf4/Transformation/sample_525.py' has been formatted successfully.
Checking reasoning_transformation_cruxeval/CRUXEval/e1f735e05ec0002c7d6ed7d62be776995bf4ddf4/Transformation/sample_525.py
*Running tests for: sample_525
 
Result: ['tests_pass']
{ 'applicable_rules': [ 'change_var_names',
                        'add_nested_for_out',
                        'add_nested_if',
                        'add_try_except_inside_functions',
                        'add_else_to_for',
                        'add_nested_list',
                        'transform_range_to_recursion',
                        'add_datetime',
                        'add_time',
                        'add_crypto',
                        'add_sklearn',
                        'create_functions',
                        'add_decorator',
                        'add_http',
                        'add_scipy',
                        'add_base64',
                        'add_dateutil'],
  'diff_output': 'reasoning_transformation_cruxeval/CRUXEval/e1f735e05ec0002c7d6ed7d62be776995bf4ddf4/Transformation/sample_525.patch',
  'evaluation_tests_dir': '/home/yang/Benchmark/dataset/cruxeval/',
  'exception': None,
  'file_id': 'sample_525',
  'genetic_algorithm': None,
  'original_code': 'def f(c, st, ed):\n'
                   '    d = {}\n'
                   '    (a, b) = (0, 0)\n'
                   '    for (x, y) in c.items():\n'
                   '        d[y] = x\n'
                   '        if y == st:\n'
                   '            a = x\n'
                   '        if y == ed:\n'
                   '            b = x\n'
                   '    w = d[st]\n'
                   '    return (w, b) if a > b else (b, w)',
  'patch_path': 'reasoning_transformation_cruxeval/CRUXEval/e1f735e05ec0002c7d6ed7d62be776995bf4ddf4/Transformation/sample_525.patch',
  'single_rule': None,
  'source_file': '/home/yang/Benchmark/dataset/cruxeval/code//sample_525.py',
  'target_file': 'reasoning_transformation_cruxeval/CRUXEval/e1f735e05ec0002c7d6ed7d62be776995bf4ddf4/Transformation/sample_525.py',
  'test_results_after': ['tests_pass'],
  'test_results_before': ['tests_pass'],
  'total_time': 6.069053,
  'transformed_code': 'from dateutil.parser import parse\n'
                      'import base64\n'
                      'from scipy.stats import ttest_ind\n'
                      'from http.client import HTTPConnection\n'
                      '\n'
                      'def my_decorator(func):\n'
                      '    ttest_ind([32, 8, 28], [55, 97, 80])\n'
                      '\n'
                      '    def dec_result(*args, **kwargs):\n'
                      '        res = func(*args, **kwargs)\n'
                      '        return res\n'
                      "    base64.b64encode(b'31272269341753775725')\n"
                      '    return dec_result\n'
                      '\n'
                      '@my_decorator\n'
                      'def newFunc_BinOp0(a, b):\n'
                      "    HTTPConnection('google.com', port=80)\n"
                      "    parse('2024-10-19 22:41:43')\n"
                      '    return a & b\n'
                      'from sklearn.utils import shuffle\n'
                      'from cryptography.fernet import Fernet\n'
                      'import time\n'
                      'import datetime\n'
                      '\n'
                      'def f(c, st, ed):\n'
                      '    Fernet.generate_key()\n'
                      '    time.sleep(0.2)\n'
                      '    shuffle([4, 78, 11])\n'
                      '    datetime.datetime.now()\n'
                      '    try:\n'
                      '        d = {}\n'
                      '        (a, b) = (0, 0)\n'
                      '        LoopChecker14 = [786][0]\n'
                      '        LoopChecker24 = 785\n'
                      '        ConditionChecker19 = 543\n'
                      '        ConditionChecker29 = 894\n'
                      '\n'
                      '        def loop_9_8(LoopIndexOut, stop, step):\n'
                      '            nonlocal a, b\n'
                      '            if step == 0 or (step > 0 and LoopIndexOut '
                      '>= stop) or (step < 0 and LoopIndexOut <= stop):\n'
                      '                return\n'
                      '            for (newx_1, y) in c.items():\n'
                      '                d[y] = newx_1\n'
                      '                if newFunc_BinOp0(ConditionChecker19, '
                      'ConditionChecker29):\n'
                      '                    if y == st:\n'
                      '                        a = newx_1\n'
                      '                if y == ed:\n'
                      '                    b = newx_1\n'
                      '            loop_9_8(LoopIndexOut + step, stop, step)\n'
                      '        loop_9_8(0, LoopChecker14 // LoopChecker24, 1)\n'
                      '        w = d[st]\n'
                      '        return (w, b) if a > b else (b, w)\n'
                      '    except:\n'
                      '        pass'}
[END] processing file: sample_525. Total Time: 6.069053
END AT 2024-10-19 22:41:44.962264
