STARTING AT 2024-10-19 23:35:30.132238
[START] processing file: sample_575
*Running tests for: sample_575
 
Result: ['tests_pass']
tests_pass sample_575 /home/yang/Benchmark/dataset/cruxeval/code//sample_575.py
Apply all rules on a single file.
Checking transformation add_nested_list
*Running tests for: sample_575
 
Result: ['tests_pass']
Checking transformation replace_with_numpy
*Running tests for: sample_575
 
Result: ['tests_pass']
Checking transformation add_datetime
*Running tests for: sample_575
 
Result: ['tests_pass']
Checking transformation add_time
*Running tests for: sample_575
 
Result: ['tests_pass']
Checking transformation create_functions
*Running tests for: sample_575
 
Result: ['tests_pass']
Checking transformation add_decorator
*Running tests for: sample_575
 
Result: ['tests_pass']
Checking transformation add_http
*Running tests for: sample_575
 
Result: ['tests_pass']
Checking transformation add_scipy
*Running tests for: sample_575
 
Result: ['tests_pass']
Checking transformation add_base64
*Running tests for: sample_575
 
Result: ['tests_pass']
Checking transformation add_dateutil
*Running tests for: sample_575
 
Result: ['tests_pass']
The file 'reasoning_transformation_cruxeval/CRUXEval/951a917df7397c9cb698ead54386db6d1db4ffb0/Transformation/sample_575.py' has been formatted successfully.
Checking reasoning_transformation_cruxeval/CRUXEval/951a917df7397c9cb698ead54386db6d1db4ffb0/Transformation/sample_575.py
*Running tests for: sample_575
 
Result: ['tests_pass']
{ 'applicable_rules': [ 'change_var_names',
                        'add_try_except_inside_functions',
                        'add_nested_list',
                        'replace_with_numpy',
                        'add_datetime',
                        'add_time',
                        'add_crypto',
                        'add_sklearn',
                        'create_functions',
                        'add_decorator',
                        'add_http',
                        'add_scipy',
                        'add_base64',
                        'add_dateutil'],
  'diff_output': 'reasoning_transformation_cruxeval/CRUXEval/951a917df7397c9cb698ead54386db6d1db4ffb0/Transformation/sample_575.patch',
  'evaluation_tests_dir': '/home/yang/Benchmark/dataset/cruxeval/',
  'exception': None,
  'file_id': 'sample_575',
  'genetic_algorithm': None,
  'original_code': 'def f(nums, val):\n'
                   '    new_list = []\n'
                   '    [new_list.extend([i] * val) for i in nums]\n'
                   '    return sum(new_list)',
  'patch_path': 'reasoning_transformation_cruxeval/CRUXEval/951a917df7397c9cb698ead54386db6d1db4ffb0/Transformation/sample_575.patch',
  'single_rule': None,
  'source_file': '/home/yang/Benchmark/dataset/cruxeval/code//sample_575.py',
  'target_file': 'reasoning_transformation_cruxeval/CRUXEval/951a917df7397c9cb698ead54386db6d1db4ffb0/Transformation/sample_575.py',
  'test_results_after': ['tests_pass'],
  'test_results_before': ['tests_pass'],
  'total_time': 6.214754,
  'transformed_code': 'from dateutil.parser import parse\n'
                      'import base64\n'
                      'from scipy.stats import ttest_ind\n'
                      'from http.client import HTTPConnection\n'
                      '\n'
                      'def my_decorator(func):\n'
                      '\n'
                      '    def dec_result(*args, **kwargs):\n'
                      '        res = func(*args, **kwargs)\n'
                      '        return res\n'
                      '    ttest_ind([76, 24, 19], [89, 34, 38])\n'
                      "    parse('2024-10-19 23:35:34')\n"
                      '    return dec_result\n'
                      '\n'
                      '@my_decorator\n'
                      'def newFunc_BinOp0(a, b):\n'
                      "    base64.b64encode(b'79744017884997370465')\n"
                      "    HTTPConnection('google.com', port=80)\n"
                      '    return a * b\n'
                      'from sklearn.utils import shuffle\n'
                      'from cryptography.fernet import Fernet\n'
                      'import time\n'
                      'import datetime\n'
                      'import numpy as np\n'
                      '\n'
                      'def f(nums, val):\n'
                      '    shuffle([15, 36, 11])\n'
                      '    Fernet.generate_key()\n'
                      '    datetime.datetime.now()\n'
                      '    time.sleep(0.17)\n'
                      '    try:\n'
                      '        new_list = [[]][0]\n'
                      '        [new_list.extend(newFunc_BinOp0([newi_1], val)) '
                      'for newi_1 in nums]\n'
                      '        return np.sum(np.array([new_list]))\n'
                      '    except:\n'
                      '        pass'}
[END] processing file: sample_575. Total Time: 6.214754
END AT 2024-10-19 23:35:36.348115
