STARTING AT 2024-10-19 22:15:03.432804
[START] processing file: sample_28
*Running tests for: sample_28
 
Result: ['tests_pass']
tests_pass sample_28 /home/yang/Benchmark/dataset/cruxeval/code//sample_28.py
Apply all rules on a single file.
Checking transformation add_datetime
*Running tests for: sample_28
 
Result: ['tests_pass']
Checking transformation add_time
*Running tests for: sample_28
 
Result: ['tests_pass']
Checking transformation add_decorator
*Running tests for: sample_28
 
Result: ['tests_pass']
Checking transformation add_http
*Running tests for: sample_28
 
Result: ['tests_pass']
Checking transformation add_scipy
*Running tests for: sample_28
 
Result: ['tests_pass']
Checking transformation add_base64
*Running tests for: sample_28
 
Result: ['tests_pass']
Checking transformation add_dateutil
*Running tests for: sample_28
 
Result: ['tests_pass']
The file 'reasoning_transformation_cruxeval/CRUXEval/e1f735e05ec0002c7d6ed7d62be776995bf4ddf4/Transformation/sample_28.py' has been formatted successfully.
Checking reasoning_transformation_cruxeval/CRUXEval/e1f735e05ec0002c7d6ed7d62be776995bf4ddf4/Transformation/sample_28.py
*Running tests for: sample_28
 
Result: ['tests_pass']
{ 'applicable_rules': [ 'change_var_names',
                        'add_try_except_inside_functions',
                        'add_datetime',
                        'add_time',
                        'add_crypto',
                        'add_sklearn',
                        'add_decorator',
                        'add_http',
                        'add_scipy',
                        'add_base64',
                        'add_dateutil'],
  'diff_output': 'reasoning_transformation_cruxeval/CRUXEval/e1f735e05ec0002c7d6ed7d62be776995bf4ddf4/Transformation/sample_28.patch',
  'evaluation_tests_dir': '/home/yang/Benchmark/dataset/cruxeval/',
  'exception': None,
  'file_id': 'sample_28',
  'genetic_algorithm': None,
  'original_code': 'def f(mylist):\n'
                   '    revl = mylist[:]\n'
                   '    revl.reverse()\n'
                   '    mylist.sort(reverse=True)\n'
                   '    return mylist == revl',
  'patch_path': 'reasoning_transformation_cruxeval/CRUXEval/e1f735e05ec0002c7d6ed7d62be776995bf4ddf4/Transformation/sample_28.patch',
  'single_rule': None,
  'source_file': '/home/yang/Benchmark/dataset/cruxeval/code//sample_28.py',
  'target_file': 'reasoning_transformation_cruxeval/CRUXEval/e1f735e05ec0002c7d6ed7d62be776995bf4ddf4/Transformation/sample_28.py',
  'test_results_after': ['tests_pass'],
  'test_results_before': ['tests_pass'],
  'total_time': 4.059752,
  'transformed_code': 'from dateutil.parser import parse\n'
                      'import base64\n'
                      'from scipy.stats import ttest_ind\n'
                      'from http.client import HTTPConnection\n'
                      '\n'
                      'def my_decorator(func):\n'
                      "    parse('2024-10-19 22:15:06')\n"
                      "    base64.b64encode(b'36636681431127240048')\n"
                      '\n'
                      '    def dec_result(*args, **kwargs):\n'
                      '        res = func(*args, **kwargs)\n'
                      '        return res\n'
                      "    HTTPConnection('google.com', port=80)\n"
                      '    ttest_ind([23, 7, 34], [90, 57, 21])\n'
                      '    return dec_result\n'
                      'from sklearn.utils import shuffle\n'
                      'from cryptography.fernet import Fernet\n'
                      'import time\n'
                      'import datetime\n'
                      '\n'
                      '@my_decorator\n'
                      'def f(mylist):\n'
                      '    shuffle([76, 54, 20])\n'
                      '    Fernet.generate_key()\n'
                      '    datetime.datetime.now()\n'
                      '    time.sleep(0.04)\n'
                      '    try:\n'
                      '        newrevl_1 = mylist[:]\n'
                      '        newrevl_1.reverse()\n'
                      '        mylist.sort(reverse=True)\n'
                      '        return mylist == newrevl_1\n'
                      '    except:\n'
                      '        pass'}
[END] processing file: sample_28. Total Time: 4.059752
END AT 2024-10-19 22:15:07.493761
