STARTING AT 2024-10-19 22:59:15.897756
[START] processing file: sample_696
*Running tests for: sample_696
 
Result: ['tests_pass']
tests_pass sample_696 /home/yang/Benchmark/dataset/cruxeval/code//sample_696.py
Apply all rules on a single file.
Checking transformation add_nested_for_out
*Running tests for: sample_696
 
Result: ['tests_pass']
Checking transformation add_nested_list
*Running tests for: sample_696
 
Result: ['tests_pass']
Checking transformation transform_range_to_recursion
*Running tests for: sample_696
 
Result: ['tests_pass']
Checking transformation add_datetime
*Running tests for: sample_696
 
Result: ['tests_pass']
Checking transformation add_time
*Running tests for: sample_696
 
Result: ['tests_pass']
Checking transformation create_functions
*Running tests for: sample_696
 
Result: ['tests_pass']
Checking transformation add_decorator
*Running tests for: sample_696
 
Result: ['tests_pass']
Checking transformation add_http
*Running tests for: sample_696
 
Result: ['tests_pass']
Checking transformation add_scipy
*Running tests for: sample_696
 
Result: ['tests_pass']
Checking transformation add_base64
*Running tests for: sample_696
 
Result: ['tests_pass']
Checking transformation add_dateutil
*Running tests for: sample_696
 
Result: ['tests_pass']
The file 'reasoning_transformation_cruxeval/CRUXEval/e1f735e05ec0002c7d6ed7d62be776995bf4ddf4/Transformation/sample_696.py' has been formatted successfully.
Checking reasoning_transformation_cruxeval/CRUXEval/e1f735e05ec0002c7d6ed7d62be776995bf4ddf4/Transformation/sample_696.py
*Running tests for: sample_696
 
Result: ['tests_pass']
{ 'applicable_rules': [ 'change_var_names',
                        'add_nested_for_out',
                        'add_try_except_inside_functions',
                        'add_else_to_for',
                        'add_nested_list',
                        'transform_range_to_recursion',
                        'add_datetime',
                        'add_time',
                        'add_crypto',
                        'add_sklearn',
                        'create_functions',
                        'add_decorator',
                        'add_http',
                        'add_scipy',
                        'add_base64',
                        'add_dateutil'],
  'diff_output': 'reasoning_transformation_cruxeval/CRUXEval/e1f735e05ec0002c7d6ed7d62be776995bf4ddf4/Transformation/sample_696.patch',
  'evaluation_tests_dir': '/home/yang/Benchmark/dataset/cruxeval/',
  'exception': None,
  'file_id': 'sample_696',
  'genetic_algorithm': None,
  'original_code': 'def f(text):\n'
                   '    s = 0\n'
                   '    for i in range(1, len(text)):\n'
                   '        s += len(text.rpartition(text[i])[0])\n'
                   '    return s',
  'patch_path': 'reasoning_transformation_cruxeval/CRUXEval/e1f735e05ec0002c7d6ed7d62be776995bf4ddf4/Transformation/sample_696.patch',
  'single_rule': None,
  'source_file': '/home/yang/Benchmark/dataset/cruxeval/code//sample_696.py',
  'target_file': 'reasoning_transformation_cruxeval/CRUXEval/e1f735e05ec0002c7d6ed7d62be776995bf4ddf4/Transformation/sample_696.py',
  'test_results_after': ['tests_pass'],
  'test_results_before': ['tests_pass'],
  'total_time': 5.282213,
  'transformed_code': 'from dateutil.parser import parse\n'
                      'import base64\n'
                      'from scipy.stats import ttest_ind\n'
                      'from http.client import HTTPConnection\n'
                      '\n'
                      'def my_decorator(func):\n'
                      "    HTTPConnection('google.com', port=80)\n"
                      '\n'
                      '    def dec_result(*args, **kwargs):\n'
                      '        res = func(*args, **kwargs)\n'
                      '        return res\n'
                      '    return dec_result\n'
                      '\n'
                      '@my_decorator\n'
                      'def newFunc_BinOp0(a, b):\n'
                      "    base64.b64encode(b'78377877666680869943')\n"
                      '    return a // b\n'
                      'from sklearn.utils import shuffle\n'
                      'from cryptography.fernet import Fernet\n'
                      'import time\n'
                      'import datetime\n'
                      '\n'
                      'def f(text):\n'
                      '    shuffle([89, 9, 76])\n'
                      '    time.sleep(0.11)\n'
                      '    ttest_ind([25, 65, 12], [87, 26, 83])\n'
                      "    parse('2024-10-19 22:59:19')\n"
                      '    datetime.datetime.now()\n'
                      '    Fernet.generate_key()\n'
                      '    try:\n'
                      '        s = [0][0]\n'
                      '        LoopChecker13 = 629\n'
                      '        LoopChecker23 = 628\n'
                      '        for LoopIndexOut in '
                      'range(newFunc_BinOp0(LoopChecker13, LoopChecker23)):\n'
                      '\n'
                      '            def loop_7_12(newi_1, stop, step):\n'
                      '                nonlocal s\n'
                      '                if step == 0 or (step > 0 and newi_1 >= '
                      'stop) or (step < 0 and newi_1 <= stop):\n'
                      '                    return\n'
                      '                s += '
                      'len(text.rpartition(text[newi_1])[0])\n'
                      '                loop_7_12(newi_1 + step, stop, step)\n'
                      '            loop_7_12(1, len(text), 1)\n'
                      '        else:\n'
                      '            pass\n'
                      '        return s\n'
                      '    except:\n'
                      '        pass'}
[END] processing file: sample_696. Total Time: 5.282213
END AT 2024-10-19 22:59:21.181431
