STARTING AT 2024-10-19 23:38:14.856531
[START] processing file: sample_645
*Running tests for: sample_645
 
Result: ['tests_pass']
tests_pass sample_645 /home/yang/Benchmark/dataset/cruxeval/code//sample_645.py
Apply all rules on a single file.
Checking transformation add_nested_if
*Running tests for: sample_645
 
Result: ['tests_pass']
Checking transformation add_nested_list
*Running tests for: sample_645
 
Result: ['tests_pass']
Checking transformation add_datetime
*Running tests for: sample_645
 
Result: ['tests_pass']
Checking transformation add_time
*Running tests for: sample_645
 
Result: ['tests_pass']
Checking transformation create_functions
*Running tests for: sample_645
 
Result: ['tests_pass']
Checking transformation add_decorator
*Running tests for: sample_645
 
Result: ['tests_pass']
Checking transformation add_http
*Running tests for: sample_645
 
Result: ['tests_pass']
Checking transformation add_scipy
*Running tests for: sample_645
 
Result: ['tests_pass']
Checking transformation add_base64
*Running tests for: sample_645
 
Result: ['tests_pass']
Checking transformation add_dateutil
*Running tests for: sample_645
 
Result: ['tests_pass']
The file 'reasoning_transformation_cruxeval/CRUXEval/951a917df7397c9cb698ead54386db6d1db4ffb0/Transformation/sample_645.py' has been formatted successfully.
Checking reasoning_transformation_cruxeval/CRUXEval/951a917df7397c9cb698ead54386db6d1db4ffb0/Transformation/sample_645.py
*Running tests for: sample_645
 
Result: ['tests_pass']
{ 'applicable_rules': [ 'add_nested_if',
                        'add_try_except_inside_functions',
                        'add_nested_list',
                        'add_datetime',
                        'add_time',
                        'add_crypto',
                        'add_sklearn',
                        'create_functions',
                        'add_decorator',
                        'add_http',
                        'add_scipy',
                        'add_base64',
                        'add_dateutil'],
  'diff_output': 'reasoning_transformation_cruxeval/CRUXEval/951a917df7397c9cb698ead54386db6d1db4ffb0/Transformation/sample_645.patch',
  'evaluation_tests_dir': '/home/yang/Benchmark/dataset/cruxeval/',
  'exception': None,
  'file_id': 'sample_645',
  'genetic_algorithm': None,
  'original_code': 'def f(nums, target):\n'
                   '    if nums.count(0):\n'
                   '        return 0\n'
                   '    elif nums.count(target) < 3:\n'
                   '        return 1\n'
                   '    else:\n'
                   '        return nums.index(target)',
  'patch_path': 'reasoning_transformation_cruxeval/CRUXEval/951a917df7397c9cb698ead54386db6d1db4ffb0/Transformation/sample_645.patch',
  'single_rule': None,
  'source_file': '/home/yang/Benchmark/dataset/cruxeval/code//sample_645.py',
  'target_file': 'reasoning_transformation_cruxeval/CRUXEval/951a917df7397c9cb698ead54386db6d1db4ffb0/Transformation/sample_645.py',
  'test_results_after': ['tests_pass'],
  'test_results_before': ['tests_pass'],
  'total_time': 4.888011,
  'transformed_code': 'from dateutil.parser import parse\n'
                      'import base64\n'
                      'from scipy.stats import ttest_ind\n'
                      'from http.client import HTTPConnection\n'
                      '\n'
                      'def my_decorator(func):\n'
                      '\n'
                      '    def dec_result(*args, **kwargs):\n'
                      '        res = func(*args, **kwargs)\n'
                      '        return res\n'
                      "    parse('2024-10-19 23:38:18')\n"
                      '    return dec_result\n'
                      '\n'
                      '@my_decorator\n'
                      'def newFunc_BinOp0(a, b):\n'
                      "    HTTPConnection('google.com', port=80)\n"
                      '    return a & b\n'
                      'from sklearn.utils import shuffle\n'
                      'from cryptography.fernet import Fernet\n'
                      'import time\n'
                      'import datetime\n'
                      '\n'
                      'def f(nums, target):\n'
                      '    datetime.datetime.now()\n'
                      '    shuffle([94, 49, 53])\n'
                      "    base64.b64encode(b'45248859441042683214')\n"
                      '    ttest_ind([50, 20, 49], [55, 46, 5])\n'
                      '    time.sleep(0.06)\n'
                      '    Fernet.generate_key()\n'
                      '    try:\n'
                      '        ConditionChecker12 = [787][0]\n'
                      '        ConditionChecker22 = 134\n'
                      '        if newFunc_BinOp0(ConditionChecker12, '
                      'ConditionChecker22):\n'
                      '            if nums.count(0):\n'
                      '                return 0\n'
                      '            elif nums.count(target) < 3:\n'
                      '                return 1\n'
                      '            else:\n'
                      '                return nums.index(target)\n'
                      '    except:\n'
                      '        pass'}
[END] processing file: sample_645. Total Time: 4.888011
END AT 2024-10-19 23:38:19.745609
