STARTING AT 2024-10-19 22:49:57.894282
[START] processing file: sample_604
*Running tests for: sample_604
 
Result: ['tests_pass']
tests_pass sample_604 /home/yang/Benchmark/dataset/cruxeval/code//sample_604.py
Apply all rules on a single file.
Checking transformation add_datetime
*Running tests for: sample_604
 
Result: ['tests_pass']
Checking transformation add_time
*Running tests for: sample_604
 
Result: ['tests_pass']
Checking transformation add_decorator
*Running tests for: sample_604
 
Result: ['tests_pass']
Checking transformation add_http
*Running tests for: sample_604
 
Result: ['tests_pass']
Checking transformation add_scipy
*Running tests for: sample_604
 
Result: ['tests_pass']
Checking transformation add_base64
*Running tests for: sample_604
 
Result: ['tests_pass']
Checking transformation add_dateutil
*Running tests for: sample_604
 
Result: ['tests_pass']
The file 'reasoning_transformation_cruxeval/CRUXEval/e1f735e05ec0002c7d6ed7d62be776995bf4ddf4/Transformation/sample_604.py' has been formatted successfully.
Checking reasoning_transformation_cruxeval/CRUXEval/e1f735e05ec0002c7d6ed7d62be776995bf4ddf4/Transformation/sample_604.py
*Running tests for: sample_604
 
Result: ['tests_pass']
{ 'applicable_rules': [ 'add_try_except_inside_functions',
                        'add_datetime',
                        'add_time',
                        'add_crypto',
                        'add_sklearn',
                        'add_decorator',
                        'add_http',
                        'add_scipy',
                        'add_base64',
                        'add_dateutil'],
  'diff_output': 'reasoning_transformation_cruxeval/CRUXEval/e1f735e05ec0002c7d6ed7d62be776995bf4ddf4/Transformation/sample_604.patch',
  'evaluation_tests_dir': '/home/yang/Benchmark/dataset/cruxeval/',
  'exception': None,
  'file_id': 'sample_604',
  'genetic_algorithm': None,
  'original_code': 'def f(text, start):\n    return text.startswith(start)',
  'patch_path': 'reasoning_transformation_cruxeval/CRUXEval/e1f735e05ec0002c7d6ed7d62be776995bf4ddf4/Transformation/sample_604.patch',
  'single_rule': None,
  'source_file': '/home/yang/Benchmark/dataset/cruxeval/code//sample_604.py',
  'target_file': 'reasoning_transformation_cruxeval/CRUXEval/e1f735e05ec0002c7d6ed7d62be776995bf4ddf4/Transformation/sample_604.py',
  'test_results_after': ['tests_pass'],
  'test_results_before': ['tests_pass'],
  'total_time': 5.116927,
  'transformed_code': 'from dateutil.parser import parse\n'
                      'import base64\n'
                      'from scipy.stats import ttest_ind\n'
                      'from http.client import HTTPConnection\n'
                      '\n'
                      'def my_decorator(func):\n'
                      '\n'
                      '    def dec_result(*args, **kwargs):\n'
                      '        res = func(*args, **kwargs)\n'
                      '        return res\n'
                      "    HTTPConnection('google.com', port=80)\n"
                      '    ttest_ind([81, 12, 38], [70, 36, 82])\n'
                      '    return dec_result\n'
                      'from sklearn.utils import shuffle\n'
                      'from cryptography.fernet import Fernet\n'
                      'import time\n'
                      'import datetime\n'
                      '\n'
                      '@my_decorator\n'
                      'def f(text, start):\n'
                      '    shuffle([65, 27, 7])\n'
                      '    Fernet.generate_key()\n'
                      "    base64.b64encode(b'33169284821858716802')\n"
                      '    datetime.datetime.now()\n'
                      "    parse('2024-10-19 22:50:01')\n"
                      '    time.sleep(0.19)\n'
                      '    try:\n'
                      '        return text.startswith(start)\n'
                      '    except:\n'
                      '        pass'}
[END] processing file: sample_604. Total Time: 5.116927
END AT 2024-10-19 22:50:03.012186
