STARTING AT 2024-10-19 23:41:22.175705
[START] processing file: sample_798
*Running tests for: sample_798
 
Result: ['tests_pass']
tests_pass sample_798 /home/yang/Benchmark/dataset/cruxeval/code//sample_798.py
Apply all rules on a single file.
Checking transformation add_nested_if
*Running tests for: sample_798
 
Result: ['tests_pass']
Checking transformation add_nested_list
*Running tests for: sample_798
 
Result: ['tests_pass']
Checking transformation add_datetime
*Running tests for: sample_798
 
Result: ['tests_pass']
Checking transformation add_time
*Running tests for: sample_798
 
Result: ['tests_pass']
Checking transformation create_functions
*Running tests for: sample_798
 
Result: ['tests_pass']
Checking transformation add_decorator
*Running tests for: sample_798
 
Result: ['tests_pass']
Checking transformation add_http
*Running tests for: sample_798
 
Result: ['tests_pass']
Checking transformation add_scipy
*Running tests for: sample_798
 
Result: ['tests_pass']
Checking transformation add_base64
*Running tests for: sample_798
 
Result: ['tests_pass']
Checking transformation add_dateutil
*Running tests for: sample_798
 
Result: ['tests_pass']
The file 'reasoning_transformation_cruxeval/CRUXEval/951a917df7397c9cb698ead54386db6d1db4ffb0/Transformation/sample_798.py' has been formatted successfully.
Checking reasoning_transformation_cruxeval/CRUXEval/951a917df7397c9cb698ead54386db6d1db4ffb0/Transformation/sample_798.py
*Running tests for: sample_798
 
Result: ['tests_pass']
{ 'applicable_rules': [ 'add_nested_if',
                        'add_try_except_inside_functions',
                        'add_nested_list',
                        'add_datetime',
                        'add_time',
                        'add_crypto',
                        'add_sklearn',
                        'create_functions',
                        'add_decorator',
                        'add_http',
                        'add_scipy',
                        'add_base64',
                        'add_dateutil'],
  'diff_output': 'reasoning_transformation_cruxeval/CRUXEval/951a917df7397c9cb698ead54386db6d1db4ffb0/Transformation/sample_798.patch',
  'evaluation_tests_dir': '/home/yang/Benchmark/dataset/cruxeval/',
  'exception': None,
  'file_id': 'sample_798',
  'genetic_algorithm': None,
  'original_code': 'def f(text, pre):\n'
                   '    if not text.startswith(pre):\n'
                   '        return text\n'
                   '    return text.removeprefix(pre)',
  'patch_path': 'reasoning_transformation_cruxeval/CRUXEval/951a917df7397c9cb698ead54386db6d1db4ffb0/Transformation/sample_798.patch',
  'single_rule': None,
  'source_file': '/home/yang/Benchmark/dataset/cruxeval/code//sample_798.py',
  'target_file': 'reasoning_transformation_cruxeval/CRUXEval/951a917df7397c9cb698ead54386db6d1db4ffb0/Transformation/sample_798.py',
  'test_results_after': ['tests_pass'],
  'test_results_before': ['tests_pass'],
  'total_time': 4.897004,
  'transformed_code': 'from dateutil.parser import parse\n'
                      'import base64\n'
                      'from scipy.stats import ttest_ind\n'
                      'from http.client import HTTPConnection\n'
                      '\n'
                      'def my_decorator(func):\n'
                      "    parse('2024-10-19 23:41:25')\n"
                      "    base64.b64encode(b'76034312531793520728')\n"
                      '    ttest_ind([33, 82, 38], [26, 71, 49])\n'
                      '\n'
                      '    def dec_result(*args, **kwargs):\n'
                      '        res = func(*args, **kwargs)\n'
                      '        return res\n'
                      "    HTTPConnection('google.com', port=80)\n"
                      '    return dec_result\n'
                      '\n'
                      '@my_decorator\n'
                      'def newFunc_BinOp0(a, b):\n'
                      '    return a & b\n'
                      'from sklearn.utils import shuffle\n'
                      'from cryptography.fernet import Fernet\n'
                      'import time\n'
                      'import datetime\n'
                      '\n'
                      'def f(text, pre):\n'
                      '    shuffle([74, 99, 9])\n'
                      '    datetime.datetime.now()\n'
                      '    Fernet.generate_key()\n'
                      '    time.sleep(0.05)\n'
                      '    try:\n'
                      '        ConditionChecker12 = [878][0]\n'
                      '        ConditionChecker22 = 413\n'
                      '        if newFunc_BinOp0(ConditionChecker12, '
                      'ConditionChecker22):\n'
                      '            if not text.startswith(pre):\n'
                      '                return text\n'
                      '        return text.removeprefix(pre)\n'
                      '    except:\n'
                      '        pass'}
[END] processing file: sample_798. Total Time: 4.897004
END AT 2024-10-19 23:41:27.073704
