STARTING AT 2024-10-19 22:59:28.428494
[START] processing file: sample_698
*Running tests for: sample_698
 
Result: ['tests_pass']
tests_pass sample_698 /home/yang/Benchmark/dataset/cruxeval/code//sample_698.py
Apply all rules on a single file.
Checking transformation add_datetime
*Running tests for: sample_698
 
Result: ['tests_pass']
Checking transformation add_time
*Running tests for: sample_698
 
Result: ['tests_pass']
Checking transformation add_decorator
*Running tests for: sample_698
 
Result: ['tests_pass']
Checking transformation add_http
*Running tests for: sample_698
 
Result: ['tests_pass']
Checking transformation add_scipy
*Running tests for: sample_698
 
Result: ['tests_pass']
Checking transformation add_base64
*Running tests for: sample_698
 
Result: ['tests_pass']
Checking transformation add_dateutil
*Running tests for: sample_698
 
Result: ['tests_pass']
The file 'reasoning_transformation_cruxeval/CRUXEval/e1f735e05ec0002c7d6ed7d62be776995bf4ddf4/Transformation/sample_698.py' has been formatted successfully.
Checking reasoning_transformation_cruxeval/CRUXEval/e1f735e05ec0002c7d6ed7d62be776995bf4ddf4/Transformation/sample_698.py
*Running tests for: sample_698
 
Result: ['tests_pass']
{ 'applicable_rules': [ 'change_var_names',
                        'add_try_except_inside_functions',
                        'add_datetime',
                        'add_time',
                        'add_crypto',
                        'add_sklearn',
                        'add_decorator',
                        'add_http',
                        'add_scipy',
                        'add_base64',
                        'add_dateutil'],
  'diff_output': 'reasoning_transformation_cruxeval/CRUXEval/e1f735e05ec0002c7d6ed7d62be776995bf4ddf4/Transformation/sample_698.patch',
  'evaluation_tests_dir': '/home/yang/Benchmark/dataset/cruxeval/',
  'exception': None,
  'file_id': 'sample_698',
  'genetic_algorithm': None,
  'original_code': 'def f(text):\n'
                   "    return ''.join((x for x in text if x != ')'))",
  'patch_path': 'reasoning_transformation_cruxeval/CRUXEval/e1f735e05ec0002c7d6ed7d62be776995bf4ddf4/Transformation/sample_698.patch',
  'single_rule': None,
  'source_file': '/home/yang/Benchmark/dataset/cruxeval/code//sample_698.py',
  'target_file': 'reasoning_transformation_cruxeval/CRUXEval/e1f735e05ec0002c7d6ed7d62be776995bf4ddf4/Transformation/sample_698.py',
  'test_results_after': ['tests_pass'],
  'test_results_before': ['tests_pass'],
  'total_time': 5.219092,
  'transformed_code': 'from dateutil.parser import parse\n'
                      'import base64\n'
                      'from scipy.stats import ttest_ind\n'
                      'from http.client import HTTPConnection\n'
                      '\n'
                      'def my_decorator(func):\n'
                      "    base64.b64encode(b'16029796732850020286')\n"
                      '\n'
                      '    def dec_result(*args, **kwargs):\n'
                      '        res = func(*args, **kwargs)\n'
                      '        return res\n'
                      "    HTTPConnection('google.com', port=80)\n"
                      '    return dec_result\n'
                      'from sklearn.utils import shuffle\n'
                      'from cryptography.fernet import Fernet\n'
                      'import time\n'
                      'import datetime\n'
                      '\n'
                      '@my_decorator\n'
                      'def f(text):\n'
                      '    datetime.datetime.now()\n'
                      "    parse('2024-10-19 22:59:31')\n"
                      '    shuffle([31, 47, 15])\n'
                      '    ttest_ind([89, 79, 96], [70, 32, 62])\n'
                      '    time.sleep(0.22)\n'
                      '    Fernet.generate_key()\n'
                      '    try:\n'
                      "        return ''.join((newx_1 for newx_1 in text if "
                      "newx_1 != ')'))\n"
                      '    except:\n'
                      '        pass'}
[END] processing file: sample_698. Total Time: 5.219092
END AT 2024-10-19 22:59:33.648685
