STARTING AT 2024-10-19 23:34:46.691628
[START] processing file: sample_496
*Running tests for: sample_496
 
Result: ['tests_pass']
tests_pass sample_496 /home/yang/Benchmark/dataset/cruxeval/code//sample_496.py
Apply all rules on a single file.
Checking transformation add_nested_if
*Running tests for: sample_496
 
Result: ['tests_pass']
Checking transformation add_nested_list
*Running tests for: sample_496
 
Result: ['tests_pass']
Checking transformation add_datetime
*Running tests for: sample_496
 
Result: ['tests_pass']
Checking transformation add_time
*Running tests for: sample_496
 
Result: ['tests_pass']
def newFunc_78874(arg0, arg1):
    return arg0 + arg1
Checking transformation create_functions
*Running tests for: sample_496
 
Result: ['tests_pass']
Checking transformation add_decorator
*Running tests for: sample_496
 
Result: ['tests_pass']
Checking transformation add_http
*Running tests for: sample_496
 
Result: ['tests_pass']
Checking transformation add_scipy
*Running tests for: sample_496
 
Result: ['tests_pass']
Checking transformation add_base64
*Running tests for: sample_496
 
Result: ['tests_pass']
Checking transformation add_dateutil
*Running tests for: sample_496
 
Result: ['tests_pass']
The file 'reasoning_transformation_cruxeval/CRUXEval/951a917df7397c9cb698ead54386db6d1db4ffb0/Transformation/sample_496.py' has been formatted successfully.
Checking reasoning_transformation_cruxeval/CRUXEval/951a917df7397c9cb698ead54386db6d1db4ffb0/Transformation/sample_496.py
*Running tests for: sample_496
 
Result: ['tests_pass']
{ 'applicable_rules': [ 'add_nested_if',
                        'add_try_except_inside_functions',
                        'add_nested_list',
                        'add_datetime',
                        'add_time',
                        'add_crypto',
                        'add_sklearn',
                        'create_functions',
                        'add_decorator',
                        'add_http',
                        'add_scipy',
                        'add_base64',
                        'add_dateutil'],
  'diff_output': 'reasoning_transformation_cruxeval/CRUXEval/951a917df7397c9cb698ead54386db6d1db4ffb0/Transformation/sample_496.patch',
  'evaluation_tests_dir': '/home/yang/Benchmark/dataset/cruxeval/',
  'exception': None,
  'file_id': 'sample_496',
  'genetic_algorithm': None,
  'original_code': 'def f(text, value):\n'
                   '    if isinstance(value, str):\n'
                   '        return text.count(value) + '
                   'text.count(value.lower())\n'
                   '    return text.count(value)',
  'patch_path': 'reasoning_transformation_cruxeval/CRUXEval/951a917df7397c9cb698ead54386db6d1db4ffb0/Transformation/sample_496.patch',
  'single_rule': None,
  'source_file': '/home/yang/Benchmark/dataset/cruxeval/code//sample_496.py',
  'target_file': 'reasoning_transformation_cruxeval/CRUXEval/951a917df7397c9cb698ead54386db6d1db4ffb0/Transformation/sample_496.py',
  'test_results_after': ['tests_pass'],
  'test_results_before': ['tests_pass'],
  'total_time': 5.026654,
  'transformed_code': 'from dateutil.parser import parse\n'
                      'import base64\n'
                      'from scipy.stats import ttest_ind\n'
                      'from http.client import HTTPConnection\n'
                      '\n'
                      'def my_decorator(func):\n'
                      '\n'
                      '    def dec_result(*args, **kwargs):\n'
                      '        res = func(*args, **kwargs)\n'
                      '        return res\n'
                      "    base64.b64encode(b'66143085933253469470')\n"
                      "    HTTPConnection('google.com', port=80)\n"
                      '    return dec_result\n'
                      '\n'
                      '@my_decorator\n'
                      'def newFunc_78874(arg0, arg1):\n'
                      '    ttest_ind([62, 18, 58], [30, 51, 30])\n'
                      '    return arg0 + arg1\n'
                      'from sklearn.utils import shuffle\n'
                      'from cryptography.fernet import Fernet\n'
                      'import time\n'
                      'import datetime\n'
                      '\n'
                      'def f(text, value):\n'
                      '    datetime.datetime.now()\n'
                      '    time.sleep(0.06)\n'
                      '    Fernet.generate_key()\n'
                      "    parse('2024-10-19 23:34:50')\n"
                      '    shuffle([100, 39, 69])\n'
                      '    try:\n'
                      '        ConditionChecker12 = [605][0]\n'
                      '        ConditionChecker22 = 714\n'
                      '        if ConditionChecker12 & ConditionChecker22:\n'
                      '            if isinstance(value, str):\n'
                      '                return newFunc_78874(text.count(value), '
                      'text.count(value.lower()))\n'
                      '        return text.count(value)\n'
                      '    except:\n'
                      '        pass'}
[END] processing file: sample_496. Total Time: 5.026654
END AT 2024-10-19 23:34:51.719709
