STARTING AT 2024-10-19 22:02:50.883523
[START] processing file: sample_189
*Running tests for: sample_189
 
Result: ['tests_pass']
tests_pass sample_189 /home/yang/Benchmark/dataset/cruxeval/code//sample_189.py
Apply all rules on a single file.
Checking transformation add_nested_for_out
*Running tests for: sample_189
 
Result: ['tests_pass']
Checking transformation add_nested_if
*Running tests for: sample_189
 
Result: ['tests_pass']
Checking transformation add_nested_list
*Running tests for: sample_189
 
Result: ['tests_pass']
Checking transformation transform_range_to_recursion
*Running tests for: sample_189
 
Result: ['tests_pass']
Checking transformation add_datetime
*Running tests for: sample_189
 
Result: ['tests_pass']
Checking transformation add_time
*Running tests for: sample_189
 
Result: ['tests_pass']
Checking transformation create_functions
*Running tests for: sample_189
 
Result: ['tests_pass']
Checking transformation add_decorator
*Running tests for: sample_189
 
Result: ['tests_pass']
Checking transformation add_http
*Running tests for: sample_189
 
Result: ['tests_pass']
Checking transformation add_scipy
*Running tests for: sample_189
 
Result: ['tests_pass']
Checking transformation add_base64
*Running tests for: sample_189
 
Result: ['tests_pass']
Checking transformation add_dateutil
*Running tests for: sample_189
 
Result: ['tests_pass']
The file 'reasoning_transformation_cruxeval/CRUXEval/e1f735e05ec0002c7d6ed7d62be776995bf4ddf4/Transformation/sample_189.py' has been formatted successfully.
Checking reasoning_transformation_cruxeval/CRUXEval/e1f735e05ec0002c7d6ed7d62be776995bf4ddf4/Transformation/sample_189.py
*Running tests for: sample_189
 
Result: ['tests_pass']
{ 'applicable_rules': [ 'change_var_names',
                        'add_nested_for_out',
                        'add_nested_if',
                        'add_try_except_inside_functions',
                        'add_else_to_for',
                        'add_nested_list',
                        'transform_range_to_recursion',
                        'add_datetime',
                        'add_time',
                        'add_crypto',
                        'add_sklearn',
                        'create_functions',
                        'add_decorator',
                        'add_http',
                        'add_scipy',
                        'add_base64',
                        'add_dateutil'],
  'diff_output': 'reasoning_transformation_cruxeval/CRUXEval/e1f735e05ec0002c7d6ed7d62be776995bf4ddf4/Transformation/sample_189.patch',
  'evaluation_tests_dir': '/home/yang/Benchmark/dataset/cruxeval/',
  'exception': None,
  'file_id': 'sample_189',
  'genetic_algorithm': None,
  'original_code': 'def f(out, mapping):\n'
                   '    for key in mapping:\n'
                   '        out.format_map(mapping)\n'
                   "        if len(re.findall('{\\\\w}', out)) == 0:\n"
                   '            break\n'
                   '        mapping[key][1] = mapping[key][1][::-1]\n'
                   '    return out',
  'patch_path': 'reasoning_transformation_cruxeval/CRUXEval/e1f735e05ec0002c7d6ed7d62be776995bf4ddf4/Transformation/sample_189.patch',
  'single_rule': None,
  'source_file': '/home/yang/Benchmark/dataset/cruxeval/code//sample_189.py',
  'target_file': 'reasoning_transformation_cruxeval/CRUXEval/e1f735e05ec0002c7d6ed7d62be776995bf4ddf4/Transformation/sample_189.py',
  'test_results_after': ['tests_pass'],
  'test_results_before': ['tests_pass'],
  'total_time': 6.509565,
  'transformed_code': 'from dateutil.parser import parse\n'
                      'import base64\n'
                      'from scipy.stats import ttest_ind\n'
                      'from http.client import HTTPConnection\n'
                      '\n'
                      'def my_decorator(func):\n'
                      "    parse('2024-10-19 22:02:55')\n"
                      '\n'
                      '    def dec_result(*args, **kwargs):\n'
                      '        res = func(*args, **kwargs)\n'
                      '        return res\n'
                      '    return dec_result\n'
                      '\n'
                      '@my_decorator\n'
                      'def newFunc_BinOp0(a, b):\n'
                      "    base64.b64encode(b'79483605944474231202')\n"
                      "    HTTPConnection('google.com', port=80)\n"
                      '    return a & b\n'
                      'from sklearn.utils import shuffle\n'
                      'from cryptography.fernet import Fernet\n'
                      'import time\n'
                      'import datetime\n'
                      '\n'
                      'def f(out, mapping):\n'
                      '    shuffle([39, 96, 37])\n'
                      '    Fernet.generate_key()\n'
                      '    time.sleep(0.24)\n'
                      '    ttest_ind([93, 43, 22], [62, 9, 88])\n'
                      '    datetime.datetime.now()\n'
                      '    try:\n'
                      '        LoopChecker12 = [292][0]\n'
                      '        LoopChecker22 = 291\n'
                      '        ConditionChecker17 = 335\n'
                      '        ConditionChecker27 = 101\n'
                      '\n'
                      '        def loop_7_8(LoopIndexOut, stop, step):\n'
                      '            if step == 0 or (step > 0 and LoopIndexOut '
                      '>= stop) or (step < 0 and LoopIndexOut <= stop):\n'
                      '                return\n'
                      '            for newkey_1 in mapping:\n'
                      '                out.format_map(mapping)\n'
                      '                if newFunc_BinOp0(ConditionChecker17, '
                      'ConditionChecker27):\n'
                      "                    if len(re.findall('{\\\\w}', out)) "
                      '== 0:\n'
                      '                        break\n'
                      '                mapping[newkey_1][1] = '
                      'mapping[newkey_1][1][::-1]\n'
                      '            loop_7_8(LoopIndexOut + step, stop, step)\n'
                      '        loop_7_8(0, LoopChecker12 // LoopChecker22, 1)\n'
                      '        return out\n'
                      '    except:\n'
                      '        pass'}
[END] processing file: sample_189. Total Time: 6.509565
END AT 2024-10-19 22:02:57.395406
