STARTING AT 2024-10-19 22:42:23.172411
[START] processing file: sample_531
*Running tests for: sample_531
 
Result: ['tests_pass']
tests_pass sample_531 /home/yang/Benchmark/dataset/cruxeval/code//sample_531.py
Apply all rules on a single file.
Checking transformation add_nested_if
*Running tests for: sample_531
 Traceback (most recent call last):
  File "/home/yang/Benchmark/.tmp_test/tmp_test.pysample_531", line 9, in <module>
    assert f("Ibaskdjgblw asdl ", "djgblw") == 'djgblw asdl '
AssertionError

output_actual, stderr_data: ('', b'Traceback (most recent call last):\n  File "/home/yang/Benchmark/.tmp_test/tmp_test.pysample_531", line 9, in <module>\n    assert f("Ibaskdjgblw asdl ", "djgblw") == \'djgblw asdl \'\nAssertionError\n')
Result: ['error_or_timeout']
Drop add_nested_if due to ['error_or_timeout']
Checking transformation add_datetime
*Running tests for: sample_531
 
Result: ['tests_pass']
Checking transformation add_time
*Running tests for: sample_531
 
Result: ['tests_pass']
Checking transformation add_decorator
*Running tests for: sample_531
 
Result: ['tests_pass']
Checking transformation add_http
*Running tests for: sample_531
 
Result: ['tests_pass']
Checking transformation add_scipy
*Running tests for: sample_531
 
Result: ['tests_pass']
Checking transformation add_base64
*Running tests for: sample_531
 
Result: ['tests_pass']
Checking transformation add_dateutil
*Running tests for: sample_531
 
Result: ['tests_pass']
The file 'reasoning_transformation_cruxeval/CRUXEval/e1f735e05ec0002c7d6ed7d62be776995bf4ddf4/Transformation/sample_531.py' has been formatted successfully.
Checking reasoning_transformation_cruxeval/CRUXEval/e1f735e05ec0002c7d6ed7d62be776995bf4ddf4/Transformation/sample_531.py
*Running tests for: sample_531
 
Result: ['tests_pass']
{ 'applicable_rules': [ 'add_try_except_inside_functions',
                        'add_datetime',
                        'add_time',
                        'add_crypto',
                        'add_sklearn',
                        'add_decorator',
                        'add_http',
                        'add_scipy',
                        'add_base64',
                        'add_dateutil'],
  'diff_output': 'reasoning_transformation_cruxeval/CRUXEval/e1f735e05ec0002c7d6ed7d62be776995bf4ddf4/Transformation/sample_531.patch',
  'evaluation_tests_dir': '/home/yang/Benchmark/dataset/cruxeval/',
  'exception': None,
  'file_id': 'sample_531',
  'genetic_algorithm': None,
  'original_code': 'def f(text, x):\n'
                   '    if text.removeprefix(x) == text:\n'
                   '        return f(text[1:], x)\n'
                   '    else:\n'
                   '        return text',
  'patch_path': 'reasoning_transformation_cruxeval/CRUXEval/e1f735e05ec0002c7d6ed7d62be776995bf4ddf4/Transformation/sample_531.patch',
  'single_rule': None,
  'source_file': '/home/yang/Benchmark/dataset/cruxeval/code//sample_531.py',
  'target_file': 'reasoning_transformation_cruxeval/CRUXEval/e1f735e05ec0002c7d6ed7d62be776995bf4ddf4/Transformation/sample_531.py',
  'test_results_after': ['tests_pass'],
  'test_results_before': ['tests_pass'],
  'total_time': 6.028204,
  'transformed_code': 'from dateutil.parser import parse\n'
                      'import base64\n'
                      'from scipy.stats import ttest_ind\n'
                      'from http.client import HTTPConnection\n'
                      '\n'
                      'def my_decorator(func):\n'
                      "    base64.b64encode(b'76233404810505373241')\n"
                      '\n'
                      '    def dec_result(*args, **kwargs):\n'
                      '        res = func(*args, **kwargs)\n'
                      '        return res\n'
                      "    parse('2024-10-19 22:42:27')\n"
                      '    return dec_result\n'
                      'from sklearn.utils import shuffle\n'
                      'from cryptography.fernet import Fernet\n'
                      'import time\n'
                      'import datetime\n'
                      '\n'
                      '@my_decorator\n'
                      'def f(text, x):\n'
                      "    HTTPConnection('google.com', port=80)\n"
                      '    Fernet.generate_key()\n'
                      '    time.sleep(0.05)\n'
                      '    shuffle([36, 67, 21])\n'
                      '    datetime.datetime.now()\n'
                      '    ttest_ind([29, 50, 99], [48, 96, 69])\n'
                      '    try:\n'
                      '        if text.removeprefix(x) == text:\n'
                      '            return f(text[1:], x)\n'
                      '        else:\n'
                      '            return text\n'
                      '    except:\n'
                      '        pass'}
[END] processing file: sample_531. Total Time: 6.028204
END AT 2024-10-19 22:42:29.201740
