STARTING AT 2024-10-19 22:01:57.806364
[START] processing file: sample_181
*Running tests for: sample_181
 
Result: ['tests_pass']
tests_pass sample_181 /home/yang/Benchmark/dataset/cruxeval/code//sample_181.py
Apply all rules on a single file.
Checking transformation add_nested_for_out
*Running tests for: sample_181
 
Result: ['tests_pass']
Checking transformation add_nested_if
*Running tests for: sample_181
 
Result: ['tests_pass']
Checking transformation add_nested_list
*Running tests for: sample_181
 
Result: ['tests_pass']
Checking transformation transform_range_to_recursion
*Running tests for: sample_181
 
Result: ['tests_pass']
Checking transformation add_datetime
*Running tests for: sample_181
 
Result: ['tests_pass']
Checking transformation add_time
*Running tests for: sample_181
 
Result: ['tests_pass']
Checking transformation create_functions
*Running tests for: sample_181
 
Result: ['tests_pass']
Checking transformation add_decorator
*Running tests for: sample_181
 
Result: ['tests_pass']
Checking transformation add_http
*Running tests for: sample_181
 
Result: ['tests_pass']
Checking transformation add_scipy
*Running tests for: sample_181
 
Result: ['tests_pass']
Checking transformation add_base64
*Running tests for: sample_181
 
Result: ['tests_pass']
Checking transformation add_dateutil
*Running tests for: sample_181
 
Result: ['tests_pass']
The file 'reasoning_transformation_cruxeval/CRUXEval/e1f735e05ec0002c7d6ed7d62be776995bf4ddf4/Transformation/sample_181.py' has been formatted successfully.
Checking reasoning_transformation_cruxeval/CRUXEval/e1f735e05ec0002c7d6ed7d62be776995bf4ddf4/Transformation/sample_181.py
*Running tests for: sample_181
 
Result: ['tests_pass']
{ 'applicable_rules': [ 'change_var_names',
                        'add_nested_for_out',
                        'add_nested_if',
                        'add_try_except_inside_functions',
                        'add_else_to_for',
                        'add_nested_list',
                        'transform_range_to_recursion',
                        'add_datetime',
                        'add_time',
                        'add_crypto',
                        'add_sklearn',
                        'create_functions',
                        'add_decorator',
                        'add_http',
                        'add_scipy',
                        'add_base64',
                        'add_dateutil',
                        'changing_AugAssign'],
  'diff_output': 'reasoning_transformation_cruxeval/CRUXEval/e1f735e05ec0002c7d6ed7d62be776995bf4ddf4/Transformation/sample_181.patch',
  'evaluation_tests_dir': '/home/yang/Benchmark/dataset/cruxeval/',
  'exception': None,
  'file_id': 'sample_181',
  'genetic_algorithm': None,
  'original_code': 'def f(s):\n'
                   '    count = 0\n'
                   "    digits = ''\n"
                   '    for c in s:\n'
                   '        if c.isdigit():\n'
                   '            count += 1\n'
                   '            digits += c\n'
                   '    return [digits, count]',
  'patch_path': 'reasoning_transformation_cruxeval/CRUXEval/e1f735e05ec0002c7d6ed7d62be776995bf4ddf4/Transformation/sample_181.patch',
  'single_rule': None,
  'source_file': '/home/yang/Benchmark/dataset/cruxeval/code//sample_181.py',
  'target_file': 'reasoning_transformation_cruxeval/CRUXEval/e1f735e05ec0002c7d6ed7d62be776995bf4ddf4/Transformation/sample_181.py',
  'test_results_after': ['tests_pass'],
  'test_results_before': ['tests_pass'],
  'total_time': 7.048422,
  'transformed_code': 'from dateutil.parser import parse\n'
                      'import base64\n'
                      'from scipy.stats import ttest_ind\n'
                      'from http.client import HTTPConnection\n'
                      '\n'
                      'def my_decorator(func):\n'
                      "    parse('2024-10-19 22:02:02')\n"
                      '    ttest_ind([35, 96, 45], [81, 64, 56])\n'
                      '\n'
                      '    def dec_result(*args, **kwargs):\n'
                      '        res = func(*args, **kwargs)\n'
                      '        return res\n'
                      '    return dec_result\n'
                      '\n'
                      '@my_decorator\n'
                      'def newFunc_BinOp0(a, b):\n'
                      "    HTTPConnection('google.com', port=80)\n"
                      '    return a & b\n'
                      'from sklearn.utils import shuffle\n'
                      'from cryptography.fernet import Fernet\n'
                      'import time\n'
                      'import datetime\n'
                      '\n'
                      'def f(s):\n'
                      '    Fernet.generate_key()\n'
                      "    base64.b64encode(b'52559159856972513013')\n"
                      '    datetime.datetime.now()\n'
                      '    shuffle([20, 45, 60])\n'
                      '    time.sleep(0.29)\n'
                      '    try:\n'
                      '        count = [0][0]\n'
                      "        newdigits_1 = ''\n"
                      '        LoopChecker14 = 158\n'
                      '        LoopChecker24 = 157\n'
                      '        ConditionChecker18 = 567\n'
                      '        ConditionChecker28 = 869\n'
                      '\n'
                      '        def loop_9_8(LoopIndexOut, stop, step):\n'
                      '            nonlocal newdigits_1, count\n'
                      '            if step == 0 or (step > 0 and LoopIndexOut '
                      '>= stop) or (step < 0 and LoopIndexOut <= stop):\n'
                      '                return\n'
                      '            for c in s:\n'
                      '                if newFunc_BinOp0(ConditionChecker18, '
                      'ConditionChecker28):\n'
                      '                    if c.isdigit():\n'
                      '                        count = count + 1\n'
                      '                        newdigits_1 += c\n'
                      '            loop_9_8(LoopIndexOut + step, stop, step)\n'
                      '        loop_9_8(0, LoopChecker14 // LoopChecker24, 1)\n'
                      '        return [newdigits_1, count]\n'
                      '    except:\n'
                      '        pass'}
[END] processing file: sample_181. Total Time: 7.048422
END AT 2024-10-19 22:02:04.855907
