STARTING AT 2024-10-19 22:49:10.881469
[START] processing file: sample_599
*Running tests for: sample_599
 
Result: ['tests_pass']
tests_pass sample_599 /home/yang/Benchmark/dataset/cruxeval/code//sample_599.py
Apply all rules on a single file.
Checking transformation add_nested_for_out
*Running tests for: sample_599
 
Result: ['tests_pass']
Checking transformation add_nested_list
*Running tests for: sample_599
 
Result: ['tests_pass']
Checking transformation transform_range_to_recursion
*Running tests for: sample_599
 
Result: ['tests_pass']
Checking transformation add_datetime
*Running tests for: sample_599
 
Result: ['tests_pass']
Checking transformation add_time
*Running tests for: sample_599
 
Result: ['tests_pass']
Checking transformation create_functions
*Running tests for: sample_599
 
Result: ['tests_pass']
Checking transformation add_decorator
*Running tests for: sample_599
 
Result: ['tests_pass']
Checking transformation add_http
*Running tests for: sample_599
 
Result: ['tests_pass']
Checking transformation add_scipy
*Running tests for: sample_599
 
Result: ['tests_pass']
Checking transformation add_base64
*Running tests for: sample_599
 
Result: ['tests_pass']
Checking transformation add_dateutil
*Running tests for: sample_599
 
Result: ['tests_pass']
The file 'reasoning_transformation_cruxeval/CRUXEval/e1f735e05ec0002c7d6ed7d62be776995bf4ddf4/Transformation/sample_599.py' has been formatted successfully.
Checking reasoning_transformation_cruxeval/CRUXEval/e1f735e05ec0002c7d6ed7d62be776995bf4ddf4/Transformation/sample_599.py
*Running tests for: sample_599
 
Result: ['tests_pass']
{ 'applicable_rules': [ 'change_var_names',
                        'add_nested_for_out',
                        'add_try_except_inside_functions',
                        'add_else_to_for',
                        'add_nested_list',
                        'transform_range_to_recursion',
                        'add_datetime',
                        'add_time',
                        'add_crypto',
                        'add_sklearn',
                        'create_functions',
                        'add_decorator',
                        'add_http',
                        'add_scipy',
                        'add_base64',
                        'add_dateutil'],
  'diff_output': 'reasoning_transformation_cruxeval/CRUXEval/e1f735e05ec0002c7d6ed7d62be776995bf4ddf4/Transformation/sample_599.patch',
  'evaluation_tests_dir': '/home/yang/Benchmark/dataset/cruxeval/',
  'exception': None,
  'file_id': 'sample_599',
  'genetic_algorithm': None,
  'original_code': 'def f(a, b):\n'
                   '    a = b.join(a)\n'
                   '    lst = []\n'
                   '    for i in range(1, len(a) + 1, 2):\n'
                   '        lst.append(a[i - 1:][:i])\n'
                   '        lst.append(a[i - 1:][i:])\n'
                   '    return lst',
  'patch_path': 'reasoning_transformation_cruxeval/CRUXEval/e1f735e05ec0002c7d6ed7d62be776995bf4ddf4/Transformation/sample_599.patch',
  'single_rule': None,
  'source_file': '/home/yang/Benchmark/dataset/cruxeval/code//sample_599.py',
  'target_file': 'reasoning_transformation_cruxeval/CRUXEval/e1f735e05ec0002c7d6ed7d62be776995bf4ddf4/Transformation/sample_599.py',
  'test_results_after': ['tests_pass'],
  'test_results_before': ['tests_pass'],
  'total_time': 6.847389,
  'transformed_code': 'from dateutil.parser import parse\n'
                      'import base64\n'
                      'from scipy.stats import ttest_ind\n'
                      'from http.client import HTTPConnection\n'
                      '\n'
                      'def my_decorator(func):\n'
                      '\n'
                      '    def dec_result(*args, **kwargs):\n'
                      '        res = func(*args, **kwargs)\n'
                      '        return res\n'
                      '    return dec_result\n'
                      '\n'
                      '@my_decorator\n'
                      'def newFunc_BinOp0(a, b):\n'
                      "    parse('2024-10-19 22:49:15')\n"
                      '    ttest_ind([95, 89, 88], [17, 55, 79])\n'
                      "    HTTPConnection('google.com', port=80)\n"
                      '    return a // b\n'
                      'from sklearn.utils import shuffle\n'
                      'from cryptography.fernet import Fernet\n'
                      'import time\n'
                      'import datetime\n'
                      '\n'
                      'def f(newa_1, b):\n'
                      '    shuffle([41, 7, 89])\n'
                      '    datetime.datetime.now()\n'
                      '    Fernet.generate_key()\n'
                      "    base64.b64encode(b'29467070236823550500')\n"
                      '    time.sleep(0.24)\n'
                      '    try:\n'
                      '        newa_1 = b.join(newa_1)\n'
                      '        lst = [[]][0]\n'
                      '        LoopChecker14 = 336\n'
                      '        LoopChecker24 = 335\n'
                      '        for LoopIndexOut in '
                      'range(newFunc_BinOp0(LoopChecker14, LoopChecker24)):\n'
                      '\n'
                      '            def loop_8_12(i, stop, step):\n'
                      '                if step == 0 or (step > 0 and i >= '
                      'stop) or (step < 0 and i <= stop):\n'
                      '                    return\n'
                      '                lst.append(newa_1[i - 1:][:i])\n'
                      '                lst.append(newa_1[i - 1:][i:])\n'
                      '                loop_8_12(i + step, stop, step)\n'
                      '            loop_8_12(1, len(newa_1) + 1, 2)\n'
                      '        else:\n'
                      '            pass\n'
                      '        return lst\n'
                      '    except:\n'
                      '        pass'}
[END] processing file: sample_599. Total Time: 6.847389
END AT 2024-10-19 22:49:17.730166
