STARTING AT 2024-10-19 22:10:27.553537
[START] processing file: sample_251
*Running tests for: sample_251
 
Result: ['tests_pass']
tests_pass sample_251 /home/yang/Benchmark/dataset/cruxeval/code//sample_251.py
Apply all rules on a single file.
Checking transformation add_nested_for_out
*Running tests for: sample_251
 
Result: ['tests_pass']
Checking transformation add_nested_list
*Running tests for: sample_251
 
Result: ['tests_pass']
Checking transformation transform_range_to_recursion
*Running tests for: sample_251
 
Result: ['tests_pass']
Checking transformation add_datetime
*Running tests for: sample_251
 
Result: ['tests_pass']
Checking transformation add_time
*Running tests for: sample_251
 
Result: ['tests_pass']
Checking transformation create_functions
*Running tests for: sample_251
 
Result: ['tests_pass']
Checking transformation add_decorator
*Running tests for: sample_251
 
Result: ['tests_pass']
Checking transformation add_http
*Running tests for: sample_251
 
Result: ['tests_pass']
Checking transformation add_scipy
*Running tests for: sample_251
 
Result: ['tests_pass']
Checking transformation add_base64
*Running tests for: sample_251
 
Result: ['tests_pass']
Checking transformation add_dateutil
*Running tests for: sample_251
 
Result: ['tests_pass']
The file 'reasoning_transformation_cruxeval/CRUXEval/e1f735e05ec0002c7d6ed7d62be776995bf4ddf4/Transformation/sample_251.py' has been formatted successfully.
Checking reasoning_transformation_cruxeval/CRUXEval/e1f735e05ec0002c7d6ed7d62be776995bf4ddf4/Transformation/sample_251.py
*Running tests for: sample_251
 
Result: ['tests_pass']
{ 'applicable_rules': [ 'change_var_names',
                        'add_nested_for_out',
                        'add_try_except_inside_functions',
                        'add_else_to_for',
                        'add_nested_list',
                        'transform_range_to_recursion',
                        'add_datetime',
                        'add_time',
                        'add_crypto',
                        'add_sklearn',
                        'create_functions',
                        'add_decorator',
                        'add_http',
                        'add_scipy',
                        'add_base64',
                        'add_dateutil'],
  'diff_output': 'reasoning_transformation_cruxeval/CRUXEval/e1f735e05ec0002c7d6ed7d62be776995bf4ddf4/Transformation/sample_251.patch',
  'evaluation_tests_dir': '/home/yang/Benchmark/dataset/cruxeval/',
  'exception': None,
  'file_id': 'sample_251',
  'genetic_algorithm': None,
  'original_code': 'def f(messages):\n'
                   "    phone_code = '+353'\n"
                   '    result = []\n'
                   '    for message in messages:\n'
                   '        message.extend(phone_code)\n'
                   "        result.append(';'.join(message))\n"
                   "    return '. '.join(result)",
  'patch_path': 'reasoning_transformation_cruxeval/CRUXEval/e1f735e05ec0002c7d6ed7d62be776995bf4ddf4/Transformation/sample_251.patch',
  'single_rule': None,
  'source_file': '/home/yang/Benchmark/dataset/cruxeval/code//sample_251.py',
  'target_file': 'reasoning_transformation_cruxeval/CRUXEval/e1f735e05ec0002c7d6ed7d62be776995bf4ddf4/Transformation/sample_251.py',
  'test_results_after': ['tests_pass'],
  'test_results_before': ['tests_pass'],
  'total_time': 5.677891,
  'transformed_code': 'from dateutil.parser import parse\n'
                      'import base64\n'
                      'from scipy.stats import ttest_ind\n'
                      'from http.client import HTTPConnection\n'
                      '\n'
                      'def my_decorator(func):\n'
                      '\n'
                      '    def dec_result(*args, **kwargs):\n'
                      '        res = func(*args, **kwargs)\n'
                      '        return res\n'
                      '    ttest_ind([60, 14, 84], [75, 62, 24])\n'
                      '    return dec_result\n'
                      '\n'
                      '@my_decorator\n'
                      'def newFunc_BinOp0(a, b):\n'
                      "    parse('2024-10-19 22:10:31')\n"
                      '    return a + b\n'
                      'from sklearn.utils import shuffle\n'
                      'from cryptography.fernet import Fernet\n'
                      'import time\n'
                      'import datetime\n'
                      '\n'
                      'def f(messages):\n'
                      "    HTTPConnection('google.com', port=80)\n"
                      '    shuffle([70, 92, 60])\n'
                      "    base64.b64encode(b'48050180469865559014')\n"
                      '    datetime.datetime.now()\n'
                      '    Fernet.generate_key()\n'
                      '    time.sleep(0.12)\n'
                      '    try:\n'
                      "        newphone_code_1 = ['+353'][0]\n"
                      '        result = []\n'
                      '        LoopChecker14 = 762\n'
                      '        LoopChecker24 = 761\n'
                      '\n'
                      '        def loop_7_8(LoopIndexOut, stop, step):\n'
                      '            if step == 0 or (step > 0 and LoopIndexOut '
                      '>= stop) or (step < 0 and LoopIndexOut <= stop):\n'
                      '                return\n'
                      '            for message in messages:\n'
                      '                message.extend(newphone_code_1)\n'
                      "                result.append(';'.join(message))\n"
                      '            loop_7_8(newFunc_BinOp0(LoopIndexOut, '
                      'step), stop, step)\n'
                      '        loop_7_8(0, LoopChecker14 // LoopChecker24, 1)\n'
                      "        return '. '.join(result)\n"
                      '    except:\n'
                      '        pass'}
[END] processing file: sample_251. Total Time: 5.677891
END AT 2024-10-19 22:10:33.233534
