STARTING AT 2024-10-19 22:19:01.612964
[START] processing file: sample_324
*Running tests for: sample_324
 
Result: ['tests_pass']
tests_pass sample_324 /home/yang/Benchmark/dataset/cruxeval/code//sample_324.py
Apply all rules on a single file.
Checking transformation add_datetime
*Running tests for: sample_324
 
Result: ['tests_pass']
Checking transformation add_time
*Running tests for: sample_324
 
Result: ['tests_pass']
def newFunc_83609(arg0, arg1):
    return arg0 + arg1
Checking transformation create_functions
*Running tests for: sample_324
 
Result: ['tests_pass']
Checking transformation add_decorator
*Running tests for: sample_324
 
Result: ['tests_pass']
Checking transformation add_http
*Running tests for: sample_324
 
Result: ['tests_pass']
Checking transformation add_scipy
*Running tests for: sample_324
 
Result: ['tests_pass']
Checking transformation add_base64
*Running tests for: sample_324
 
Result: ['tests_pass']
Checking transformation add_dateutil
*Running tests for: sample_324
 
Result: ['tests_pass']
The file 'reasoning_transformation_cruxeval/CRUXEval/e1f735e05ec0002c7d6ed7d62be776995bf4ddf4/Transformation/sample_324.py' has been formatted successfully.
Checking reasoning_transformation_cruxeval/CRUXEval/e1f735e05ec0002c7d6ed7d62be776995bf4ddf4/Transformation/sample_324.py
*Running tests for: sample_324
 
Result: ['tests_pass']
{ 'applicable_rules': [ 'change_var_names',
                        'add_try_except_inside_functions',
                        'add_datetime',
                        'add_time',
                        'add_crypto',
                        'add_sklearn',
                        'create_functions',
                        'add_decorator',
                        'add_http',
                        'add_scipy',
                        'add_base64',
                        'add_dateutil'],
  'diff_output': 'reasoning_transformation_cruxeval/CRUXEval/e1f735e05ec0002c7d6ed7d62be776995bf4ddf4/Transformation/sample_324.patch',
  'evaluation_tests_dir': '/home/yang/Benchmark/dataset/cruxeval/',
  'exception': None,
  'file_id': 'sample_324',
  'genetic_algorithm': None,
  'original_code': 'def f(nums):\n'
                   '    (asc, desc) = (nums.copy(), [])\n'
                   '    asc.reverse()\n'
                   '    desc = asc[:len(asc) // 2]\n'
                   '    return desc + asc + desc',
  'patch_path': 'reasoning_transformation_cruxeval/CRUXEval/e1f735e05ec0002c7d6ed7d62be776995bf4ddf4/Transformation/sample_324.patch',
  'single_rule': None,
  'source_file': '/home/yang/Benchmark/dataset/cruxeval/code//sample_324.py',
  'target_file': 'reasoning_transformation_cruxeval/CRUXEval/e1f735e05ec0002c7d6ed7d62be776995bf4ddf4/Transformation/sample_324.py',
  'test_results_after': ['tests_pass'],
  'test_results_before': ['tests_pass'],
  'total_time': 6.07411,
  'transformed_code': 'from dateutil.parser import parse\n'
                      'import base64\n'
                      'from scipy.stats import ttest_ind\n'
                      'from http.client import HTTPConnection\n'
                      '\n'
                      'def my_decorator(func):\n'
                      '    ttest_ind([21, 45, 57], [56, 20, 58])\n'
                      '\n'
                      '    def dec_result(*args, **kwargs):\n'
                      '        res = func(*args, **kwargs)\n'
                      '        return res\n'
                      '    return dec_result\n'
                      '\n'
                      '@my_decorator\n'
                      'def newFunc_83609(arg0, arg1):\n'
                      "    parse('2024-10-19 22:19:05')\n"
                      "    base64.b64encode(b'87753387787614951717')\n"
                      '    return arg0 + arg1\n'
                      'from sklearn.utils import shuffle\n'
                      'from cryptography.fernet import Fernet\n'
                      'import time\n'
                      'import datetime\n'
                      '\n'
                      'def f(nums):\n'
                      "    HTTPConnection('google.com', port=80)\n"
                      '    Fernet.generate_key()\n'
                      '    shuffle([7, 30, 19])\n'
                      '    datetime.datetime.now()\n'
                      '    time.sleep(0.22)\n'
                      '    try:\n'
                      '        (newasc_1, desc) = (nums.copy(), [])\n'
                      '        newasc_1.reverse()\n'
                      '        desc = newasc_1[:len(newasc_1) // 2]\n'
                      '        return newFunc_83609(desc + newasc_1, desc)\n'
                      '    except:\n'
                      '        pass'}
[END] processing file: sample_324. Total Time: 6.07411
END AT 2024-10-19 22:19:07.689086
