STARTING AT 2024-10-19 23:02:42.684765
[START] processing file: sample_743
*Running tests for: sample_743
 
Result: ['tests_pass']
tests_pass sample_743 /home/yang/Benchmark/dataset/cruxeval/code//sample_743.py
Apply all rules on a single file.
Checking transformation add_datetime
*Running tests for: sample_743
 
Result: ['tests_pass']
Checking transformation add_time
*Running tests for: sample_743
 
Result: ['tests_pass']
Checking transformation create_functions
*Running tests for: sample_743
 
Result: ['tests_pass']
Checking transformation add_decorator
*Running tests for: sample_743
 
Result: ['tests_pass']
Checking transformation add_http
*Running tests for: sample_743
 
Result: ['tests_pass']
Checking transformation add_scipy
*Running tests for: sample_743
 
Result: ['tests_pass']
Checking transformation add_base64
*Running tests for: sample_743
 
Result: ['tests_pass']
Checking transformation add_dateutil
*Running tests for: sample_743
 
Result: ['tests_pass']
The file 'reasoning_transformation_cruxeval/CRUXEval/e1f735e05ec0002c7d6ed7d62be776995bf4ddf4/Transformation/sample_743.py' has been formatted successfully.
Checking reasoning_transformation_cruxeval/CRUXEval/e1f735e05ec0002c7d6ed7d62be776995bf4ddf4/Transformation/sample_743.py
*Running tests for: sample_743
 
Result: ['tests_pass']
{ 'applicable_rules': [ 'change_var_names',
                        'add_try_except_inside_functions',
                        'add_datetime',
                        'add_time',
                        'add_crypto',
                        'add_sklearn',
                        'create_functions',
                        'add_decorator',
                        'add_http',
                        'add_scipy',
                        'add_base64',
                        'add_dateutil'],
  'diff_output': 'reasoning_transformation_cruxeval/CRUXEval/e1f735e05ec0002c7d6ed7d62be776995bf4ddf4/Transformation/sample_743.patch',
  'evaluation_tests_dir': '/home/yang/Benchmark/dataset/cruxeval/',
  'exception': None,
  'file_id': 'sample_743',
  'genetic_algorithm': None,
  'original_code': 'def f(text):\n'
                   "    (string_a, string_b) = text.split(',')\n"
                   '    return -(len(string_a) + len(string_b))',
  'patch_path': 'reasoning_transformation_cruxeval/CRUXEval/e1f735e05ec0002c7d6ed7d62be776995bf4ddf4/Transformation/sample_743.patch',
  'single_rule': None,
  'source_file': '/home/yang/Benchmark/dataset/cruxeval/code//sample_743.py',
  'target_file': 'reasoning_transformation_cruxeval/CRUXEval/e1f735e05ec0002c7d6ed7d62be776995bf4ddf4/Transformation/sample_743.py',
  'test_results_after': ['tests_pass'],
  'test_results_before': ['tests_pass'],
  'total_time': 6.678076,
  'transformed_code': 'from dateutil.parser import parse\n'
                      'import base64\n'
                      'from scipy.stats import ttest_ind\n'
                      'from http.client import HTTPConnection\n'
                      '\n'
                      'def my_decorator(func):\n'
                      "    base64.b64encode(b'06938698498719291345')\n"
                      '\n'
                      '    def dec_result(*args, **kwargs):\n'
                      '        res = func(*args, **kwargs)\n'
                      '        return res\n'
                      '    return dec_result\n'
                      '\n'
                      '@my_decorator\n'
                      'def newFunc_BinOp0(a, b):\n'
                      "    HTTPConnection('google.com', port=80)\n"
                      "    parse('2024-10-19 23:02:47')\n"
                      '    return a + b\n'
                      'from sklearn.utils import shuffle\n'
                      'from cryptography.fernet import Fernet\n'
                      'import time\n'
                      'import datetime\n'
                      '\n'
                      'def f(text):\n'
                      '    time.sleep(0.28)\n'
                      '    Fernet.generate_key()\n'
                      '    shuffle([97, 75, 42])\n'
                      '    datetime.datetime.now()\n'
                      '    ttest_ind([27, 24, 46], [26, 68, 51])\n'
                      '    try:\n'
                      "        (string_a, newstring_b_1) = text.split(',')\n"
                      '        return -newFunc_BinOp0(len(string_a), '
                      'len(newstring_b_1))\n'
                      '    except:\n'
                      '        pass'}
[END] processing file: sample_743. Total Time: 6.678076
END AT 2024-10-19 23:02:49.363891
