STARTING AT 2024-10-19 21:55:45.169104
[START] processing file: sample_129
*Running tests for: sample_129
 
Result: ['tests_pass']
tests_pass sample_129 /home/yang/Benchmark/dataset/cruxeval/code//sample_129.py
Apply all rules on a single file.
Checking transformation add_nested_while_out
*Running tests for: sample_129
 
Result: ['tests_pass']
Checking transformation add_nested_list
*Running tests for: sample_129
 
Result: ['tests_pass']
Checking transformation add_datetime
*Running tests for: sample_129
 
Result: ['tests_pass']
Checking transformation add_time
*Running tests for: sample_129
 
Result: ['tests_pass']
Checking transformation create_functions
*Running tests for: sample_129
 
Result: ['tests_pass']
Checking transformation add_decorator
*Running tests for: sample_129
 
Result: ['tests_pass']
Checking transformation add_http
*Running tests for: sample_129
 
Result: ['tests_pass']
Checking transformation add_scipy
*Running tests for: sample_129
 
Result: ['tests_pass']
Checking transformation add_base64
*Running tests for: sample_129
 
Result: ['tests_pass']
Checking transformation add_dateutil
*Running tests for: sample_129
 
Result: ['tests_pass']
The file 'reasoning_transformation_cruxeval/CRUXEval/e1f735e05ec0002c7d6ed7d62be776995bf4ddf4/Transformation/sample_129.py' has been formatted successfully.
Checking reasoning_transformation_cruxeval/CRUXEval/e1f735e05ec0002c7d6ed7d62be776995bf4ddf4/Transformation/sample_129.py
*Running tests for: sample_129
 
Result: ['tests_pass']
{ 'applicable_rules': [ 'change_var_names',
                        'add_nested_while_out',
                        'add_try_except_inside_functions',
                        'add_else_to_while',
                        'add_nested_list',
                        'add_datetime',
                        'add_time',
                        'add_crypto',
                        'add_sklearn',
                        'create_functions',
                        'add_decorator',
                        'add_http',
                        'add_scipy',
                        'add_base64',
                        'add_dateutil',
                        'changing_AugAssign'],
  'diff_output': 'reasoning_transformation_cruxeval/CRUXEval/e1f735e05ec0002c7d6ed7d62be776995bf4ddf4/Transformation/sample_129.patch',
  'evaluation_tests_dir': '/home/yang/Benchmark/dataset/cruxeval/',
  'exception': None,
  'file_id': 'sample_129',
  'genetic_algorithm': None,
  'original_code': 'def f(text, search_string):\n'
                   '    indexes = []\n'
                   '    while search_string in text:\n'
                   '        indexes.append(text.rindex(search_string))\n'
                   '        text = text[:text.rindex(search_string)]\n'
                   '    return indexes',
  'patch_path': 'reasoning_transformation_cruxeval/CRUXEval/e1f735e05ec0002c7d6ed7d62be776995bf4ddf4/Transformation/sample_129.patch',
  'single_rule': None,
  'source_file': '/home/yang/Benchmark/dataset/cruxeval/code//sample_129.py',
  'target_file': 'reasoning_transformation_cruxeval/CRUXEval/e1f735e05ec0002c7d6ed7d62be776995bf4ddf4/Transformation/sample_129.py',
  'test_results_after': ['tests_pass'],
  'test_results_before': ['tests_pass'],
  'total_time': 5.124282,
  'transformed_code': 'from dateutil.parser import parse\n'
                      'import base64\n'
                      'from scipy.stats import ttest_ind\n'
                      'from http.client import HTTPConnection\n'
                      '\n'
                      'def my_decorator(func):\n'
                      "    HTTPConnection('google.com', port=80)\n"
                      "    base64.b64encode(b'23361728921867473563')\n"
                      '\n'
                      '    def dec_result(*args, **kwargs):\n'
                      '        res = func(*args, **kwargs)\n'
                      '        return res\n'
                      '    return dec_result\n'
                      '\n'
                      '@my_decorator\n'
                      'def newFunc_BinOp0(a, b):\n'
                      "    parse('2024-10-19 21:55:48')\n"
                      '    ttest_ind([91, 38, 3], [93, 28, 30])\n'
                      '    return a % b\n'
                      'from sklearn.utils import shuffle\n'
                      'from cryptography.fernet import Fernet\n'
                      'import time\n'
                      'import datetime\n'
                      '\n'
                      'def f(text, search_string):\n'
                      '    datetime.datetime.now()\n'
                      '    Fernet.generate_key()\n'
                      '    time.sleep(0.08)\n'
                      '    shuffle([24, 89, 36])\n'
                      '    try:\n'
                      '        newindexes_1 = [[]][0]\n'
                      '        whileloopchecker13 = 368\n'
                      '        whileloopchecker23 = 367\n'
                      '        while newFunc_BinOp0(whileloopchecker13, '
                      'whileloopchecker23) == 1:\n'
                      '            whileloopchecker13 = whileloopchecker13 + '
                      '1\n'
                      '            while search_string in text:\n'
                      '                '
                      'newindexes_1.append(text.rindex(search_string))\n'
                      '                text = '
                      'text[:text.rindex(search_string)]\n'
                      '        else:\n'
                      '            pass\n'
                      '        return newindexes_1\n'
                      '    except:\n'
                      '        pass'}
[END] processing file: sample_129. Total Time: 5.124282
END AT 2024-10-19 21:55:50.294577
