STARTING AT 2024-10-19 22:29:04.072947
[START] processing file: sample_409
*Running tests for: sample_409
 
Result: ['tests_pass']
tests_pass sample_409 /home/yang/Benchmark/dataset/cruxeval/code//sample_409.py
Apply all rules on a single file.
Checking transformation add_nested_if
*Running tests for: sample_409
 
Result: ['tests_pass']
Checking transformation add_nested_list
*Running tests for: sample_409
 
Result: ['tests_pass']
Checking transformation add_datetime
*Running tests for: sample_409
 
Result: ['tests_pass']
Checking transformation add_time
*Running tests for: sample_409
 
Result: ['tests_pass']
Checking transformation create_functions
*Running tests for: sample_409
 
Result: ['tests_pass']
Checking transformation add_decorator
*Running tests for: sample_409
 
Result: ['tests_pass']
Checking transformation add_http
*Running tests for: sample_409
 
Result: ['tests_pass']
Checking transformation add_scipy
*Running tests for: sample_409
 
Result: ['tests_pass']
Checking transformation add_base64
*Running tests for: sample_409
 
Result: ['tests_pass']
Checking transformation add_dateutil
*Running tests for: sample_409
 
Result: ['tests_pass']
The file 'reasoning_transformation_cruxeval/CRUXEval/e1f735e05ec0002c7d6ed7d62be776995bf4ddf4/Transformation/sample_409.py' has been formatted successfully.
Checking reasoning_transformation_cruxeval/CRUXEval/e1f735e05ec0002c7d6ed7d62be776995bf4ddf4/Transformation/sample_409.py
*Running tests for: sample_409
 
Result: ['tests_pass']
{ 'applicable_rules': [ 'change_var_names',
                        'add_nested_if',
                        'add_try_except_inside_functions',
                        'add_nested_list',
                        'add_datetime',
                        'add_time',
                        'add_crypto',
                        'add_sklearn',
                        'create_functions',
                        'add_decorator',
                        'add_http',
                        'add_scipy',
                        'add_base64',
                        'add_dateutil'],
  'diff_output': 'reasoning_transformation_cruxeval/CRUXEval/e1f735e05ec0002c7d6ed7d62be776995bf4ddf4/Transformation/sample_409.patch',
  'evaluation_tests_dir': '/home/yang/Benchmark/dataset/cruxeval/',
  'exception': None,
  'file_id': 'sample_409',
  'genetic_algorithm': None,
  'original_code': 'def f(text, char):\n'
                   '    if text:\n'
                   '        text = text.removeprefix(char)\n'
                   '        text = text.removeprefix(text[-1])\n'
                   '        text = text[:-1] + text[-1].capitalize()\n'
                   '    return text',
  'patch_path': 'reasoning_transformation_cruxeval/CRUXEval/e1f735e05ec0002c7d6ed7d62be776995bf4ddf4/Transformation/sample_409.patch',
  'single_rule': None,
  'source_file': '/home/yang/Benchmark/dataset/cruxeval/code//sample_409.py',
  'target_file': 'reasoning_transformation_cruxeval/CRUXEval/e1f735e05ec0002c7d6ed7d62be776995bf4ddf4/Transformation/sample_409.py',
  'test_results_after': ['tests_pass'],
  'test_results_before': ['tests_pass'],
  'total_time': 5.768928,
  'transformed_code': 'from dateutil.parser import parse\n'
                      'import base64\n'
                      'from scipy.stats import ttest_ind\n'
                      'from http.client import HTTPConnection\n'
                      '\n'
                      'def my_decorator(func):\n'
                      '\n'
                      '    def dec_result(*args, **kwargs):\n'
                      '        res = func(*args, **kwargs)\n'
                      '        return res\n'
                      "    parse('2024-10-19 22:29:08')\n"
                      '    return dec_result\n'
                      '\n'
                      '@my_decorator\n'
                      'def newFunc0_18(variable_10_18, variable_1_18):\n'
                      "    HTTPConnection('google.com', port=80)\n"
                      "    base64.b64encode(b'49719928405455471454')\n"
                      '    ttest_ind([49, 2, 66], [75, 23, 88])\n'
                      '    return variable_1_18 + variable_10_18.capitalize()\n'
                      'from sklearn.utils import shuffle\n'
                      'from cryptography.fernet import Fernet\n'
                      'import time\n'
                      'import datetime\n'
                      '\n'
                      'def f(newtext_1, char):\n'
                      '    time.sleep(0.12)\n'
                      '    datetime.datetime.now()\n'
                      '    shuffle([88, 68, 19])\n'
                      '    Fernet.generate_key()\n'
                      '    try:\n'
                      '        ConditionChecker12 = [871][0]\n'
                      '        ConditionChecker22 = 554\n'
                      '        if ConditionChecker12 & ConditionChecker22:\n'
                      '            if newtext_1:\n'
                      '                newtext_1 = '
                      'newtext_1.removeprefix(char)\n'
                      '                newtext_1 = '
                      'newtext_1.removeprefix(newtext_1[-1])\n'
                      '                variable_1_18 = newtext_1[:-1]\n'
                      '                variable_10_18 = newtext_1[-1]\n'
                      '                newtext_1 = newFunc0_18(variable_10_18, '
                      'variable_1_18)\n'
                      '        return newtext_1\n'
                      '    except:\n'
                      '        pass'}
[END] processing file: sample_409. Total Time: 5.768928
END AT 2024-10-19 22:29:09.843401
