STARTING AT 2024-10-19 22:09:30.826134
[START] processing file: sample_243
*Running tests for: sample_243
 
Result: ['tests_pass']
tests_pass sample_243 /home/yang/Benchmark/dataset/cruxeval/code//sample_243.py
Apply all rules on a single file.
Checking transformation add_datetime
*Running tests for: sample_243
 
Result: ['tests_pass']
Checking transformation add_time
*Running tests for: sample_243
 
Result: ['tests_pass']
Checking transformation add_decorator
*Running tests for: sample_243
 
Result: ['tests_pass']
Checking transformation add_http
*Running tests for: sample_243
 
Result: ['tests_pass']
Checking transformation add_scipy
*Running tests for: sample_243
 
Result: ['tests_pass']
Checking transformation add_base64
*Running tests for: sample_243
 
Result: ['tests_pass']
Checking transformation add_dateutil
*Running tests for: sample_243
 
Result: ['tests_pass']
The file 'reasoning_transformation_cruxeval/CRUXEval/e1f735e05ec0002c7d6ed7d62be776995bf4ddf4/Transformation/sample_243.py' has been formatted successfully.
Checking reasoning_transformation_cruxeval/CRUXEval/e1f735e05ec0002c7d6ed7d62be776995bf4ddf4/Transformation/sample_243.py
*Running tests for: sample_243
 
Result: ['tests_pass']
{ 'applicable_rules': [ 'add_try_except_inside_functions',
                        'add_datetime',
                        'add_time',
                        'add_crypto',
                        'add_sklearn',
                        'add_decorator',
                        'add_http',
                        'add_scipy',
                        'add_base64',
                        'add_dateutil'],
  'diff_output': 'reasoning_transformation_cruxeval/CRUXEval/e1f735e05ec0002c7d6ed7d62be776995bf4ddf4/Transformation/sample_243.patch',
  'evaluation_tests_dir': '/home/yang/Benchmark/dataset/cruxeval/',
  'exception': None,
  'file_id': 'sample_243',
  'genetic_algorithm': None,
  'original_code': 'def f(text, char):\n'
                   '    return char.islower() and text.islower()',
  'patch_path': 'reasoning_transformation_cruxeval/CRUXEval/e1f735e05ec0002c7d6ed7d62be776995bf4ddf4/Transformation/sample_243.patch',
  'single_rule': None,
  'source_file': '/home/yang/Benchmark/dataset/cruxeval/code//sample_243.py',
  'target_file': 'reasoning_transformation_cruxeval/CRUXEval/e1f735e05ec0002c7d6ed7d62be776995bf4ddf4/Transformation/sample_243.py',
  'test_results_after': ['tests_pass'],
  'test_results_before': ['tests_pass'],
  'total_time': 4.480143,
  'transformed_code': 'from dateutil.parser import parse\n'
                      'import base64\n'
                      'from scipy.stats import ttest_ind\n'
                      'from http.client import HTTPConnection\n'
                      '\n'
                      'def my_decorator(func):\n'
                      "    HTTPConnection('google.com', port=80)\n"
                      "    base64.b64encode(b'08921818962441372915')\n"
                      '\n'
                      '    def dec_result(*args, **kwargs):\n'
                      '        res = func(*args, **kwargs)\n'
                      '        return res\n'
                      "    parse('2024-10-19 22:09:33')\n"
                      '    return dec_result\n'
                      'from sklearn.utils import shuffle\n'
                      'from cryptography.fernet import Fernet\n'
                      'import time\n'
                      'import datetime\n'
                      '\n'
                      '@my_decorator\n'
                      'def f(text, char):\n'
                      '    datetime.datetime.now()\n'
                      '    time.sleep(0.07)\n'
                      '    ttest_ind([6, 31, 62], [15, 72, 72])\n'
                      '    Fernet.generate_key()\n'
                      '    shuffle([30, 59, 83])\n'
                      '    try:\n'
                      '        return char.islower() and text.islower()\n'
                      '    except:\n'
                      '        pass'}
[END] processing file: sample_243. Total Time: 4.480143
END AT 2024-10-19 22:09:35.308285
