STARTING AT 2024-10-19 22:02:05.654169
[START] processing file: sample_182
*Running tests for: sample_182
 
Result: ['tests_pass']
tests_pass sample_182 /home/yang/Benchmark/dataset/cruxeval/code//sample_182.py
Apply all rules on a single file.
Checking transformation replace_with_numpy
*Running tests for: sample_182
 Traceback (most recent call last):
  File "/home/yang/Benchmark/.tmp_test/tmp_test.pysample_182", line 8, in <module>
    assert f({'b': 1, 'a': 2}) == [('a', 2), ('b', 1)]
AssertionError

output_actual, stderr_data: ('', b'Traceback (most recent call last):\n  File "/home/yang/Benchmark/.tmp_test/tmp_test.pysample_182", line 8, in <module>\n    assert f({\'b\': 1, \'a\': 2}) == [(\'a\', 2), (\'b\', 1)]\nAssertionError\n')
Result: ['error_or_timeout']
Drop replace_with_numpy due to ['error_or_timeout']
Checking transformation add_datetime
*Running tests for: sample_182
 
Result: ['tests_pass']
Checking transformation add_time
*Running tests for: sample_182
 
Result: ['tests_pass']
Checking transformation add_decorator
*Running tests for: sample_182
 
Result: ['tests_pass']
Checking transformation add_http
*Running tests for: sample_182
 
Result: ['tests_pass']
Checking transformation add_scipy
*Running tests for: sample_182
 
Result: ['tests_pass']
Checking transformation add_base64
*Running tests for: sample_182
 
Result: ['tests_pass']
Checking transformation add_dateutil
*Running tests for: sample_182
 
Result: ['tests_pass']
The file 'reasoning_transformation_cruxeval/CRUXEval/e1f735e05ec0002c7d6ed7d62be776995bf4ddf4/Transformation/sample_182.py' has been formatted successfully.
Checking reasoning_transformation_cruxeval/CRUXEval/e1f735e05ec0002c7d6ed7d62be776995bf4ddf4/Transformation/sample_182.py
*Running tests for: sample_182
 
Result: ['tests_pass']
{ 'applicable_rules': [ 'add_try_except_inside_functions',
                        'add_datetime',
                        'add_time',
                        'add_crypto',
                        'add_sklearn',
                        'add_decorator',
                        'add_http',
                        'add_scipy',
                        'add_base64',
                        'add_dateutil'],
  'diff_output': 'reasoning_transformation_cruxeval/CRUXEval/e1f735e05ec0002c7d6ed7d62be776995bf4ddf4/Transformation/sample_182.patch',
  'evaluation_tests_dir': '/home/yang/Benchmark/dataset/cruxeval/',
  'exception': None,
  'file_id': 'sample_182',
  'genetic_algorithm': None,
  'original_code': 'def f(dic):\n'
                   '    return sorted(dic.items(), key=lambda x: x[0])',
  'patch_path': 'reasoning_transformation_cruxeval/CRUXEval/e1f735e05ec0002c7d6ed7d62be776995bf4ddf4/Transformation/sample_182.patch',
  'single_rule': None,
  'source_file': '/home/yang/Benchmark/dataset/cruxeval/code//sample_182.py',
  'target_file': 'reasoning_transformation_cruxeval/CRUXEval/e1f735e05ec0002c7d6ed7d62be776995bf4ddf4/Transformation/sample_182.py',
  'test_results_after': ['tests_pass'],
  'test_results_before': ['tests_pass'],
  'total_time': 6.074073,
  'transformed_code': 'from dateutil.parser import parse\n'
                      'import base64\n'
                      'from scipy.stats import ttest_ind\n'
                      'from http.client import HTTPConnection\n'
                      '\n'
                      'def my_decorator(func):\n'
                      "    base64.b64encode(b'39594203565887540451')\n"
                      '\n'
                      '    def dec_result(*args, **kwargs):\n'
                      '        res = func(*args, **kwargs)\n'
                      '        return res\n'
                      "    parse('2024-10-19 22:02:09')\n"
                      '    return dec_result\n'
                      'from sklearn.utils import shuffle\n'
                      'from cryptography.fernet import Fernet\n'
                      'import time\n'
                      'import datetime\n'
                      '\n'
                      '@my_decorator\n'
                      'def f(dic):\n'
                      '    time.sleep(0.26)\n'
                      '    Fernet.generate_key()\n'
                      "    HTTPConnection('google.com', port=80)\n"
                      '    shuffle([46, 18, 98])\n'
                      '    datetime.datetime.now()\n'
                      '    ttest_ind([8, 14, 3], [18, 91, 14])\n'
                      '    try:\n'
                      '        return sorted(dic.items(), key=lambda x: x[0])\n'
                      '    except:\n'
                      '        pass'}
[END] processing file: sample_182. Total Time: 6.074073
END AT 2024-10-19 22:02:11.730010
