STARTING AT 2024-10-19 23:41:02.809500
[START] processing file: sample_795
*Running tests for: sample_795
 
Result: ['tests_pass']
tests_pass sample_795 /home/yang/Benchmark/dataset/cruxeval/code//sample_795.py
Apply all rules on a single file.
Checking transformation add_datetime
*Running tests for: sample_795
 
Result: ['tests_pass']
Checking transformation add_time
*Running tests for: sample_795
 
Result: ['tests_pass']
Checking transformation add_decorator
*Running tests for: sample_795
 
Result: ['tests_pass']
Checking transformation add_http
*Running tests for: sample_795
 
Result: ['tests_pass']
Checking transformation add_scipy
*Running tests for: sample_795
 
Result: ['tests_pass']
Checking transformation add_base64
*Running tests for: sample_795
 
Result: ['tests_pass']
Checking transformation add_dateutil
*Running tests for: sample_795
 
Result: ['tests_pass']
The file 'reasoning_transformation_cruxeval/CRUXEval/951a917df7397c9cb698ead54386db6d1db4ffb0/Transformation/sample_795.py' has been formatted successfully.
Checking reasoning_transformation_cruxeval/CRUXEval/951a917df7397c9cb698ead54386db6d1db4ffb0/Transformation/sample_795.py
*Running tests for: sample_795
 
Result: ['tests_pass']
{ 'applicable_rules': [ 'add_try_except_inside_functions',
                        'add_datetime',
                        'add_time',
                        'add_crypto',
                        'add_sklearn',
                        'add_decorator',
                        'add_http',
                        'add_scipy',
                        'add_base64',
                        'add_dateutil'],
  'diff_output': 'reasoning_transformation_cruxeval/CRUXEval/951a917df7397c9cb698ead54386db6d1db4ffb0/Transformation/sample_795.patch',
  'evaluation_tests_dir': '/home/yang/Benchmark/dataset/cruxeval/',
  'exception': None,
  'file_id': 'sample_795',
  'genetic_algorithm': None,
  'original_code': "def f(text):\n    return text.title().replace('Io', 'io')",
  'patch_path': 'reasoning_transformation_cruxeval/CRUXEval/951a917df7397c9cb698ead54386db6d1db4ffb0/Transformation/sample_795.patch',
  'single_rule': None,
  'source_file': '/home/yang/Benchmark/dataset/cruxeval/code//sample_795.py',
  'target_file': 'reasoning_transformation_cruxeval/CRUXEval/951a917df7397c9cb698ead54386db6d1db4ffb0/Transformation/sample_795.py',
  'test_results_after': ['tests_pass'],
  'test_results_before': ['tests_pass'],
  'total_time': 5.106423,
  'transformed_code': 'from dateutil.parser import parse\n'
                      'import base64\n'
                      'from scipy.stats import ttest_ind\n'
                      'from http.client import HTTPConnection\n'
                      '\n'
                      'def my_decorator(func):\n'
                      '\n'
                      '    def dec_result(*args, **kwargs):\n'
                      '        res = func(*args, **kwargs)\n'
                      '        return res\n'
                      "    base64.b64encode(b'64272894519579259153')\n"
                      '    return dec_result\n'
                      'from sklearn.utils import shuffle\n'
                      'from cryptography.fernet import Fernet\n'
                      'import time\n'
                      'import datetime\n'
                      '\n'
                      '@my_decorator\n'
                      'def f(text):\n'
                      '    ttest_ind([62, 50, 99], [86, 3, 41])\n'
                      '    shuffle([32, 100, 35])\n'
                      "    parse('2024-10-19 23:41:06')\n"
                      "    HTTPConnection('google.com', port=80)\n"
                      '    time.sleep(0.17)\n'
                      '    Fernet.generate_key()\n'
                      '    datetime.datetime.now()\n'
                      '    try:\n'
                      "        return text.title().replace('Io', 'io')\n"
                      '    except:\n'
                      '        pass'}
[END] processing file: sample_795. Total Time: 5.106423
END AT 2024-10-19 23:41:07.917470
