STARTING AT 2024-10-19 22:28:01.563932
[START] processing file: sample_3
*Running tests for: sample_3
 
Result: ['tests_pass']
tests_pass sample_3 /home/yang/Benchmark/dataset/cruxeval/code//sample_3.py
Apply all rules on a single file.
Checking transformation add_datetime
*Running tests for: sample_3
 
Result: ['tests_pass']
Checking transformation add_time
*Running tests for: sample_3
 
Result: ['tests_pass']
Checking transformation add_decorator
*Running tests for: sample_3
 
Result: ['tests_pass']
Checking transformation add_http
*Running tests for: sample_3
 
Result: ['tests_pass']
Checking transformation add_scipy
*Running tests for: sample_3
 
Result: ['tests_pass']
Checking transformation add_base64
*Running tests for: sample_3
 
Result: ['tests_pass']
Checking transformation add_dateutil
*Running tests for: sample_3
 
Result: ['tests_pass']
The file 'reasoning_transformation_cruxeval/CRUXEval/e1f735e05ec0002c7d6ed7d62be776995bf4ddf4/Transformation/sample_3.py' has been formatted successfully.
Checking reasoning_transformation_cruxeval/CRUXEval/e1f735e05ec0002c7d6ed7d62be776995bf4ddf4/Transformation/sample_3.py
*Running tests for: sample_3
 
Result: ['tests_pass']
{ 'applicable_rules': [ 'change_var_names',
                        'add_try_except_inside_functions',
                        'add_datetime',
                        'add_time',
                        'add_crypto',
                        'add_sklearn',
                        'add_decorator',
                        'add_http',
                        'add_scipy',
                        'add_base64',
                        'add_dateutil'],
  'diff_output': 'reasoning_transformation_cruxeval/CRUXEval/e1f735e05ec0002c7d6ed7d62be776995bf4ddf4/Transformation/sample_3.patch',
  'evaluation_tests_dir': '/home/yang/Benchmark/dataset/cruxeval/',
  'exception': None,
  'file_id': 'sample_3',
  'genetic_algorithm': None,
  'original_code': 'def f(text, value):\n'
                   '    text_list = list(text)\n'
                   '    text_list.append(value)\n'
                   "    return ''.join(text_list)",
  'patch_path': 'reasoning_transformation_cruxeval/CRUXEval/e1f735e05ec0002c7d6ed7d62be776995bf4ddf4/Transformation/sample_3.patch',
  'single_rule': None,
  'source_file': '/home/yang/Benchmark/dataset/cruxeval/code//sample_3.py',
  'target_file': 'reasoning_transformation_cruxeval/CRUXEval/e1f735e05ec0002c7d6ed7d62be776995bf4ddf4/Transformation/sample_3.py',
  'test_results_after': ['tests_pass'],
  'test_results_before': ['tests_pass'],
  'total_time': 3.659675,
  'transformed_code': 'from dateutil.parser import parse\n'
                      'import base64\n'
                      'from scipy.stats import ttest_ind\n'
                      'from http.client import HTTPConnection\n'
                      '\n'
                      'def my_decorator(func):\n'
                      "    base64.b64encode(b'22937523171905025591')\n"
                      '\n'
                      '    def dec_result(*args, **kwargs):\n'
                      '        res = func(*args, **kwargs)\n'
                      '        return res\n'
                      "    parse('2024-10-19 22:28:04')\n"
                      '    return dec_result\n'
                      'from sklearn.utils import shuffle\n'
                      'from cryptography.fernet import Fernet\n'
                      'import time\n'
                      'import datetime\n'
                      '\n'
                      '@my_decorator\n'
                      'def f(text, value):\n'
                      '    time.sleep(0.0)\n'
                      '    ttest_ind([22, 16, 41], [32, 77, 51])\n'
                      '    shuffle([51, 85, 88])\n'
                      '    datetime.datetime.now()\n'
                      "    HTTPConnection('google.com', port=80)\n"
                      '    Fernet.generate_key()\n'
                      '    try:\n'
                      '        newtext_list_1 = list(text)\n'
                      '        newtext_list_1.append(value)\n'
                      "        return ''.join(newtext_list_1)\n"
                      '    except:\n'
                      '        pass'}
[END] processing file: sample_3. Total Time: 3.659675
END AT 2024-10-19 22:28:05.224645
