STARTING AT 2024-10-19 22:05:27.569691
[START] processing file: sample_210
*Running tests for: sample_210
 
Result: ['tests_pass']
tests_pass sample_210 /home/yang/Benchmark/dataset/cruxeval/code//sample_210.py
Apply all rules on a single file.
Checking transformation add_nested_while_out
*Running tests for: sample_210
 
Result: ['tests_pass']
Checking transformation add_nested_if
*Running tests for: sample_210
 
Result: ['tests_pass']
Checking transformation add_nested_list
*Running tests for: sample_210
 
Result: ['tests_pass']
Checking transformation add_datetime
*Running tests for: sample_210
 
Result: ['tests_pass']
Checking transformation add_time
*Running tests for: sample_210
 
Result: ['tests_pass']
Checking transformation create_functions
*Running tests for: sample_210
 
Result: ['tests_pass']
Checking transformation add_decorator
*Running tests for: sample_210
 
Result: ['tests_pass']
Checking transformation add_http
*Running tests for: sample_210
 
Result: ['tests_pass']
Checking transformation add_scipy
*Running tests for: sample_210
 
Result: ['tests_pass']
Checking transformation add_base64
*Running tests for: sample_210
 
Result: ['tests_pass']
Checking transformation add_dateutil
*Running tests for: sample_210
 
Result: ['tests_pass']
The file 'reasoning_transformation_cruxeval/CRUXEval/e1f735e05ec0002c7d6ed7d62be776995bf4ddf4/Transformation/sample_210.py' has been formatted successfully.
Checking reasoning_transformation_cruxeval/CRUXEval/e1f735e05ec0002c7d6ed7d62be776995bf4ddf4/Transformation/sample_210.py
*Running tests for: sample_210
 
Result: ['tests_pass']
{ 'applicable_rules': [ 'change_var_names',
                        'add_nested_while_out',
                        'add_nested_if',
                        'add_try_except_inside_functions',
                        'add_else_to_while',
                        'add_nested_list',
                        'add_datetime',
                        'add_time',
                        'add_crypto',
                        'add_sklearn',
                        'create_functions',
                        'add_decorator',
                        'add_http',
                        'add_scipy',
                        'add_base64',
                        'add_dateutil',
                        'changing_AugAssign'],
  'diff_output': 'reasoning_transformation_cruxeval/CRUXEval/e1f735e05ec0002c7d6ed7d62be776995bf4ddf4/Transformation/sample_210.patch',
  'evaluation_tests_dir': '/home/yang/Benchmark/dataset/cruxeval/',
  'exception': None,
  'file_id': 'sample_210',
  'genetic_algorithm': None,
  'original_code': 'def f(n, m, num):\n'
                   '    x_list = list(range(n, m + 1))\n'
                   '    j = 0\n'
                   '    while True:\n'
                   '        j = (j + num) % len(x_list)\n'
                   '        if x_list[j] % 2 == 0:\n'
                   '            return x_list[j]',
  'patch_path': 'reasoning_transformation_cruxeval/CRUXEval/e1f735e05ec0002c7d6ed7d62be776995bf4ddf4/Transformation/sample_210.patch',
  'single_rule': None,
  'source_file': '/home/yang/Benchmark/dataset/cruxeval/code//sample_210.py',
  'target_file': 'reasoning_transformation_cruxeval/CRUXEval/e1f735e05ec0002c7d6ed7d62be776995bf4ddf4/Transformation/sample_210.py',
  'test_results_after': ['tests_pass'],
  'test_results_before': ['tests_pass'],
  'total_time': 6.991707,
  'transformed_code': 'from dateutil.parser import parse\n'
                      'import base64\n'
                      'from scipy.stats import ttest_ind\n'
                      'from http.client import HTTPConnection\n'
                      '\n'
                      'def my_decorator(func):\n'
                      '\n'
                      '    def dec_result(*args, **kwargs):\n'
                      '        res = func(*args, **kwargs)\n'
                      '        return res\n'
                      "    parse('2024-10-19 22:05:32')\n"
                      "    base64.b64encode(b'81278131976075625694')\n"
                      '    return dec_result\n'
                      '\n'
                      '@my_decorator\n'
                      'def newFunc0_21(x_list, newj_1, num, len):\n'
                      '    ttest_ind([10, 70, 91], [75, 15, 68])\n'
                      "    HTTPConnection('google.com', port=80)\n"
                      '    return (newj_1 + num) % len(x_list)\n'
                      'from sklearn.utils import shuffle\n'
                      'from cryptography.fernet import Fernet\n'
                      'import time\n'
                      'import datetime\n'
                      '\n'
                      'def f(n, m, num):\n'
                      '    datetime.datetime.now()\n'
                      '    time.sleep(0.3)\n'
                      '    Fernet.generate_key()\n'
                      '    shuffle([65, 58, 6])\n'
                      '    try:\n'
                      '        x_list = list(range(n, m + 1))\n'
                      '        newj_1 = [0][0]\n'
                      '        whileloopchecker14 = 102\n'
                      '        whileloopchecker24 = 101\n'
                      '        while whileloopchecker14 % whileloopchecker24 '
                      '== 1:\n'
                      '            whileloopchecker14 = whileloopchecker14 + '
                      '1\n'
                      '            while True:\n'
                      '                ConditionChecker110 = 722\n'
                      '                ConditionChecker210 = 575\n'
                      '                newj_1 = newFunc0_21(x_list, newj_1, '
                      'num, len)\n'
                      '                if ConditionChecker110 & '
                      'ConditionChecker210:\n'
                      '                    if x_list[newj_1] % 2 == 0:\n'
                      '                        return x_list[newj_1]\n'
                      '        else:\n'
                      '            pass\n'
                      '    except:\n'
                      '        pass'}
[END] processing file: sample_210. Total Time: 6.991707
END AT 2024-10-19 22:05:34.563661
