STARTING AT 2024-10-19 23:03:45.733251
[START] processing file: sample_752
*Running tests for: sample_752
 
Result: ['tests_pass']
tests_pass sample_752 /home/yang/Benchmark/dataset/cruxeval/code//sample_752.py
Apply all rules on a single file.
Checking transformation add_datetime
*Running tests for: sample_752
 
Result: ['tests_pass']
Checking transformation add_time
*Running tests for: sample_752
 
Result: ['tests_pass']
def newFunc_68638(arg0, arg1):
    return arg0 + arg1
Checking transformation create_functions
*Running tests for: sample_752
 
Result: ['tests_pass']
Checking transformation add_decorator
*Running tests for: sample_752
 
Result: ['tests_pass']
Checking transformation add_http
*Running tests for: sample_752
 
Result: ['tests_pass']
Checking transformation add_scipy
*Running tests for: sample_752
 
Result: ['tests_pass']
Checking transformation add_base64
*Running tests for: sample_752
 
Result: ['tests_pass']
Checking transformation add_dateutil
*Running tests for: sample_752
 
Result: ['tests_pass']
The file 'reasoning_transformation_cruxeval/CRUXEval/e1f735e05ec0002c7d6ed7d62be776995bf4ddf4/Transformation/sample_752.py' has been formatted successfully.
Checking reasoning_transformation_cruxeval/CRUXEval/e1f735e05ec0002c7d6ed7d62be776995bf4ddf4/Transformation/sample_752.py
*Running tests for: sample_752
 
Result: ['tests_pass']
{ 'applicable_rules': [ 'add_try_except_inside_functions',
                        'add_datetime',
                        'add_time',
                        'add_crypto',
                        'add_sklearn',
                        'create_functions',
                        'add_decorator',
                        'add_http',
                        'add_scipy',
                        'add_base64',
                        'add_dateutil'],
  'diff_output': 'reasoning_transformation_cruxeval/CRUXEval/e1f735e05ec0002c7d6ed7d62be776995bf4ddf4/Transformation/sample_752.patch',
  'evaluation_tests_dir': '/home/yang/Benchmark/dataset/cruxeval/',
  'exception': None,
  'file_id': 'sample_752',
  'genetic_algorithm': None,
  'original_code': "def f(s, amount):\n    return (amount - len(s)) * 'z' + s",
  'patch_path': 'reasoning_transformation_cruxeval/CRUXEval/e1f735e05ec0002c7d6ed7d62be776995bf4ddf4/Transformation/sample_752.patch',
  'single_rule': None,
  'source_file': '/home/yang/Benchmark/dataset/cruxeval/code//sample_752.py',
  'target_file': 'reasoning_transformation_cruxeval/CRUXEval/e1f735e05ec0002c7d6ed7d62be776995bf4ddf4/Transformation/sample_752.py',
  'test_results_after': ['tests_pass'],
  'test_results_before': ['tests_pass'],
  'total_time': 5.75386,
  'transformed_code': 'from dateutil.parser import parse\n'
                      'import base64\n'
                      'from scipy.stats import ttest_ind\n'
                      'from http.client import HTTPConnection\n'
                      '\n'
                      'def my_decorator(func):\n'
                      '\n'
                      '    def dec_result(*args, **kwargs):\n'
                      '        res = func(*args, **kwargs)\n'
                      '        return res\n'
                      '    return dec_result\n'
                      '\n'
                      '@my_decorator\n'
                      'def newFunc_68638(arg0, arg1):\n'
                      "    parse('2024-10-19 23:03:49')\n"
                      '    ttest_ind([86, 44, 46], [41, 27, 2])\n'
                      "    HTTPConnection('google.com', port=80)\n"
                      "    base64.b64encode(b'70296630481242423038')\n"
                      '    return arg0 + arg1\n'
                      'from sklearn.utils import shuffle\n'
                      'from cryptography.fernet import Fernet\n'
                      'import time\n'
                      'import datetime\n'
                      '\n'
                      'def f(s, amount):\n'
                      '    Fernet.generate_key()\n'
                      '    datetime.datetime.now()\n'
                      '    time.sleep(0.18)\n'
                      '    shuffle([86, 100, 20])\n'
                      '    try:\n'
                      "        return newFunc_68638((amount - len(s)) * 'z', "
                      's)\n'
                      '    except:\n'
                      '        pass'}
[END] processing file: sample_752. Total Time: 5.75386
END AT 2024-10-19 23:03:51.489005
