STARTING AT 2024-10-19 22:00:30.839984
[START] processing file: sample_169
*Running tests for: sample_169
 
Result: ['tests_pass']
tests_pass sample_169 /home/yang/Benchmark/dataset/cruxeval/code//sample_169.py
Apply all rules on a single file.
Checking transformation add_nested_for_out
*Running tests for: sample_169
 
Result: ['tests_pass']
Checking transformation add_nested_if
*Running tests for: sample_169
 
Result: ['tests_pass']
Checking transformation add_nested_list
*Running tests for: sample_169
 
Result: ['tests_pass']
Checking transformation transform_range_to_recursion
*Running tests for: sample_169
 
Result: ['tests_pass']
Checking transformation add_datetime
*Running tests for: sample_169
 
Result: ['tests_pass']
Checking transformation add_time
*Running tests for: sample_169
 
Result: ['tests_pass']
Checking transformation create_functions
*Running tests for: sample_169
 
Result: ['tests_pass']
Checking transformation add_decorator
*Running tests for: sample_169
 
Result: ['tests_pass']
Checking transformation add_http
*Running tests for: sample_169
 
Result: ['tests_pass']
Checking transformation add_scipy
*Running tests for: sample_169
 
Result: ['tests_pass']
Checking transformation add_base64
*Running tests for: sample_169
 
Result: ['tests_pass']
Checking transformation add_dateutil
*Running tests for: sample_169
 
Result: ['tests_pass']
The file 'reasoning_transformation_cruxeval/CRUXEval/e1f735e05ec0002c7d6ed7d62be776995bf4ddf4/Transformation/sample_169.py' has been formatted successfully.
Checking reasoning_transformation_cruxeval/CRUXEval/e1f735e05ec0002c7d6ed7d62be776995bf4ddf4/Transformation/sample_169.py
*Running tests for: sample_169
 
Result: ['tests_pass']
{ 'applicable_rules': [ 'change_var_names',
                        'add_nested_for_out',
                        'add_nested_if',
                        'add_try_except_inside_functions',
                        'add_else_to_for',
                        'add_nested_list',
                        'transform_range_to_recursion',
                        'add_datetime',
                        'add_time',
                        'add_crypto',
                        'add_sklearn',
                        'create_functions',
                        'add_decorator',
                        'add_http',
                        'add_scipy',
                        'add_base64',
                        'add_dateutil'],
  'diff_output': 'reasoning_transformation_cruxeval/CRUXEval/e1f735e05ec0002c7d6ed7d62be776995bf4ddf4/Transformation/sample_169.patch',
  'evaluation_tests_dir': '/home/yang/Benchmark/dataset/cruxeval/',
  'exception': None,
  'file_id': 'sample_169',
  'genetic_algorithm': None,
  'original_code': 'def f(text):\n'
                   '    ls = list(text)\n'
                   '    total = (len(text) - 1) * 2\n'
                   '    for i in range(1, total + 1):\n'
                   '        if i % 2:\n'
                   "            ls.append('+')\n"
                   '        else:\n'
                   "            ls.insert(0, '+')\n"
                   "    return ''.join(ls).rjust(total)",
  'patch_path': 'reasoning_transformation_cruxeval/CRUXEval/e1f735e05ec0002c7d6ed7d62be776995bf4ddf4/Transformation/sample_169.patch',
  'single_rule': None,
  'source_file': '/home/yang/Benchmark/dataset/cruxeval/code//sample_169.py',
  'target_file': 'reasoning_transformation_cruxeval/CRUXEval/e1f735e05ec0002c7d6ed7d62be776995bf4ddf4/Transformation/sample_169.py',
  'test_results_after': ['tests_pass'],
  'test_results_before': ['tests_pass'],
  'total_time': 6.273374,
  'transformed_code': 'from dateutil.parser import parse\n'
                      'import base64\n'
                      'from scipy.stats import ttest_ind\n'
                      'from http.client import HTTPConnection\n'
                      '\n'
                      'def my_decorator(func):\n'
                      '    ttest_ind([98, 78, 62], [12, 88, 23])\n'
                      "    parse('2024-10-19 22:00:35')\n"
                      "    base64.b64encode(b'38617344296247107306')\n"
                      '\n'
                      '    def dec_result(*args, **kwargs):\n'
                      '        res = func(*args, **kwargs)\n'
                      '        return res\n'
                      '    return dec_result\n'
                      '\n'
                      '@my_decorator\n'
                      'def newFunc0_13(variable_3_13, len, text, '
                      'variable_6_13):\n'
                      '    return (len(text) - variable_6_13) * variable_3_13\n'
                      'from sklearn.utils import shuffle\n'
                      'from cryptography.fernet import Fernet\n'
                      'import time\n'
                      'import datetime\n'
                      '\n'
                      'def f(text):\n'
                      "    HTTPConnection('google.com', port=80)\n"
                      '    shuffle([47, 8, 95])\n'
                      '    time.sleep(0.21)\n'
                      '    Fernet.generate_key()\n'
                      '    datetime.datetime.now()\n'
                      '    try:\n'
                      '        ls = list(text)\n'
                      '        variable_3_13 = 2\n'
                      '        variable_6_13 = 1\n'
                      '        total = newFunc0_13(variable_3_13, len, text, '
                      'variable_6_13)\n'
                      '        LoopChecker14 = [346][0]\n'
                      '        LoopChecker24 = 345\n'
                      '        ConditionChecker18 = 433\n'
                      '        ConditionChecker28 = 857\n'
                      '        for LoopIndexOut in range(LoopChecker14 // '
                      'LoopChecker24):\n'
                      '\n'
                      '            def loop_10_12(newi_1, stop, step):\n'
                      '                if step == 0 or (step > 0 and newi_1 >= '
                      'stop) or (step < 0 and newi_1 <= stop):\n'
                      '                    return\n'
                      '                if ConditionChecker18 & '
                      'ConditionChecker28:\n'
                      '                    if newi_1 % 2:\n'
                      "                        ls.append('+')\n"
                      '                    else:\n'
                      "                        ls.insert(0, '+')\n"
                      '                loop_10_12(newi_1 + step, stop, step)\n'
                      '            loop_10_12(1, total + 1, 1)\n'
                      '        else:\n'
                      '            pass\n'
                      "        return ''.join(ls).rjust(total)\n"
                      '    except:\n'
                      '        pass'}
[END] processing file: sample_169. Total Time: 6.273374
END AT 2024-10-19 22:00:37.114615
