STARTING AT 2024-10-19 23:37:56.069307
[START] processing file: sample_642
*Running tests for: sample_642
 
Result: ['tests_pass']
tests_pass sample_642 /home/yang/Benchmark/dataset/cruxeval/code//sample_642.py
Apply all rules on a single file.
Checking transformation add_nested_while_out
*Running tests for: sample_642
 
Result: ['tests_pass']
Checking transformation add_nested_if
*Running tests for: sample_642
 
Result: ['tests_pass']
Checking transformation add_nested_list
*Running tests for: sample_642
 
Result: ['tests_pass']
Checking transformation add_datetime
*Running tests for: sample_642
 
Result: ['tests_pass']
Checking transformation add_time
*Running tests for: sample_642
 
Result: ['tests_pass']
Checking transformation create_functions
*Running tests for: sample_642
 
Result: ['tests_pass']
Checking transformation add_decorator
*Running tests for: sample_642
 
Result: ['tests_pass']
Checking transformation add_http
*Running tests for: sample_642
 
Result: ['tests_pass']
Checking transformation add_scipy
*Running tests for: sample_642
 
Result: ['tests_pass']
Checking transformation add_base64
*Running tests for: sample_642
 
Result: ['tests_pass']
Checking transformation add_dateutil
*Running tests for: sample_642
 
Result: ['tests_pass']
The file 'reasoning_transformation_cruxeval/CRUXEval/951a917df7397c9cb698ead54386db6d1db4ffb0/Transformation/sample_642.py' has been formatted successfully.
Checking reasoning_transformation_cruxeval/CRUXEval/951a917df7397c9cb698ead54386db6d1db4ffb0/Transformation/sample_642.py
*Running tests for: sample_642
 
Result: ['tests_pass']
{ 'applicable_rules': [ 'change_var_names',
                        'add_nested_while_out',
                        'add_nested_if',
                        'add_try_except_inside_functions',
                        'add_else_to_while',
                        'add_nested_list',
                        'add_datetime',
                        'add_time',
                        'add_crypto',
                        'add_sklearn',
                        'create_functions',
                        'add_decorator',
                        'add_http',
                        'add_scipy',
                        'add_base64',
                        'add_dateutil',
                        'changing_AugAssign'],
  'diff_output': 'reasoning_transformation_cruxeval/CRUXEval/951a917df7397c9cb698ead54386db6d1db4ffb0/Transformation/sample_642.patch',
  'evaluation_tests_dir': '/home/yang/Benchmark/dataset/cruxeval/',
  'exception': None,
  'file_id': 'sample_642',
  'genetic_algorithm': None,
  'original_code': 'def f(text):\n'
                   '    i = 0\n'
                   '    while i < len(text) and text[i].isspace():\n'
                   '        i += 1\n'
                   '    if i == len(text):\n'
                   "        return 'space'\n"
                   "    return 'no'",
  'patch_path': 'reasoning_transformation_cruxeval/CRUXEval/951a917df7397c9cb698ead54386db6d1db4ffb0/Transformation/sample_642.patch',
  'single_rule': None,
  'source_file': '/home/yang/Benchmark/dataset/cruxeval/code//sample_642.py',
  'target_file': 'reasoning_transformation_cruxeval/CRUXEval/951a917df7397c9cb698ead54386db6d1db4ffb0/Transformation/sample_642.py',
  'test_results_after': ['tests_pass'],
  'test_results_before': ['tests_pass'],
  'total_time': 5.403463,
  'transformed_code': 'from dateutil.parser import parse\n'
                      'import base64\n'
                      'from scipy.stats import ttest_ind\n'
                      'from http.client import HTTPConnection\n'
                      '\n'
                      'def my_decorator(func):\n'
                      '\n'
                      '    def dec_result(*args, **kwargs):\n'
                      '        res = func(*args, **kwargs)\n'
                      '        return res\n'
                      '    return dec_result\n'
                      '\n'
                      '@my_decorator\n'
                      'def newFunc_BinOp0(a, b):\n'
                      "    HTTPConnection('google.com', port=80)\n"
                      '    ttest_ind([49, 56, 4], [93, 69, 53])\n'
                      "    base64.b64encode(b'88810175353187751191')\n"
                      '    return a % b\n'
                      'from sklearn.utils import shuffle\n'
                      'from cryptography.fernet import Fernet\n'
                      'import time\n'
                      'import datetime\n'
                      '\n'
                      'def f(text):\n'
                      '    Fernet.generate_key()\n'
                      '    shuffle([21, 98, 48])\n'
                      '    time.sleep(0.1)\n'
                      '    datetime.datetime.now()\n'
                      "    parse('2024-10-19 23:37:59')\n"
                      '    try:\n'
                      '        ConditionChecker19 = [516][0]\n'
                      '        ConditionChecker29 = 547\n'
                      '        newi_1 = 0\n'
                      '        whileloopchecker13 = 980\n'
                      '        whileloopchecker23 = 979\n'
                      '        while newFunc_BinOp0(whileloopchecker13, '
                      'whileloopchecker23) == 1:\n'
                      '            whileloopchecker13 = whileloopchecker13 + '
                      '1\n'
                      '            while newi_1 < len(text) and '
                      'text[newi_1].isspace():\n'
                      '                newi_1 += 1\n'
                      '        else:\n'
                      '            pass\n'
                      '        if ConditionChecker19 & ConditionChecker29:\n'
                      '            if newi_1 == len(text):\n'
                      "                return 'space'\n"
                      "        return 'no'\n"
                      '    except:\n'
                      '        pass'}
[END] processing file: sample_642. Total Time: 5.403463
END AT 2024-10-19 23:38:01.475054
