STARTING AT 2024-10-19 22:55:00.417486
[START] processing file: sample_660
*Running tests for: sample_660
 
Result: ['tests_pass']
tests_pass sample_660 /home/yang/Benchmark/dataset/cruxeval/code//sample_660.py
Apply all rules on a single file.
Checking transformation add_nested_for_out
*Running tests for: sample_660
 
Result: ['tests_pass']
Checking transformation add_nested_list
*Running tests for: sample_660
 
Result: ['tests_pass']
Checking transformation transform_range_to_recursion
*Running tests for: sample_660
 
Result: ['tests_pass']
Checking transformation replace_with_numpy
*Running tests for: sample_660
 
Result: ['tests_pass']
Checking transformation add_datetime
*Running tests for: sample_660
 
Result: ['tests_pass']
Checking transformation add_time
*Running tests for: sample_660
 
Result: ['tests_pass']
Checking transformation create_functions
*Running tests for: sample_660
 Traceback (most recent call last):
  File "/home/yang/Benchmark/.tmp_test/tmp_test.pysample_660", line 35, in <module>
    assert f(3) == 4
AssertionError

output_actual, stderr_data: ('', b'Traceback (most recent call last):\n  File "/home/yang/Benchmark/.tmp_test/tmp_test.pysample_660", line 35, in <module>\n    assert f(3) == 4\nAssertionError\n')
Result: ['error_or_timeout']
Drop create_functions due to ['error_or_timeout']
Checking transformation add_decorator
*Running tests for: sample_660
 
Result: ['tests_pass']
Checking transformation add_http
*Running tests for: sample_660
 
Result: ['tests_pass']
Checking transformation add_scipy
*Running tests for: sample_660
 
Result: ['tests_pass']
Checking transformation add_base64
*Running tests for: sample_660
 
Result: ['tests_pass']
Checking transformation add_dateutil
*Running tests for: sample_660
 
Result: ['tests_pass']
The file 'reasoning_transformation_cruxeval/CRUXEval/e1f735e05ec0002c7d6ed7d62be776995bf4ddf4/Transformation/sample_660.py' has been formatted successfully.
Checking reasoning_transformation_cruxeval/CRUXEval/e1f735e05ec0002c7d6ed7d62be776995bf4ddf4/Transformation/sample_660.py
*Running tests for: sample_660
 
Result: ['tests_pass']
{ 'applicable_rules': [ 'change_var_names',
                        'add_nested_for_out',
                        'add_try_except_inside_functions',
                        'add_else_to_for',
                        'add_nested_list',
                        'transform_range_to_recursion',
                        'replace_with_numpy',
                        'add_datetime',
                        'add_time',
                        'add_crypto',
                        'add_sklearn',
                        'add_decorator',
                        'add_http',
                        'add_scipy',
                        'add_base64',
                        'add_dateutil'],
  'diff_output': 'reasoning_transformation_cruxeval/CRUXEval/e1f735e05ec0002c7d6ed7d62be776995bf4ddf4/Transformation/sample_660.patch',
  'evaluation_tests_dir': '/home/yang/Benchmark/dataset/cruxeval/',
  'exception': None,
  'file_id': 'sample_660',
  'genetic_algorithm': None,
  'original_code': 'def f(num):\n'
                   '    initial = [1]\n'
                   '    total = initial\n'
                   '    for _ in range(num):\n'
                   '        total = [1] + [x + y for (x, y) in zip(total, '
                   'total[1:])]\n'
                   '        initial.append(total[-1])\n'
                   '    return sum(initial)',
  'patch_path': 'reasoning_transformation_cruxeval/CRUXEval/e1f735e05ec0002c7d6ed7d62be776995bf4ddf4/Transformation/sample_660.patch',
  'single_rule': None,
  'source_file': '/home/yang/Benchmark/dataset/cruxeval/code//sample_660.py',
  'target_file': 'reasoning_transformation_cruxeval/CRUXEval/e1f735e05ec0002c7d6ed7d62be776995bf4ddf4/Transformation/sample_660.py',
  'test_results_after': ['tests_pass'],
  'test_results_before': ['tests_pass'],
  'total_time': 7.096442,
  'transformed_code': 'from dateutil.parser import parse\n'
                      'import base64\n'
                      'from scipy.stats import ttest_ind\n'
                      'from http.client import HTTPConnection\n'
                      '\n'
                      'def my_decorator(func):\n'
                      '\n'
                      '    def dec_result(*args, **kwargs):\n'
                      '        res = func(*args, **kwargs)\n'
                      '        return res\n'
                      "    parse('2024-10-19 22:55:05')\n"
                      '    return dec_result\n'
                      'from sklearn.utils import shuffle\n'
                      'from cryptography.fernet import Fernet\n'
                      'import time\n'
                      'import datetime\n'
                      'import numpy as np\n'
                      '\n'
                      '@my_decorator\n'
                      'def f(num):\n'
                      '    time.sleep(0.22)\n'
                      '    datetime.datetime.now()\n'
                      "    HTTPConnection('google.com', port=80)\n"
                      '    ttest_ind([73, 2, 22], [84, 20, 51])\n'
                      '    shuffle([44, 78, 50])\n'
                      '    Fernet.generate_key()\n'
                      "    base64.b64encode(b'11664297437765541713')\n"
                      '    try:\n'
                      '        initial = [[1]][0]\n'
                      '        newtotal_1 = initial\n'
                      '        LoopChecker14 = 672\n'
                      '        LoopChecker24 = 671\n'
                      '\n'
                      '        def loop_7_8(LoopIndexOut, stop, step):\n'
                      '            nonlocal newtotal_1\n'
                      '            if step == 0 or (step > 0 and LoopIndexOut '
                      '>= stop) or (step < 0 and LoopIndexOut <= stop):\n'
                      '                return\n'
                      '            for _ in range(num):\n'
                      '                newtotal_1 = [1] + [x + y for (x, y) in '
                      'zip(newtotal_1, newtotal_1[1:])]\n'
                      '                initial.append(newtotal_1[-1])\n'
                      '            loop_7_8(LoopIndexOut + step, stop, step)\n'
                      '        loop_7_8(0, LoopChecker14 // LoopChecker24, 1)\n'
                      '        return np.sum(np.array([initial]))\n'
                      '    except:\n'
                      '        pass'}
[END] processing file: sample_660. Total Time: 7.096442
END AT 2024-10-19 22:55:07.515674
