STARTING AT 2024-10-19 22:04:27.219064
[START] processing file: sample_201
*Running tests for: sample_201
 
Result: ['tests_pass']
tests_pass sample_201 /home/yang/Benchmark/dataset/cruxeval/code//sample_201.py
Apply all rules on a single file.
Checking transformation add_nested_for_out
*Running tests for: sample_201
 
Result: ['tests_pass']
Checking transformation add_nested_if
*Running tests for: sample_201
 
Result: ['tests_pass']
Checking transformation add_nested_list
*Running tests for: sample_201
 
Result: ['tests_pass']
Checking transformation transform_range_to_recursion
*Running tests for: sample_201
 
Result: ['tests_pass']
Checking transformation add_datetime
*Running tests for: sample_201
 
Result: ['tests_pass']
Checking transformation add_time
*Running tests for: sample_201
 
Result: ['tests_pass']
Checking transformation create_functions
*Running tests for: sample_201
 
Result: ['tests_pass']
Checking transformation add_decorator
*Running tests for: sample_201
 
Result: ['tests_pass']
Checking transformation add_http
*Running tests for: sample_201
 
Result: ['tests_pass']
Checking transformation add_scipy
*Running tests for: sample_201
 
Result: ['tests_pass']
Checking transformation add_base64
*Running tests for: sample_201
 
Result: ['tests_pass']
Checking transformation add_dateutil
*Running tests for: sample_201
 
Result: ['tests_pass']
The file 'reasoning_transformation_cruxeval/CRUXEval/e1f735e05ec0002c7d6ed7d62be776995bf4ddf4/Transformation/sample_201.py' has been formatted successfully.
Checking reasoning_transformation_cruxeval/CRUXEval/e1f735e05ec0002c7d6ed7d62be776995bf4ddf4/Transformation/sample_201.py
*Running tests for: sample_201
 
Result: ['tests_pass']
{ 'applicable_rules': [ 'change_var_names',
                        'add_nested_for_out',
                        'add_nested_if',
                        'add_try_except_inside_functions',
                        'add_else_to_for',
                        'add_nested_list',
                        'transform_range_to_recursion',
                        'add_datetime',
                        'add_time',
                        'add_crypto',
                        'add_sklearn',
                        'create_functions',
                        'add_decorator',
                        'add_http',
                        'add_scipy',
                        'add_base64',
                        'add_dateutil'],
  'diff_output': 'reasoning_transformation_cruxeval/CRUXEval/e1f735e05ec0002c7d6ed7d62be776995bf4ddf4/Transformation/sample_201.patch',
  'evaluation_tests_dir': '/home/yang/Benchmark/dataset/cruxeval/',
  'exception': None,
  'file_id': 'sample_201',
  'genetic_algorithm': None,
  'original_code': 'def f(text):\n'
                   '    chars = []\n'
                   '    for c in text:\n'
                   '        if c.isdigit():\n'
                   '            chars.append(c)\n'
                   "    return ''.join(chars[::-1])",
  'patch_path': 'reasoning_transformation_cruxeval/CRUXEval/e1f735e05ec0002c7d6ed7d62be776995bf4ddf4/Transformation/sample_201.patch',
  'single_rule': None,
  'source_file': '/home/yang/Benchmark/dataset/cruxeval/code//sample_201.py',
  'target_file': 'reasoning_transformation_cruxeval/CRUXEval/e1f735e05ec0002c7d6ed7d62be776995bf4ddf4/Transformation/sample_201.py',
  'test_results_after': ['tests_pass'],
  'test_results_before': ['tests_pass'],
  'total_time': 6.34615,
  'transformed_code': 'from dateutil.parser import parse\n'
                      'import base64\n'
                      'from scipy.stats import ttest_ind\n'
                      'from http.client import HTTPConnection\n'
                      '\n'
                      'def my_decorator(func):\n'
                      '\n'
                      '    def dec_result(*args, **kwargs):\n'
                      '        res = func(*args, **kwargs)\n'
                      '        return res\n'
                      '    return dec_result\n'
                      '\n'
                      '@my_decorator\n'
                      'def newFunc_BinOp0(a, b):\n'
                      '    ttest_ind([1, 14, 33], [33, 46, 30])\n'
                      "    parse('2024-10-19 22:04:31')\n"
                      "    base64.b64encode(b'17582414127181912611')\n"
                      '    return a & b\n'
                      'from sklearn.utils import shuffle\n'
                      'from cryptography.fernet import Fernet\n'
                      'import time\n'
                      'import datetime\n'
                      '\n'
                      'def f(text):\n'
                      '    Fernet.generate_key()\n'
                      '    datetime.datetime.now()\n'
                      '    time.sleep(0.19)\n'
                      '    shuffle([34, 9, 89])\n'
                      "    HTTPConnection('google.com', port=80)\n"
                      '    try:\n'
                      '        chars = [[]][0]\n'
                      '        LoopChecker13 = 919\n'
                      '        LoopChecker23 = 918\n'
                      '        ConditionChecker17 = 178\n'
                      '        ConditionChecker27 = 348\n'
                      '\n'
                      '        def loop_8_8(LoopIndexOut, stop, step):\n'
                      '            if step == 0 or (step > 0 and LoopIndexOut '
                      '>= stop) or (step < 0 and LoopIndexOut <= stop):\n'
                      '                return\n'
                      '            for newc_1 in text:\n'
                      '                if newFunc_BinOp0(ConditionChecker17, '
                      'ConditionChecker27):\n'
                      '                    if newc_1.isdigit():\n'
                      '                        chars.append(newc_1)\n'
                      '            loop_8_8(LoopIndexOut + step, stop, step)\n'
                      '        loop_8_8(0, LoopChecker13 // LoopChecker23, 1)\n'
                      "        return ''.join(chars[::-1])\n"
                      '    except:\n'
                      '        pass'}
[END] processing file: sample_201. Total Time: 6.34615
END AT 2024-10-19 22:04:33.567352
