STARTING AT 2024-10-19 22:04:34.391681
[START] processing file: sample_202
*Running tests for: sample_202
 
Result: ['tests_pass']
tests_pass sample_202 /home/yang/Benchmark/dataset/cruxeval/code//sample_202.py
Apply all rules on a single file.
Checking transformation add_datetime
*Running tests for: sample_202
 
Result: ['tests_pass']
Checking transformation add_time
*Running tests for: sample_202
 
Result: ['tests_pass']
Checking transformation create_functions
*Running tests for: sample_202
 
Result: ['tests_pass']
Checking transformation add_decorator
*Running tests for: sample_202
 
Result: ['tests_pass']
Checking transformation add_http
*Running tests for: sample_202
 
Result: ['tests_pass']
Checking transformation add_scipy
*Running tests for: sample_202
 
Result: ['tests_pass']
Checking transformation add_base64
*Running tests for: sample_202
 
Result: ['tests_pass']
Checking transformation add_dateutil
*Running tests for: sample_202
 
Result: ['tests_pass']
The file 'reasoning_transformation_cruxeval/CRUXEval/e1f735e05ec0002c7d6ed7d62be776995bf4ddf4/Transformation/sample_202.py' has been formatted successfully.
Checking reasoning_transformation_cruxeval/CRUXEval/e1f735e05ec0002c7d6ed7d62be776995bf4ddf4/Transformation/sample_202.py
*Running tests for: sample_202
 
Result: ['tests_pass']
{ 'applicable_rules': [ 'change_var_names',
                        'add_try_except_inside_functions',
                        'add_datetime',
                        'add_time',
                        'add_crypto',
                        'add_sklearn',
                        'create_functions',
                        'add_decorator',
                        'add_http',
                        'add_scipy',
                        'add_base64',
                        'add_dateutil'],
  'diff_output': 'reasoning_transformation_cruxeval/CRUXEval/e1f735e05ec0002c7d6ed7d62be776995bf4ddf4/Transformation/sample_202.patch',
  'evaluation_tests_dir': '/home/yang/Benchmark/dataset/cruxeval/',
  'exception': None,
  'file_id': 'sample_202',
  'genetic_algorithm': None,
  'original_code': 'def f(array, list):\n'
                   '    array.extend(list)\n'
                   '    [e for e in array if e % 2 == 0]\n'
                   '    return [e for e in array if e >= 10]',
  'patch_path': 'reasoning_transformation_cruxeval/CRUXEval/e1f735e05ec0002c7d6ed7d62be776995bf4ddf4/Transformation/sample_202.patch',
  'single_rule': None,
  'source_file': '/home/yang/Benchmark/dataset/cruxeval/code//sample_202.py',
  'target_file': 'reasoning_transformation_cruxeval/CRUXEval/e1f735e05ec0002c7d6ed7d62be776995bf4ddf4/Transformation/sample_202.py',
  'test_results_after': ['tests_pass'],
  'test_results_before': ['tests_pass'],
  'total_time': 5.834418,
  'transformed_code': 'from dateutil.parser import parse\n'
                      'import base64\n'
                      'from scipy.stats import ttest_ind\n'
                      'from http.client import HTTPConnection\n'
                      '\n'
                      'def my_decorator(func):\n'
                      "    parse('2024-10-19 22:04:38')\n"
                      '\n'
                      '    def dec_result(*args, **kwargs):\n'
                      '        res = func(*args, **kwargs)\n'
                      '        return res\n'
                      "    HTTPConnection('google.com', port=80)\n"
                      '    return dec_result\n'
                      '\n'
                      '@my_decorator\n'
                      'def newFunc_BinOp0(a, b):\n'
                      '    ttest_ind([24, 21, 4], [24, 38, 36])\n'
                      "    base64.b64encode(b'60349269999690781395')\n"
                      '    return a % b\n'
                      'from sklearn.utils import shuffle\n'
                      'from cryptography.fernet import Fernet\n'
                      'import time\n'
                      'import datetime\n'
                      '\n'
                      'def f(array, list):\n'
                      '    Fernet.generate_key()\n'
                      '    datetime.datetime.now()\n'
                      '    shuffle([35, 71, 53])\n'
                      '    time.sleep(0.18)\n'
                      '    try:\n'
                      '        array.extend(list)\n'
                      '        [newe_1 for newe_1 in array if '
                      'newFunc_BinOp0(newe_1, 2) == 0]\n'
                      '        return [newe_1 for newe_1 in array if newe_1 >= '
                      '10]\n'
                      '    except:\n'
                      '        pass'}
[END] processing file: sample_202. Total Time: 5.834418
END AT 2024-10-19 22:04:40.227653
