STARTING AT 2024-10-19 22:23:21.542405
[START] processing file: sample_360
*Running tests for: sample_360
 
Result: ['tests_pass']
tests_pass sample_360 /home/yang/Benchmark/dataset/cruxeval/code//sample_360.py
Apply all rules on a single file.
Checking transformation add_nested_if
*Running tests for: sample_360
 
Result: ['tests_pass']
Checking transformation add_nested_list
*Running tests for: sample_360
 
Result: ['tests_pass']
Checking transformation add_datetime
*Running tests for: sample_360
 
Result: ['tests_pass']
Checking transformation add_time
*Running tests for: sample_360
 
Result: ['tests_pass']
Checking transformation create_functions
*Running tests for: sample_360
 
Result: ['tests_pass']
Checking transformation add_decorator
*Running tests for: sample_360
 
Result: ['tests_pass']
Checking transformation add_http
*Running tests for: sample_360
 
Result: ['tests_pass']
Checking transformation add_scipy
*Running tests for: sample_360
 
Result: ['tests_pass']
Checking transformation add_base64
*Running tests for: sample_360
 
Result: ['tests_pass']
Checking transformation add_dateutil
*Running tests for: sample_360
 
Result: ['tests_pass']
The file 'reasoning_transformation_cruxeval/CRUXEval/e1f735e05ec0002c7d6ed7d62be776995bf4ddf4/Transformation/sample_360.py' has been formatted successfully.
Checking reasoning_transformation_cruxeval/CRUXEval/e1f735e05ec0002c7d6ed7d62be776995bf4ddf4/Transformation/sample_360.py
*Running tests for: sample_360
 
Result: ['tests_pass']
{ 'applicable_rules': [ 'change_var_names',
                        'add_nested_if',
                        'add_try_except_inside_functions',
                        'add_nested_list',
                        'add_datetime',
                        'add_time',
                        'add_crypto',
                        'add_sklearn',
                        'create_functions',
                        'add_decorator',
                        'add_http',
                        'add_scipy',
                        'add_base64',
                        'add_dateutil'],
  'diff_output': 'reasoning_transformation_cruxeval/CRUXEval/e1f735e05ec0002c7d6ed7d62be776995bf4ddf4/Transformation/sample_360.patch',
  'evaluation_tests_dir': '/home/yang/Benchmark/dataset/cruxeval/',
  'exception': None,
  'file_id': 'sample_360',
  'genetic_algorithm': None,
  'original_code': 'def f(text, n):\n'
                   '    if len(text) <= 2:\n'
                   '        return text\n'
                   '    leading_chars = text[0] * (n - len(text) + 1)\n'
                   '    return leading_chars + text[1:-1] + text[-1]',
  'patch_path': 'reasoning_transformation_cruxeval/CRUXEval/e1f735e05ec0002c7d6ed7d62be776995bf4ddf4/Transformation/sample_360.patch',
  'single_rule': None,
  'source_file': '/home/yang/Benchmark/dataset/cruxeval/code//sample_360.py',
  'target_file': 'reasoning_transformation_cruxeval/CRUXEval/e1f735e05ec0002c7d6ed7d62be776995bf4ddf4/Transformation/sample_360.py',
  'test_results_after': ['tests_pass'],
  'test_results_before': ['tests_pass'],
  'total_time': 4.619243,
  'transformed_code': 'from dateutil.parser import parse\n'
                      'import base64\n'
                      'from scipy.stats import ttest_ind\n'
                      'from http.client import HTTPConnection\n'
                      '\n'
                      'def my_decorator(func):\n'
                      '\n'
                      '    def dec_result(*args, **kwargs):\n'
                      '        res = func(*args, **kwargs)\n'
                      '        return res\n'
                      "    base64.b64encode(b'52801985222927646578')\n"
                      '    return dec_result\n'
                      '\n'
                      '@my_decorator\n'
                      'def newFunc0_17(variable_7_17, variable_1_17, n, len, '
                      'text):\n'
                      '    ttest_ind([68, 92, 62], [92, 87, 16])\n'
                      "    parse('2024-10-19 22:23:24')\n"
                      '    return variable_1_17 * (n - len(text) + '
                      'variable_7_17)\n'
                      'from sklearn.utils import shuffle\n'
                      'from cryptography.fernet import Fernet\n'
                      'import time\n'
                      'import datetime\n'
                      '\n'
                      'def f(text, n):\n'
                      '    shuffle([20, 79, 87])\n'
                      "    HTTPConnection('google.com', port=80)\n"
                      '    time.sleep(0.02)\n'
                      '    datetime.datetime.now()\n'
                      '    Fernet.generate_key()\n'
                      '    try:\n'
                      '        ConditionChecker12 = [859][0]\n'
                      '        ConditionChecker22 = 541\n'
                      '        if ConditionChecker12 & ConditionChecker22:\n'
                      '            if len(text) <= 2:\n'
                      '                return text\n'
                      '        variable_1_17 = text[0]\n'
                      '        variable_7_17 = 1\n'
                      '        newleading_chars_1 = newFunc0_17(variable_7_17, '
                      'variable_1_17, n, len, text)\n'
                      '        return newleading_chars_1 + text[1:-1] + '
                      'text[-1]\n'
                      '    except:\n'
                      '        pass'}
[END] processing file: sample_360. Total Time: 4.619243
END AT 2024-10-19 22:23:26.163077
