STARTING AT 2024-10-19 22:15:34.292823
[START] processing file: sample_294
*Running tests for: sample_294
 
Result: ['tests_pass']
tests_pass sample_294 /home/yang/Benchmark/dataset/cruxeval/code//sample_294.py
Apply all rules on a single file.
Checking transformation add_nested_if
*Running tests for: sample_294
 
Result: ['tests_pass']
Checking transformation add_nested_list
*Running tests for: sample_294
 
Result: ['tests_pass']
Checking transformation add_datetime
*Running tests for: sample_294
 
Result: ['tests_pass']
Checking transformation add_time
*Running tests for: sample_294
 
Result: ['tests_pass']
Checking transformation create_functions
*Running tests for: sample_294
 
Result: ['tests_pass']
Checking transformation add_decorator
*Running tests for: sample_294
 
Result: ['tests_pass']
Checking transformation add_http
*Running tests for: sample_294
 
Result: ['tests_pass']
Checking transformation add_scipy
*Running tests for: sample_294
 
Result: ['tests_pass']
Checking transformation add_base64
*Running tests for: sample_294
 
Result: ['tests_pass']
Checking transformation add_dateutil
*Running tests for: sample_294
 
Result: ['tests_pass']
The file 'reasoning_transformation_cruxeval/CRUXEval/e1f735e05ec0002c7d6ed7d62be776995bf4ddf4/Transformation/sample_294.py' has been formatted successfully.
Checking reasoning_transformation_cruxeval/CRUXEval/e1f735e05ec0002c7d6ed7d62be776995bf4ddf4/Transformation/sample_294.py
*Running tests for: sample_294
 
Result: ['tests_pass']
{ 'applicable_rules': [ 'change_var_names',
                        'add_nested_if',
                        'add_try_except_inside_functions',
                        'add_nested_list',
                        'add_datetime',
                        'add_time',
                        'add_crypto',
                        'add_sklearn',
                        'create_functions',
                        'add_decorator',
                        'add_http',
                        'add_scipy',
                        'add_base64',
                        'add_dateutil'],
  'diff_output': 'reasoning_transformation_cruxeval/CRUXEval/e1f735e05ec0002c7d6ed7d62be776995bf4ddf4/Transformation/sample_294.patch',
  'evaluation_tests_dir': '/home/yang/Benchmark/dataset/cruxeval/',
  'exception': None,
  'file_id': 'sample_294',
  'genetic_algorithm': None,
  'original_code': 'def f(n, m, text):\n'
                   "    if text.strip() == '':\n"
                   '        return text\n'
                   '    (head, mid, tail) = (text[0], text[1:-1], text[-1])\n'
                   '    joined = head.replace(n, m) + mid.replace(n, m) + '
                   'tail.replace(n, m)\n'
                   '    return joined',
  'patch_path': 'reasoning_transformation_cruxeval/CRUXEval/e1f735e05ec0002c7d6ed7d62be776995bf4ddf4/Transformation/sample_294.patch',
  'single_rule': None,
  'source_file': '/home/yang/Benchmark/dataset/cruxeval/code//sample_294.py',
  'target_file': 'reasoning_transformation_cruxeval/CRUXEval/e1f735e05ec0002c7d6ed7d62be776995bf4ddf4/Transformation/sample_294.py',
  'test_results_after': ['tests_pass'],
  'test_results_before': ['tests_pass'],
  'total_time': 5.558942,
  'transformed_code': 'from dateutil.parser import parse\n'
                      'import base64\n'
                      'from scipy.stats import ttest_ind\n'
                      'from http.client import HTTPConnection\n'
                      '\n'
                      'def my_decorator(func):\n'
                      '    ttest_ind([42, 72, 100], [17, 87, 48])\n'
                      '\n'
                      '    def dec_result(*args, **kwargs):\n'
                      '        res = func(*args, **kwargs)\n'
                      '        return res\n'
                      '    return dec_result\n'
                      '\n'
                      '@my_decorator\n'
                      'def newFunc0_18(n, m, tail, head, mid):\n'
                      '    return head.replace(n, m) + mid.replace(n, m) + '
                      'tail.replace(n, m)\n'
                      'from sklearn.utils import shuffle\n'
                      'from cryptography.fernet import Fernet\n'
                      'import time\n'
                      'import datetime\n'
                      '\n'
                      'def f(n, m, text):\n'
                      "    HTTPConnection('google.com', port=80)\n"
                      '    shuffle([51, 50, 40])\n'
                      '    time.sleep(0.12)\n'
                      '    datetime.datetime.now()\n'
                      "    parse('2024-10-19 22:15:38')\n"
                      '    Fernet.generate_key()\n'
                      "    base64.b64encode(b'43851044766419118617')\n"
                      '    try:\n'
                      '        ConditionChecker12 = [679][0]\n'
                      '        ConditionChecker22 = 660\n'
                      '        if ConditionChecker12 & ConditionChecker22:\n'
                      "            if text.strip() == '':\n"
                      '                return text\n'
                      '        (head, mid, tail) = (text[0], text[1:-1], '
                      'text[-1])\n'
                      '        newjoined_1 = newFunc0_18(n, m, tail, head, '
                      'mid)\n'
                      '        return newjoined_1\n'
                      '    except:\n'
                      '        pass'}
[END] processing file: sample_294. Total Time: 5.558942
END AT 2024-10-19 22:15:39.853570
