STARTING AT 2024-10-19 21:56:49.378529
[START] processing file: sample_138
*Running tests for: sample_138
 
Result: ['tests_pass']
tests_pass sample_138 /home/yang/Benchmark/dataset/cruxeval/code//sample_138.py
Apply all rules on a single file.
Checking transformation add_nested_for_out
*Running tests for: sample_138
 
Result: ['tests_pass']
Checking transformation add_nested_list
*Running tests for: sample_138
 
Result: ['tests_pass']
Checking transformation transform_range_to_recursion
*Running tests for: sample_138
 
Result: ['tests_pass']
Checking transformation add_datetime
*Running tests for: sample_138
 
Result: ['tests_pass']
Checking transformation add_time
*Running tests for: sample_138
 
Result: ['tests_pass']
Checking transformation create_functions
*Running tests for: sample_138
 
Result: ['tests_pass']
Checking transformation add_decorator
*Running tests for: sample_138
 
Result: ['tests_pass']
Checking transformation add_http
*Running tests for: sample_138
 
Result: ['tests_pass']
Checking transformation add_scipy
*Running tests for: sample_138
 
Result: ['tests_pass']
Checking transformation add_base64
*Running tests for: sample_138
 
Result: ['tests_pass']
Checking transformation add_dateutil
*Running tests for: sample_138
 
Result: ['tests_pass']
The file 'reasoning_transformation_cruxeval/CRUXEval/e1f735e05ec0002c7d6ed7d62be776995bf4ddf4/Transformation/sample_138.py' has been formatted successfully.
Checking reasoning_transformation_cruxeval/CRUXEval/e1f735e05ec0002c7d6ed7d62be776995bf4ddf4/Transformation/sample_138.py
*Running tests for: sample_138
 
Result: ['tests_pass']
{ 'applicable_rules': [ 'change_var_names',
                        'add_nested_for_out',
                        'add_try_except_inside_functions',
                        'add_else_to_for',
                        'add_nested_list',
                        'transform_range_to_recursion',
                        'add_datetime',
                        'add_time',
                        'add_crypto',
                        'add_sklearn',
                        'create_functions',
                        'add_decorator',
                        'add_http',
                        'add_scipy',
                        'add_base64',
                        'add_dateutil'],
  'diff_output': 'reasoning_transformation_cruxeval/CRUXEval/e1f735e05ec0002c7d6ed7d62be776995bf4ddf4/Transformation/sample_138.patch',
  'evaluation_tests_dir': '/home/yang/Benchmark/dataset/cruxeval/',
  'exception': None,
  'file_id': 'sample_138',
  'genetic_algorithm': None,
  'original_code': 'def f(text, chars):\n'
                   '    listchars = list(chars)\n'
                   '    first = listchars.pop()\n'
                   '    for i in listchars:\n'
                   '        text = text[0:text.find(i)] + i + '
                   'text[text.find(i) + 1:]\n'
                   '    return text',
  'patch_path': 'reasoning_transformation_cruxeval/CRUXEval/e1f735e05ec0002c7d6ed7d62be776995bf4ddf4/Transformation/sample_138.patch',
  'single_rule': None,
  'source_file': '/home/yang/Benchmark/dataset/cruxeval/code//sample_138.py',
  'target_file': 'reasoning_transformation_cruxeval/CRUXEval/e1f735e05ec0002c7d6ed7d62be776995bf4ddf4/Transformation/sample_138.py',
  'test_results_after': ['tests_pass'],
  'test_results_before': ['tests_pass'],
  'total_time': 6.708761,
  'transformed_code': 'from dateutil.parser import parse\n'
                      'import base64\n'
                      'from scipy.stats import ttest_ind\n'
                      'from http.client import HTTPConnection\n'
                      '\n'
                      'def my_decorator(func):\n'
                      '\n'
                      '    def dec_result(*args, **kwargs):\n'
                      '        res = func(*args, **kwargs)\n'
                      '        return res\n'
                      '    return dec_result\n'
                      '\n'
                      '@my_decorator\n'
                      'def newFunc0_22(variable_4_22, variable_3_22, i):\n'
                      "    base64.b64encode(b'43984381527406514161')\n"
                      '    ttest_ind([70, 56, 4], [69, 98, 83])\n'
                      '    return variable_4_22 + i + variable_3_22\n'
                      'from sklearn.utils import shuffle\n'
                      'from cryptography.fernet import Fernet\n'
                      'import time\n'
                      'import datetime\n'
                      '\n'
                      'def f(newtext_1, chars):\n'
                      '    time.sleep(0.22)\n'
                      '    Fernet.generate_key()\n'
                      "    parse('2024-10-19 21:56:54')\n"
                      '    shuffle([57, 35, 73])\n'
                      "    HTTPConnection('google.com', port=80)\n"
                      '    datetime.datetime.now()\n'
                      '    try:\n'
                      '        listchars = list(chars)\n'
                      '        first = listchars.pop()\n'
                      '        LoopChecker14 = [700][0]\n'
                      '        LoopChecker24 = 699\n'
                      '\n'
                      '        def loop_7_8(LoopIndexOut, stop, step):\n'
                      '            nonlocal newtext_1\n'
                      '            if step == 0 or (step > 0 and LoopIndexOut '
                      '>= stop) or (step < 0 and LoopIndexOut <= stop):\n'
                      '                return\n'
                      '            for i in listchars:\n'
                      '                variable_3_22 = '
                      'newtext_1[newtext_1.find(i) + 1:]\n'
                      '                variable_4_22 = '
                      'newtext_1[0:newtext_1.find(i)]\n'
                      '                newtext_1 = newFunc0_22(variable_4_22, '
                      'variable_3_22, i)\n'
                      '            loop_7_8(LoopIndexOut + step, stop, step)\n'
                      '        loop_7_8(0, LoopChecker14 // LoopChecker24, 1)\n'
                      '        return newtext_1\n'
                      '    except:\n'
                      '        pass'}
[END] processing file: sample_138. Total Time: 6.708761
END AT 2024-10-19 21:56:56.089396
