STARTING AT 2024-10-19 23:35:06.473579
[START] processing file: sample_499
*Running tests for: sample_499
 
Result: ['tests_pass']
tests_pass sample_499 /home/yang/Benchmark/dataset/cruxeval/code//sample_499.py
Apply all rules on a single file.
Checking transformation add_datetime
*Running tests for: sample_499
 
Result: ['tests_pass']
Checking transformation add_time
*Running tests for: sample_499
 
Result: ['tests_pass']
Checking transformation add_decorator
*Running tests for: sample_499
 
Result: ['tests_pass']
Checking transformation add_http
*Running tests for: sample_499
 
Result: ['tests_pass']
Checking transformation add_scipy
*Running tests for: sample_499
 
Result: ['tests_pass']
Checking transformation add_base64
*Running tests for: sample_499
 
Result: ['tests_pass']
Checking transformation add_dateutil
*Running tests for: sample_499
 
Result: ['tests_pass']
The file 'reasoning_transformation_cruxeval/CRUXEval/951a917df7397c9cb698ead54386db6d1db4ffb0/Transformation/sample_499.py' has been formatted successfully.
Checking reasoning_transformation_cruxeval/CRUXEval/951a917df7397c9cb698ead54386db6d1db4ffb0/Transformation/sample_499.py
*Running tests for: sample_499
 
Result: ['tests_pass']
{ 'applicable_rules': [ 'change_var_names',
                        'add_try_except_inside_functions',
                        'add_datetime',
                        'add_time',
                        'add_crypto',
                        'add_sklearn',
                        'add_decorator',
                        'add_http',
                        'add_scipy',
                        'add_base64',
                        'add_dateutil'],
  'diff_output': 'reasoning_transformation_cruxeval/CRUXEval/951a917df7397c9cb698ead54386db6d1db4ffb0/Transformation/sample_499.patch',
  'evaluation_tests_dir': '/home/yang/Benchmark/dataset/cruxeval/',
  'exception': None,
  'file_id': 'sample_499',
  'genetic_algorithm': None,
  'original_code': 'def f(text, length, fillchar):\n'
                   '    size = len(text)\n'
                   '    return text.center(length, fillchar)',
  'patch_path': 'reasoning_transformation_cruxeval/CRUXEval/951a917df7397c9cb698ead54386db6d1db4ffb0/Transformation/sample_499.patch',
  'single_rule': None,
  'source_file': '/home/yang/Benchmark/dataset/cruxeval/code//sample_499.py',
  'target_file': 'reasoning_transformation_cruxeval/CRUXEval/951a917df7397c9cb698ead54386db6d1db4ffb0/Transformation/sample_499.py',
  'test_results_after': ['tests_pass'],
  'test_results_before': ['tests_pass'],
  'total_time': 4.78961,
  'transformed_code': 'from dateutil.parser import parse\n'
                      'import base64\n'
                      'from scipy.stats import ttest_ind\n'
                      'from http.client import HTTPConnection\n'
                      '\n'
                      'def my_decorator(func):\n'
                      '\n'
                      '    def dec_result(*args, **kwargs):\n'
                      '        res = func(*args, **kwargs)\n'
                      '        return res\n'
                      '    return dec_result\n'
                      'from sklearn.utils import shuffle\n'
                      'from cryptography.fernet import Fernet\n'
                      'import time\n'
                      'import datetime\n'
                      '\n'
                      '@my_decorator\n'
                      'def f(text, length, fillchar):\n'
                      '    shuffle([59, 40, 44])\n'
                      '    Fernet.generate_key()\n'
                      '    time.sleep(0.15)\n'
                      '    datetime.datetime.now()\n'
                      "    parse('2024-10-19 23:35:09')\n"
                      "    base64.b64encode(b'76719931808889415644')\n"
                      '    ttest_ind([66, 62, 22], [5, 22, 100])\n'
                      "    HTTPConnection('google.com', port=80)\n"
                      '    try:\n'
                      '        newsize_1 = len(text)\n'
                      '        return text.center(length, fillchar)\n'
                      '    except:\n'
                      '        pass'}
[END] processing file: sample_499. Total Time: 4.78961
END AT 2024-10-19 23:35:11.265088
