STARTING AT 2024-10-19 22:04:20.292066
[START] processing file: sample_200
*Running tests for: sample_200
 
Result: ['tests_pass']
tests_pass sample_200 /home/yang/Benchmark/dataset/cruxeval/code//sample_200.py
Apply all rules on a single file.
Checking transformation add_nested_while_out
*Running tests for: sample_200
 
Result: ['tests_pass']
Checking transformation add_nested_list
*Running tests for: sample_200
 
Result: ['tests_pass']
Checking transformation add_datetime
*Running tests for: sample_200
 
Result: ['tests_pass']
Checking transformation add_time
*Running tests for: sample_200
 
Result: ['tests_pass']
Checking transformation create_functions
*Running tests for: sample_200
 
Result: ['tests_pass']
Checking transformation add_decorator
*Running tests for: sample_200
 
Result: ['tests_pass']
Checking transformation add_http
*Running tests for: sample_200
 
Result: ['tests_pass']
Checking transformation add_scipy
*Running tests for: sample_200
 
Result: ['tests_pass']
Checking transformation add_base64
*Running tests for: sample_200
 
Result: ['tests_pass']
Checking transformation add_dateutil
*Running tests for: sample_200
 
Result: ['tests_pass']
The file 'reasoning_transformation_cruxeval/CRUXEval/e1f735e05ec0002c7d6ed7d62be776995bf4ddf4/Transformation/sample_200.py' has been formatted successfully.
Checking reasoning_transformation_cruxeval/CRUXEval/e1f735e05ec0002c7d6ed7d62be776995bf4ddf4/Transformation/sample_200.py
*Running tests for: sample_200
 
Result: ['tests_pass']
{ 'applicable_rules': [ 'change_var_names',
                        'add_nested_while_out',
                        'add_try_except_inside_functions',
                        'add_else_to_while',
                        'add_nested_list',
                        'add_datetime',
                        'add_time',
                        'add_crypto',
                        'add_sklearn',
                        'create_functions',
                        'add_decorator',
                        'add_http',
                        'add_scipy',
                        'add_base64',
                        'add_dateutil',
                        'changing_AugAssign'],
  'diff_output': 'reasoning_transformation_cruxeval/CRUXEval/e1f735e05ec0002c7d6ed7d62be776995bf4ddf4/Transformation/sample_200.patch',
  'evaluation_tests_dir': '/home/yang/Benchmark/dataset/cruxeval/',
  'exception': None,
  'file_id': 'sample_200',
  'genetic_algorithm': None,
  'original_code': 'def f(text, value):\n'
                   '    length = len(text)\n'
                   '    index = 0\n'
                   '    while length > 0:\n'
                   '        value = text[index] + value\n'
                   '        length -= 1\n'
                   '        index += 1\n'
                   '    return value',
  'patch_path': 'reasoning_transformation_cruxeval/CRUXEval/e1f735e05ec0002c7d6ed7d62be776995bf4ddf4/Transformation/sample_200.patch',
  'single_rule': None,
  'source_file': '/home/yang/Benchmark/dataset/cruxeval/code//sample_200.py',
  'target_file': 'reasoning_transformation_cruxeval/CRUXEval/e1f735e05ec0002c7d6ed7d62be776995bf4ddf4/Transformation/sample_200.py',
  'test_results_after': ['tests_pass'],
  'test_results_before': ['tests_pass'],
  'total_time': 6.049322,
  'transformed_code': 'from dateutil.parser import parse\n'
                      'import base64\n'
                      'from scipy.stats import ttest_ind\n'
                      'from http.client import HTTPConnection\n'
                      '\n'
                      'def my_decorator(func):\n'
                      '\n'
                      '    def dec_result(*args, **kwargs):\n'
                      '        res = func(*args, **kwargs)\n'
                      '        return res\n'
                      '    ttest_ind([10, 38, 89], [1, 80, 59])\n'
                      '    return dec_result\n'
                      '\n'
                      '@my_decorator\n'
                      'def newFunc0_19(variable_1_19, newvalue_1):\n'
                      "    HTTPConnection('google.com', port=80)\n"
                      "    base64.b64encode(b'12087274076624904383')\n"
                      "    parse('2024-10-19 22:04:24')\n"
                      '    return variable_1_19 + newvalue_1\n'
                      'from sklearn.utils import shuffle\n'
                      'from cryptography.fernet import Fernet\n'
                      'import time\n'
                      'import datetime\n'
                      '\n'
                      'def f(text, newvalue_1):\n'
                      '    time.sleep(0.17)\n'
                      '    Fernet.generate_key()\n'
                      '    shuffle([18, 39, 57])\n'
                      '    datetime.datetime.now()\n'
                      '    try:\n'
                      '        length = len(text)\n'
                      '        index = [0][0]\n'
                      '        whileloopchecker14 = 127\n'
                      '        whileloopchecker24 = 126\n'
                      '        while whileloopchecker14 % whileloopchecker24 '
                      '== 1:\n'
                      '            whileloopchecker14 = whileloopchecker14 + '
                      '1\n'
                      '            while length > 0:\n'
                      '                variable_1_19 = text[index]\n'
                      '                newvalue_1 = newFunc0_19(variable_1_19, '
                      'newvalue_1)\n'
                      '                length -= 1\n'
                      '                index += 1\n'
                      '        else:\n'
                      '            pass\n'
                      '        return newvalue_1\n'
                      '    except:\n'
                      '        pass'}
[END] processing file: sample_200. Total Time: 6.049322
END AT 2024-10-19 22:04:26.343871
