STARTING AT 2024-10-19 22:18:30.314765
[START] processing file: sample_31
*Running tests for: sample_31
 
Result: ['tests_pass']
tests_pass sample_31 /home/yang/Benchmark/dataset/cruxeval/code//sample_31.py
Apply all rules on a single file.
Checking transformation add_nested_for_out
*Running tests for: sample_31
 
Result: ['tests_pass']
Checking transformation add_nested_if
*Running tests for: sample_31
 
Result: ['tests_pass']
Checking transformation add_nested_list
*Running tests for: sample_31
 
Result: ['tests_pass']
Checking transformation transform_range_to_recursion
*Running tests for: sample_31
 
Result: ['tests_pass']
Checking transformation add_datetime
*Running tests for: sample_31
 
Result: ['tests_pass']
Checking transformation add_time
*Running tests for: sample_31
 
Result: ['tests_pass']
def newFunc_30958(arg0, arg1):
    return arg0 * arg1
Checking transformation create_functions
*Running tests for: sample_31
 
Result: ['tests_pass']
Checking transformation add_decorator
*Running tests for: sample_31
 
Result: ['tests_pass']
Checking transformation add_http
*Running tests for: sample_31
 
Result: ['tests_pass']
Checking transformation add_scipy
*Running tests for: sample_31
 
Result: ['tests_pass']
Checking transformation add_base64
*Running tests for: sample_31
 
Result: ['tests_pass']
Checking transformation add_dateutil
*Running tests for: sample_31
 
Result: ['tests_pass']
The file 'reasoning_transformation_cruxeval/CRUXEval/e1f735e05ec0002c7d6ed7d62be776995bf4ddf4/Transformation/sample_31.py' has been formatted successfully.
Checking reasoning_transformation_cruxeval/CRUXEval/e1f735e05ec0002c7d6ed7d62be776995bf4ddf4/Transformation/sample_31.py
*Running tests for: sample_31
 
Result: ['tests_pass']
{ 'applicable_rules': [ 'change_var_names',
                        'add_nested_for_out',
                        'add_nested_if',
                        'add_try_except_inside_functions',
                        'add_else_to_for',
                        'add_nested_list',
                        'transform_range_to_recursion',
                        'add_datetime',
                        'add_time',
                        'add_crypto',
                        'add_sklearn',
                        'create_functions',
                        'add_decorator',
                        'add_http',
                        'add_scipy',
                        'add_base64',
                        'add_dateutil',
                        'changing_AugAssign'],
  'diff_output': 'reasoning_transformation_cruxeval/CRUXEval/e1f735e05ec0002c7d6ed7d62be776995bf4ddf4/Transformation/sample_31.patch',
  'evaluation_tests_dir': '/home/yang/Benchmark/dataset/cruxeval/',
  'exception': None,
  'file_id': 'sample_31',
  'genetic_algorithm': None,
  'original_code': 'def f(string):\n'
                   '    upper = 0\n'
                   '    for c in string:\n'
                   '        if c.isupper():\n'
                   '            upper += 1\n'
                   '    return upper * (2, 1)[upper % 2]',
  'patch_path': 'reasoning_transformation_cruxeval/CRUXEval/e1f735e05ec0002c7d6ed7d62be776995bf4ddf4/Transformation/sample_31.patch',
  'single_rule': None,
  'source_file': '/home/yang/Benchmark/dataset/cruxeval/code//sample_31.py',
  'target_file': 'reasoning_transformation_cruxeval/CRUXEval/e1f735e05ec0002c7d6ed7d62be776995bf4ddf4/Transformation/sample_31.py',
  'test_results_after': ['tests_pass'],
  'test_results_before': ['tests_pass'],
  'total_time': 6.461401,
  'transformed_code': 'from dateutil.parser import parse\n'
                      'import base64\n'
                      'from scipy.stats import ttest_ind\n'
                      'from http.client import HTTPConnection\n'
                      '\n'
                      'def my_decorator(func):\n'
                      '\n'
                      '    def dec_result(*args, **kwargs):\n'
                      '        res = func(*args, **kwargs)\n'
                      '        return res\n'
                      "    base64.b64encode(b'14054160763079825005')\n"
                      "    HTTPConnection('google.com', port=80)\n"
                      '    return dec_result\n'
                      '\n'
                      '@my_decorator\n'
                      'def newFunc_30958(arg0, arg1):\n'
                      '    ttest_ind([69, 82, 97], [21, 21, 79])\n'
                      '    return arg0 * arg1\n'
                      'from sklearn.utils import shuffle\n'
                      'from cryptography.fernet import Fernet\n'
                      'import time\n'
                      'import datetime\n'
                      '\n'
                      'def f(string):\n'
                      '    time.sleep(0.25)\n'
                      "    parse('2024-10-19 22:18:35')\n"
                      '    Fernet.generate_key()\n'
                      '    datetime.datetime.now()\n'
                      '    shuffle([75, 13, 35])\n'
                      '    try:\n'
                      '        upper = [0][0]\n'
                      '        LoopChecker13 = 495\n'
                      '        LoopChecker23 = 494\n'
                      '        ConditionChecker17 = 455\n'
                      '        ConditionChecker27 = 243\n'
                      '\n'
                      '        def loop_8_8(LoopIndexOut, stop, step):\n'
                      '            nonlocal upper\n'
                      '            if step == 0 or (step > 0 and LoopIndexOut '
                      '>= stop) or (step < 0 and LoopIndexOut <= stop):\n'
                      '                return\n'
                      '            for newc_1 in string:\n'
                      '                if ConditionChecker17 & '
                      'ConditionChecker27:\n'
                      '                    if newc_1.isupper():\n'
                      '                        upper = upper + 1\n'
                      '            loop_8_8(LoopIndexOut + step, stop, step)\n'
                      '        loop_8_8(0, LoopChecker13 // LoopChecker23, 1)\n'
                      '        return newFunc_30958(upper, (2, 1)[upper % 2])\n'
                      '    except:\n'
                      '        pass'}
[END] processing file: sample_31. Total Time: 6.461401
END AT 2024-10-19 22:18:36.778396
