STARTING AT 2024-10-19 22:40:58.829643
[START] processing file: sample_51
*Running tests for: sample_51
 
Result: ['tests_pass']
tests_pass sample_51 /home/yang/Benchmark/dataset/cruxeval/code//sample_51.py
Apply all rules on a single file.
Checking transformation add_nested_if
*Running tests for: sample_51
 
Result: ['tests_pass']
Checking transformation add_nested_list
*Running tests for: sample_51
 
Result: ['tests_pass']
Checking transformation add_datetime
*Running tests for: sample_51
 
Result: ['tests_pass']
Checking transformation add_time
*Running tests for: sample_51
 
Result: ['tests_pass']
Checking transformation create_functions
*Running tests for: sample_51
 
Result: ['tests_pass']
Checking transformation add_decorator
*Running tests for: sample_51
 
Result: ['tests_pass']
Checking transformation add_http
*Running tests for: sample_51
 
Result: ['tests_pass']
Checking transformation add_scipy
*Running tests for: sample_51
 
Result: ['tests_pass']
Checking transformation add_base64
*Running tests for: sample_51
 
Result: ['tests_pass']
Checking transformation add_dateutil
*Running tests for: sample_51
 
Result: ['tests_pass']
The file 'reasoning_transformation_cruxeval/CRUXEval/e1f735e05ec0002c7d6ed7d62be776995bf4ddf4/Transformation/sample_51.py' has been formatted successfully.
Checking reasoning_transformation_cruxeval/CRUXEval/e1f735e05ec0002c7d6ed7d62be776995bf4ddf4/Transformation/sample_51.py
*Running tests for: sample_51
 
Result: ['tests_pass']
{ 'applicable_rules': [ 'change_var_names',
                        'add_nested_if',
                        'add_try_except_inside_functions',
                        'add_nested_list',
                        'add_datetime',
                        'add_time',
                        'add_crypto',
                        'add_sklearn',
                        'create_functions',
                        'add_decorator',
                        'add_http',
                        'add_scipy',
                        'add_base64',
                        'add_dateutil'],
  'diff_output': 'reasoning_transformation_cruxeval/CRUXEval/e1f735e05ec0002c7d6ed7d62be776995bf4ddf4/Transformation/sample_51.patch',
  'evaluation_tests_dir': '/home/yang/Benchmark/dataset/cruxeval/',
  'exception': None,
  'file_id': 'sample_51',
  'genetic_algorithm': None,
  'original_code': "s = '<' * 10\n"
                   '\n'
                   'def f(num):\n'
                   '    if num % 2 == 0:\n'
                   '        return s\n'
                   '    else:\n'
                   '        return num - 1',
  'patch_path': 'reasoning_transformation_cruxeval/CRUXEval/e1f735e05ec0002c7d6ed7d62be776995bf4ddf4/Transformation/sample_51.patch',
  'single_rule': None,
  'source_file': '/home/yang/Benchmark/dataset/cruxeval/code//sample_51.py',
  'target_file': 'reasoning_transformation_cruxeval/CRUXEval/e1f735e05ec0002c7d6ed7d62be776995bf4ddf4/Transformation/sample_51.py',
  'test_results_after': ['tests_pass'],
  'test_results_before': ['tests_pass'],
  'total_time': 5.594204,
  'transformed_code': 'from dateutil.parser import parse\n'
                      'import base64\n'
                      'from scipy.stats import ttest_ind\n'
                      'from http.client import HTTPConnection\n'
                      '\n'
                      'def my_decorator(func):\n'
                      '\n'
                      '    def dec_result(*args, **kwargs):\n'
                      '        res = func(*args, **kwargs)\n'
                      '        return res\n'
                      '    return dec_result\n'
                      '\n'
                      '@my_decorator\n'
                      'def newFunc0_5(variable_3_5, variable_1_5):\n'
                      "    HTTPConnection('google.com', port=80)\n"
                      '    ttest_ind([76, 15, 6], [15, 20, 17])\n'
                      "    parse('2024-10-19 22:41:02')\n"
                      '    return variable_1_5 * variable_3_5\n'
                      'from sklearn.utils import shuffle\n'
                      'from cryptography.fernet import Fernet\n'
                      'import time\n'
                      'import datetime\n'
                      "variable_1_5 = '<'\n"
                      'variable_3_5 = 10\n'
                      'news_1 = newFunc0_5(variable_3_5, variable_1_5)\n'
                      '\n'
                      'def f(num):\n'
                      "    base64.b64encode(b'78168033254965003501')\n"
                      '    datetime.datetime.now()\n'
                      '    time.sleep(0.14)\n'
                      '    Fernet.generate_key()\n'
                      '    shuffle([75, 20, 10])\n'
                      '    try:\n'
                      '        ConditionChecker14 = [557][0]\n'
                      '        ConditionChecker24 = 206\n'
                      '        if ConditionChecker14 & ConditionChecker24:\n'
                      '            if num % 2 == 0:\n'
                      '                return news_1\n'
                      '            else:\n'
                      '                return num - 1\n'
                      '    except:\n'
                      '        pass'}
[END] processing file: sample_51. Total Time: 5.594204
END AT 2024-10-19 22:41:04.425469
