STARTING AT 2024-10-19 22:16:50.295676
[START] processing file: sample_305
*Running tests for: sample_305
 
Result: ['tests_pass']
tests_pass sample_305 /home/yang/Benchmark/dataset/cruxeval/code//sample_305.py
Apply all rules on a single file.
Checking transformation add_nested_for_out
*Running tests for: sample_305
 
Result: ['tests_pass']
Checking transformation add_nested_if
*Running tests for: sample_305
 
Result: ['tests_pass']
Checking transformation add_nested_list
*Running tests for: sample_305
 
Result: ['tests_pass']
Checking transformation transform_range_to_recursion
*Running tests for: sample_305
 
Result: ['tests_pass']
Checking transformation add_datetime
*Running tests for: sample_305
 
Result: ['tests_pass']
Checking transformation add_time
*Running tests for: sample_305
 
Result: ['tests_pass']
Checking transformation create_functions
*Running tests for: sample_305
 
Result: ['tests_pass']
Checking transformation add_decorator
*Running tests for: sample_305
 
Result: ['tests_pass']
Checking transformation add_http
*Running tests for: sample_305
 
Result: ['tests_pass']
Checking transformation add_scipy
*Running tests for: sample_305
 
Result: ['tests_pass']
Checking transformation add_base64
*Running tests for: sample_305
 
Result: ['tests_pass']
Checking transformation add_dateutil
*Running tests for: sample_305
 
Result: ['tests_pass']
The file 'reasoning_transformation_cruxeval/CRUXEval/e1f735e05ec0002c7d6ed7d62be776995bf4ddf4/Transformation/sample_305.py' has been formatted successfully.
Checking reasoning_transformation_cruxeval/CRUXEval/e1f735e05ec0002c7d6ed7d62be776995bf4ddf4/Transformation/sample_305.py
*Running tests for: sample_305
 
Result: ['tests_pass']
{ 'applicable_rules': [ 'change_var_names',
                        'add_nested_for_out',
                        'add_nested_if',
                        'add_try_except_inside_functions',
                        'add_else_to_for',
                        'add_nested_list',
                        'transform_range_to_recursion',
                        'add_datetime',
                        'add_time',
                        'add_crypto',
                        'add_sklearn',
                        'create_functions',
                        'add_decorator',
                        'add_http',
                        'add_scipy',
                        'add_base64',
                        'add_dateutil'],
  'diff_output': 'reasoning_transformation_cruxeval/CRUXEval/e1f735e05ec0002c7d6ed7d62be776995bf4ddf4/Transformation/sample_305.patch',
  'evaluation_tests_dir': '/home/yang/Benchmark/dataset/cruxeval/',
  'exception': None,
  'file_id': 'sample_305',
  'genetic_algorithm': None,
  'original_code': 'def f(text, char):\n'
                   '    length = len(text)\n'
                   '    index = -1\n'
                   '    for i in range(length):\n'
                   '        if text[i] == char:\n'
                   '            index = i\n'
                   '    if index == -1:\n'
                   '        index = length // 2\n'
                   '    new_text = list(text)\n'
                   '    new_text.pop(index)\n'
                   "    return ''.join(new_text)",
  'patch_path': 'reasoning_transformation_cruxeval/CRUXEval/e1f735e05ec0002c7d6ed7d62be776995bf4ddf4/Transformation/sample_305.patch',
  'single_rule': None,
  'source_file': '/home/yang/Benchmark/dataset/cruxeval/code//sample_305.py',
  'target_file': 'reasoning_transformation_cruxeval/CRUXEval/e1f735e05ec0002c7d6ed7d62be776995bf4ddf4/Transformation/sample_305.py',
  'test_results_after': ['tests_pass'],
  'test_results_before': ['tests_pass'],
  'total_time': 5.791622,
  'transformed_code': 'from dateutil.parser import parse\n'
                      'import base64\n'
                      'from scipy.stats import ttest_ind\n'
                      'from http.client import HTTPConnection\n'
                      '\n'
                      'def my_decorator(func):\n'
                      '    ttest_ind([64, 71, 73], [68, 10, 2])\n'
                      '\n'
                      '    def dec_result(*args, **kwargs):\n'
                      '        res = func(*args, **kwargs)\n'
                      '        return res\n'
                      "    HTTPConnection('google.com', port=80)\n"
                      '    return dec_result\n'
                      '\n'
                      '@my_decorator\n'
                      'def newFunc0_32(length, variable_3_32):\n'
                      "    base64.b64encode(b'00887261565524998251')\n"
                      '    return length // variable_3_32\n'
                      'from sklearn.utils import shuffle\n'
                      'from cryptography.fernet import Fernet\n'
                      'import time\n'
                      'import datetime\n'
                      '\n'
                      'def f(text, char):\n'
                      '    datetime.datetime.now()\n'
                      '    Fernet.generate_key()\n'
                      '    time.sleep(0.14)\n'
                      "    parse('2024-10-19 22:16:54')\n"
                      '    shuffle([50, 74, 60])\n'
                      '    try:\n'
                      '        ConditionChecker110 = [865][0]\n'
                      '        ConditionChecker210 = 633\n'
                      '        length = len(text)\n'
                      '        index = -1\n'
                      '        LoopChecker14 = 322\n'
                      '        LoopChecker24 = 321\n'
                      '        for LoopIndexOut in range(LoopChecker14 // '
                      'LoopChecker24):\n'
                      '\n'
                      '            def loop_10_12(newi_1, stop, step):\n'
                      '                nonlocal index\n'
                      '                if step == 0 or (step > 0 and newi_1 >= '
                      'stop) or (step < 0 and newi_1 <= stop):\n'
                      '                    return\n'
                      '                if text[newi_1] == char:\n'
                      '                    index = newi_1\n'
                      '                loop_10_12(newi_1 + step, stop, step)\n'
                      '            loop_10_12(0, length, 1)\n'
                      '        else:\n'
                      '            pass\n'
                      '        if ConditionChecker110 & ConditionChecker210:\n'
                      '            if index == -1:\n'
                      '                variable_3_32 = 2\n'
                      '                index = newFunc0_32(length, '
                      'variable_3_32)\n'
                      '        new_text = list(text)\n'
                      '        new_text.pop(index)\n'
                      "        return ''.join(new_text)\n"
                      '    except:\n'
                      '        pass'}
[END] processing file: sample_305. Total Time: 5.791622
END AT 2024-10-19 22:16:56.088867
