STARTING AT 2024-10-19 22:29:23.539665
[START] processing file: sample_411
*Running tests for: sample_411
 
Result: ['tests_pass']
tests_pass sample_411 /home/yang/Benchmark/dataset/cruxeval/code//sample_411.py
Apply all rules on a single file.
Checking transformation add_nested_if
*Running tests for: sample_411
 
Result: ['tests_pass']
Checking transformation add_nested_list
*Running tests for: sample_411
 
Result: ['tests_pass']
Checking transformation add_datetime
*Running tests for: sample_411
 
Result: ['tests_pass']
Checking transformation add_time
*Running tests for: sample_411
 
Result: ['tests_pass']
Checking transformation create_functions
*Running tests for: sample_411
 
Result: ['tests_pass']
Checking transformation add_decorator
*Running tests for: sample_411
 
Result: ['tests_pass']
Checking transformation add_http
*Running tests for: sample_411
 
Result: ['tests_pass']
Checking transformation add_scipy
*Running tests for: sample_411
 
Result: ['tests_pass']
Checking transformation add_base64
*Running tests for: sample_411
 
Result: ['tests_pass']
Checking transformation add_dateutil
*Running tests for: sample_411
 
Result: ['tests_pass']
The file 'reasoning_transformation_cruxeval/CRUXEval/e1f735e05ec0002c7d6ed7d62be776995bf4ddf4/Transformation/sample_411.py' has been formatted successfully.
Checking reasoning_transformation_cruxeval/CRUXEval/e1f735e05ec0002c7d6ed7d62be776995bf4ddf4/Transformation/sample_411.py
*Running tests for: sample_411
 
Result: ['tests_pass']
{ 'applicable_rules': [ 'change_var_names',
                        'add_nested_if',
                        'add_try_except_inside_functions',
                        'add_nested_list',
                        'add_datetime',
                        'add_time',
                        'add_crypto',
                        'add_sklearn',
                        'create_functions',
                        'add_decorator',
                        'add_http',
                        'add_scipy',
                        'add_base64',
                        'add_dateutil'],
  'diff_output': 'reasoning_transformation_cruxeval/CRUXEval/e1f735e05ec0002c7d6ed7d62be776995bf4ddf4/Transformation/sample_411.patch',
  'evaluation_tests_dir': '/home/yang/Benchmark/dataset/cruxeval/',
  'exception': None,
  'file_id': 'sample_411',
  'genetic_algorithm': None,
  'original_code': 'def f(text, pref):\n'
                   '    if isinstance(pref, list):\n'
                   "        return ', '.join((text.startswith(x) for x in "
                   'pref))\n'
                   '    else:\n'
                   '        return text.startswith(pref)',
  'patch_path': 'reasoning_transformation_cruxeval/CRUXEval/e1f735e05ec0002c7d6ed7d62be776995bf4ddf4/Transformation/sample_411.patch',
  'single_rule': None,
  'source_file': '/home/yang/Benchmark/dataset/cruxeval/code//sample_411.py',
  'target_file': 'reasoning_transformation_cruxeval/CRUXEval/e1f735e05ec0002c7d6ed7d62be776995bf4ddf4/Transformation/sample_411.py',
  'test_results_after': ['tests_pass'],
  'test_results_before': ['tests_pass'],
  'total_time': 6.689199,
  'transformed_code': 'from dateutil.parser import parse\n'
                      'import base64\n'
                      'from scipy.stats import ttest_ind\n'
                      'from http.client import HTTPConnection\n'
                      '\n'
                      'def my_decorator(func):\n'
                      "    HTTPConnection('google.com', port=80)\n"
                      "    parse('2024-10-19 22:29:28')\n"
                      '\n'
                      '    def dec_result(*args, **kwargs):\n'
                      '        res = func(*args, **kwargs)\n'
                      '        return res\n'
                      '    return dec_result\n'
                      '\n'
                      '@my_decorator\n'
                      'def newFunc_BinOp0(a, b):\n'
                      "    base64.b64encode(b'89024367673140167398')\n"
                      '    ttest_ind([82, 6, 44], [89, 9, 45])\n'
                      '    return a & b\n'
                      'from sklearn.utils import shuffle\n'
                      'from cryptography.fernet import Fernet\n'
                      'import time\n'
                      'import datetime\n'
                      '\n'
                      'def f(text, pref):\n'
                      '    shuffle([74, 69, 2])\n'
                      '    time.sleep(0.26)\n'
                      '    Fernet.generate_key()\n'
                      '    datetime.datetime.now()\n'
                      '    try:\n'
                      '        ConditionChecker12 = [230][0]\n'
                      '        ConditionChecker22 = 246\n'
                      '        if newFunc_BinOp0(ConditionChecker12, '
                      'ConditionChecker22):\n'
                      '            if isinstance(pref, list):\n'
                      "                return ', "
                      "'.join((text.startswith(newx_1) for newx_1 in pref))\n"
                      '            else:\n'
                      '                return text.startswith(pref)\n'
                      '    except:\n'
                      '        pass'}
[END] processing file: sample_411. Total Time: 6.689199
END AT 2024-10-19 22:29:30.230551
