STARTING AT 2024-10-19 22:06:39.354811
[START] processing file: sample_220
*Running tests for: sample_220
 
Result: ['tests_pass']
tests_pass sample_220 /home/yang/Benchmark/dataset/cruxeval/code//sample_220.py
Apply all rules on a single file.
Checking transformation add_nested_for_out
*Running tests for: sample_220
 
Result: ['tests_pass']
Checking transformation add_nested_list
*Running tests for: sample_220
 
Result: ['tests_pass']
Checking transformation transform_range_to_recursion
*Running tests for: sample_220
 
Result: ['tests_pass']
Checking transformation add_datetime
*Running tests for: sample_220
 
Result: ['tests_pass']
Checking transformation add_time
*Running tests for: sample_220
 
Result: ['tests_pass']
Checking transformation create_functions
*Running tests for: sample_220
 
Result: ['tests_pass']
Checking transformation add_decorator
*Running tests for: sample_220
 
Result: ['tests_pass']
Checking transformation add_http
*Running tests for: sample_220
 
Result: ['tests_pass']
Checking transformation add_scipy
*Running tests for: sample_220
 
Result: ['tests_pass']
Checking transformation add_base64
*Running tests for: sample_220
 
Result: ['tests_pass']
Checking transformation add_dateutil
*Running tests for: sample_220
 
Result: ['tests_pass']
The file 'reasoning_transformation_cruxeval/CRUXEval/e1f735e05ec0002c7d6ed7d62be776995bf4ddf4/Transformation/sample_220.py' has been formatted successfully.
Checking reasoning_transformation_cruxeval/CRUXEval/e1f735e05ec0002c7d6ed7d62be776995bf4ddf4/Transformation/sample_220.py
*Running tests for: sample_220
 
Result: ['tests_pass']
{ 'applicable_rules': [ 'change_var_names',
                        'add_nested_for_out',
                        'add_try_except_inside_functions',
                        'add_else_to_for',
                        'add_nested_list',
                        'transform_range_to_recursion',
                        'add_datetime',
                        'add_time',
                        'add_crypto',
                        'add_sklearn',
                        'create_functions',
                        'add_decorator',
                        'add_http',
                        'add_scipy',
                        'add_base64',
                        'add_dateutil'],
  'diff_output': 'reasoning_transformation_cruxeval/CRUXEval/e1f735e05ec0002c7d6ed7d62be776995bf4ddf4/Transformation/sample_220.patch',
  'evaluation_tests_dir': '/home/yang/Benchmark/dataset/cruxeval/',
  'exception': None,
  'file_id': 'sample_220',
  'genetic_algorithm': None,
  'original_code': 'def f(text, m, n):\n'
                   "    text = '{}{}{}'.format(text, text[:m], text[n:])\n"
                   "    result = ''\n"
                   '    for i in range(n, len(text) - m):\n'
                   '        result = text[i] + result\n'
                   '    return result',
  'patch_path': 'reasoning_transformation_cruxeval/CRUXEval/e1f735e05ec0002c7d6ed7d62be776995bf4ddf4/Transformation/sample_220.patch',
  'single_rule': None,
  'source_file': '/home/yang/Benchmark/dataset/cruxeval/code//sample_220.py',
  'target_file': 'reasoning_transformation_cruxeval/CRUXEval/e1f735e05ec0002c7d6ed7d62be776995bf4ddf4/Transformation/sample_220.py',
  'test_results_after': ['tests_pass'],
  'test_results_before': ['tests_pass'],
  'total_time': 6.462741,
  'transformed_code': 'from dateutil.parser import parse\n'
                      'import base64\n'
                      'from scipy.stats import ttest_ind\n'
                      'from http.client import HTTPConnection\n'
                      '\n'
                      'def my_decorator(func):\n'
                      '\n'
                      '    def dec_result(*args, **kwargs):\n'
                      '        res = func(*args, **kwargs)\n'
                      '        return res\n'
                      "    parse('2024-10-19 22:06:43')\n"
                      '    return dec_result\n'
                      '\n'
                      '@my_decorator\n'
                      'def newFunc0_22(variable_1_22, result):\n'
                      "    base64.b64encode(b'48183127960044491765')\n"
                      "    HTTPConnection('google.com', port=80)\n"
                      '    return variable_1_22 + result\n'
                      'from sklearn.utils import shuffle\n'
                      'from cryptography.fernet import Fernet\n'
                      'import time\n'
                      'import datetime\n'
                      '\n'
                      'def f(newtext_1, m, n):\n'
                      '    ttest_ind([79, 40, 6], [40, 71, 84])\n'
                      '    shuffle([20, 11, 20])\n'
                      '    datetime.datetime.now()\n'
                      '    time.sleep(0.24)\n'
                      '    Fernet.generate_key()\n'
                      '    try:\n'
                      "        newtext_1 = '{}{}{}'.format(newtext_1, "
                      'newtext_1[:m], newtext_1[n:])\n'
                      "        result = [''][0]\n"
                      '        LoopChecker14 = 258\n'
                      '        LoopChecker24 = 257\n'
                      '        for LoopIndexOut in range(LoopChecker14 // '
                      'LoopChecker24):\n'
                      '\n'
                      '            def loop_8_12(i, stop, step):\n'
                      '                nonlocal result\n'
                      '                if step == 0 or (step > 0 and i >= '
                      'stop) or (step < 0 and i <= stop):\n'
                      '                    return\n'
                      '                variable_1_22 = newtext_1[i]\n'
                      '                result = newFunc0_22(variable_1_22, '
                      'result)\n'
                      '                loop_8_12(i + step, stop, step)\n'
                      '            loop_8_12(n, len(newtext_1) - m, 1)\n'
                      '        else:\n'
                      '            pass\n'
                      '        return result\n'
                      '    except:\n'
                      '        pass'}
[END] processing file: sample_220. Total Time: 6.462741
END AT 2024-10-19 22:06:45.819982
