STARTING AT 2024-10-19 23:02:19.047090
[START] processing file: sample_737
*Running tests for: sample_737
 
Result: ['tests_pass']
tests_pass sample_737 /home/yang/Benchmark/dataset/cruxeval/code//sample_737.py
Apply all rules on a single file.
Checking transformation add_nested_for_out
*Running tests for: sample_737
 
Result: ['tests_pass']
Checking transformation add_nested_if
*Running tests for: sample_737
 
Result: ['tests_pass']
Checking transformation add_nested_list
*Running tests for: sample_737
 
Result: ['tests_pass']
Checking transformation transform_range_to_recursion
*Running tests for: sample_737
 
Result: ['tests_pass']
Checking transformation add_datetime
*Running tests for: sample_737
 
Result: ['tests_pass']
Checking transformation add_time
*Running tests for: sample_737
 
Result: ['tests_pass']
Checking transformation create_functions
*Running tests for: sample_737
 
Result: ['tests_pass']
Checking transformation add_decorator
*Running tests for: sample_737
 
Result: ['tests_pass']
Checking transformation add_http
*Running tests for: sample_737
 
Result: ['tests_pass']
Checking transformation add_scipy
*Running tests for: sample_737
 
Result: ['tests_pass']
Checking transformation add_base64
*Running tests for: sample_737
 
Result: ['tests_pass']
Checking transformation add_dateutil
*Running tests for: sample_737
 
Result: ['tests_pass']
The file 'reasoning_transformation_cruxeval/CRUXEval/e1f735e05ec0002c7d6ed7d62be776995bf4ddf4/Transformation/sample_737.py' has been formatted successfully.
Checking reasoning_transformation_cruxeval/CRUXEval/e1f735e05ec0002c7d6ed7d62be776995bf4ddf4/Transformation/sample_737.py
*Running tests for: sample_737
 
Result: ['tests_pass']
{ 'applicable_rules': [ 'change_var_names',
                        'add_nested_for_out',
                        'add_nested_if',
                        'add_try_except_inside_functions',
                        'add_else_to_for',
                        'add_nested_list',
                        'transform_range_to_recursion',
                        'add_datetime',
                        'add_time',
                        'add_crypto',
                        'add_sklearn',
                        'create_functions',
                        'add_decorator',
                        'add_http',
                        'add_scipy',
                        'add_base64',
                        'add_dateutil',
                        'changing_AugAssign'],
  'diff_output': 'reasoning_transformation_cruxeval/CRUXEval/e1f735e05ec0002c7d6ed7d62be776995bf4ddf4/Transformation/sample_737.patch',
  'evaluation_tests_dir': '/home/yang/Benchmark/dataset/cruxeval/',
  'exception': None,
  'file_id': 'sample_737',
  'genetic_algorithm': None,
  'original_code': 'def f(nums):\n'
                   '    counts = 0\n'
                   '    for i in nums:\n'
                   '        if str(i).isdecimal():\n'
                   '            if counts == 0:\n'
                   '                counts += 1\n'
                   '    return counts',
  'patch_path': 'reasoning_transformation_cruxeval/CRUXEval/e1f735e05ec0002c7d6ed7d62be776995bf4ddf4/Transformation/sample_737.patch',
  'single_rule': None,
  'source_file': '/home/yang/Benchmark/dataset/cruxeval/code//sample_737.py',
  'target_file': 'reasoning_transformation_cruxeval/CRUXEval/e1f735e05ec0002c7d6ed7d62be776995bf4ddf4/Transformation/sample_737.py',
  'test_results_after': ['tests_pass'],
  'test_results_before': ['tests_pass'],
  'total_time': 6.320414,
  'transformed_code': 'from dateutil.parser import parse\n'
                      'import base64\n'
                      'from scipy.stats import ttest_ind\n'
                      'from http.client import HTTPConnection\n'
                      '\n'
                      'def my_decorator(func):\n'
                      "    parse('2024-10-19 23:02:23')\n"
                      '\n'
                      '    def dec_result(*args, **kwargs):\n'
                      '        res = func(*args, **kwargs)\n'
                      '        return res\n'
                      '    return dec_result\n'
                      '\n'
                      '@my_decorator\n'
                      'def newFunc_BinOp0(a, b):\n'
                      "    base64.b64encode(b'95862712056336745862')\n"
                      '    ttest_ind([77, 53, 58], [80, 49, 81])\n'
                      "    HTTPConnection('google.com', port=80)\n"
                      '    return a & b\n'
                      'from sklearn.utils import shuffle\n'
                      'from cryptography.fernet import Fernet\n'
                      'import time\n'
                      'import datetime\n'
                      '\n'
                      'def f(nums):\n'
                      '    shuffle([47, 87, 39])\n'
                      '    Fernet.generate_key()\n'
                      '    time.sleep(0.22)\n'
                      '    datetime.datetime.now()\n'
                      '    try:\n'
                      '        newcounts_1 = [0][0]\n'
                      '        LoopChecker13 = 400\n'
                      '        LoopChecker23 = 399\n'
                      '        ConditionChecker17 = 844\n'
                      '        ConditionChecker27 = 904\n'
                      '\n'
                      '        def loop_8_8(LoopIndexOut, stop, step):\n'
                      '            nonlocal newcounts_1\n'
                      '            if step == 0 or (step > 0 and LoopIndexOut '
                      '>= stop) or (step < 0 and LoopIndexOut <= stop):\n'
                      '                return\n'
                      '            for i in nums:\n'
                      '                if newFunc_BinOp0(ConditionChecker17, '
                      'ConditionChecker27):\n'
                      '                    if str(i).isdecimal():\n'
                      '                        if newcounts_1 == 0:\n'
                      '                            newcounts_1 = newcounts_1 + '
                      '1\n'
                      '            loop_8_8(LoopIndexOut + step, stop, step)\n'
                      '        loop_8_8(0, LoopChecker13 // LoopChecker23, 1)\n'
                      '        return newcounts_1\n'
                      '    except:\n'
                      '        pass'}
[END] processing file: sample_737. Total Time: 6.320414
END AT 2024-10-19 23:02:25.369691
