STARTING AT 2024-10-19 22:05:43.109098
[START] processing file: sample_212
*Running tests for: sample_212
 
Result: ['tests_pass']
tests_pass sample_212 /home/yang/Benchmark/dataset/cruxeval/code//sample_212.py
Apply all rules on a single file.
Checking transformation add_nested_for_out
*Running tests for: sample_212
 
Result: ['tests_pass']
Checking transformation add_nested_list
*Running tests for: sample_212
 
Result: ['tests_pass']
Checking transformation transform_range_to_recursion
*Running tests for: sample_212
 
Result: ['tests_pass']
Checking transformation add_datetime
*Running tests for: sample_212
 
Result: ['tests_pass']
Checking transformation add_time
*Running tests for: sample_212
 
Result: ['tests_pass']
Checking transformation create_functions
*Running tests for: sample_212
 
Result: ['tests_pass']
Checking transformation add_decorator
*Running tests for: sample_212
 
Result: ['tests_pass']
Checking transformation add_http
*Running tests for: sample_212
 
Result: ['tests_pass']
Checking transformation add_scipy
*Running tests for: sample_212
 
Result: ['tests_pass']
Checking transformation add_base64
*Running tests for: sample_212
 
Result: ['tests_pass']
Checking transformation add_dateutil
*Running tests for: sample_212
 
Result: ['tests_pass']
The file 'reasoning_transformation_cruxeval/CRUXEval/e1f735e05ec0002c7d6ed7d62be776995bf4ddf4/Transformation/sample_212.py' has been formatted successfully.
Checking reasoning_transformation_cruxeval/CRUXEval/e1f735e05ec0002c7d6ed7d62be776995bf4ddf4/Transformation/sample_212.py
*Running tests for: sample_212
 
Result: ['tests_pass']
{ 'applicable_rules': [ 'change_var_names',
                        'add_nested_for_out',
                        'add_try_except_inside_functions',
                        'add_else_to_for',
                        'add_nested_list',
                        'transform_range_to_recursion',
                        'add_datetime',
                        'add_time',
                        'add_crypto',
                        'add_sklearn',
                        'create_functions',
                        'add_decorator',
                        'add_http',
                        'add_scipy',
                        'add_base64',
                        'add_dateutil'],
  'diff_output': 'reasoning_transformation_cruxeval/CRUXEval/e1f735e05ec0002c7d6ed7d62be776995bf4ddf4/Transformation/sample_212.patch',
  'evaluation_tests_dir': '/home/yang/Benchmark/dataset/cruxeval/',
  'exception': None,
  'file_id': 'sample_212',
  'genetic_algorithm': None,
  'original_code': 'def f(nums):\n'
                   '    for _ in range(len(nums) - 1):\n'
                   '        nums.reverse()\n'
                   '    return nums',
  'patch_path': 'reasoning_transformation_cruxeval/CRUXEval/e1f735e05ec0002c7d6ed7d62be776995bf4ddf4/Transformation/sample_212.patch',
  'single_rule': None,
  'source_file': '/home/yang/Benchmark/dataset/cruxeval/code//sample_212.py',
  'target_file': 'reasoning_transformation_cruxeval/CRUXEval/e1f735e05ec0002c7d6ed7d62be776995bf4ddf4/Transformation/sample_212.py',
  'test_results_after': ['tests_pass'],
  'test_results_before': ['tests_pass'],
  'total_time': 4.923386,
  'transformed_code': 'from dateutil.parser import parse\n'
                      'import base64\n'
                      'from scipy.stats import ttest_ind\n'
                      'from http.client import HTTPConnection\n'
                      '\n'
                      'def my_decorator(func):\n'
                      '\n'
                      '    def dec_result(*args, **kwargs):\n'
                      '        res = func(*args, **kwargs)\n'
                      '        return res\n'
                      "    base64.b64encode(b'99869855868066608051')\n"
                      "    HTTPConnection('google.com', port=80)\n"
                      '    return dec_result\n'
                      '\n'
                      '@my_decorator\n'
                      'def newFunc_BinOp0(a, b):\n'
                      '    ttest_ind([49, 47, 55], [84, 99, 35])\n'
                      '    return a // b\n'
                      'from sklearn.utils import shuffle\n'
                      'from cryptography.fernet import Fernet\n'
                      'import time\n'
                      'import datetime\n'
                      '\n'
                      'def f(nums):\n'
                      "    parse('2024-10-19 22:05:46')\n"
                      '    time.sleep(0.08)\n'
                      '    Fernet.generate_key()\n'
                      '    shuffle([93, 24, 19])\n'
                      '    datetime.datetime.now()\n'
                      '    try:\n'
                      '        LoopChecker12 = [902][0]\n'
                      '        LoopChecker22 = 901\n'
                      '        for LoopIndexOut in '
                      'range(newFunc_BinOp0(LoopChecker12, LoopChecker22)):\n'
                      '\n'
                      '            def loop_6_12(new__1, stop, step):\n'
                      '                if step == 0 or (step > 0 and new__1 >= '
                      'stop) or (step < 0 and new__1 <= stop):\n'
                      '                    return\n'
                      '                nums.reverse()\n'
                      '                loop_6_12(new__1 + step, stop, step)\n'
                      '            loop_6_12(0, len(nums) - 1, 1)\n'
                      '        else:\n'
                      '            pass\n'
                      '        return nums\n'
                      '    except:\n'
                      '        pass'}
[END] processing file: sample_212. Total Time: 4.923386
END AT 2024-10-19 22:05:48.033684
