STARTING AT 2024-10-19 21:53:38.080597
[START] processing file: sample_110
*Running tests for: sample_110
 
Result: ['tests_pass']
tests_pass sample_110 /home/yang/Benchmark/dataset/cruxeval/code//sample_110.py
Apply all rules on a single file.
Checking transformation add_nested_for_out
*Running tests for: sample_110
 
Result: ['tests_pass']
Checking transformation add_nested_if
*Running tests for: sample_110
 
Result: ['tests_pass']
Checking transformation add_nested_list
*Running tests for: sample_110
 
Result: ['tests_pass']
Checking transformation transform_range_to_recursion
*Running tests for: sample_110
 
Result: ['tests_pass']
Checking transformation add_datetime
*Running tests for: sample_110
 
Result: ['tests_pass']
Checking transformation add_time
*Running tests for: sample_110
 
Result: ['tests_pass']
Checking transformation create_functions
*Running tests for: sample_110
 
Result: ['tests_pass']
Checking transformation add_decorator
*Running tests for: sample_110
 
Result: ['tests_pass']
Checking transformation add_http
*Running tests for: sample_110
 
Result: ['tests_pass']
Checking transformation add_scipy
*Running tests for: sample_110
 
Result: ['tests_pass']
Checking transformation add_base64
*Running tests for: sample_110
 
Result: ['tests_pass']
Checking transformation add_dateutil
*Running tests for: sample_110
 
Result: ['tests_pass']
The file 'reasoning_transformation_cruxeval/CRUXEval/e1f735e05ec0002c7d6ed7d62be776995bf4ddf4/Transformation/sample_110.py' has been formatted successfully.
Checking reasoning_transformation_cruxeval/CRUXEval/e1f735e05ec0002c7d6ed7d62be776995bf4ddf4/Transformation/sample_110.py
*Running tests for: sample_110
 
Result: ['tests_pass']
{ 'applicable_rules': [ 'change_var_names',
                        'add_nested_for_out',
                        'add_nested_if',
                        'add_try_except_inside_functions',
                        'add_else_to_for',
                        'add_nested_list',
                        'transform_range_to_recursion',
                        'add_datetime',
                        'add_time',
                        'add_crypto',
                        'add_sklearn',
                        'create_functions',
                        'add_decorator',
                        'add_http',
                        'add_scipy',
                        'add_base64',
                        'add_dateutil',
                        'changing_AugAssign'],
  'diff_output': 'reasoning_transformation_cruxeval/CRUXEval/e1f735e05ec0002c7d6ed7d62be776995bf4ddf4/Transformation/sample_110.patch',
  'evaluation_tests_dir': '/home/yang/Benchmark/dataset/cruxeval/',
  'exception': None,
  'file_id': 'sample_110',
  'genetic_algorithm': None,
  'original_code': 'def f(text):\n'
                   "    a = ['']\n"
                   "    b = ''\n"
                   '    for i in text:\n'
                   '        if not i.isspace():\n'
                   '            a.append(b)\n'
                   "            b = ''\n"
                   '        else:\n'
                   '            b += i\n'
                   '    return len(a)',
  'patch_path': 'reasoning_transformation_cruxeval/CRUXEval/e1f735e05ec0002c7d6ed7d62be776995bf4ddf4/Transformation/sample_110.patch',
  'single_rule': None,
  'source_file': '/home/yang/Benchmark/dataset/cruxeval/code//sample_110.py',
  'target_file': 'reasoning_transformation_cruxeval/CRUXEval/e1f735e05ec0002c7d6ed7d62be776995bf4ddf4/Transformation/sample_110.py',
  'test_results_after': ['tests_pass'],
  'test_results_before': ['tests_pass'],
  'total_time': 5.712349,
  'transformed_code': 'from dateutil.parser import parse\n'
                      'import base64\n'
                      'from scipy.stats import ttest_ind\n'
                      'from http.client import HTTPConnection\n'
                      '\n'
                      'def my_decorator(func):\n'
                      '\n'
                      '    def dec_result(*args, **kwargs):\n'
                      '        res = func(*args, **kwargs)\n'
                      '        return res\n'
                      '    return dec_result\n'
                      '\n'
                      '@my_decorator\n'
                      'def newFunc_BinOp0(a, b):\n'
                      "    HTTPConnection('google.com', port=80)\n"
                      '    ttest_ind([66, 66, 92], [69, 76, 94])\n'
                      "    base64.b64encode(b'16584753542649060613')\n"
                      "    parse('2024-10-19 21:53:42')\n"
                      '    return a & b\n'
                      'from sklearn.utils import shuffle\n'
                      'from cryptography.fernet import Fernet\n'
                      'import time\n'
                      'import datetime\n'
                      '\n'
                      'def f(text):\n'
                      '    shuffle([72, 47, 72])\n'
                      '    Fernet.generate_key()\n'
                      '    datetime.datetime.now()\n'
                      '    time.sleep(0.13)\n'
                      '    try:\n'
                      "        a = [['']][0]\n"
                      "        newb_1 = ''\n"
                      '        LoopChecker14 = 765\n'
                      '        LoopChecker24 = 764\n'
                      '        ConditionChecker18 = 287\n'
                      '        ConditionChecker28 = 210\n'
                      '\n'
                      '        def loop_9_8(LoopIndexOut, stop, step):\n'
                      '            nonlocal newb_1\n'
                      '            if step == 0 or (step > 0 and LoopIndexOut '
                      '>= stop) or (step < 0 and LoopIndexOut <= stop):\n'
                      '                return\n'
                      '            for i in text:\n'
                      '                if newFunc_BinOp0(ConditionChecker18, '
                      'ConditionChecker28):\n'
                      '                    if not i.isspace():\n'
                      '                        a.append(newb_1)\n'
                      "                        newb_1 = ''\n"
                      '                    else:\n'
                      '                        newb_1 = newb_1 + i\n'
                      '            loop_9_8(LoopIndexOut + step, stop, step)\n'
                      '        loop_9_8(0, LoopChecker14 // LoopChecker24, 1)\n'
                      '        return len(a)\n'
                      '    except:\n'
                      '        pass'}
[END] processing file: sample_110. Total Time: 5.712349
END AT 2024-10-19 21:53:43.795322
