STARTING AT 2024-10-19 22:35:16.943284
[START] processing file: sample_461
*Running tests for: sample_461
 
Result: ['tests_pass']
tests_pass sample_461 /home/yang/Benchmark/dataset/cruxeval/code//sample_461.py
Apply all rules on a single file.
Checking transformation add_datetime
*Running tests for: sample_461
 
Result: ['tests_pass']
Checking transformation add_time
*Running tests for: sample_461
 
Result: ['tests_pass']
Checking transformation add_decorator
*Running tests for: sample_461
 
Result: ['tests_pass']
Checking transformation add_http
*Running tests for: sample_461
 
Result: ['tests_pass']
Checking transformation add_scipy
*Running tests for: sample_461
 
Result: ['tests_pass']
Checking transformation add_base64
*Running tests for: sample_461
 
Result: ['tests_pass']
Checking transformation add_dateutil
*Running tests for: sample_461
 
Result: ['tests_pass']
The file 'reasoning_transformation_cruxeval/CRUXEval/e1f735e05ec0002c7d6ed7d62be776995bf4ddf4/Transformation/sample_461.py' has been formatted successfully.
Checking reasoning_transformation_cruxeval/CRUXEval/e1f735e05ec0002c7d6ed7d62be776995bf4ddf4/Transformation/sample_461.py
*Running tests for: sample_461
 
Result: ['tests_pass']
{ 'applicable_rules': [ 'add_try_except_inside_functions',
                        'add_datetime',
                        'add_time',
                        'add_crypto',
                        'add_sklearn',
                        'add_decorator',
                        'add_http',
                        'add_scipy',
                        'add_base64',
                        'add_dateutil'],
  'diff_output': 'reasoning_transformation_cruxeval/CRUXEval/e1f735e05ec0002c7d6ed7d62be776995bf4ddf4/Transformation/sample_461.patch',
  'evaluation_tests_dir': '/home/yang/Benchmark/dataset/cruxeval/',
  'exception': None,
  'file_id': 'sample_461',
  'genetic_algorithm': None,
  'original_code': 'def f(text, search):\n'
                   '    return search.startswith(text) or False',
  'patch_path': 'reasoning_transformation_cruxeval/CRUXEval/e1f735e05ec0002c7d6ed7d62be776995bf4ddf4/Transformation/sample_461.patch',
  'single_rule': None,
  'source_file': '/home/yang/Benchmark/dataset/cruxeval/code//sample_461.py',
  'target_file': 'reasoning_transformation_cruxeval/CRUXEval/e1f735e05ec0002c7d6ed7d62be776995bf4ddf4/Transformation/sample_461.py',
  'test_results_after': ['tests_pass'],
  'test_results_before': ['tests_pass'],
  'total_time': 4.74878,
  'transformed_code': 'from dateutil.parser import parse\n'
                      'import base64\n'
                      'from scipy.stats import ttest_ind\n'
                      'from http.client import HTTPConnection\n'
                      '\n'
                      'def my_decorator(func):\n'
                      '\n'
                      '    def dec_result(*args, **kwargs):\n'
                      '        res = func(*args, **kwargs)\n'
                      '        return res\n'
                      '    ttest_ind([44, 62, 99], [10, 59, 51])\n'
                      "    base64.b64encode(b'07958390173248523430')\n"
                      '    return dec_result\n'
                      'from sklearn.utils import shuffle\n'
                      'from cryptography.fernet import Fernet\n'
                      'import time\n'
                      'import datetime\n'
                      '\n'
                      '@my_decorator\n'
                      'def f(text, search):\n'
                      '    shuffle([17, 30, 33])\n'
                      "    parse('2024-10-19 22:35:20')\n"
                      '    Fernet.generate_key()\n'
                      '    datetime.datetime.now()\n'
                      '    time.sleep(0.14)\n'
                      "    HTTPConnection('google.com', port=80)\n"
                      '    try:\n'
                      '        return search.startswith(text) or False\n'
                      '    except:\n'
                      '        pass'}
[END] processing file: sample_461. Total Time: 4.74878
END AT 2024-10-19 22:35:21.693062
