STARTING AT 2024-10-19 22:50:27.374386
[START] processing file: sample_609
*Running tests for: sample_609
 
Result: ['tests_pass']
tests_pass sample_609 /home/yang/Benchmark/dataset/cruxeval/code//sample_609.py
Apply all rules on a single file.
Checking transformation add_nested_while_out
*Running tests for: sample_609
 
Result: ['tests_pass']
Checking transformation add_nested_if
*Running tests for: sample_609
 
Result: ['tests_pass']
Checking transformation add_nested_list
*Running tests for: sample_609
 
Result: ['tests_pass']
Checking transformation add_datetime
*Running tests for: sample_609
 
Result: ['tests_pass']
Checking transformation add_time
*Running tests for: sample_609
 
Result: ['tests_pass']
Checking transformation create_functions
*Running tests for: sample_609
 
Result: ['tests_pass']
Checking transformation add_decorator
*Running tests for: sample_609
 
Result: ['tests_pass']
Checking transformation add_http
*Running tests for: sample_609
 
Result: ['tests_pass']
Checking transformation add_scipy
*Running tests for: sample_609
 
Result: ['tests_pass']
Checking transformation add_base64
*Running tests for: sample_609
 
Result: ['tests_pass']
Checking transformation add_dateutil
*Running tests for: sample_609
 
Result: ['tests_pass']
The file 'reasoning_transformation_cruxeval/CRUXEval/e1f735e05ec0002c7d6ed7d62be776995bf4ddf4/Transformation/sample_609.py' has been formatted successfully.
Checking reasoning_transformation_cruxeval/CRUXEval/e1f735e05ec0002c7d6ed7d62be776995bf4ddf4/Transformation/sample_609.py
*Running tests for: sample_609
 
Result: ['tests_pass']
{ 'applicable_rules': [ 'change_var_names',
                        'add_nested_while_out',
                        'add_nested_if',
                        'add_try_except_inside_functions',
                        'add_else_to_while',
                        'add_nested_list',
                        'add_datetime',
                        'add_time',
                        'add_crypto',
                        'add_sklearn',
                        'create_functions',
                        'add_decorator',
                        'add_http',
                        'add_scipy',
                        'add_base64',
                        'add_dateutil',
                        'changing_AugAssign'],
  'diff_output': 'reasoning_transformation_cruxeval/CRUXEval/e1f735e05ec0002c7d6ed7d62be776995bf4ddf4/Transformation/sample_609.patch',
  'evaluation_tests_dir': '/home/yang/Benchmark/dataset/cruxeval/',
  'exception': None,
  'file_id': 'sample_609',
  'genetic_algorithm': None,
  'original_code': 'def f(array, elem):\n'
                   '    result = array.copy()\n'
                   '    while result:\n'
                   '        (key, value) = result.popitem()\n'
                   '        if elem == key or elem == value:\n'
                   '            result.update(array)\n'
                   '        del result[key]\n'
                   '    return result',
  'patch_path': 'reasoning_transformation_cruxeval/CRUXEval/e1f735e05ec0002c7d6ed7d62be776995bf4ddf4/Transformation/sample_609.patch',
  'single_rule': None,
  'source_file': '/home/yang/Benchmark/dataset/cruxeval/code//sample_609.py',
  'target_file': 'reasoning_transformation_cruxeval/CRUXEval/e1f735e05ec0002c7d6ed7d62be776995bf4ddf4/Transformation/sample_609.py',
  'test_results_after': ['tests_pass'],
  'test_results_before': ['tests_pass'],
  'total_time': 4.898892,
  'transformed_code': 'from dateutil.parser import parse\n'
                      'import base64\n'
                      'from scipy.stats import ttest_ind\n'
                      'from http.client import HTTPConnection\n'
                      '\n'
                      'def my_decorator(func):\n'
                      '    ttest_ind([66, 22, 65], [77, 21, 8])\n'
                      '\n'
                      '    def dec_result(*args, **kwargs):\n'
                      '        res = func(*args, **kwargs)\n'
                      '        return res\n'
                      "    parse('2024-10-19 22:50:30')\n"
                      "    HTTPConnection('google.com', port=80)\n"
                      '    return dec_result\n'
                      '\n'
                      '@my_decorator\n'
                      'def newFunc_BinOp0(a, b):\n'
                      "    base64.b64encode(b'31307119549708621238')\n"
                      '    return a % b\n'
                      'from sklearn.utils import shuffle\n'
                      'from cryptography.fernet import Fernet\n'
                      'import time\n'
                      'import datetime\n'
                      '\n'
                      'def f(array, elem):\n'
                      '    time.sleep(0.03)\n'
                      '    datetime.datetime.now()\n'
                      '    shuffle([94, 72, 56])\n'
                      '    Fernet.generate_key()\n'
                      '    try:\n'
                      '        result = array.copy()\n'
                      '        whileloopchecker13 = [957][0]\n'
                      '        whileloopchecker23 = 956\n'
                      '        while newFunc_BinOp0(whileloopchecker13, '
                      'whileloopchecker23) == 1:\n'
                      '            whileloopchecker13 = whileloopchecker13 + '
                      '1\n'
                      '            while result:\n'
                      '                ConditionChecker19 = 179\n'
                      '                ConditionChecker29 = 505\n'
                      '                (newkey_1, value) = result.popitem()\n'
                      '                if ConditionChecker19 & '
                      'ConditionChecker29:\n'
                      '                    if elem == newkey_1 or elem == '
                      'value:\n'
                      '                        result.update(array)\n'
                      '                del result[newkey_1]\n'
                      '        else:\n'
                      '            pass\n'
                      '        return result\n'
                      '    except:\n'
                      '        pass'}
[END] processing file: sample_609. Total Time: 4.898892
END AT 2024-10-19 22:50:32.275754
