STARTING AT 2024-10-19 22:08:08.396724
[START] processing file: sample_232
*Running tests for: sample_232
 
Result: ['tests_pass']
tests_pass sample_232 /home/yang/Benchmark/dataset/cruxeval/code//sample_232.py
Apply all rules on a single file.
Checking transformation add_nested_for_out
*Running tests for: sample_232
 
Result: ['tests_pass']
Checking transformation add_nested_list
*Running tests for: sample_232
 
Result: ['tests_pass']
Checking transformation transform_range_to_recursion
*Running tests for: sample_232
 
Result: ['tests_pass']
Checking transformation add_datetime
*Running tests for: sample_232
 
Result: ['tests_pass']
Checking transformation add_time
*Running tests for: sample_232
 
Result: ['tests_pass']
Checking transformation create_functions
*Running tests for: sample_232
 
Result: ['tests_pass']
Checking transformation add_decorator
*Running tests for: sample_232
 
Result: ['tests_pass']
Checking transformation add_http
*Running tests for: sample_232
 
Result: ['tests_pass']
Checking transformation add_scipy
*Running tests for: sample_232
 
Result: ['tests_pass']
Checking transformation add_base64
*Running tests for: sample_232
 
Result: ['tests_pass']
Checking transformation add_dateutil
*Running tests for: sample_232
 
Result: ['tests_pass']
The file 'reasoning_transformation_cruxeval/CRUXEval/e1f735e05ec0002c7d6ed7d62be776995bf4ddf4/Transformation/sample_232.py' has been formatted successfully.
Checking reasoning_transformation_cruxeval/CRUXEval/e1f735e05ec0002c7d6ed7d62be776995bf4ddf4/Transformation/sample_232.py
*Running tests for: sample_232
 
Result: ['tests_pass']
{ 'applicable_rules': [ 'change_var_names',
                        'add_nested_for_out',
                        'add_try_except_inside_functions',
                        'add_else_to_for',
                        'add_nested_list',
                        'transform_range_to_recursion',
                        'add_datetime',
                        'add_time',
                        'add_crypto',
                        'add_sklearn',
                        'create_functions',
                        'add_decorator',
                        'add_http',
                        'add_scipy',
                        'add_base64',
                        'add_dateutil'],
  'diff_output': 'reasoning_transformation_cruxeval/CRUXEval/e1f735e05ec0002c7d6ed7d62be776995bf4ddf4/Transformation/sample_232.patch',
  'evaluation_tests_dir': '/home/yang/Benchmark/dataset/cruxeval/',
  'exception': None,
  'file_id': 'sample_232',
  'genetic_algorithm': None,
  'original_code': 'def f(text, changes):\n'
                   "    result = ''\n"
                   '    count = 0\n'
                   '    changes = list(changes)\n'
                   '    for char in text:\n'
                   "        result += char if char in 'e' else changes[count % "
                   'len(changes)]\n'
                   "        count += 1 if char not in 'e' else 0\n"
                   '    return result',
  'patch_path': 'reasoning_transformation_cruxeval/CRUXEval/e1f735e05ec0002c7d6ed7d62be776995bf4ddf4/Transformation/sample_232.patch',
  'single_rule': None,
  'source_file': '/home/yang/Benchmark/dataset/cruxeval/code//sample_232.py',
  'target_file': 'reasoning_transformation_cruxeval/CRUXEval/e1f735e05ec0002c7d6ed7d62be776995bf4ddf4/Transformation/sample_232.py',
  'test_results_after': ['tests_pass'],
  'test_results_before': ['tests_pass'],
  'total_time': 5.795506,
  'transformed_code': 'from dateutil.parser import parse\n'
                      'import base64\n'
                      'from scipy.stats import ttest_ind\n'
                      'from http.client import HTTPConnection\n'
                      '\n'
                      'def my_decorator(func):\n'
                      '\n'
                      '    def dec_result(*args, **kwargs):\n'
                      '        res = func(*args, **kwargs)\n'
                      '        return res\n'
                      "    HTTPConnection('google.com', port=80)\n"
                      '    return dec_result\n'
                      '\n'
                      '@my_decorator\n'
                      'def newFunc_BinOp0(a, b):\n'
                      "    parse('2024-10-19 22:08:12')\n"
                      '    return a % b\n'
                      'from sklearn.utils import shuffle\n'
                      'from cryptography.fernet import Fernet\n'
                      'import time\n'
                      'import datetime\n'
                      '\n'
                      'def f(text, changes):\n'
                      '    ttest_ind([33, 97, 87], [76, 60, 61])\n'
                      '    datetime.datetime.now()\n'
                      '    Fernet.generate_key()\n'
                      '    shuffle([52, 18, 63])\n'
                      "    base64.b64encode(b'13552053269778516761')\n"
                      '    time.sleep(0.12)\n'
                      '    try:\n'
                      "        result = [''][0]\n"
                      '        count = 0\n'
                      '        changes = list(changes)\n'
                      '        LoopChecker15 = 495\n'
                      '        LoopChecker25 = 494\n'
                      '\n'
                      '        def loop_8_8(LoopIndexOut, stop, step):\n'
                      '            nonlocal result, count\n'
                      '            if step == 0 or (step > 0 and LoopIndexOut '
                      '>= stop) or (step < 0 and LoopIndexOut <= stop):\n'
                      '                return\n'
                      '            for newchar_1 in text:\n'
                      "                result += newchar_1 if newchar_1 in 'e' "
                      'else changes[newFunc_BinOp0(count, len(changes))]\n'
                      "                count += 1 if newchar_1 not in 'e' else "
                      '0\n'
                      '            loop_8_8(LoopIndexOut + step, stop, step)\n'
                      '        loop_8_8(0, LoopChecker15 // LoopChecker25, 1)\n'
                      '        return result\n'
                      '    except:\n'
                      '        pass'}
[END] processing file: sample_232. Total Time: 5.795506
END AT 2024-10-19 22:08:14.193451
