STARTING AT 2024-10-19 22:33:27.108432
[START] processing file: sample_446
*Running tests for: sample_446
 
Result: ['tests_pass']
tests_pass sample_446 /home/yang/Benchmark/dataset/cruxeval/code//sample_446.py
Apply all rules on a single file.
Checking transformation add_nested_if
*Running tests for: sample_446
 
Result: ['tests_pass']
Checking transformation add_nested_list
*Running tests for: sample_446
 
Result: ['tests_pass']
Checking transformation add_datetime
*Running tests for: sample_446
 
Result: ['tests_pass']
Checking transformation add_time
*Running tests for: sample_446
 
Result: ['tests_pass']
Checking transformation create_functions
*Running tests for: sample_446
 
Result: ['tests_pass']
Checking transformation add_decorator
*Running tests for: sample_446
 
Result: ['tests_pass']
Checking transformation add_http
*Running tests for: sample_446
 
Result: ['tests_pass']
Checking transformation add_scipy
*Running tests for: sample_446
 
Result: ['tests_pass']
Checking transformation add_base64
*Running tests for: sample_446
 
Result: ['tests_pass']
Checking transformation add_dateutil
*Running tests for: sample_446
 
Result: ['tests_pass']
The file 'reasoning_transformation_cruxeval/CRUXEval/e1f735e05ec0002c7d6ed7d62be776995bf4ddf4/Transformation/sample_446.py' has been formatted successfully.
Checking reasoning_transformation_cruxeval/CRUXEval/e1f735e05ec0002c7d6ed7d62be776995bf4ddf4/Transformation/sample_446.py
*Running tests for: sample_446
 
Result: ['tests_pass']
{ 'applicable_rules': [ 'change_var_names',
                        'add_nested_if',
                        'add_try_except_inside_functions',
                        'add_nested_list',
                        'add_datetime',
                        'add_time',
                        'add_crypto',
                        'add_sklearn',
                        'create_functions',
                        'add_decorator',
                        'add_http',
                        'add_scipy',
                        'add_base64',
                        'add_dateutil'],
  'diff_output': 'reasoning_transformation_cruxeval/CRUXEval/e1f735e05ec0002c7d6ed7d62be776995bf4ddf4/Transformation/sample_446.patch',
  'evaluation_tests_dir': '/home/yang/Benchmark/dataset/cruxeval/',
  'exception': None,
  'file_id': 'sample_446',
  'genetic_algorithm': None,
  'original_code': 'def f(array):\n'
                   '    l = len(array)\n'
                   '    if l % 2 == 0:\n'
                   '        array.clear()\n'
                   '    else:\n'
                   '        array.reverse()\n'
                   '    return array',
  'patch_path': 'reasoning_transformation_cruxeval/CRUXEval/e1f735e05ec0002c7d6ed7d62be776995bf4ddf4/Transformation/sample_446.patch',
  'single_rule': None,
  'source_file': '/home/yang/Benchmark/dataset/cruxeval/code//sample_446.py',
  'target_file': 'reasoning_transformation_cruxeval/CRUXEval/e1f735e05ec0002c7d6ed7d62be776995bf4ddf4/Transformation/sample_446.py',
  'test_results_after': ['tests_pass'],
  'test_results_before': ['tests_pass'],
  'total_time': 5.801044,
  'transformed_code': 'from dateutil.parser import parse\n'
                      'import base64\n'
                      'from scipy.stats import ttest_ind\n'
                      'from http.client import HTTPConnection\n'
                      '\n'
                      'def my_decorator(func):\n'
                      '    ttest_ind([52, 4, 75], [59, 59, 58])\n'
                      '\n'
                      '    def dec_result(*args, **kwargs):\n'
                      '        res = func(*args, **kwargs)\n'
                      '        return res\n'
                      '    return dec_result\n'
                      '\n'
                      '@my_decorator\n'
                      'def newFunc_BinOp0(a, b):\n'
                      "    HTTPConnection('google.com', port=80)\n"
                      "    parse('2024-10-19 22:33:31')\n"
                      '    return a & b\n'
                      'from sklearn.utils import shuffle\n'
                      'from cryptography.fernet import Fernet\n'
                      'import time\n'
                      'import datetime\n'
                      '\n'
                      'def f(array):\n'
                      '    shuffle([31, 94, 7])\n'
                      '    Fernet.generate_key()\n'
                      "    base64.b64encode(b'55785880557853639412')\n"
                      '    time.sleep(0.18)\n'
                      '    datetime.datetime.now()\n'
                      '    try:\n'
                      '        ConditionChecker13 = [580][0]\n'
                      '        ConditionChecker23 = 826\n'
                      '        newl_1 = len(array)\n'
                      '        if newFunc_BinOp0(ConditionChecker13, '
                      'ConditionChecker23):\n'
                      '            if newl_1 % 2 == 0:\n'
                      '                array.clear()\n'
                      '            else:\n'
                      '                array.reverse()\n'
                      '        return array\n'
                      '    except:\n'
                      '        pass'}
[END] processing file: sample_446. Total Time: 5.801044
END AT 2024-10-19 22:33:32.911517
