STARTING AT 2024-10-19 23:07:45.298448
[START] processing file: sample_787
*Running tests for: sample_787
 
Result: ['tests_pass']
tests_pass sample_787 /home/yang/Benchmark/dataset/cruxeval/code//sample_787.py
Apply all rules on a single file.
Checking transformation add_nested_if
*Running tests for: sample_787
 
Result: ['tests_pass']
Checking transformation add_nested_list
*Running tests for: sample_787
 
Result: ['tests_pass']
Checking transformation add_datetime
*Running tests for: sample_787
 
Result: ['tests_pass']
Checking transformation add_time
*Running tests for: sample_787
 
Result: ['tests_pass']
def newFunc_8472(arg0, arg1):
    return arg0 + arg1
Checking transformation create_functions
*Running tests for: sample_787
 
Result: ['tests_pass']
Checking transformation add_decorator
*Running tests for: sample_787
 
Result: ['tests_pass']
Checking transformation add_http
*Running tests for: sample_787
 
Result: ['tests_pass']
Checking transformation add_scipy
*Running tests for: sample_787
 
Result: ['tests_pass']
Checking transformation add_base64
*Running tests for: sample_787
 
Result: ['tests_pass']
Checking transformation add_dateutil
*Running tests for: sample_787
 
Result: ['tests_pass']
The file 'reasoning_transformation_cruxeval/CRUXEval/e1f735e05ec0002c7d6ed7d62be776995bf4ddf4/Transformation/sample_787.py' has been formatted successfully.
Checking reasoning_transformation_cruxeval/CRUXEval/e1f735e05ec0002c7d6ed7d62be776995bf4ddf4/Transformation/sample_787.py
*Running tests for: sample_787
 
Result: ['tests_pass']
{ 'applicable_rules': [ 'change_var_names',
                        'add_nested_if',
                        'add_try_except_inside_functions',
                        'add_nested_list',
                        'add_datetime',
                        'add_time',
                        'add_crypto',
                        'add_sklearn',
                        'create_functions',
                        'add_decorator',
                        'add_http',
                        'add_scipy',
                        'add_base64',
                        'add_dateutil'],
  'diff_output': 'reasoning_transformation_cruxeval/CRUXEval/e1f735e05ec0002c7d6ed7d62be776995bf4ddf4/Transformation/sample_787.patch',
  'evaluation_tests_dir': '/home/yang/Benchmark/dataset/cruxeval/',
  'exception': None,
  'file_id': 'sample_787',
  'genetic_algorithm': None,
  'original_code': 'def f(text):\n'
                   '    if len(text) == 0:\n'
                   "        return ''\n"
                   '    text = text.lower()\n'
                   '    return text[0].upper() + text[1:]',
  'patch_path': 'reasoning_transformation_cruxeval/CRUXEval/e1f735e05ec0002c7d6ed7d62be776995bf4ddf4/Transformation/sample_787.patch',
  'single_rule': None,
  'source_file': '/home/yang/Benchmark/dataset/cruxeval/code//sample_787.py',
  'target_file': 'reasoning_transformation_cruxeval/CRUXEval/e1f735e05ec0002c7d6ed7d62be776995bf4ddf4/Transformation/sample_787.py',
  'test_results_after': ['tests_pass'],
  'test_results_before': ['tests_pass'],
  'total_time': 6.318839,
  'transformed_code': 'from dateutil.parser import parse\n'
                      'import base64\n'
                      'from scipy.stats import ttest_ind\n'
                      'from http.client import HTTPConnection\n'
                      '\n'
                      'def my_decorator(func):\n'
                      '\n'
                      '    def dec_result(*args, **kwargs):\n'
                      '        res = func(*args, **kwargs)\n'
                      '        return res\n'
                      '    return dec_result\n'
                      '\n'
                      '@my_decorator\n'
                      'def newFunc_8472(arg0, arg1):\n'
                      '    ttest_ind([92, 2, 24], [21, 13, 41])\n'
                      '    return arg0 + arg1\n'
                      'from sklearn.utils import shuffle\n'
                      'from cryptography.fernet import Fernet\n'
                      'import time\n'
                      'import datetime\n'
                      '\n'
                      'def f(newtext_1):\n'
                      '    Fernet.generate_key()\n'
                      "    HTTPConnection('google.com', port=80)\n"
                      '    datetime.datetime.now()\n'
                      '    time.sleep(0.21)\n'
                      "    base64.b64encode(b'90795519085539754431')\n"
                      '    shuffle([38, 98, 10])\n'
                      "    parse('2024-10-19 23:07:49')\n"
                      '    try:\n'
                      '        ConditionChecker12 = [455][0]\n'
                      '        ConditionChecker22 = 357\n'
                      '        if ConditionChecker12 & ConditionChecker22:\n'
                      '            if len(newtext_1) == 0:\n'
                      "                return ''\n"
                      '        newtext_1 = newtext_1.lower()\n'
                      '        return newFunc_8472(newtext_1[0].upper(), '
                      'newtext_1[1:])\n'
                      '    except:\n'
                      '        pass'}
[END] processing file: sample_787. Total Time: 6.318839
END AT 2024-10-19 23:07:51.619355
