STARTING AT 2024-10-19 22:53:48.670175
[START] processing file: sample_650
*Running tests for: sample_650
 
Result: ['tests_pass']
tests_pass sample_650 /home/yang/Benchmark/dataset/cruxeval/code//sample_650.py
Apply all rules on a single file.
Checking transformation add_nested_while_out
*Running tests for: sample_650
 
Result: ['tests_pass']
Checking transformation add_nested_list
*Running tests for: sample_650
 
Result: ['tests_pass']
Checking transformation add_datetime
*Running tests for: sample_650
 
Result: ['tests_pass']
Checking transformation add_time
*Running tests for: sample_650
 
Result: ['tests_pass']
Checking transformation create_functions
*Running tests for: sample_650
 
Result: ['tests_pass']
Checking transformation add_decorator
*Running tests for: sample_650
 
Result: ['tests_pass']
Checking transformation add_http
*Running tests for: sample_650
 
Result: ['tests_pass']
Checking transformation add_scipy
*Running tests for: sample_650
 
Result: ['tests_pass']
Checking transformation add_base64
*Running tests for: sample_650
 
Result: ['tests_pass']
Checking transformation add_dateutil
*Running tests for: sample_650
 
Result: ['tests_pass']
The file 'reasoning_transformation_cruxeval/CRUXEval/e1f735e05ec0002c7d6ed7d62be776995bf4ddf4/Transformation/sample_650.py' has been formatted successfully.
Checking reasoning_transformation_cruxeval/CRUXEval/e1f735e05ec0002c7d6ed7d62be776995bf4ddf4/Transformation/sample_650.py
*Running tests for: sample_650
 
Result: ['tests_pass']
{ 'applicable_rules': [ 'change_var_names',
                        'add_nested_while_out',
                        'add_try_except_inside_functions',
                        'add_else_to_while',
                        'add_nested_list',
                        'add_datetime',
                        'add_time',
                        'add_crypto',
                        'add_sklearn',
                        'create_functions',
                        'add_decorator',
                        'add_http',
                        'add_scipy',
                        'add_base64',
                        'add_dateutil',
                        'changing_AugAssign'],
  'diff_output': 'reasoning_transformation_cruxeval/CRUXEval/e1f735e05ec0002c7d6ed7d62be776995bf4ddf4/Transformation/sample_650.patch',
  'evaluation_tests_dir': '/home/yang/Benchmark/dataset/cruxeval/',
  'exception': None,
  'file_id': 'sample_650',
  'genetic_algorithm': None,
  'original_code': 'def f(string, substring):\n'
                   '    while string.startswith(substring):\n'
                   '        string = string[len(substring):len(string)]\n'
                   '    return string',
  'patch_path': 'reasoning_transformation_cruxeval/CRUXEval/e1f735e05ec0002c7d6ed7d62be776995bf4ddf4/Transformation/sample_650.patch',
  'single_rule': None,
  'source_file': '/home/yang/Benchmark/dataset/cruxeval/code//sample_650.py',
  'target_file': 'reasoning_transformation_cruxeval/CRUXEval/e1f735e05ec0002c7d6ed7d62be776995bf4ddf4/Transformation/sample_650.py',
  'test_results_after': ['tests_pass'],
  'test_results_before': ['tests_pass'],
  'total_time': 5.09595,
  'transformed_code': 'from dateutil.parser import parse\n'
                      'import base64\n'
                      'from scipy.stats import ttest_ind\n'
                      'from http.client import HTTPConnection\n'
                      '\n'
                      'def my_decorator(func):\n'
                      "    base64.b64encode(b'45226913218017470540')\n"
                      '\n'
                      '    def dec_result(*args, **kwargs):\n'
                      '        res = func(*args, **kwargs)\n'
                      '        return res\n'
                      '    ttest_ind([32, 49, 60], [34, 37, 92])\n'
                      '    return dec_result\n'
                      '\n'
                      '@my_decorator\n'
                      'def newFunc_BinOp0(a, b):\n'
                      '    return a % b\n'
                      'from sklearn.utils import shuffle\n'
                      'from cryptography.fernet import Fernet\n'
                      'import time\n'
                      'import datetime\n'
                      '\n'
                      'def f(newstring_1, substring):\n'
                      '    Fernet.generate_key()\n'
                      '    time.sleep(0.08)\n'
                      '    datetime.datetime.now()\n'
                      "    HTTPConnection('google.com', port=80)\n"
                      "    parse('2024-10-19 22:53:52')\n"
                      '    shuffle([52, 99, 59])\n'
                      '    try:\n'
                      '        whileloopchecker12 = [709][0]\n'
                      '        whileloopchecker22 = 708\n'
                      '        while newFunc_BinOp0(whileloopchecker12, '
                      'whileloopchecker22) == 1:\n'
                      '            whileloopchecker12 = whileloopchecker12 + '
                      '1\n'
                      '            while newstring_1.startswith(substring):\n'
                      '                newstring_1 = '
                      'newstring_1[len(substring):len(newstring_1)]\n'
                      '        else:\n'
                      '            pass\n'
                      '        return newstring_1\n'
                      '    except:\n'
                      '        pass'}
[END] processing file: sample_650. Total Time: 5.09595
END AT 2024-10-19 22:53:53.768169
