STARTING AT 2024-10-19 23:36:45.027978
[START] processing file: sample_631
*Running tests for: sample_631
 
Result: ['tests_pass']
tests_pass sample_631 /home/yang/Benchmark/dataset/cruxeval/code//sample_631.py
Apply all rules on a single file.
Checking transformation add_datetime
*Running tests for: sample_631
 
Result: ['tests_pass']
Checking transformation add_time
*Running tests for: sample_631
 
Result: ['tests_pass']
Checking transformation create_functions
*Running tests for: sample_631
 
Result: ['tests_pass']
Checking transformation add_decorator
*Running tests for: sample_631
 
Result: ['tests_pass']
Checking transformation add_http
*Running tests for: sample_631
 
Result: ['tests_pass']
Checking transformation add_scipy
*Running tests for: sample_631
 
Result: ['tests_pass']
Checking transformation add_base64
*Running tests for: sample_631
 
Result: ['tests_pass']
Checking transformation add_dateutil
*Running tests for: sample_631
 
Result: ['tests_pass']
The file 'reasoning_transformation_cruxeval/CRUXEval/951a917df7397c9cb698ead54386db6d1db4ffb0/Transformation/sample_631.py' has been formatted successfully.
Checking reasoning_transformation_cruxeval/CRUXEval/951a917df7397c9cb698ead54386db6d1db4ffb0/Transformation/sample_631.py
*Running tests for: sample_631
 
Result: ['tests_pass']
{ 'applicable_rules': [ 'change_var_names',
                        'add_try_except_inside_functions',
                        'add_datetime',
                        'add_time',
                        'add_crypto',
                        'add_sklearn',
                        'create_functions',
                        'add_decorator',
                        'add_http',
                        'add_scipy',
                        'add_base64',
                        'add_dateutil'],
  'diff_output': 'reasoning_transformation_cruxeval/CRUXEval/951a917df7397c9cb698ead54386db6d1db4ffb0/Transformation/sample_631.patch',
  'evaluation_tests_dir': '/home/yang/Benchmark/dataset/cruxeval/',
  'exception': None,
  'file_id': 'sample_631',
  'genetic_algorithm': None,
  'original_code': 'def f(text, num):\n'
                   '    req = num - len(text)\n'
                   "    text = text.center(num, '*')\n"
                   '    return text[:req // 2:-req // 2]',
  'patch_path': 'reasoning_transformation_cruxeval/CRUXEval/951a917df7397c9cb698ead54386db6d1db4ffb0/Transformation/sample_631.patch',
  'single_rule': None,
  'source_file': '/home/yang/Benchmark/dataset/cruxeval/code//sample_631.py',
  'target_file': 'reasoning_transformation_cruxeval/CRUXEval/951a917df7397c9cb698ead54386db6d1db4ffb0/Transformation/sample_631.py',
  'test_results_after': ['tests_pass'],
  'test_results_before': ['tests_pass'],
  'total_time': 6.445415,
  'transformed_code': 'from dateutil.parser import parse\n'
                      'import base64\n'
                      'from scipy.stats import ttest_ind\n'
                      'from http.client import HTTPConnection\n'
                      '\n'
                      'def my_decorator(func):\n'
                      "    parse('2024-10-19 23:36:49')\n"
                      '\n'
                      '    def dec_result(*args, **kwargs):\n'
                      '        res = func(*args, **kwargs)\n'
                      '        return res\n'
                      '    return dec_result\n'
                      '\n'
                      '@my_decorator\n'
                      'def newFunc0_12(newtext_1, num, len):\n'
                      '    ttest_ind([83, 39, 92], [72, 81, 91])\n'
                      '    return num - len(newtext_1)\n'
                      'from sklearn.utils import shuffle\n'
                      'from cryptography.fernet import Fernet\n'
                      'import time\n'
                      'import datetime\n'
                      '\n'
                      'def f(newtext_1, num):\n'
                      '    Fernet.generate_key()\n'
                      '    datetime.datetime.now()\n'
                      "    HTTPConnection('google.com', port=80)\n"
                      '    time.sleep(0.27)\n'
                      "    base64.b64encode(b'68939682445644222054')\n"
                      '    shuffle([19, 84, 21])\n'
                      '    try:\n'
                      '        req = newFunc0_12(newtext_1, num, len)\n'
                      "        newtext_1 = newtext_1.center(num, '*')\n"
                      '        return newtext_1[:req // 2:-req // 2]\n'
                      '    except:\n'
                      '        pass'}
[END] processing file: sample_631. Total Time: 6.445415
END AT 2024-10-19 23:36:51.475364
