STARTING AT 2024-10-19 23:42:09.890196
[START] processing file: sample_85
*Running tests for: sample_85
 
Result: ['tests_pass']
tests_pass sample_85 /home/yang/Benchmark/dataset/cruxeval/code//sample_85.py
Apply all rules on a single file.
Checking transformation add_nested_for_out
*Running tests for: sample_85
 
Result: ['tests_pass']
Checking transformation add_nested_if
*Running tests for: sample_85
 
Result: ['tests_pass']
Checking transformation add_nested_list
*Running tests for: sample_85
 
Result: ['tests_pass']
Checking transformation transform_range_to_recursion
*Running tests for: sample_85
 
Result: ['tests_pass']
Checking transformation replace_with_numpy
*Running tests for: sample_85
 Traceback (most recent call last):
  File "/home/yang/Benchmark/.tmp_test/tmp_test.pysample_85", line 24, in <module>
    assert f(12) == [3, 4.5]
ValueError: The truth value of an array with more than one element is ambiguous. Use a.any() or a.all()

output_actual, stderr_data: ('', b'Traceback (most recent call last):\n  File "/home/yang/Benchmark/.tmp_test/tmp_test.pysample_85", line 24, in <module>\n    assert f(12) == [3, 4.5]\nValueError: The truth value of an array with more than one element is ambiguous. Use a.any() or a.all()\n')
Result: ['error_or_timeout']
Drop replace_with_numpy due to ['error_or_timeout']
Checking transformation add_datetime
*Running tests for: sample_85
 
Result: ['tests_pass']
Checking transformation add_time
*Running tests for: sample_85
 
Result: ['tests_pass']
Checking transformation create_functions
*Running tests for: sample_85
 
Result: ['tests_pass']
Checking transformation add_decorator
*Running tests for: sample_85
 
Result: ['tests_pass']
Checking transformation add_http
*Running tests for: sample_85
 
Result: ['tests_pass']
Checking transformation add_scipy
*Running tests for: sample_85
 
Result: ['tests_pass']
Checking transformation add_base64
*Running tests for: sample_85
 
Result: ['tests_pass']
Checking transformation add_dateutil
*Running tests for: sample_85
 
Result: ['tests_pass']
The file 'reasoning_transformation_cruxeval/CRUXEval/951a917df7397c9cb698ead54386db6d1db4ffb0/Transformation/sample_85.py' has been formatted successfully.
Checking reasoning_transformation_cruxeval/CRUXEval/951a917df7397c9cb698ead54386db6d1db4ffb0/Transformation/sample_85.py
*Running tests for: sample_85
 
Result: ['tests_pass']
{ 'applicable_rules': [ 'change_var_names',
                        'add_nested_for_out',
                        'add_nested_if',
                        'add_try_except_inside_functions',
                        'add_else_to_for',
                        'add_nested_list',
                        'transform_range_to_recursion',
                        'add_datetime',
                        'add_time',
                        'add_crypto',
                        'add_sklearn',
                        'create_functions',
                        'add_decorator',
                        'add_http',
                        'add_scipy',
                        'add_base64',
                        'add_dateutil'],
  'diff_output': 'reasoning_transformation_cruxeval/CRUXEval/951a917df7397c9cb698ead54386db6d1db4ffb0/Transformation/sample_85.patch',
  'evaluation_tests_dir': '/home/yang/Benchmark/dataset/cruxeval/',
  'exception': None,
  'file_id': 'sample_85',
  'genetic_algorithm': None,
  'original_code': 'def f(n):\n'
                   "    values = {0: 3, 1: 4.5, 2: '-'}\n"
                   '    res = {}\n'
                   '    for (i, j) in values.items():\n'
                   '        if i % n != 2:\n'
                   '            res[j] = n // 2\n'
                   '    return sorted(res)',
  'patch_path': 'reasoning_transformation_cruxeval/CRUXEval/951a917df7397c9cb698ead54386db6d1db4ffb0/Transformation/sample_85.patch',
  'single_rule': None,
  'source_file': '/home/yang/Benchmark/dataset/cruxeval/code//sample_85.py',
  'target_file': 'reasoning_transformation_cruxeval/CRUXEval/951a917df7397c9cb698ead54386db6d1db4ffb0/Transformation/sample_85.py',
  'test_results_after': ['tests_pass'],
  'test_results_before': ['tests_pass'],
  'total_time': 6.757041,
  'transformed_code': 'from dateutil.parser import parse\n'
                      'import base64\n'
                      'from scipy.stats import ttest_ind\n'
                      'from http.client import HTTPConnection\n'
                      '\n'
                      'def my_decorator(func):\n'
                      '\n'
                      '    def dec_result(*args, **kwargs):\n'
                      '        res = func(*args, **kwargs)\n'
                      '        return res\n'
                      "    parse('2024-10-19 23:42:14')\n"
                      '    return dec_result\n'
                      '\n'
                      '@my_decorator\n'
                      'def newFunc0_25(variable_3_25, n):\n'
                      "    HTTPConnection('google.com', port=80)\n"
                      "    base64.b64encode(b'24664793930957857202')\n"
                      '    return n // variable_3_25\n'
                      'from sklearn.utils import shuffle\n'
                      'from cryptography.fernet import Fernet\n'
                      'import time\n'
                      'import datetime\n'
                      '\n'
                      'def f(n):\n'
                      '    Fernet.generate_key()\n'
                      '    shuffle([74, 62, 22])\n'
                      '    ttest_ind([77, 24, 2], [51, 40, 36])\n'
                      '    datetime.datetime.now()\n'
                      '    time.sleep(0.22)\n'
                      '    try:\n'
                      "        values = {0: 3, 1: 4.5, 2: '-'}\n"
                      '        res = {}\n'
                      '        LoopChecker14 = [675][0]\n'
                      '        LoopChecker24 = 674\n'
                      '        ConditionChecker18 = 523\n'
                      '        ConditionChecker28 = 771\n'
                      '\n'
                      '        def loop_9_8(LoopIndexOut, stop, step):\n'
                      '            if step == 0 or (step > 0 and LoopIndexOut '
                      '>= stop) or (step < 0 and LoopIndexOut <= stop):\n'
                      '                return\n'
                      '            for (newi_1, j) in values.items():\n'
                      '                if ConditionChecker18 & '
                      'ConditionChecker28:\n'
                      '                    if newi_1 % n != 2:\n'
                      '                        variable_3_25 = 2\n'
                      '                        res[j] = '
                      'newFunc0_25(variable_3_25, n)\n'
                      '            loop_9_8(LoopIndexOut + step, stop, step)\n'
                      '        loop_9_8(0, LoopChecker14 // LoopChecker24, 1)\n'
                      '        return sorted(res)\n'
                      '    except:\n'
                      '        pass'}
[END] processing file: sample_85. Total Time: 6.757041
END AT 2024-10-19 23:42:16.648442
