STARTING AT 2024-10-19 22:07:20.620697
[START] processing file: sample_226
*Running tests for: sample_226
 
Result: ['tests_pass']
tests_pass sample_226 /home/yang/Benchmark/dataset/cruxeval/code//sample_226.py
Apply all rules on a single file.
Checking transformation add_nested_for_out
*Running tests for: sample_226
 
Result: ['tests_pass']
Checking transformation add_nested_if
*Running tests for: sample_226
 
Result: ['tests_pass']
Checking transformation add_nested_list
*Running tests for: sample_226
 
Result: ['tests_pass']
Checking transformation transform_range_to_recursion
*Running tests for: sample_226
 
Result: ['tests_pass']
Checking transformation add_datetime
*Running tests for: sample_226
 
Result: ['tests_pass']
Checking transformation add_time
*Running tests for: sample_226
 
Result: ['tests_pass']
Checking transformation create_functions
*Running tests for: sample_226
 
Result: ['tests_pass']
Checking transformation add_decorator
*Running tests for: sample_226
 
Result: ['tests_pass']
Checking transformation add_http
*Running tests for: sample_226
 
Result: ['tests_pass']
Checking transformation add_scipy
*Running tests for: sample_226
 
Result: ['tests_pass']
Checking transformation add_base64
*Running tests for: sample_226
 
Result: ['tests_pass']
Checking transformation add_dateutil
*Running tests for: sample_226
 
Result: ['tests_pass']
The file 'reasoning_transformation_cruxeval/CRUXEval/e1f735e05ec0002c7d6ed7d62be776995bf4ddf4/Transformation/sample_226.py' has been formatted successfully.
Checking reasoning_transformation_cruxeval/CRUXEval/e1f735e05ec0002c7d6ed7d62be776995bf4ddf4/Transformation/sample_226.py
*Running tests for: sample_226
 
Result: ['tests_pass']
{ 'applicable_rules': [ 'change_var_names',
                        'add_nested_for_out',
                        'add_nested_if',
                        'add_try_except_inside_functions',
                        'add_else_to_for',
                        'add_nested_list',
                        'transform_range_to_recursion',
                        'add_datetime',
                        'add_time',
                        'add_crypto',
                        'add_sklearn',
                        'create_functions',
                        'add_decorator',
                        'add_http',
                        'add_scipy',
                        'add_base64',
                        'add_dateutil'],
  'diff_output': 'reasoning_transformation_cruxeval/CRUXEval/e1f735e05ec0002c7d6ed7d62be776995bf4ddf4/Transformation/sample_226.patch',
  'evaluation_tests_dir': '/home/yang/Benchmark/dataset/cruxeval/',
  'exception': None,
  'file_id': 'sample_226',
  'genetic_algorithm': None,
  'original_code': 'def f(nums):\n'
                   '    for i in range(len(nums)):\n'
                   '        if nums[i] % 3 == 0:\n'
                   '            nums.append(nums[i])\n'
                   '    return nums',
  'patch_path': 'reasoning_transformation_cruxeval/CRUXEval/e1f735e05ec0002c7d6ed7d62be776995bf4ddf4/Transformation/sample_226.patch',
  'single_rule': None,
  'source_file': '/home/yang/Benchmark/dataset/cruxeval/code//sample_226.py',
  'target_file': 'reasoning_transformation_cruxeval/CRUXEval/e1f735e05ec0002c7d6ed7d62be776995bf4ddf4/Transformation/sample_226.py',
  'test_results_after': ['tests_pass'],
  'test_results_before': ['tests_pass'],
  'total_time': 6.637159,
  'transformed_code': 'from dateutil.parser import parse\n'
                      'import base64\n'
                      'from scipy.stats import ttest_ind\n'
                      'from http.client import HTTPConnection\n'
                      '\n'
                      'def my_decorator(func):\n'
                      '\n'
                      '    def dec_result(*args, **kwargs):\n'
                      '        res = func(*args, **kwargs)\n'
                      '        return res\n'
                      '    return dec_result\n'
                      '\n'
                      '@my_decorator\n'
                      'def newFunc_BinOp0(a, b):\n'
                      "    base64.b64encode(b'03285781225966789466')\n"
                      "    parse('2024-10-19 22:07:25')\n"
                      "    HTTPConnection('google.com', port=80)\n"
                      '    return a // b\n'
                      'from sklearn.utils import shuffle\n'
                      'from cryptography.fernet import Fernet\n'
                      'import time\n'
                      'import datetime\n'
                      '\n'
                      'def f(nums):\n'
                      '    Fernet.generate_key()\n'
                      '    datetime.datetime.now()\n'
                      '    time.sleep(0.25)\n'
                      '    shuffle([73, 94, 36])\n'
                      '    ttest_ind([3, 52, 16], [33, 44, 67])\n'
                      '    try:\n'
                      '        LoopChecker12 = [959][0]\n'
                      '        LoopChecker22 = 958\n'
                      '        ConditionChecker16 = 734\n'
                      '        ConditionChecker26 = 922\n'
                      '        for LoopIndexOut in '
                      'range(newFunc_BinOp0(LoopChecker12, LoopChecker22)):\n'
                      '\n'
                      '            def loop_8_12(newi_1, stop, step):\n'
                      '                if step == 0 or (step > 0 and newi_1 >= '
                      'stop) or (step < 0 and newi_1 <= stop):\n'
                      '                    return\n'
                      '                if ConditionChecker16 & '
                      'ConditionChecker26:\n'
                      '                    if nums[newi_1] % 3 == 0:\n'
                      '                        nums.append(nums[newi_1])\n'
                      '                loop_8_12(newi_1 + step, stop, step)\n'
                      '            loop_8_12(0, len(nums), 1)\n'
                      '        else:\n'
                      '            pass\n'
                      '        return nums\n'
                      '    except:\n'
                      '        pass'}
[END] processing file: sample_226. Total Time: 6.637159
END AT 2024-10-19 22:07:27.260068
