STARTING AT 2024-10-19 23:03:27.651264
[START] processing file: sample_74
*Running tests for: sample_74
 
Result: ['tests_pass']
tests_pass sample_74 /home/yang/Benchmark/dataset/cruxeval/code//sample_74.py
Apply all rules on a single file.
Checking transformation add_datetime
*Running tests for: sample_74
 
Result: ['tests_pass']
Checking transformation add_time
*Running tests for: sample_74
 
Result: ['tests_pass']
Checking transformation add_decorator
*Running tests for: sample_74
 
Result: ['tests_pass']
Checking transformation add_http
*Running tests for: sample_74
 
Result: ['tests_pass']
Checking transformation add_scipy
*Running tests for: sample_74
 
Result: ['tests_pass']
Checking transformation add_base64
*Running tests for: sample_74
 
Result: ['tests_pass']
Checking transformation add_dateutil
*Running tests for: sample_74
 
Result: ['tests_pass']
The file 'reasoning_transformation_cruxeval/CRUXEval/e1f735e05ec0002c7d6ed7d62be776995bf4ddf4/Transformation/sample_74.py' has been formatted successfully.
Checking reasoning_transformation_cruxeval/CRUXEval/e1f735e05ec0002c7d6ed7d62be776995bf4ddf4/Transformation/sample_74.py
*Running tests for: sample_74
 
Result: ['tests_pass']
{ 'applicable_rules': [ 'add_try_except_inside_functions',
                        'add_datetime',
                        'add_time',
                        'add_crypto',
                        'add_sklearn',
                        'add_decorator',
                        'add_http',
                        'add_scipy',
                        'add_base64',
                        'add_dateutil'],
  'diff_output': 'reasoning_transformation_cruxeval/CRUXEval/e1f735e05ec0002c7d6ed7d62be776995bf4ddf4/Transformation/sample_74.patch',
  'evaluation_tests_dir': '/home/yang/Benchmark/dataset/cruxeval/',
  'exception': None,
  'file_id': 'sample_74',
  'genetic_algorithm': None,
  'original_code': 'def f(lst, i, n):\n    lst.insert(i, n)\n    return lst',
  'patch_path': 'reasoning_transformation_cruxeval/CRUXEval/e1f735e05ec0002c7d6ed7d62be776995bf4ddf4/Transformation/sample_74.patch',
  'single_rule': None,
  'source_file': '/home/yang/Benchmark/dataset/cruxeval/code//sample_74.py',
  'target_file': 'reasoning_transformation_cruxeval/CRUXEval/e1f735e05ec0002c7d6ed7d62be776995bf4ddf4/Transformation/sample_74.py',
  'test_results_after': ['tests_pass'],
  'test_results_before': ['tests_pass'],
  'total_time': 4.888385,
  'transformed_code': 'from dateutil.parser import parse\n'
                      'import base64\n'
                      'from scipy.stats import ttest_ind\n'
                      'from http.client import HTTPConnection\n'
                      '\n'
                      'def my_decorator(func):\n'
                      '\n'
                      '    def dec_result(*args, **kwargs):\n'
                      '        res = func(*args, **kwargs)\n'
                      '        return res\n'
                      "    base64.b64encode(b'89047473932703956659')\n"
                      '    ttest_ind([97, 45, 4], [73, 11, 49])\n'
                      '    return dec_result\n'
                      'from sklearn.utils import shuffle\n'
                      'from cryptography.fernet import Fernet\n'
                      'import time\n'
                      'import datetime\n'
                      '\n'
                      '@my_decorator\n'
                      'def f(lst, i, n):\n'
                      "    parse('2024-10-19 23:03:30')\n"
                      "    HTTPConnection('google.com', port=80)\n"
                      '    Fernet.generate_key()\n'
                      '    shuffle([95, 76, 39])\n'
                      '    datetime.datetime.now()\n'
                      '    time.sleep(0.17)\n'
                      '    try:\n'
                      '        lst.insert(i, n)\n'
                      '        return lst\n'
                      '    except:\n'
                      '        pass'}
[END] processing file: sample_74. Total Time: 4.888385
END AT 2024-10-19 23:03:32.541531
