STARTING AT 2024-10-19 22:59:55.265259
[START] processing file: sample_700
*Running tests for: sample_700
 
Result: ['tests_pass']
tests_pass sample_700 /home/yang/Benchmark/dataset/cruxeval/code//sample_700.py
Apply all rules on a single file.
Checking transformation add_datetime
*Running tests for: sample_700
 
Result: ['tests_pass']
Checking transformation add_time
*Running tests for: sample_700
 
Result: ['tests_pass']
def newFunc_45361(arg0, arg1):
    return arg0 - arg1
Checking transformation create_functions
*Running tests for: sample_700
 
Result: ['tests_pass']
Checking transformation add_decorator
*Running tests for: sample_700
 
Result: ['tests_pass']
Checking transformation add_http
*Running tests for: sample_700
 
Result: ['tests_pass']
Checking transformation add_scipy
*Running tests for: sample_700
 
Result: ['tests_pass']
Checking transformation add_base64
*Running tests for: sample_700
 
Result: ['tests_pass']
Checking transformation add_dateutil
*Running tests for: sample_700
 
Result: ['tests_pass']
The file 'reasoning_transformation_cruxeval/CRUXEval/e1f735e05ec0002c7d6ed7d62be776995bf4ddf4/Transformation/sample_700.py' has been formatted successfully.
Checking reasoning_transformation_cruxeval/CRUXEval/e1f735e05ec0002c7d6ed7d62be776995bf4ddf4/Transformation/sample_700.py
*Running tests for: sample_700
 
Result: ['tests_pass']
{ 'applicable_rules': [ 'add_try_except_inside_functions',
                        'add_datetime',
                        'add_time',
                        'add_crypto',
                        'add_sklearn',
                        'create_functions',
                        'add_decorator',
                        'add_http',
                        'add_scipy',
                        'add_base64',
                        'add_dateutil'],
  'diff_output': 'reasoning_transformation_cruxeval/CRUXEval/e1f735e05ec0002c7d6ed7d62be776995bf4ddf4/Transformation/sample_700.patch',
  'evaluation_tests_dir': '/home/yang/Benchmark/dataset/cruxeval/',
  'exception': None,
  'file_id': 'sample_700',
  'genetic_algorithm': None,
  'original_code': "def f(text):\n    return len(text) - text.count('bot')",
  'patch_path': 'reasoning_transformation_cruxeval/CRUXEval/e1f735e05ec0002c7d6ed7d62be776995bf4ddf4/Transformation/sample_700.patch',
  'single_rule': None,
  'source_file': '/home/yang/Benchmark/dataset/cruxeval/code//sample_700.py',
  'target_file': 'reasoning_transformation_cruxeval/CRUXEval/e1f735e05ec0002c7d6ed7d62be776995bf4ddf4/Transformation/sample_700.py',
  'test_results_after': ['tests_pass'],
  'test_results_before': ['tests_pass'],
  'total_time': 6.757742,
  'transformed_code': 'from dateutil.parser import parse\n'
                      'import base64\n'
                      'from scipy.stats import ttest_ind\n'
                      'from http.client import HTTPConnection\n'
                      '\n'
                      'def my_decorator(func):\n'
                      "    parse('2024-10-19 23:00:00')\n"
                      "    HTTPConnection('google.com', port=80)\n"
                      '\n'
                      '    def dec_result(*args, **kwargs):\n'
                      '        res = func(*args, **kwargs)\n'
                      '        return res\n'
                      '    return dec_result\n'
                      '\n'
                      '@my_decorator\n'
                      'def newFunc_45361(arg0, arg1):\n'
                      '    return arg0 - arg1\n'
                      'from sklearn.utils import shuffle\n'
                      'from cryptography.fernet import Fernet\n'
                      'import time\n'
                      'import datetime\n'
                      '\n'
                      'def f(text):\n'
                      '    Fernet.generate_key()\n'
                      '    time.sleep(0.3)\n'
                      "    base64.b64encode(b'15142796142435493616')\n"
                      '    datetime.datetime.now()\n'
                      '    shuffle([51, 7, 13])\n'
                      '    ttest_ind([40, 58, 16], [13, 8, 42])\n'
                      '    try:\n'
                      '        return newFunc_45361(len(text), '
                      "text.count('bot'))\n"
                      '    except:\n'
                      '        pass'}
[END] processing file: sample_700. Total Time: 6.757742
END AT 2024-10-19 23:00:02.024937
