STARTING AT 2024-10-19 23:39:56.654061
[START] processing file: sample_729
*Running tests for: sample_729
 
Result: ['tests_pass']
tests_pass sample_729 /home/yang/Benchmark/dataset/cruxeval/code//sample_729.py
Apply all rules on a single file.
Checking transformation add_nested_while_out
*Running tests for: sample_729
 
Result: ['tests_pass']
Checking transformation add_nested_list
*Running tests for: sample_729
 
Result: ['tests_pass']
Checking transformation add_datetime
*Running tests for: sample_729
 
Result: ['tests_pass']
Checking transformation add_time
*Running tests for: sample_729
 
Result: ['tests_pass']
Checking transformation create_functions
*Running tests for: sample_729
 
Result: ['tests_pass']
Checking transformation add_decorator
*Running tests for: sample_729
 
Result: ['tests_pass']
Checking transformation add_http
*Running tests for: sample_729
 
Result: ['tests_pass']
Checking transformation add_scipy
*Running tests for: sample_729
 
Result: ['tests_pass']
Checking transformation add_base64
*Running tests for: sample_729
 
Result: ['tests_pass']
Checking transformation add_dateutil
*Running tests for: sample_729
 
Result: ['tests_pass']
The file 'reasoning_transformation_cruxeval/CRUXEval/951a917df7397c9cb698ead54386db6d1db4ffb0/Transformation/sample_729.py' has been formatted successfully.
Checking reasoning_transformation_cruxeval/CRUXEval/951a917df7397c9cb698ead54386db6d1db4ffb0/Transformation/sample_729.py
*Running tests for: sample_729
 
Result: ['tests_pass']
{ 'applicable_rules': [ 'change_var_names',
                        'add_nested_while_out',
                        'add_try_except_inside_functions',
                        'add_else_to_while',
                        'add_nested_list',
                        'add_datetime',
                        'add_time',
                        'add_crypto',
                        'add_sklearn',
                        'create_functions',
                        'add_decorator',
                        'add_http',
                        'add_scipy',
                        'add_base64',
                        'add_dateutil',
                        'changing_AugAssign'],
  'diff_output': 'reasoning_transformation_cruxeval/CRUXEval/951a917df7397c9cb698ead54386db6d1db4ffb0/Transformation/sample_729.patch',
  'evaluation_tests_dir': '/home/yang/Benchmark/dataset/cruxeval/',
  'exception': None,
  'file_id': 'sample_729',
  'genetic_algorithm': None,
  'original_code': 'def f(s1, s2):\n'
                   '    res = []\n'
                   '    i = s1.rfind(s2)\n'
                   '    while i != -1:\n'
                   '        res.append(i + len(s2) - 1)\n'
                   '        i = s1.rfind(s2, 0, i)\n'
                   '    return res',
  'patch_path': 'reasoning_transformation_cruxeval/CRUXEval/951a917df7397c9cb698ead54386db6d1db4ffb0/Transformation/sample_729.patch',
  'single_rule': None,
  'source_file': '/home/yang/Benchmark/dataset/cruxeval/code//sample_729.py',
  'target_file': 'reasoning_transformation_cruxeval/CRUXEval/951a917df7397c9cb698ead54386db6d1db4ffb0/Transformation/sample_729.py',
  'test_results_after': ['tests_pass'],
  'test_results_before': ['tests_pass'],
  'total_time': 6.642348,
  'transformed_code': 'from dateutil.parser import parse\n'
                      'import base64\n'
                      'from scipy.stats import ttest_ind\n'
                      'from http.client import HTTPConnection\n'
                      '\n'
                      'def my_decorator(func):\n'
                      "    parse('2024-10-19 23:40:01')\n"
                      '\n'
                      '    def dec_result(*args, **kwargs):\n'
                      '        res = func(*args, **kwargs)\n'
                      '        return res\n'
                      '    return dec_result\n'
                      '\n'
                      '@my_decorator\n'
                      'def newFunc_BinOp0(a, b):\n'
                      '    ttest_ind([83, 21, 77], [72, 76, 66])\n'
                      "    HTTPConnection('google.com', port=80)\n"
                      "    base64.b64encode(b'65312526006399038368')\n"
                      '    return a % b\n'
                      'from sklearn.utils import shuffle\n'
                      'from cryptography.fernet import Fernet\n'
                      'import time\n'
                      'import datetime\n'
                      '\n'
                      'def f(s1, s2):\n'
                      '    time.sleep(0.26)\n'
                      '    shuffle([89, 20, 82])\n'
                      '    datetime.datetime.now()\n'
                      '    Fernet.generate_key()\n'
                      '    try:\n'
                      '        newres_1 = [[]][0]\n'
                      '        i = s1.rfind(s2)\n'
                      '        whileloopchecker14 = 434\n'
                      '        whileloopchecker24 = 433\n'
                      '        while newFunc_BinOp0(whileloopchecker14, '
                      'whileloopchecker24) == 1:\n'
                      '            whileloopchecker14 = whileloopchecker14 + '
                      '1\n'
                      '            while i != -1:\n'
                      '                newres_1.append(i + len(s2) - 1)\n'
                      '                i = s1.rfind(s2, 0, i)\n'
                      '        else:\n'
                      '            pass\n'
                      '        return newres_1\n'
                      '    except:\n'
                      '        pass'}
[END] processing file: sample_729. Total Time: 6.642348
END AT 2024-10-19 23:40:03.297674
