STARTING AT 2024-10-19 23:42:42.925010
[START] processing file: sample_9
*Running tests for: sample_9
 
Result: ['tests_pass']
tests_pass sample_9 /home/yang/Benchmark/dataset/cruxeval/code//sample_9.py
Apply all rules on a single file.
Checking transformation add_nested_for_out
*Running tests for: sample_9
 
Result: ['tests_pass']
Checking transformation add_nested_if
*Running tests for: sample_9
 
Result: ['tests_pass']
Checking transformation add_nested_list
*Running tests for: sample_9
 
Result: ['tests_pass']
Checking transformation transform_range_to_recursion
*Running tests for: sample_9
 Traceback (most recent call last):
  File "/home/yang/Benchmark/.tmp_test/tmp_test.pysample_9", line 20, in <module>
    assert f('#284376598') == False
AssertionError

output_actual, stderr_data: ('', b'Traceback (most recent call last):\n  File "/home/yang/Benchmark/.tmp_test/tmp_test.pysample_9", line 20, in <module>\n    assert f(\'#284376598\') == False\nAssertionError\n')
Result: ['error_or_timeout']
Drop transform_range_to_recursion due to ['error_or_timeout']
Checking transformation add_datetime
*Running tests for: sample_9
 
Result: ['tests_pass']
Checking transformation add_time
*Running tests for: sample_9
 
Result: ['tests_pass']
Checking transformation create_functions
*Running tests for: sample_9
 
Result: ['tests_pass']
Checking transformation add_decorator
*Running tests for: sample_9
 
Result: ['tests_pass']
Checking transformation add_http
*Running tests for: sample_9
 
Result: ['tests_pass']
Checking transformation add_scipy
*Running tests for: sample_9
 
Result: ['tests_pass']
Checking transformation add_base64
*Running tests for: sample_9
 
Result: ['tests_pass']
Checking transformation add_dateutil
*Running tests for: sample_9
 
Result: ['tests_pass']
The file 'reasoning_transformation_cruxeval/CRUXEval/951a917df7397c9cb698ead54386db6d1db4ffb0/Transformation/sample_9.py' has been formatted successfully.
Checking reasoning_transformation_cruxeval/CRUXEval/951a917df7397c9cb698ead54386db6d1db4ffb0/Transformation/sample_9.py
*Running tests for: sample_9
 
Result: ['tests_pass']
{ 'applicable_rules': [ 'change_var_names',
                        'add_nested_for_out',
                        'add_nested_if',
                        'add_try_except_inside_functions',
                        'add_else_to_for',
                        'add_nested_list',
                        'add_datetime',
                        'add_time',
                        'add_crypto',
                        'add_sklearn',
                        'create_functions',
                        'add_decorator',
                        'add_http',
                        'add_scipy',
                        'add_base64',
                        'add_dateutil'],
  'diff_output': 'reasoning_transformation_cruxeval/CRUXEval/951a917df7397c9cb698ead54386db6d1db4ffb0/Transformation/sample_9.patch',
  'evaluation_tests_dir': '/home/yang/Benchmark/dataset/cruxeval/',
  'exception': None,
  'file_id': 'sample_9',
  'genetic_algorithm': None,
  'original_code': 'def f(t):\n'
                   '    for c in t:\n'
                   '        if not c.isnumeric():\n'
                   '            return False\n'
                   '    return True',
  'patch_path': 'reasoning_transformation_cruxeval/CRUXEval/951a917df7397c9cb698ead54386db6d1db4ffb0/Transformation/sample_9.patch',
  'single_rule': None,
  'source_file': '/home/yang/Benchmark/dataset/cruxeval/code//sample_9.py',
  'target_file': 'reasoning_transformation_cruxeval/CRUXEval/951a917df7397c9cb698ead54386db6d1db4ffb0/Transformation/sample_9.py',
  'test_results_after': ['tests_pass'],
  'test_results_before': ['tests_pass'],
  'total_time': 4.74536,
  'transformed_code': 'from dateutil.parser import parse\n'
                      'import base64\n'
                      'from scipy.stats import ttest_ind\n'
                      'from http.client import HTTPConnection\n'
                      '\n'
                      'def my_decorator(func):\n'
                      "    base64.b64encode(b'47640065307550079790')\n"
                      '\n'
                      '    def dec_result(*args, **kwargs):\n'
                      '        res = func(*args, **kwargs)\n'
                      '        return res\n'
                      '    return dec_result\n'
                      '\n'
                      '@my_decorator\n'
                      'def newFunc_BinOp0(a, b):\n'
                      '    return a // b\n'
                      'from sklearn.utils import shuffle\n'
                      'from cryptography.fernet import Fernet\n'
                      'import time\n'
                      'import datetime\n'
                      '\n'
                      'def f(t):\n'
                      '    ttest_ind([29, 93, 20], [61, 5, 37])\n'
                      '    time.sleep(0.01)\n'
                      '    Fernet.generate_key()\n'
                      "    HTTPConnection('google.com', port=80)\n"
                      '    shuffle([43, 28, 100])\n'
                      "    parse('2024-10-19 23:42:46')\n"
                      '    datetime.datetime.now()\n'
                      '    try:\n'
                      '        LoopChecker12 = [686][0]\n'
                      '        LoopChecker22 = 685\n'
                      '        ConditionChecker16 = 439\n'
                      '        ConditionChecker26 = 294\n'
                      '        for LoopIndexOut in '
                      'range(newFunc_BinOp0(LoopChecker12, LoopChecker22)):\n'
                      '            for newc_1 in t:\n'
                      '                if ConditionChecker16 & '
                      'ConditionChecker26:\n'
                      '                    if not newc_1.isnumeric():\n'
                      '                        return False\n'
                      '        else:\n'
                      '            pass\n'
                      '        return True\n'
                      '    except:\n'
                      '        pass'}
[END] processing file: sample_9. Total Time: 4.74536
END AT 2024-10-19 23:42:47.671486
