STARTING AT 2024-10-19 22:52:48.612209
[START] processing file: sample_629
*Running tests for: sample_629
 
Result: ['tests_pass']
tests_pass sample_629 /home/yang/Benchmark/dataset/cruxeval/code//sample_629.py
Apply all rules on a single file.
Checking transformation add_nested_if
*Running tests for: sample_629
 
Result: ['tests_pass']
Checking transformation add_nested_list
*Running tests for: sample_629
 
Result: ['tests_pass']
Checking transformation add_datetime
*Running tests for: sample_629
 
Result: ['tests_pass']
Checking transformation add_time
*Running tests for: sample_629
 
Result: ['tests_pass']
def newFunc_23881(arg0, arg1):
    return arg0 + arg1
Checking transformation create_functions
*Running tests for: sample_629
 
Result: ['tests_pass']
Checking transformation add_decorator
*Running tests for: sample_629
 
Result: ['tests_pass']
Checking transformation add_http
*Running tests for: sample_629
 
Result: ['tests_pass']
Checking transformation add_scipy
*Running tests for: sample_629
 
Result: ['tests_pass']
Checking transformation add_base64
*Running tests for: sample_629
 
Result: ['tests_pass']
Checking transformation add_dateutil
*Running tests for: sample_629
 
Result: ['tests_pass']
The file 'reasoning_transformation_cruxeval/CRUXEval/e1f735e05ec0002c7d6ed7d62be776995bf4ddf4/Transformation/sample_629.py' has been formatted successfully.
Checking reasoning_transformation_cruxeval/CRUXEval/e1f735e05ec0002c7d6ed7d62be776995bf4ddf4/Transformation/sample_629.py
*Running tests for: sample_629
 
Result: ['tests_pass']
{ 'applicable_rules': [ 'add_nested_if',
                        'add_try_except_inside_functions',
                        'add_nested_list',
                        'add_datetime',
                        'add_time',
                        'add_crypto',
                        'add_sklearn',
                        'create_functions',
                        'add_decorator',
                        'add_http',
                        'add_scipy',
                        'add_base64',
                        'add_dateutil'],
  'diff_output': 'reasoning_transformation_cruxeval/CRUXEval/e1f735e05ec0002c7d6ed7d62be776995bf4ddf4/Transformation/sample_629.patch',
  'evaluation_tests_dir': '/home/yang/Benchmark/dataset/cruxeval/',
  'exception': None,
  'file_id': 'sample_629',
  'genetic_algorithm': None,
  'original_code': 'def f(text, dng):\n'
                   '    if dng not in text:\n'
                   '        return text\n'
                   '    if text[-len(dng):] == dng:\n'
                   '        return text[:-len(dng)]\n'
                   '    return text[:-1] + f(text[:-2], dng)',
  'patch_path': 'reasoning_transformation_cruxeval/CRUXEval/e1f735e05ec0002c7d6ed7d62be776995bf4ddf4/Transformation/sample_629.patch',
  'single_rule': None,
  'source_file': '/home/yang/Benchmark/dataset/cruxeval/code//sample_629.py',
  'target_file': 'reasoning_transformation_cruxeval/CRUXEval/e1f735e05ec0002c7d6ed7d62be776995bf4ddf4/Transformation/sample_629.py',
  'test_results_after': ['tests_pass'],
  'test_results_before': ['tests_pass'],
  'total_time': 4.413773,
  'transformed_code': 'from dateutil.parser import parse\n'
                      'import base64\n'
                      'from scipy.stats import ttest_ind\n'
                      'from http.client import HTTPConnection\n'
                      '\n'
                      'def my_decorator(func):\n'
                      "    HTTPConnection('google.com', port=80)\n"
                      "    parse('2024-10-19 22:52:51')\n"
                      '\n'
                      '    def dec_result(*args, **kwargs):\n'
                      '        res = func(*args, **kwargs)\n'
                      '        return res\n'
                      '    return dec_result\n'
                      '\n'
                      '@my_decorator\n'
                      'def newFunc_23881(arg0, arg1):\n'
                      '    ttest_ind([4, 79, 6], [69, 47, 41])\n'
                      "    base64.b64encode(b'56866954871938947531')\n"
                      '    return arg0 + arg1\n'
                      'from sklearn.utils import shuffle\n'
                      'from cryptography.fernet import Fernet\n'
                      'import time\n'
                      'import datetime\n'
                      '\n'
                      'def f(text, dng):\n'
                      '    datetime.datetime.now()\n'
                      '    Fernet.generate_key()\n'
                      '    time.sleep(0.0)\n'
                      '    shuffle([86, 76, 12])\n'
                      '    try:\n'
                      '        ConditionChecker12 = [329][0]\n'
                      '        ConditionChecker22 = 194\n'
                      '        if ConditionChecker12 & ConditionChecker22:\n'
                      '            if dng not in text:\n'
                      '                return text\n'
                      '        if text[-len(dng):] == dng:\n'
                      '            return text[:-len(dng)]\n'
                      '        return newFunc_23881(text[:-1], f(text[:-2], '
                      'dng))\n'
                      '    except:\n'
                      '        pass'}
[END] processing file: sample_629. Total Time: 4.413773
END AT 2024-10-19 22:52:53.027159
