STARTING AT 2024-10-19 22:35:34.646985
[START] processing file: sample_464
*Running tests for: sample_464
 
Result: ['tests_pass']
tests_pass sample_464 /home/yang/Benchmark/dataset/cruxeval/code//sample_464.py
Apply all rules on a single file.
Checking transformation add_nested_if
*Running tests for: sample_464
 
Result: ['tests_pass']
Checking transformation add_nested_list
*Running tests for: sample_464
 
Result: ['tests_pass']
Checking transformation add_datetime
*Running tests for: sample_464
 
Result: ['tests_pass']
Checking transformation add_time
*Running tests for: sample_464
 
Result: ['tests_pass']
Checking transformation create_functions
*Running tests for: sample_464
 
Result: ['tests_pass']
Checking transformation add_decorator
*Running tests for: sample_464
 
Result: ['tests_pass']
Checking transformation add_http
*Running tests for: sample_464
 
Result: ['tests_pass']
Checking transformation add_scipy
*Running tests for: sample_464
 
Result: ['tests_pass']
Checking transformation add_base64
*Running tests for: sample_464
 
Result: ['tests_pass']
Checking transformation add_dateutil
*Running tests for: sample_464
 
Result: ['tests_pass']
The file 'reasoning_transformation_cruxeval/CRUXEval/e1f735e05ec0002c7d6ed7d62be776995bf4ddf4/Transformation/sample_464.py' has been formatted successfully.
Checking reasoning_transformation_cruxeval/CRUXEval/e1f735e05ec0002c7d6ed7d62be776995bf4ddf4/Transformation/sample_464.py
*Running tests for: sample_464
 
Result: ['tests_pass']
{ 'applicable_rules': [ 'change_var_names',
                        'add_nested_if',
                        'add_try_except_inside_functions',
                        'add_nested_list',
                        'add_datetime',
                        'add_time',
                        'add_crypto',
                        'add_sklearn',
                        'create_functions',
                        'add_decorator',
                        'add_http',
                        'add_scipy',
                        'add_base64',
                        'add_dateutil'],
  'diff_output': 'reasoning_transformation_cruxeval/CRUXEval/e1f735e05ec0002c7d6ed7d62be776995bf4ddf4/Transformation/sample_464.patch',
  'evaluation_tests_dir': '/home/yang/Benchmark/dataset/cruxeval/',
  'exception': None,
  'file_id': 'sample_464',
  'genetic_algorithm': None,
  'original_code': 'def f(ans):\n'
                   '    if ans.isdecimal():\n'
                   '        total = int(ans) * 4 - 50\n'
                   '        total -= len([c for c in list(ans) if c not in '
                   "'02468']) * 100\n"
                   '        return total\n'
                   "    return 'NAN'",
  'patch_path': 'reasoning_transformation_cruxeval/CRUXEval/e1f735e05ec0002c7d6ed7d62be776995bf4ddf4/Transformation/sample_464.patch',
  'single_rule': None,
  'source_file': '/home/yang/Benchmark/dataset/cruxeval/code//sample_464.py',
  'target_file': 'reasoning_transformation_cruxeval/CRUXEval/e1f735e05ec0002c7d6ed7d62be776995bf4ddf4/Transformation/sample_464.py',
  'test_results_after': ['tests_pass'],
  'test_results_before': ['tests_pass'],
  'total_time': 6.760565,
  'transformed_code': 'from dateutil.parser import parse\n'
                      'import base64\n'
                      'from scipy.stats import ttest_ind\n'
                      'from http.client import HTTPConnection\n'
                      '\n'
                      'def my_decorator(func):\n'
                      "    HTTPConnection('google.com', port=80)\n"
                      '\n'
                      '    def dec_result(*args, **kwargs):\n'
                      '        res = func(*args, **kwargs)\n'
                      '        return res\n'
                      '    return dec_result\n'
                      '\n'
                      '@my_decorator\n'
                      'def newFunc0_16(variable_3_16, variable_6_16, int, '
                      'ans):\n'
                      "    parse('2024-10-19 22:35:39')\n"
                      '    return int(ans) * variable_6_16 - variable_3_16\n'
                      'from sklearn.utils import shuffle\n'
                      'from cryptography.fernet import Fernet\n'
                      'import time\n'
                      'import datetime\n'
                      '\n'
                      'def f(ans):\n'
                      '    datetime.datetime.now()\n'
                      '    Fernet.generate_key()\n'
                      '    shuffle([13, 67, 30])\n'
                      "    base64.b64encode(b'42997739795522129265')\n"
                      '    ttest_ind([11, 65, 33], [81, 21, 93])\n'
                      '    time.sleep(0.28)\n'
                      '    try:\n'
                      '        ConditionChecker12 = [129][0]\n'
                      '        ConditionChecker22 = 409\n'
                      '        if ConditionChecker12 & ConditionChecker22:\n'
                      '            if ans.isdecimal():\n'
                      '                variable_3_16 = 50\n'
                      '                variable_6_16 = 4\n'
                      '                newtotal_1 = newFunc0_16(variable_3_16, '
                      'variable_6_16, int, ans)\n'
                      '                newtotal_1 -= len([c for c in list(ans) '
                      "if c not in '02468']) * 100\n"
                      '                return newtotal_1\n'
                      "        return 'NAN'\n"
                      '    except:\n'
                      '        pass'}
[END] processing file: sample_464. Total Time: 6.760565
END AT 2024-10-19 22:35:41.409016
