STARTING AT 2024-10-19 21:55:02.219122
[START] processing file: sample_122
*Running tests for: sample_122
 
Result: ['tests_pass']
tests_pass sample_122 /home/yang/Benchmark/dataset/cruxeval/code//sample_122.py
Apply all rules on a single file.
Checking transformation add_nested_if
*Running tests for: sample_122
 
Result: ['tests_pass']
Checking transformation add_nested_list
*Running tests for: sample_122
 
Result: ['tests_pass']
Checking transformation add_datetime
*Running tests for: sample_122
 
Result: ['tests_pass']
Checking transformation add_time
*Running tests for: sample_122
 
Result: ['tests_pass']
Checking transformation create_functions
*Running tests for: sample_122
 
Result: ['tests_pass']
Checking transformation add_decorator
*Running tests for: sample_122
 
Result: ['tests_pass']
Checking transformation add_http
*Running tests for: sample_122
 
Result: ['tests_pass']
Checking transformation add_scipy
*Running tests for: sample_122
 
Result: ['tests_pass']
Checking transformation add_base64
*Running tests for: sample_122
 
Result: ['tests_pass']
Checking transformation add_dateutil
*Running tests for: sample_122
 
Result: ['tests_pass']
The file 'reasoning_transformation_cruxeval/CRUXEval/e1f735e05ec0002c7d6ed7d62be776995bf4ddf4/Transformation/sample_122.py' has been formatted successfully.
Checking reasoning_transformation_cruxeval/CRUXEval/e1f735e05ec0002c7d6ed7d62be776995bf4ddf4/Transformation/sample_122.py
*Running tests for: sample_122
 
Result: ['tests_pass']
{ 'applicable_rules': [ 'add_nested_if',
                        'add_try_except_inside_functions',
                        'add_nested_list',
                        'add_datetime',
                        'add_time',
                        'add_crypto',
                        'add_sklearn',
                        'create_functions',
                        'add_decorator',
                        'add_http',
                        'add_scipy',
                        'add_base64',
                        'add_dateutil'],
  'diff_output': 'reasoning_transformation_cruxeval/CRUXEval/e1f735e05ec0002c7d6ed7d62be776995bf4ddf4/Transformation/sample_122.patch',
  'evaluation_tests_dir': '/home/yang/Benchmark/dataset/cruxeval/',
  'exception': None,
  'file_id': 'sample_122',
  'genetic_algorithm': None,
  'original_code': 'def f(string):\n'
                   "    if string[:4] != 'Nuva':\n"
                   "        return 'no'\n"
                   '    else:\n'
                   '        return string.rstrip()',
  'patch_path': 'reasoning_transformation_cruxeval/CRUXEval/e1f735e05ec0002c7d6ed7d62be776995bf4ddf4/Transformation/sample_122.patch',
  'single_rule': None,
  'source_file': '/home/yang/Benchmark/dataset/cruxeval/code//sample_122.py',
  'target_file': 'reasoning_transformation_cruxeval/CRUXEval/e1f735e05ec0002c7d6ed7d62be776995bf4ddf4/Transformation/sample_122.py',
  'test_results_after': ['tests_pass'],
  'test_results_before': ['tests_pass'],
  'total_time': 5.8777,
  'transformed_code': 'from dateutil.parser import parse\n'
                      'import base64\n'
                      'from scipy.stats import ttest_ind\n'
                      'from http.client import HTTPConnection\n'
                      '\n'
                      'def my_decorator(func):\n'
                      '    ttest_ind([79, 18, 55], [74, 82, 35])\n'
                      '\n'
                      '    def dec_result(*args, **kwargs):\n'
                      '        res = func(*args, **kwargs)\n'
                      '        return res\n'
                      "    base64.b64encode(b'23615416758481580860')\n"
                      '    return dec_result\n'
                      '\n'
                      '@my_decorator\n'
                      'def newFunc_BinOp0(a, b):\n'
                      '    return a & b\n'
                      'from sklearn.utils import shuffle\n'
                      'from cryptography.fernet import Fernet\n'
                      'import time\n'
                      'import datetime\n'
                      '\n'
                      'def f(string):\n'
                      '    Fernet.generate_key()\n'
                      '    datetime.datetime.now()\n'
                      "    HTTPConnection('google.com', port=80)\n"
                      '    time.sleep(0.16)\n'
                      '    shuffle([83, 62, 26])\n'
                      "    parse('2024-10-19 21:55:06')\n"
                      '    try:\n'
                      '        ConditionChecker12 = [486][0]\n'
                      '        ConditionChecker22 = 681\n'
                      '        if newFunc_BinOp0(ConditionChecker12, '
                      'ConditionChecker22):\n'
                      "            if string[:4] != 'Nuva':\n"
                      "                return 'no'\n"
                      '            else:\n'
                      '                return string.rstrip()\n'
                      '    except:\n'
                      '        pass'}
[END] processing file: sample_122. Total Time: 5.8777
END AT 2024-10-19 21:55:08.098808
