STARTING AT 2024-10-19 22:09:36.095942
[START] processing file: sample_244
*Running tests for: sample_244
 
Result: ['tests_pass']
tests_pass sample_244 /home/yang/Benchmark/dataset/cruxeval/code//sample_244.py
Apply all rules on a single file.
Checking transformation add_nested_for_out
*Running tests for: sample_244
 
Result: ['tests_pass']
Checking transformation add_nested_if
*Running tests for: sample_244
 
Result: ['tests_pass']
Checking transformation add_nested_list
*Running tests for: sample_244
 
Result: ['tests_pass']
Checking transformation transform_range_to_recursion
*Running tests for: sample_244
 
Result: ['tests_pass']
Checking transformation add_datetime
*Running tests for: sample_244
 
Result: ['tests_pass']
Checking transformation add_time
*Running tests for: sample_244
 
Result: ['tests_pass']
Checking transformation create_functions
*Running tests for: sample_244
 
Result: ['tests_pass']
Checking transformation add_decorator
*Running tests for: sample_244
 
Result: ['tests_pass']
Checking transformation add_http
*Running tests for: sample_244
 
Result: ['tests_pass']
Checking transformation add_scipy
*Running tests for: sample_244
 
Result: ['tests_pass']
Checking transformation add_base64
*Running tests for: sample_244
 
Result: ['tests_pass']
Checking transformation add_dateutil
*Running tests for: sample_244
 
Result: ['tests_pass']
The file 'reasoning_transformation_cruxeval/CRUXEval/e1f735e05ec0002c7d6ed7d62be776995bf4ddf4/Transformation/sample_244.py' has been formatted successfully.
Checking reasoning_transformation_cruxeval/CRUXEval/e1f735e05ec0002c7d6ed7d62be776995bf4ddf4/Transformation/sample_244.py
*Running tests for: sample_244
 
Result: ['tests_pass']
{ 'applicable_rules': [ 'change_var_names',
                        'add_nested_for_out',
                        'add_nested_if',
                        'add_try_except_inside_functions',
                        'add_else_to_for',
                        'add_nested_list',
                        'transform_range_to_recursion',
                        'add_datetime',
                        'add_time',
                        'add_crypto',
                        'add_sklearn',
                        'create_functions',
                        'add_decorator',
                        'add_http',
                        'add_scipy',
                        'add_base64',
                        'add_dateutil',
                        'changing_AugAssign'],
  'diff_output': 'reasoning_transformation_cruxeval/CRUXEval/e1f735e05ec0002c7d6ed7d62be776995bf4ddf4/Transformation/sample_244.patch',
  'evaluation_tests_dir': '/home/yang/Benchmark/dataset/cruxeval/',
  'exception': None,
  'file_id': 'sample_244',
  'genetic_algorithm': None,
  'original_code': 'def f(text, symbols):\n'
                   '    count = 0\n'
                   '    if symbols:\n'
                   '        for i in symbols:\n'
                   '            count += 1\n'
                   '        text = text * count\n'
                   '    return text.rjust(len(text) + count * 2)[:-2]',
  'patch_path': 'reasoning_transformation_cruxeval/CRUXEval/e1f735e05ec0002c7d6ed7d62be776995bf4ddf4/Transformation/sample_244.patch',
  'single_rule': None,
  'source_file': '/home/yang/Benchmark/dataset/cruxeval/code//sample_244.py',
  'target_file': 'reasoning_transformation_cruxeval/CRUXEval/e1f735e05ec0002c7d6ed7d62be776995bf4ddf4/Transformation/sample_244.py',
  'test_results_after': ['tests_pass'],
  'test_results_before': ['tests_pass'],
  'total_time': 6.065045,
  'transformed_code': 'from dateutil.parser import parse\n'
                      'import base64\n'
                      'from scipy.stats import ttest_ind\n'
                      'from http.client import HTTPConnection\n'
                      '\n'
                      'def my_decorator(func):\n'
                      "    base64.b64encode(b'59355246811794687476')\n"
                      '\n'
                      '    def dec_result(*args, **kwargs):\n'
                      '        res = func(*args, **kwargs)\n'
                      '        return res\n'
                      '    ttest_ind([9, 68, 8], [27, 67, 89])\n'
                      '    return dec_result\n'
                      '\n'
                      '@my_decorator\n'
                      'def newFunc0_28(text, newcount_1):\n'
                      '    return text * newcount_1\n'
                      'from sklearn.utils import shuffle\n'
                      'from cryptography.fernet import Fernet\n'
                      'import time\n'
                      'import datetime\n'
                      '\n'
                      'def f(text, symbols):\n'
                      '    shuffle([63, 53, 91])\n'
                      "    HTTPConnection('google.com', port=80)\n"
                      '    Fernet.generate_key()\n'
                      '    datetime.datetime.now()\n'
                      '    time.sleep(0.16)\n'
                      "    parse('2024-10-19 22:09:40')\n"
                      '    try:\n'
                      '        ConditionChecker13 = [286][0]\n'
                      '        ConditionChecker23 = 482\n'
                      '        newcount_1 = 0\n'
                      '        if ConditionChecker13 & ConditionChecker23:\n'
                      '            if symbols:\n'
                      '                LoopChecker14 = 744\n'
                      '                LoopChecker24 = 743\n'
                      '\n'
                      '                def loop_10_16(LoopIndexOut, stop, '
                      'step):\n'
                      '                    nonlocal newcount_1\n'
                      '                    if step == 0 or (step > 0 and '
                      'LoopIndexOut >= stop) or (step < 0 and LoopIndexOut <= '
                      'stop):\n'
                      '                        return\n'
                      '                    for i in symbols:\n'
                      '                        newcount_1 = newcount_1 + 1\n'
                      '                    loop_10_16(LoopIndexOut + step, '
                      'stop, step)\n'
                      '                loop_10_16(0, LoopChecker14 // '
                      'LoopChecker24, 1)\n'
                      '                text = newFunc0_28(text, newcount_1)\n'
                      '        return text.rjust(len(text) + newcount_1 * '
                      '2)[:-2]\n'
                      '    except:\n'
                      '        pass'}
[END] processing file: sample_244. Total Time: 6.065045
END AT 2024-10-19 22:09:42.163256
