STARTING AT 2024-10-19 22:43:35.139615
[START] processing file: sample_541
*Running tests for: sample_541
 
Result: ['tests_pass']
tests_pass sample_541 /home/yang/Benchmark/dataset/cruxeval/code//sample_541.py
Apply all rules on a single file.
Checking transformation add_datetime
*Running tests for: sample_541
 
Result: ['tests_pass']
Checking transformation add_time
*Running tests for: sample_541
 
Result: ['tests_pass']
Checking transformation add_decorator
*Running tests for: sample_541
 
Result: ['tests_pass']
Checking transformation add_http
*Running tests for: sample_541
 
Result: ['tests_pass']
Checking transformation add_scipy
*Running tests for: sample_541
 
Result: ['tests_pass']
Checking transformation add_base64
*Running tests for: sample_541
 
Result: ['tests_pass']
Checking transformation add_dateutil
*Running tests for: sample_541
 
Result: ['tests_pass']
The file 'reasoning_transformation_cruxeval/CRUXEval/e1f735e05ec0002c7d6ed7d62be776995bf4ddf4/Transformation/sample_541.py' has been formatted successfully.
Checking reasoning_transformation_cruxeval/CRUXEval/e1f735e05ec0002c7d6ed7d62be776995bf4ddf4/Transformation/sample_541.py
*Running tests for: sample_541
 
Result: ['tests_pass']
{ 'applicable_rules': [ 'add_try_except_inside_functions',
                        'add_datetime',
                        'add_time',
                        'add_crypto',
                        'add_sklearn',
                        'add_decorator',
                        'add_http',
                        'add_scipy',
                        'add_base64',
                        'add_dateutil'],
  'diff_output': 'reasoning_transformation_cruxeval/CRUXEval/e1f735e05ec0002c7d6ed7d62be776995bf4ddf4/Transformation/sample_541.patch',
  'evaluation_tests_dir': '/home/yang/Benchmark/dataset/cruxeval/',
  'exception': None,
  'file_id': 'sample_541',
  'genetic_algorithm': None,
  'original_code': "def f(text):\n    return ''.join(list(text)).isspace()",
  'patch_path': 'reasoning_transformation_cruxeval/CRUXEval/e1f735e05ec0002c7d6ed7d62be776995bf4ddf4/Transformation/sample_541.patch',
  'single_rule': None,
  'source_file': '/home/yang/Benchmark/dataset/cruxeval/code//sample_541.py',
  'target_file': 'reasoning_transformation_cruxeval/CRUXEval/e1f735e05ec0002c7d6ed7d62be776995bf4ddf4/Transformation/sample_541.py',
  'test_results_after': ['tests_pass'],
  'test_results_before': ['tests_pass'],
  'total_time': 5.504071,
  'transformed_code': 'from dateutil.parser import parse\n'
                      'import base64\n'
                      'from scipy.stats import ttest_ind\n'
                      'from http.client import HTTPConnection\n'
                      '\n'
                      'def my_decorator(func):\n'
                      '    ttest_ind([57, 42, 6], [94, 45, 44])\n'
                      "    parse('2024-10-19 22:43:38')\n"
                      "    base64.b64encode(b'86202922258038711422')\n"
                      '\n'
                      '    def dec_result(*args, **kwargs):\n'
                      '        res = func(*args, **kwargs)\n'
                      '        return res\n'
                      '    return dec_result\n'
                      'from sklearn.utils import shuffle\n'
                      'from cryptography.fernet import Fernet\n'
                      'import time\n'
                      'import datetime\n'
                      '\n'
                      '@my_decorator\n'
                      'def f(text):\n'
                      '    time.sleep(0.23)\n'
                      '    shuffle([6, 72, 31])\n'
                      "    HTTPConnection('google.com', port=80)\n"
                      '    Fernet.generate_key()\n'
                      '    datetime.datetime.now()\n'
                      '    try:\n'
                      "        return ''.join(list(text)).isspace()\n"
                      '    except:\n'
                      '        pass'}
[END] processing file: sample_541. Total Time: 5.504071
END AT 2024-10-19 22:43:40.644689
