STARTING AT 2024-10-19 21:54:38.310635
[START] processing file: sample_119
*Running tests for: sample_119
 
Result: ['tests_pass']
tests_pass sample_119 /home/yang/Benchmark/dataset/cruxeval/code//sample_119.py
Apply all rules on a single file.
Checking transformation add_nested_for_out
*Running tests for: sample_119
 
Result: ['tests_pass']
Checking transformation add_nested_if
*Running tests for: sample_119
 
Result: ['tests_pass']
Checking transformation add_nested_list
*Running tests for: sample_119
 
Result: ['tests_pass']
Checking transformation transform_range_to_recursion
*Running tests for: sample_119
 
Result: ['tests_pass']
Checking transformation add_datetime
*Running tests for: sample_119
 
Result: ['tests_pass']
Checking transformation add_time
*Running tests for: sample_119
 
Result: ['tests_pass']
Checking transformation create_functions
*Running tests for: sample_119
 
Result: ['tests_pass']
Checking transformation add_decorator
*Running tests for: sample_119
 
Result: ['tests_pass']
Checking transformation add_http
*Running tests for: sample_119
 
Result: ['tests_pass']
Checking transformation add_scipy
*Running tests for: sample_119
 
Result: ['tests_pass']
Checking transformation add_base64
*Running tests for: sample_119
 
Result: ['tests_pass']
Checking transformation add_dateutil
*Running tests for: sample_119
 
Result: ['tests_pass']
The file 'reasoning_transformation_cruxeval/CRUXEval/e1f735e05ec0002c7d6ed7d62be776995bf4ddf4/Transformation/sample_119.py' has been formatted successfully.
Checking reasoning_transformation_cruxeval/CRUXEval/e1f735e05ec0002c7d6ed7d62be776995bf4ddf4/Transformation/sample_119.py
*Running tests for: sample_119
 
Result: ['tests_pass']
{ 'applicable_rules': [ 'change_var_names',
                        'add_nested_for_out',
                        'add_nested_if',
                        'add_try_except_inside_functions',
                        'add_else_to_for',
                        'add_nested_list',
                        'transform_range_to_recursion',
                        'add_datetime',
                        'add_time',
                        'add_crypto',
                        'add_sklearn',
                        'create_functions',
                        'add_decorator',
                        'add_http',
                        'add_scipy',
                        'add_base64',
                        'add_dateutil'],
  'diff_output': 'reasoning_transformation_cruxeval/CRUXEval/e1f735e05ec0002c7d6ed7d62be776995bf4ddf4/Transformation/sample_119.patch',
  'evaluation_tests_dir': '/home/yang/Benchmark/dataset/cruxeval/',
  'exception': None,
  'file_id': 'sample_119',
  'genetic_algorithm': None,
  'original_code': 'def f(text):\n'
                   "    result = ''\n"
                   '    for i in range(len(text)):\n'
                   '        if i % 2 == 0:\n'
                   '            result += text[i].swapcase()\n'
                   '        else:\n'
                   '            result += text[i]\n'
                   '    return result',
  'patch_path': 'reasoning_transformation_cruxeval/CRUXEval/e1f735e05ec0002c7d6ed7d62be776995bf4ddf4/Transformation/sample_119.patch',
  'single_rule': None,
  'source_file': '/home/yang/Benchmark/dataset/cruxeval/code//sample_119.py',
  'target_file': 'reasoning_transformation_cruxeval/CRUXEval/e1f735e05ec0002c7d6ed7d62be776995bf4ddf4/Transformation/sample_119.py',
  'test_results_after': ['tests_pass'],
  'test_results_before': ['tests_pass'],
  'total_time': 4.852545,
  'transformed_code': 'from dateutil.parser import parse\n'
                      'import base64\n'
                      'from scipy.stats import ttest_ind\n'
                      'from http.client import HTTPConnection\n'
                      '\n'
                      'def my_decorator(func):\n'
                      "    HTTPConnection('google.com', port=80)\n"
                      "    parse('2024-10-19 21:54:41')\n"
                      '\n'
                      '    def dec_result(*args, **kwargs):\n'
                      '        res = func(*args, **kwargs)\n'
                      '        return res\n'
                      '    ttest_ind([29, 70, 68], [74, 1, 11])\n'
                      '    return dec_result\n'
                      '\n'
                      '@my_decorator\n'
                      'def newFunc_BinOp0(a, b):\n'
                      '    return a // b\n'
                      'from sklearn.utils import shuffle\n'
                      'from cryptography.fernet import Fernet\n'
                      'import time\n'
                      'import datetime\n'
                      '\n'
                      'def f(text):\n'
                      '    Fernet.generate_key()\n'
                      "    base64.b64encode(b'24530874088032706085')\n"
                      '    datetime.datetime.now()\n'
                      '    shuffle([52, 70, 73])\n'
                      '    time.sleep(0.0)\n'
                      '    try:\n'
                      "        newresult_1 = [''][0]\n"
                      '        LoopChecker13 = 860\n'
                      '        LoopChecker23 = 859\n'
                      '        ConditionChecker17 = 179\n'
                      '        ConditionChecker27 = 295\n'
                      '        for LoopIndexOut in '
                      'range(newFunc_BinOp0(LoopChecker13, LoopChecker23)):\n'
                      '\n'
                      '            def loop_9_12(i, stop, step):\n'
                      '                nonlocal newresult_1\n'
                      '                if step == 0 or (step > 0 and i >= '
                      'stop) or (step < 0 and i <= stop):\n'
                      '                    return\n'
                      '                if ConditionChecker17 & '
                      'ConditionChecker27:\n'
                      '                    if i % 2 == 0:\n'
                      '                        newresult_1 += '
                      'text[i].swapcase()\n'
                      '                    else:\n'
                      '                        newresult_1 += text[i]\n'
                      '                loop_9_12(i + step, stop, step)\n'
                      '            loop_9_12(0, len(text), 1)\n'
                      '        else:\n'
                      '            pass\n'
                      '        return newresult_1\n'
                      '    except:\n'
                      '        pass'}
[END] processing file: sample_119. Total Time: 4.852545
END AT 2024-10-19 21:54:43.165492
