STARTING AT 2024-10-19 23:06:43.946803
[START] processing file: sample_778
*Running tests for: sample_778
 
Result: ['tests_pass']
tests_pass sample_778 /home/yang/Benchmark/dataset/cruxeval/code//sample_778.py
Apply all rules on a single file.
Checking transformation add_nested_if
*Running tests for: sample_778
 Traceback (most recent call last):
  File "/home/yang/Benchmark/.tmp_test/tmp_test.pysample_778", line 9, in <module>
    assert f('mjs', 'mjqwmjsqjwisojqwiso') == 'mjsmjqwmjsqjwisojqwiso'
AssertionError

output_actual, stderr_data: ('', b'Traceback (most recent call last):\n  File "/home/yang/Benchmark/.tmp_test/tmp_test.pysample_778", line 9, in <module>\n    assert f(\'mjs\', \'mjqwmjsqjwisojqwiso\') == \'mjsmjqwmjsqjwisojqwiso\'\nAssertionError\n')
Result: ['error_or_timeout']
Drop add_nested_if due to ['error_or_timeout']
Checking transformation add_datetime
*Running tests for: sample_778
 
Result: ['tests_pass']
Checking transformation add_time
*Running tests for: sample_778
 
Result: ['tests_pass']
def newFunc_59067(arg0, arg1):
    return arg0 + arg1
Checking transformation create_functions
*Running tests for: sample_778
 
Result: ['tests_pass']
Checking transformation add_decorator
*Running tests for: sample_778
 
Result: ['tests_pass']
Checking transformation add_http
*Running tests for: sample_778
 
Result: ['tests_pass']
Checking transformation add_scipy
*Running tests for: sample_778
 
Result: ['tests_pass']
Checking transformation add_base64
*Running tests for: sample_778
 
Result: ['tests_pass']
Checking transformation add_dateutil
*Running tests for: sample_778
 
Result: ['tests_pass']
The file 'reasoning_transformation_cruxeval/CRUXEval/e1f735e05ec0002c7d6ed7d62be776995bf4ddf4/Transformation/sample_778.py' has been formatted successfully.
Checking reasoning_transformation_cruxeval/CRUXEval/e1f735e05ec0002c7d6ed7d62be776995bf4ddf4/Transformation/sample_778.py
*Running tests for: sample_778
 
Result: ['tests_pass']
{ 'applicable_rules': [ 'add_try_except_inside_functions',
                        'add_datetime',
                        'add_time',
                        'add_crypto',
                        'add_sklearn',
                        'create_functions',
                        'add_decorator',
                        'add_http',
                        'add_scipy',
                        'add_base64',
                        'add_dateutil'],
  'diff_output': 'reasoning_transformation_cruxeval/CRUXEval/e1f735e05ec0002c7d6ed7d62be776995bf4ddf4/Transformation/sample_778.patch',
  'evaluation_tests_dir': '/home/yang/Benchmark/dataset/cruxeval/',
  'exception': None,
  'file_id': 'sample_778',
  'genetic_algorithm': None,
  'original_code': 'def f(prefix, text):\n'
                   '    if text.startswith(prefix):\n'
                   '        return text\n'
                   '    else:\n'
                   '        return prefix + text',
  'patch_path': 'reasoning_transformation_cruxeval/CRUXEval/e1f735e05ec0002c7d6ed7d62be776995bf4ddf4/Transformation/sample_778.patch',
  'single_rule': None,
  'source_file': '/home/yang/Benchmark/dataset/cruxeval/code//sample_778.py',
  'target_file': 'reasoning_transformation_cruxeval/CRUXEval/e1f735e05ec0002c7d6ed7d62be776995bf4ddf4/Transformation/sample_778.py',
  'test_results_after': ['tests_pass'],
  'test_results_before': ['tests_pass'],
  'total_time': 5.262789,
  'transformed_code': 'from dateutil.parser import parse\n'
                      'import base64\n'
                      'from scipy.stats import ttest_ind\n'
                      'from http.client import HTTPConnection\n'
                      '\n'
                      'def my_decorator(func):\n'
                      '\n'
                      '    def dec_result(*args, **kwargs):\n'
                      '        res = func(*args, **kwargs)\n'
                      '        return res\n'
                      "    HTTPConnection('google.com', port=80)\n"
                      '    return dec_result\n'
                      '\n'
                      '@my_decorator\n'
                      'def newFunc_59067(arg0, arg1):\n'
                      "    parse('2024-10-19 23:06:47')\n"
                      "    base64.b64encode(b'18946232670755204692')\n"
                      '    ttest_ind([19, 66, 78], [1, 45, 87])\n'
                      '    return arg0 + arg1\n'
                      'from sklearn.utils import shuffle\n'
                      'from cryptography.fernet import Fernet\n'
                      'import time\n'
                      'import datetime\n'
                      '\n'
                      'def f(prefix, text):\n'
                      '    Fernet.generate_key()\n'
                      '    shuffle([46, 20, 86])\n'
                      '    time.sleep(0.08)\n'
                      '    datetime.datetime.now()\n'
                      '    try:\n'
                      '        if text.startswith(prefix):\n'
                      '            return text\n'
                      '        else:\n'
                      '            return newFunc_59067(prefix, text)\n'
                      '    except:\n'
                      '        pass'}
[END] processing file: sample_778. Total Time: 5.262789
END AT 2024-10-19 23:06:49.211486
