STARTING AT 2024-10-19 22:32:40.477229
[START] processing file: sample_43
*Running tests for: sample_43
 
Result: ['tests_pass']
tests_pass sample_43 /home/yang/Benchmark/dataset/cruxeval/code//sample_43.py
Apply all rules on a single file.
Checking transformation add_nested_for_out
*Running tests for: sample_43
 
Result: ['tests_pass']
Checking transformation add_nested_if
*Running tests for: sample_43
 
Result: ['tests_pass']
Checking transformation add_nested_list
*Running tests for: sample_43
 
Result: ['tests_pass']
Checking transformation transform_range_to_recursion
*Running tests for: sample_43
 
Result: ['tests_pass']
Checking transformation add_datetime
*Running tests for: sample_43
 
Result: ['tests_pass']
Checking transformation add_time
*Running tests for: sample_43
 
Result: ['tests_pass']
Checking transformation create_functions
*Running tests for: sample_43
 
Result: ['tests_pass']
Checking transformation add_decorator
*Running tests for: sample_43
 
Result: ['tests_pass']
Checking transformation add_http
*Running tests for: sample_43
 
Result: ['tests_pass']
Checking transformation add_scipy
*Running tests for: sample_43
 
Result: ['tests_pass']
Checking transformation add_base64
*Running tests for: sample_43
 
Result: ['tests_pass']
Checking transformation add_dateutil
*Running tests for: sample_43
 
Result: ['tests_pass']
The file 'reasoning_transformation_cruxeval/CRUXEval/e1f735e05ec0002c7d6ed7d62be776995bf4ddf4/Transformation/sample_43.py' has been formatted successfully.
Checking reasoning_transformation_cruxeval/CRUXEval/e1f735e05ec0002c7d6ed7d62be776995bf4ddf4/Transformation/sample_43.py
*Running tests for: sample_43
 
Result: ['tests_pass']
{ 'applicable_rules': [ 'change_var_names',
                        'add_nested_for_out',
                        'add_nested_if',
                        'add_try_except_inside_functions',
                        'add_else_to_for',
                        'add_nested_list',
                        'transform_range_to_recursion',
                        'add_datetime',
                        'add_time',
                        'add_crypto',
                        'add_sklearn',
                        'create_functions',
                        'add_decorator',
                        'add_http',
                        'add_scipy',
                        'add_base64',
                        'add_dateutil'],
  'diff_output': 'reasoning_transformation_cruxeval/CRUXEval/e1f735e05ec0002c7d6ed7d62be776995bf4ddf4/Transformation/sample_43.patch',
  'evaluation_tests_dir': '/home/yang/Benchmark/dataset/cruxeval/',
  'exception': None,
  'file_id': 'sample_43',
  'genetic_algorithm': None,
  'original_code': 'def f(n):\n'
                   '    for i in str(n):\n'
                   '        if not i.isdigit():\n'
                   '            n = -1\n'
                   '            break\n'
                   '    return n',
  'patch_path': 'reasoning_transformation_cruxeval/CRUXEval/e1f735e05ec0002c7d6ed7d62be776995bf4ddf4/Transformation/sample_43.patch',
  'single_rule': None,
  'source_file': '/home/yang/Benchmark/dataset/cruxeval/code//sample_43.py',
  'target_file': 'reasoning_transformation_cruxeval/CRUXEval/e1f735e05ec0002c7d6ed7d62be776995bf4ddf4/Transformation/sample_43.py',
  'test_results_after': ['tests_pass'],
  'test_results_before': ['tests_pass'],
  'total_time': 5.428072,
  'transformed_code': 'from dateutil.parser import parse\n'
                      'import base64\n'
                      'from scipy.stats import ttest_ind\n'
                      'from http.client import HTTPConnection\n'
                      '\n'
                      'def my_decorator(func):\n'
                      '\n'
                      '    def dec_result(*args, **kwargs):\n'
                      '        res = func(*args, **kwargs)\n'
                      '        return res\n'
                      "    parse('2024-10-19 22:32:44')\n"
                      '    return dec_result\n'
                      '\n'
                      '@my_decorator\n'
                      'def newFunc_BinOp0(a, b):\n'
                      '    ttest_ind([25, 19, 33], [63, 94, 87])\n'
                      "    HTTPConnection('google.com', port=80)\n"
                      "    base64.b64encode(b'02010530253747199084')\n"
                      '    return a & b\n'
                      'from sklearn.utils import shuffle\n'
                      'from cryptography.fernet import Fernet\n'
                      'import time\n'
                      'import datetime\n'
                      '\n'
                      'def f(newn_1):\n'
                      '    shuffle([87, 81, 100])\n'
                      '    datetime.datetime.now()\n'
                      '    Fernet.generate_key()\n'
                      '    time.sleep(0.11)\n'
                      '    try:\n'
                      '        LoopChecker12 = [505][0]\n'
                      '        LoopChecker22 = 504\n'
                      '        ConditionChecker16 = 529\n'
                      '        ConditionChecker26 = 855\n'
                      '\n'
                      '        def loop_7_8(LoopIndexOut, stop, step):\n'
                      '            nonlocal newn_1\n'
                      '            if step == 0 or (step > 0 and LoopIndexOut '
                      '>= stop) or (step < 0 and LoopIndexOut <= stop):\n'
                      '                return\n'
                      '            for i in str(newn_1):\n'
                      '                if newFunc_BinOp0(ConditionChecker16, '
                      'ConditionChecker26):\n'
                      '                    if not i.isdigit():\n'
                      '                        newn_1 = -1\n'
                      '                        break\n'
                      '            loop_7_8(LoopIndexOut + step, stop, step)\n'
                      '        loop_7_8(0, LoopChecker12 // LoopChecker22, 1)\n'
                      '        return newn_1\n'
                      '    except:\n'
                      '        pass'}
[END] processing file: sample_43. Total Time: 5.428072
END AT 2024-10-19 22:32:45.907311
