STARTING AT 2024-10-19 22:45:05.972234
[START] processing file: sample_554
*Running tests for: sample_554
 
Result: ['tests_pass']
tests_pass sample_554 /home/yang/Benchmark/dataset/cruxeval/code//sample_554.py
Apply all rules on a single file.
Checking transformation replace_with_numpy
*Running tests for: sample_554
 Traceback (most recent call last):
  File "/home/yang/Benchmark/.tmp_test/tmp_test.pysample_554", line 8, in <module>
    assert f([2, 0, 1, 9999, 3, -5]) == [-5, 3, 9999, 1, 0, 2]
AssertionError

output_actual, stderr_data: ('', b'Traceback (most recent call last):\n  File "/home/yang/Benchmark/.tmp_test/tmp_test.pysample_554", line 8, in <module>\n    assert f([2, 0, 1, 9999, 3, -5]) == [-5, 3, 9999, 1, 0, 2]\nAssertionError\n')
Result: ['error_or_timeout']
Drop replace_with_numpy due to ['error_or_timeout']
Checking transformation add_datetime
*Running tests for: sample_554
 
Result: ['tests_pass']
Checking transformation add_time
*Running tests for: sample_554
 
Result: ['tests_pass']
Checking transformation add_decorator
*Running tests for: sample_554
 
Result: ['tests_pass']
Checking transformation add_http
*Running tests for: sample_554
 
Result: ['tests_pass']
Checking transformation add_scipy
*Running tests for: sample_554
 
Result: ['tests_pass']
Checking transformation add_base64
*Running tests for: sample_554
 
Result: ['tests_pass']
Checking transformation add_dateutil
*Running tests for: sample_554
 
Result: ['tests_pass']
The file 'reasoning_transformation_cruxeval/CRUXEval/e1f735e05ec0002c7d6ed7d62be776995bf4ddf4/Transformation/sample_554.py' has been formatted successfully.
Checking reasoning_transformation_cruxeval/CRUXEval/e1f735e05ec0002c7d6ed7d62be776995bf4ddf4/Transformation/sample_554.py
*Running tests for: sample_554
 
Result: ['tests_pass']
{ 'applicable_rules': [ 'add_try_except_inside_functions',
                        'add_datetime',
                        'add_time',
                        'add_crypto',
                        'add_sklearn',
                        'add_decorator',
                        'add_http',
                        'add_scipy',
                        'add_base64',
                        'add_dateutil'],
  'diff_output': 'reasoning_transformation_cruxeval/CRUXEval/e1f735e05ec0002c7d6ed7d62be776995bf4ddf4/Transformation/sample_554.patch',
  'evaluation_tests_dir': '/home/yang/Benchmark/dataset/cruxeval/',
  'exception': None,
  'file_id': 'sample_554',
  'genetic_algorithm': None,
  'original_code': 'def f(arr):\n    return list(reversed(arr))',
  'patch_path': 'reasoning_transformation_cruxeval/CRUXEval/e1f735e05ec0002c7d6ed7d62be776995bf4ddf4/Transformation/sample_554.patch',
  'single_rule': None,
  'source_file': '/home/yang/Benchmark/dataset/cruxeval/code//sample_554.py',
  'target_file': 'reasoning_transformation_cruxeval/CRUXEval/e1f735e05ec0002c7d6ed7d62be776995bf4ddf4/Transformation/sample_554.py',
  'test_results_after': ['tests_pass'],
  'test_results_before': ['tests_pass'],
  'total_time': 4.192228,
  'transformed_code': 'from dateutil.parser import parse\n'
                      'import base64\n'
                      'from scipy.stats import ttest_ind\n'
                      'from http.client import HTTPConnection\n'
                      '\n'
                      'def my_decorator(func):\n'
                      "    parse('2024-10-19 22:45:08')\n"
                      '\n'
                      '    def dec_result(*args, **kwargs):\n'
                      '        res = func(*args, **kwargs)\n'
                      '        return res\n'
                      '    ttest_ind([9, 85, 91], [77, 12, 48])\n'
                      '    return dec_result\n'
                      'from sklearn.utils import shuffle\n'
                      'from cryptography.fernet import Fernet\n'
                      'import time\n'
                      'import datetime\n'
                      '\n'
                      '@my_decorator\n'
                      'def f(arr):\n'
                      "    HTTPConnection('google.com', port=80)\n"
                      "    base64.b64encode(b'55405837996363216035')\n"
                      '    shuffle([77, 85, 3])\n'
                      '    datetime.datetime.now()\n'
                      '    time.sleep(0.04)\n'
                      '    Fernet.generate_key()\n'
                      '    try:\n'
                      '        return list(reversed(arr))\n'
                      '    except:\n'
                      '        pass'}
[END] processing file: sample_554. Total Time: 4.192228
END AT 2024-10-19 22:45:10.165720
