STARTING AT 2024-10-19 22:06:20.979099
[START] processing file: sample_218
*Running tests for: sample_218
 
Result: ['tests_pass']
tests_pass sample_218 /home/yang/Benchmark/dataset/cruxeval/code//sample_218.py
Apply all rules on a single file.
Checking transformation add_datetime
*Running tests for: sample_218
 
Result: ['tests_pass']
Checking transformation add_time
*Running tests for: sample_218
 
Result: ['tests_pass']
Checking transformation create_functions
*Running tests for: sample_218
 
Result: ['tests_pass']
Checking transformation add_decorator
*Running tests for: sample_218
 
Result: ['tests_pass']
Checking transformation add_http
*Running tests for: sample_218
 
Result: ['tests_pass']
Checking transformation add_scipy
*Running tests for: sample_218
 
Result: ['tests_pass']
Checking transformation add_base64
*Running tests for: sample_218
 
Result: ['tests_pass']
Checking transformation add_dateutil
*Running tests for: sample_218
 
Result: ['tests_pass']
The file 'reasoning_transformation_cruxeval/CRUXEval/e1f735e05ec0002c7d6ed7d62be776995bf4ddf4/Transformation/sample_218.py' has been formatted successfully.
Checking reasoning_transformation_cruxeval/CRUXEval/e1f735e05ec0002c7d6ed7d62be776995bf4ddf4/Transformation/sample_218.py
*Running tests for: sample_218
 
Result: ['tests_pass']
{ 'applicable_rules': [ 'change_var_names',
                        'add_try_except_inside_functions',
                        'add_datetime',
                        'add_time',
                        'add_crypto',
                        'add_sklearn',
                        'create_functions',
                        'add_decorator',
                        'add_http',
                        'add_scipy',
                        'add_base64',
                        'add_dateutil'],
  'diff_output': 'reasoning_transformation_cruxeval/CRUXEval/e1f735e05ec0002c7d6ed7d62be776995bf4ddf4/Transformation/sample_218.patch',
  'evaluation_tests_dir': '/home/yang/Benchmark/dataset/cruxeval/',
  'exception': None,
  'file_id': 'sample_218',
  'genetic_algorithm': None,
  'original_code': 'def f(string, sep):\n'
                   '    cnt = string.count(sep)\n'
                   '    return ((string + sep) * cnt)[::-1]',
  'patch_path': 'reasoning_transformation_cruxeval/CRUXEval/e1f735e05ec0002c7d6ed7d62be776995bf4ddf4/Transformation/sample_218.patch',
  'single_rule': None,
  'source_file': '/home/yang/Benchmark/dataset/cruxeval/code//sample_218.py',
  'target_file': 'reasoning_transformation_cruxeval/CRUXEval/e1f735e05ec0002c7d6ed7d62be776995bf4ddf4/Transformation/sample_218.py',
  'test_results_after': ['tests_pass'],
  'test_results_before': ['tests_pass'],
  'total_time': 5.530302,
  'transformed_code': 'from dateutil.parser import parse\n'
                      'import base64\n'
                      'from scipy.stats import ttest_ind\n'
                      'from http.client import HTTPConnection\n'
                      '\n'
                      'def my_decorator(func):\n'
                      "    base64.b64encode(b'99449713407811012513')\n"
                      '    ttest_ind([90, 12, 42], [49, 14, 69])\n'
                      '\n'
                      '    def dec_result(*args, **kwargs):\n'
                      '        res = func(*args, **kwargs)\n'
                      '        return res\n'
                      "    parse('2024-10-19 22:06:24')\n"
                      '    return dec_result\n'
                      '\n'
                      '@my_decorator\n'
                      'def newFunc_BinOp0(a, b):\n'
                      '    return a + b\n'
                      'from sklearn.utils import shuffle\n'
                      'from cryptography.fernet import Fernet\n'
                      'import time\n'
                      'import datetime\n'
                      '\n'
                      'def f(string, sep):\n'
                      '    time.sleep(0.13)\n'
                      '    Fernet.generate_key()\n'
                      "    HTTPConnection('google.com', port=80)\n"
                      '    datetime.datetime.now()\n'
                      '    shuffle([10, 21, 36])\n'
                      '    try:\n'
                      '        newcnt_1 = string.count(sep)\n'
                      '        return (newFunc_BinOp0(string, sep) * '
                      'newcnt_1)[::-1]\n'
                      '    except:\n'
                      '        pass'}
[END] processing file: sample_218. Total Time: 5.530302
END AT 2024-10-19 22:06:26.510713
