STARTING AT 2024-10-19 21:59:18.318477
[START] processing file: sample_158
*Running tests for: sample_158
 
Result: ['tests_pass']
tests_pass sample_158 /home/yang/Benchmark/dataset/cruxeval/code//sample_158.py
Apply all rules on a single file.
Checking transformation add_nested_for_out
*Running tests for: sample_158
 
Result: ['tests_pass']
Checking transformation add_nested_if
*Running tests for: sample_158
 Traceback (most recent call last):
  File "/home/yang/Benchmark/.tmp_test/tmp_test.pysample_158", line 14, in <module>
    assert f([3, 6, 4, -2, 5]) == [6, 4, -2, 6, 4, -2]
AssertionError

output_actual, stderr_data: ('', b'Traceback (most recent call last):\n  File "/home/yang/Benchmark/.tmp_test/tmp_test.pysample_158", line 14, in <module>\n    assert f([3, 6, 4, -2, 5]) == [6, 4, -2, 6, 4, -2]\nAssertionError\n')
Result: ['error_or_timeout']
Drop add_nested_if due to ['error_or_timeout']
Checking transformation add_nested_list
*Running tests for: sample_158
 
Result: ['tests_pass']
Checking transformation transform_range_to_recursion
*Running tests for: sample_158
 
Result: ['tests_pass']
Checking transformation add_datetime
*Running tests for: sample_158
 
Result: ['tests_pass']
Checking transformation add_time
*Running tests for: sample_158
 
Result: ['tests_pass']
Checking transformation create_functions
*Running tests for: sample_158
 
Result: ['tests_pass']
Checking transformation add_decorator
*Running tests for: sample_158
 
Result: ['tests_pass']
Checking transformation add_http
*Running tests for: sample_158
 
Result: ['tests_pass']
Checking transformation add_scipy
*Running tests for: sample_158
 
Result: ['tests_pass']
Checking transformation add_base64
*Running tests for: sample_158
 
Result: ['tests_pass']
Checking transformation add_dateutil
*Running tests for: sample_158
 
Result: ['tests_pass']
The file 'reasoning_transformation_cruxeval/CRUXEval/e1f735e05ec0002c7d6ed7d62be776995bf4ddf4/Transformation/sample_158.py' has been formatted successfully.
Checking reasoning_transformation_cruxeval/CRUXEval/e1f735e05ec0002c7d6ed7d62be776995bf4ddf4/Transformation/sample_158.py
*Running tests for: sample_158
 
Result: ['tests_pass']
{ 'applicable_rules': [ 'change_var_names',
                        'add_nested_for_out',
                        'add_try_except_inside_functions',
                        'add_else_to_for',
                        'add_nested_list',
                        'transform_range_to_recursion',
                        'add_datetime',
                        'add_time',
                        'add_crypto',
                        'add_sklearn',
                        'create_functions',
                        'add_decorator',
                        'add_http',
                        'add_scipy',
                        'add_base64',
                        'add_dateutil'],
  'diff_output': 'reasoning_transformation_cruxeval/CRUXEval/e1f735e05ec0002c7d6ed7d62be776995bf4ddf4/Transformation/sample_158.patch',
  'evaluation_tests_dir': '/home/yang/Benchmark/dataset/cruxeval/',
  'exception': None,
  'file_id': 'sample_158',
  'genetic_algorithm': None,
  'original_code': 'def f(arr):\n'
                   '    n = [item for item in arr if item % 2 == 0]\n'
                   '    m = n + arr\n'
                   '    for i in m:\n'
                   '        if m.index(i) >= len(n):\n'
                   '            m.remove(i)\n'
                   '    return m',
  'patch_path': 'reasoning_transformation_cruxeval/CRUXEval/e1f735e05ec0002c7d6ed7d62be776995bf4ddf4/Transformation/sample_158.patch',
  'single_rule': None,
  'source_file': '/home/yang/Benchmark/dataset/cruxeval/code//sample_158.py',
  'target_file': 'reasoning_transformation_cruxeval/CRUXEval/e1f735e05ec0002c7d6ed7d62be776995bf4ddf4/Transformation/sample_158.py',
  'test_results_after': ['tests_pass'],
  'test_results_before': ['tests_pass'],
  'total_time': 5.591077,
  'transformed_code': 'from dateutil.parser import parse\n'
                      'import base64\n'
                      'from scipy.stats import ttest_ind\n'
                      'from http.client import HTTPConnection\n'
                      '\n'
                      'def my_decorator(func):\n'
                      "    HTTPConnection('google.com', port=80)\n"
                      '\n'
                      '    def dec_result(*args, **kwargs):\n'
                      '        res = func(*args, **kwargs)\n'
                      '        return res\n'
                      '    return dec_result\n'
                      '\n'
                      '@my_decorator\n'
                      'def newFunc0_13(arr, n):\n'
                      '    ttest_ind([45, 37, 71], [92, 31, 27])\n'
                      "    base64.b64encode(b'27230034520213744967')\n"
                      '    return n + arr\n'
                      'from sklearn.utils import shuffle\n'
                      'from cryptography.fernet import Fernet\n'
                      'import time\n'
                      'import datetime\n'
                      '\n'
                      'def f(arr):\n'
                      '    shuffle([26, 92, 30])\n'
                      "    parse('2024-10-19 21:59:22')\n"
                      '    time.sleep(0.11)\n'
                      '    datetime.datetime.now()\n'
                      '    Fernet.generate_key()\n'
                      '    try:\n'
                      '        n = [[newitem_1 for newitem_1 in arr if '
                      'newitem_1 % 2 == 0]][0]\n'
                      '        m = newFunc0_13(arr, n)\n'
                      '        LoopChecker14 = 148\n'
                      '        LoopChecker24 = 147\n'
                      '\n'
                      '        def loop_7_8(LoopIndexOut, stop, step):\n'
                      '            if step == 0 or (step > 0 and LoopIndexOut '
                      '>= stop) or (step < 0 and LoopIndexOut <= stop):\n'
                      '                return\n'
                      '            for i in m:\n'
                      '                if m.index(i) >= len(n):\n'
                      '                    m.remove(i)\n'
                      '            loop_7_8(LoopIndexOut + step, stop, step)\n'
                      '        loop_7_8(0, LoopChecker14 // LoopChecker24, 1)\n'
                      '        return m\n'
                      '    except:\n'
                      '        pass'}
[END] processing file: sample_158. Total Time: 5.591077
END AT 2024-10-19 21:59:23.910862
