STARTING AT 2024-10-19 21:55:51.132139
[START] processing file: sample_12
*Running tests for: sample_12
 
Result: ['tests_pass']
tests_pass sample_12 /home/yang/Benchmark/dataset/cruxeval/code//sample_12.py
Apply all rules on a single file.
Checking transformation add_nested_while_out
*Running tests for: sample_12
 
Result: ['tests_pass']
Checking transformation add_nested_list
*Running tests for: sample_12
 
Result: ['tests_pass']
Checking transformation add_datetime
*Running tests for: sample_12
 
Result: ['tests_pass']
Checking transformation add_time
*Running tests for: sample_12
 
Result: ['tests_pass']
Checking transformation create_functions
*Running tests for: sample_12
 
Result: ['tests_pass']
Checking transformation add_decorator
*Running tests for: sample_12
 
Result: ['tests_pass']
Checking transformation add_http
*Running tests for: sample_12
 
Result: ['tests_pass']
Checking transformation add_scipy
*Running tests for: sample_12
 
Result: ['tests_pass']
Checking transformation add_base64
*Running tests for: sample_12
 
Result: ['tests_pass']
Checking transformation add_dateutil
*Running tests for: sample_12
 
Result: ['tests_pass']
The file 'reasoning_transformation_cruxeval/CRUXEval/e1f735e05ec0002c7d6ed7d62be776995bf4ddf4/Transformation/sample_12.py' has been formatted successfully.
Checking reasoning_transformation_cruxeval/CRUXEval/e1f735e05ec0002c7d6ed7d62be776995bf4ddf4/Transformation/sample_12.py
*Running tests for: sample_12
 
Result: ['tests_pass']
{ 'applicable_rules': [ 'change_var_names',
                        'add_nested_while_out',
                        'add_try_except_inside_functions',
                        'add_else_to_while',
                        'add_nested_list',
                        'add_datetime',
                        'add_time',
                        'add_crypto',
                        'add_sklearn',
                        'create_functions',
                        'add_decorator',
                        'add_http',
                        'add_scipy',
                        'add_base64',
                        'add_dateutil',
                        'changing_AugAssign'],
  'diff_output': 'reasoning_transformation_cruxeval/CRUXEval/e1f735e05ec0002c7d6ed7d62be776995bf4ddf4/Transformation/sample_12.patch',
  'evaluation_tests_dir': '/home/yang/Benchmark/dataset/cruxeval/',
  'exception': None,
  'file_id': 'sample_12',
  'genetic_algorithm': None,
  'original_code': 'def f(s, x):\n'
                   '    count = 0\n'
                   '    while s[:len(x)] == x and count < len(s) - len(x):\n'
                   '        s = s[len(x):]\n'
                   '        count += len(x)\n'
                   '    return s',
  'patch_path': 'reasoning_transformation_cruxeval/CRUXEval/e1f735e05ec0002c7d6ed7d62be776995bf4ddf4/Transformation/sample_12.patch',
  'single_rule': None,
  'source_file': '/home/yang/Benchmark/dataset/cruxeval/code//sample_12.py',
  'target_file': 'reasoning_transformation_cruxeval/CRUXEval/e1f735e05ec0002c7d6ed7d62be776995bf4ddf4/Transformation/sample_12.py',
  'test_results_after': ['tests_pass'],
  'test_results_before': ['tests_pass'],
  'total_time': 6.265005,
  'transformed_code': 'from dateutil.parser import parse\n'
                      'import base64\n'
                      'from scipy.stats import ttest_ind\n'
                      'from http.client import HTTPConnection\n'
                      '\n'
                      'def my_decorator(func):\n'
                      '\n'
                      '    def dec_result(*args, **kwargs):\n'
                      '        res = func(*args, **kwargs)\n'
                      '        return res\n'
                      "    HTTPConnection('google.com', port=80)\n"
                      '    ttest_ind([93, 63, 79], [64, 95, 82])\n'
                      "    base64.b64encode(b'24200982991922064364')\n"
                      '    return dec_result\n'
                      '\n'
                      '@my_decorator\n'
                      'def newFunc_BinOp0(a, b):\n'
                      '    return a % b\n'
                      'from sklearn.utils import shuffle\n'
                      'from cryptography.fernet import Fernet\n'
                      'import time\n'
                      'import datetime\n'
                      '\n'
                      'def f(news_1, x):\n'
                      '    time.sleep(0.19)\n'
                      '    shuffle([69, 87, 53])\n'
                      '    datetime.datetime.now()\n'
                      '    Fernet.generate_key()\n'
                      "    parse('2024-10-19 21:55:55')\n"
                      '    try:\n'
                      '        count = [0][0]\n'
                      '        whileloopchecker13 = 422\n'
                      '        whileloopchecker23 = 421\n'
                      '        while newFunc_BinOp0(whileloopchecker13, '
                      'whileloopchecker23) == 1:\n'
                      '            whileloopchecker13 = whileloopchecker13 + '
                      '1\n'
                      '            while news_1[:len(x)] == x and count < '
                      'len(news_1) - len(x):\n'
                      '                news_1 = news_1[len(x):]\n'
                      '                count += len(x)\n'
                      '        else:\n'
                      '            pass\n'
                      '        return news_1\n'
                      '    except:\n'
                      '        pass'}
[END] processing file: sample_12. Total Time: 6.265005
END AT 2024-10-19 21:55:57.398554
