STARTING AT 2024-10-19 22:59:21.978471
[START] processing file: sample_697
*Running tests for: sample_697
 
Result: ['tests_pass']
tests_pass sample_697 /home/yang/Benchmark/dataset/cruxeval/code//sample_697.py
Apply all rules on a single file.
Checking transformation add_datetime
*Running tests for: sample_697
 
Result: ['tests_pass']
Checking transformation add_time
*Running tests for: sample_697
 
Result: ['tests_pass']
Checking transformation create_functions
*Running tests for: sample_697
 
Result: ['tests_pass']
Checking transformation add_decorator
*Running tests for: sample_697
 
Result: ['tests_pass']
Checking transformation add_http
*Running tests for: sample_697
 
Result: ['tests_pass']
Checking transformation add_scipy
*Running tests for: sample_697
 
Result: ['tests_pass']
Checking transformation add_base64
*Running tests for: sample_697
 
Result: ['tests_pass']
Checking transformation add_dateutil
*Running tests for: sample_697
 
Result: ['tests_pass']
The file 'reasoning_transformation_cruxeval/CRUXEval/e1f735e05ec0002c7d6ed7d62be776995bf4ddf4/Transformation/sample_697.py' has been formatted successfully.
Checking reasoning_transformation_cruxeval/CRUXEval/e1f735e05ec0002c7d6ed7d62be776995bf4ddf4/Transformation/sample_697.py
*Running tests for: sample_697
 
Result: ['tests_pass']
{ 'applicable_rules': [ 'change_var_names',
                        'add_try_except_inside_functions',
                        'add_datetime',
                        'add_time',
                        'add_crypto',
                        'add_sklearn',
                        'create_functions',
                        'add_decorator',
                        'add_http',
                        'add_scipy',
                        'add_base64',
                        'add_dateutil'],
  'diff_output': 'reasoning_transformation_cruxeval/CRUXEval/e1f735e05ec0002c7d6ed7d62be776995bf4ddf4/Transformation/sample_697.patch',
  'evaluation_tests_dir': '/home/yang/Benchmark/dataset/cruxeval/',
  'exception': None,
  'file_id': 'sample_697',
  'genetic_algorithm': None,
  'original_code': 'def f(s, sep):\n'
                   '    sep_index = s.find(sep)\n'
                   '    prefix = s[:sep_index]\n'
                   '    middle = s[sep_index:sep_index + len(sep)]\n'
                   '    right_str = s[sep_index + len(sep):]\n'
                   '    return (prefix, middle, right_str)',
  'patch_path': 'reasoning_transformation_cruxeval/CRUXEval/e1f735e05ec0002c7d6ed7d62be776995bf4ddf4/Transformation/sample_697.patch',
  'single_rule': None,
  'source_file': '/home/yang/Benchmark/dataset/cruxeval/code//sample_697.py',
  'target_file': 'reasoning_transformation_cruxeval/CRUXEval/e1f735e05ec0002c7d6ed7d62be776995bf4ddf4/Transformation/sample_697.py',
  'test_results_after': ['tests_pass'],
  'test_results_before': ['tests_pass'],
  'total_time': 5.631391,
  'transformed_code': 'from dateutil.parser import parse\n'
                      'import base64\n'
                      'from scipy.stats import ttest_ind\n'
                      'from http.client import HTTPConnection\n'
                      '\n'
                      'def my_decorator(func):\n'
                      '    ttest_ind([55, 5, 66], [6, 44, 21])\n'
                      '\n'
                      '    def dec_result(*args, **kwargs):\n'
                      '        res = func(*args, **kwargs)\n'
                      '        return res\n'
                      "    parse('2024-10-19 22:59:25')\n"
                      '    return dec_result\n'
                      '\n'
                      '@my_decorator\n'
                      'def newFunc_BinOp0(a, b):\n'
                      "    base64.b64encode(b'29844814088289490801')\n"
                      '    return a + b\n'
                      'from sklearn.utils import shuffle\n'
                      'from cryptography.fernet import Fernet\n'
                      'import time\n'
                      'import datetime\n'
                      '\n'
                      'def f(s, sep):\n'
                      '    shuffle([13, 34, 61])\n'
                      "    HTTPConnection('google.com', port=80)\n"
                      '    Fernet.generate_key()\n'
                      '    datetime.datetime.now()\n'
                      '    time.sleep(0.15)\n'
                      '    try:\n'
                      '        sep_index = s.find(sep)\n'
                      '        newprefix_1 = s[:sep_index]\n'
                      '        middle = s[sep_index:newFunc_BinOp0(sep_index, '
                      'len(sep))]\n'
                      '        right_str = s[sep_index + len(sep):]\n'
                      '        return (newprefix_1, middle, right_str)\n'
                      '    except:\n'
                      '        pass'}
[END] processing file: sample_697. Total Time: 5.631391
END AT 2024-10-19 22:59:27.610992
