STARTING AT 2024-10-19 23:37:31.498781
[START] processing file: sample_638
*Running tests for: sample_638
 
Result: ['tests_pass']
tests_pass sample_638 /home/yang/Benchmark/dataset/cruxeval/code//sample_638.py
Apply all rules on a single file.
Checking transformation add_nested_while_out
*Running tests for: sample_638
 
Result: ['tests_pass']
Checking transformation add_nested_if
*Running tests for: sample_638
 
Result: ['tests_pass']
Checking transformation add_nested_list
*Running tests for: sample_638
 
Result: ['tests_pass']
Checking transformation add_datetime
*Running tests for: sample_638
 
Result: ['tests_pass']
Checking transformation add_time
*Running tests for: sample_638
 
Result: ['tests_pass']
Checking transformation create_functions
*Running tests for: sample_638
 
Result: ['tests_pass']
Checking transformation add_decorator
*Running tests for: sample_638
 
Result: ['tests_pass']
Checking transformation add_http
*Running tests for: sample_638
 
Result: ['tests_pass']
Checking transformation add_scipy
*Running tests for: sample_638
 
Result: ['tests_pass']
Checking transformation add_base64
*Running tests for: sample_638
 
Result: ['tests_pass']
Checking transformation add_dateutil
*Running tests for: sample_638
 
Result: ['tests_pass']
The file 'reasoning_transformation_cruxeval/CRUXEval/951a917df7397c9cb698ead54386db6d1db4ffb0/Transformation/sample_638.py' has been formatted successfully.
Checking reasoning_transformation_cruxeval/CRUXEval/951a917df7397c9cb698ead54386db6d1db4ffb0/Transformation/sample_638.py
*Running tests for: sample_638
 
Result: ['tests_pass']
{ 'applicable_rules': [ 'change_var_names',
                        'add_nested_while_out',
                        'add_nested_if',
                        'add_try_except_inside_functions',
                        'add_else_to_while',
                        'add_nested_list',
                        'add_datetime',
                        'add_time',
                        'add_crypto',
                        'add_sklearn',
                        'create_functions',
                        'add_decorator',
                        'add_http',
                        'add_scipy',
                        'add_base64',
                        'add_dateutil',
                        'changing_AugAssign'],
  'diff_output': 'reasoning_transformation_cruxeval/CRUXEval/951a917df7397c9cb698ead54386db6d1db4ffb0/Transformation/sample_638.patch',
  'evaluation_tests_dir': '/home/yang/Benchmark/dataset/cruxeval/',
  'exception': None,
  'file_id': 'sample_638',
  'genetic_algorithm': None,
  'original_code': 'def f(s, suffix):\n'
                   '    if not suffix:\n'
                   '        return s\n'
                   '    while s.endswith(suffix):\n'
                   '        s = s[:-len(suffix)]\n'
                   '    return s',
  'patch_path': 'reasoning_transformation_cruxeval/CRUXEval/951a917df7397c9cb698ead54386db6d1db4ffb0/Transformation/sample_638.patch',
  'single_rule': None,
  'source_file': '/home/yang/Benchmark/dataset/cruxeval/code//sample_638.py',
  'target_file': 'reasoning_transformation_cruxeval/CRUXEval/951a917df7397c9cb698ead54386db6d1db4ffb0/Transformation/sample_638.py',
  'test_results_after': ['tests_pass'],
  'test_results_before': ['tests_pass'],
  'total_time': 5.906716,
  'transformed_code': 'from dateutil.parser import parse\n'
                      'import base64\n'
                      'from scipy.stats import ttest_ind\n'
                      'from http.client import HTTPConnection\n'
                      '\n'
                      'def my_decorator(func):\n'
                      '\n'
                      '    def dec_result(*args, **kwargs):\n'
                      '        res = func(*args, **kwargs)\n'
                      '        return res\n'
                      "    base64.b64encode(b'68191828035552341229')\n"
                      '    return dec_result\n'
                      '\n'
                      '@my_decorator\n'
                      'def newFunc_BinOp0(a, b):\n'
                      '    ttest_ind([32, 15, 72], [76, 94, 22])\n'
                      "    parse('2024-10-19 23:37:35')\n"
                      '    return a & b\n'
                      'from sklearn.utils import shuffle\n'
                      'from cryptography.fernet import Fernet\n'
                      'import time\n'
                      'import datetime\n'
                      '\n'
                      'def f(news_1, suffix):\n'
                      '    Fernet.generate_key()\n'
                      '    time.sleep(0.17)\n'
                      "    HTTPConnection('google.com', port=80)\n"
                      '    shuffle([30, 14, 68])\n'
                      '    datetime.datetime.now()\n'
                      '    try:\n'
                      '        ConditionChecker12 = [119][0]\n'
                      '        ConditionChecker22 = 107\n'
                      '        if newFunc_BinOp0(ConditionChecker12, '
                      'ConditionChecker22):\n'
                      '            if not suffix:\n'
                      '                return news_1\n'
                      '        whileloopchecker14 = 551\n'
                      '        whileloopchecker24 = 550\n'
                      '        while whileloopchecker14 % whileloopchecker24 '
                      '== 1:\n'
                      '            whileloopchecker14 = whileloopchecker14 + '
                      '1\n'
                      '            while news_1.endswith(suffix):\n'
                      '                news_1 = news_1[:-len(suffix)]\n'
                      '        else:\n'
                      '            pass\n'
                      '        return news_1\n'
                      '    except:\n'
                      '        pass'}
[END] processing file: sample_638. Total Time: 5.906716
END AT 2024-10-19 23:37:37.406910
