STARTING AT 2024-10-19 22:54:34.302203
[START] processing file: sample_657
*Running tests for: sample_657
 
Result: ['tests_pass']
tests_pass sample_657 /home/yang/Benchmark/dataset/cruxeval/code//sample_657.py
Apply all rules on a single file.
Checking transformation add_nested_for_out
*Running tests for: sample_657
 
Result: ['tests_pass']
Checking transformation add_nested_if
*Running tests for: sample_657
 
Result: ['tests_pass']
Checking transformation add_nested_list
*Running tests for: sample_657
 
Result: ['tests_pass']
Checking transformation transform_range_to_recursion
*Running tests for: sample_657
 
Result: ['tests_pass']
Checking transformation add_datetime
*Running tests for: sample_657
 
Result: ['tests_pass']
Checking transformation add_time
*Running tests for: sample_657
 
Result: ['tests_pass']
Checking transformation create_functions
*Running tests for: sample_657
 
Result: ['tests_pass']
Checking transformation add_decorator
*Running tests for: sample_657
 
Result: ['tests_pass']
Checking transformation add_http
*Running tests for: sample_657
 
Result: ['tests_pass']
Checking transformation add_scipy
*Running tests for: sample_657
 
Result: ['tests_pass']
Checking transformation add_base64
*Running tests for: sample_657
 
Result: ['tests_pass']
Checking transformation add_dateutil
*Running tests for: sample_657
 
Result: ['tests_pass']
The file 'reasoning_transformation_cruxeval/CRUXEval/e1f735e05ec0002c7d6ed7d62be776995bf4ddf4/Transformation/sample_657.py' has been formatted successfully.
Checking reasoning_transformation_cruxeval/CRUXEval/e1f735e05ec0002c7d6ed7d62be776995bf4ddf4/Transformation/sample_657.py
*Running tests for: sample_657
 
Result: ['tests_pass']
{ 'applicable_rules': [ 'change_var_names',
                        'add_nested_for_out',
                        'add_nested_if',
                        'add_try_except_inside_functions',
                        'add_else_to_for',
                        'add_nested_list',
                        'transform_range_to_recursion',
                        'add_datetime',
                        'add_time',
                        'add_crypto',
                        'add_sklearn',
                        'create_functions',
                        'add_decorator',
                        'add_http',
                        'add_scipy',
                        'add_base64',
                        'add_dateutil'],
  'diff_output': 'reasoning_transformation_cruxeval/CRUXEval/e1f735e05ec0002c7d6ed7d62be776995bf4ddf4/Transformation/sample_657.patch',
  'evaluation_tests_dir': '/home/yang/Benchmark/dataset/cruxeval/',
  'exception': None,
  'file_id': 'sample_657',
  'genetic_algorithm': None,
  'original_code': 'def f(text):\n'
                   "    for punct in '!.?,:;':\n"
                   '        if text.count(punct) > 1:\n'
                   "            return 'no'\n"
                   '        if text.endswith(punct):\n'
                   "            return 'no'\n"
                   '    return text.title()',
  'patch_path': 'reasoning_transformation_cruxeval/CRUXEval/e1f735e05ec0002c7d6ed7d62be776995bf4ddf4/Transformation/sample_657.patch',
  'single_rule': None,
  'source_file': '/home/yang/Benchmark/dataset/cruxeval/code//sample_657.py',
  'target_file': 'reasoning_transformation_cruxeval/CRUXEval/e1f735e05ec0002c7d6ed7d62be776995bf4ddf4/Transformation/sample_657.py',
  'test_results_after': ['tests_pass'],
  'test_results_before': ['tests_pass'],
  'total_time': 5.183736,
  'transformed_code': 'from dateutil.parser import parse\n'
                      'import base64\n'
                      'from scipy.stats import ttest_ind\n'
                      'from http.client import HTTPConnection\n'
                      '\n'
                      'def my_decorator(func):\n'
                      '\n'
                      '    def dec_result(*args, **kwargs):\n'
                      '        res = func(*args, **kwargs)\n'
                      '        return res\n'
                      '    ttest_ind([92, 82, 99], [87, 56, 74])\n'
                      '    return dec_result\n'
                      '\n'
                      '@my_decorator\n'
                      'def newFunc_BinOp0(a, b):\n'
                      "    HTTPConnection('google.com', port=80)\n"
                      "    parse('2024-10-19 22:54:38')\n"
                      '    return a & b\n'
                      'from sklearn.utils import shuffle\n'
                      'from cryptography.fernet import Fernet\n'
                      'import time\n'
                      'import datetime\n'
                      '\n'
                      'def f(text):\n'
                      '    shuffle([78, 23, 12])\n'
                      "    base64.b64encode(b'62560344167447873511')\n"
                      '    time.sleep(0.07)\n'
                      '    datetime.datetime.now()\n'
                      '    Fernet.generate_key()\n'
                      '    try:\n'
                      '        LoopChecker12 = [52][0]\n'
                      '        LoopChecker22 = 51\n'
                      '        ConditionChecker16 = 38\n'
                      '        ConditionChecker26 = 202\n'
                      '\n'
                      '        def loop_7_8(LoopIndexOut, stop, step):\n'
                      '            if step == 0 or (step > 0 and LoopIndexOut '
                      '>= stop) or (step < 0 and LoopIndexOut <= stop):\n'
                      '                return\n'
                      "            for newpunct_1 in '!.?,:;':\n"
                      '                if newFunc_BinOp0(ConditionChecker16, '
                      'ConditionChecker26):\n'
                      '                    if text.count(newpunct_1) > 1:\n'
                      "                        return 'no'\n"
                      '                if text.endswith(newpunct_1):\n'
                      "                    return 'no'\n"
                      '            loop_7_8(LoopIndexOut + step, stop, step)\n'
                      '        loop_7_8(0, LoopChecker12 // LoopChecker22, 1)\n'
                      '        return text.title()\n'
                      '    except:\n'
                      '        pass'}
[END] processing file: sample_657. Total Time: 5.183736
END AT 2024-10-19 22:54:39.487052
