STARTING AT 2024-10-19 22:59:02.721584
[START] processing file: sample_694
*Running tests for: sample_694
 
Result: ['tests_pass']
tests_pass sample_694 /home/yang/Benchmark/dataset/cruxeval/code//sample_694.py
Apply all rules on a single file.
Checking transformation add_datetime
*Running tests for: sample_694
 
Result: ['tests_pass']
Checking transformation add_time
*Running tests for: sample_694
 
Result: ['tests_pass']
Checking transformation create_functions
*Running tests for: sample_694
 
Result: ['tests_pass']
Checking transformation add_decorator
*Running tests for: sample_694
 
Result: ['tests_pass']
Checking transformation add_http
*Running tests for: sample_694
 
Result: ['tests_pass']
Checking transformation add_scipy
*Running tests for: sample_694
 
Result: ['tests_pass']
Checking transformation add_base64
*Running tests for: sample_694
 
Result: ['tests_pass']
Checking transformation add_dateutil
*Running tests for: sample_694
 
Result: ['tests_pass']
The file 'reasoning_transformation_cruxeval/CRUXEval/e1f735e05ec0002c7d6ed7d62be776995bf4ddf4/Transformation/sample_694.py' has been formatted successfully.
Checking reasoning_transformation_cruxeval/CRUXEval/e1f735e05ec0002c7d6ed7d62be776995bf4ddf4/Transformation/sample_694.py
*Running tests for: sample_694
 
Result: ['tests_pass']
{ 'applicable_rules': [ 'change_var_names',
                        'add_try_except_inside_functions',
                        'add_datetime',
                        'add_time',
                        'add_crypto',
                        'add_sklearn',
                        'create_functions',
                        'add_decorator',
                        'add_http',
                        'add_scipy',
                        'add_base64',
                        'add_dateutil'],
  'diff_output': 'reasoning_transformation_cruxeval/CRUXEval/e1f735e05ec0002c7d6ed7d62be776995bf4ddf4/Transformation/sample_694.patch',
  'evaluation_tests_dir': '/home/yang/Benchmark/dataset/cruxeval/',
  'exception': None,
  'file_id': 'sample_694',
  'genetic_algorithm': None,
  'original_code': 'def f(d):\n'
                   '    i = len(d) - 1\n'
                   '    key = list(d.keys())[i]\n'
                   '    d.pop(key, None)\n'
                   '    return (key, d)',
  'patch_path': 'reasoning_transformation_cruxeval/CRUXEval/e1f735e05ec0002c7d6ed7d62be776995bf4ddf4/Transformation/sample_694.patch',
  'single_rule': None,
  'source_file': '/home/yang/Benchmark/dataset/cruxeval/code//sample_694.py',
  'target_file': 'reasoning_transformation_cruxeval/CRUXEval/e1f735e05ec0002c7d6ed7d62be776995bf4ddf4/Transformation/sample_694.py',
  'test_results_after': ['tests_pass'],
  'test_results_before': ['tests_pass'],
  'total_time': 6.704824,
  'transformed_code': 'from dateutil.parser import parse\n'
                      'import base64\n'
                      'from scipy.stats import ttest_ind\n'
                      'from http.client import HTTPConnection\n'
                      '\n'
                      'def my_decorator(func):\n'
                      "    parse('2024-10-19 22:59:07')\n"
                      '\n'
                      '    def dec_result(*args, **kwargs):\n'
                      '        res = func(*args, **kwargs)\n'
                      '        return res\n'
                      '    return dec_result\n'
                      '\n'
                      '@my_decorator\n'
                      'def newFunc0_12(len, variable_3_12, d):\n'
                      "    HTTPConnection('google.com', port=80)\n"
                      '    ttest_ind([64, 100, 84], [5, 91, 24])\n'
                      '    return len(d) - variable_3_12\n'
                      'from sklearn.utils import shuffle\n'
                      'from cryptography.fernet import Fernet\n'
                      'import time\n'
                      'import datetime\n'
                      '\n'
                      'def f(d):\n'
                      "    base64.b64encode(b'09803129427012317084')\n"
                      '    Fernet.generate_key()\n'
                      '    datetime.datetime.now()\n'
                      '    time.sleep(0.26)\n'
                      '    shuffle([8, 10, 41])\n'
                      '    try:\n'
                      '        variable_3_12 = 1\n'
                      '        i = newFunc0_12(len, variable_3_12, d)\n'
                      '        newkey_1 = list(d.keys())[i]\n'
                      '        d.pop(newkey_1, None)\n'
                      '        return (newkey_1, d)\n'
                      '    except:\n'
                      '        pass'}
[END] processing file: sample_694. Total Time: 6.704824
END AT 2024-10-19 22:59:09.427495
