STARTING AT 2024-10-19 22:46:41.404347
[START] processing file: sample_568
*Running tests for: sample_568
 
Result: ['tests_pass']
tests_pass sample_568 /home/yang/Benchmark/dataset/cruxeval/code//sample_568.py
Apply all rules on a single file.
Checking transformation add_nested_for_out
*Running tests for: sample_568
 
Result: ['tests_pass']
Checking transformation add_nested_if
*Running tests for: sample_568
 
Result: ['tests_pass']
Checking transformation add_nested_list
*Running tests for: sample_568
 
Result: ['tests_pass']
Checking transformation transform_range_to_recursion
*Running tests for: sample_568
 
Result: ['tests_pass']
Checking transformation add_datetime
*Running tests for: sample_568
 
Result: ['tests_pass']
Checking transformation add_time
*Running tests for: sample_568
 
Result: ['tests_pass']
Checking transformation create_functions
*Running tests for: sample_568
 
Result: ['tests_pass']
Checking transformation add_decorator
*Running tests for: sample_568
 
Result: ['tests_pass']
Checking transformation add_http
*Running tests for: sample_568
 
Result: ['tests_pass']
Checking transformation add_scipy
*Running tests for: sample_568
 
Result: ['tests_pass']
Checking transformation add_base64
*Running tests for: sample_568
 
Result: ['tests_pass']
Checking transformation add_dateutil
*Running tests for: sample_568
 
Result: ['tests_pass']
The file 'reasoning_transformation_cruxeval/CRUXEval/e1f735e05ec0002c7d6ed7d62be776995bf4ddf4/Transformation/sample_568.py' has been formatted successfully.
Checking reasoning_transformation_cruxeval/CRUXEval/e1f735e05ec0002c7d6ed7d62be776995bf4ddf4/Transformation/sample_568.py
*Running tests for: sample_568
 
Result: ['tests_pass']
{ 'applicable_rules': [ 'change_var_names',
                        'add_nested_for_out',
                        'add_nested_if',
                        'add_try_except_inside_functions',
                        'add_else_to_for',
                        'add_nested_list',
                        'transform_range_to_recursion',
                        'add_datetime',
                        'add_time',
                        'add_crypto',
                        'add_sklearn',
                        'create_functions',
                        'add_decorator',
                        'add_http',
                        'add_scipy',
                        'add_base64',
                        'add_dateutil',
                        'changing_AugAssign'],
  'diff_output': 'reasoning_transformation_cruxeval/CRUXEval/e1f735e05ec0002c7d6ed7d62be776995bf4ddf4/Transformation/sample_568.patch',
  'evaluation_tests_dir': '/home/yang/Benchmark/dataset/cruxeval/',
  'exception': None,
  'file_id': 'sample_568',
  'genetic_algorithm': None,
  'original_code': 'def f(num):\n'
                   '    letter = 1\n'
                   "    for i in '1234567890':\n"
                   "        num = num.replace(i, '')\n"
                   '        if len(num) == 0:\n'
                   '            break\n'
                   '        num = num[letter:] + num[:letter]\n'
                   '        letter += 1\n'
                   '    return num',
  'patch_path': 'reasoning_transformation_cruxeval/CRUXEval/e1f735e05ec0002c7d6ed7d62be776995bf4ddf4/Transformation/sample_568.patch',
  'single_rule': None,
  'source_file': '/home/yang/Benchmark/dataset/cruxeval/code//sample_568.py',
  'target_file': 'reasoning_transformation_cruxeval/CRUXEval/e1f735e05ec0002c7d6ed7d62be776995bf4ddf4/Transformation/sample_568.py',
  'test_results_after': ['tests_pass'],
  'test_results_before': ['tests_pass'],
  'total_time': 6.000147,
  'transformed_code': 'from dateutil.parser import parse\n'
                      'import base64\n'
                      'from scipy.stats import ttest_ind\n'
                      'from http.client import HTTPConnection\n'
                      '\n'
                      'def my_decorator(func):\n'
                      "    base64.b64encode(b'58308725110862789387')\n"
                      '    ttest_ind([17, 1, 84], [13, 55, 94])\n'
                      '\n'
                      '    def dec_result(*args, **kwargs):\n'
                      '        res = func(*args, **kwargs)\n'
                      '        return res\n'
                      '    return dec_result\n'
                      '\n'
                      '@my_decorator\n'
                      'def newFunc0_27(variable_3_27, variable_1_27):\n'
                      '    return variable_1_27 + variable_3_27\n'
                      'from sklearn.utils import shuffle\n'
                      'from cryptography.fernet import Fernet\n'
                      'import time\n'
                      'import datetime\n'
                      '\n'
                      'def f(num):\n'
                      '    shuffle([7, 9, 86])\n'
                      '    time.sleep(0.16)\n'
                      "    parse('2024-10-19 22:46:45')\n"
                      "    HTTPConnection('google.com', port=80)\n"
                      '    Fernet.generate_key()\n'
                      '    datetime.datetime.now()\n'
                      '    try:\n'
                      '        letter = [1][0]\n'
                      '        LoopChecker13 = 712\n'
                      '        LoopChecker23 = 711\n'
                      '        ConditionChecker18 = 181\n'
                      '        ConditionChecker28 = 342\n'
                      '\n'
                      '        def loop_8_8(LoopIndexOut, stop, step):\n'
                      '            nonlocal num, letter\n'
                      '            if step == 0 or (step > 0 and LoopIndexOut '
                      '>= stop) or (step < 0 and LoopIndexOut <= stop):\n'
                      '                return\n'
                      "            for newi_1 in '1234567890':\n"
                      "                num = num.replace(newi_1, '')\n"
                      '                if ConditionChecker18 & '
                      'ConditionChecker28:\n'
                      '                    if len(num) == 0:\n'
                      '                        break\n'
                      '                variable_1_27 = num[letter:]\n'
                      '                variable_3_27 = num[:letter]\n'
                      '                num = newFunc0_27(variable_3_27, '
                      'variable_1_27)\n'
                      '                letter = letter + 1\n'
                      '            loop_8_8(LoopIndexOut + step, stop, step)\n'
                      '        loop_8_8(0, LoopChecker13 // LoopChecker23, 1)\n'
                      '        return num\n'
                      '    except:\n'
                      '        pass'}
[END] processing file: sample_568. Total Time: 6.000147
END AT 2024-10-19 22:46:47.406785
