STARTING AT 2024-10-19 22:57:05.240661
[START] processing file: sample_678
*Running tests for: sample_678
 
Result: ['tests_pass']
tests_pass sample_678 /home/yang/Benchmark/dataset/cruxeval/code//sample_678.py
Apply all rules on a single file.
Checking transformation add_nested_for_out
*Running tests for: sample_678
 
Result: ['tests_pass']
Checking transformation add_nested_if
*Running tests for: sample_678
 Traceback (most recent call last):
  File "/home/yang/Benchmark/.tmp_test/tmp_test.pysample_678", line 15, in <module>
    assert f("HI") == {'h': 1, 'i': 1}
AssertionError

output_actual, stderr_data: ('', b'Traceback (most recent call last):\n  File "/home/yang/Benchmark/.tmp_test/tmp_test.pysample_678", line 15, in <module>\n    assert f("HI") == {\'h\': 1, \'i\': 1}\nAssertionError\n')
Result: ['error_or_timeout']
Drop add_nested_if due to ['error_or_timeout']
Checking transformation add_nested_list
*Running tests for: sample_678
 
Result: ['tests_pass']
Checking transformation transform_range_to_recursion
*Running tests for: sample_678
 
Result: ['tests_pass']
Checking transformation add_datetime
*Running tests for: sample_678
 
Result: ['tests_pass']
Checking transformation add_time
*Running tests for: sample_678
 
Result: ['tests_pass']
Checking transformation create_functions
*Running tests for: sample_678
 
Result: ['tests_pass']
Checking transformation add_decorator
*Running tests for: sample_678
 
Result: ['tests_pass']
Checking transformation add_http
*Running tests for: sample_678
 
Result: ['tests_pass']
Checking transformation add_scipy
*Running tests for: sample_678
 
Result: ['tests_pass']
Checking transformation add_base64
*Running tests for: sample_678
 
Result: ['tests_pass']
Checking transformation add_dateutil
*Running tests for: sample_678
 
Result: ['tests_pass']
The file 'reasoning_transformation_cruxeval/CRUXEval/e1f735e05ec0002c7d6ed7d62be776995bf4ddf4/Transformation/sample_678.py' has been formatted successfully.
Checking reasoning_transformation_cruxeval/CRUXEval/e1f735e05ec0002c7d6ed7d62be776995bf4ddf4/Transformation/sample_678.py
*Running tests for: sample_678
 
Result: ['tests_pass']
{ 'applicable_rules': [ 'change_var_names',
                        'add_nested_for_out',
                        'add_try_except_inside_functions',
                        'add_else_to_for',
                        'add_nested_list',
                        'transform_range_to_recursion',
                        'add_datetime',
                        'add_time',
                        'add_crypto',
                        'add_sklearn',
                        'create_functions',
                        'add_decorator',
                        'add_http',
                        'add_scipy',
                        'add_base64',
                        'add_dateutil'],
  'diff_output': 'reasoning_transformation_cruxeval/CRUXEval/e1f735e05ec0002c7d6ed7d62be776995bf4ddf4/Transformation/sample_678.patch',
  'evaluation_tests_dir': '/home/yang/Benchmark/dataset/cruxeval/',
  'exception': None,
  'file_id': 'sample_678',
  'genetic_algorithm': None,
  'original_code': 'def f(text):\n'
                   '    freq = dict()\n'
                   '    for c in text.lower():\n'
                   '        if c in freq:\n'
                   '            freq[c] += 1\n'
                   '        else:\n'
                   '            freq[c] = 1\n'
                   '    return freq',
  'patch_path': 'reasoning_transformation_cruxeval/CRUXEval/e1f735e05ec0002c7d6ed7d62be776995bf4ddf4/Transformation/sample_678.patch',
  'single_rule': None,
  'source_file': '/home/yang/Benchmark/dataset/cruxeval/code//sample_678.py',
  'target_file': 'reasoning_transformation_cruxeval/CRUXEval/e1f735e05ec0002c7d6ed7d62be776995bf4ddf4/Transformation/sample_678.py',
  'test_results_after': ['tests_pass'],
  'test_results_before': ['tests_pass'],
  'total_time': 5.048526,
  'transformed_code': 'from dateutil.parser import parse\n'
                      'import base64\n'
                      'from scipy.stats import ttest_ind\n'
                      'from http.client import HTTPConnection\n'
                      '\n'
                      'def my_decorator(func):\n'
                      '    ttest_ind([13, 22, 8], [57, 27, 18])\n'
                      '\n'
                      '    def dec_result(*args, **kwargs):\n'
                      '        res = func(*args, **kwargs)\n'
                      '        return res\n'
                      '    return dec_result\n'
                      '\n'
                      '@my_decorator\n'
                      'def newFunc_BinOp0(a, b):\n'
                      '    return a + b\n'
                      'from sklearn.utils import shuffle\n'
                      'from cryptography.fernet import Fernet\n'
                      'import time\n'
                      'import datetime\n'
                      '\n'
                      'def f(text):\n'
                      "    parse('2024-10-19 22:57:08')\n"
                      '    datetime.datetime.now()\n'
                      "    base64.b64encode(b'78721405616837580076')\n"
                      '    Fernet.generate_key()\n'
                      '    time.sleep(0.04)\n'
                      "    HTTPConnection('google.com', port=80)\n"
                      '    shuffle([35, 14, 89])\n'
                      '    try:\n'
                      '        newfreq_1 = dict()\n'
                      '        LoopChecker13 = [320][0]\n'
                      '        LoopChecker23 = 319\n'
                      '\n'
                      '        def loop_6_8(LoopIndexOut, stop, step):\n'
                      '            if step == 0 or (step > 0 and LoopIndexOut '
                      '>= stop) or (step < 0 and LoopIndexOut <= stop):\n'
                      '                return\n'
                      '            for c in text.lower():\n'
                      '                if c in newfreq_1:\n'
                      '                    newfreq_1[c] += 1\n'
                      '                else:\n'
                      '                    newfreq_1[c] = 1\n'
                      '            loop_6_8(newFunc_BinOp0(LoopIndexOut, '
                      'step), stop, step)\n'
                      '        loop_6_8(0, LoopChecker13 // LoopChecker23, 1)\n'
                      '        return newfreq_1\n'
                      '    except:\n'
                      '        pass'}
[END] processing file: sample_678. Total Time: 5.048526
END AT 2024-10-19 22:57:10.291358
