STARTING AT 2024-10-19 22:48:43.319645
[START] processing file: sample_595
*Running tests for: sample_595
 
Result: ['tests_pass']
tests_pass sample_595 /home/yang/Benchmark/dataset/cruxeval/code//sample_595.py
Apply all rules on a single file.
Checking transformation add_nested_if
*Running tests for: sample_595
 
Result: ['tests_pass']
Checking transformation add_nested_list
*Running tests for: sample_595
 
Result: ['tests_pass']
Checking transformation add_datetime
*Running tests for: sample_595
 
Result: ['tests_pass']
Checking transformation add_time
*Running tests for: sample_595
 
Result: ['tests_pass']
Checking transformation create_functions
*Running tests for: sample_595
 
Result: ['tests_pass']
Checking transformation add_decorator
*Running tests for: sample_595
 
Result: ['tests_pass']
Checking transformation add_http
*Running tests for: sample_595
 
Result: ['tests_pass']
Checking transformation add_scipy
*Running tests for: sample_595
 
Result: ['tests_pass']
Checking transformation add_base64
*Running tests for: sample_595
 
Result: ['tests_pass']
Checking transformation add_dateutil
*Running tests for: sample_595
 
Result: ['tests_pass']
The file 'reasoning_transformation_cruxeval/CRUXEval/e1f735e05ec0002c7d6ed7d62be776995bf4ddf4/Transformation/sample_595.py' has been formatted successfully.
Checking reasoning_transformation_cruxeval/CRUXEval/e1f735e05ec0002c7d6ed7d62be776995bf4ddf4/Transformation/sample_595.py
*Running tests for: sample_595
 
Result: ['tests_pass']
{ 'applicable_rules': [ 'change_var_names',
                        'add_nested_if',
                        'add_try_except_inside_functions',
                        'add_nested_list',
                        'add_datetime',
                        'add_time',
                        'add_crypto',
                        'add_sklearn',
                        'create_functions',
                        'add_decorator',
                        'add_http',
                        'add_scipy',
                        'add_base64',
                        'add_dateutil'],
  'diff_output': 'reasoning_transformation_cruxeval/CRUXEval/e1f735e05ec0002c7d6ed7d62be776995bf4ddf4/Transformation/sample_595.patch',
  'evaluation_tests_dir': '/home/yang/Benchmark/dataset/cruxeval/',
  'exception': None,
  'file_id': 'sample_595',
  'genetic_algorithm': None,
  'original_code': 'def f(text, prefix):\n'
                   '    if text.startswith(prefix):\n'
                   '        text = text.removeprefix(prefix)\n'
                   '    text = text.capitalize()\n'
                   '    return text',
  'patch_path': 'reasoning_transformation_cruxeval/CRUXEval/e1f735e05ec0002c7d6ed7d62be776995bf4ddf4/Transformation/sample_595.patch',
  'single_rule': None,
  'source_file': '/home/yang/Benchmark/dataset/cruxeval/code//sample_595.py',
  'target_file': 'reasoning_transformation_cruxeval/CRUXEval/e1f735e05ec0002c7d6ed7d62be776995bf4ddf4/Transformation/sample_595.py',
  'test_results_after': ['tests_pass'],
  'test_results_before': ['tests_pass'],
  'total_time': 6.736101,
  'transformed_code': 'from dateutil.parser import parse\n'
                      'import base64\n'
                      'from scipy.stats import ttest_ind\n'
                      'from http.client import HTTPConnection\n'
                      '\n'
                      'def my_decorator(func):\n'
                      '\n'
                      '    def dec_result(*args, **kwargs):\n'
                      '        res = func(*args, **kwargs)\n'
                      '        return res\n'
                      "    base64.b64encode(b'86546609700997712119')\n"
                      '    return dec_result\n'
                      '\n'
                      '@my_decorator\n'
                      'def newFunc_BinOp0(a, b):\n'
                      "    HTTPConnection('google.com', port=80)\n"
                      '    return a & b\n'
                      'from sklearn.utils import shuffle\n'
                      'from cryptography.fernet import Fernet\n'
                      'import time\n'
                      'import datetime\n'
                      '\n'
                      'def f(newtext_1, prefix):\n'
                      '    ttest_ind([58, 41, 56], [20, 2, 16])\n'
                      '    time.sleep(0.27)\n'
                      '    Fernet.generate_key()\n'
                      '    datetime.datetime.now()\n'
                      '    shuffle([66, 48, 12])\n'
                      "    parse('2024-10-19 22:48:48')\n"
                      '    try:\n'
                      '        ConditionChecker12 = [155][0]\n'
                      '        ConditionChecker22 = 617\n'
                      '        if newFunc_BinOp0(ConditionChecker12, '
                      'ConditionChecker22):\n'
                      '            if newtext_1.startswith(prefix):\n'
                      '                newtext_1 = '
                      'newtext_1.removeprefix(prefix)\n'
                      '        newtext_1 = newtext_1.capitalize()\n'
                      '        return newtext_1\n'
                      '    except:\n'
                      '        pass'}
[END] processing file: sample_595. Total Time: 6.736101
END AT 2024-10-19 22:48:50.057023
