STARTING AT 2024-10-19 23:45:47.232888
[START] processing file: sample_91
*Running tests for: sample_91
 
Result: ['tests_pass']
tests_pass sample_91 /home/yang/Benchmark/dataset/cruxeval/code//sample_91.py
Apply all rules on a single file.
Checking transformation add_datetime
*Running tests for: sample_91
 
Result: ['tests_pass']
Checking transformation add_time
*Running tests for: sample_91
 
Result: ['tests_pass']
Checking transformation add_decorator
*Running tests for: sample_91
 
Result: ['tests_pass']
Checking transformation add_http
*Running tests for: sample_91
 
Result: ['tests_pass']
Checking transformation add_scipy
*Running tests for: sample_91
 
Result: ['tests_pass']
Checking transformation add_base64
*Running tests for: sample_91
 
Result: ['tests_pass']
Checking transformation add_dateutil
*Running tests for: sample_91
 
Result: ['tests_pass']
The file 'reasoning_transformation_cruxeval/CRUXEval/464e9e956c111b2d9fa4116e6d9f690ffe444235/Transformation/sample_91.py' has been formatted successfully.
Checking reasoning_transformation_cruxeval/CRUXEval/464e9e956c111b2d9fa4116e6d9f690ffe444235/Transformation/sample_91.py
*Running tests for: sample_91
 
Result: ['tests_pass']
{ 'applicable_rules': [ 'change_var_names',
                        'add_try_except_inside_functions',
                        'add_datetime',
                        'add_time',
                        'add_crypto',
                        'add_sklearn',
                        'add_decorator',
                        'add_http',
                        'add_scipy',
                        'add_base64',
                        'add_dateutil'],
  'diff_output': 'reasoning_transformation_cruxeval/CRUXEval/464e9e956c111b2d9fa4116e6d9f690ffe444235/Transformation/sample_91.patch',
  'evaluation_tests_dir': '/home/yang/Benchmark/dataset/cruxeval/',
  'exception': None,
  'file_id': 'sample_91',
  'genetic_algorithm': None,
  'original_code': 'def f(s):\n'
                   '    d = dict.fromkeys(s, 0)\n'
                   '    return list(d.keys())',
  'patch_path': 'reasoning_transformation_cruxeval/CRUXEval/464e9e956c111b2d9fa4116e6d9f690ffe444235/Transformation/sample_91.patch',
  'single_rule': None,
  'source_file': '/home/yang/Benchmark/dataset/cruxeval/code//sample_91.py',
  'target_file': 'reasoning_transformation_cruxeval/CRUXEval/464e9e956c111b2d9fa4116e6d9f690ffe444235/Transformation/sample_91.py',
  'test_results_after': ['tests_pass'],
  'test_results_before': ['tests_pass'],
  'total_time': 3.892945,
  'transformed_code': 'from dateutil.parser import parse\n'
                      'import base64\n'
                      'from scipy.stats import ttest_ind\n'
                      'from http.client import HTTPConnection\n'
                      '\n'
                      'def my_decorator(func):\n'
                      '\n'
                      '    def dec_result(*args, **kwargs):\n'
                      '        res = func(*args, **kwargs)\n'
                      '        return res\n'
                      "    HTTPConnection('google.com', port=80)\n"
                      "    base64.b64encode(b'42755881406075161171')\n"
                      '    return dec_result\n'
                      'from sklearn.utils import shuffle\n'
                      'from cryptography.fernet import Fernet\n'
                      'import time\n'
                      'import datetime\n'
                      '\n'
                      '@my_decorator\n'
                      'def f(s):\n'
                      '    Fernet.generate_key()\n'
                      '    ttest_ind([71, 50, 46], [50, 69, 71])\n'
                      '    shuffle([84, 94, 70])\n'
                      "    parse('2024-10-19 23:45:49')\n"
                      '    datetime.datetime.now()\n'
                      '    time.sleep(0.03)\n'
                      '    try:\n'
                      '        newd_1 = dict.fromkeys(s, 0)\n'
                      '        return list(newd_1.keys())\n'
                      '    except:\n'
                      '        pass'}
[END] processing file: sample_91. Total Time: 3.892945
END AT 2024-10-19 23:45:51.126825
