STARTING AT 2024-10-19 22:25:22.115025
[START] processing file: sample_378
*Running tests for: sample_378
 
Result: ['tests_pass']
tests_pass sample_378 /home/yang/Benchmark/dataset/cruxeval/code//sample_378.py
Apply all rules on a single file.
Checking transformation add_nested_while_out
*Running tests for: sample_378
 
Result: ['tests_pass']
Checking transformation add_nested_if
*Running tests for: sample_378
 
Result: ['tests_pass']
Checking transformation add_nested_list
*Running tests for: sample_378
 
Result: ['tests_pass']
Checking transformation add_datetime
*Running tests for: sample_378
 
Result: ['tests_pass']
Checking transformation add_time
*Running tests for: sample_378
 
Result: ['tests_pass']
Checking transformation create_functions
*Running tests for: sample_378
 
Result: ['tests_pass']
Checking transformation add_decorator
*Running tests for: sample_378
 
Result: ['tests_pass']
Checking transformation add_http
*Running tests for: sample_378
 
Result: ['tests_pass']
Checking transformation add_scipy
*Running tests for: sample_378
 
Result: ['tests_pass']
Checking transformation add_base64
*Running tests for: sample_378
 
Result: ['tests_pass']
Checking transformation add_dateutil
*Running tests for: sample_378
 
Result: ['tests_pass']
The file 'reasoning_transformation_cruxeval/CRUXEval/e1f735e05ec0002c7d6ed7d62be776995bf4ddf4/Transformation/sample_378.py' has been formatted successfully.
Checking reasoning_transformation_cruxeval/CRUXEval/e1f735e05ec0002c7d6ed7d62be776995bf4ddf4/Transformation/sample_378.py
*Running tests for: sample_378
 
Result: ['tests_pass']
{ 'applicable_rules': [ 'change_var_names',
                        'add_nested_while_out',
                        'add_nested_if',
                        'add_try_except_inside_functions',
                        'add_else_to_while',
                        'add_nested_list',
                        'add_datetime',
                        'add_time',
                        'add_crypto',
                        'add_sklearn',
                        'create_functions',
                        'add_decorator',
                        'add_http',
                        'add_scipy',
                        'add_base64',
                        'add_dateutil',
                        'changing_AugAssign'],
  'diff_output': 'reasoning_transformation_cruxeval/CRUXEval/e1f735e05ec0002c7d6ed7d62be776995bf4ddf4/Transformation/sample_378.patch',
  'evaluation_tests_dir': '/home/yang/Benchmark/dataset/cruxeval/',
  'exception': None,
  'file_id': 'sample_378',
  'genetic_algorithm': None,
  'original_code': 'def f(dic, key):\n'
                   '    dic = dict(dic)\n'
                   '    v = dic.pop(key, 0)\n'
                   '    if v == 0:\n'
                   "        return 'No such key!'\n"
                   '    while len(dic) > 0:\n'
                   '        dic[dic.popitem()[1]] = dic.popitem()[0]\n'
                   '    return int(dic.popitem()[0])',
  'patch_path': 'reasoning_transformation_cruxeval/CRUXEval/e1f735e05ec0002c7d6ed7d62be776995bf4ddf4/Transformation/sample_378.patch',
  'single_rule': None,
  'source_file': '/home/yang/Benchmark/dataset/cruxeval/code//sample_378.py',
  'target_file': 'reasoning_transformation_cruxeval/CRUXEval/e1f735e05ec0002c7d6ed7d62be776995bf4ddf4/Transformation/sample_378.py',
  'test_results_after': ['tests_pass'],
  'test_results_before': ['tests_pass'],
  'total_time': 5.221632,
  'transformed_code': 'from dateutil.parser import parse\n'
                      'import base64\n'
                      'from scipy.stats import ttest_ind\n'
                      'from http.client import HTTPConnection\n'
                      '\n'
                      'def my_decorator(func):\n'
                      '\n'
                      '    def dec_result(*args, **kwargs):\n'
                      '        res = func(*args, **kwargs)\n'
                      '        return res\n'
                      '    return dec_result\n'
                      '\n'
                      '@my_decorator\n'
                      'def newFunc_BinOp0(a, b):\n'
                      '    ttest_ind([69, 66, 42], [45, 14, 15])\n'
                      "    parse('2024-10-19 22:25:25')\n"
                      '    return a & b\n'
                      'from sklearn.utils import shuffle\n'
                      'from cryptography.fernet import Fernet\n'
                      'import time\n'
                      'import datetime\n'
                      '\n'
                      'def f(newdic_1, key):\n'
                      '    Fernet.generate_key()\n'
                      '    datetime.datetime.now()\n'
                      "    HTTPConnection('google.com', port=80)\n"
                      '    time.sleep(0.07)\n'
                      "    base64.b64encode(b'57144873414782895859')\n"
                      '    shuffle([90, 86, 84])\n'
                      '    try:\n'
                      '        ConditionChecker14 = [312][0]\n'
                      '        ConditionChecker24 = 350\n'
                      '        newdic_1 = dict(newdic_1)\n'
                      '        v = newdic_1.pop(key, 0)\n'
                      '        if newFunc_BinOp0(ConditionChecker14, '
                      'ConditionChecker24):\n'
                      '            if v == 0:\n'
                      "                return 'No such key!'\n"
                      '        whileloopchecker16 = 63\n'
                      '        whileloopchecker26 = 62\n'
                      '        while whileloopchecker16 % whileloopchecker26 '
                      '== 1:\n'
                      '            whileloopchecker16 = whileloopchecker16 + '
                      '1\n'
                      '            while len(newdic_1) > 0:\n'
                      '                newdic_1[newdic_1.popitem()[1]] = '
                      'newdic_1.popitem()[0]\n'
                      '        else:\n'
                      '            pass\n'
                      '        return int(newdic_1.popitem()[0])\n'
                      '    except:\n'
                      '        pass'}
[END] processing file: sample_378. Total Time: 5.221632
END AT 2024-10-19 22:25:27.337877
