STARTING AT 2024-10-19 23:39:37.805492
[START] processing file: sample_726
*Running tests for: sample_726
 
Result: ['tests_pass']
tests_pass sample_726 /home/yang/Benchmark/dataset/cruxeval/code//sample_726.py
Apply all rules on a single file.
Checking transformation add_nested_for_out
*Running tests for: sample_726
 
Result: ['tests_pass']
Checking transformation add_nested_if
*Running tests for: sample_726
 
Result: ['tests_pass']
Checking transformation add_nested_list
*Running tests for: sample_726
 
Result: ['tests_pass']
Checking transformation transform_range_to_recursion
*Running tests for: sample_726
 
Result: ['tests_pass']
Checking transformation add_datetime
*Running tests for: sample_726
 
Result: ['tests_pass']
Checking transformation add_time
*Running tests for: sample_726
 
Result: ['tests_pass']
Checking transformation create_functions
*Running tests for: sample_726
 
Result: ['tests_pass']
Checking transformation add_decorator
*Running tests for: sample_726
 
Result: ['tests_pass']
Checking transformation add_http
*Running tests for: sample_726
 
Result: ['tests_pass']
Checking transformation add_scipy
*Running tests for: sample_726
 
Result: ['tests_pass']
Checking transformation add_base64
*Running tests for: sample_726
 
Result: ['tests_pass']
Checking transformation add_dateutil
*Running tests for: sample_726
 
Result: ['tests_pass']
The file 'reasoning_transformation_cruxeval/CRUXEval/951a917df7397c9cb698ead54386db6d1db4ffb0/Transformation/sample_726.py' has been formatted successfully.
Checking reasoning_transformation_cruxeval/CRUXEval/951a917df7397c9cb698ead54386db6d1db4ffb0/Transformation/sample_726.py
*Running tests for: sample_726
 
Result: ['tests_pass']
{ 'applicable_rules': [ 'change_var_names',
                        'add_nested_for_out',
                        'add_nested_if',
                        'add_try_except_inside_functions',
                        'add_else_to_for',
                        'add_nested_list',
                        'transform_range_to_recursion',
                        'add_datetime',
                        'add_time',
                        'add_crypto',
                        'add_sklearn',
                        'create_functions',
                        'add_decorator',
                        'add_http',
                        'add_scipy',
                        'add_base64',
                        'add_dateutil',
                        'changing_AugAssign'],
  'diff_output': 'reasoning_transformation_cruxeval/CRUXEval/951a917df7397c9cb698ead54386db6d1db4ffb0/Transformation/sample_726.patch',
  'evaluation_tests_dir': '/home/yang/Benchmark/dataset/cruxeval/',
  'exception': None,
  'file_id': 'sample_726',
  'genetic_algorithm': None,
  'original_code': 'def f(text):\n'
                   '    ws = 0\n'
                   '    for s in text:\n'
                   '        if s.isspace():\n'
                   '            ws += 1\n'
                   '    return (ws, len(text))',
  'patch_path': 'reasoning_transformation_cruxeval/CRUXEval/951a917df7397c9cb698ead54386db6d1db4ffb0/Transformation/sample_726.patch',
  'single_rule': None,
  'source_file': '/home/yang/Benchmark/dataset/cruxeval/code//sample_726.py',
  'target_file': 'reasoning_transformation_cruxeval/CRUXEval/951a917df7397c9cb698ead54386db6d1db4ffb0/Transformation/sample_726.py',
  'test_results_after': ['tests_pass'],
  'test_results_before': ['tests_pass'],
  'total_time': 4.967122,
  'transformed_code': 'from dateutil.parser import parse\n'
                      'import base64\n'
                      'from scipy.stats import ttest_ind\n'
                      'from http.client import HTTPConnection\n'
                      '\n'
                      'def my_decorator(func):\n'
                      "    base64.b64encode(b'03550169466207039836')\n"
                      '\n'
                      '    def dec_result(*args, **kwargs):\n'
                      '        res = func(*args, **kwargs)\n'
                      '        return res\n'
                      '    return dec_result\n'
                      '\n'
                      '@my_decorator\n'
                      'def newFunc_BinOp0(a, b):\n'
                      '    return a & b\n'
                      'from sklearn.utils import shuffle\n'
                      'from cryptography.fernet import Fernet\n'
                      'import time\n'
                      'import datetime\n'
                      '\n'
                      'def f(text):\n'
                      '    ttest_ind([94, 88, 38], [96, 45, 2])\n'
                      "    HTTPConnection('google.com', port=80)\n"
                      '    Fernet.generate_key()\n'
                      '    time.sleep(0.05)\n'
                      '    datetime.datetime.now()\n'
                      '    shuffle([85, 36, 11])\n'
                      "    parse('2024-10-19 23:39:41')\n"
                      '    try:\n'
                      '        ws = [0][0]\n'
                      '        LoopChecker13 = 589\n'
                      '        LoopChecker23 = 588\n'
                      '        ConditionChecker17 = 141\n'
                      '        ConditionChecker27 = 151\n'
                      '\n'
                      '        def loop_8_8(LoopIndexOut, stop, step):\n'
                      '            nonlocal ws\n'
                      '            if step == 0 or (step > 0 and LoopIndexOut '
                      '>= stop) or (step < 0 and LoopIndexOut <= stop):\n'
                      '                return\n'
                      '            for news_1 in text:\n'
                      '                if newFunc_BinOp0(ConditionChecker17, '
                      'ConditionChecker27):\n'
                      '                    if news_1.isspace():\n'
                      '                        ws = ws + 1\n'
                      '            loop_8_8(LoopIndexOut + step, stop, step)\n'
                      '        loop_8_8(0, LoopChecker13 // LoopChecker23, 1)\n'
                      '        return (ws, len(text))\n'
                      '    except:\n'
                      '        pass'}
[END] processing file: sample_726. Total Time: 4.967122
END AT 2024-10-19 23:39:42.774815
