STARTING AT 2024-10-19 22:51:16.529466
[START] processing file: sample_616
*Running tests for: sample_616
 
Result: ['tests_pass']
tests_pass sample_616 /home/yang/Benchmark/dataset/cruxeval/code//sample_616.py
Apply all rules on a single file.
Checking transformation add_nested_for_out
*Running tests for: sample_616
 
Result: ['tests_pass']
Checking transformation add_nested_if
*Running tests for: sample_616
 
Result: ['tests_pass']
Checking transformation add_nested_list
*Running tests for: sample_616
 
Result: ['tests_pass']
Checking transformation transform_range_to_recursion
*Running tests for: sample_616
 
Result: ['tests_pass']
Checking transformation add_datetime
*Running tests for: sample_616
 
Result: ['tests_pass']
Checking transformation add_time
*Running tests for: sample_616
 
Result: ['tests_pass']
Checking transformation create_functions
*Running tests for: sample_616
 
Result: ['tests_pass']
Checking transformation add_decorator
*Running tests for: sample_616
 
Result: ['tests_pass']
Checking transformation add_http
*Running tests for: sample_616
 
Result: ['tests_pass']
Checking transformation add_scipy
*Running tests for: sample_616
 
Result: ['tests_pass']
Checking transformation add_base64
*Running tests for: sample_616
 
Result: ['tests_pass']
Checking transformation add_dateutil
*Running tests for: sample_616
 
Result: ['tests_pass']
The file 'reasoning_transformation_cruxeval/CRUXEval/e1f735e05ec0002c7d6ed7d62be776995bf4ddf4/Transformation/sample_616.py' has been formatted successfully.
Checking reasoning_transformation_cruxeval/CRUXEval/e1f735e05ec0002c7d6ed7d62be776995bf4ddf4/Transformation/sample_616.py
*Running tests for: sample_616
 
Result: ['tests_pass']
{ 'applicable_rules': [ 'change_var_names',
                        'add_nested_for_out',
                        'add_nested_if',
                        'add_try_except_inside_functions',
                        'add_else_to_for',
                        'add_nested_list',
                        'transform_range_to_recursion',
                        'add_datetime',
                        'add_time',
                        'add_crypto',
                        'add_sklearn',
                        'create_functions',
                        'add_decorator',
                        'add_http',
                        'add_scipy',
                        'add_base64',
                        'add_dateutil'],
  'diff_output': 'reasoning_transformation_cruxeval/CRUXEval/e1f735e05ec0002c7d6ed7d62be776995bf4ddf4/Transformation/sample_616.patch',
  'evaluation_tests_dir': '/home/yang/Benchmark/dataset/cruxeval/',
  'exception': None,
  'file_id': 'sample_616',
  'genetic_algorithm': None,
  'original_code': 'def f(body):\n'
                   '    ls = list(body)\n'
                   '    dist = 0\n'
                   '    for i in range(0, len(ls) - 1):\n'
                   "        if ls[i - 2 if i - 2 >= 0 else 0] == '\\t':\n"
                   "            dist += (1 + ls[i - 1].count('\\t')) * 3\n"
                   "        ls[i] = '[' + ls[i] + ']'\n"
                   "    return ''.join(ls).expandtabs(4 + dist)",
  'patch_path': 'reasoning_transformation_cruxeval/CRUXEval/e1f735e05ec0002c7d6ed7d62be776995bf4ddf4/Transformation/sample_616.patch',
  'single_rule': None,
  'source_file': '/home/yang/Benchmark/dataset/cruxeval/code//sample_616.py',
  'target_file': 'reasoning_transformation_cruxeval/CRUXEval/e1f735e05ec0002c7d6ed7d62be776995bf4ddf4/Transformation/sample_616.py',
  'test_results_after': ['tests_pass'],
  'test_results_before': ['tests_pass'],
  'total_time': 6.607304,
  'transformed_code': 'from dateutil.parser import parse\n'
                      'import base64\n'
                      'from scipy.stats import ttest_ind\n'
                      'from http.client import HTTPConnection\n'
                      '\n'
                      'def my_decorator(func):\n'
                      '\n'
                      '    def dec_result(*args, **kwargs):\n'
                      '        res = func(*args, **kwargs)\n'
                      '        return res\n'
                      '    return dec_result\n'
                      '\n'
                      '@my_decorator\n'
                      'def newFunc0_27(variable_4_27, variable_3_27, '
                      'variable_6_27):\n'
                      '    ttest_ind([100, 27, 33], [52, 5, 21])\n'
                      '    return variable_4_27 + variable_6_27 + '
                      'variable_3_27\n'
                      'from sklearn.utils import shuffle\n'
                      'from cryptography.fernet import Fernet\n'
                      'import time\n'
                      'import datetime\n'
                      '\n'
                      'def f(body):\n'
                      '    Fernet.generate_key()\n'
                      "    HTTPConnection('google.com', port=80)\n"
                      '    shuffle([7, 3, 4])\n'
                      "    base64.b64encode(b'31983995954388921695')\n"
                      '    time.sleep(0.14)\n'
                      '    datetime.datetime.now()\n'
                      "    parse('2024-10-19 22:51:21')\n"
                      '    try:\n'
                      '        ls = list(body)\n'
                      '        newdist_1 = [0][0]\n'
                      '        LoopChecker14 = 245\n'
                      '        LoopChecker24 = 244\n'
                      '        ConditionChecker18 = 332\n'
                      '        ConditionChecker28 = 409\n'
                      '        for LoopIndexOut in range(LoopChecker14 // '
                      'LoopChecker24):\n'
                      '\n'
                      '            def loop_10_12(i, stop, step):\n'
                      '                nonlocal newdist_1\n'
                      '                if step == 0 or (step > 0 and i >= '
                      'stop) or (step < 0 and i <= stop):\n'
                      '                    return\n'
                      '                if ConditionChecker18 & '
                      'ConditionChecker28:\n'
                      '                    if ls[i - 2 if i - 2 >= 0 else 0] '
                      "== '\\t':\n"
                      '                        newdist_1 += (1 + ls[i - '
                      "1].count('\\t')) * 3\n"
                      '                variable_6_27 = ls[i]\n'
                      "                variable_3_27 = ']'\n"
                      "                variable_4_27 = '['\n"
                      '                ls[i] = newFunc0_27(variable_4_27, '
                      'variable_3_27, variable_6_27)\n'
                      '                loop_10_12(i + step, stop, step)\n'
                      '            loop_10_12(0, len(ls) - 1, 1)\n'
                      '        else:\n'
                      '            pass\n'
                      "        return ''.join(ls).expandtabs(4 + newdist_1)\n"
                      '    except:\n'
                      '        pass'}
[END] processing file: sample_616. Total Time: 6.607304
END AT 2024-10-19 22:51:23.138098
