STARTING AT 2024-10-19 23:03:14.501552
[START] processing file: sample_748
*Running tests for: sample_748
 
Result: ['tests_pass']
tests_pass sample_748 /home/yang/Benchmark/dataset/cruxeval/code//sample_748.py
Apply all rules on a single file.
Checking transformation add_datetime
*Running tests for: sample_748
 
Result: ['tests_pass']
Checking transformation add_time
*Running tests for: sample_748
 
Result: ['tests_pass']
Checking transformation add_decorator
*Running tests for: sample_748
 
Result: ['tests_pass']
Checking transformation add_http
*Running tests for: sample_748
 
Result: ['tests_pass']
Checking transformation add_scipy
*Running tests for: sample_748
 
Result: ['tests_pass']
Checking transformation add_base64
*Running tests for: sample_748
 
Result: ['tests_pass']
Checking transformation add_dateutil
*Running tests for: sample_748
 
Result: ['tests_pass']
The file 'reasoning_transformation_cruxeval/CRUXEval/e1f735e05ec0002c7d6ed7d62be776995bf4ddf4/Transformation/sample_748.py' has been formatted successfully.
Checking reasoning_transformation_cruxeval/CRUXEval/e1f735e05ec0002c7d6ed7d62be776995bf4ddf4/Transformation/sample_748.py
*Running tests for: sample_748
 
Result: ['tests_pass']
{ 'applicable_rules': [ 'change_var_names',
                        'add_try_except_inside_functions',
                        'add_datetime',
                        'add_time',
                        'add_crypto',
                        'add_sklearn',
                        'add_decorator',
                        'add_http',
                        'add_scipy',
                        'add_base64',
                        'add_dateutil'],
  'diff_output': 'reasoning_transformation_cruxeval/CRUXEval/e1f735e05ec0002c7d6ed7d62be776995bf4ddf4/Transformation/sample_748.patch',
  'evaluation_tests_dir': '/home/yang/Benchmark/dataset/cruxeval/',
  'exception': None,
  'file_id': 'sample_748',
  'genetic_algorithm': None,
  'original_code': 'def f(d):\n'
                   '    i = iter(d.items())\n'
                   '    return (next(i), next(i))',
  'patch_path': 'reasoning_transformation_cruxeval/CRUXEval/e1f735e05ec0002c7d6ed7d62be776995bf4ddf4/Transformation/sample_748.patch',
  'single_rule': None,
  'source_file': '/home/yang/Benchmark/dataset/cruxeval/code//sample_748.py',
  'target_file': 'reasoning_transformation_cruxeval/CRUXEval/e1f735e05ec0002c7d6ed7d62be776995bf4ddf4/Transformation/sample_748.py',
  'test_results_after': ['tests_pass'],
  'test_results_before': ['tests_pass'],
  'total_time': 5.617131,
  'transformed_code': 'from dateutil.parser import parse\n'
                      'import base64\n'
                      'from scipy.stats import ttest_ind\n'
                      'from http.client import HTTPConnection\n'
                      '\n'
                      'def my_decorator(func):\n'
                      "    HTTPConnection('google.com', port=80)\n"
                      "    base64.b64encode(b'77746232421333920753')\n"
                      '\n'
                      '    def dec_result(*args, **kwargs):\n'
                      '        res = func(*args, **kwargs)\n'
                      '        return res\n'
                      '    return dec_result\n'
                      'from sklearn.utils import shuffle\n'
                      'from cryptography.fernet import Fernet\n'
                      'import time\n'
                      'import datetime\n'
                      '\n'
                      '@my_decorator\n'
                      'def f(d):\n'
                      "    parse('2024-10-19 23:03:18')\n"
                      '    Fernet.generate_key()\n'
                      '    datetime.datetime.now()\n'
                      '    shuffle([5, 14, 91])\n'
                      '    time.sleep(0.26)\n'
                      '    ttest_ind([98, 28, 5], [96, 41, 96])\n'
                      '    try:\n'
                      '        newi_1 = iter(d.items())\n'
                      '        return (next(newi_1), next(newi_1))\n'
                      '    except:\n'
                      '        pass'}
[END] processing file: sample_748. Total Time: 5.617131
END AT 2024-10-19 23:03:20.120592
