STARTING AT 2024-10-19 23:45:41.912395
[START] processing file: sample_790
*Running tests for: sample_790
 
Result: ['tests_pass']
tests_pass sample_790 /home/yang/Benchmark/dataset/cruxeval/code//sample_790.py
Apply all rules on a single file.
Checking transformation add_datetime
*Running tests for: sample_790
 
Result: ['tests_pass']
Checking transformation add_time
*Running tests for: sample_790
 
Result: ['tests_pass']
Checking transformation add_decorator
*Running tests for: sample_790
 
Result: ['tests_pass']
Checking transformation add_http
*Running tests for: sample_790
 
Result: ['tests_pass']
Checking transformation add_scipy
*Running tests for: sample_790
 
Result: ['tests_pass']
Checking transformation add_base64
*Running tests for: sample_790
 
Result: ['tests_pass']
Checking transformation add_dateutil
*Running tests for: sample_790
 
Result: ['tests_pass']
The file 'reasoning_transformation_cruxeval/CRUXEval/464e9e956c111b2d9fa4116e6d9f690ffe444235/Transformation/sample_790.py' has been formatted successfully.
Checking reasoning_transformation_cruxeval/CRUXEval/464e9e956c111b2d9fa4116e6d9f690ffe444235/Transformation/sample_790.py
*Running tests for: sample_790
 
Result: ['tests_pass']
{ 'applicable_rules': [ 'change_var_names',
                        'add_try_except_inside_functions',
                        'add_datetime',
                        'add_time',
                        'add_crypto',
                        'add_sklearn',
                        'add_decorator',
                        'add_http',
                        'add_scipy',
                        'add_base64',
                        'add_dateutil'],
  'diff_output': 'reasoning_transformation_cruxeval/CRUXEval/464e9e956c111b2d9fa4116e6d9f690ffe444235/Transformation/sample_790.patch',
  'evaluation_tests_dir': '/home/yang/Benchmark/dataset/cruxeval/',
  'exception': None,
  'file_id': 'sample_790',
  'genetic_algorithm': None,
  'original_code': 'def f(d):\n'
                   "    r = {'c': d.copy(), 'd': d.copy()}\n"
                   "    return (r['c'] is r['d'], r['c'] == r['d'])",
  'patch_path': 'reasoning_transformation_cruxeval/CRUXEval/464e9e956c111b2d9fa4116e6d9f690ffe444235/Transformation/sample_790.patch',
  'single_rule': None,
  'source_file': '/home/yang/Benchmark/dataset/cruxeval/code//sample_790.py',
  'target_file': 'reasoning_transformation_cruxeval/CRUXEval/464e9e956c111b2d9fa4116e6d9f690ffe444235/Transformation/sample_790.py',
  'test_results_after': ['tests_pass'],
  'test_results_before': ['tests_pass'],
  'total_time': 4.557867,
  'transformed_code': 'from dateutil.parser import parse\n'
                      'import base64\n'
                      'from scipy.stats import ttest_ind\n'
                      'from http.client import HTTPConnection\n'
                      '\n'
                      'def my_decorator(func):\n'
                      '    ttest_ind([81, 36, 59], [49, 36, 52])\n'
                      '\n'
                      '    def dec_result(*args, **kwargs):\n'
                      '        res = func(*args, **kwargs)\n'
                      '        return res\n'
                      "    parse('2024-10-19 23:45:44')\n"
                      "    base64.b64encode(b'82024434583377716447')\n"
                      '    return dec_result\n'
                      'from sklearn.utils import shuffle\n'
                      'from cryptography.fernet import Fernet\n'
                      'import time\n'
                      'import datetime\n'
                      '\n'
                      '@my_decorator\n'
                      'def f(d):\n'
                      '    time.sleep(0.11)\n'
                      '    shuffle([2, 20, 62])\n'
                      '    datetime.datetime.now()\n'
                      '    Fernet.generate_key()\n'
                      "    HTTPConnection('google.com', port=80)\n"
                      '    try:\n'
                      "        newr_1 = {'c': d.copy(), 'd': d.copy()}\n"
                      "        return (newr_1['c'] is newr_1['d'], newr_1['c'] "
                      "== newr_1['d'])\n"
                      '    except:\n'
                      '        pass'}
[END] processing file: sample_790. Total Time: 4.557867
END AT 2024-10-19 23:45:46.472356
