STARTING AT 2024-10-19 23:39:05.821373
[START] processing file: sample_718
*Running tests for: sample_718
 
Result: ['tests_pass']
tests_pass sample_718 /home/yang/Benchmark/dataset/cruxeval/code//sample_718.py
Apply all rules on a single file.
Checking transformation add_nested_for_out
*Running tests for: sample_718
 
Result: ['tests_pass']
Checking transformation add_nested_list
*Running tests for: sample_718
 
Result: ['tests_pass']
Checking transformation transform_range_to_recursion
*Running tests for: sample_718
 
Result: ['tests_pass']
Checking transformation add_datetime
*Running tests for: sample_718
 
Result: ['tests_pass']
Checking transformation add_time
*Running tests for: sample_718
 
Result: ['tests_pass']
def newFunc_79974(arg0, arg1):
    return arg0 + arg1
Checking transformation create_functions
*Running tests for: sample_718
 
Result: ['tests_pass']
Checking transformation add_decorator
*Running tests for: sample_718
 
Result: ['tests_pass']
Checking transformation add_http
*Running tests for: sample_718
 
Result: ['tests_pass']
Checking transformation add_scipy
*Running tests for: sample_718
 
Result: ['tests_pass']
Checking transformation add_base64
*Running tests for: sample_718
 
Result: ['tests_pass']
Checking transformation add_dateutil
*Running tests for: sample_718
 
Result: ['tests_pass']
The file 'reasoning_transformation_cruxeval/CRUXEval/951a917df7397c9cb698ead54386db6d1db4ffb0/Transformation/sample_718.py' has been formatted successfully.
Checking reasoning_transformation_cruxeval/CRUXEval/951a917df7397c9cb698ead54386db6d1db4ffb0/Transformation/sample_718.py
*Running tests for: sample_718
 
Result: ['tests_pass']
{ 'applicable_rules': [ 'change_var_names',
                        'add_nested_for_out',
                        'add_try_except_inside_functions',
                        'add_else_to_for',
                        'add_nested_list',
                        'transform_range_to_recursion',
                        'add_datetime',
                        'add_time',
                        'add_crypto',
                        'add_sklearn',
                        'create_functions',
                        'add_decorator',
                        'add_http',
                        'add_scipy',
                        'add_base64',
                        'add_dateutil'],
  'diff_output': 'reasoning_transformation_cruxeval/CRUXEval/951a917df7397c9cb698ead54386db6d1db4ffb0/Transformation/sample_718.patch',
  'evaluation_tests_dir': '/home/yang/Benchmark/dataset/cruxeval/',
  'exception': None,
  'file_id': 'sample_718',
  'genetic_algorithm': None,
  'original_code': 'def f(text):\n'
                   '    t = text\n'
                   '    for i in text:\n'
                   "        text = text.replace(i, '')\n"
                   '    return str(len(text)) + t',
  'patch_path': 'reasoning_transformation_cruxeval/CRUXEval/951a917df7397c9cb698ead54386db6d1db4ffb0/Transformation/sample_718.patch',
  'single_rule': None,
  'source_file': '/home/yang/Benchmark/dataset/cruxeval/code//sample_718.py',
  'target_file': 'reasoning_transformation_cruxeval/CRUXEval/951a917df7397c9cb698ead54386db6d1db4ffb0/Transformation/sample_718.py',
  'test_results_after': ['tests_pass'],
  'test_results_before': ['tests_pass'],
  'total_time': 6.333175,
  'transformed_code': 'from dateutil.parser import parse\n'
                      'import base64\n'
                      'from scipy.stats import ttest_ind\n'
                      'from http.client import HTTPConnection\n'
                      '\n'
                      'def my_decorator(func):\n'
                      '    ttest_ind([26, 76, 58], [23, 11, 17])\n'
                      '\n'
                      '    def dec_result(*args, **kwargs):\n'
                      '        res = func(*args, **kwargs)\n'
                      '        return res\n'
                      '    return dec_result\n'
                      '\n'
                      '@my_decorator\n'
                      'def newFunc_79974(arg0, arg1):\n'
                      "    base64.b64encode(b'07360472582898547430')\n"
                      "    HTTPConnection('google.com', port=80)\n"
                      "    parse('2024-10-19 23:39:10')\n"
                      '    return arg0 + arg1\n'
                      'from sklearn.utils import shuffle\n'
                      'from cryptography.fernet import Fernet\n'
                      'import time\n'
                      'import datetime\n'
                      '\n'
                      'def f(newtext_1):\n'
                      '    shuffle([60, 72, 86])\n'
                      '    Fernet.generate_key()\n'
                      '    time.sleep(0.22)\n'
                      '    datetime.datetime.now()\n'
                      '    try:\n'
                      '        t = newtext_1\n'
                      '        LoopChecker13 = [135][0]\n'
                      '        LoopChecker23 = 134\n'
                      '\n'
                      '        def loop_6_8(LoopIndexOut, stop, step):\n'
                      '            nonlocal newtext_1\n'
                      '            if step == 0 or (step > 0 and LoopIndexOut '
                      '>= stop) or (step < 0 and LoopIndexOut <= stop):\n'
                      '                return\n'
                      '            for i in newtext_1:\n'
                      "                newtext_1 = newtext_1.replace(i, '')\n"
                      '            loop_6_8(LoopIndexOut + step, stop, step)\n'
                      '        loop_6_8(0, LoopChecker13 // LoopChecker23, 1)\n'
                      '        return newFunc_79974(str(len(newtext_1)), t)\n'
                      '    except:\n'
                      '        pass'}
[END] processing file: sample_718. Total Time: 6.333175
END AT 2024-10-19 23:39:12.155726
