STARTING AT 2024-10-19 23:35:23.386712
[START] processing file: sample_574
*Running tests for: sample_574
 
Result: ['tests_pass']
tests_pass sample_574 /home/yang/Benchmark/dataset/cruxeval/code//sample_574.py
Apply all rules on a single file.
Checking transformation add_nested_while_out
*Running tests for: sample_574
 
Result: ['tests_pass']
Checking transformation add_nested_if
*Running tests for: sample_574
 
Result: ['tests_pass']
Checking transformation add_nested_list
*Running tests for: sample_574
 
Result: ['tests_pass']
Checking transformation add_datetime
*Running tests for: sample_574
 
Result: ['tests_pass']
Checking transformation add_time
*Running tests for: sample_574
 
Result: ['tests_pass']
Checking transformation create_functions
*Running tests for: sample_574
 
Result: ['tests_pass']
Checking transformation add_decorator
*Running tests for: sample_574
 
Result: ['tests_pass']
Checking transformation add_http
*Running tests for: sample_574
 
Result: ['tests_pass']
Checking transformation add_scipy
*Running tests for: sample_574
 
Result: ['tests_pass']
Checking transformation add_base64
*Running tests for: sample_574
 
Result: ['tests_pass']
Checking transformation add_dateutil
*Running tests for: sample_574
 
Result: ['tests_pass']
The file 'reasoning_transformation_cruxeval/CRUXEval/951a917df7397c9cb698ead54386db6d1db4ffb0/Transformation/sample_574.py' has been formatted successfully.
Checking reasoning_transformation_cruxeval/CRUXEval/951a917df7397c9cb698ead54386db6d1db4ffb0/Transformation/sample_574.py
*Running tests for: sample_574
 
Result: ['tests_pass']
{ 'applicable_rules': [ 'change_var_names',
                        'add_nested_while_out',
                        'add_nested_if',
                        'add_try_except_inside_functions',
                        'add_else_to_while',
                        'add_nested_list',
                        'add_datetime',
                        'add_time',
                        'add_crypto',
                        'add_sklearn',
                        'create_functions',
                        'add_decorator',
                        'add_http',
                        'add_scipy',
                        'add_base64',
                        'add_dateutil',
                        'changing_AugAssign'],
  'diff_output': 'reasoning_transformation_cruxeval/CRUXEval/951a917df7397c9cb698ead54386db6d1db4ffb0/Transformation/sample_574.patch',
  'evaluation_tests_dir': '/home/yang/Benchmark/dataset/cruxeval/',
  'exception': None,
  'file_id': 'sample_574',
  'genetic_algorithm': None,
  'original_code': 'def f(simpons):\n'
                   '    while simpons:\n'
                   '        pop = simpons.pop()\n'
                   '        if pop == pop.title():\n'
                   '            return pop\n'
                   '    return pop',
  'patch_path': 'reasoning_transformation_cruxeval/CRUXEval/951a917df7397c9cb698ead54386db6d1db4ffb0/Transformation/sample_574.patch',
  'single_rule': None,
  'source_file': '/home/yang/Benchmark/dataset/cruxeval/code//sample_574.py',
  'target_file': 'reasoning_transformation_cruxeval/CRUXEval/951a917df7397c9cb698ead54386db6d1db4ffb0/Transformation/sample_574.py',
  'test_results_after': ['tests_pass'],
  'test_results_before': ['tests_pass'],
  'total_time': 5.98034,
  'transformed_code': 'from dateutil.parser import parse\n'
                      'import base64\n'
                      'from scipy.stats import ttest_ind\n'
                      'from http.client import HTTPConnection\n'
                      '\n'
                      'def my_decorator(func):\n'
                      '\n'
                      '    def dec_result(*args, **kwargs):\n'
                      '        res = func(*args, **kwargs)\n'
                      '        return res\n'
                      '    return dec_result\n'
                      '\n'
                      '@my_decorator\n'
                      'def newFunc_BinOp0(a, b):\n'
                      "    parse('2024-10-19 23:35:27')\n"
                      "    HTTPConnection('google.com', port=80)\n"
                      "    base64.b64encode(b'11060833956229471415')\n"
                      '    return a % b\n'
                      'from sklearn.utils import shuffle\n'
                      'from cryptography.fernet import Fernet\n'
                      'import time\n'
                      'import datetime\n'
                      '\n'
                      'def f(simpons):\n'
                      '    time.sleep(0.2)\n'
                      '    ttest_ind([20, 100, 96], [21, 61, 52])\n'
                      '    Fernet.generate_key()\n'
                      '    shuffle([33, 33, 61])\n'
                      '    datetime.datetime.now()\n'
                      '    try:\n'
                      '        whileloopchecker12 = [314][0]\n'
                      '        whileloopchecker22 = 313\n'
                      '        while newFunc_BinOp0(whileloopchecker12, '
                      'whileloopchecker22) == 1:\n'
                      '            whileloopchecker12 = whileloopchecker12 + '
                      '1\n'
                      '            while simpons:\n'
                      '                ConditionChecker18 = 292\n'
                      '                ConditionChecker28 = 995\n'
                      '                newpop_1 = simpons.pop()\n'
                      '                if ConditionChecker18 & '
                      'ConditionChecker28:\n'
                      '                    if newpop_1 == newpop_1.title():\n'
                      '                        return newpop_1\n'
                      '        else:\n'
                      '            pass\n'
                      '        return newpop_1\n'
                      '    except:\n'
                      '        pass'}
[END] processing file: sample_574. Total Time: 5.98034
END AT 2024-10-19 23:35:29.369205
