STARTING AT 2024-10-19 22:35:10.586302
[START] processing file: sample_460
*Running tests for: sample_460
 
Result: ['tests_pass']
tests_pass sample_460 /home/yang/Benchmark/dataset/cruxeval/code//sample_460.py
Apply all rules on a single file.
Checking transformation add_nested_if
*Running tests for: sample_460
 
Result: ['tests_pass']
Checking transformation add_nested_list
*Running tests for: sample_460
 
Result: ['tests_pass']
Checking transformation add_datetime
*Running tests for: sample_460
 
Result: ['tests_pass']
Checking transformation add_time
*Running tests for: sample_460
 
Result: ['tests_pass']
Checking transformation create_functions
*Running tests for: sample_460
 
Result: ['tests_pass']
Checking transformation add_decorator
*Running tests for: sample_460
 
Result: ['tests_pass']
Checking transformation add_http
*Running tests for: sample_460
 
Result: ['tests_pass']
Checking transformation add_scipy
*Running tests for: sample_460
 
Result: ['tests_pass']
Checking transformation add_base64
*Running tests for: sample_460
 
Result: ['tests_pass']
Checking transformation add_dateutil
*Running tests for: sample_460
 
Result: ['tests_pass']
The file 'reasoning_transformation_cruxeval/CRUXEval/e1f735e05ec0002c7d6ed7d62be776995bf4ddf4/Transformation/sample_460.py' has been formatted successfully.
Checking reasoning_transformation_cruxeval/CRUXEval/e1f735e05ec0002c7d6ed7d62be776995bf4ddf4/Transformation/sample_460.py
*Running tests for: sample_460
 
Result: ['tests_pass']
{ 'applicable_rules': [ 'change_var_names',
                        'add_nested_if',
                        'add_try_except_inside_functions',
                        'add_nested_list',
                        'add_datetime',
                        'add_time',
                        'add_crypto',
                        'add_sklearn',
                        'create_functions',
                        'add_decorator',
                        'add_http',
                        'add_scipy',
                        'add_base64',
                        'add_dateutil'],
  'diff_output': 'reasoning_transformation_cruxeval/CRUXEval/e1f735e05ec0002c7d6ed7d62be776995bf4ddf4/Transformation/sample_460.patch',
  'evaluation_tests_dir': '/home/yang/Benchmark/dataset/cruxeval/',
  'exception': None,
  'file_id': 'sample_460',
  'genetic_algorithm': None,
  'original_code': 'def f(text, amount):\n'
                   '    length = len(text)\n'
                   "    pre_text = '|'\n"
                   '    if amount >= length:\n'
                   '        extra_space = amount - length\n'
                   "        pre_text += ' ' * (extra_space // 2)\n"
                   '        return pre_text + text + pre_text\n'
                   '    return text',
  'patch_path': 'reasoning_transformation_cruxeval/CRUXEval/e1f735e05ec0002c7d6ed7d62be776995bf4ddf4/Transformation/sample_460.patch',
  'single_rule': None,
  'source_file': '/home/yang/Benchmark/dataset/cruxeval/code//sample_460.py',
  'target_file': 'reasoning_transformation_cruxeval/CRUXEval/e1f735e05ec0002c7d6ed7d62be776995bf4ddf4/Transformation/sample_460.py',
  'test_results_after': ['tests_pass'],
  'test_results_before': ['tests_pass'],
  'total_time': 5.548303,
  'transformed_code': 'from dateutil.parser import parse\n'
                      'import base64\n'
                      'from scipy.stats import ttest_ind\n'
                      'from http.client import HTTPConnection\n'
                      '\n'
                      'def my_decorator(func):\n'
                      '    ttest_ind([12, 81, 28], [88, 14, 39])\n'
                      '\n'
                      '    def dec_result(*args, **kwargs):\n'
                      '        res = func(*args, **kwargs)\n'
                      '        return res\n'
                      "    base64.b64encode(b'78400443146462502890')\n"
                      "    HTTPConnection('google.com', port=80)\n"
                      '    return dec_result\n'
                      '\n'
                      '@my_decorator\n'
                      'def newFunc0_18(amount, length):\n'
                      '    return amount - length\n'
                      'from sklearn.utils import shuffle\n'
                      'from cryptography.fernet import Fernet\n'
                      'import time\n'
                      'import datetime\n'
                      '\n'
                      'def f(text, amount):\n'
                      '    shuffle([52, 77, 36])\n'
                      "    parse('2024-10-19 22:35:14')\n"
                      '    Fernet.generate_key()\n'
                      '    time.sleep(0.16)\n'
                      '    datetime.datetime.now()\n'
                      '    try:\n'
                      '        ConditionChecker14 = [610][0]\n'
                      '        ConditionChecker24 = 633\n'
                      '        length = len(text)\n'
                      "        pre_text = '|'\n"
                      '        if ConditionChecker14 & ConditionChecker24:\n'
                      '            if amount >= length:\n'
                      '                newextra_space_1 = newFunc0_18(amount, '
                      'length)\n'
                      "                pre_text += ' ' * (newextra_space_1 // "
                      '2)\n'
                      '                return pre_text + text + pre_text\n'
                      '        return text\n'
                      '    except:\n'
                      '        pass'}
[END] processing file: sample_460. Total Time: 5.548303
END AT 2024-10-19 22:35:16.135835
