STARTING AT 2024-10-19 23:00:16.594387
[START] processing file: sample_703
*Running tests for: sample_703
 
Result: ['tests_pass']
tests_pass sample_703 /home/yang/Benchmark/dataset/cruxeval/code//sample_703.py
Apply all rules on a single file.
Checking transformation add_datetime
*Running tests for: sample_703
 
Result: ['tests_pass']
Checking transformation add_time
*Running tests for: sample_703
 
Result: ['tests_pass']
Checking transformation create_functions
*Running tests for: sample_703
 
Result: ['tests_pass']
Checking transformation add_decorator
*Running tests for: sample_703
 
Result: ['tests_pass']
Checking transformation add_http
*Running tests for: sample_703
 
Result: ['tests_pass']
Checking transformation add_scipy
*Running tests for: sample_703
 
Result: ['tests_pass']
Checking transformation add_base64
*Running tests for: sample_703
 
Result: ['tests_pass']
Checking transformation add_dateutil
*Running tests for: sample_703
 
Result: ['tests_pass']
The file 'reasoning_transformation_cruxeval/CRUXEval/e1f735e05ec0002c7d6ed7d62be776995bf4ddf4/Transformation/sample_703.py' has been formatted successfully.
Checking reasoning_transformation_cruxeval/CRUXEval/e1f735e05ec0002c7d6ed7d62be776995bf4ddf4/Transformation/sample_703.py
*Running tests for: sample_703
 
Result: ['tests_pass']
{ 'applicable_rules': [ 'change_var_names',
                        'add_try_except_inside_functions',
                        'add_datetime',
                        'add_time',
                        'add_crypto',
                        'add_sklearn',
                        'create_functions',
                        'add_decorator',
                        'add_http',
                        'add_scipy',
                        'add_base64',
                        'add_dateutil'],
  'diff_output': 'reasoning_transformation_cruxeval/CRUXEval/e1f735e05ec0002c7d6ed7d62be776995bf4ddf4/Transformation/sample_703.patch',
  'evaluation_tests_dir': '/home/yang/Benchmark/dataset/cruxeval/',
  'exception': None,
  'file_id': 'sample_703',
  'genetic_algorithm': None,
  'original_code': 'def f(text, char):\n'
                   '    count = text.count(char * 2)\n'
                   '    return text[count:]',
  'patch_path': 'reasoning_transformation_cruxeval/CRUXEval/e1f735e05ec0002c7d6ed7d62be776995bf4ddf4/Transformation/sample_703.patch',
  'single_rule': None,
  'source_file': '/home/yang/Benchmark/dataset/cruxeval/code//sample_703.py',
  'target_file': 'reasoning_transformation_cruxeval/CRUXEval/e1f735e05ec0002c7d6ed7d62be776995bf4ddf4/Transformation/sample_703.py',
  'test_results_after': ['tests_pass'],
  'test_results_before': ['tests_pass'],
  'total_time': 4.38129,
  'transformed_code': 'from dateutil.parser import parse\n'
                      'import base64\n'
                      'from scipy.stats import ttest_ind\n'
                      'from http.client import HTTPConnection\n'
                      '\n'
                      'def my_decorator(func):\n'
                      '\n'
                      '    def dec_result(*args, **kwargs):\n'
                      '        res = func(*args, **kwargs)\n'
                      '        return res\n'
                      '    return dec_result\n'
                      '\n'
                      '@my_decorator\n'
                      'def newFunc_BinOp0(a, b):\n'
                      '    ttest_ind([75, 69, 52], [92, 95, 2])\n'
                      "    HTTPConnection('google.com', port=80)\n"
                      "    parse('2024-10-19 23:00:19')\n"
                      '    return a * b\n'
                      'from sklearn.utils import shuffle\n'
                      'from cryptography.fernet import Fernet\n'
                      'import time\n'
                      'import datetime\n'
                      '\n'
                      'def f(text, char):\n'
                      "    base64.b64encode(b'03011847682207233837')\n"
                      '    Fernet.generate_key()\n'
                      '    time.sleep(0.0)\n'
                      '    shuffle([79, 13, 57])\n'
                      '    datetime.datetime.now()\n'
                      '    try:\n'
                      '        newcount_1 = text.count(newFunc_BinOp0(char, '
                      '2))\n'
                      '        return text[newcount_1:]\n'
                      '    except:\n'
                      '        pass'}
[END] processing file: sample_703. Total Time: 4.38129
END AT 2024-10-19 23:00:20.977172
