STARTING AT 2024-10-19 23:45:03.120394
[START] processing file: sample_738
*Running tests for: sample_738
 
Result: ['tests_pass']
tests_pass sample_738 /home/yang/Benchmark/dataset/cruxeval/code//sample_738.py
Apply all rules on a single file.
Checking transformation add_nested_for_out
*Running tests for: sample_738
 
Result: ['tests_pass']
Checking transformation add_nested_list
*Running tests for: sample_738
 
Result: ['tests_pass']
Checking transformation transform_range_to_recursion
*Running tests for: sample_738
 
Result: ['tests_pass']
Checking transformation add_datetime
*Running tests for: sample_738
 
Result: ['tests_pass']
Checking transformation add_time
*Running tests for: sample_738
 
Result: ['tests_pass']
Checking transformation create_functions
*Running tests for: sample_738
 
Result: ['tests_pass']
Checking transformation add_decorator
*Running tests for: sample_738
 
Result: ['tests_pass']
Checking transformation add_http
*Running tests for: sample_738
 
Result: ['tests_pass']
Checking transformation add_scipy
*Running tests for: sample_738
 
Result: ['tests_pass']
Checking transformation add_base64
*Running tests for: sample_738
 
Result: ['tests_pass']
Checking transformation add_dateutil
*Running tests for: sample_738
 
Result: ['tests_pass']
The file 'reasoning_transformation_cruxeval/CRUXEval/464e9e956c111b2d9fa4116e6d9f690ffe444235/Transformation/sample_738.py' has been formatted successfully.
Checking reasoning_transformation_cruxeval/CRUXEval/464e9e956c111b2d9fa4116e6d9f690ffe444235/Transformation/sample_738.py
*Running tests for: sample_738
 
Result: ['tests_pass']
{ 'applicable_rules': [ 'change_var_names',
                        'add_nested_for_out',
                        'add_try_except_inside_functions',
                        'add_else_to_for',
                        'add_nested_list',
                        'transform_range_to_recursion',
                        'add_datetime',
                        'add_time',
                        'add_crypto',
                        'add_sklearn',
                        'create_functions',
                        'add_decorator',
                        'add_http',
                        'add_scipy',
                        'add_base64',
                        'add_dateutil'],
  'diff_output': 'reasoning_transformation_cruxeval/CRUXEval/464e9e956c111b2d9fa4116e6d9f690ffe444235/Transformation/sample_738.patch',
  'evaluation_tests_dir': '/home/yang/Benchmark/dataset/cruxeval/',
  'exception': None,
  'file_id': 'sample_738',
  'genetic_algorithm': None,
  'original_code': 'def f(text, characters):\n'
                   '    for i in range(len(characters)):\n'
                   '        text = '
                   'text.rstrip(characters[i::len(characters)])\n'
                   '    return text',
  'patch_path': 'reasoning_transformation_cruxeval/CRUXEval/464e9e956c111b2d9fa4116e6d9f690ffe444235/Transformation/sample_738.patch',
  'single_rule': None,
  'source_file': '/home/yang/Benchmark/dataset/cruxeval/code//sample_738.py',
  'target_file': 'reasoning_transformation_cruxeval/CRUXEval/464e9e956c111b2d9fa4116e6d9f690ffe444235/Transformation/sample_738.py',
  'test_results_after': ['tests_pass'],
  'test_results_before': ['tests_pass'],
  'total_time': 5.246738,
  'transformed_code': 'from dateutil.parser import parse\n'
                      'import base64\n'
                      'from scipy.stats import ttest_ind\n'
                      'from http.client import HTTPConnection\n'
                      '\n'
                      'def my_decorator(func):\n'
                      '\n'
                      '    def dec_result(*args, **kwargs):\n'
                      '        res = func(*args, **kwargs)\n'
                      '        return res\n'
                      '    return dec_result\n'
                      '\n'
                      '@my_decorator\n'
                      'def newFunc_BinOp0(a, b):\n'
                      "    parse('2024-10-19 23:45:06')\n"
                      "    base64.b64encode(b'18975415013313922096')\n"
                      '    return a // b\n'
                      'from sklearn.utils import shuffle\n'
                      'from cryptography.fernet import Fernet\n'
                      'import time\n'
                      'import datetime\n'
                      '\n'
                      'def f(newtext_1, characters):\n'
                      '    Fernet.generate_key()\n'
                      '    shuffle([99, 43, 44])\n'
                      '    datetime.datetime.now()\n'
                      '    time.sleep(0.07)\n'
                      '    ttest_ind([75, 79, 4], [37, 78, 88])\n'
                      "    HTTPConnection('google.com', port=80)\n"
                      '    try:\n'
                      '        LoopChecker12 = [710][0]\n'
                      '        LoopChecker22 = 709\n'
                      '        for LoopIndexOut in '
                      'range(newFunc_BinOp0(LoopChecker12, LoopChecker22)):\n'
                      '\n'
                      '            def loop_6_12(i, stop, step):\n'
                      '                nonlocal newtext_1\n'
                      '                if step == 0 or (step > 0 and i >= '
                      'stop) or (step < 0 and i <= stop):\n'
                      '                    return\n'
                      '                newtext_1 = '
                      'newtext_1.rstrip(characters[i::len(characters)])\n'
                      '                loop_6_12(i + step, stop, step)\n'
                      '            loop_6_12(0, len(characters), 1)\n'
                      '        else:\n'
                      '            pass\n'
                      '        return newtext_1\n'
                      '    except:\n'
                      '        pass'}
[END] processing file: sample_738. Total Time: 5.246738
END AT 2024-10-19 23:45:08.368255
