STARTING AT 2024-10-19 23:35:51.350211
[START] processing file: sample_578
*Running tests for: sample_578
 
Result: ['tests_pass']
tests_pass sample_578 /home/yang/Benchmark/dataset/cruxeval/code//sample_578.py
Apply all rules on a single file.
Checking transformation add_nested_for_out
*Running tests for: sample_578
 
Result: ['tests_pass']
Checking transformation add_nested_if
*Running tests for: sample_578
 
Result: ['tests_pass']
Checking transformation add_nested_list
*Running tests for: sample_578
 
Result: ['tests_pass']
Checking transformation transform_range_to_recursion
*Running tests for: sample_578
 
Result: ['tests_pass']
Checking transformation add_datetime
*Running tests for: sample_578
 
Result: ['tests_pass']
Checking transformation add_time
*Running tests for: sample_578
 
Result: ['tests_pass']
Checking transformation create_functions
*Running tests for: sample_578
 
Result: ['tests_pass']
Checking transformation add_decorator
*Running tests for: sample_578
 
Result: ['tests_pass']
Checking transformation add_http
*Running tests for: sample_578
 
Result: ['tests_pass']
Checking transformation add_scipy
*Running tests for: sample_578
 
Result: ['tests_pass']
Checking transformation add_base64
*Running tests for: sample_578
 
Result: ['tests_pass']
Checking transformation add_dateutil
*Running tests for: sample_578
 
Result: ['tests_pass']
The file 'reasoning_transformation_cruxeval/CRUXEval/951a917df7397c9cb698ead54386db6d1db4ffb0/Transformation/sample_578.py' has been formatted successfully.
Checking reasoning_transformation_cruxeval/CRUXEval/951a917df7397c9cb698ead54386db6d1db4ffb0/Transformation/sample_578.py
*Running tests for: sample_578
 
Result: ['tests_pass']
{ 'applicable_rules': [ 'change_var_names',
                        'add_nested_for_out',
                        'add_nested_if',
                        'add_try_except_inside_functions',
                        'add_else_to_for',
                        'add_nested_list',
                        'transform_range_to_recursion',
                        'add_datetime',
                        'add_time',
                        'add_crypto',
                        'add_sklearn',
                        'create_functions',
                        'add_decorator',
                        'add_http',
                        'add_scipy',
                        'add_base64',
                        'add_dateutil'],
  'diff_output': 'reasoning_transformation_cruxeval/CRUXEval/951a917df7397c9cb698ead54386db6d1db4ffb0/Transformation/sample_578.patch',
  'evaluation_tests_dir': '/home/yang/Benchmark/dataset/cruxeval/',
  'exception': None,
  'file_id': 'sample_578',
  'genetic_algorithm': None,
  'original_code': 'def f(obj):\n'
                   '    for (k, v) in obj.items():\n'
                   '        if v >= 0:\n'
                   '            obj[k] = -v\n'
                   '    return obj',
  'patch_path': 'reasoning_transformation_cruxeval/CRUXEval/951a917df7397c9cb698ead54386db6d1db4ffb0/Transformation/sample_578.patch',
  'single_rule': None,
  'source_file': '/home/yang/Benchmark/dataset/cruxeval/code//sample_578.py',
  'target_file': 'reasoning_transformation_cruxeval/CRUXEval/951a917df7397c9cb698ead54386db6d1db4ffb0/Transformation/sample_578.py',
  'test_results_after': ['tests_pass'],
  'test_results_before': ['tests_pass'],
  'total_time': 4.9279,
  'transformed_code': 'from dateutil.parser import parse\n'
                      'import base64\n'
                      'from scipy.stats import ttest_ind\n'
                      'from http.client import HTTPConnection\n'
                      '\n'
                      'def my_decorator(func):\n'
                      '\n'
                      '    def dec_result(*args, **kwargs):\n'
                      '        res = func(*args, **kwargs)\n'
                      '        return res\n'
                      '    ttest_ind([28, 4, 66], [86, 31, 59])\n'
                      '    return dec_result\n'
                      '\n'
                      '@my_decorator\n'
                      'def newFunc_BinOp0(a, b):\n'
                      '    return a & b\n'
                      'from sklearn.utils import shuffle\n'
                      'from cryptography.fernet import Fernet\n'
                      'import time\n'
                      'import datetime\n'
                      '\n'
                      'def f(obj):\n'
                      '    shuffle([95, 26, 57])\n'
                      "    base64.b64encode(b'12679914211840562426')\n"
                      '    Fernet.generate_key()\n'
                      "    parse('2024-10-19 23:35:54')\n"
                      '    datetime.datetime.now()\n'
                      '    time.sleep(0.06)\n'
                      "    HTTPConnection('google.com', port=80)\n"
                      '    try:\n'
                      '        LoopChecker12 = [62][0]\n'
                      '        LoopChecker22 = 61\n'
                      '        ConditionChecker16 = 108\n'
                      '        ConditionChecker26 = 644\n'
                      '\n'
                      '        def loop_7_8(LoopIndexOut, stop, step):\n'
                      '            if step == 0 or (step > 0 and LoopIndexOut '
                      '>= stop) or (step < 0 and LoopIndexOut <= stop):\n'
                      '                return\n'
                      '            for (k, newv_1) in obj.items():\n'
                      '                if newFunc_BinOp0(ConditionChecker16, '
                      'ConditionChecker26):\n'
                      '                    if newv_1 >= 0:\n'
                      '                        obj[k] = -newv_1\n'
                      '            loop_7_8(LoopIndexOut + step, stop, step)\n'
                      '        loop_7_8(0, LoopChecker12 // LoopChecker22, 1)\n'
                      '        return obj\n'
                      '    except:\n'
                      '        pass'}
[END] processing file: sample_578. Total Time: 4.9279
END AT 2024-10-19 23:35:56.279567
