STARTING AT 2024-10-19 21:54:43.970820
[START] processing file: sample_11
*Running tests for: sample_11
 
Result: ['tests_pass']
tests_pass sample_11 /home/yang/Benchmark/dataset/cruxeval/code//sample_11.py
Apply all rules on a single file.
Checking transformation add_nested_for_out
*Running tests for: sample_11
 
Result: ['tests_pass']
Checking transformation add_nested_if
*Running tests for: sample_11
 
Result: ['tests_pass']
Checking transformation add_nested_list
*Running tests for: sample_11
 
Result: ['tests_pass']
Checking transformation transform_range_to_recursion
*Running tests for: sample_11
 
Result: ['tests_pass']
Checking transformation add_datetime
*Running tests for: sample_11
 
Result: ['tests_pass']
Checking transformation add_time
*Running tests for: sample_11
 
Result: ['tests_pass']
Checking transformation create_functions
*Running tests for: sample_11
 
Result: ['tests_pass']
Checking transformation add_decorator
*Running tests for: sample_11
 
Result: ['tests_pass']
Checking transformation add_http
*Running tests for: sample_11
 
Result: ['tests_pass']
Checking transformation add_scipy
*Running tests for: sample_11
 
Result: ['tests_pass']
Checking transformation add_base64
*Running tests for: sample_11
 
Result: ['tests_pass']
Checking transformation add_dateutil
*Running tests for: sample_11
 
Result: ['tests_pass']
The file 'reasoning_transformation_cruxeval/CRUXEval/e1f735e05ec0002c7d6ed7d62be776995bf4ddf4/Transformation/sample_11.py' has been formatted successfully.
Checking reasoning_transformation_cruxeval/CRUXEval/e1f735e05ec0002c7d6ed7d62be776995bf4ddf4/Transformation/sample_11.py
*Running tests for: sample_11
 
Result: ['tests_pass']
{ 'applicable_rules': [ 'change_var_names',
                        'add_nested_for_out',
                        'add_nested_if',
                        'add_try_except_inside_functions',
                        'add_else_to_for',
                        'add_nested_list',
                        'transform_range_to_recursion',
                        'add_datetime',
                        'add_time',
                        'add_crypto',
                        'add_sklearn',
                        'create_functions',
                        'add_decorator',
                        'add_http',
                        'add_scipy',
                        'add_base64',
                        'add_dateutil'],
  'diff_output': 'reasoning_transformation_cruxeval/CRUXEval/e1f735e05ec0002c7d6ed7d62be776995bf4ddf4/Transformation/sample_11.patch',
  'evaluation_tests_dir': '/home/yang/Benchmark/dataset/cruxeval/',
  'exception': None,
  'file_id': 'sample_11',
  'genetic_algorithm': None,
  'original_code': 'def f(a, b):\n'
                   '    for (key, value) in b.items():\n'
                   '        if key not in a:\n'
                   '            a[key] = [value]\n'
                   '        else:\n'
                   '            a[key].append(value)\n'
                   '    return a',
  'patch_path': 'reasoning_transformation_cruxeval/CRUXEval/e1f735e05ec0002c7d6ed7d62be776995bf4ddf4/Transformation/sample_11.patch',
  'single_rule': None,
  'source_file': '/home/yang/Benchmark/dataset/cruxeval/code//sample_11.py',
  'target_file': 'reasoning_transformation_cruxeval/CRUXEval/e1f735e05ec0002c7d6ed7d62be776995bf4ddf4/Transformation/sample_11.py',
  'test_results_after': ['tests_pass'],
  'test_results_before': ['tests_pass'],
  'total_time': 4.867338,
  'transformed_code': 'from dateutil.parser import parse\n'
                      'import base64\n'
                      'from scipy.stats import ttest_ind\n'
                      'from http.client import HTTPConnection\n'
                      '\n'
                      'def my_decorator(func):\n'
                      "    base64.b64encode(b'85878418682918962540')\n"
                      '\n'
                      '    def dec_result(*args, **kwargs):\n'
                      '        res = func(*args, **kwargs)\n'
                      '        return res\n'
                      "    parse('2024-10-19 21:54:47')\n"
                      '    return dec_result\n'
                      '\n'
                      '@my_decorator\n'
                      'def newFunc_BinOp0(a, b):\n'
                      '    ttest_ind([77, 75, 7], [89, 16, 96])\n'
                      '    return a & b\n'
                      'from sklearn.utils import shuffle\n'
                      'from cryptography.fernet import Fernet\n'
                      'import time\n'
                      'import datetime\n'
                      '\n'
                      'def f(a, b):\n'
                      '    time.sleep(0.05)\n'
                      "    HTTPConnection('google.com', port=80)\n"
                      '    shuffle([75, 56, 25])\n'
                      '    Fernet.generate_key()\n'
                      '    datetime.datetime.now()\n'
                      '    try:\n'
                      '        LoopChecker12 = [536][0]\n'
                      '        LoopChecker22 = 535\n'
                      '        ConditionChecker16 = 207\n'
                      '        ConditionChecker26 = 723\n'
                      '\n'
                      '        def loop_7_8(LoopIndexOut, stop, step):\n'
                      '            if step == 0 or (step > 0 and LoopIndexOut '
                      '>= stop) or (step < 0 and LoopIndexOut <= stop):\n'
                      '                return\n'
                      '            for (key, newvalue_1) in b.items():\n'
                      '                if newFunc_BinOp0(ConditionChecker16, '
                      'ConditionChecker26):\n'
                      '                    if key not in a:\n'
                      '                        a[key] = [newvalue_1]\n'
                      '                    else:\n'
                      '                        a[key].append(newvalue_1)\n'
                      '            loop_7_8(LoopIndexOut + step, stop, step)\n'
                      '        loop_7_8(0, LoopChecker12 // LoopChecker22, 1)\n'
                      '        return a\n'
                      '    except:\n'
                      '        pass'}
[END] processing file: sample_11. Total Time: 4.867338
END AT 2024-10-19 21:54:48.840244
