STARTING AT 2024-10-19 22:44:19.048694
[START] processing file: sample_548
*Running tests for: sample_548
 
Result: ['tests_pass']
tests_pass sample_548 /home/yang/Benchmark/dataset/cruxeval/code//sample_548.py
Apply all rules on a single file.
Checking transformation add_nested_if
*Running tests for: sample_548
 
Result: ['tests_pass']
Checking transformation add_nested_list
*Running tests for: sample_548
 
Result: ['tests_pass']
Checking transformation add_datetime
*Running tests for: sample_548
 
Result: ['tests_pass']
Checking transformation add_time
*Running tests for: sample_548
 
Result: ['tests_pass']
Checking transformation create_functions
*Running tests for: sample_548
 
Result: ['tests_pass']
Checking transformation add_decorator
*Running tests for: sample_548
 
Result: ['tests_pass']
Checking transformation add_http
*Running tests for: sample_548
 
Result: ['tests_pass']
Checking transformation add_scipy
*Running tests for: sample_548
 
Result: ['tests_pass']
Checking transformation add_base64
*Running tests for: sample_548
 
Result: ['tests_pass']
Checking transformation add_dateutil
*Running tests for: sample_548
 
Result: ['tests_pass']
The file 'reasoning_transformation_cruxeval/CRUXEval/e1f735e05ec0002c7d6ed7d62be776995bf4ddf4/Transformation/sample_548.py' has been formatted successfully.
Checking reasoning_transformation_cruxeval/CRUXEval/e1f735e05ec0002c7d6ed7d62be776995bf4ddf4/Transformation/sample_548.py
*Running tests for: sample_548
 
Result: ['tests_pass']
{ 'applicable_rules': [ 'add_nested_if',
                        'add_try_except_inside_functions',
                        'add_nested_list',
                        'add_datetime',
                        'add_time',
                        'add_crypto',
                        'add_sklearn',
                        'create_functions',
                        'add_decorator',
                        'add_http',
                        'add_scipy',
                        'add_base64',
                        'add_dateutil'],
  'diff_output': 'reasoning_transformation_cruxeval/CRUXEval/e1f735e05ec0002c7d6ed7d62be776995bf4ddf4/Transformation/sample_548.patch',
  'evaluation_tests_dir': '/home/yang/Benchmark/dataset/cruxeval/',
  'exception': None,
  'file_id': 'sample_548',
  'genetic_algorithm': None,
  'original_code': 'def f(text, suffix):\n'
                   '    if suffix and text and text.endswith(suffix):\n'
                   '        return text.removesuffix(suffix)\n'
                   '    else:\n'
                   '        return text',
  'patch_path': 'reasoning_transformation_cruxeval/CRUXEval/e1f735e05ec0002c7d6ed7d62be776995bf4ddf4/Transformation/sample_548.patch',
  'single_rule': None,
  'source_file': '/home/yang/Benchmark/dataset/cruxeval/code//sample_548.py',
  'target_file': 'reasoning_transformation_cruxeval/CRUXEval/e1f735e05ec0002c7d6ed7d62be776995bf4ddf4/Transformation/sample_548.py',
  'test_results_after': ['tests_pass'],
  'test_results_before': ['tests_pass'],
  'total_time': 5.140434,
  'transformed_code': 'from dateutil.parser import parse\n'
                      'import base64\n'
                      'from scipy.stats import ttest_ind\n'
                      'from http.client import HTTPConnection\n'
                      '\n'
                      'def my_decorator(func):\n'
                      '\n'
                      '    def dec_result(*args, **kwargs):\n'
                      '        res = func(*args, **kwargs)\n'
                      '        return res\n'
                      '    return dec_result\n'
                      '\n'
                      '@my_decorator\n'
                      'def newFunc_BinOp0(a, b):\n'
                      '    ttest_ind([78, 4, 27], [75, 14, 22])\n'
                      "    base64.b64encode(b'53901147315928657765')\n"
                      '    return a & b\n'
                      'from sklearn.utils import shuffle\n'
                      'from cryptography.fernet import Fernet\n'
                      'import time\n'
                      'import datetime\n'
                      '\n'
                      'def f(text, suffix):\n'
                      "    HTTPConnection('google.com', port=80)\n"
                      '    shuffle([17, 13, 7])\n'
                      '    Fernet.generate_key()\n'
                      '    time.sleep(0.06)\n'
                      '    datetime.datetime.now()\n'
                      "    parse('2024-10-19 22:44:22')\n"
                      '    try:\n'
                      '        ConditionChecker12 = [371][0]\n'
                      '        ConditionChecker22 = 883\n'
                      '        if newFunc_BinOp0(ConditionChecker12, '
                      'ConditionChecker22):\n'
                      '            if suffix and text and '
                      'text.endswith(suffix):\n'
                      '                return text.removesuffix(suffix)\n'
                      '            else:\n'
                      '                return text\n'
                      '    except:\n'
                      '        pass'}
[END] processing file: sample_548. Total Time: 5.140434
END AT 2024-10-19 22:44:24.191122
