STARTING AT 2024-10-19 22:28:50.578075
[START] processing file: sample_407
*Running tests for: sample_407
 
Result: ['tests_pass']
tests_pass sample_407 /home/yang/Benchmark/dataset/cruxeval/code//sample_407.py
Apply all rules on a single file.
Checking transformation add_nested_while_out
*Running tests for: sample_407
 
Result: ['tests_pass']
Checking transformation add_nested_list
*Running tests for: sample_407
 
Result: ['tests_pass']
Checking transformation add_datetime
*Running tests for: sample_407
 
Result: ['tests_pass']
Checking transformation add_time
*Running tests for: sample_407
 
Result: ['tests_pass']
Checking transformation create_functions
*Running tests for: sample_407
 
Result: ['tests_pass']
Checking transformation add_decorator
*Running tests for: sample_407
 
Result: ['tests_pass']
Checking transformation add_http
*Running tests for: sample_407
 
Result: ['tests_pass']
Checking transformation add_scipy
*Running tests for: sample_407
 
Result: ['tests_pass']
Checking transformation add_base64
*Running tests for: sample_407
 
Result: ['tests_pass']
Checking transformation add_dateutil
*Running tests for: sample_407
 
Result: ['tests_pass']
The file 'reasoning_transformation_cruxeval/CRUXEval/e1f735e05ec0002c7d6ed7d62be776995bf4ddf4/Transformation/sample_407.py' has been formatted successfully.
Checking reasoning_transformation_cruxeval/CRUXEval/e1f735e05ec0002c7d6ed7d62be776995bf4ddf4/Transformation/sample_407.py
*Running tests for: sample_407
 
Result: ['tests_pass']
{ 'applicable_rules': [ 'add_nested_while_out',
                        'add_try_except_inside_functions',
                        'add_else_to_while',
                        'add_nested_list',
                        'add_datetime',
                        'add_time',
                        'add_crypto',
                        'add_sklearn',
                        'create_functions',
                        'add_decorator',
                        'add_http',
                        'add_scipy',
                        'add_base64',
                        'add_dateutil',
                        'changing_AugAssign'],
  'diff_output': 'reasoning_transformation_cruxeval/CRUXEval/e1f735e05ec0002c7d6ed7d62be776995bf4ddf4/Transformation/sample_407.patch',
  'evaluation_tests_dir': '/home/yang/Benchmark/dataset/cruxeval/',
  'exception': None,
  'file_id': 'sample_407',
  'genetic_algorithm': None,
  'original_code': 'def f(s):\n'
                   '    while len(s) > 1:\n'
                   '        s.clear()\n'
                   '        s.append(len(s))\n'
                   '    return s.pop()',
  'patch_path': 'reasoning_transformation_cruxeval/CRUXEval/e1f735e05ec0002c7d6ed7d62be776995bf4ddf4/Transformation/sample_407.patch',
  'single_rule': None,
  'source_file': '/home/yang/Benchmark/dataset/cruxeval/code//sample_407.py',
  'target_file': 'reasoning_transformation_cruxeval/CRUXEval/e1f735e05ec0002c7d6ed7d62be776995bf4ddf4/Transformation/sample_407.py',
  'test_results_after': ['tests_pass'],
  'test_results_before': ['tests_pass'],
  'total_time': 6.92109,
  'transformed_code': 'from dateutil.parser import parse\n'
                      'import base64\n'
                      'from scipy.stats import ttest_ind\n'
                      'from http.client import HTTPConnection\n'
                      '\n'
                      'def my_decorator(func):\n'
                      '\n'
                      '    def dec_result(*args, **kwargs):\n'
                      '        res = func(*args, **kwargs)\n'
                      '        return res\n'
                      '    ttest_ind([14, 41, 32], [94, 18, 44])\n'
                      '    return dec_result\n'
                      '\n'
                      '@my_decorator\n'
                      'def newFunc_BinOp0(a, b):\n'
                      "    HTTPConnection('google.com', port=80)\n"
                      '    return a % b\n'
                      'from sklearn.utils import shuffle\n'
                      'from cryptography.fernet import Fernet\n'
                      'import time\n'
                      'import datetime\n'
                      '\n'
                      'def f(s):\n'
                      '    time.sleep(0.29)\n'
                      "    base64.b64encode(b'13177920198311453963')\n"
                      "    parse('2024-10-19 22:28:55')\n"
                      '    Fernet.generate_key()\n'
                      '    datetime.datetime.now()\n'
                      '    shuffle([39, 13, 63])\n'
                      '    try:\n'
                      '        whileloopchecker12 = [708][0]\n'
                      '        whileloopchecker22 = 707\n'
                      '        while newFunc_BinOp0(whileloopchecker12, '
                      'whileloopchecker22) == 1:\n'
                      '            whileloopchecker12 = whileloopchecker12 + '
                      '1\n'
                      '            while len(s) > 1:\n'
                      '                s.clear()\n'
                      '                s.append(len(s))\n'
                      '        else:\n'
                      '            pass\n'
                      '        return s.pop()\n'
                      '    except:\n'
                      '        pass'}
[END] processing file: sample_407. Total Time: 6.92109
END AT 2024-10-19 22:28:57.500575
