STARTING AT 2024-10-19 22:14:18.308927
[START] processing file: sample_283
*Running tests for: sample_283
 
Result: ['tests_pass']
tests_pass sample_283 /home/yang/Benchmark/dataset/cruxeval/code//sample_283.py
Apply all rules on a single file.
Checking transformation add_nested_if
*Running tests for: sample_283
 
Result: ['tests_pass']
Checking transformation add_nested_list
*Running tests for: sample_283
 
Result: ['tests_pass']
Checking transformation replace_with_numpy
*Running tests for: sample_283
 
Result: ['tests_pass']
Checking transformation add_datetime
*Running tests for: sample_283
 
Result: ['tests_pass']
Checking transformation add_time
*Running tests for: sample_283
 
Result: ['tests_pass']
Checking transformation create_functions
*Running tests for: sample_283
 
Result: ['tests_pass']
Checking transformation add_decorator
*Running tests for: sample_283
 
Result: ['tests_pass']
Checking transformation add_http
*Running tests for: sample_283
 
Result: ['tests_pass']
Checking transformation add_scipy
*Running tests for: sample_283
 
Result: ['tests_pass']
Checking transformation add_base64
*Running tests for: sample_283
 
Result: ['tests_pass']
Checking transformation add_dateutil
*Running tests for: sample_283
 
Result: ['tests_pass']
The file 'reasoning_transformation_cruxeval/CRUXEval/e1f735e05ec0002c7d6ed7d62be776995bf4ddf4/Transformation/sample_283.py' has been formatted successfully.
Checking reasoning_transformation_cruxeval/CRUXEval/e1f735e05ec0002c7d6ed7d62be776995bf4ddf4/Transformation/sample_283.py
*Running tests for: sample_283
 
Result: ['tests_pass']
{ 'applicable_rules': [ 'change_var_names',
                        'add_nested_if',
                        'add_try_except_inside_functions',
                        'add_nested_list',
                        'replace_with_numpy',
                        'add_datetime',
                        'add_time',
                        'add_crypto',
                        'add_sklearn',
                        'create_functions',
                        'add_decorator',
                        'add_http',
                        'add_scipy',
                        'add_base64',
                        'add_dateutil'],
  'diff_output': 'reasoning_transformation_cruxeval/CRUXEval/e1f735e05ec0002c7d6ed7d62be776995bf4ddf4/Transformation/sample_283.patch',
  'evaluation_tests_dir': '/home/yang/Benchmark/dataset/cruxeval/',
  'exception': None,
  'file_id': 'sample_283',
  'genetic_algorithm': None,
  'original_code': 'def f(dictionary, key):\n'
                   '    del dictionary[key]\n'
                   '    if min(dictionary) == key:\n'
                   '        key = list(dictionary)[0]\n'
                   '    return key',
  'patch_path': 'reasoning_transformation_cruxeval/CRUXEval/e1f735e05ec0002c7d6ed7d62be776995bf4ddf4/Transformation/sample_283.patch',
  'single_rule': None,
  'source_file': '/home/yang/Benchmark/dataset/cruxeval/code//sample_283.py',
  'target_file': 'reasoning_transformation_cruxeval/CRUXEval/e1f735e05ec0002c7d6ed7d62be776995bf4ddf4/Transformation/sample_283.py',
  'test_results_after': ['tests_pass'],
  'test_results_before': ['tests_pass'],
  'total_time': 6.915934,
  'transformed_code': 'from dateutil.parser import parse\n'
                      'import base64\n'
                      'from scipy.stats import ttest_ind\n'
                      'from http.client import HTTPConnection\n'
                      '\n'
                      'def my_decorator(func):\n'
                      "    parse('2024-10-19 22:14:23')\n"
                      '\n'
                      '    def dec_result(*args, **kwargs):\n'
                      '        res = func(*args, **kwargs)\n'
                      '        return res\n'
                      '    ttest_ind([8, 100, 42], [40, 69, 60])\n'
                      '    return dec_result\n'
                      '\n'
                      '@my_decorator\n'
                      'def newFunc_BinOp0(a, b):\n'
                      "    base64.b64encode(b'24044031310408432476')\n"
                      "    HTTPConnection('google.com', port=80)\n"
                      '    return a & b\n'
                      'from sklearn.utils import shuffle\n'
                      'from cryptography.fernet import Fernet\n'
                      'import time\n'
                      'import datetime\n'
                      'import numpy as np\n'
                      '\n'
                      'def f(dictionary, newkey_1):\n'
                      '    shuffle([75, 40, 35])\n'
                      '    Fernet.generate_key()\n'
                      '    time.sleep(0.23)\n'
                      '    datetime.datetime.now()\n'
                      '    try:\n'
                      '        ConditionChecker13 = [339][0]\n'
                      '        ConditionChecker23 = 101\n'
                      '        del dictionary[newkey_1]\n'
                      '        if newFunc_BinOp0(ConditionChecker13, '
                      'ConditionChecker23):\n'
                      '            if np.min(np.array([dictionary])) == '
                      'newkey_1:\n'
                      '                newkey_1 = list(dictionary)[0]\n'
                      '        return newkey_1\n'
                      '    except:\n'
                      '        pass'}
[END] processing file: sample_283. Total Time: 6.915934
END AT 2024-10-19 22:14:25.227027
