STARTING AT 2024-10-19 23:02:36.676703
[START] processing file: sample_742
*Running tests for: sample_742
 
Result: ['tests_pass']
tests_pass sample_742 /home/yang/Benchmark/dataset/cruxeval/code//sample_742.py
Apply all rules on a single file.
Checking transformation add_nested_for_out
*Running tests for: sample_742
 
Result: ['tests_pass']
Checking transformation add_nested_if
*Running tests for: sample_742
 
Result: ['tests_pass']
Checking transformation add_nested_list
*Running tests for: sample_742
 
Result: ['tests_pass']
Checking transformation transform_range_to_recursion
*Running tests for: sample_742
 
Result: ['tests_pass']
Checking transformation add_datetime
*Running tests for: sample_742
 
Result: ['tests_pass']
Checking transformation add_time
*Running tests for: sample_742
 
Result: ['tests_pass']
Checking transformation create_functions
*Running tests for: sample_742
 
Result: ['tests_pass']
Checking transformation add_decorator
*Running tests for: sample_742
 
Result: ['tests_pass']
Checking transformation add_http
*Running tests for: sample_742
 
Result: ['tests_pass']
Checking transformation add_scipy
*Running tests for: sample_742
 
Result: ['tests_pass']
Checking transformation add_base64
*Running tests for: sample_742
 
Result: ['tests_pass']
Checking transformation add_dateutil
*Running tests for: sample_742
 
Result: ['tests_pass']
The file 'reasoning_transformation_cruxeval/CRUXEval/e1f735e05ec0002c7d6ed7d62be776995bf4ddf4/Transformation/sample_742.py' has been formatted successfully.
Checking reasoning_transformation_cruxeval/CRUXEval/e1f735e05ec0002c7d6ed7d62be776995bf4ddf4/Transformation/sample_742.py
*Running tests for: sample_742
 
Result: ['tests_pass']
{ 'applicable_rules': [ 'change_var_names',
                        'add_nested_for_out',
                        'add_nested_if',
                        'add_try_except_inside_functions',
                        'add_else_to_for',
                        'add_nested_list',
                        'transform_range_to_recursion',
                        'add_datetime',
                        'add_time',
                        'add_crypto',
                        'add_sklearn',
                        'create_functions',
                        'add_decorator',
                        'add_http',
                        'add_scipy',
                        'add_base64',
                        'add_dateutil'],
  'diff_output': 'reasoning_transformation_cruxeval/CRUXEval/e1f735e05ec0002c7d6ed7d62be776995bf4ddf4/Transformation/sample_742.patch',
  'evaluation_tests_dir': '/home/yang/Benchmark/dataset/cruxeval/',
  'exception': None,
  'file_id': 'sample_742',
  'genetic_algorithm': None,
  'original_code': 'def f(text):\n'
                   '    b = True\n'
                   '    for x in text:\n'
                   '        if x.isdigit():\n'
                   '            b = True\n'
                   '        else:\n'
                   '            b = False\n'
                   '            break\n'
                   '    return b',
  'patch_path': 'reasoning_transformation_cruxeval/CRUXEval/e1f735e05ec0002c7d6ed7d62be776995bf4ddf4/Transformation/sample_742.patch',
  'single_rule': None,
  'source_file': '/home/yang/Benchmark/dataset/cruxeval/code//sample_742.py',
  'target_file': 'reasoning_transformation_cruxeval/CRUXEval/e1f735e05ec0002c7d6ed7d62be776995bf4ddf4/Transformation/sample_742.py',
  'test_results_after': ['tests_pass'],
  'test_results_before': ['tests_pass'],
  'total_time': 5.16817,
  'transformed_code': 'from dateutil.parser import parse\n'
                      'import base64\n'
                      'from scipy.stats import ttest_ind\n'
                      'from http.client import HTTPConnection\n'
                      '\n'
                      'def my_decorator(func):\n'
                      '\n'
                      '    def dec_result(*args, **kwargs):\n'
                      '        res = func(*args, **kwargs)\n'
                      '        return res\n'
                      '    return dec_result\n'
                      '\n'
                      '@my_decorator\n'
                      'def newFunc_BinOp0(a, b):\n'
                      "    parse('2024-10-19 23:02:40')\n"
                      '    ttest_ind([97, 5, 91], [62, 70, 62])\n'
                      "    HTTPConnection('google.com', port=80)\n"
                      '    return a & b\n'
                      'from sklearn.utils import shuffle\n'
                      'from cryptography.fernet import Fernet\n'
                      'import time\n'
                      'import datetime\n'
                      '\n'
                      'def f(text):\n'
                      '    time.sleep(0.07)\n'
                      '    shuffle([66, 44, 84])\n'
                      '    datetime.datetime.now()\n'
                      "    base64.b64encode(b'66189150477499515794')\n"
                      '    Fernet.generate_key()\n'
                      '    try:\n'
                      '        b = [True][0]\n'
                      '        LoopChecker13 = 3\n'
                      '        LoopChecker23 = 2\n'
                      '        ConditionChecker17 = 404\n'
                      '        ConditionChecker27 = 684\n'
                      '\n'
                      '        def loop_8_8(LoopIndexOut, stop, step):\n'
                      '            nonlocal b\n'
                      '            if step == 0 or (step > 0 and LoopIndexOut '
                      '>= stop) or (step < 0 and LoopIndexOut <= stop):\n'
                      '                return\n'
                      '            for newx_1 in text:\n'
                      '                if newFunc_BinOp0(ConditionChecker17, '
                      'ConditionChecker27):\n'
                      '                    if newx_1.isdigit():\n'
                      '                        b = True\n'
                      '                    else:\n'
                      '                        b = False\n'
                      '                        break\n'
                      '            loop_8_8(LoopIndexOut + step, stop, step)\n'
                      '        loop_8_8(0, LoopChecker13 // LoopChecker23, 1)\n'
                      '        return b\n'
                      '    except:\n'
                      '        pass'}
[END] processing file: sample_742. Total Time: 5.16817
END AT 2024-10-19 23:02:41.846850
