STARTING AT 2024-10-19 22:47:14.949845
[START] processing file: sample_572
*Running tests for: sample_572
 
Result: ['tests_pass']
tests_pass sample_572 /home/yang/Benchmark/dataset/cruxeval/code//sample_572.py
Apply all rules on a single file.
Checking transformation add_nested_for_out
*Running tests for: sample_572
 
Result: ['tests_pass']
Checking transformation add_nested_list
*Running tests for: sample_572
 
Result: ['tests_pass']
Checking transformation transform_range_to_recursion
*Running tests for: sample_572
 
Result: ['tests_pass']
Checking transformation add_datetime
*Running tests for: sample_572
 
Result: ['tests_pass']
Checking transformation add_time
*Running tests for: sample_572
 
Result: ['tests_pass']
def newFunc_65204(arg0, arg1):
    return arg0 + arg1
Checking transformation create_functions
*Running tests for: sample_572
 
Result: ['tests_pass']
Checking transformation add_decorator
*Running tests for: sample_572
 
Result: ['tests_pass']
Checking transformation add_http
*Running tests for: sample_572
 
Result: ['tests_pass']
Checking transformation add_scipy
*Running tests for: sample_572
 
Result: ['tests_pass']
Checking transformation add_base64
*Running tests for: sample_572
 
Result: ['tests_pass']
Checking transformation add_dateutil
*Running tests for: sample_572
 
Result: ['tests_pass']
The file 'reasoning_transformation_cruxeval/CRUXEval/e1f735e05ec0002c7d6ed7d62be776995bf4ddf4/Transformation/sample_572.py' has been formatted successfully.
Checking reasoning_transformation_cruxeval/CRUXEval/e1f735e05ec0002c7d6ed7d62be776995bf4ddf4/Transformation/sample_572.py
*Running tests for: sample_572
 
Result: ['tests_pass']
{ 'applicable_rules': [ 'change_var_names',
                        'add_nested_for_out',
                        'add_try_except_inside_functions',
                        'add_else_to_for',
                        'add_nested_list',
                        'transform_range_to_recursion',
                        'add_datetime',
                        'add_time',
                        'add_crypto',
                        'add_sklearn',
                        'create_functions',
                        'add_decorator',
                        'add_http',
                        'add_scipy',
                        'add_base64',
                        'add_dateutil'],
  'diff_output': 'reasoning_transformation_cruxeval/CRUXEval/e1f735e05ec0002c7d6ed7d62be776995bf4ddf4/Transformation/sample_572.patch',
  'evaluation_tests_dir': '/home/yang/Benchmark/dataset/cruxeval/',
  'exception': None,
  'file_id': 'sample_572',
  'genetic_algorithm': None,
  'original_code': 'def f(data, num):\n'
                   '    new_dict = {}\n'
                   '    temp = list(data.items())\n'
                   '    for i in range(len(temp) - 1, num - 1, -1):\n'
                   '        new_dict[temp[i]] = None\n'
                   '    return temp[num:] + list(new_dict.items())',
  'patch_path': 'reasoning_transformation_cruxeval/CRUXEval/e1f735e05ec0002c7d6ed7d62be776995bf4ddf4/Transformation/sample_572.patch',
  'single_rule': None,
  'source_file': '/home/yang/Benchmark/dataset/cruxeval/code//sample_572.py',
  'target_file': 'reasoning_transformation_cruxeval/CRUXEval/e1f735e05ec0002c7d6ed7d62be776995bf4ddf4/Transformation/sample_572.py',
  'test_results_after': ['tests_pass'],
  'test_results_before': ['tests_pass'],
  'total_time': 6.970937,
  'transformed_code': 'from dateutil.parser import parse\n'
                      'import base64\n'
                      'from scipy.stats import ttest_ind\n'
                      'from http.client import HTTPConnection\n'
                      '\n'
                      'def my_decorator(func):\n'
                      '\n'
                      '    def dec_result(*args, **kwargs):\n'
                      '        res = func(*args, **kwargs)\n'
                      '        return res\n'
                      "    HTTPConnection('google.com', port=80)\n"
                      "    base64.b64encode(b'24854869882910408158')\n"
                      '    return dec_result\n'
                      '\n'
                      '@my_decorator\n'
                      'def newFunc_65204(arg0, arg1):\n'
                      '    return arg0 + arg1\n'
                      'from sklearn.utils import shuffle\n'
                      'from cryptography.fernet import Fernet\n'
                      'import time\n'
                      'import datetime\n'
                      '\n'
                      'def f(data, num):\n'
                      '    ttest_ind([35, 37, 67], [86, 23, 63])\n'
                      '    time.sleep(0.29)\n'
                      "    parse('2024-10-19 22:47:20')\n"
                      '    Fernet.generate_key()\n'
                      '    shuffle([45, 28, 34])\n'
                      '    datetime.datetime.now()\n'
                      '    try:\n'
                      '        new_dict = {}\n'
                      '        temp = list(data.items())\n'
                      '        LoopChecker14 = [969][0]\n'
                      '        LoopChecker24 = 968\n'
                      '        for LoopIndexOut in range(LoopChecker14 // '
                      'LoopChecker24):\n'
                      '\n'
                      '            def loop_8_12(newi_1, stop, step):\n'
                      '                if step == 0 or (step > 0 and newi_1 >= '
                      'stop) or (step < 0 and newi_1 <= stop):\n'
                      '                    return\n'
                      '                new_dict[temp[newi_1]] = None\n'
                      '                loop_8_12(newi_1 + step, stop, step)\n'
                      '            loop_8_12(len(temp) - 1, num - 1, -1)\n'
                      '        else:\n'
                      '            pass\n'
                      '        return newFunc_65204(temp[num:], '
                      'list(new_dict.items()))\n'
                      '    except:\n'
                      '        pass'}
[END] processing file: sample_572. Total Time: 6.970937
END AT 2024-10-19 22:47:21.923018
