STARTING AT 2024-10-19 23:06:37.878258
[START] processing file: sample_777
*Running tests for: sample_777
 
Result: ['tests_pass']
tests_pass sample_777 /home/yang/Benchmark/dataset/cruxeval/code//sample_777.py
Apply all rules on a single file.
Checking transformation add_nested_for_out
*Running tests for: sample_777
 
Result: ['tests_pass']
Checking transformation add_nested_if
*Running tests for: sample_777
 
Result: ['tests_pass']
Checking transformation add_nested_list
*Running tests for: sample_777
 
Result: ['tests_pass']
Checking transformation transform_range_to_recursion
*Running tests for: sample_777
 
Result: ['tests_pass']
Checking transformation add_datetime
*Running tests for: sample_777
 
Result: ['tests_pass']
Checking transformation add_time
*Running tests for: sample_777
 
Result: ['tests_pass']
Checking transformation create_functions
*Running tests for: sample_777
 
Result: ['tests_pass']
Checking transformation add_decorator
*Running tests for: sample_777
 
Result: ['tests_pass']
Checking transformation add_http
*Running tests for: sample_777
 
Result: ['tests_pass']
Checking transformation add_scipy
*Running tests for: sample_777
 
Result: ['tests_pass']
Checking transformation add_base64
*Running tests for: sample_777
 
Result: ['tests_pass']
Checking transformation add_dateutil
*Running tests for: sample_777
 
Result: ['tests_pass']
The file 'reasoning_transformation_cruxeval/CRUXEval/e1f735e05ec0002c7d6ed7d62be776995bf4ddf4/Transformation/sample_777.py' has been formatted successfully.
Checking reasoning_transformation_cruxeval/CRUXEval/e1f735e05ec0002c7d6ed7d62be776995bf4ddf4/Transformation/sample_777.py
*Running tests for: sample_777
 
Result: ['tests_pass']
{ 'applicable_rules': [ 'change_var_names',
                        'add_nested_for_out',
                        'add_nested_if',
                        'add_try_except_inside_functions',
                        'add_else_to_for',
                        'add_nested_list',
                        'transform_range_to_recursion',
                        'add_datetime',
                        'add_time',
                        'add_crypto',
                        'add_sklearn',
                        'create_functions',
                        'add_decorator',
                        'add_http',
                        'add_scipy',
                        'add_base64',
                        'add_dateutil'],
  'diff_output': 'reasoning_transformation_cruxeval/CRUXEval/e1f735e05ec0002c7d6ed7d62be776995bf4ddf4/Transformation/sample_777.patch',
  'evaluation_tests_dir': '/home/yang/Benchmark/dataset/cruxeval/',
  'exception': None,
  'file_id': 'sample_777',
  'genetic_algorithm': None,
  'original_code': 'def f(names, excluded):\n'
                   '    excluded = excluded\n'
                   '    for i in range(len(names)):\n'
                   '        if excluded in names[i]:\n'
                   "            names[i] = names[i].replace(excluded, '')\n"
                   '    return names',
  'patch_path': 'reasoning_transformation_cruxeval/CRUXEval/e1f735e05ec0002c7d6ed7d62be776995bf4ddf4/Transformation/sample_777.patch',
  'single_rule': None,
  'source_file': '/home/yang/Benchmark/dataset/cruxeval/code//sample_777.py',
  'target_file': 'reasoning_transformation_cruxeval/CRUXEval/e1f735e05ec0002c7d6ed7d62be776995bf4ddf4/Transformation/sample_777.py',
  'test_results_after': ['tests_pass'],
  'test_results_before': ['tests_pass'],
  'total_time': 5.256287,
  'transformed_code': 'from dateutil.parser import parse\n'
                      'import base64\n'
                      'from scipy.stats import ttest_ind\n'
                      'from http.client import HTTPConnection\n'
                      '\n'
                      'def my_decorator(func):\n'
                      '    ttest_ind([74, 33, 58], [60, 72, 36])\n'
                      '\n'
                      '    def dec_result(*args, **kwargs):\n'
                      '        res = func(*args, **kwargs)\n'
                      '        return res\n'
                      '    return dec_result\n'
                      '\n'
                      '@my_decorator\n'
                      'def newFunc_BinOp0(a, b):\n'
                      "    base64.b64encode(b'84775651802114897565')\n"
                      '    return a // b\n'
                      'from sklearn.utils import shuffle\n'
                      'from cryptography.fernet import Fernet\n'
                      'import time\n'
                      'import datetime\n'
                      '\n'
                      'def f(names, newexcluded_1):\n'
                      "    HTTPConnection('google.com', port=80)\n"
                      '    Fernet.generate_key()\n'
                      '    shuffle([46, 80, 72])\n'
                      '    time.sleep(0.08)\n'
                      "    parse('2024-10-19 23:06:41')\n"
                      '    datetime.datetime.now()\n'
                      '    try:\n'
                      '        newexcluded_1 = newexcluded_1\n'
                      '        LoopChecker13 = [733][0]\n'
                      '        LoopChecker23 = 732\n'
                      '        ConditionChecker17 = 696\n'
                      '        ConditionChecker27 = 928\n'
                      '        for LoopIndexOut in '
                      'range(newFunc_BinOp0(LoopChecker13, LoopChecker23)):\n'
                      '\n'
                      '            def loop_9_12(i, stop, step):\n'
                      '                if step == 0 or (step > 0 and i >= '
                      'stop) or (step < 0 and i <= stop):\n'
                      '                    return\n'
                      '                if ConditionChecker17 & '
                      'ConditionChecker27:\n'
                      '                    if newexcluded_1 in names[i]:\n'
                      '                        names[i] = '
                      "names[i].replace(newexcluded_1, '')\n"
                      '                loop_9_12(i + step, stop, step)\n'
                      '            loop_9_12(0, len(names), 1)\n'
                      '        else:\n'
                      '            pass\n'
                      '        return names\n'
                      '    except:\n'
                      '        pass'}
[END] processing file: sample_777. Total Time: 5.256287
END AT 2024-10-19 23:06:43.136832
