STARTING AT 2024-10-19 22:47:33.185073
[START] processing file: sample_585
*Running tests for: sample_585
 
Result: ['tests_pass']
tests_pass sample_585 /home/yang/Benchmark/dataset/cruxeval/code//sample_585.py
Apply all rules on a single file.
Checking transformation add_nested_for_out
*Running tests for: sample_585
 
Result: ['tests_pass']
Checking transformation add_nested_list
*Running tests for: sample_585
 
Result: ['tests_pass']
Checking transformation transform_range_to_recursion
*Running tests for: sample_585
 
Result: ['tests_pass']
Checking transformation add_datetime
*Running tests for: sample_585
 
Result: ['tests_pass']
Checking transformation add_time
*Running tests for: sample_585
 
Result: ['tests_pass']
Checking transformation create_functions
*Running tests for: sample_585
 
Result: ['tests_pass']
Checking transformation add_decorator
*Running tests for: sample_585
 
Result: ['tests_pass']
Checking transformation add_http
*Running tests for: sample_585
 
Result: ['tests_pass']
Checking transformation add_scipy
*Running tests for: sample_585
 
Result: ['tests_pass']
Checking transformation add_base64
*Running tests for: sample_585
 
Result: ['tests_pass']
Checking transformation add_dateutil
*Running tests for: sample_585
 
Result: ['tests_pass']
The file 'reasoning_transformation_cruxeval/CRUXEval/e1f735e05ec0002c7d6ed7d62be776995bf4ddf4/Transformation/sample_585.py' has been formatted successfully.
Checking reasoning_transformation_cruxeval/CRUXEval/e1f735e05ec0002c7d6ed7d62be776995bf4ddf4/Transformation/sample_585.py
*Running tests for: sample_585
 
Result: ['tests_pass']
{ 'applicable_rules': [ 'change_var_names',
                        'add_nested_for_out',
                        'add_try_except_inside_functions',
                        'add_else_to_for',
                        'add_nested_list',
                        'transform_range_to_recursion',
                        'add_datetime',
                        'add_time',
                        'add_crypto',
                        'add_sklearn',
                        'create_functions',
                        'add_decorator',
                        'add_http',
                        'add_scipy',
                        'add_base64',
                        'add_dateutil'],
  'diff_output': 'reasoning_transformation_cruxeval/CRUXEval/e1f735e05ec0002c7d6ed7d62be776995bf4ddf4/Transformation/sample_585.patch',
  'evaluation_tests_dir': '/home/yang/Benchmark/dataset/cruxeval/',
  'exception': None,
  'file_id': 'sample_585',
  'genetic_algorithm': None,
  'original_code': 'def f(text):\n'
                   '    count = text.count(text[0])\n'
                   '    ls = list(text)\n'
                   '    for _ in range(count):\n'
                   '        ls.remove(ls[0])\n'
                   "    return ''.join(ls)",
  'patch_path': 'reasoning_transformation_cruxeval/CRUXEval/e1f735e05ec0002c7d6ed7d62be776995bf4ddf4/Transformation/sample_585.patch',
  'single_rule': None,
  'source_file': '/home/yang/Benchmark/dataset/cruxeval/code//sample_585.py',
  'target_file': 'reasoning_transformation_cruxeval/CRUXEval/e1f735e05ec0002c7d6ed7d62be776995bf4ddf4/Transformation/sample_585.py',
  'test_results_after': ['tests_pass'],
  'test_results_before': ['tests_pass'],
  'total_time': 6.174582,
  'transformed_code': 'from dateutil.parser import parse\n'
                      'import base64\n'
                      'from scipy.stats import ttest_ind\n'
                      'from http.client import HTTPConnection\n'
                      '\n'
                      'def my_decorator(func):\n'
                      '\n'
                      '    def dec_result(*args, **kwargs):\n'
                      '        res = func(*args, **kwargs)\n'
                      '        return res\n'
                      "    base64.b64encode(b'60424905171778903985')\n"
                      '    return dec_result\n'
                      '\n'
                      '@my_decorator\n'
                      'def newFunc_BinOp0(a, b):\n'
                      '    ttest_ind([37, 47, 10], [35, 89, 93])\n'
                      '    return a // b\n'
                      'from sklearn.utils import shuffle\n'
                      'from cryptography.fernet import Fernet\n'
                      'import time\n'
                      'import datetime\n'
                      '\n'
                      'def f(text):\n'
                      "    parse('2024-10-19 22:47:37')\n"
                      '    time.sleep(0.21)\n'
                      "    HTTPConnection('google.com', port=80)\n"
                      '    Fernet.generate_key()\n'
                      '    datetime.datetime.now()\n'
                      '    shuffle([26, 49, 89])\n'
                      '    try:\n'
                      '        count = text.count(text[0])\n'
                      '        ls = list(text)\n'
                      '        LoopChecker14 = [218][0]\n'
                      '        LoopChecker24 = 217\n'
                      '        for LoopIndexOut in '
                      'range(newFunc_BinOp0(LoopChecker14, LoopChecker24)):\n'
                      '\n'
                      '            def loop_8_12(new__1, stop, step):\n'
                      '                if step == 0 or (step > 0 and new__1 >= '
                      'stop) or (step < 0 and new__1 <= stop):\n'
                      '                    return\n'
                      '                ls.remove(ls[0])\n'
                      '                loop_8_12(new__1 + step, stop, step)\n'
                      '            loop_8_12(0, count, 1)\n'
                      '        else:\n'
                      '            pass\n'
                      "        return ''.join(ls)\n"
                      '    except:\n'
                      '        pass'}
[END] processing file: sample_585. Total Time: 6.174582
END AT 2024-10-19 22:47:39.360868
