STARTING AT 2024-10-19 21:57:40.899930
[START] processing file: sample_145
*Running tests for: sample_145
 
Result: ['tests_pass']
tests_pass sample_145 /home/yang/Benchmark/dataset/cruxeval/code//sample_145.py
Apply all rules on a single file.
Checking transformation add_nested_if
*Running tests for: sample_145
 
Result: ['tests_pass']
Checking transformation add_nested_list
*Running tests for: sample_145
 
Result: ['tests_pass']
Checking transformation add_datetime
*Running tests for: sample_145
 
Result: ['tests_pass']
Checking transformation add_time
*Running tests for: sample_145
 
Result: ['tests_pass']
Checking transformation create_functions
*Running tests for: sample_145
 
Result: ['tests_pass']
Checking transformation add_decorator
*Running tests for: sample_145
 
Result: ['tests_pass']
Checking transformation add_http
*Running tests for: sample_145
 
Result: ['tests_pass']
Checking transformation add_scipy
*Running tests for: sample_145
 
Result: ['tests_pass']
Checking transformation add_base64
*Running tests for: sample_145
 
Result: ['tests_pass']
Checking transformation add_dateutil
*Running tests for: sample_145
 
Result: ['tests_pass']
The file 'reasoning_transformation_cruxeval/CRUXEval/e1f735e05ec0002c7d6ed7d62be776995bf4ddf4/Transformation/sample_145.py' has been formatted successfully.
Checking reasoning_transformation_cruxeval/CRUXEval/e1f735e05ec0002c7d6ed7d62be776995bf4ddf4/Transformation/sample_145.py
*Running tests for: sample_145
 
Result: ['tests_pass']
{ 'applicable_rules': [ 'change_var_names',
                        'add_nested_if',
                        'add_try_except_inside_functions',
                        'add_nested_list',
                        'add_datetime',
                        'add_time',
                        'add_crypto',
                        'add_sklearn',
                        'create_functions',
                        'add_decorator',
                        'add_http',
                        'add_scipy',
                        'add_base64',
                        'add_dateutil',
                        'changing_AugAssign'],
  'diff_output': 'reasoning_transformation_cruxeval/CRUXEval/e1f735e05ec0002c7d6ed7d62be776995bf4ddf4/Transformation/sample_145.patch',
  'evaluation_tests_dir': '/home/yang/Benchmark/dataset/cruxeval/',
  'exception': None,
  'file_id': 'sample_145',
  'genetic_algorithm': None,
  'original_code': 'def f(price, product):\n'
                   "    inventory = ['olives', 'key', 'orange']\n"
                   '    if product not in inventory:\n'
                   '        return price\n'
                   '    else:\n'
                   '        price *= 0.85\n'
                   '        inventory.remove(product)\n'
                   '    return price',
  'patch_path': 'reasoning_transformation_cruxeval/CRUXEval/e1f735e05ec0002c7d6ed7d62be776995bf4ddf4/Transformation/sample_145.patch',
  'single_rule': None,
  'source_file': '/home/yang/Benchmark/dataset/cruxeval/code//sample_145.py',
  'target_file': 'reasoning_transformation_cruxeval/CRUXEval/e1f735e05ec0002c7d6ed7d62be776995bf4ddf4/Transformation/sample_145.py',
  'test_results_after': ['tests_pass'],
  'test_results_before': ['tests_pass'],
  'total_time': 6.638692,
  'transformed_code': 'from dateutil.parser import parse\n'
                      'import base64\n'
                      'from scipy.stats import ttest_ind\n'
                      'from http.client import HTTPConnection\n'
                      '\n'
                      'def my_decorator(func):\n'
                      '\n'
                      '    def dec_result(*args, **kwargs):\n'
                      '        res = func(*args, **kwargs)\n'
                      '        return res\n'
                      '    return dec_result\n'
                      '\n'
                      '@my_decorator\n'
                      'def newFunc_BinOp0(a, b):\n'
                      "    HTTPConnection('google.com', port=80)\n"
                      "    parse('2024-10-19 21:57:45')\n"
                      '    return a & b\n'
                      'from sklearn.utils import shuffle\n'
                      'from cryptography.fernet import Fernet\n'
                      'import time\n'
                      'import datetime\n'
                      '\n'
                      'def f(newprice_1, product):\n'
                      '    time.sleep(0.24)\n'
                      '    shuffle([23, 82, 59])\n'
                      '    Fernet.generate_key()\n'
                      '    ttest_ind([20, 67, 76], [13, 28, 67])\n'
                      "    base64.b64encode(b'40141810209610557088')\n"
                      '    datetime.datetime.now()\n'
                      '    try:\n'
                      '        ConditionChecker13 = [310][0]\n'
                      '        ConditionChecker23 = 697\n'
                      "        inventory = ['olives', 'key', 'orange']\n"
                      '        if newFunc_BinOp0(ConditionChecker13, '
                      'ConditionChecker23):\n'
                      '            if product not in inventory:\n'
                      '                return newprice_1\n'
                      '            else:\n'
                      '                newprice_1 = newprice_1 * 0.85\n'
                      '                inventory.remove(product)\n'
                      '        return newprice_1\n'
                      '    except:\n'
                      '        pass'}
[END] processing file: sample_145. Total Time: 6.638692
END AT 2024-10-19 21:57:47.539871
