STARTING AT 2024-10-19 22:52:03.173705
[START] processing file: sample_622
*Running tests for: sample_622
 
Result: ['tests_pass']
tests_pass sample_622 /home/yang/Benchmark/dataset/cruxeval/code//sample_622.py
Apply all rules on a single file.
Checking transformation add_datetime
*Running tests for: sample_622
 
Result: ['tests_pass']
Checking transformation add_time
*Running tests for: sample_622
 
Result: ['tests_pass']
Checking transformation add_decorator
*Running tests for: sample_622
 
Result: ['tests_pass']
Checking transformation add_http
*Running tests for: sample_622
 
Result: ['tests_pass']
Checking transformation add_scipy
*Running tests for: sample_622
 
Result: ['tests_pass']
Checking transformation add_base64
*Running tests for: sample_622
 
Result: ['tests_pass']
Checking transformation add_dateutil
*Running tests for: sample_622
 
Result: ['tests_pass']
The file 'reasoning_transformation_cruxeval/CRUXEval/e1f735e05ec0002c7d6ed7d62be776995bf4ddf4/Transformation/sample_622.py' has been formatted successfully.
Checking reasoning_transformation_cruxeval/CRUXEval/e1f735e05ec0002c7d6ed7d62be776995bf4ddf4/Transformation/sample_622.py
*Running tests for: sample_622
 
Result: ['tests_pass']
{ 'applicable_rules': [ 'change_var_names',
                        'add_try_except_inside_functions',
                        'add_datetime',
                        'add_time',
                        'add_crypto',
                        'add_sklearn',
                        'add_decorator',
                        'add_http',
                        'add_scipy',
                        'add_base64',
                        'add_dateutil'],
  'diff_output': 'reasoning_transformation_cruxeval/CRUXEval/e1f735e05ec0002c7d6ed7d62be776995bf4ddf4/Transformation/sample_622.patch',
  'evaluation_tests_dir': '/home/yang/Benchmark/dataset/cruxeval/',
  'exception': None,
  'file_id': 'sample_622',
  'genetic_algorithm': None,
  'original_code': 'def f(s):\n'
                   "    (left, sep, right) = s.rpartition('.')\n"
                   '    new = sep.join([right, left])\n'
                   "    (_, sep, _) = new.rpartition('.')\n"
                   "    return new.replace(sep, ', ')",
  'patch_path': 'reasoning_transformation_cruxeval/CRUXEval/e1f735e05ec0002c7d6ed7d62be776995bf4ddf4/Transformation/sample_622.patch',
  'single_rule': None,
  'source_file': '/home/yang/Benchmark/dataset/cruxeval/code//sample_622.py',
  'target_file': 'reasoning_transformation_cruxeval/CRUXEval/e1f735e05ec0002c7d6ed7d62be776995bf4ddf4/Transformation/sample_622.py',
  'test_results_after': ['tests_pass'],
  'test_results_before': ['tests_pass'],
  'total_time': 5.444614,
  'transformed_code': 'from dateutil.parser import parse\n'
                      'import base64\n'
                      'from scipy.stats import ttest_ind\n'
                      'from http.client import HTTPConnection\n'
                      '\n'
                      'def my_decorator(func):\n'
                      '\n'
                      '    def dec_result(*args, **kwargs):\n'
                      '        res = func(*args, **kwargs)\n'
                      '        return res\n'
                      "    parse('2024-10-19 22:52:06')\n"
                      '    return dec_result\n'
                      'from sklearn.utils import shuffle\n'
                      'from cryptography.fernet import Fernet\n'
                      'import time\n'
                      'import datetime\n'
                      '\n'
                      '@my_decorator\n'
                      'def f(s):\n'
                      "    HTTPConnection('google.com', port=80)\n"
                      '    time.sleep(0.22)\n'
                      '    Fernet.generate_key()\n'
                      '    ttest_ind([54, 10, 60], [37, 63, 94])\n'
                      '    shuffle([37, 40, 3])\n'
                      "    base64.b64encode(b'12488373447675180037')\n"
                      '    datetime.datetime.now()\n'
                      '    try:\n'
                      "        (left, sep, newright_1) = s.rpartition('.')\n"
                      '        new = sep.join([newright_1, left])\n'
                      "        (_, sep, _) = new.rpartition('.')\n"
                      "        return new.replace(sep, ', ')\n"
                      '    except:\n'
                      '        pass'}
[END] processing file: sample_622. Total Time: 5.444614
END AT 2024-10-19 22:52:08.619687
