STARTING AT 2024-10-19 22:45:50.943368
[START] processing file: sample_560
*Running tests for: sample_560
 
Result: ['tests_pass']
tests_pass sample_560 /home/yang/Benchmark/dataset/cruxeval/code//sample_560.py
Apply all rules on a single file.
Checking transformation add_nested_for_out
*Running tests for: sample_560
 
Result: ['tests_pass']
Checking transformation add_nested_if
*Running tests for: sample_560
 
Result: ['tests_pass']
Checking transformation add_nested_list
*Running tests for: sample_560
 
Result: ['tests_pass']
Checking transformation transform_range_to_recursion
*Running tests for: sample_560
 
Result: ['tests_pass']
Checking transformation add_datetime
*Running tests for: sample_560
 
Result: ['tests_pass']
Checking transformation add_time
*Running tests for: sample_560
 
Result: ['tests_pass']
Checking transformation create_functions
*Running tests for: sample_560
 
Result: ['tests_pass']
Checking transformation add_decorator
*Running tests for: sample_560
 
Result: ['tests_pass']
Checking transformation add_http
*Running tests for: sample_560
 
Result: ['tests_pass']
Checking transformation add_scipy
*Running tests for: sample_560
 
Result: ['tests_pass']
Checking transformation add_base64
*Running tests for: sample_560
 
Result: ['tests_pass']
Checking transformation add_dateutil
*Running tests for: sample_560
 
Result: ['tests_pass']
The file 'reasoning_transformation_cruxeval/CRUXEval/e1f735e05ec0002c7d6ed7d62be776995bf4ddf4/Transformation/sample_560.py' has been formatted successfully.
Checking reasoning_transformation_cruxeval/CRUXEval/e1f735e05ec0002c7d6ed7d62be776995bf4ddf4/Transformation/sample_560.py
*Running tests for: sample_560
 
Result: ['tests_pass']
{ 'applicable_rules': [ 'change_var_names',
                        'add_nested_for_out',
                        'add_nested_if',
                        'add_try_except_inside_functions',
                        'add_else_to_for',
                        'add_nested_list',
                        'transform_range_to_recursion',
                        'add_datetime',
                        'add_time',
                        'add_crypto',
                        'add_sklearn',
                        'create_functions',
                        'add_decorator',
                        'add_http',
                        'add_scipy',
                        'add_base64',
                        'add_dateutil',
                        'changing_AugAssign'],
  'diff_output': 'reasoning_transformation_cruxeval/CRUXEval/e1f735e05ec0002c7d6ed7d62be776995bf4ddf4/Transformation/sample_560.patch',
  'evaluation_tests_dir': '/home/yang/Benchmark/dataset/cruxeval/',
  'exception': None,
  'file_id': 'sample_560',
  'genetic_algorithm': None,
  'original_code': 'def f(text):\n'
                   '    x = 0\n'
                   '    if text.islower():\n'
                   '        for c in text:\n'
                   '            if int(c) in list(range(90)):\n'
                   '                x += 1\n'
                   '    return x',
  'patch_path': 'reasoning_transformation_cruxeval/CRUXEval/e1f735e05ec0002c7d6ed7d62be776995bf4ddf4/Transformation/sample_560.patch',
  'single_rule': None,
  'source_file': '/home/yang/Benchmark/dataset/cruxeval/code//sample_560.py',
  'target_file': 'reasoning_transformation_cruxeval/CRUXEval/e1f735e05ec0002c7d6ed7d62be776995bf4ddf4/Transformation/sample_560.py',
  'test_results_after': ['tests_pass'],
  'test_results_before': ['tests_pass'],
  'total_time': 4.762341,
  'transformed_code': 'from dateutil.parser import parse\n'
                      'import base64\n'
                      'from scipy.stats import ttest_ind\n'
                      'from http.client import HTTPConnection\n'
                      '\n'
                      'def my_decorator(func):\n'
                      "    parse('2024-10-19 22:45:54')\n"
                      "    base64.b64encode(b'58007012395260562769')\n"
                      '\n'
                      '    def dec_result(*args, **kwargs):\n'
                      '        res = func(*args, **kwargs)\n'
                      '        return res\n'
                      '    return dec_result\n'
                      '\n'
                      '@my_decorator\n'
                      'def newFunc_BinOp0(a, b):\n'
                      '    return a & b\n'
                      'from sklearn.utils import shuffle\n'
                      'from cryptography.fernet import Fernet\n'
                      'import time\n'
                      'import datetime\n'
                      '\n'
                      'def f(text):\n'
                      '    time.sleep(0.01)\n'
                      '    shuffle([82, 16, 79])\n'
                      '    datetime.datetime.now()\n'
                      '    Fernet.generate_key()\n'
                      '    ttest_ind([50, 61, 57], [24, 93, 77])\n'
                      "    HTTPConnection('google.com', port=80)\n"
                      '    try:\n'
                      '        ConditionChecker13 = [357][0]\n'
                      '        ConditionChecker23 = 908\n'
                      '        x = 0\n'
                      '        if newFunc_BinOp0(ConditionChecker13, '
                      'ConditionChecker23):\n'
                      '            if text.islower():\n'
                      '                LoopChecker14 = 414\n'
                      '                LoopChecker24 = 413\n'
                      '\n'
                      '                def loop_10_16(LoopIndexOut, stop, '
                      'step):\n'
                      '                    nonlocal x\n'
                      '                    if step == 0 or (step > 0 and '
                      'LoopIndexOut >= stop) or (step < 0 and LoopIndexOut <= '
                      'stop):\n'
                      '                        return\n'
                      '                    for newc_1 in text:\n'
                      '                        if int(newc_1) in '
                      'list(range(90)):\n'
                      '                            x = x + 1\n'
                      '                    loop_10_16(LoopIndexOut + step, '
                      'stop, step)\n'
                      '                loop_10_16(0, LoopChecker14 // '
                      'LoopChecker24, 1)\n'
                      '        return x\n'
                      '    except:\n'
                      '        pass'}
[END] processing file: sample_560. Total Time: 4.762341
END AT 2024-10-19 22:45:55.707970
