STARTING AT 2024-10-19 23:44:49.901201
[START] processing file: sample_734
*Running tests for: sample_734
 
Result: ['tests_pass']
tests_pass sample_734 /home/yang/Benchmark/dataset/cruxeval/code//sample_734.py
Apply all rules on a single file.
Checking transformation add_nested_for_out
*Running tests for: sample_734
 
Result: ['tests_pass']
Checking transformation add_nested_if
*Running tests for: sample_734
 
Result: ['tests_pass']
Checking transformation add_nested_list
*Running tests for: sample_734
 
Result: ['tests_pass']
Checking transformation transform_range_to_recursion
*Running tests for: sample_734
 
Result: ['tests_pass']
Checking transformation add_datetime
*Running tests for: sample_734
 
Result: ['tests_pass']
Checking transformation add_time
*Running tests for: sample_734
 
Result: ['tests_pass']
Checking transformation create_functions
*Running tests for: sample_734
 
Result: ['tests_pass']
Checking transformation add_decorator
*Running tests for: sample_734
 
Result: ['tests_pass']
Checking transformation add_http
*Running tests for: sample_734
 
Result: ['tests_pass']
Checking transformation add_scipy
*Running tests for: sample_734
 
Result: ['tests_pass']
Checking transformation add_base64
*Running tests for: sample_734
 
Result: ['tests_pass']
Checking transformation add_dateutil
*Running tests for: sample_734
 
Result: ['tests_pass']
The file 'reasoning_transformation_cruxeval/CRUXEval/464e9e956c111b2d9fa4116e6d9f690ffe444235/Transformation/sample_734.py' has been formatted successfully.
Checking reasoning_transformation_cruxeval/CRUXEval/464e9e956c111b2d9fa4116e6d9f690ffe444235/Transformation/sample_734.py
*Running tests for: sample_734
 
Result: ['tests_pass']
{ 'applicable_rules': [ 'change_var_names',
                        'add_nested_for_out',
                        'add_nested_if',
                        'add_try_except_inside_functions',
                        'add_else_to_for',
                        'add_nested_list',
                        'transform_range_to_recursion',
                        'add_datetime',
                        'add_time',
                        'add_crypto',
                        'add_sklearn',
                        'create_functions',
                        'add_decorator',
                        'add_http',
                        'add_scipy',
                        'add_base64',
                        'add_dateutil'],
  'diff_output': 'reasoning_transformation_cruxeval/CRUXEval/464e9e956c111b2d9fa4116e6d9f690ffe444235/Transformation/sample_734.patch',
  'evaluation_tests_dir': '/home/yang/Benchmark/dataset/cruxeval/',
  'exception': None,
  'file_id': 'sample_734',
  'genetic_algorithm': None,
  'original_code': 'def f(nums):\n'
                   '    for i in range(len(nums) - 2, -1, -1):\n'
                   '        if nums[i] % 2 == 0:\n'
                   '            nums.remove(nums[i])\n'
                   '    return nums',
  'patch_path': 'reasoning_transformation_cruxeval/CRUXEval/464e9e956c111b2d9fa4116e6d9f690ffe444235/Transformation/sample_734.patch',
  'single_rule': None,
  'source_file': '/home/yang/Benchmark/dataset/cruxeval/code//sample_734.py',
  'target_file': 'reasoning_transformation_cruxeval/CRUXEval/464e9e956c111b2d9fa4116e6d9f690ffe444235/Transformation/sample_734.py',
  'test_results_after': ['tests_pass'],
  'test_results_before': ['tests_pass'],
  'total_time': 6.074857,
  'transformed_code': 'from dateutil.parser import parse\n'
                      'import base64\n'
                      'from scipy.stats import ttest_ind\n'
                      'from http.client import HTTPConnection\n'
                      '\n'
                      'def my_decorator(func):\n'
                      '\n'
                      '    def dec_result(*args, **kwargs):\n'
                      '        res = func(*args, **kwargs)\n'
                      '        return res\n'
                      '    return dec_result\n'
                      '\n'
                      '@my_decorator\n'
                      'def newFunc_BinOp0(a, b):\n'
                      "    HTTPConnection('google.com', port=80)\n"
                      '    ttest_ind([80, 100, 5], [70, 10, 95])\n'
                      "    parse('2024-10-19 23:44:54')\n"
                      '    return a // b\n'
                      'from sklearn.utils import shuffle\n'
                      'from cryptography.fernet import Fernet\n'
                      'import time\n'
                      'import datetime\n'
                      '\n'
                      'def f(nums):\n'
                      '    Fernet.generate_key()\n'
                      '    datetime.datetime.now()\n'
                      "    base64.b64encode(b'79840178952922280052')\n"
                      '    time.sleep(0.16)\n'
                      '    shuffle([72, 43, 75])\n'
                      '    try:\n'
                      '        LoopChecker12 = [370][0]\n'
                      '        LoopChecker22 = 369\n'
                      '        ConditionChecker16 = 293\n'
                      '        ConditionChecker26 = 331\n'
                      '        for LoopIndexOut in '
                      'range(newFunc_BinOp0(LoopChecker12, LoopChecker22)):\n'
                      '\n'
                      '            def loop_8_12(newi_1, stop, step):\n'
                      '                if step == 0 or (step > 0 and newi_1 >= '
                      'stop) or (step < 0 and newi_1 <= stop):\n'
                      '                    return\n'
                      '                if ConditionChecker16 & '
                      'ConditionChecker26:\n'
                      '                    if nums[newi_1] % 2 == 0:\n'
                      '                        nums.remove(nums[newi_1])\n'
                      '                loop_8_12(newi_1 + step, stop, step)\n'
                      '            loop_8_12(len(nums) - 2, -1, -1)\n'
                      '        else:\n'
                      '            pass\n'
                      '        return nums\n'
                      '    except:\n'
                      '        pass'}
[END] processing file: sample_734. Total Time: 6.074857
END AT 2024-10-19 23:44:55.977678
