STARTING AT 2024-10-19 22:03:50.134300
[START] processing file: sample_197
*Running tests for: sample_197
 
Result: ['tests_pass']
tests_pass sample_197 /home/yang/Benchmark/dataset/cruxeval/code//sample_197.py
Apply all rules on a single file.
Checking transformation add_datetime
*Running tests for: sample_197
 
Result: ['tests_pass']
Checking transformation add_time
*Running tests for: sample_197
 
Result: ['tests_pass']
Checking transformation create_functions
*Running tests for: sample_197
 
Result: ['tests_pass']
Checking transformation add_decorator
*Running tests for: sample_197
 
Result: ['tests_pass']
Checking transformation add_http
*Running tests for: sample_197
 
Result: ['tests_pass']
Checking transformation add_scipy
*Running tests for: sample_197
 
Result: ['tests_pass']
Checking transformation add_base64
*Running tests for: sample_197
 
Result: ['tests_pass']
Checking transformation add_dateutil
*Running tests for: sample_197
 
Result: ['tests_pass']
The file 'reasoning_transformation_cruxeval/CRUXEval/e1f735e05ec0002c7d6ed7d62be776995bf4ddf4/Transformation/sample_197.py' has been formatted successfully.
Checking reasoning_transformation_cruxeval/CRUXEval/e1f735e05ec0002c7d6ed7d62be776995bf4ddf4/Transformation/sample_197.py
*Running tests for: sample_197
 
Result: ['tests_pass']
{ 'applicable_rules': [ 'change_var_names',
                        'add_try_except_inside_functions',
                        'add_datetime',
                        'add_time',
                        'add_crypto',
                        'add_sklearn',
                        'create_functions',
                        'add_decorator',
                        'add_http',
                        'add_scipy',
                        'add_base64',
                        'add_dateutil'],
  'diff_output': 'reasoning_transformation_cruxeval/CRUXEval/e1f735e05ec0002c7d6ed7d62be776995bf4ddf4/Transformation/sample_197.patch',
  'evaluation_tests_dir': '/home/yang/Benchmark/dataset/cruxeval/',
  'exception': None,
  'file_id': 'sample_197',
  'genetic_algorithm': None,
  'original_code': 'def f(temp, timeLimit):\n'
                   '    s = timeLimit // temp\n'
                   '    e = timeLimit % temp\n'
                   "    return [f'{e} oC', f'{s} {e}'][s > 1]",
  'patch_path': 'reasoning_transformation_cruxeval/CRUXEval/e1f735e05ec0002c7d6ed7d62be776995bf4ddf4/Transformation/sample_197.patch',
  'single_rule': None,
  'source_file': '/home/yang/Benchmark/dataset/cruxeval/code//sample_197.py',
  'target_file': 'reasoning_transformation_cruxeval/CRUXEval/e1f735e05ec0002c7d6ed7d62be776995bf4ddf4/Transformation/sample_197.py',
  'test_results_after': ['tests_pass'],
  'test_results_before': ['tests_pass'],
  'total_time': 4.854047,
  'transformed_code': 'from dateutil.parser import parse\n'
                      'import base64\n'
                      'from scipy.stats import ttest_ind\n'
                      'from http.client import HTTPConnection\n'
                      '\n'
                      'def my_decorator(func):\n'
                      '\n'
                      '    def dec_result(*args, **kwargs):\n'
                      '        res = func(*args, **kwargs)\n'
                      '        return res\n'
                      '    return dec_result\n'
                      '\n'
                      '@my_decorator\n'
                      'def newFunc0_12(temp, timeLimit):\n'
                      "    HTTPConnection('google.com', port=80)\n"
                      "    parse('2024-10-19 22:03:53')\n"
                      '    return timeLimit // temp\n'
                      'from sklearn.utils import shuffle\n'
                      'from cryptography.fernet import Fernet\n'
                      'import time\n'
                      'import datetime\n'
                      '\n'
                      'def f(temp, timeLimit):\n'
                      '    time.sleep(0.09)\n'
                      '    datetime.datetime.now()\n'
                      '    Fernet.generate_key()\n'
                      '    shuffle([83, 72, 59])\n'
                      '    ttest_ind([53, 52, 66], [30, 5, 11])\n'
                      "    base64.b64encode(b'42812665682148742288')\n"
                      '    try:\n'
                      '        s = newFunc0_12(temp, timeLimit)\n'
                      '        newe_1 = timeLimit % temp\n'
                      "        return [f'{newe_1} oC', f'{s} {newe_1}'][s > "
                      '1]\n'
                      '    except:\n'
                      '        pass'}
[END] processing file: sample_197. Total Time: 4.854047
END AT 2024-10-19 22:03:54.989756
