STARTING AT 2024-10-19 22:49:33.400981
[START] processing file: sample_600
*Running tests for: sample_600
 
Result: ['tests_pass']
tests_pass sample_600 /home/yang/Benchmark/dataset/cruxeval/code//sample_600.py
Apply all rules on a single file.
Checking transformation add_nested_for_out
*Running tests for: sample_600
 
Result: ['tests_pass']
Checking transformation add_nested_list
*Running tests for: sample_600
 
Result: ['tests_pass']
Checking transformation transform_range_to_recursion
*Running tests for: sample_600
 
Result: ['tests_pass']
Checking transformation add_datetime
*Running tests for: sample_600
 
Result: ['tests_pass']
Checking transformation add_time
*Running tests for: sample_600
 
Result: ['tests_pass']
Checking transformation create_functions
*Running tests for: sample_600
 
Result: ['tests_pass']
Checking transformation add_decorator
*Running tests for: sample_600
 
Result: ['tests_pass']
Checking transformation add_http
*Running tests for: sample_600
 
Result: ['tests_pass']
Checking transformation add_scipy
*Running tests for: sample_600
 
Result: ['tests_pass']
Checking transformation add_base64
*Running tests for: sample_600
 
Result: ['tests_pass']
Checking transformation add_dateutil
*Running tests for: sample_600
 
Result: ['tests_pass']
The file 'reasoning_transformation_cruxeval/CRUXEval/e1f735e05ec0002c7d6ed7d62be776995bf4ddf4/Transformation/sample_600.py' has been formatted successfully.
Checking reasoning_transformation_cruxeval/CRUXEval/e1f735e05ec0002c7d6ed7d62be776995bf4ddf4/Transformation/sample_600.py
*Running tests for: sample_600
 
Result: ['tests_pass']
{ 'applicable_rules': [ 'change_var_names',
                        'add_nested_for_out',
                        'add_try_except_inside_functions',
                        'add_else_to_for',
                        'add_nested_list',
                        'transform_range_to_recursion',
                        'add_datetime',
                        'add_time',
                        'add_crypto',
                        'add_sklearn',
                        'create_functions',
                        'add_decorator',
                        'add_http',
                        'add_scipy',
                        'add_base64',
                        'add_dateutil'],
  'diff_output': 'reasoning_transformation_cruxeval/CRUXEval/e1f735e05ec0002c7d6ed7d62be776995bf4ddf4/Transformation/sample_600.patch',
  'evaluation_tests_dir': '/home/yang/Benchmark/dataset/cruxeval/',
  'exception': None,
  'file_id': 'sample_600',
  'genetic_algorithm': None,
  'original_code': 'def f(array):\n'
                   "    just_ns = list(map(lambda num: 'n' * num, array))\n"
                   '    final_output = []\n'
                   '    for wipe in just_ns:\n'
                   '        final_output.append(wipe)\n'
                   '    return final_output',
  'patch_path': 'reasoning_transformation_cruxeval/CRUXEval/e1f735e05ec0002c7d6ed7d62be776995bf4ddf4/Transformation/sample_600.patch',
  'single_rule': None,
  'source_file': '/home/yang/Benchmark/dataset/cruxeval/code//sample_600.py',
  'target_file': 'reasoning_transformation_cruxeval/CRUXEval/e1f735e05ec0002c7d6ed7d62be776995bf4ddf4/Transformation/sample_600.py',
  'test_results_after': ['tests_pass'],
  'test_results_before': ['tests_pass'],
  'total_time': 4.860092,
  'transformed_code': 'from dateutil.parser import parse\n'
                      'import base64\n'
                      'from scipy.stats import ttest_ind\n'
                      'from http.client import HTTPConnection\n'
                      '\n'
                      'def my_decorator(func):\n'
                      "    base64.b64encode(b'01736907364521874519')\n"
                      '\n'
                      '    def dec_result(*args, **kwargs):\n'
                      '        res = func(*args, **kwargs)\n'
                      '        return res\n'
                      "    parse('2024-10-19 22:49:36')\n"
                      '    return dec_result\n'
                      '\n'
                      '@my_decorator\n'
                      'def newFunc_BinOp0(a, b):\n'
                      '    ttest_ind([48, 33, 85], [13, 99, 24])\n'
                      '    return a * b\n'
                      'from sklearn.utils import shuffle\n'
                      'from cryptography.fernet import Fernet\n'
                      'import time\n'
                      'import datetime\n'
                      '\n'
                      'def f(array):\n'
                      "    HTTPConnection('google.com', port=80)\n"
                      '    time.sleep(0.04)\n'
                      '    Fernet.generate_key()\n'
                      '    shuffle([1, 25, 28])\n'
                      '    datetime.datetime.now()\n'
                      '    try:\n'
                      '        just_ns = list(map(lambda num: '
                      "newFunc_BinOp0('n', num), array))\n"
                      '        newfinal_output_1 = [[]][0]\n'
                      '        LoopChecker14 = 931\n'
                      '        LoopChecker24 = 930\n'
                      '\n'
                      '        def loop_7_8(LoopIndexOut, stop, step):\n'
                      '            if step == 0 or (step > 0 and LoopIndexOut '
                      '>= stop) or (step < 0 and LoopIndexOut <= stop):\n'
                      '                return\n'
                      '            for wipe in just_ns:\n'
                      '                newfinal_output_1.append(wipe)\n'
                      '            loop_7_8(LoopIndexOut + step, stop, step)\n'
                      '        loop_7_8(0, LoopChecker14 // LoopChecker24, 1)\n'
                      '        return newfinal_output_1\n'
                      '    except:\n'
                      '        pass'}
[END] processing file: sample_600. Total Time: 4.860092
END AT 2024-10-19 22:49:38.262658
