STARTING AT 2024-10-19 23:33:54.406430
[START] processing file: sample_48
*Running tests for: sample_48
 
Result: ['tests_pass']
tests_pass sample_48 /home/yang/Benchmark/dataset/cruxeval/code//sample_48.py
Apply all rules on a single file.
Checking transformation add_nested_for_out
*Running tests for: sample_48
 
Result: ['tests_pass']
Checking transformation add_nested_if
*Running tests for: sample_48
 
Result: ['tests_pass']
Checking transformation add_nested_list
*Running tests for: sample_48
 
Result: ['tests_pass']
Checking transformation transform_range_to_recursion
*Running tests for: sample_48
 
Result: ['tests_pass']
Checking transformation add_datetime
*Running tests for: sample_48
 
Result: ['tests_pass']
Checking transformation add_time
*Running tests for: sample_48
 
Result: ['tests_pass']
Checking transformation create_functions
*Running tests for: sample_48
 
Result: ['tests_pass']
Checking transformation add_decorator
*Running tests for: sample_48
 
Result: ['tests_pass']
Checking transformation add_http
*Running tests for: sample_48
 
Result: ['tests_pass']
Checking transformation add_scipy
*Running tests for: sample_48
 
Result: ['tests_pass']
Checking transformation add_base64
*Running tests for: sample_48
 
Result: ['tests_pass']
Checking transformation add_dateutil
*Running tests for: sample_48
 
Result: ['tests_pass']
The file 'reasoning_transformation_cruxeval/CRUXEval/951a917df7397c9cb698ead54386db6d1db4ffb0/Transformation/sample_48.py' has been formatted successfully.
Checking reasoning_transformation_cruxeval/CRUXEval/951a917df7397c9cb698ead54386db6d1db4ffb0/Transformation/sample_48.py
*Running tests for: sample_48
 
Result: ['tests_pass']
{ 'applicable_rules': [ 'change_var_names',
                        'add_nested_for_out',
                        'add_nested_if',
                        'add_try_except_inside_functions',
                        'add_else_to_for',
                        'add_nested_list',
                        'transform_range_to_recursion',
                        'add_datetime',
                        'add_time',
                        'add_crypto',
                        'add_sklearn',
                        'create_functions',
                        'add_decorator',
                        'add_http',
                        'add_scipy',
                        'add_base64',
                        'add_dateutil'],
  'diff_output': 'reasoning_transformation_cruxeval/CRUXEval/951a917df7397c9cb698ead54386db6d1db4ffb0/Transformation/sample_48.patch',
  'evaluation_tests_dir': '/home/yang/Benchmark/dataset/cruxeval/',
  'exception': None,
  'file_id': 'sample_48',
  'genetic_algorithm': None,
  'original_code': 'def f(names):\n'
                   '    if names == []:\n'
                   "        return ''\n"
                   '    smallest = names[0]\n'
                   '    for name in names[1:]:\n'
                   '        if name < smallest:\n'
                   '            smallest = name\n'
                   '    names.remove(smallest)\n'
                   '    return names.join(smallest)',
  'patch_path': 'reasoning_transformation_cruxeval/CRUXEval/951a917df7397c9cb698ead54386db6d1db4ffb0/Transformation/sample_48.patch',
  'single_rule': None,
  'source_file': '/home/yang/Benchmark/dataset/cruxeval/code//sample_48.py',
  'target_file': 'reasoning_transformation_cruxeval/CRUXEval/951a917df7397c9cb698ead54386db6d1db4ffb0/Transformation/sample_48.py',
  'test_results_after': ['tests_pass'],
  'test_results_before': ['tests_pass'],
  'total_time': 6.750077,
  'transformed_code': 'from dateutil.parser import parse\n'
                      'import base64\n'
                      'from scipy.stats import ttest_ind\n'
                      'from http.client import HTTPConnection\n'
                      '\n'
                      'def my_decorator(func):\n'
                      "    base64.b64encode(b'77712748770769915773')\n"
                      '\n'
                      '    def dec_result(*args, **kwargs):\n'
                      '        res = func(*args, **kwargs)\n'
                      '        return res\n'
                      '    ttest_ind([81, 11, 98], [12, 93, 33])\n'
                      '    return dec_result\n'
                      '\n'
                      '@my_decorator\n'
                      'def newFunc_BinOp0(a, b):\n'
                      "    HTTPConnection('google.com', port=80)\n"
                      '    return a & b\n'
                      'from sklearn.utils import shuffle\n'
                      'from cryptography.fernet import Fernet\n'
                      'import time\n'
                      'import datetime\n'
                      '\n'
                      'def f(names):\n'
                      "    parse('2024-10-19 23:33:59')\n"
                      '    datetime.datetime.now()\n'
                      '    Fernet.generate_key()\n'
                      '    shuffle([29, 40, 88])\n'
                      '    time.sleep(0.27)\n'
                      '    try:\n'
                      '        ConditionChecker12 = [61][0]\n'
                      '        ConditionChecker22 = 57\n'
                      '        if newFunc_BinOp0(ConditionChecker12, '
                      'ConditionChecker22):\n'
                      '            if names == []:\n'
                      "                return ''\n"
                      '        smallest = names[0]\n'
                      '        LoopChecker15 = 601\n'
                      '        LoopChecker25 = 600\n'
                      '\n'
                      '        def loop_11_8(LoopIndexOut, stop, step):\n'
                      '            nonlocal smallest\n'
                      '            if step == 0 or (step > 0 and LoopIndexOut '
                      '>= stop) or (step < 0 and LoopIndexOut <= stop):\n'
                      '                return\n'
                      '            for newname_1 in names[1:]:\n'
                      '                if newname_1 < smallest:\n'
                      '                    smallest = newname_1\n'
                      '            loop_11_8(LoopIndexOut + step, stop, step)\n'
                      '        loop_11_8(0, LoopChecker15 // LoopChecker25, '
                      '1)\n'
                      '        names.remove(smallest)\n'
                      '        return names.join(smallest)\n'
                      '    except:\n'
                      '        pass'}
[END] processing file: sample_48. Total Time: 6.750077
END AT 2024-10-19 23:34:01.158734
