STARTING AT 2024-10-19 22:30:09.471101
[START] processing file: sample_418
*Running tests for: sample_418
 
Result: ['tests_pass']
tests_pass sample_418 /home/yang/Benchmark/dataset/cruxeval/code//sample_418.py
Apply all rules on a single file.
Checking transformation add_nested_if
*Running tests for: sample_418
 
Result: ['tests_pass']
Checking transformation add_nested_list
*Running tests for: sample_418
 
Result: ['tests_pass']
Checking transformation add_datetime
*Running tests for: sample_418
 
Result: ['tests_pass']
Checking transformation add_time
*Running tests for: sample_418
 
Result: ['tests_pass']
def newFunc_11591(arg0, arg1):
    return arg0 + arg1
def newFunc_62762(arg1, arg2):
    return arg1 + arg2
Checking transformation create_functions
*Running tests for: sample_418
 
Result: ['tests_pass']
Checking transformation add_decorator
*Running tests for: sample_418
 
Result: ['tests_pass']
Checking transformation add_http
*Running tests for: sample_418
 
Result: ['tests_pass']
Checking transformation add_scipy
*Running tests for: sample_418
 
Result: ['tests_pass']
Checking transformation add_base64
*Running tests for: sample_418
 
Result: ['tests_pass']
Checking transformation add_dateutil
*Running tests for: sample_418
 
Result: ['tests_pass']
The file 'reasoning_transformation_cruxeval/CRUXEval/e1f735e05ec0002c7d6ed7d62be776995bf4ddf4/Transformation/sample_418.py' has been formatted successfully.
Checking reasoning_transformation_cruxeval/CRUXEval/e1f735e05ec0002c7d6ed7d62be776995bf4ddf4/Transformation/sample_418.py
*Running tests for: sample_418
 
Result: ['tests_pass']
{ 'applicable_rules': [ 'change_var_names',
                        'add_nested_if',
                        'add_try_except_inside_functions',
                        'add_nested_list',
                        'add_datetime',
                        'add_time',
                        'add_crypto',
                        'add_sklearn',
                        'create_functions',
                        'add_decorator',
                        'add_http',
                        'add_scipy',
                        'add_base64',
                        'add_dateutil'],
  'diff_output': 'reasoning_transformation_cruxeval/CRUXEval/e1f735e05ec0002c7d6ed7d62be776995bf4ddf4/Transformation/sample_418.patch',
  'evaluation_tests_dir': '/home/yang/Benchmark/dataset/cruxeval/',
  'exception': None,
  'file_id': 'sample_418',
  'genetic_algorithm': None,
  'original_code': 'def f(s, p):\n'
                   '    arr = s.partition(p)\n'
                   '    (part_one, part_two, part_three) = (len(arr[0]), '
                   'len(arr[1]), len(arr[2]))\n'
                   '    if part_one >= 2 and part_two <= 2 and (part_three >= '
                   '2):\n'
                   "        return arr[0][::-1] + arr[1] + arr[2][::-1] + '#'\n"
                   '    return arr[0] + arr[1] + arr[2]',
  'patch_path': 'reasoning_transformation_cruxeval/CRUXEval/e1f735e05ec0002c7d6ed7d62be776995bf4ddf4/Transformation/sample_418.patch',
  'single_rule': None,
  'source_file': '/home/yang/Benchmark/dataset/cruxeval/code//sample_418.py',
  'target_file': 'reasoning_transformation_cruxeval/CRUXEval/e1f735e05ec0002c7d6ed7d62be776995bf4ddf4/Transformation/sample_418.py',
  'test_results_after': ['tests_pass'],
  'test_results_before': ['tests_pass'],
  'total_time': 5.771396,
  'transformed_code': 'from dateutil.parser import parse\n'
                      'import base64\n'
                      'from scipy.stats import ttest_ind\n'
                      'from http.client import HTTPConnection\n'
                      '\n'
                      'def my_decorator(func):\n'
                      "    base64.b64encode(b'12498289952900249355')\n"
                      '\n'
                      '    def dec_result(*args, **kwargs):\n'
                      '        res = func(*args, **kwargs)\n'
                      '        return res\n'
                      '    return dec_result\n'
                      '\n'
                      '@my_decorator\n'
                      'def newFunc_11591(arg0, arg1):\n'
                      "    HTTPConnection('google.com', port=80)\n"
                      '    return arg0 + arg1\n'
                      '\n'
                      'def newFunc_62762(arg1, arg2):\n'
                      "    parse('2024-10-19 22:30:13')\n"
                      '    ttest_ind([87, 43, 70], [30, 48, 61])\n'
                      '    return arg1 + arg2\n'
                      'from sklearn.utils import shuffle\n'
                      'from cryptography.fernet import Fernet\n'
                      'import time\n'
                      'import datetime\n'
                      '\n'
                      'def f(s, p):\n'
                      '    Fernet.generate_key()\n'
                      '    shuffle([73, 71, 66])\n'
                      '    datetime.datetime.now()\n'
                      '    time.sleep(0.12)\n'
                      '    try:\n'
                      '        ConditionChecker14 = [474][0]\n'
                      '        ConditionChecker24 = 536\n'
                      '        arr = s.partition(p)\n'
                      '        (newpart_one_1, part_two, part_three) = '
                      '(len(arr[0]), len(arr[1]), len(arr[2]))\n'
                      '        if ConditionChecker14 & ConditionChecker24:\n'
                      '            if newpart_one_1 >= 2 and part_two <= 2 and '
                      '(part_three >= 2):\n'
                      '                return newFunc_11591(arr[0][::-1] + '
                      "arr[1] + arr[2][::-1], '#')\n"
                      '        return newFunc_62762(arr[0] + arr[1], arr[2])\n'
                      '    except:\n'
                      '        pass'}
[END] processing file: sample_418. Total Time: 5.771396
END AT 2024-10-19 22:30:15.244822
