STARTING AT 2024-10-19 23:00:35.757805
[START] processing file: sample_706
*Running tests for: sample_706
 
Result: ['tests_pass']
tests_pass sample_706 /home/yang/Benchmark/dataset/cruxeval/code//sample_706.py
Apply all rules on a single file.
Checking transformation add_nested_if
*Running tests for: sample_706
 
Result: ['tests_pass']
Checking transformation add_nested_list
*Running tests for: sample_706
 
Result: ['tests_pass']
Checking transformation add_datetime
*Running tests for: sample_706
 
Result: ['tests_pass']
Checking transformation add_time
*Running tests for: sample_706
 
Result: ['tests_pass']
Checking transformation create_functions
*Running tests for: sample_706
 
Result: ['tests_pass']
Checking transformation add_decorator
*Running tests for: sample_706
 
Result: ['tests_pass']
Checking transformation add_http
*Running tests for: sample_706
 
Result: ['tests_pass']
Checking transformation add_scipy
*Running tests for: sample_706
 
Result: ['tests_pass']
Checking transformation add_base64
*Running tests for: sample_706
 
Result: ['tests_pass']
Checking transformation add_dateutil
*Running tests for: sample_706
 
Result: ['tests_pass']
The file 'reasoning_transformation_cruxeval/CRUXEval/e1f735e05ec0002c7d6ed7d62be776995bf4ddf4/Transformation/sample_706.py' has been formatted successfully.
Checking reasoning_transformation_cruxeval/CRUXEval/e1f735e05ec0002c7d6ed7d62be776995bf4ddf4/Transformation/sample_706.py
*Running tests for: sample_706
 
Result: ['tests_pass']
{ 'applicable_rules': [ 'change_var_names',
                        'add_nested_if',
                        'add_try_except_inside_functions',
                        'add_nested_list',
                        'add_datetime',
                        'add_time',
                        'add_crypto',
                        'add_sklearn',
                        'create_functions',
                        'add_decorator',
                        'add_http',
                        'add_scipy',
                        'add_base64',
                        'add_dateutil'],
  'diff_output': 'reasoning_transformation_cruxeval/CRUXEval/e1f735e05ec0002c7d6ed7d62be776995bf4ddf4/Transformation/sample_706.patch',
  'evaluation_tests_dir': '/home/yang/Benchmark/dataset/cruxeval/',
  'exception': None,
  'file_id': 'sample_706',
  'genetic_algorithm': None,
  'original_code': 'def f(r, w):\n'
                   '    a = []\n'
                   '    if r[0] == w[0] and w[-1] == r[-1]:\n'
                   '        a.append(r)\n'
                   '        a.append(w)\n'
                   '    else:\n'
                   '        a.append(w)\n'
                   '        a.append(r)\n'
                   '    return a',
  'patch_path': 'reasoning_transformation_cruxeval/CRUXEval/e1f735e05ec0002c7d6ed7d62be776995bf4ddf4/Transformation/sample_706.patch',
  'single_rule': None,
  'source_file': '/home/yang/Benchmark/dataset/cruxeval/code//sample_706.py',
  'target_file': 'reasoning_transformation_cruxeval/CRUXEval/e1f735e05ec0002c7d6ed7d62be776995bf4ddf4/Transformation/sample_706.py',
  'test_results_after': ['tests_pass'],
  'test_results_before': ['tests_pass'],
  'total_time': 4.759415,
  'transformed_code': 'from dateutil.parser import parse\n'
                      'import base64\n'
                      'from scipy.stats import ttest_ind\n'
                      'from http.client import HTTPConnection\n'
                      '\n'
                      'def my_decorator(func):\n'
                      "    HTTPConnection('google.com', port=80)\n"
                      "    parse('2024-10-19 23:00:39')\n"
                      '\n'
                      '    def dec_result(*args, **kwargs):\n'
                      '        res = func(*args, **kwargs)\n'
                      '        return res\n'
                      '    return dec_result\n'
                      '\n'
                      '@my_decorator\n'
                      'def newFunc_BinOp0(a, b):\n'
                      "    base64.b64encode(b'41940145284667017111')\n"
                      '    ttest_ind([78, 55, 77], [90, 8, 53])\n'
                      '    return a & b\n'
                      'from sklearn.utils import shuffle\n'
                      'from cryptography.fernet import Fernet\n'
                      'import time\n'
                      'import datetime\n'
                      '\n'
                      'def f(r, w):\n'
                      '    shuffle([38, 73, 79])\n'
                      '    datetime.datetime.now()\n'
                      '    time.sleep(0.03)\n'
                      '    Fernet.generate_key()\n'
                      '    try:\n'
                      '        ConditionChecker13 = [930][0]\n'
                      '        ConditionChecker23 = 101\n'
                      '        newa_1 = []\n'
                      '        if newFunc_BinOp0(ConditionChecker13, '
                      'ConditionChecker23):\n'
                      '            if r[0] == w[0] and w[-1] == r[-1]:\n'
                      '                newa_1.append(r)\n'
                      '                newa_1.append(w)\n'
                      '            else:\n'
                      '                newa_1.append(w)\n'
                      '                newa_1.append(r)\n'
                      '        return newa_1\n'
                      '    except:\n'
                      '        pass'}
[END] processing file: sample_706. Total Time: 4.759415
END AT 2024-10-19 23:00:40.518734
