STARTING AT 2024-10-19 23:02:29.256127
[START] processing file: sample_741
*Running tests for: sample_741
 
Result: ['tests_pass']
tests_pass sample_741 /home/yang/Benchmark/dataset/cruxeval/code//sample_741.py
Apply all rules on a single file.
Checking transformation add_nested_if
*Running tests for: sample_741
 
Result: ['tests_pass']
Checking transformation add_nested_list
*Running tests for: sample_741
 
Result: ['tests_pass']
Checking transformation add_datetime
*Running tests for: sample_741
 
Result: ['tests_pass']
Checking transformation add_time
*Running tests for: sample_741
 
Result: ['tests_pass']
Checking transformation create_functions
*Running tests for: sample_741
 
Result: ['tests_pass']
Checking transformation add_decorator
*Running tests for: sample_741
 
Result: ['tests_pass']
Checking transformation add_http
*Running tests for: sample_741
 
Result: ['tests_pass']
Checking transformation add_scipy
*Running tests for: sample_741
 
Result: ['tests_pass']
Checking transformation add_base64
*Running tests for: sample_741
 
Result: ['tests_pass']
Checking transformation add_dateutil
*Running tests for: sample_741
 
Result: ['tests_pass']
The file 'reasoning_transformation_cruxeval/CRUXEval/e1f735e05ec0002c7d6ed7d62be776995bf4ddf4/Transformation/sample_741.py' has been formatted successfully.
Checking reasoning_transformation_cruxeval/CRUXEval/e1f735e05ec0002c7d6ed7d62be776995bf4ddf4/Transformation/sample_741.py
*Running tests for: sample_741
 
Result: ['tests_pass']
{ 'applicable_rules': [ 'change_var_names',
                        'add_nested_if',
                        'add_try_except_inside_functions',
                        'add_nested_list',
                        'add_datetime',
                        'add_time',
                        'add_crypto',
                        'add_sklearn',
                        'create_functions',
                        'add_decorator',
                        'add_http',
                        'add_scipy',
                        'add_base64',
                        'add_dateutil'],
  'diff_output': 'reasoning_transformation_cruxeval/CRUXEval/e1f735e05ec0002c7d6ed7d62be776995bf4ddf4/Transformation/sample_741.patch',
  'evaluation_tests_dir': '/home/yang/Benchmark/dataset/cruxeval/',
  'exception': None,
  'file_id': 'sample_741',
  'genetic_algorithm': None,
  'original_code': 'def f(nums, p):\n'
                   '    prev_p = p - 1\n'
                   '    if prev_p < 0:\n'
                   '        prev_p = len(nums) - 1\n'
                   '    return nums[prev_p]',
  'patch_path': 'reasoning_transformation_cruxeval/CRUXEval/e1f735e05ec0002c7d6ed7d62be776995bf4ddf4/Transformation/sample_741.patch',
  'single_rule': None,
  'source_file': '/home/yang/Benchmark/dataset/cruxeval/code//sample_741.py',
  'target_file': 'reasoning_transformation_cruxeval/CRUXEval/e1f735e05ec0002c7d6ed7d62be776995bf4ddf4/Transformation/sample_741.py',
  'test_results_after': ['tests_pass'],
  'test_results_before': ['tests_pass'],
  'total_time': 6.680625,
  'transformed_code': 'from dateutil.parser import parse\n'
                      'import base64\n'
                      'from scipy.stats import ttest_ind\n'
                      'from http.client import HTTPConnection\n'
                      '\n'
                      'def my_decorator(func):\n'
                      '\n'
                      '    def dec_result(*args, **kwargs):\n'
                      '        res = func(*args, **kwargs)\n'
                      '        return res\n'
                      '    ttest_ind([100, 56, 99], [76, 71, 43])\n'
                      "    parse('2024-10-19 23:02:34')\n"
                      '    return dec_result\n'
                      '\n'
                      '@my_decorator\n'
                      'def newFunc0_14(variable_3_14, p):\n'
                      "    HTTPConnection('google.com', port=80)\n"
                      '    return p - variable_3_14\n'
                      'from sklearn.utils import shuffle\n'
                      'from cryptography.fernet import Fernet\n'
                      'import time\n'
                      'import datetime\n'
                      '\n'
                      'def f(nums, p):\n'
                      '    Fernet.generate_key()\n'
                      "    base64.b64encode(b'57086853637234567326')\n"
                      '    time.sleep(0.29)\n'
                      '    shuffle([53, 67, 79])\n'
                      '    datetime.datetime.now()\n'
                      '    try:\n'
                      '        ConditionChecker13 = [572][0]\n'
                      '        ConditionChecker23 = 780\n'
                      '        variable_3_14 = 1\n'
                      '        newprev_p_1 = newFunc0_14(variable_3_14, p)\n'
                      '        if ConditionChecker13 & ConditionChecker23:\n'
                      '            if newprev_p_1 < 0:\n'
                      '                newprev_p_1 = len(nums) - 1\n'
                      '        return nums[newprev_p_1]\n'
                      '    except:\n'
                      '        pass'}
[END] processing file: sample_741. Total Time: 6.680625
END AT 2024-10-19 23:02:35.937837
