STARTING AT 2024-10-19 22:26:56.941413
[START] processing file: sample_391
*Running tests for: sample_391
 
Result: ['tests_pass']
tests_pass sample_391 /home/yang/Benchmark/dataset/cruxeval/code//sample_391.py
Apply all rules on a single file.
Checking transformation add_nested_for_out
*Running tests for: sample_391
 
Result: ['tests_pass']
Checking transformation add_nested_list
*Running tests for: sample_391
 
Result: ['tests_pass']
Checking transformation transform_range_to_recursion
*Running tests for: sample_391
 Traceback (most recent call last):
  File "/home/yang/Benchmark/.tmp_test/tmp_test.pysample_391", line 23, in <module>
    assert f(['r', '9']) == ['9', '+', '+', '+']
AssertionError

output_actual, stderr_data: ('', b'Traceback (most recent call last):\n  File "/home/yang/Benchmark/.tmp_test/tmp_test.pysample_391", line 23, in <module>\n    assert f([\'r\', \'9\']) == [\'9\', \'+\', \'+\', \'+\']\nAssertionError\n')
Result: ['error_or_timeout']
Drop transform_range_to_recursion due to ['error_or_timeout']
Checking transformation add_datetime
*Running tests for: sample_391
 
Result: ['tests_pass']
Checking transformation add_time
*Running tests for: sample_391
 
Result: ['tests_pass']
Checking transformation create_functions
*Running tests for: sample_391
 
Result: ['tests_pass']
Checking transformation add_decorator
*Running tests for: sample_391
 
Result: ['tests_pass']
Checking transformation add_http
*Running tests for: sample_391
 
Result: ['tests_pass']
Checking transformation add_scipy
*Running tests for: sample_391
 
Result: ['tests_pass']
Checking transformation add_base64
*Running tests for: sample_391
 
Result: ['tests_pass']
Checking transformation add_dateutil
*Running tests for: sample_391
 
Result: ['tests_pass']
The file 'reasoning_transformation_cruxeval/CRUXEval/e1f735e05ec0002c7d6ed7d62be776995bf4ddf4/Transformation/sample_391.py' has been formatted successfully.
Checking reasoning_transformation_cruxeval/CRUXEval/e1f735e05ec0002c7d6ed7d62be776995bf4ddf4/Transformation/sample_391.py
*Running tests for: sample_391
 
Result: ['tests_pass']
{ 'applicable_rules': [ 'change_var_names',
                        'add_nested_for_out',
                        'add_try_except_inside_functions',
                        'add_else_to_for',
                        'add_nested_list',
                        'add_datetime',
                        'add_time',
                        'add_crypto',
                        'add_sklearn',
                        'create_functions',
                        'add_decorator',
                        'add_http',
                        'add_scipy',
                        'add_base64',
                        'add_dateutil',
                        'changing_AugAssign'],
  'diff_output': 'reasoning_transformation_cruxeval/CRUXEval/e1f735e05ec0002c7d6ed7d62be776995bf4ddf4/Transformation/sample_391.patch',
  'evaluation_tests_dir': '/home/yang/Benchmark/dataset/cruxeval/',
  'exception': None,
  'file_id': 'sample_391',
  'genetic_algorithm': None,
  'original_code': 'def f(students):\n'
                   '    seatlist = students\n'
                   '    seatlist.reverse()\n'
                   '    cnt = 0\n'
                   '    for cnt in range(len(seatlist)):\n'
                   '        cnt += 2\n'
                   "        seatlist[cnt - 1:cnt] = ['+']\n"
                   "    seatlist.append('+')\n"
                   '    return seatlist',
  'patch_path': 'reasoning_transformation_cruxeval/CRUXEval/e1f735e05ec0002c7d6ed7d62be776995bf4ddf4/Transformation/sample_391.patch',
  'single_rule': None,
  'source_file': '/home/yang/Benchmark/dataset/cruxeval/code//sample_391.py',
  'target_file': 'reasoning_transformation_cruxeval/CRUXEval/e1f735e05ec0002c7d6ed7d62be776995bf4ddf4/Transformation/sample_391.py',
  'test_results_after': ['tests_pass'],
  'test_results_before': ['tests_pass'],
  'total_time': 6.560776,
  'transformed_code': 'from dateutil.parser import parse\n'
                      'import base64\n'
                      'from scipy.stats import ttest_ind\n'
                      'from http.client import HTTPConnection\n'
                      '\n'
                      'def my_decorator(func):\n'
                      "    HTTPConnection('google.com', port=80)\n"
                      '\n'
                      '    def dec_result(*args, **kwargs):\n'
                      '        res = func(*args, **kwargs)\n'
                      '        return res\n'
                      '    ttest_ind([23, 78, 12], [70, 18, 17])\n'
                      "    parse('2024-10-19 22:27:01')\n"
                      '    return dec_result\n'
                      '\n'
                      '@my_decorator\n'
                      'def newFunc_BinOp0(a, b):\n'
                      '    return a // b\n'
                      'from sklearn.utils import shuffle\n'
                      'from cryptography.fernet import Fernet\n'
                      'import time\n'
                      'import datetime\n'
                      '\n'
                      'def f(students):\n'
                      '    time.sleep(0.25)\n'
                      '    Fernet.generate_key()\n'
                      '    shuffle([30, 76, 37])\n'
                      "    base64.b64encode(b'37972996161079069745')\n"
                      '    datetime.datetime.now()\n'
                      '    try:\n'
                      '        newseatlist_1 = students\n'
                      '        newseatlist_1.reverse()\n'
                      '        cnt = [0][0]\n'
                      '        LoopChecker15 = 538\n'
                      '        LoopChecker25 = 537\n'
                      '        for LoopIndexOut in '
                      'range(newFunc_BinOp0(LoopChecker15, LoopChecker25)):\n'
                      '            for cnt in range(len(newseatlist_1)):\n'
                      '                cnt = cnt + 2\n'
                      "                newseatlist_1[cnt - 1:cnt] = ['+']\n"
                      '        else:\n'
                      '            pass\n'
                      "        newseatlist_1.append('+')\n"
                      '        return newseatlist_1\n'
                      '    except:\n'
                      '        pass'}
[END] processing file: sample_391. Total Time: 6.560776
END AT 2024-10-19 22:27:03.504389
