STARTING AT 2024-10-19 22:58:01.664248
[START] processing file: sample_686
*Running tests for: sample_686
 
Result: ['tests_pass']
tests_pass sample_686 /home/yang/Benchmark/dataset/cruxeval/code//sample_686.py
Apply all rules on a single file.
Checking transformation add_nested_for_out
*Running tests for: sample_686
 
Result: ['tests_pass']
Checking transformation add_nested_if
*Running tests for: sample_686
 
Result: ['tests_pass']
Checking transformation add_nested_list
*Running tests for: sample_686
 
Result: ['tests_pass']
Checking transformation transform_range_to_recursion
*Running tests for: sample_686
 
Result: ['tests_pass']
Checking transformation add_datetime
*Running tests for: sample_686
 
Result: ['tests_pass']
Checking transformation add_time
*Running tests for: sample_686
 
Result: ['tests_pass']
Checking transformation create_functions
*Running tests for: sample_686
 
Result: ['tests_pass']
Checking transformation add_decorator
*Running tests for: sample_686
 
Result: ['tests_pass']
Checking transformation add_http
*Running tests for: sample_686
 
Result: ['tests_pass']
Checking transformation add_scipy
*Running tests for: sample_686
 
Result: ['tests_pass']
Checking transformation add_base64
*Running tests for: sample_686
 
Result: ['tests_pass']
Checking transformation add_dateutil
*Running tests for: sample_686
 
Result: ['tests_pass']
The file 'reasoning_transformation_cruxeval/CRUXEval/e1f735e05ec0002c7d6ed7d62be776995bf4ddf4/Transformation/sample_686.py' has been formatted successfully.
Checking reasoning_transformation_cruxeval/CRUXEval/e1f735e05ec0002c7d6ed7d62be776995bf4ddf4/Transformation/sample_686.py
*Running tests for: sample_686
 
Result: ['tests_pass']
{ 'applicable_rules': [ 'change_var_names',
                        'add_nested_for_out',
                        'add_nested_if',
                        'add_try_except_inside_functions',
                        'add_else_to_for',
                        'add_nested_list',
                        'transform_range_to_recursion',
                        'add_datetime',
                        'add_time',
                        'add_crypto',
                        'add_sklearn',
                        'create_functions',
                        'add_decorator',
                        'add_http',
                        'add_scipy',
                        'add_base64',
                        'add_dateutil'],
  'diff_output': 'reasoning_transformation_cruxeval/CRUXEval/e1f735e05ec0002c7d6ed7d62be776995bf4ddf4/Transformation/sample_686.patch',
  'evaluation_tests_dir': '/home/yang/Benchmark/dataset/cruxeval/',
  'exception': None,
  'file_id': 'sample_686',
  'genetic_algorithm': None,
  'original_code': 'def f(d, l):\n'
                   '    new_d = {}\n'
                   '    for k in l:\n'
                   '        if d.get(k) is not None:\n'
                   '            new_d[k] = d[k]\n'
                   '    return new_d.copy()',
  'patch_path': 'reasoning_transformation_cruxeval/CRUXEval/e1f735e05ec0002c7d6ed7d62be776995bf4ddf4/Transformation/sample_686.patch',
  'single_rule': None,
  'source_file': '/home/yang/Benchmark/dataset/cruxeval/code//sample_686.py',
  'target_file': 'reasoning_transformation_cruxeval/CRUXEval/e1f735e05ec0002c7d6ed7d62be776995bf4ddf4/Transformation/sample_686.py',
  'test_results_after': ['tests_pass'],
  'test_results_before': ['tests_pass'],
  'total_time': 5.149388,
  'transformed_code': 'from dateutil.parser import parse\n'
                      'import base64\n'
                      'from scipy.stats import ttest_ind\n'
                      'from http.client import HTTPConnection\n'
                      '\n'
                      'def my_decorator(func):\n'
                      "    base64.b64encode(b'57565995591420149720')\n"
                      "    HTTPConnection('google.com', port=80)\n"
                      '\n'
                      '    def dec_result(*args, **kwargs):\n'
                      '        res = func(*args, **kwargs)\n'
                      '        return res\n'
                      '    return dec_result\n'
                      '\n'
                      '@my_decorator\n'
                      'def newFunc_BinOp0(a, b):\n'
                      "    parse('2024-10-19 22:58:05')\n"
                      '    return a & b\n'
                      'from sklearn.utils import shuffle\n'
                      'from cryptography.fernet import Fernet\n'
                      'import time\n'
                      'import datetime\n'
                      '\n'
                      'def f(d, l):\n'
                      '    shuffle([64, 69, 31])\n'
                      '    datetime.datetime.now()\n'
                      '    Fernet.generate_key()\n'
                      '    ttest_ind([100, 53, 17], [28, 36, 24])\n'
                      '    time.sleep(0.06)\n'
                      '    try:\n'
                      '        new_d = {}\n'
                      '        LoopChecker13 = [186][0]\n'
                      '        LoopChecker23 = 185\n'
                      '        ConditionChecker17 = 569\n'
                      '        ConditionChecker27 = 929\n'
                      '\n'
                      '        def loop_8_8(LoopIndexOut, stop, step):\n'
                      '            if step == 0 or (step > 0 and LoopIndexOut '
                      '>= stop) or (step < 0 and LoopIndexOut <= stop):\n'
                      '                return\n'
                      '            for newk_1 in l:\n'
                      '                if newFunc_BinOp0(ConditionChecker17, '
                      'ConditionChecker27):\n'
                      '                    if d.get(newk_1) is not None:\n'
                      '                        new_d[newk_1] = d[newk_1]\n'
                      '            loop_8_8(LoopIndexOut + step, stop, step)\n'
                      '        loop_8_8(0, LoopChecker13 // LoopChecker23, 1)\n'
                      '        return new_d.copy()\n'
                      '    except:\n'
                      '        pass'}
[END] processing file: sample_686. Total Time: 5.149388
END AT 2024-10-19 22:58:06.815843
