STARTING AT 2024-10-19 22:14:05.101002
[START] processing file: sample_281
*Running tests for: sample_281
 
Result: ['tests_pass']
tests_pass sample_281 /home/yang/Benchmark/dataset/cruxeval/code//sample_281.py
Apply all rules on a single file.
Checking transformation add_nested_if
*Running tests for: sample_281
 
Result: ['tests_pass']
Checking transformation add_nested_list
*Running tests for: sample_281
 
Result: ['tests_pass']
Checking transformation add_datetime
*Running tests for: sample_281
 
Result: ['tests_pass']
Checking transformation add_time
*Running tests for: sample_281
 
Result: ['tests_pass']
Checking transformation create_functions
*Running tests for: sample_281
 
Result: ['tests_pass']
Checking transformation add_decorator
*Running tests for: sample_281
 
Result: ['tests_pass']
Checking transformation add_http
*Running tests for: sample_281
 
Result: ['tests_pass']
Checking transformation add_scipy
*Running tests for: sample_281
 
Result: ['tests_pass']
Checking transformation add_base64
*Running tests for: sample_281
 
Result: ['tests_pass']
Checking transformation add_dateutil
*Running tests for: sample_281
 
Result: ['tests_pass']
The file 'reasoning_transformation_cruxeval/CRUXEval/e1f735e05ec0002c7d6ed7d62be776995bf4ddf4/Transformation/sample_281.py' has been formatted successfully.
Checking reasoning_transformation_cruxeval/CRUXEval/e1f735e05ec0002c7d6ed7d62be776995bf4ddf4/Transformation/sample_281.py
*Running tests for: sample_281
 
Result: ['tests_pass']
{ 'applicable_rules': [ 'add_nested_if',
                        'add_try_except_inside_functions',
                        'add_nested_list',
                        'add_datetime',
                        'add_time',
                        'add_crypto',
                        'add_sklearn',
                        'create_functions',
                        'add_decorator',
                        'add_http',
                        'add_scipy',
                        'add_base64',
                        'add_dateutil'],
  'diff_output': 'reasoning_transformation_cruxeval/CRUXEval/e1f735e05ec0002c7d6ed7d62be776995bf4ddf4/Transformation/sample_281.patch',
  'evaluation_tests_dir': '/home/yang/Benchmark/dataset/cruxeval/',
  'exception': None,
  'file_id': 'sample_281',
  'genetic_algorithm': None,
  'original_code': 'def f(c, index, value):\n'
                   '    c[index] = value\n'
                   '    if value >= 3:\n'
                   "        c.update({'message': 'xcrWt'})\n"
                   '    else:\n'
                   "        del c['message']\n"
                   '    return c',
  'patch_path': 'reasoning_transformation_cruxeval/CRUXEval/e1f735e05ec0002c7d6ed7d62be776995bf4ddf4/Transformation/sample_281.patch',
  'single_rule': None,
  'source_file': '/home/yang/Benchmark/dataset/cruxeval/code//sample_281.py',
  'target_file': 'reasoning_transformation_cruxeval/CRUXEval/e1f735e05ec0002c7d6ed7d62be776995bf4ddf4/Transformation/sample_281.py',
  'test_results_after': ['tests_pass'],
  'test_results_before': ['tests_pass'],
  'total_time': 5.073294,
  'transformed_code': 'from dateutil.parser import parse\n'
                      'import base64\n'
                      'from scipy.stats import ttest_ind\n'
                      'from http.client import HTTPConnection\n'
                      '\n'
                      'def my_decorator(func):\n'
                      '\n'
                      '    def dec_result(*args, **kwargs):\n'
                      '        res = func(*args, **kwargs)\n'
                      '        return res\n'
                      "    HTTPConnection('google.com', port=80)\n"
                      "    parse('2024-10-19 22:14:08')\n"
                      '    return dec_result\n'
                      '\n'
                      '@my_decorator\n'
                      'def newFunc_BinOp0(a, b):\n'
                      '    ttest_ind([37, 93, 77], [66, 99, 9])\n'
                      '    return a & b\n'
                      'from sklearn.utils import shuffle\n'
                      'from cryptography.fernet import Fernet\n'
                      'import time\n'
                      'import datetime\n'
                      '\n'
                      'def f(c, index, value):\n'
                      '    Fernet.generate_key()\n'
                      '    datetime.datetime.now()\n'
                      "    base64.b64encode(b'39335569988363199442')\n"
                      '    shuffle([45, 10, 50])\n'
                      '    time.sleep(0.06)\n'
                      '    try:\n'
                      '        ConditionChecker13 = [901][0]\n'
                      '        ConditionChecker23 = 275\n'
                      '        c[index] = value\n'
                      '        if newFunc_BinOp0(ConditionChecker13, '
                      'ConditionChecker23):\n'
                      '            if value >= 3:\n'
                      "                c.update({'message': 'xcrWt'})\n"
                      '            else:\n'
                      "                del c['message']\n"
                      '        return c\n'
                      '    except:\n'
                      '        pass'}
[END] processing file: sample_281. Total Time: 5.073294
END AT 2024-10-19 22:14:10.175508
