STARTING AT 2024-10-19 22:44:31.218297
[START] processing file: sample_54
*Running tests for: sample_54
 
Result: ['tests_pass']
tests_pass sample_54 /home/yang/Benchmark/dataset/cruxeval/code//sample_54.py
Apply all rules on a single file.
Checking transformation add_nested_if
*Running tests for: sample_54
 
Result: ['tests_pass']
Checking transformation add_nested_list
*Running tests for: sample_54
 
Result: ['tests_pass']
Checking transformation replace_with_numpy
*Running tests for: sample_54
 Traceback (most recent call last):
  File "/home/yang/Benchmark/.tmp_test/tmp_test.pysample_54", line 14, in <module>
    assert f('happy', 0, 3) == 1
AssertionError

output_actual, stderr_data: ('', b'Traceback (most recent call last):\n  File "/home/yang/Benchmark/.tmp_test/tmp_test.pysample_54", line 14, in <module>\n    assert f(\'happy\', 0, 3) == 1\nAssertionError\n')
Result: ['error_or_timeout']
Drop replace_with_numpy due to ['error_or_timeout']
Checking transformation add_datetime
*Running tests for: sample_54
 
Result: ['tests_pass']
Checking transformation add_time
*Running tests for: sample_54
 
Result: ['tests_pass']
Checking transformation create_functions
*Running tests for: sample_54
 
Result: ['tests_pass']
Checking transformation add_decorator
*Running tests for: sample_54
 
Result: ['tests_pass']
Checking transformation add_http
*Running tests for: sample_54
 
Result: ['tests_pass']
Checking transformation add_scipy
*Running tests for: sample_54
 
Result: ['tests_pass']
Checking transformation add_base64
*Running tests for: sample_54
 
Result: ['tests_pass']
Checking transformation add_dateutil
*Running tests for: sample_54
 
Result: ['tests_pass']
The file 'reasoning_transformation_cruxeval/CRUXEval/e1f735e05ec0002c7d6ed7d62be776995bf4ddf4/Transformation/sample_54.py' has been formatted successfully.
Checking reasoning_transformation_cruxeval/CRUXEval/e1f735e05ec0002c7d6ed7d62be776995bf4ddf4/Transformation/sample_54.py
*Running tests for: sample_54
 
Result: ['tests_pass']
{ 'applicable_rules': [ 'change_var_names',
                        'add_nested_if',
                        'add_try_except_inside_functions',
                        'add_nested_list',
                        'add_datetime',
                        'add_time',
                        'add_crypto',
                        'add_sklearn',
                        'create_functions',
                        'add_decorator',
                        'add_http',
                        'add_scipy',
                        'add_base64',
                        'add_dateutil'],
  'diff_output': 'reasoning_transformation_cruxeval/CRUXEval/e1f735e05ec0002c7d6ed7d62be776995bf4ddf4/Transformation/sample_54.patch',
  'evaluation_tests_dir': '/home/yang/Benchmark/dataset/cruxeval/',
  'exception': None,
  'file_id': 'sample_54',
  'genetic_algorithm': None,
  'original_code': 'def f(text, s, e):\n'
                   '    sublist = text[s:e]\n'
                   '    if not sublist:\n'
                   '        return -1\n'
                   '    return sublist.index(min(sublist))',
  'patch_path': 'reasoning_transformation_cruxeval/CRUXEval/e1f735e05ec0002c7d6ed7d62be776995bf4ddf4/Transformation/sample_54.patch',
  'single_rule': None,
  'source_file': '/home/yang/Benchmark/dataset/cruxeval/code//sample_54.py',
  'target_file': 'reasoning_transformation_cruxeval/CRUXEval/e1f735e05ec0002c7d6ed7d62be776995bf4ddf4/Transformation/sample_54.py',
  'test_results_after': ['tests_pass'],
  'test_results_before': ['tests_pass'],
  'total_time': 7.099741,
  'transformed_code': 'from dateutil.parser import parse\n'
                      'import base64\n'
                      'from scipy.stats import ttest_ind\n'
                      'from http.client import HTTPConnection\n'
                      '\n'
                      'def my_decorator(func):\n'
                      "    base64.b64encode(b'56062292343113006246')\n"
                      '\n'
                      '    def dec_result(*args, **kwargs):\n'
                      '        res = func(*args, **kwargs)\n'
                      '        return res\n'
                      '    return dec_result\n'
                      '\n'
                      '@my_decorator\n'
                      'def newFunc_BinOp0(a, b):\n'
                      "    parse('2024-10-19 22:44:36')\n"
                      '    return a & b\n'
                      'from sklearn.utils import shuffle\n'
                      'from cryptography.fernet import Fernet\n'
                      'import time\n'
                      'import datetime\n'
                      '\n'
                      'def f(text, s, e):\n'
                      '    ttest_ind([45, 86, 3], [63, 42, 47])\n'
                      '    time.sleep(0.28)\n'
                      "    HTTPConnection('google.com', port=80)\n"
                      '    datetime.datetime.now()\n'
                      '    shuffle([16, 98, 43])\n'
                      '    Fernet.generate_key()\n'
                      '    try:\n'
                      '        ConditionChecker13 = [247][0]\n'
                      '        ConditionChecker23 = 376\n'
                      '        newsublist_1 = text[s:e]\n'
                      '        if newFunc_BinOp0(ConditionChecker13, '
                      'ConditionChecker23):\n'
                      '            if not newsublist_1:\n'
                      '                return -1\n'
                      '        return newsublist_1.index(min(newsublist_1))\n'
                      '    except:\n'
                      '        pass'}
[END] processing file: sample_54. Total Time: 7.099741
END AT 2024-10-19 22:44:38.319631
