STARTING AT 2024-10-19 22:57:36.578027
[START] processing file: sample_682
*Running tests for: sample_682
 
Result: ['tests_pass']
tests_pass sample_682 /home/yang/Benchmark/dataset/cruxeval/code//sample_682.py
Apply all rules on a single file.
Checking transformation add_datetime
*Running tests for: sample_682
 
Result: ['tests_pass']
Checking transformation add_time
*Running tests for: sample_682
 
Result: ['tests_pass']
Checking transformation add_decorator
*Running tests for: sample_682
 
Result: ['tests_pass']
Checking transformation add_http
*Running tests for: sample_682
 
Result: ['tests_pass']
Checking transformation add_scipy
*Running tests for: sample_682
 
Result: ['tests_pass']
Checking transformation add_base64
*Running tests for: sample_682
 
Result: ['tests_pass']
Checking transformation add_dateutil
*Running tests for: sample_682
 
Result: ['tests_pass']
The file 'reasoning_transformation_cruxeval/CRUXEval/e1f735e05ec0002c7d6ed7d62be776995bf4ddf4/Transformation/sample_682.py' has been formatted successfully.
Checking reasoning_transformation_cruxeval/CRUXEval/e1f735e05ec0002c7d6ed7d62be776995bf4ddf4/Transformation/sample_682.py
*Running tests for: sample_682
 
Result: ['tests_pass']
{ 'applicable_rules': [ 'change_var_names',
                        'add_try_except_inside_functions',
                        'add_datetime',
                        'add_time',
                        'add_crypto',
                        'add_sklearn',
                        'add_decorator',
                        'add_http',
                        'add_scipy',
                        'add_base64',
                        'add_dateutil'],
  'diff_output': 'reasoning_transformation_cruxeval/CRUXEval/e1f735e05ec0002c7d6ed7d62be776995bf4ddf4/Transformation/sample_682.patch',
  'evaluation_tests_dir': '/home/yang/Benchmark/dataset/cruxeval/',
  'exception': None,
  'file_id': 'sample_682',
  'genetic_algorithm': None,
  'original_code': 'def f(text, length, index):\n'
                   '    ls = text.rsplit(None, index)\n'
                   "    return '_'.join([l[:length] for l in ls])",
  'patch_path': 'reasoning_transformation_cruxeval/CRUXEval/e1f735e05ec0002c7d6ed7d62be776995bf4ddf4/Transformation/sample_682.patch',
  'single_rule': None,
  'source_file': '/home/yang/Benchmark/dataset/cruxeval/code//sample_682.py',
  'target_file': 'reasoning_transformation_cruxeval/CRUXEval/e1f735e05ec0002c7d6ed7d62be776995bf4ddf4/Transformation/sample_682.py',
  'test_results_after': ['tests_pass'],
  'test_results_before': ['tests_pass'],
  'total_time': 3.904567,
  'transformed_code': 'from dateutil.parser import parse\n'
                      'import base64\n'
                      'from scipy.stats import ttest_ind\n'
                      'from http.client import HTTPConnection\n'
                      '\n'
                      'def my_decorator(func):\n'
                      "    HTTPConnection('google.com', port=80)\n"
                      "    parse('2024-10-19 22:57:39')\n"
                      '\n'
                      '    def dec_result(*args, **kwargs):\n'
                      '        res = func(*args, **kwargs)\n'
                      '        return res\n'
                      '    return dec_result\n'
                      'from sklearn.utils import shuffle\n'
                      'from cryptography.fernet import Fernet\n'
                      'import time\n'
                      'import datetime\n'
                      '\n'
                      '@my_decorator\n'
                      'def f(text, length, index):\n'
                      "    base64.b64encode(b'75892230283935983661')\n"
                      '    time.sleep(0.01)\n'
                      '    ttest_ind([86, 75, 58], [75, 70, 2])\n'
                      '    shuffle([55, 49, 25])\n'
                      '    Fernet.generate_key()\n'
                      '    datetime.datetime.now()\n'
                      '    try:\n'
                      '        ls = text.rsplit(None, index)\n'
                      "        return '_'.join([newl_1[:length] for newl_1 in "
                      'ls])\n'
                      '    except:\n'
                      '        pass'}
[END] processing file: sample_682. Total Time: 3.904567
END AT 2024-10-19 22:57:40.484538
