STARTING AT 2024-10-19 22:40:02.329149
[START] processing file: sample_511
*Running tests for: sample_511
 
Result: ['tests_pass']
tests_pass sample_511 /home/yang/Benchmark/dataset/cruxeval/code//sample_511.py
Apply all rules on a single file.
Checking transformation add_datetime
*Running tests for: sample_511
 
Result: ['tests_pass']
Checking transformation add_time
*Running tests for: sample_511
 
Result: ['tests_pass']
Checking transformation add_decorator
*Running tests for: sample_511
 
Result: ['tests_pass']
Checking transformation add_http
*Running tests for: sample_511
 
Result: ['tests_pass']
Checking transformation add_scipy
*Running tests for: sample_511
 
Result: ['tests_pass']
Checking transformation add_base64
*Running tests for: sample_511
 
Result: ['tests_pass']
Checking transformation add_dateutil
*Running tests for: sample_511
 
Result: ['tests_pass']
The file 'reasoning_transformation_cruxeval/CRUXEval/e1f735e05ec0002c7d6ed7d62be776995bf4ddf4/Transformation/sample_511.py' has been formatted successfully.
Checking reasoning_transformation_cruxeval/CRUXEval/e1f735e05ec0002c7d6ed7d62be776995bf4ddf4/Transformation/sample_511.py
*Running tests for: sample_511
 
Result: ['tests_pass']
{ 'applicable_rules': [ 'change_var_names',
                        'add_try_except_inside_functions',
                        'add_datetime',
                        'add_time',
                        'add_crypto',
                        'add_sklearn',
                        'add_decorator',
                        'add_http',
                        'add_scipy',
                        'add_base64',
                        'add_dateutil'],
  'diff_output': 'reasoning_transformation_cruxeval/CRUXEval/e1f735e05ec0002c7d6ed7d62be776995bf4ddf4/Transformation/sample_511.patch',
  'evaluation_tests_dir': '/home/yang/Benchmark/dataset/cruxeval/',
  'exception': None,
  'file_id': 'sample_511',
  'genetic_algorithm': None,
  'original_code': 'def f(fields, update_dict):\n'
                   "    di = dict(((x, '') for x in fields))\n"
                   '    di.update(update_dict)\n'
                   '    return di',
  'patch_path': 'reasoning_transformation_cruxeval/CRUXEval/e1f735e05ec0002c7d6ed7d62be776995bf4ddf4/Transformation/sample_511.patch',
  'single_rule': None,
  'source_file': '/home/yang/Benchmark/dataset/cruxeval/code//sample_511.py',
  'target_file': 'reasoning_transformation_cruxeval/CRUXEval/e1f735e05ec0002c7d6ed7d62be776995bf4ddf4/Transformation/sample_511.py',
  'test_results_after': ['tests_pass'],
  'test_results_before': ['tests_pass'],
  'total_time': 4.897441,
  'transformed_code': 'from dateutil.parser import parse\n'
                      'import base64\n'
                      'from scipy.stats import ttest_ind\n'
                      'from http.client import HTTPConnection\n'
                      '\n'
                      'def my_decorator(func):\n'
                      '\n'
                      '    def dec_result(*args, **kwargs):\n'
                      '        res = func(*args, **kwargs)\n'
                      '        return res\n'
                      '    return dec_result\n'
                      'from sklearn.utils import shuffle\n'
                      'from cryptography.fernet import Fernet\n'
                      'import time\n'
                      'import datetime\n'
                      '\n'
                      '@my_decorator\n'
                      'def f(fields, update_dict):\n'
                      '    datetime.datetime.now()\n'
                      '    shuffle([61, 43, 39])\n'
                      '    Fernet.generate_key()\n'
                      "    base64.b64encode(b'60860341155725870140')\n"
                      "    parse('2024-10-19 22:40:05')\n"
                      "    HTTPConnection('google.com', port=80)\n"
                      '    time.sleep(0.17)\n'
                      '    ttest_ind([15, 25, 86], [7, 43, 74])\n'
                      '    try:\n'
                      "        di = dict(((newx_1, '') for newx_1 in fields))\n"
                      '        di.update(update_dict)\n'
                      '        return di\n'
                      '    except:\n'
                      '        pass'}
[END] processing file: sample_511. Total Time: 4.897441
END AT 2024-10-19 22:40:07.227886
