STARTING AT 2024-10-19 22:51:43.216585
[START] processing file: sample_61
*Running tests for: sample_61
 
Result: ['tests_pass']
tests_pass sample_61 /home/yang/Benchmark/dataset/cruxeval/code//sample_61.py
Apply all rules on a single file.
Checking transformation add_nested_if
*Running tests for: sample_61
 
Result: ['tests_pass']
Checking transformation add_nested_list
*Running tests for: sample_61
 
Result: ['tests_pass']
Checking transformation replace_with_numpy
*Running tests for: sample_61
 
Result: ['tests_pass']
Checking transformation add_datetime
*Running tests for: sample_61
 
Result: ['tests_pass']
Checking transformation add_time
*Running tests for: sample_61
 
Result: ['tests_pass']
Checking transformation create_functions
*Running tests for: sample_61
 
Result: ['tests_pass']
Checking transformation add_decorator
*Running tests for: sample_61
 
Result: ['tests_pass']
Checking transformation add_http
*Running tests for: sample_61
 
Result: ['tests_pass']
Checking transformation add_scipy
*Running tests for: sample_61
 
Result: ['tests_pass']
Checking transformation add_base64
*Running tests for: sample_61
 
Result: ['tests_pass']
Checking transformation add_dateutil
*Running tests for: sample_61
 
Result: ['tests_pass']
The file 'reasoning_transformation_cruxeval/CRUXEval/e1f735e05ec0002c7d6ed7d62be776995bf4ddf4/Transformation/sample_61.py' has been formatted successfully.
Checking reasoning_transformation_cruxeval/CRUXEval/e1f735e05ec0002c7d6ed7d62be776995bf4ddf4/Transformation/sample_61.py
*Running tests for: sample_61
 
Result: ['tests_pass']
{ 'applicable_rules': [ 'change_var_names',
                        'add_nested_if',
                        'add_try_except_inside_functions',
                        'add_nested_list',
                        'replace_with_numpy',
                        'add_datetime',
                        'add_time',
                        'add_crypto',
                        'add_sklearn',
                        'create_functions',
                        'add_decorator',
                        'add_http',
                        'add_scipy',
                        'add_base64',
                        'add_dateutil'],
  'diff_output': 'reasoning_transformation_cruxeval/CRUXEval/e1f735e05ec0002c7d6ed7d62be776995bf4ddf4/Transformation/sample_61.patch',
  'evaluation_tests_dir': '/home/yang/Benchmark/dataset/cruxeval/',
  'exception': None,
  'file_id': 'sample_61',
  'genetic_algorithm': None,
  'original_code': 'def f(text):\n'
                   '    texts = text.split()\n'
                   '    if texts:\n'
                   '        xtexts = [t for t in texts if t.isascii() and t '
                   "not in ('nada', '0')]\n"
                   "        return max(xtexts, key=len) if xtexts else 'nada'\n"
                   "    return 'nada'",
  'patch_path': 'reasoning_transformation_cruxeval/CRUXEval/e1f735e05ec0002c7d6ed7d62be776995bf4ddf4/Transformation/sample_61.patch',
  'single_rule': None,
  'source_file': '/home/yang/Benchmark/dataset/cruxeval/code//sample_61.py',
  'target_file': 'reasoning_transformation_cruxeval/CRUXEval/e1f735e05ec0002c7d6ed7d62be776995bf4ddf4/Transformation/sample_61.py',
  'test_results_after': ['tests_pass'],
  'test_results_before': ['tests_pass'],
  'total_time': 6.246992,
  'transformed_code': 'from dateutil.parser import parse\n'
                      'import base64\n'
                      'from scipy.stats import ttest_ind\n'
                      'from http.client import HTTPConnection\n'
                      '\n'
                      'def my_decorator(func):\n'
                      '\n'
                      '    def dec_result(*args, **kwargs):\n'
                      '        res = func(*args, **kwargs)\n'
                      '        return res\n'
                      '    return dec_result\n'
                      '\n'
                      '@my_decorator\n'
                      'def newFunc_BinOp0(a, b):\n'
                      "    parse('2024-10-19 22:51:47')\n"
                      "    base64.b64encode(b'20655815045444847750')\n"
                      '    return a & b\n'
                      'from sklearn.utils import shuffle\n'
                      'from cryptography.fernet import Fernet\n'
                      'import time\n'
                      'import datetime\n'
                      'import numpy as np\n'
                      '\n'
                      'def f(text):\n'
                      '    time.sleep(0.14)\n'
                      '    datetime.datetime.now()\n'
                      '    shuffle([78, 2, 47])\n'
                      '    ttest_ind([82, 89, 63], [98, 21, 20])\n'
                      "    HTTPConnection('google.com', port=80)\n"
                      '    Fernet.generate_key()\n'
                      '    try:\n'
                      '        ConditionChecker13 = [432][0]\n'
                      '        ConditionChecker23 = 204\n'
                      '        texts = text.split()\n'
                      '        if newFunc_BinOp0(ConditionChecker13, '
                      'ConditionChecker23):\n'
                      '            if texts:\n'
                      '                xtexts = [newt_1 for newt_1 in texts if '
                      "newt_1.isascii() and newt_1 not in ('nada', '0')]\n"
                      '                return np.max(np.array([xtexts]), '
                      "key=len) if xtexts else 'nada'\n"
                      "        return 'nada'\n"
                      '    except:\n'
                      '        pass'}
[END] processing file: sample_61. Total Time: 6.246992
END AT 2024-10-19 22:51:49.465176
