STARTING AT 2024-10-19 22:11:52.787363
[START] processing file: sample_263
*Running tests for: sample_263
 
Result: ['tests_pass']
tests_pass sample_263 /home/yang/Benchmark/dataset/cruxeval/code//sample_263.py
Apply all rules on a single file.
Checking transformation add_nested_for_out
*Running tests for: sample_263
 
Result: ['tests_pass']
Checking transformation add_nested_if
*Running tests for: sample_263
 
Result: ['tests_pass']
Checking transformation add_nested_list
*Running tests for: sample_263
 
Result: ['tests_pass']
Checking transformation transform_range_to_recursion
*Running tests for: sample_263
 
Result: ['tests_pass']
Checking transformation add_datetime
*Running tests for: sample_263
 
Result: ['tests_pass']
Checking transformation add_time
*Running tests for: sample_263
 
Result: ['tests_pass']
Checking transformation create_functions
*Running tests for: sample_263
 
Result: ['tests_pass']
Checking transformation add_decorator
*Running tests for: sample_263
 
Result: ['tests_pass']
Checking transformation add_http
*Running tests for: sample_263
 
Result: ['tests_pass']
Checking transformation add_scipy
*Running tests for: sample_263
 
Result: ['tests_pass']
Checking transformation add_base64
*Running tests for: sample_263
 
Result: ['tests_pass']
Checking transformation add_dateutil
*Running tests for: sample_263
 
Result: ['tests_pass']
The file 'reasoning_transformation_cruxeval/CRUXEval/e1f735e05ec0002c7d6ed7d62be776995bf4ddf4/Transformation/sample_263.py' has been formatted successfully.
Checking reasoning_transformation_cruxeval/CRUXEval/e1f735e05ec0002c7d6ed7d62be776995bf4ddf4/Transformation/sample_263.py
*Running tests for: sample_263
 
Result: ['tests_pass']
{ 'applicable_rules': [ 'change_var_names',
                        'add_nested_for_out',
                        'add_nested_if',
                        'add_try_except_inside_functions',
                        'add_else_to_for',
                        'add_nested_list',
                        'transform_range_to_recursion',
                        'add_datetime',
                        'add_time',
                        'add_crypto',
                        'add_sklearn',
                        'create_functions',
                        'add_decorator',
                        'add_http',
                        'add_scipy',
                        'add_base64',
                        'add_dateutil'],
  'diff_output': 'reasoning_transformation_cruxeval/CRUXEval/e1f735e05ec0002c7d6ed7d62be776995bf4ddf4/Transformation/sample_263.patch',
  'evaluation_tests_dir': '/home/yang/Benchmark/dataset/cruxeval/',
  'exception': None,
  'file_id': 'sample_263',
  'genetic_algorithm': None,
  'original_code': 'def f(base, delta):\n'
                   '    for j in range(len(delta)):\n'
                   '        for i in range(len(base)):\n'
                   '            if base[i] == delta[j][0]:\n'
                   '                assert delta[j][1] != base[i]\n'
                   '                base[i] = delta[j][1]\n'
                   '    return base',
  'patch_path': 'reasoning_transformation_cruxeval/CRUXEval/e1f735e05ec0002c7d6ed7d62be776995bf4ddf4/Transformation/sample_263.patch',
  'single_rule': None,
  'source_file': '/home/yang/Benchmark/dataset/cruxeval/code//sample_263.py',
  'target_file': 'reasoning_transformation_cruxeval/CRUXEval/e1f735e05ec0002c7d6ed7d62be776995bf4ddf4/Transformation/sample_263.py',
  'test_results_after': ['tests_pass'],
  'test_results_before': ['tests_pass'],
  'total_time': 6.900099,
  'transformed_code': 'from dateutil.parser import parse\n'
                      'import base64\n'
                      'from scipy.stats import ttest_ind\n'
                      'from http.client import HTTPConnection\n'
                      '\n'
                      'def my_decorator(func):\n'
                      '    ttest_ind([65, 56, 63], [30, 50, 35])\n'
                      "    HTTPConnection('google.com', port=80)\n"
                      '\n'
                      '    def dec_result(*args, **kwargs):\n'
                      '        res = func(*args, **kwargs)\n'
                      '        return res\n'
                      '    return dec_result\n'
                      '\n'
                      '@my_decorator\n'
                      'def newFunc_BinOp0(a, b):\n'
                      "    parse('2024-10-19 22:11:57')\n"
                      '    return a // b\n'
                      'from sklearn.utils import shuffle\n'
                      'from cryptography.fernet import Fernet\n'
                      'import time\n'
                      'import datetime\n'
                      '\n'
                      'def f(base, delta):\n'
                      "    base64.b64encode(b'43312233786150705860')\n"
                      '    Fernet.generate_key()\n'
                      '    datetime.datetime.now()\n'
                      '    shuffle([38, 83, 18])\n'
                      '    time.sleep(0.22)\n'
                      '    try:\n'
                      '        LoopChecker12 = [763][0]\n'
                      '        LoopChecker22 = 762\n'
                      '        ConditionChecker17 = 349\n'
                      '        ConditionChecker27 = 271\n'
                      '        for LoopIndexOut in '
                      'range(newFunc_BinOp0(LoopChecker12, LoopChecker22)):\n'
                      '            for j in range(len(delta)):\n'
                      '\n'
                      '                def loop_9_16(newi_1, stop, step):\n'
                      '                    if step == 0 or (step > 0 and '
                      'newi_1 >= stop) or (step < 0 and newi_1 <= stop):\n'
                      '                        return\n'
                      '                    if ConditionChecker17 & '
                      'ConditionChecker27:\n'
                      '                        if base[newi_1] == '
                      'delta[j][0]:\n'
                      '                            assert delta[j][1] != '
                      'base[newi_1]\n'
                      '                            base[newi_1] = delta[j][1]\n'
                      '                    loop_9_16(newi_1 + step, stop, '
                      'step)\n'
                      '                loop_9_16(0, len(base), 1)\n'
                      '        else:\n'
                      '            pass\n'
                      '        return base\n'
                      '    except:\n'
                      '        pass'}
[END] processing file: sample_263. Total Time: 6.900099
END AT 2024-10-19 22:11:59.688984
