STARTING AT 2024-10-19 22:36:56.970345
[START] processing file: sample_475
*Running tests for: sample_475
 
Result: ['tests_pass']
tests_pass sample_475 /home/yang/Benchmark/dataset/cruxeval/code//sample_475.py
Apply all rules on a single file.
Checking transformation add_nested_if
*Running tests for: sample_475
 
Result: ['tests_pass']
Checking transformation add_nested_list
*Running tests for: sample_475
 
Result: ['tests_pass']
Checking transformation add_datetime
*Running tests for: sample_475
 
Result: ['tests_pass']
Checking transformation add_time
*Running tests for: sample_475
 
Result: ['tests_pass']
Checking transformation create_functions
*Running tests for: sample_475
 
Result: ['tests_pass']
Checking transformation add_decorator
*Running tests for: sample_475
 
Result: ['tests_pass']
Checking transformation add_http
*Running tests for: sample_475
 
Result: ['tests_pass']
Checking transformation add_scipy
*Running tests for: sample_475
 
Result: ['tests_pass']
Checking transformation add_base64
*Running tests for: sample_475
 
Result: ['tests_pass']
Checking transformation add_dateutil
*Running tests for: sample_475
 
Result: ['tests_pass']
The file 'reasoning_transformation_cruxeval/CRUXEval/e1f735e05ec0002c7d6ed7d62be776995bf4ddf4/Transformation/sample_475.py' has been formatted successfully.
Checking reasoning_transformation_cruxeval/CRUXEval/e1f735e05ec0002c7d6ed7d62be776995bf4ddf4/Transformation/sample_475.py
*Running tests for: sample_475
 
Result: ['tests_pass']
{ 'applicable_rules': [ 'change_var_names',
                        'add_nested_if',
                        'add_try_except_inside_functions',
                        'add_nested_list',
                        'add_datetime',
                        'add_time',
                        'add_crypto',
                        'add_sklearn',
                        'create_functions',
                        'add_decorator',
                        'add_http',
                        'add_scipy',
                        'add_base64',
                        'add_dateutil'],
  'diff_output': 'reasoning_transformation_cruxeval/CRUXEval/e1f735e05ec0002c7d6ed7d62be776995bf4ddf4/Transformation/sample_475.patch',
  'evaluation_tests_dir': '/home/yang/Benchmark/dataset/cruxeval/',
  'exception': None,
  'file_id': 'sample_475',
  'genetic_algorithm': None,
  'original_code': 'def f(array, index):\n'
                   '    if index < 0:\n'
                   '        index = len(array) + index\n'
                   '    return array[index]',
  'patch_path': 'reasoning_transformation_cruxeval/CRUXEval/e1f735e05ec0002c7d6ed7d62be776995bf4ddf4/Transformation/sample_475.patch',
  'single_rule': None,
  'source_file': '/home/yang/Benchmark/dataset/cruxeval/code//sample_475.py',
  'target_file': 'reasoning_transformation_cruxeval/CRUXEval/e1f735e05ec0002c7d6ed7d62be776995bf4ddf4/Transformation/sample_475.py',
  'test_results_after': ['tests_pass'],
  'test_results_before': ['tests_pass'],
  'total_time': 4.201044,
  'transformed_code': 'from dateutil.parser import parse\n'
                      'import base64\n'
                      'from scipy.stats import ttest_ind\n'
                      'from http.client import HTTPConnection\n'
                      '\n'
                      'def my_decorator(func):\n'
                      '\n'
                      '    def dec_result(*args, **kwargs):\n'
                      '        res = func(*args, **kwargs)\n'
                      '        return res\n'
                      '    return dec_result\n'
                      '\n'
                      '@my_decorator\n'
                      'def newFunc0_16(newindex_1, array, len):\n'
                      "    base64.b64encode(b'14315293487477218131')\n"
                      '    ttest_ind([59, 66, 11], [61, 22, 38])\n'
                      '    return len(array) + newindex_1\n'
                      'from sklearn.utils import shuffle\n'
                      'from cryptography.fernet import Fernet\n'
                      'import time\n'
                      'import datetime\n'
                      '\n'
                      'def f(array, newindex_1):\n'
                      '    Fernet.generate_key()\n'
                      "    parse('2024-10-19 22:36:59')\n"
                      '    shuffle([51, 19, 21])\n'
                      '    time.sleep(0.01)\n'
                      '    datetime.datetime.now()\n'
                      "    HTTPConnection('google.com', port=80)\n"
                      '    try:\n'
                      '        ConditionChecker12 = [291][0]\n'
                      '        ConditionChecker22 = 730\n'
                      '        if ConditionChecker12 & ConditionChecker22:\n'
                      '            if newindex_1 < 0:\n'
                      '                newindex_1 = newFunc0_16(newindex_1, '
                      'array, len)\n'
                      '        return array[newindex_1]\n'
                      '    except:\n'
                      '        pass'}
[END] processing file: sample_475. Total Time: 4.201044
END AT 2024-10-19 22:37:01.173541
