STARTING AT 2024-10-19 21:55:15.931912
[START] processing file: sample_124
*Running tests for: sample_124
 
Result: ['tests_pass']
tests_pass sample_124 /home/yang/Benchmark/dataset/cruxeval/code//sample_124.py
Apply all rules on a single file.
Checking transformation add_nested_while_out
*Running tests for: sample_124
 
Result: ['tests_pass']
Checking transformation add_nested_list
*Running tests for: sample_124
 
Result: ['tests_pass']
Checking transformation add_datetime
*Running tests for: sample_124
 
Result: ['tests_pass']
Checking transformation add_time
*Running tests for: sample_124
 
Result: ['tests_pass']
Checking transformation create_functions
*Running tests for: sample_124
 
Result: ['tests_pass']
Checking transformation add_decorator
*Running tests for: sample_124
 
Result: ['tests_pass']
Checking transformation add_http
*Running tests for: sample_124
 
Result: ['tests_pass']
Checking transformation add_scipy
*Running tests for: sample_124
 
Result: ['tests_pass']
Checking transformation add_base64
*Running tests for: sample_124
 
Result: ['tests_pass']
Checking transformation add_dateutil
*Running tests for: sample_124
 
Result: ['tests_pass']
The file 'reasoning_transformation_cruxeval/CRUXEval/e1f735e05ec0002c7d6ed7d62be776995bf4ddf4/Transformation/sample_124.py' has been formatted successfully.
Checking reasoning_transformation_cruxeval/CRUXEval/e1f735e05ec0002c7d6ed7d62be776995bf4ddf4/Transformation/sample_124.py
*Running tests for: sample_124
 
Result: ['tests_pass']
{ 'applicable_rules': [ 'change_var_names',
                        'add_nested_while_out',
                        'add_try_except_inside_functions',
                        'add_else_to_while',
                        'add_nested_list',
                        'add_datetime',
                        'add_time',
                        'add_crypto',
                        'add_sklearn',
                        'create_functions',
                        'add_decorator',
                        'add_http',
                        'add_scipy',
                        'add_base64',
                        'add_dateutil',
                        'changing_AugAssign'],
  'diff_output': 'reasoning_transformation_cruxeval/CRUXEval/e1f735e05ec0002c7d6ed7d62be776995bf4ddf4/Transformation/sample_124.patch',
  'evaluation_tests_dir': '/home/yang/Benchmark/dataset/cruxeval/',
  'exception': None,
  'file_id': 'sample_124',
  'genetic_algorithm': None,
  'original_code': 'def f(txt, sep, sep_count):\n'
                   "    o = ''\n"
                   '    while sep_count > 0 and txt.count(sep) > 0:\n'
                   '        o += txt.rsplit(sep, 1)[0] + sep\n'
                   '        txt = txt.rsplit(sep, 1)[1]\n'
                   '        sep_count -= 1\n'
                   '    return o + txt',
  'patch_path': 'reasoning_transformation_cruxeval/CRUXEval/e1f735e05ec0002c7d6ed7d62be776995bf4ddf4/Transformation/sample_124.patch',
  'single_rule': None,
  'source_file': '/home/yang/Benchmark/dataset/cruxeval/code//sample_124.py',
  'target_file': 'reasoning_transformation_cruxeval/CRUXEval/e1f735e05ec0002c7d6ed7d62be776995bf4ddf4/Transformation/sample_124.py',
  'test_results_after': ['tests_pass'],
  'test_results_before': ['tests_pass'],
  'total_time': 4.851803,
  'transformed_code': 'from dateutil.parser import parse\n'
                      'import base64\n'
                      'from scipy.stats import ttest_ind\n'
                      'from http.client import HTTPConnection\n'
                      '\n'
                      'def my_decorator(func):\n'
                      '\n'
                      '    def dec_result(*args, **kwargs):\n'
                      '        res = func(*args, **kwargs)\n'
                      '        return res\n'
                      "    HTTPConnection('google.com', port=80)\n"
                      '    return dec_result\n'
                      '\n'
                      '@my_decorator\n'
                      'def newFunc0_18(sep, variable_1_18):\n'
                      '    ttest_ind([27, 16, 25], [14, 74, 29])\n'
                      '    return variable_1_18 + sep\n'
                      'from sklearn.utils import shuffle\n'
                      'from cryptography.fernet import Fernet\n'
                      'import time\n'
                      'import datetime\n'
                      '\n'
                      'def f(txt, sep, newsep_count_1):\n'
                      '    Fernet.generate_key()\n'
                      "    parse('2024-10-19 21:55:19')\n"
                      '    shuffle([6, 1, 40])\n'
                      '    datetime.datetime.now()\n'
                      "    base64.b64encode(b'51084623014134310784')\n"
                      '    time.sleep(0.03)\n'
                      '    try:\n'
                      "        o = [''][0]\n"
                      '        whileloopchecker13 = 870\n'
                      '        whileloopchecker23 = 869\n'
                      '        while whileloopchecker13 % whileloopchecker23 '
                      '== 1:\n'
                      '            whileloopchecker13 = whileloopchecker13 + '
                      '1\n'
                      '            while newsep_count_1 > 0 and txt.count(sep) '
                      '> 0:\n'
                      '                variable_1_18 = txt.rsplit(sep, 1)[0]\n'
                      '                o += newFunc0_18(sep, variable_1_18)\n'
                      '                txt = txt.rsplit(sep, 1)[1]\n'
                      '                newsep_count_1 -= 1\n'
                      '        else:\n'
                      '            pass\n'
                      '        return o + txt\n'
                      '    except:\n'
                      '        pass'}
[END] processing file: sample_124. Total Time: 4.851803
END AT 2024-10-19 21:55:20.784895
