STARTING AT 2024-10-19 23:35:00.032011
[START] processing file: sample_498
*Running tests for: sample_498
 
Result: ['tests_pass']
tests_pass sample_498 /home/yang/Benchmark/dataset/cruxeval/code//sample_498.py
Apply all rules on a single file.
Checking transformation add_datetime
*Running tests for: sample_498
 
Result: ['tests_pass']
Checking transformation add_time
*Running tests for: sample_498
 
Result: ['tests_pass']
Checking transformation add_decorator
*Running tests for: sample_498
 
Result: ['tests_pass']
Checking transformation add_http
*Running tests for: sample_498
 
Result: ['tests_pass']
Checking transformation add_scipy
*Running tests for: sample_498
 
Result: ['tests_pass']
Checking transformation add_base64
*Running tests for: sample_498
 
Result: ['tests_pass']
Checking transformation add_dateutil
*Running tests for: sample_498
 
Result: ['tests_pass']
The file 'reasoning_transformation_cruxeval/CRUXEval/951a917df7397c9cb698ead54386db6d1db4ffb0/Transformation/sample_498.py' has been formatted successfully.
Checking reasoning_transformation_cruxeval/CRUXEval/951a917df7397c9cb698ead54386db6d1db4ffb0/Transformation/sample_498.py
*Running tests for: sample_498
 
Result: ['tests_pass']
{ 'applicable_rules': [ 'add_try_except_inside_functions',
                        'add_datetime',
                        'add_time',
                        'add_crypto',
                        'add_sklearn',
                        'add_decorator',
                        'add_http',
                        'add_scipy',
                        'add_base64',
                        'add_dateutil'],
  'diff_output': 'reasoning_transformation_cruxeval/CRUXEval/951a917df7397c9cb698ead54386db6d1db4ffb0/Transformation/sample_498.patch',
  'evaluation_tests_dir': '/home/yang/Benchmark/dataset/cruxeval/',
  'exception': None,
  'file_id': 'sample_498',
  'genetic_algorithm': None,
  'original_code': 'def f(nums, idx, added):\n'
                   '    nums[idx:idx] = (added,)\n'
                   '    return nums',
  'patch_path': 'reasoning_transformation_cruxeval/CRUXEval/951a917df7397c9cb698ead54386db6d1db4ffb0/Transformation/sample_498.patch',
  'single_rule': None,
  'source_file': '/home/yang/Benchmark/dataset/cruxeval/code//sample_498.py',
  'target_file': 'reasoning_transformation_cruxeval/CRUXEval/951a917df7397c9cb698ead54386db6d1db4ffb0/Transformation/sample_498.py',
  'test_results_after': ['tests_pass'],
  'test_results_before': ['tests_pass'],
  'total_time': 5.647473,
  'transformed_code': 'from dateutil.parser import parse\n'
                      'import base64\n'
                      'from scipy.stats import ttest_ind\n'
                      'from http.client import HTTPConnection\n'
                      '\n'
                      'def my_decorator(func):\n'
                      "    base64.b64encode(b'49366019670264481613')\n"
                      '    ttest_ind([41, 70, 77], [67, 89, 60])\n'
                      '\n'
                      '    def dec_result(*args, **kwargs):\n'
                      '        res = func(*args, **kwargs)\n'
                      '        return res\n'
                      "    HTTPConnection('google.com', port=80)\n"
                      '    return dec_result\n'
                      'from sklearn.utils import shuffle\n'
                      'from cryptography.fernet import Fernet\n'
                      'import time\n'
                      'import datetime\n'
                      '\n'
                      '@my_decorator\n'
                      'def f(nums, idx, added):\n'
                      "    parse('2024-10-19 23:35:03')\n"
                      '    datetime.datetime.now()\n'
                      '    time.sleep(0.27)\n'
                      '    shuffle([100, 83, 29])\n'
                      '    Fernet.generate_key()\n'
                      '    try:\n'
                      '        nums[idx:idx] = (added,)\n'
                      '        return nums\n'
                      '    except:\n'
                      '        pass'}
[END] processing file: sample_498. Total Time: 5.647473
END AT 2024-10-19 23:35:05.681344
