STARTING AT 2024-10-19 22:03:10.427989
[START] processing file: sample_191
*Running tests for: sample_191
 
Result: ['tests_pass']
tests_pass sample_191 /home/yang/Benchmark/dataset/cruxeval/code//sample_191.py
Apply all rules on a single file.
Checking transformation add_nested_if
*Running tests for: sample_191
 
Result: ['tests_pass']
Checking transformation add_nested_list
*Running tests for: sample_191
 
Result: ['tests_pass']
Checking transformation add_datetime
*Running tests for: sample_191
 
Result: ['tests_pass']
Checking transformation add_time
*Running tests for: sample_191
 
Result: ['tests_pass']
Checking transformation create_functions
*Running tests for: sample_191
 
Result: ['tests_pass']
Checking transformation add_decorator
*Running tests for: sample_191
 
Result: ['tests_pass']
Checking transformation add_http
*Running tests for: sample_191
 
Result: ['tests_pass']
Checking transformation add_scipy
*Running tests for: sample_191
 
Result: ['tests_pass']
Checking transformation add_base64
*Running tests for: sample_191
 
Result: ['tests_pass']
Checking transformation add_dateutil
*Running tests for: sample_191
 
Result: ['tests_pass']
The file 'reasoning_transformation_cruxeval/CRUXEval/e1f735e05ec0002c7d6ed7d62be776995bf4ddf4/Transformation/sample_191.py' has been formatted successfully.
Checking reasoning_transformation_cruxeval/CRUXEval/e1f735e05ec0002c7d6ed7d62be776995bf4ddf4/Transformation/sample_191.py
*Running tests for: sample_191
 
Result: ['tests_pass']
{ 'applicable_rules': [ 'add_nested_if',
                        'add_try_except_inside_functions',
                        'add_nested_list',
                        'add_datetime',
                        'add_time',
                        'add_crypto',
                        'add_sklearn',
                        'create_functions',
                        'add_decorator',
                        'add_http',
                        'add_scipy',
                        'add_base64',
                        'add_dateutil'],
  'diff_output': 'reasoning_transformation_cruxeval/CRUXEval/e1f735e05ec0002c7d6ed7d62be776995bf4ddf4/Transformation/sample_191.patch',
  'evaluation_tests_dir': '/home/yang/Benchmark/dataset/cruxeval/',
  'exception': None,
  'file_id': 'sample_191',
  'genetic_algorithm': None,
  'original_code': 'def f(string):\n'
                   '    if string.isupper():\n'
                   '        return True\n'
                   '    else:\n'
                   '        return False',
  'patch_path': 'reasoning_transformation_cruxeval/CRUXEval/e1f735e05ec0002c7d6ed7d62be776995bf4ddf4/Transformation/sample_191.patch',
  'single_rule': None,
  'source_file': '/home/yang/Benchmark/dataset/cruxeval/code//sample_191.py',
  'target_file': 'reasoning_transformation_cruxeval/CRUXEval/e1f735e05ec0002c7d6ed7d62be776995bf4ddf4/Transformation/sample_191.py',
  'test_results_after': ['tests_pass'],
  'test_results_before': ['tests_pass'],
  'total_time': 5.648842,
  'transformed_code': 'from dateutil.parser import parse\n'
                      'import base64\n'
                      'from scipy.stats import ttest_ind\n'
                      'from http.client import HTTPConnection\n'
                      '\n'
                      'def my_decorator(func):\n'
                      "    base64.b64encode(b'77825565283993612150')\n"
                      '\n'
                      '    def dec_result(*args, **kwargs):\n'
                      '        res = func(*args, **kwargs)\n'
                      '        return res\n'
                      "    HTTPConnection('google.com', port=80)\n"
                      '    return dec_result\n'
                      '\n'
                      '@my_decorator\n'
                      'def newFunc_BinOp0(a, b):\n'
                      "    parse('2024-10-19 22:03:14')\n"
                      '    ttest_ind([36, 1, 98], [89, 73, 9])\n'
                      '    return a & b\n'
                      'from sklearn.utils import shuffle\n'
                      'from cryptography.fernet import Fernet\n'
                      'import time\n'
                      'import datetime\n'
                      '\n'
                      'def f(string):\n'
                      '    time.sleep(0.15)\n'
                      '    Fernet.generate_key()\n'
                      '    datetime.datetime.now()\n'
                      '    shuffle([86, 96, 51])\n'
                      '    try:\n'
                      '        ConditionChecker12 = [238][0]\n'
                      '        ConditionChecker22 = 573\n'
                      '        if newFunc_BinOp0(ConditionChecker12, '
                      'ConditionChecker22):\n'
                      '            if string.isupper():\n'
                      '                return True\n'
                      '            else:\n'
                      '                return False\n'
                      '    except:\n'
                      '        pass'}
[END] processing file: sample_191. Total Time: 5.648842
END AT 2024-10-19 22:03:16.078868
