STARTING AT 2024-10-19 22:57:11.139090
[START] processing file: sample_679
*Running tests for: sample_679
 
Result: ['tests_pass']
tests_pass sample_679 /home/yang/Benchmark/dataset/cruxeval/code//sample_679.py
Apply all rules on a single file.
Checking transformation add_nested_for_out
*Running tests for: sample_679
 
Result: ['tests_pass']
Checking transformation add_nested_if
*Running tests for: sample_679
 
Result: ['tests_pass']
Checking transformation add_nested_list
*Running tests for: sample_679
 
Result: ['tests_pass']
Checking transformation transform_range_to_recursion
*Running tests for: sample_679
 
Result: ['tests_pass']
Checking transformation add_datetime
*Running tests for: sample_679
 
Result: ['tests_pass']
Checking transformation add_time
*Running tests for: sample_679
 
Result: ['tests_pass']
Checking transformation create_functions
*Running tests for: sample_679
 
Result: ['tests_pass']
Checking transformation add_decorator
*Running tests for: sample_679
 
Result: ['tests_pass']
Checking transformation add_http
*Running tests for: sample_679
 
Result: ['tests_pass']
Checking transformation add_scipy
*Running tests for: sample_679
 
Result: ['tests_pass']
Checking transformation add_base64
*Running tests for: sample_679
 
Result: ['tests_pass']
Checking transformation add_dateutil
*Running tests for: sample_679
 
Result: ['tests_pass']
The file 'reasoning_transformation_cruxeval/CRUXEval/e1f735e05ec0002c7d6ed7d62be776995bf4ddf4/Transformation/sample_679.py' has been formatted successfully.
Checking reasoning_transformation_cruxeval/CRUXEval/e1f735e05ec0002c7d6ed7d62be776995bf4ddf4/Transformation/sample_679.py
*Running tests for: sample_679
 
Result: ['tests_pass']
{ 'applicable_rules': [ 'change_var_names',
                        'add_nested_for_out',
                        'add_nested_if',
                        'add_try_except_inside_functions',
                        'add_else_to_for',
                        'add_nested_list',
                        'transform_range_to_recursion',
                        'add_datetime',
                        'add_time',
                        'add_crypto',
                        'add_sklearn',
                        'create_functions',
                        'add_decorator',
                        'add_http',
                        'add_scipy',
                        'add_base64',
                        'add_dateutil'],
  'diff_output': 'reasoning_transformation_cruxeval/CRUXEval/e1f735e05ec0002c7d6ed7d62be776995bf4ddf4/Transformation/sample_679.patch',
  'evaluation_tests_dir': '/home/yang/Benchmark/dataset/cruxeval/',
  'exception': None,
  'file_id': 'sample_679',
  'genetic_algorithm': None,
  'original_code': 'def f(text):\n'
                   "    if text == '':\n"
                   '        return False\n'
                   '    first_char = text[0]\n'
                   '    if text[0].isdigit():\n'
                   '        return False\n'
                   '    for last_char in text:\n'
                   "        if last_char != '_' and (not "
                   'last_char.isidentifier()):\n'
                   '            return False\n'
                   '    return True',
  'patch_path': 'reasoning_transformation_cruxeval/CRUXEval/e1f735e05ec0002c7d6ed7d62be776995bf4ddf4/Transformation/sample_679.patch',
  'single_rule': None,
  'source_file': '/home/yang/Benchmark/dataset/cruxeval/code//sample_679.py',
  'target_file': 'reasoning_transformation_cruxeval/CRUXEval/e1f735e05ec0002c7d6ed7d62be776995bf4ddf4/Transformation/sample_679.py',
  'test_results_after': ['tests_pass'],
  'test_results_before': ['tests_pass'],
  'total_time': 5.039698,
  'transformed_code': 'from dateutil.parser import parse\n'
                      'import base64\n'
                      'from scipy.stats import ttest_ind\n'
                      'from http.client import HTTPConnection\n'
                      '\n'
                      'def my_decorator(func):\n'
                      '\n'
                      '    def dec_result(*args, **kwargs):\n'
                      '        res = func(*args, **kwargs)\n'
                      '        return res\n'
                      '    ttest_ind([9, 42, 1], [27, 22, 56])\n'
                      '    return dec_result\n'
                      '\n'
                      '@my_decorator\n'
                      'def newFunc_BinOp0(a, b):\n'
                      "    base64.b64encode(b'36793090962310384246')\n"
                      '    return a & b\n'
                      'from sklearn.utils import shuffle\n'
                      'from cryptography.fernet import Fernet\n'
                      'import time\n'
                      'import datetime\n'
                      '\n'
                      'def f(text):\n'
                      '    datetime.datetime.now()\n'
                      '    shuffle([44, 51, 14])\n'
                      "    HTTPConnection('google.com', port=80)\n"
                      '    Fernet.generate_key()\n'
                      "    parse('2024-10-19 22:57:14')\n"
                      '    time.sleep(0.05)\n'
                      '    try:\n'
                      '        ConditionChecker12 = [328][0]\n'
                      '        ConditionChecker22 = 521\n'
                      '        if newFunc_BinOp0(ConditionChecker12, '
                      'ConditionChecker22):\n'
                      "            if text == '':\n"
                      '                return False\n'
                      '        newfirst_char_1 = text[0]\n'
                      '        if text[0].isdigit():\n'
                      '            return False\n'
                      '        LoopChecker17 = 891\n'
                      '        LoopChecker27 = 890\n'
                      '\n'
                      '        def loop_13_8(LoopIndexOut, stop, step):\n'
                      '            if step == 0 or (step > 0 and LoopIndexOut '
                      '>= stop) or (step < 0 and LoopIndexOut <= stop):\n'
                      '                return\n'
                      '            for last_char in text:\n'
                      "                if last_char != '_' and (not "
                      'last_char.isidentifier()):\n'
                      '                    return False\n'
                      '            loop_13_8(LoopIndexOut + step, stop, step)\n'
                      '        loop_13_8(0, LoopChecker17 // LoopChecker27, '
                      '1)\n'
                      '        return True\n'
                      '    except:\n'
                      '        pass'}
[END] processing file: sample_679. Total Time: 5.039698
END AT 2024-10-19 22:57:16.180063
