STARTING AT 2024-10-19 23:42:37.003084
[START] processing file: sample_89
*Running tests for: sample_89
 
Result: ['tests_pass']
tests_pass sample_89 /home/yang/Benchmark/dataset/cruxeval/code//sample_89.py
Apply all rules on a single file.
Checking transformation add_nested_if
*Running tests for: sample_89
 
Result: ['tests_pass']
Checking transformation add_nested_list
*Running tests for: sample_89
 
Result: ['tests_pass']
Checking transformation add_datetime
*Running tests for: sample_89
 
Result: ['tests_pass']
Checking transformation add_time
*Running tests for: sample_89
 
Result: ['tests_pass']
Checking transformation create_functions
*Running tests for: sample_89
 
Result: ['tests_pass']
Checking transformation add_decorator
*Running tests for: sample_89
 
Result: ['tests_pass']
Checking transformation add_http
*Running tests for: sample_89
 
Result: ['tests_pass']
Checking transformation add_scipy
*Running tests for: sample_89
 
Result: ['tests_pass']
Checking transformation add_base64
*Running tests for: sample_89
 
Result: ['tests_pass']
Checking transformation add_dateutil
*Running tests for: sample_89
 
Result: ['tests_pass']
The file 'reasoning_transformation_cruxeval/CRUXEval/951a917df7397c9cb698ead54386db6d1db4ffb0/Transformation/sample_89.py' has been formatted successfully.
Checking reasoning_transformation_cruxeval/CRUXEval/951a917df7397c9cb698ead54386db6d1db4ffb0/Transformation/sample_89.py
*Running tests for: sample_89
 
Result: ['tests_pass']
{ 'applicable_rules': [ 'add_nested_if',
                        'add_try_except_inside_functions',
                        'add_nested_list',
                        'add_datetime',
                        'add_time',
                        'add_crypto',
                        'add_sklearn',
                        'create_functions',
                        'add_decorator',
                        'add_http',
                        'add_scipy',
                        'add_base64',
                        'add_dateutil'],
  'diff_output': 'reasoning_transformation_cruxeval/CRUXEval/951a917df7397c9cb698ead54386db6d1db4ffb0/Transformation/sample_89.patch',
  'evaluation_tests_dir': '/home/yang/Benchmark/dataset/cruxeval/',
  'exception': None,
  'file_id': 'sample_89',
  'genetic_algorithm': None,
  'original_code': 'def f(char):\n'
                   "    if char not in 'aeiouAEIOU':\n"
                   '        return None\n'
                   "    if char in 'AEIOU':\n"
                   '        return char.lower()\n'
                   '    return char.upper()',
  'patch_path': 'reasoning_transformation_cruxeval/CRUXEval/951a917df7397c9cb698ead54386db6d1db4ffb0/Transformation/sample_89.patch',
  'single_rule': None,
  'source_file': '/home/yang/Benchmark/dataset/cruxeval/code//sample_89.py',
  'target_file': 'reasoning_transformation_cruxeval/CRUXEval/951a917df7397c9cb698ead54386db6d1db4ffb0/Transformation/sample_89.py',
  'test_results_after': ['tests_pass'],
  'test_results_before': ['tests_pass'],
  'total_time': 5.097976,
  'transformed_code': 'from dateutil.parser import parse\n'
                      'import base64\n'
                      'from scipy.stats import ttest_ind\n'
                      'from http.client import HTTPConnection\n'
                      '\n'
                      'def my_decorator(func):\n'
                      '    ttest_ind([43, 63, 64], [64, 60, 71])\n'
                      "    HTTPConnection('google.com', port=80)\n"
                      '\n'
                      '    def dec_result(*args, **kwargs):\n'
                      '        res = func(*args, **kwargs)\n'
                      '        return res\n'
                      "    base64.b64encode(b'24361191720413881160')\n"
                      '    return dec_result\n'
                      '\n'
                      '@my_decorator\n'
                      'def newFunc_BinOp0(a, b):\n'
                      '    return a & b\n'
                      'from sklearn.utils import shuffle\n'
                      'from cryptography.fernet import Fernet\n'
                      'import time\n'
                      'import datetime\n'
                      '\n'
                      'def f(char):\n'
                      '    shuffle([43, 74, 22])\n'
                      '    time.sleep(0.09)\n'
                      '    Fernet.generate_key()\n'
                      "    parse('2024-10-19 23:42:40')\n"
                      '    datetime.datetime.now()\n'
                      '    try:\n'
                      '        ConditionChecker12 = [229][0]\n'
                      '        ConditionChecker22 = 305\n'
                      '        if newFunc_BinOp0(ConditionChecker12, '
                      'ConditionChecker22):\n'
                      "            if char not in 'aeiouAEIOU':\n"
                      '                return None\n'
                      "        if char in 'AEIOU':\n"
                      '            return char.lower()\n'
                      '        return char.upper()\n'
                      '    except:\n'
                      '        pass'}
[END] processing file: sample_89. Total Time: 5.097976
END AT 2024-10-19 23:42:42.103083
