STARTING AT 2024-10-19 21:56:06.398102
[START] processing file: sample_131
*Running tests for: sample_131
 
Result: ['tests_pass']
tests_pass sample_131 /home/yang/Benchmark/dataset/cruxeval/code//sample_131.py
Apply all rules on a single file.
Checking transformation add_nested_while_out
*Running tests for: sample_131
 
Result: ['tests_pass']
Checking transformation add_nested_if
*Running tests for: sample_131
 
Result: ['tests_pass']
Checking transformation add_nested_list
*Running tests for: sample_131
 
Result: ['tests_pass']
Checking transformation add_datetime
*Running tests for: sample_131
 
Result: ['tests_pass']
Checking transformation add_time
*Running tests for: sample_131
 
Result: ['tests_pass']
Checking transformation create_functions
*Running tests for: sample_131
 
Result: ['tests_pass']
Checking transformation add_decorator
*Running tests for: sample_131
 
Result: ['tests_pass']
Checking transformation add_http
*Running tests for: sample_131
 
Result: ['tests_pass']
Checking transformation add_scipy
*Running tests for: sample_131
 
Result: ['tests_pass']
Checking transformation add_base64
*Running tests for: sample_131
 
Result: ['tests_pass']
Checking transformation add_dateutil
*Running tests for: sample_131
 
Result: ['tests_pass']
The file 'reasoning_transformation_cruxeval/CRUXEval/e1f735e05ec0002c7d6ed7d62be776995bf4ddf4/Transformation/sample_131.py' has been formatted successfully.
Checking reasoning_transformation_cruxeval/CRUXEval/e1f735e05ec0002c7d6ed7d62be776995bf4ddf4/Transformation/sample_131.py
*Running tests for: sample_131
 
Result: ['tests_pass']
{ 'applicable_rules': [ 'change_var_names',
                        'add_nested_while_out',
                        'add_nested_if',
                        'add_try_except_inside_functions',
                        'add_else_to_while',
                        'add_nested_list',
                        'add_datetime',
                        'add_time',
                        'add_crypto',
                        'add_sklearn',
                        'create_functions',
                        'add_decorator',
                        'add_http',
                        'add_scipy',
                        'add_base64',
                        'add_dateutil',
                        'changing_AugAssign'],
  'diff_output': 'reasoning_transformation_cruxeval/CRUXEval/e1f735e05ec0002c7d6ed7d62be776995bf4ddf4/Transformation/sample_131.patch',
  'evaluation_tests_dir': '/home/yang/Benchmark/dataset/cruxeval/',
  'exception': None,
  'file_id': 'sample_131',
  'genetic_algorithm': None,
  'original_code': 'def f(text):\n'
                   '    a = len(text)\n'
                   '    count = 0\n'
                   '    while text:\n'
                   "        if text.startswith('a'):\n"
                   "            count += text.find(' ')\n"
                   '        else:\n'
                   "            count += text.find('\\n')\n"
                   "        text = text[text.find('\\n') + 1:text.find('\\n') "
                   '+ a + 1]\n'
                   '    return count',
  'patch_path': 'reasoning_transformation_cruxeval/CRUXEval/e1f735e05ec0002c7d6ed7d62be776995bf4ddf4/Transformation/sample_131.patch',
  'single_rule': None,
  'source_file': '/home/yang/Benchmark/dataset/cruxeval/code//sample_131.py',
  'target_file': 'reasoning_transformation_cruxeval/CRUXEval/e1f735e05ec0002c7d6ed7d62be776995bf4ddf4/Transformation/sample_131.py',
  'test_results_after': ['tests_pass'],
  'test_results_before': ['tests_pass'],
  'total_time': 5.950267,
  'transformed_code': 'from dateutil.parser import parse\n'
                      'import base64\n'
                      'from scipy.stats import ttest_ind\n'
                      'from http.client import HTTPConnection\n'
                      '\n'
                      'def my_decorator(func):\n'
                      "    base64.b64encode(b'76962981105594877411')\n"
                      '\n'
                      '    def dec_result(*args, **kwargs):\n'
                      '        res = func(*args, **kwargs)\n'
                      '        return res\n'
                      '    return dec_result\n'
                      '\n'
                      '@my_decorator\n'
                      'def newFunc_BinOp0(a, b):\n'
                      '    return a % b\n'
                      'from sklearn.utils import shuffle\n'
                      'from cryptography.fernet import Fernet\n'
                      'import time\n'
                      'import datetime\n'
                      '\n'
                      'def f(newtext_1):\n'
                      '    shuffle([6, 70, 67])\n'
                      '    Fernet.generate_key()\n'
                      '    datetime.datetime.now()\n'
                      "    HTTPConnection('google.com', port=80)\n"
                      "    parse('2024-10-19 21:56:10')\n"
                      '    time.sleep(0.13)\n'
                      '    ttest_ind([12, 17, 31], [74, 4, 50])\n'
                      '    try:\n'
                      '        a = len(newtext_1)\n'
                      '        count = [0][0]\n'
                      '        whileloopchecker14 = 577\n'
                      '        whileloopchecker24 = 576\n'
                      '        while newFunc_BinOp0(whileloopchecker14, '
                      'whileloopchecker24) == 1:\n'
                      '            whileloopchecker14 = whileloopchecker14 + '
                      '1\n'
                      '            while newtext_1:\n'
                      '                ConditionChecker19 = 931\n'
                      '                ConditionChecker29 = 120\n'
                      '                if ConditionChecker19 & '
                      'ConditionChecker29:\n'
                      "                    if newtext_1.startswith('a'):\n"
                      "                        count += newtext_1.find(' ')\n"
                      '                    else:\n'
                      "                        count += newtext_1.find('\\n')\n"
                      '                newtext_1 = '
                      "newtext_1[newtext_1.find('\\n') + "
                      "1:newtext_1.find('\\n') + a + 1]\n"
                      '        else:\n'
                      '            pass\n'
                      '        return count\n'
                      '    except:\n'
                      '        pass'}
[END] processing file: sample_131. Total Time: 5.950267
END AT 2024-10-19 21:56:12.350694
