STARTING AT 2024-10-19 22:13:18.990598
[START] processing file: sample_275
*Running tests for: sample_275
 
Result: ['tests_pass']
tests_pass sample_275 /home/yang/Benchmark/dataset/cruxeval/code//sample_275.py
Apply all rules on a single file.
Checking transformation add_datetime
*Running tests for: sample_275
 
Result: ['tests_pass']
Checking transformation add_time
*Running tests for: sample_275
 
Result: ['tests_pass']
Checking transformation add_decorator
*Running tests for: sample_275
 
Result: ['tests_pass']
Checking transformation add_http
*Running tests for: sample_275
 
Result: ['tests_pass']
Checking transformation add_scipy
*Running tests for: sample_275
 
Result: ['tests_pass']
Checking transformation add_base64
*Running tests for: sample_275
 
Result: ['tests_pass']
Checking transformation add_dateutil
*Running tests for: sample_275
 
Result: ['tests_pass']
The file 'reasoning_transformation_cruxeval/CRUXEval/e1f735e05ec0002c7d6ed7d62be776995bf4ddf4/Transformation/sample_275.py' has been formatted successfully.
Checking reasoning_transformation_cruxeval/CRUXEval/e1f735e05ec0002c7d6ed7d62be776995bf4ddf4/Transformation/sample_275.py
*Running tests for: sample_275
 
Result: ['tests_pass']
{ 'applicable_rules': [ 'change_var_names',
                        'add_try_except_inside_functions',
                        'add_datetime',
                        'add_time',
                        'add_crypto',
                        'add_sklearn',
                        'add_decorator',
                        'add_http',
                        'add_scipy',
                        'add_base64',
                        'add_dateutil'],
  'diff_output': 'reasoning_transformation_cruxeval/CRUXEval/e1f735e05ec0002c7d6ed7d62be776995bf4ddf4/Transformation/sample_275.patch',
  'evaluation_tests_dir': '/home/yang/Benchmark/dataset/cruxeval/',
  'exception': None,
  'file_id': 'sample_275',
  'genetic_algorithm': None,
  'original_code': 'def f(dic):\n'
                   '    dic2 = dict(zip(dic.values(), dic.keys()))\n'
                   '    return dic2',
  'patch_path': 'reasoning_transformation_cruxeval/CRUXEval/e1f735e05ec0002c7d6ed7d62be776995bf4ddf4/Transformation/sample_275.patch',
  'single_rule': None,
  'source_file': '/home/yang/Benchmark/dataset/cruxeval/code//sample_275.py',
  'target_file': 'reasoning_transformation_cruxeval/CRUXEval/e1f735e05ec0002c7d6ed7d62be776995bf4ddf4/Transformation/sample_275.py',
  'test_results_after': ['tests_pass'],
  'test_results_before': ['tests_pass'],
  'total_time': 5.688586,
  'transformed_code': 'from dateutil.parser import parse\n'
                      'import base64\n'
                      'from scipy.stats import ttest_ind\n'
                      'from http.client import HTTPConnection\n'
                      '\n'
                      'def my_decorator(func):\n'
                      "    parse('2024-10-19 22:13:22')\n"
                      "    HTTPConnection('google.com', port=80)\n"
                      '\n'
                      '    def dec_result(*args, **kwargs):\n'
                      '        res = func(*args, **kwargs)\n'
                      '        return res\n'
                      '    return dec_result\n'
                      'from sklearn.utils import shuffle\n'
                      'from cryptography.fernet import Fernet\n'
                      'import time\n'
                      'import datetime\n'
                      '\n'
                      '@my_decorator\n'
                      'def f(dic):\n'
                      '    Fernet.generate_key()\n'
                      "    base64.b64encode(b'24006064093964130822')\n"
                      '    time.sleep(0.25)\n'
                      '    datetime.datetime.now()\n'
                      '    shuffle([26, 50, 92])\n'
                      '    ttest_ind([49, 19, 100], [22, 20, 32])\n'
                      '    try:\n'
                      '        newdic2_1 = dict(zip(dic.values(), '
                      'dic.keys()))\n'
                      '        return newdic2_1\n'
                      '    except:\n'
                      '        pass'}
[END] processing file: sample_275. Total Time: 5.688586
END AT 2024-10-19 22:13:24.680209
