STARTING AT 2024-10-19 22:39:41.792781
[START] processing file: sample_509
*Running tests for: sample_509
 
Result: ['tests_pass']
tests_pass sample_509 /home/yang/Benchmark/dataset/cruxeval/code//sample_509.py
Apply all rules on a single file.
Checking transformation add_nested_if
*Running tests for: sample_509
 Traceback (most recent call last):
  File "/home/yang/Benchmark/.tmp_test/tmp_test.pysample_509", line 10, in <module>
    assert f(5, 1) == '5'
AssertionError

output_actual, stderr_data: ('', b'Traceback (most recent call last):\n  File "/home/yang/Benchmark/.tmp_test/tmp_test.pysample_509", line 10, in <module>\n    assert f(5, 1) == \'5\'\nAssertionError\n')
Result: ['error_or_timeout']
Drop add_nested_if due to ['error_or_timeout']
Checking transformation add_datetime
*Running tests for: sample_509
 
Result: ['tests_pass']
Checking transformation add_time
*Running tests for: sample_509
 
Result: ['tests_pass']
def newFunc_35640(arg0, arg1):
    return arg0 + arg1
Checking transformation create_functions
*Running tests for: sample_509
 
Result: ['tests_pass']
Checking transformation add_decorator
*Running tests for: sample_509
 
Result: ['tests_pass']
Checking transformation add_http
*Running tests for: sample_509
 
Result: ['tests_pass']
Checking transformation add_scipy
*Running tests for: sample_509
 
Result: ['tests_pass']
Checking transformation add_base64
*Running tests for: sample_509
 
Result: ['tests_pass']
Checking transformation add_dateutil
*Running tests for: sample_509
 
Result: ['tests_pass']
The file 'reasoning_transformation_cruxeval/CRUXEval/e1f735e05ec0002c7d6ed7d62be776995bf4ddf4/Transformation/sample_509.py' has been formatted successfully.
Checking reasoning_transformation_cruxeval/CRUXEval/e1f735e05ec0002c7d6ed7d62be776995bf4ddf4/Transformation/sample_509.py
*Running tests for: sample_509
 
Result: ['tests_pass']
{ 'applicable_rules': [ 'add_try_except_inside_functions',
                        'add_datetime',
                        'add_time',
                        'add_crypto',
                        'add_sklearn',
                        'create_functions',
                        'add_decorator',
                        'add_http',
                        'add_scipy',
                        'add_base64',
                        'add_dateutil'],
  'diff_output': 'reasoning_transformation_cruxeval/CRUXEval/e1f735e05ec0002c7d6ed7d62be776995bf4ddf4/Transformation/sample_509.patch',
  'evaluation_tests_dir': '/home/yang/Benchmark/dataset/cruxeval/',
  'exception': None,
  'file_id': 'sample_509',
  'genetic_algorithm': None,
  'original_code': 'def f(value, width):\n'
                   '    if value >= 0:\n'
                   '        return str(value).zfill(width)\n'
                   '    if value < 0:\n'
                   "        return '-' + str(-value).zfill(width)\n"
                   "    return ''",
  'patch_path': 'reasoning_transformation_cruxeval/CRUXEval/e1f735e05ec0002c7d6ed7d62be776995bf4ddf4/Transformation/sample_509.patch',
  'single_rule': None,
  'source_file': '/home/yang/Benchmark/dataset/cruxeval/code//sample_509.py',
  'target_file': 'reasoning_transformation_cruxeval/CRUXEval/e1f735e05ec0002c7d6ed7d62be776995bf4ddf4/Transformation/sample_509.py',
  'test_results_after': ['tests_pass'],
  'test_results_before': ['tests_pass'],
  'total_time': 5.746971,
  'transformed_code': 'from dateutil.parser import parse\n'
                      'import base64\n'
                      'from scipy.stats import ttest_ind\n'
                      'from http.client import HTTPConnection\n'
                      '\n'
                      'def my_decorator(func):\n'
                      '\n'
                      '    def dec_result(*args, **kwargs):\n'
                      '        res = func(*args, **kwargs)\n'
                      '        return res\n'
                      '    ttest_ind([9, 87, 67], [12, 35, 31])\n'
                      '    return dec_result\n'
                      '\n'
                      '@my_decorator\n'
                      'def newFunc_35640(arg0, arg1):\n'
                      "    base64.b64encode(b'57736106004104861694')\n"
                      "    parse('2024-10-19 22:39:46')\n"
                      "    HTTPConnection('google.com', port=80)\n"
                      '    return arg0 + arg1\n'
                      'from sklearn.utils import shuffle\n'
                      'from cryptography.fernet import Fernet\n'
                      'import time\n'
                      'import datetime\n'
                      '\n'
                      'def f(value, width):\n'
                      '    Fernet.generate_key()\n'
                      '    datetime.datetime.now()\n'
                      '    shuffle([7, 38, 54])\n'
                      '    time.sleep(0.13)\n'
                      '    try:\n'
                      '        if value >= 0:\n'
                      '            return str(value).zfill(width)\n'
                      '        if value < 0:\n'
                      "            return newFunc_35640('-', "
                      'str(-value).zfill(width))\n'
                      "        return ''\n"
                      '    except:\n'
                      '        pass'}
[END] processing file: sample_509. Total Time: 5.746971
END AT 2024-10-19 22:39:47.541090
