STARTING AT 2024-10-19 22:50:57.259595
[START] processing file: sample_613
*Running tests for: sample_613
 
Result: ['tests_pass']
tests_pass sample_613 /home/yang/Benchmark/dataset/cruxeval/code//sample_613.py
Apply all rules on a single file.
Checking transformation add_nested_for_out
*Running tests for: sample_613
 
Result: ['tests_pass']
Checking transformation add_nested_list
*Running tests for: sample_613
 
Result: ['tests_pass']
Checking transformation transform_range_to_recursion
*Running tests for: sample_613
 
Result: ['tests_pass']
Checking transformation add_datetime
*Running tests for: sample_613
 
Result: ['tests_pass']
Checking transformation add_time
*Running tests for: sample_613
 
Result: ['tests_pass']
Checking transformation create_functions
*Running tests for: sample_613
 
Result: ['tests_pass']
Checking transformation add_decorator
*Running tests for: sample_613
 
Result: ['tests_pass']
Checking transformation add_http
*Running tests for: sample_613
 
Result: ['tests_pass']
Checking transformation add_scipy
*Running tests for: sample_613
 
Result: ['tests_pass']
Checking transformation add_base64
*Running tests for: sample_613
 
Result: ['tests_pass']
Checking transformation add_dateutil
*Running tests for: sample_613
 
Result: ['tests_pass']
The file 'reasoning_transformation_cruxeval/CRUXEval/e1f735e05ec0002c7d6ed7d62be776995bf4ddf4/Transformation/sample_613.py' has been formatted successfully.
Checking reasoning_transformation_cruxeval/CRUXEval/e1f735e05ec0002c7d6ed7d62be776995bf4ddf4/Transformation/sample_613.py
*Running tests for: sample_613
 
Result: ['tests_pass']
{ 'applicable_rules': [ 'change_var_names',
                        'add_nested_for_out',
                        'add_try_except_inside_functions',
                        'add_else_to_for',
                        'add_nested_list',
                        'transform_range_to_recursion',
                        'add_datetime',
                        'add_time',
                        'add_crypto',
                        'add_sklearn',
                        'create_functions',
                        'add_decorator',
                        'add_http',
                        'add_scipy',
                        'add_base64',
                        'add_dateutil'],
  'diff_output': 'reasoning_transformation_cruxeval/CRUXEval/e1f735e05ec0002c7d6ed7d62be776995bf4ddf4/Transformation/sample_613.patch',
  'evaluation_tests_dir': '/home/yang/Benchmark/dataset/cruxeval/',
  'exception': None,
  'file_id': 'sample_613',
  'genetic_algorithm': None,
  'original_code': 'def f(text):\n'
                   "    result = ''\n"
                   '    mid = (len(text) - 1) // 2\n'
                   '    for i in range(mid):\n'
                   '        result += text[i]\n'
                   '    for i in range(mid, len(text) - 1):\n'
                   '        result += text[mid + len(text) - 1 - i]\n'
                   '    return result.ljust(len(text), text[-1])',
  'patch_path': 'reasoning_transformation_cruxeval/CRUXEval/e1f735e05ec0002c7d6ed7d62be776995bf4ddf4/Transformation/sample_613.patch',
  'single_rule': None,
  'source_file': '/home/yang/Benchmark/dataset/cruxeval/code//sample_613.py',
  'target_file': 'reasoning_transformation_cruxeval/CRUXEval/e1f735e05ec0002c7d6ed7d62be776995bf4ddf4/Transformation/sample_613.py',
  'test_results_after': ['tests_pass'],
  'test_results_before': ['tests_pass'],
  'total_time': 6.016703,
  'transformed_code': 'from dateutil.parser import parse\n'
                      'import base64\n'
                      'from scipy.stats import ttest_ind\n'
                      'from http.client import HTTPConnection\n'
                      '\n'
                      'def my_decorator(func):\n'
                      '\n'
                      '    def dec_result(*args, **kwargs):\n'
                      '        res = func(*args, **kwargs)\n'
                      '        return res\n'
                      '    ttest_ind([61, 24, 16], [18, 85, 47])\n'
                      '    return dec_result\n'
                      '\n'
                      '@my_decorator\n'
                      'def newFunc0_13(text, variable_3_13, len, '
                      'variable_6_13):\n'
                      "    HTTPConnection('google.com', port=80)\n"
                      "    parse('2024-10-19 22:51:01')\n"
                      '    return (len(text) - variable_6_13) // '
                      'variable_3_13\n'
                      'from sklearn.utils import shuffle\n'
                      'from cryptography.fernet import Fernet\n'
                      'import time\n'
                      'import datetime\n'
                      '\n'
                      'def f(text):\n'
                      "    base64.b64encode(b'85382133929337520265')\n"
                      '    time.sleep(0.15)\n'
                      '    datetime.datetime.now()\n'
                      '    Fernet.generate_key()\n'
                      '    shuffle([13, 58, 58])\n'
                      '    try:\n'
                      "        result = [''][0]\n"
                      '        variable_3_13 = 2\n'
                      '        variable_6_13 = 1\n'
                      '        newmid_1 = newFunc0_13(text, variable_3_13, '
                      'len, variable_6_13)\n'
                      '        LoopChecker14 = 18\n'
                      '        LoopChecker24 = 17\n'
                      '        for LoopIndexOut in range(LoopChecker14 // '
                      'LoopChecker24):\n'
                      '\n'
                      '            def loop_8_12(i, stop, step):\n'
                      '                nonlocal result\n'
                      '                if step == 0 or (step > 0 and i >= '
                      'stop) or (step < 0 and i <= stop):\n'
                      '                    return\n'
                      '                result += text[i]\n'
                      '                loop_8_12(i + step, stop, step)\n'
                      '            loop_8_12(0, newmid_1, 1)\n'
                      '        else:\n'
                      '            pass\n'
                      '        for i in range(newmid_1, len(text) - 1):\n'
                      '            result += text[newmid_1 + len(text) - 1 - '
                      'i]\n'
                      '        return result.ljust(len(text), text[-1])\n'
                      '    except:\n'
                      '        pass'}
[END] processing file: sample_613. Total Time: 6.016703
END AT 2024-10-19 22:51:03.278654
