STARTING AT 2024-10-19 23:38:32.563053
[START] processing file: sample_713
*Running tests for: sample_713
 
Result: ['tests_pass']
tests_pass sample_713 /home/yang/Benchmark/dataset/cruxeval/code//sample_713.py
Apply all rules on a single file.
Checking transformation add_nested_if
*Running tests for: sample_713
 
Result: ['tests_pass']
Checking transformation add_nested_list
*Running tests for: sample_713
 
Result: ['tests_pass']
Checking transformation add_datetime
*Running tests for: sample_713
 
Result: ['tests_pass']
Checking transformation add_time
*Running tests for: sample_713
 
Result: ['tests_pass']
Checking transformation create_functions
*Running tests for: sample_713
 
Result: ['tests_pass']
Checking transformation add_decorator
*Running tests for: sample_713
 
Result: ['tests_pass']
Checking transformation add_http
*Running tests for: sample_713
 
Result: ['tests_pass']
Checking transformation add_scipy
*Running tests for: sample_713
 
Result: ['tests_pass']
Checking transformation add_base64
*Running tests for: sample_713
 
Result: ['tests_pass']
Checking transformation add_dateutil
*Running tests for: sample_713
 
Result: ['tests_pass']
The file 'reasoning_transformation_cruxeval/CRUXEval/951a917df7397c9cb698ead54386db6d1db4ffb0/Transformation/sample_713.py' has been formatted successfully.
Checking reasoning_transformation_cruxeval/CRUXEval/951a917df7397c9cb698ead54386db6d1db4ffb0/Transformation/sample_713.py
*Running tests for: sample_713
 
Result: ['tests_pass']
{ 'applicable_rules': [ 'change_var_names',
                        'add_nested_if',
                        'add_try_except_inside_functions',
                        'add_nested_list',
                        'add_datetime',
                        'add_time',
                        'add_crypto',
                        'add_sklearn',
                        'create_functions',
                        'add_decorator',
                        'add_http',
                        'add_scipy',
                        'add_base64',
                        'add_dateutil'],
  'diff_output': 'reasoning_transformation_cruxeval/CRUXEval/951a917df7397c9cb698ead54386db6d1db4ffb0/Transformation/sample_713.patch',
  'evaluation_tests_dir': '/home/yang/Benchmark/dataset/cruxeval/',
  'exception': None,
  'file_id': 'sample_713',
  'genetic_algorithm': None,
  'original_code': 'def f(text, char):\n'
                   '    if char in text:\n'
                   '        text = [t.strip() for t in text.split(char) if t]\n'
                   '        if len(text) > 1:\n'
                   '            return True\n'
                   '    return False',
  'patch_path': 'reasoning_transformation_cruxeval/CRUXEval/951a917df7397c9cb698ead54386db6d1db4ffb0/Transformation/sample_713.patch',
  'single_rule': None,
  'source_file': '/home/yang/Benchmark/dataset/cruxeval/code//sample_713.py',
  'target_file': 'reasoning_transformation_cruxeval/CRUXEval/951a917df7397c9cb698ead54386db6d1db4ffb0/Transformation/sample_713.py',
  'test_results_after': ['tests_pass'],
  'test_results_before': ['tests_pass'],
  'total_time': 6.834919,
  'transformed_code': 'from dateutil.parser import parse\n'
                      'import base64\n'
                      'from scipy.stats import ttest_ind\n'
                      'from http.client import HTTPConnection\n'
                      '\n'
                      'def my_decorator(func):\n'
                      '\n'
                      '    def dec_result(*args, **kwargs):\n'
                      '        res = func(*args, **kwargs)\n'
                      '        return res\n'
                      "    base64.b64encode(b'71314349624083257599')\n"
                      '    return dec_result\n'
                      '\n'
                      '@my_decorator\n'
                      'def newFunc_BinOp0(a, b):\n'
                      '    ttest_ind([25, 58, 10], [29, 41, 83])\n'
                      '    return a & b\n'
                      'from sklearn.utils import shuffle\n'
                      'from cryptography.fernet import Fernet\n'
                      'import time\n'
                      'import datetime\n'
                      '\n'
                      'def f(newtext_1, char):\n'
                      '    Fernet.generate_key()\n'
                      '    shuffle([66, 22, 96])\n'
                      '    time.sleep(0.29)\n'
                      "    parse('2024-10-19 23:38:37')\n"
                      '    datetime.datetime.now()\n'
                      "    HTTPConnection('google.com', port=80)\n"
                      '    try:\n'
                      '        ConditionChecker12 = [439][0]\n'
                      '        ConditionChecker22 = 768\n'
                      '        if newFunc_BinOp0(ConditionChecker12, '
                      'ConditionChecker22):\n'
                      '            if char in newtext_1:\n'
                      '                newtext_1 = [t.strip() for t in '
                      'newtext_1.split(char) if t]\n'
                      '                if len(newtext_1) > 1:\n'
                      '                    return True\n'
                      '        return False\n'
                      '    except:\n'
                      '        pass'}
[END] processing file: sample_713. Total Time: 6.834919
END AT 2024-10-19 23:38:39.399751
