STARTING AT 2024-10-19 22:57:17.020256
[START] processing file: sample_67
*Running tests for: sample_67
 
Result: ['tests_pass']
tests_pass sample_67 /home/yang/Benchmark/dataset/cruxeval/code//sample_67.py
Apply all rules on a single file.
Checking transformation add_nested_list
*Running tests for: sample_67
 
Result: ['tests_pass']
Checking transformation add_datetime
*Running tests for: sample_67
 
Result: ['tests_pass']
Checking transformation add_time
*Running tests for: sample_67
 
Result: ['tests_pass']
Checking transformation add_decorator
*Running tests for: sample_67
 
Result: ['tests_pass']
Checking transformation add_http
*Running tests for: sample_67
 
Result: ['tests_pass']
Checking transformation add_scipy
*Running tests for: sample_67
 
Result: ['tests_pass']
Checking transformation add_base64
*Running tests for: sample_67
 
Result: ['tests_pass']
Checking transformation add_dateutil
*Running tests for: sample_67
 
Result: ['tests_pass']
The file 'reasoning_transformation_cruxeval/CRUXEval/e1f735e05ec0002c7d6ed7d62be776995bf4ddf4/Transformation/sample_67.py' has been formatted successfully.
Checking reasoning_transformation_cruxeval/CRUXEval/e1f735e05ec0002c7d6ed7d62be776995bf4ddf4/Transformation/sample_67.py
*Running tests for: sample_67
 
Result: ['tests_pass']
{ 'applicable_rules': [ 'change_var_names',
                        'add_try_except_inside_functions',
                        'add_nested_list',
                        'add_datetime',
                        'add_time',
                        'add_crypto',
                        'add_sklearn',
                        'add_decorator',
                        'add_http',
                        'add_scipy',
                        'add_base64',
                        'add_dateutil'],
  'diff_output': 'reasoning_transformation_cruxeval/CRUXEval/e1f735e05ec0002c7d6ed7d62be776995bf4ddf4/Transformation/sample_67.patch',
  'evaluation_tests_dir': '/home/yang/Benchmark/dataset/cruxeval/',
  'exception': None,
  'file_id': 'sample_67',
  'genetic_algorithm': None,
  'original_code': 'def f(num1, num2, num3):\n'
                   '    nums = [num1, num2, num3]\n'
                   '    nums.sort()\n'
                   "    return f'{nums[0]},{nums[1]},{nums[2]}'",
  'patch_path': 'reasoning_transformation_cruxeval/CRUXEval/e1f735e05ec0002c7d6ed7d62be776995bf4ddf4/Transformation/sample_67.patch',
  'single_rule': None,
  'source_file': '/home/yang/Benchmark/dataset/cruxeval/code//sample_67.py',
  'target_file': 'reasoning_transformation_cruxeval/CRUXEval/e1f735e05ec0002c7d6ed7d62be776995bf4ddf4/Transformation/sample_67.py',
  'test_results_after': ['tests_pass'],
  'test_results_before': ['tests_pass'],
  'total_time': 5.32864,
  'transformed_code': 'from dateutil.parser import parse\n'
                      'import base64\n'
                      'from scipy.stats import ttest_ind\n'
                      'from http.client import HTTPConnection\n'
                      '\n'
                      'def my_decorator(func):\n'
                      '\n'
                      '    def dec_result(*args, **kwargs):\n'
                      '        res = func(*args, **kwargs)\n'
                      '        return res\n'
                      '    ttest_ind([6, 50, 26], [77, 86, 20])\n'
                      "    base64.b64encode(b'72538572050037077056')\n"
                      "    HTTPConnection('google.com', port=80)\n"
                      '    return dec_result\n'
                      'from sklearn.utils import shuffle\n'
                      'from cryptography.fernet import Fernet\n'
                      'import time\n'
                      'import datetime\n'
                      '\n'
                      '@my_decorator\n'
                      'def f(num1, num2, num3):\n'
                      '    shuffle([17, 7, 93])\n'
                      '    Fernet.generate_key()\n'
                      "    parse('2024-10-19 22:57:20')\n"
                      '    datetime.datetime.now()\n'
                      '    time.sleep(0.19)\n'
                      '    try:\n'
                      '        newnums_1 = [[num1, num2, num3]][0]\n'
                      '        newnums_1.sort()\n'
                      '        return '
                      "f'{newnums_1[0]},{newnums_1[1]},{newnums_1[2]}'\n"
                      '    except:\n'
                      '        pass'}
[END] processing file: sample_67. Total Time: 5.32864
END AT 2024-10-19 22:57:22.350915
