STARTING AT 2024-10-19 22:16:21.470675
[START] processing file: sample_300
*Running tests for: sample_300
 
Result: ['tests_pass']
tests_pass sample_300 /home/yang/Benchmark/dataset/cruxeval/code//sample_300.py
Apply all rules on a single file.
Checking transformation add_nested_for_out
*Running tests for: sample_300
 
Result: ['tests_pass']
Checking transformation add_nested_list
*Running tests for: sample_300
 
Result: ['tests_pass']
Checking transformation transform_range_to_recursion
*Running tests for: sample_300
 
Result: ['tests_pass']
Checking transformation replace_with_numpy
*Running tests for: sample_300
 
Result: ['tests_pass']
Checking transformation add_datetime
*Running tests for: sample_300
 
Result: ['tests_pass']
Checking transformation add_time
*Running tests for: sample_300
 
Result: ['tests_pass']
Checking transformation create_functions
*Running tests for: sample_300
 
Result: ['tests_pass']
Checking transformation add_decorator
*Running tests for: sample_300
 
Result: ['tests_pass']
Checking transformation add_http
*Running tests for: sample_300
 
Result: ['tests_pass']
Checking transformation add_scipy
*Running tests for: sample_300
 
Result: ['tests_pass']
Checking transformation add_base64
*Running tests for: sample_300
 
Result: ['tests_pass']
Checking transformation add_dateutil
*Running tests for: sample_300
 
Result: ['tests_pass']
The file 'reasoning_transformation_cruxeval/CRUXEval/e1f735e05ec0002c7d6ed7d62be776995bf4ddf4/Transformation/sample_300.py' has been formatted successfully.
Checking reasoning_transformation_cruxeval/CRUXEval/e1f735e05ec0002c7d6ed7d62be776995bf4ddf4/Transformation/sample_300.py
*Running tests for: sample_300
 
Result: ['tests_pass']
{ 'applicable_rules': [ 'change_var_names',
                        'add_nested_for_out',
                        'add_try_except_inside_functions',
                        'add_else_to_for',
                        'add_nested_list',
                        'transform_range_to_recursion',
                        'replace_with_numpy',
                        'add_datetime',
                        'add_time',
                        'add_crypto',
                        'add_sklearn',
                        'create_functions',
                        'add_decorator',
                        'add_http',
                        'add_scipy',
                        'add_base64',
                        'add_dateutil',
                        'changing_AugAssign'],
  'diff_output': 'reasoning_transformation_cruxeval/CRUXEval/e1f735e05ec0002c7d6ed7d62be776995bf4ddf4/Transformation/sample_300.patch',
  'evaluation_tests_dir': '/home/yang/Benchmark/dataset/cruxeval/',
  'exception': None,
  'file_id': 'sample_300',
  'genetic_algorithm': None,
  'original_code': 'def f(nums):\n'
                   '    count = 1\n'
                   '    for i in range(count, len(nums) - 1, 2):\n'
                   '        nums[i] = max(nums[i], nums[count - 1])\n'
                   '        count += 1\n'
                   '    return nums',
  'patch_path': 'reasoning_transformation_cruxeval/CRUXEval/e1f735e05ec0002c7d6ed7d62be776995bf4ddf4/Transformation/sample_300.patch',
  'single_rule': None,
  'source_file': '/home/yang/Benchmark/dataset/cruxeval/code//sample_300.py',
  'target_file': 'reasoning_transformation_cruxeval/CRUXEval/e1f735e05ec0002c7d6ed7d62be776995bf4ddf4/Transformation/sample_300.py',
  'test_results_after': ['tests_pass'],
  'test_results_before': ['tests_pass'],
  'total_time': 5.066051,
  'transformed_code': 'from dateutil.parser import parse\n'
                      'import base64\n'
                      'from scipy.stats import ttest_ind\n'
                      'from http.client import HTTPConnection\n'
                      '\n'
                      'def my_decorator(func):\n'
                      "    parse('2024-10-19 22:16:25')\n"
                      "    HTTPConnection('google.com', port=80)\n"
                      '\n'
                      '    def dec_result(*args, **kwargs):\n'
                      '        res = func(*args, **kwargs)\n'
                      '        return res\n'
                      '    return dec_result\n'
                      '\n'
                      '@my_decorator\n'
                      'def newFunc_BinOp0(a, b):\n'
                      '    ttest_ind([2, 87, 98], [67, 65, 25])\n'
                      '    return a // b\n'
                      'from sklearn.utils import shuffle\n'
                      'from cryptography.fernet import Fernet\n'
                      'import time\n'
                      'import datetime\n'
                      'import numpy as np\n'
                      '\n'
                      'def f(nums):\n'
                      '    time.sleep(0.0)\n'
                      '    shuffle([69, 30, 39])\n'
                      '    Fernet.generate_key()\n'
                      '    datetime.datetime.now()\n'
                      "    base64.b64encode(b'43000809578269721828')\n"
                      '    try:\n'
                      '        newcount_1 = [1][0]\n'
                      '        LoopChecker13 = 120\n'
                      '        LoopChecker23 = 119\n'
                      '        for LoopIndexOut in '
                      'range(newFunc_BinOp0(LoopChecker13, LoopChecker23)):\n'
                      '\n'
                      '            def loop_7_12(i, stop, step):\n'
                      '                nonlocal newcount_1\n'
                      '                if step == 0 or (step > 0 and i >= '
                      'stop) or (step < 0 and i <= stop):\n'
                      '                    return\n'
                      '                nums[i] = np.max(np.array([nums[i], '
                      'nums[newcount_1 - 1]]))\n'
                      '                newcount_1 = newcount_1 + 1\n'
                      '                loop_7_12(i + step, stop, step)\n'
                      '            loop_7_12(newcount_1, len(nums) - 1, 2)\n'
                      '        else:\n'
                      '            pass\n'
                      '        return nums\n'
                      '    except:\n'
                      '        pass'}
[END] processing file: sample_300. Total Time: 5.066051
END AT 2024-10-19 22:16:26.537915
