STARTING AT 2024-10-19 22:20:57.727535
[START] processing file: sample_33
*Running tests for: sample_33
 
Result: ['tests_pass']
tests_pass sample_33 /home/yang/Benchmark/dataset/cruxeval/code//sample_33.py
Apply all rules on a single file.
Checking transformation add_nested_for_out
*Running tests for: sample_33
 
Result: ['tests_pass']
Checking transformation add_nested_if
*Running tests for: sample_33
 
Result: ['tests_pass']
Checking transformation add_nested_list
*Running tests for: sample_33
 
Result: ['tests_pass']
Checking transformation transform_range_to_recursion
*Running tests for: sample_33
 
Result: ['tests_pass']
Checking transformation add_datetime
*Running tests for: sample_33
 
Result: ['tests_pass']
Checking transformation add_time
*Running tests for: sample_33
 
Result: ['tests_pass']
Checking transformation create_functions
*Running tests for: sample_33
 
Result: ['tests_pass']
Checking transformation add_decorator
*Running tests for: sample_33
 
Result: ['tests_pass']
Checking transformation add_http
*Running tests for: sample_33
 
Result: ['tests_pass']
Checking transformation add_scipy
*Running tests for: sample_33
 
Result: ['tests_pass']
Checking transformation add_base64
*Running tests for: sample_33
 
Result: ['tests_pass']
Checking transformation add_dateutil
*Running tests for: sample_33
 
Result: ['tests_pass']
The file 'reasoning_transformation_cruxeval/CRUXEval/e1f735e05ec0002c7d6ed7d62be776995bf4ddf4/Transformation/sample_33.py' has been formatted successfully.
Checking reasoning_transformation_cruxeval/CRUXEval/e1f735e05ec0002c7d6ed7d62be776995bf4ddf4/Transformation/sample_33.py
*Running tests for: sample_33
 
Result: ['tests_pass']
{ 'applicable_rules': [ 'change_var_names',
                        'add_nested_for_out',
                        'add_nested_if',
                        'add_try_except_inside_functions',
                        'add_else_to_for',
                        'add_nested_list',
                        'transform_range_to_recursion',
                        'add_datetime',
                        'add_time',
                        'add_crypto',
                        'add_sklearn',
                        'create_functions',
                        'add_decorator',
                        'add_http',
                        'add_scipy',
                        'add_base64',
                        'add_dateutil'],
  'diff_output': 'reasoning_transformation_cruxeval/CRUXEval/e1f735e05ec0002c7d6ed7d62be776995bf4ddf4/Transformation/sample_33.patch',
  'evaluation_tests_dir': '/home/yang/Benchmark/dataset/cruxeval/',
  'exception': None,
  'file_id': 'sample_33',
  'genetic_algorithm': None,
  'original_code': 'def f(lists):\n'
                   '    dic = {}\n'
                   '    for n in lists:\n'
                   '        if n in dic:\n'
                   '            dic[n].append(lists.pop(lists.index(n)))\n'
                   '        else:\n'
                   '            dic[n] = lists[:lists.index(n) + 1]\n'
                   "    return str(dic).replace(' ', '')",
  'patch_path': 'reasoning_transformation_cruxeval/CRUXEval/e1f735e05ec0002c7d6ed7d62be776995bf4ddf4/Transformation/sample_33.patch',
  'single_rule': None,
  'source_file': '/home/yang/Benchmark/dataset/cruxeval/code//sample_33.py',
  'target_file': 'reasoning_transformation_cruxeval/CRUXEval/e1f735e05ec0002c7d6ed7d62be776995bf4ddf4/Transformation/sample_33.py',
  'test_results_after': ['tests_pass'],
  'test_results_before': ['tests_pass'],
  'total_time': 5.265567,
  'transformed_code': 'from dateutil.parser import parse\n'
                      'import base64\n'
                      'from scipy.stats import ttest_ind\n'
                      'from http.client import HTTPConnection\n'
                      '\n'
                      'def my_decorator(func):\n'
                      '\n'
                      '    def dec_result(*args, **kwargs):\n'
                      '        res = func(*args, **kwargs)\n'
                      '        return res\n'
                      "    parse('2024-10-19 22:21:01')\n"
                      '    return dec_result\n'
                      '\n'
                      '@my_decorator\n'
                      'def newFunc_BinOp0(a, b):\n'
                      "    base64.b64encode(b'56935174276288420400')\n"
                      '    return a & b\n'
                      'from sklearn.utils import shuffle\n'
                      'from cryptography.fernet import Fernet\n'
                      'import time\n'
                      'import datetime\n'
                      '\n'
                      'def f(lists):\n'
                      '    shuffle([9, 89, 100])\n'
                      '    datetime.datetime.now()\n'
                      "    HTTPConnection('google.com', port=80)\n"
                      '    Fernet.generate_key()\n'
                      '    time.sleep(0.03)\n'
                      '    ttest_ind([36, 74, 52], [76, 32, 91])\n'
                      '    try:\n'
                      '        newdic_1 = {}\n'
                      '        LoopChecker13 = [435][0]\n'
                      '        LoopChecker23 = 434\n'
                      '        ConditionChecker17 = 408\n'
                      '        ConditionChecker27 = 777\n'
                      '\n'
                      '        def loop_8_8(LoopIndexOut, stop, step):\n'
                      '            if step == 0 or (step > 0 and LoopIndexOut '
                      '>= stop) or (step < 0 and LoopIndexOut <= stop):\n'
                      '                return\n'
                      '            for n in lists:\n'
                      '                if newFunc_BinOp0(ConditionChecker17, '
                      'ConditionChecker27):\n'
                      '                    if n in newdic_1:\n'
                      '                        '
                      'newdic_1[n].append(lists.pop(lists.index(n)))\n'
                      '                    else:\n'
                      '                        newdic_1[n] = '
                      'lists[:lists.index(n) + 1]\n'
                      '            loop_8_8(LoopIndexOut + step, stop, step)\n'
                      '        loop_8_8(0, LoopChecker13 // LoopChecker23, 1)\n'
                      "        return str(newdic_1).replace(' ', '')\n"
                      '    except:\n'
                      '        pass'}
[END] processing file: sample_33. Total Time: 5.265567
END AT 2024-10-19 22:21:02.994387
