STARTING AT 2024-10-19 23:42:24.040342
[START] processing file: sample_87
*Running tests for: sample_87
 
Result: ['tests_pass']
tests_pass sample_87 /home/yang/Benchmark/dataset/cruxeval/code//sample_87.py
Apply all rules on a single file.
Checking transformation add_datetime
*Running tests for: sample_87
 
Result: ['tests_pass']
Checking transformation add_time
*Running tests for: sample_87
 
Result: ['tests_pass']
Checking transformation add_decorator
*Running tests for: sample_87
 
Result: ['tests_pass']
Checking transformation add_http
*Running tests for: sample_87
 
Result: ['tests_pass']
Checking transformation add_scipy
*Running tests for: sample_87
 
Result: ['tests_pass']
Checking transformation add_base64
*Running tests for: sample_87
 
Result: ['tests_pass']
Checking transformation add_dateutil
*Running tests for: sample_87
 
Result: ['tests_pass']
The file 'reasoning_transformation_cruxeval/CRUXEval/951a917df7397c9cb698ead54386db6d1db4ffb0/Transformation/sample_87.py' has been formatted successfully.
Checking reasoning_transformation_cruxeval/CRUXEval/951a917df7397c9cb698ead54386db6d1db4ffb0/Transformation/sample_87.py
*Running tests for: sample_87
 
Result: ['tests_pass']
{ 'applicable_rules': [ 'add_try_except_inside_functions',
                        'add_datetime',
                        'add_time',
                        'add_crypto',
                        'add_sklearn',
                        'add_decorator',
                        'add_http',
                        'add_scipy',
                        'add_base64',
                        'add_dateutil'],
  'diff_output': 'reasoning_transformation_cruxeval/CRUXEval/951a917df7397c9cb698ead54386db6d1db4ffb0/Transformation/sample_87.patch',
  'evaluation_tests_dir': '/home/yang/Benchmark/dataset/cruxeval/',
  'exception': None,
  'file_id': 'sample_87',
  'genetic_algorithm': None,
  'original_code': 'def f(nums):\n'
                   '    nums.reverse()\n'
                   "    return ''.join(map(str, nums))",
  'patch_path': 'reasoning_transformation_cruxeval/CRUXEval/951a917df7397c9cb698ead54386db6d1db4ffb0/Transformation/sample_87.patch',
  'single_rule': None,
  'source_file': '/home/yang/Benchmark/dataset/cruxeval/code//sample_87.py',
  'target_file': 'reasoning_transformation_cruxeval/CRUXEval/951a917df7397c9cb698ead54386db6d1db4ffb0/Transformation/sample_87.py',
  'test_results_after': ['tests_pass'],
  'test_results_before': ['tests_pass'],
  'total_time': 5.190269,
  'transformed_code': 'from dateutil.parser import parse\n'
                      'import base64\n'
                      'from scipy.stats import ttest_ind\n'
                      'from http.client import HTTPConnection\n'
                      '\n'
                      'def my_decorator(func):\n'
                      '\n'
                      '    def dec_result(*args, **kwargs):\n'
                      '        res = func(*args, **kwargs)\n'
                      '        return res\n'
                      "    HTTPConnection('google.com', port=80)\n"
                      '    return dec_result\n'
                      'from sklearn.utils import shuffle\n'
                      'from cryptography.fernet import Fernet\n'
                      'import time\n'
                      'import datetime\n'
                      '\n'
                      '@my_decorator\n'
                      'def f(nums):\n'
                      '    ttest_ind([61, 12, 30], [71, 24, 90])\n'
                      "    parse('2024-10-19 23:42:27')\n"
                      "    base64.b64encode(b'46117295210832023962')\n"
                      '    shuffle([13, 48, 98])\n'
                      '    time.sleep(0.18)\n'
                      '    Fernet.generate_key()\n'
                      '    datetime.datetime.now()\n'
                      '    try:\n'
                      '        nums.reverse()\n'
                      "        return ''.join(map(str, nums))\n"
                      '    except:\n'
                      '        pass'}
[END] processing file: sample_87. Total Time: 5.190269
END AT 2024-10-19 23:42:29.232529
