STARTING AT 2024-10-19 22:37:01.946508
[START] processing file: sample_476
*Running tests for: sample_476
 
Result: ['tests_pass']
tests_pass sample_476 /home/yang/Benchmark/dataset/cruxeval/code//sample_476.py
Apply all rules on a single file.
Checking transformation add_nested_for_out
*Running tests for: sample_476
 
Result: ['tests_pass']
Checking transformation add_nested_if
*Running tests for: sample_476
 
Result: ['tests_pass']
Checking transformation add_nested_list
*Running tests for: sample_476
 
Result: ['tests_pass']
Checking transformation transform_range_to_recursion
*Running tests for: sample_476
 
Result: ['tests_pass']
Checking transformation add_datetime
*Running tests for: sample_476
 
Result: ['tests_pass']
Checking transformation add_time
*Running tests for: sample_476
 
Result: ['tests_pass']
Checking transformation create_functions
*Running tests for: sample_476
 
Result: ['tests_pass']
Checking transformation add_decorator
*Running tests for: sample_476
 
Result: ['tests_pass']
Checking transformation add_http
*Running tests for: sample_476
 
Result: ['tests_pass']
Checking transformation add_scipy
*Running tests for: sample_476
 
Result: ['tests_pass']
Checking transformation add_base64
*Running tests for: sample_476
 
Result: ['tests_pass']
Checking transformation add_dateutil
*Running tests for: sample_476
 
Result: ['tests_pass']
The file 'reasoning_transformation_cruxeval/CRUXEval/e1f735e05ec0002c7d6ed7d62be776995bf4ddf4/Transformation/sample_476.py' has been formatted successfully.
Checking reasoning_transformation_cruxeval/CRUXEval/e1f735e05ec0002c7d6ed7d62be776995bf4ddf4/Transformation/sample_476.py
*Running tests for: sample_476
 
Result: ['tests_pass']
{ 'applicable_rules': [ 'change_var_names',
                        'add_nested_for_out',
                        'add_nested_if',
                        'add_try_except_inside_functions',
                        'add_else_to_for',
                        'add_nested_list',
                        'transform_range_to_recursion',
                        'add_datetime',
                        'add_time',
                        'add_crypto',
                        'add_sklearn',
                        'create_functions',
                        'add_decorator',
                        'add_http',
                        'add_scipy',
                        'add_base64',
                        'add_dateutil'],
  'diff_output': 'reasoning_transformation_cruxeval/CRUXEval/e1f735e05ec0002c7d6ed7d62be776995bf4ddf4/Transformation/sample_476.patch',
  'evaluation_tests_dir': '/home/yang/Benchmark/dataset/cruxeval/',
  'exception': None,
  'file_id': 'sample_476',
  'genetic_algorithm': None,
  'original_code': 'def f(a, split_on):\n'
                   '    t = a.split()\n'
                   '    a = []\n'
                   '    for i in t:\n'
                   '        for j in i:\n'
                   '            a.append(j)\n'
                   '    if split_on in a:\n'
                   '        return True\n'
                   '    else:\n'
                   '        return False',
  'patch_path': 'reasoning_transformation_cruxeval/CRUXEval/e1f735e05ec0002c7d6ed7d62be776995bf4ddf4/Transformation/sample_476.patch',
  'single_rule': None,
  'source_file': '/home/yang/Benchmark/dataset/cruxeval/code//sample_476.py',
  'target_file': 'reasoning_transformation_cruxeval/CRUXEval/e1f735e05ec0002c7d6ed7d62be776995bf4ddf4/Transformation/sample_476.py',
  'test_results_after': ['tests_pass'],
  'test_results_before': ['tests_pass'],
  'total_time': 6.147979,
  'transformed_code': 'from dateutil.parser import parse\n'
                      'import base64\n'
                      'from scipy.stats import ttest_ind\n'
                      'from http.client import HTTPConnection\n'
                      '\n'
                      'def my_decorator(func):\n'
                      '\n'
                      '    def dec_result(*args, **kwargs):\n'
                      '        res = func(*args, **kwargs)\n'
                      '        return res\n'
                      "    base64.b64encode(b'59622403144226663062')\n"
                      '    return dec_result\n'
                      '\n'
                      '@my_decorator\n'
                      'def newFunc_BinOp0(a, b):\n'
                      "    HTTPConnection('google.com', port=80)\n"
                      '    return a + b\n'
                      'from sklearn.utils import shuffle\n'
                      'from cryptography.fernet import Fernet\n'
                      'import time\n'
                      'import datetime\n'
                      '\n'
                      'def f(a, split_on):\n'
                      '    ttest_ind([41, 6, 25], [14, 7, 52])\n'
                      '    datetime.datetime.now()\n'
                      "    parse('2024-10-19 22:37:06')\n"
                      '    Fernet.generate_key()\n'
                      '    time.sleep(0.19)\n'
                      '    shuffle([73, 54, 79])\n'
                      '    try:\n'
                      '        ConditionChecker110 = [271][0]\n'
                      '        ConditionChecker210 = 932\n'
                      '        newt_1 = a.split()\n'
                      '        a = []\n'
                      '        LoopChecker14 = 274\n'
                      '        LoopChecker24 = 273\n'
                      '\n'
                      '        def loop_9_8(LoopIndexOut, stop, step):\n'
                      '            if step == 0 or (step > 0 and LoopIndexOut '
                      '>= stop) or (step < 0 and LoopIndexOut <= stop):\n'
                      '                return\n'
                      '            for i in newt_1:\n'
                      '                for j in i:\n'
                      '                    a.append(j)\n'
                      '            loop_9_8(newFunc_BinOp0(LoopIndexOut, '
                      'step), stop, step)\n'
                      '        loop_9_8(0, LoopChecker14 // LoopChecker24, 1)\n'
                      '        if ConditionChecker110 & ConditionChecker210:\n'
                      '            if split_on in a:\n'
                      '                return True\n'
                      '            else:\n'
                      '                return False\n'
                      '    except:\n'
                      '        pass'}
[END] processing file: sample_476. Total Time: 6.147979
END AT 2024-10-19 22:37:08.095854
