STARTING AT 2024-10-19 22:07:54.931492
[START] processing file: sample_230
*Running tests for: sample_230
 
Result: ['tests_pass']
tests_pass sample_230 /home/yang/Benchmark/dataset/cruxeval/code//sample_230.py
Apply all rules on a single file.
Checking transformation add_nested_while_out
*Running tests for: sample_230
 
Result: ['tests_pass']
Checking transformation add_nested_if
*Running tests for: sample_230
 
Result: ['tests_pass']
Checking transformation add_nested_list
*Running tests for: sample_230
 
Result: ['tests_pass']
Checking transformation add_datetime
*Running tests for: sample_230
 
Result: ['tests_pass']
Checking transformation add_time
*Running tests for: sample_230
 
Result: ['tests_pass']
Checking transformation create_functions
*Running tests for: sample_230
 
Result: ['tests_pass']
Checking transformation add_decorator
*Running tests for: sample_230
 
Result: ['tests_pass']
Checking transformation add_http
*Running tests for: sample_230
 
Result: ['tests_pass']
Checking transformation add_scipy
*Running tests for: sample_230
 
Result: ['tests_pass']
Checking transformation add_base64
*Running tests for: sample_230
 
Result: ['tests_pass']
Checking transformation add_dateutil
*Running tests for: sample_230
 
Result: ['tests_pass']
The file 'reasoning_transformation_cruxeval/CRUXEval/e1f735e05ec0002c7d6ed7d62be776995bf4ddf4/Transformation/sample_230.py' has been formatted successfully.
Checking reasoning_transformation_cruxeval/CRUXEval/e1f735e05ec0002c7d6ed7d62be776995bf4ddf4/Transformation/sample_230.py
*Running tests for: sample_230
 
Result: ['tests_pass']
{ 'applicable_rules': [ 'change_var_names',
                        'add_nested_while_out',
                        'add_nested_if',
                        'add_try_except_inside_functions',
                        'add_else_to_while',
                        'add_nested_list',
                        'add_datetime',
                        'add_time',
                        'add_crypto',
                        'add_sklearn',
                        'create_functions',
                        'add_decorator',
                        'add_http',
                        'add_scipy',
                        'add_base64',
                        'add_dateutil',
                        'changing_AugAssign'],
  'diff_output': 'reasoning_transformation_cruxeval/CRUXEval/e1f735e05ec0002c7d6ed7d62be776995bf4ddf4/Transformation/sample_230.patch',
  'evaluation_tests_dir': '/home/yang/Benchmark/dataset/cruxeval/',
  'exception': None,
  'file_id': 'sample_230',
  'genetic_algorithm': None,
  'original_code': 'def f(text):\n'
                   "    result = ''\n"
                   '    i = len(text) - 1\n'
                   '    while i >= 0:\n'
                   '        c = text[i]\n'
                   '        if c.isalpha():\n'
                   '            result += c\n'
                   '        i -= 1\n'
                   '    return result',
  'patch_path': 'reasoning_transformation_cruxeval/CRUXEval/e1f735e05ec0002c7d6ed7d62be776995bf4ddf4/Transformation/sample_230.patch',
  'single_rule': None,
  'source_file': '/home/yang/Benchmark/dataset/cruxeval/code//sample_230.py',
  'target_file': 'reasoning_transformation_cruxeval/CRUXEval/e1f735e05ec0002c7d6ed7d62be776995bf4ddf4/Transformation/sample_230.py',
  'test_results_after': ['tests_pass'],
  'test_results_before': ['tests_pass'],
  'total_time': 5.325506,
  'transformed_code': 'from dateutil.parser import parse\n'
                      'import base64\n'
                      'from scipy.stats import ttest_ind\n'
                      'from http.client import HTTPConnection\n'
                      '\n'
                      'def my_decorator(func):\n'
                      '\n'
                      '    def dec_result(*args, **kwargs):\n'
                      '        res = func(*args, **kwargs)\n'
                      '        return res\n'
                      "    HTTPConnection('google.com', port=80)\n"
                      "    parse('2024-10-19 22:07:58')\n"
                      '    ttest_ind([69, 72, 44], [42, 77, 49])\n'
                      "    base64.b64encode(b'88169286599119566513')\n"
                      '    return dec_result\n'
                      '\n'
                      '@my_decorator\n'
                      'def newFunc0_13(len, text, variable_3_13):\n'
                      '    return len(text) - variable_3_13\n'
                      'from sklearn.utils import shuffle\n'
                      'from cryptography.fernet import Fernet\n'
                      'import time\n'
                      'import datetime\n'
                      '\n'
                      'def f(text):\n'
                      '    datetime.datetime.now()\n'
                      '    shuffle([92, 81, 6])\n'
                      '    time.sleep(0.1)\n'
                      '    Fernet.generate_key()\n'
                      '    try:\n'
                      "        result = [''][0]\n"
                      '        variable_3_13 = 1\n'
                      '        newi_1 = newFunc0_13(len, text, variable_3_13)\n'
                      '        whileloopchecker14 = 277\n'
                      '        whileloopchecker24 = 276\n'
                      '        while whileloopchecker14 % whileloopchecker24 '
                      '== 1:\n'
                      '            whileloopchecker14 = whileloopchecker14 + '
                      '1\n'
                      '            while newi_1 >= 0:\n'
                      '                ConditionChecker110 = 718\n'
                      '                ConditionChecker210 = 290\n'
                      '                c = text[newi_1]\n'
                      '                if ConditionChecker110 & '
                      'ConditionChecker210:\n'
                      '                    if c.isalpha():\n'
                      '                        result += c\n'
                      '                newi_1 -= 1\n'
                      '        else:\n'
                      '            pass\n'
                      '        return result\n'
                      '    except:\n'
                      '        pass'}
[END] processing file: sample_230. Total Time: 5.325506
END AT 2024-10-19 22:08:00.258154
