STARTING AT 2024-10-19 23:38:02.343708
[START] processing file: sample_643
*Running tests for: sample_643
 
Result: ['tests_pass']
tests_pass sample_643 /home/yang/Benchmark/dataset/cruxeval/code//sample_643.py
Apply all rules on a single file.
Checking transformation add_nested_if
*Running tests for: sample_643
 
Result: ['tests_pass']
Checking transformation add_nested_list
*Running tests for: sample_643
 
Result: ['tests_pass']
Checking transformation add_datetime
*Running tests for: sample_643
 
Result: ['tests_pass']
Checking transformation add_time
*Running tests for: sample_643
 
Result: ['tests_pass']
Checking transformation create_functions
*Running tests for: sample_643
 
Result: ['tests_pass']
Checking transformation add_decorator
*Running tests for: sample_643
 
Result: ['tests_pass']
Checking transformation add_http
*Running tests for: sample_643
 
Result: ['tests_pass']
Checking transformation add_scipy
*Running tests for: sample_643
 
Result: ['tests_pass']
Checking transformation add_base64
*Running tests for: sample_643
 
Result: ['tests_pass']
Checking transformation add_dateutil
*Running tests for: sample_643
 
Result: ['tests_pass']
The file 'reasoning_transformation_cruxeval/CRUXEval/951a917df7397c9cb698ead54386db6d1db4ffb0/Transformation/sample_643.py' has been formatted successfully.
Checking reasoning_transformation_cruxeval/CRUXEval/951a917df7397c9cb698ead54386db6d1db4ffb0/Transformation/sample_643.py
*Running tests for: sample_643
 
Result: ['tests_pass']
{ 'applicable_rules': [ 'change_var_names',
                        'add_nested_if',
                        'add_try_except_inside_functions',
                        'add_nested_list',
                        'add_datetime',
                        'add_time',
                        'add_crypto',
                        'add_sklearn',
                        'create_functions',
                        'add_decorator',
                        'add_http',
                        'add_scipy',
                        'add_base64',
                        'add_dateutil'],
  'diff_output': 'reasoning_transformation_cruxeval/CRUXEval/951a917df7397c9cb698ead54386db6d1db4ffb0/Transformation/sample_643.patch',
  'evaluation_tests_dir': '/home/yang/Benchmark/dataset/cruxeval/',
  'exception': None,
  'file_id': 'sample_643',
  'genetic_algorithm': None,
  'original_code': 'def f(text, suffix):\n'
                   '    if text.endswith(suffix):\n'
                   '        text = text[:-1] + text[-1:].swapcase()\n'
                   '    return text',
  'patch_path': 'reasoning_transformation_cruxeval/CRUXEval/951a917df7397c9cb698ead54386db6d1db4ffb0/Transformation/sample_643.patch',
  'single_rule': None,
  'source_file': '/home/yang/Benchmark/dataset/cruxeval/code//sample_643.py',
  'target_file': 'reasoning_transformation_cruxeval/CRUXEval/951a917df7397c9cb698ead54386db6d1db4ffb0/Transformation/sample_643.py',
  'test_results_after': ['tests_pass'],
  'test_results_before': ['tests_pass'],
  'total_time': 4.952287,
  'transformed_code': 'from dateutil.parser import parse\n'
                      'import base64\n'
                      'from scipy.stats import ttest_ind\n'
                      'from http.client import HTTPConnection\n'
                      '\n'
                      'def my_decorator(func):\n'
                      "    HTTPConnection('google.com', port=80)\n"
                      '\n'
                      '    def dec_result(*args, **kwargs):\n'
                      '        res = func(*args, **kwargs)\n'
                      '        return res\n'
                      '    return dec_result\n'
                      '\n'
                      '@my_decorator\n'
                      'def newFunc0_16(variable_1_16, variable_10_16):\n'
                      "    base64.b64encode(b'35117444824077005920')\n"
                      '    return variable_1_16 + variable_10_16.swapcase()\n'
                      'from sklearn.utils import shuffle\n'
                      'from cryptography.fernet import Fernet\n'
                      'import time\n'
                      'import datetime\n'
                      '\n'
                      'def f(newtext_1, suffix):\n'
                      '    Fernet.generate_key()\n'
                      '    ttest_ind([37, 86, 8], [13, 86, 36])\n'
                      "    parse('2024-10-19 23:38:05')\n"
                      '    time.sleep(0.06)\n'
                      '    datetime.datetime.now()\n'
                      '    shuffle([88, 12, 70])\n'
                      '    try:\n'
                      '        ConditionChecker12 = [678][0]\n'
                      '        ConditionChecker22 = 906\n'
                      '        if ConditionChecker12 & ConditionChecker22:\n'
                      '            if newtext_1.endswith(suffix):\n'
                      '                variable_1_16 = newtext_1[:-1]\n'
                      '                variable_10_16 = newtext_1[-1:]\n'
                      '                newtext_1 = newFunc0_16(variable_1_16, '
                      'variable_10_16)\n'
                      '        return newtext_1\n'
                      '    except:\n'
                      '        pass'}
[END] processing file: sample_643. Total Time: 4.952287
END AT 2024-10-19 23:38:07.297912
