STARTING AT 2024-10-19 22:49:45.114016
[START] processing file: sample_602
*Running tests for: sample_602
 
Result: ['tests_pass']
tests_pass sample_602 /home/yang/Benchmark/dataset/cruxeval/code//sample_602.py
Apply all rules on a single file.
Checking transformation add_datetime
*Running tests for: sample_602
 
Result: ['tests_pass']
Checking transformation add_time
*Running tests for: sample_602
 
Result: ['tests_pass']
def newFunc_64922(arg0, arg1):
    return arg0 * arg1
Checking transformation create_functions
*Running tests for: sample_602
 
Result: ['tests_pass']
Checking transformation add_decorator
*Running tests for: sample_602
 
Result: ['tests_pass']
Checking transformation add_http
*Running tests for: sample_602
 
Result: ['tests_pass']
Checking transformation add_scipy
*Running tests for: sample_602
 
Result: ['tests_pass']
Checking transformation add_base64
*Running tests for: sample_602
 
Result: ['tests_pass']
Checking transformation add_dateutil
*Running tests for: sample_602
 
Result: ['tests_pass']
The file 'reasoning_transformation_cruxeval/CRUXEval/e1f735e05ec0002c7d6ed7d62be776995bf4ddf4/Transformation/sample_602.py' has been formatted successfully.
Checking reasoning_transformation_cruxeval/CRUXEval/e1f735e05ec0002c7d6ed7d62be776995bf4ddf4/Transformation/sample_602.py
*Running tests for: sample_602
 
Result: ['tests_pass']
{ 'applicable_rules': [ 'change_var_names',
                        'add_try_except_inside_functions',
                        'add_datetime',
                        'add_time',
                        'add_crypto',
                        'add_sklearn',
                        'create_functions',
                        'add_decorator',
                        'add_http',
                        'add_scipy',
                        'add_base64',
                        'add_dateutil'],
  'diff_output': 'reasoning_transformation_cruxeval/CRUXEval/e1f735e05ec0002c7d6ed7d62be776995bf4ddf4/Transformation/sample_602.patch',
  'evaluation_tests_dir': '/home/yang/Benchmark/dataset/cruxeval/',
  'exception': None,
  'file_id': 'sample_602',
  'genetic_algorithm': None,
  'original_code': 'def f(nums, target):\n'
                   '    cnt = nums.count(target)\n'
                   '    return cnt * 2',
  'patch_path': 'reasoning_transformation_cruxeval/CRUXEval/e1f735e05ec0002c7d6ed7d62be776995bf4ddf4/Transformation/sample_602.patch',
  'single_rule': None,
  'source_file': '/home/yang/Benchmark/dataset/cruxeval/code//sample_602.py',
  'target_file': 'reasoning_transformation_cruxeval/CRUXEval/e1f735e05ec0002c7d6ed7d62be776995bf4ddf4/Transformation/sample_602.py',
  'test_results_after': ['tests_pass'],
  'test_results_before': ['tests_pass'],
  'total_time': 5.477973,
  'transformed_code': 'from dateutil.parser import parse\n'
                      'import base64\n'
                      'from scipy.stats import ttest_ind\n'
                      'from http.client import HTTPConnection\n'
                      '\n'
                      'def my_decorator(func):\n'
                      "    parse('2024-10-19 22:49:49')\n"
                      '\n'
                      '    def dec_result(*args, **kwargs):\n'
                      '        res = func(*args, **kwargs)\n'
                      '        return res\n'
                      "    HTTPConnection('google.com', port=80)\n"
                      '    return dec_result\n'
                      '\n'
                      '@my_decorator\n'
                      'def newFunc_64922(arg0, arg1):\n'
                      "    base64.b64encode(b'59621299918552896921')\n"
                      '    return arg0 * arg1\n'
                      'from sklearn.utils import shuffle\n'
                      'from cryptography.fernet import Fernet\n'
                      'import time\n'
                      'import datetime\n'
                      '\n'
                      'def f(nums, target):\n'
                      '    datetime.datetime.now()\n'
                      '    Fernet.generate_key()\n'
                      '    time.sleep(0.13)\n'
                      '    ttest_ind([92, 68, 89], [42, 71, 39])\n'
                      '    shuffle([10, 34, 55])\n'
                      '    try:\n'
                      '        newcnt_1 = nums.count(target)\n'
                      '        return newFunc_64922(newcnt_1, 2)\n'
                      '    except:\n'
                      '        pass'}
[END] processing file: sample_602. Total Time: 5.477973
END AT 2024-10-19 22:49:50.593010
