STARTING AT 2024-10-19 22:41:57.302534
[START] processing file: sample_528
*Running tests for: sample_528
 
Result: ['tests_pass']
tests_pass sample_528 /home/yang/Benchmark/dataset/cruxeval/code//sample_528.py
Apply all rules on a single file.
Checking transformation add_nested_for_out
*Running tests for: sample_528
 
Result: ['tests_pass']
Checking transformation add_nested_if
*Running tests for: sample_528
 
Result: ['tests_pass']
Checking transformation add_nested_list
*Running tests for: sample_528
 
Result: ['tests_pass']
Checking transformation transform_range_to_recursion
*Running tests for: sample_528
 Traceback (most recent call last):
  File "/home/yang/Benchmark/.tmp_test/tmp_test.pysample_528", line 24, in <module>
    assert f('papeluchis') == 2
AssertionError

output_actual, stderr_data: ('', b'Traceback (most recent call last):\n  File "/home/yang/Benchmark/.tmp_test/tmp_test.pysample_528", line 24, in <module>\n    assert f(\'papeluchis\') == 2\nAssertionError\n')
Result: ['error_or_timeout']
Drop transform_range_to_recursion due to ['error_or_timeout']
Checking transformation add_datetime
*Running tests for: sample_528
 
Result: ['tests_pass']
Checking transformation add_time
*Running tests for: sample_528
 
Result: ['tests_pass']
Checking transformation create_functions
*Running tests for: sample_528
 
Result: ['tests_pass']
Checking transformation add_decorator
*Running tests for: sample_528
 
Result: ['tests_pass']
Checking transformation add_http
*Running tests for: sample_528
 
Result: ['tests_pass']
Checking transformation add_scipy
*Running tests for: sample_528
 
Result: ['tests_pass']
Checking transformation add_base64
*Running tests for: sample_528
 
Result: ['tests_pass']
Checking transformation add_dateutil
*Running tests for: sample_528
 
Result: ['tests_pass']
The file 'reasoning_transformation_cruxeval/CRUXEval/e1f735e05ec0002c7d6ed7d62be776995bf4ddf4/Transformation/sample_528.py' has been formatted successfully.
Checking reasoning_transformation_cruxeval/CRUXEval/e1f735e05ec0002c7d6ed7d62be776995bf4ddf4/Transformation/sample_528.py
*Running tests for: sample_528
 
Result: ['tests_pass']
{ 'applicable_rules': [ 'change_var_names',
                        'add_nested_for_out',
                        'add_nested_if',
                        'add_try_except_inside_functions',
                        'add_else_to_for',
                        'add_nested_list',
                        'add_datetime',
                        'add_time',
                        'add_crypto',
                        'add_sklearn',
                        'create_functions',
                        'add_decorator',
                        'add_http',
                        'add_scipy',
                        'add_base64',
                        'add_dateutil'],
  'diff_output': 'reasoning_transformation_cruxeval/CRUXEval/e1f735e05ec0002c7d6ed7d62be776995bf4ddf4/Transformation/sample_528.patch',
  'evaluation_tests_dir': '/home/yang/Benchmark/dataset/cruxeval/',
  'exception': None,
  'file_id': 'sample_528',
  'genetic_algorithm': None,
  'original_code': 'def f(s):\n'
                   "    b = ''\n"
                   "    c = ''\n"
                   '    for i in s:\n'
                   '        c = c + i\n'
                   '        if s.rfind(c) > -1:\n'
                   '            return s.rfind(c)\n'
                   '    return 0',
  'patch_path': 'reasoning_transformation_cruxeval/CRUXEval/e1f735e05ec0002c7d6ed7d62be776995bf4ddf4/Transformation/sample_528.patch',
  'single_rule': None,
  'source_file': '/home/yang/Benchmark/dataset/cruxeval/code//sample_528.py',
  'target_file': 'reasoning_transformation_cruxeval/CRUXEval/e1f735e05ec0002c7d6ed7d62be776995bf4ddf4/Transformation/sample_528.py',
  'test_results_after': ['tests_pass'],
  'test_results_before': ['tests_pass'],
  'total_time': 6.734088,
  'transformed_code': 'from dateutil.parser import parse\n'
                      'import base64\n'
                      'from scipy.stats import ttest_ind\n'
                      'from http.client import HTTPConnection\n'
                      '\n'
                      'def my_decorator(func):\n'
                      "    parse('2024-10-19 22:42:02')\n"
                      '\n'
                      '    def dec_result(*args, **kwargs):\n'
                      '        res = func(*args, **kwargs)\n'
                      '        return res\n'
                      '    return dec_result\n'
                      '\n'
                      '@my_decorator\n'
                      'def newFunc0_20(newc_1, i):\n'
                      "    base64.b64encode(b'34010649523073331349')\n"
                      '    ttest_ind([1, 17, 81], [55, 32, 59])\n'
                      '    return newc_1 + i\n'
                      'from sklearn.utils import shuffle\n'
                      'from cryptography.fernet import Fernet\n'
                      'import time\n'
                      'import datetime\n'
                      '\n'
                      'def f(s):\n'
                      '    time.sleep(0.27)\n'
                      '    datetime.datetime.now()\n'
                      "    HTTPConnection('google.com', port=80)\n"
                      '    shuffle([61, 44, 96])\n'
                      '    Fernet.generate_key()\n'
                      '    try:\n'
                      "        b = [''][0]\n"
                      "        newc_1 = ''\n"
                      '        LoopChecker14 = 269\n'
                      '        LoopChecker24 = 268\n'
                      '        ConditionChecker19 = 348\n'
                      '        ConditionChecker29 = 285\n'
                      '        for LoopIndexOut in range(LoopChecker14 // '
                      'LoopChecker24):\n'
                      '            for i in s:\n'
                      '                newc_1 = newFunc0_20(newc_1, i)\n'
                      '                if ConditionChecker19 & '
                      'ConditionChecker29:\n'
                      '                    if s.rfind(newc_1) > -1:\n'
                      '                        return s.rfind(newc_1)\n'
                      '        else:\n'
                      '            pass\n'
                      '        return 0\n'
                      '    except:\n'
                      '        pass'}
[END] processing file: sample_528. Total Time: 6.734088
END AT 2024-10-19 22:42:04.037868
