STARTING AT 2024-10-19 22:56:17.768794
[START] processing file: sample_671
*Running tests for: sample_671
 
Result: ['tests_pass']
tests_pass sample_671 /home/yang/Benchmark/dataset/cruxeval/code//sample_671.py
Apply all rules on a single file.
Checking transformation add_nested_for_out
*Running tests for: sample_671
 
Result: ['tests_pass']
Checking transformation add_nested_list
*Running tests for: sample_671
 
Result: ['tests_pass']
Checking transformation transform_range_to_recursion
*Running tests for: sample_671
 
Result: ['tests_pass']
Checking transformation add_datetime
*Running tests for: sample_671
 
Result: ['tests_pass']
Checking transformation add_time
*Running tests for: sample_671
 
Result: ['tests_pass']
Checking transformation create_functions
*Running tests for: sample_671
 
Result: ['tests_pass']
Checking transformation add_decorator
*Running tests for: sample_671
 
Result: ['tests_pass']
Checking transformation add_http
*Running tests for: sample_671
 
Result: ['tests_pass']
Checking transformation add_scipy
*Running tests for: sample_671
 
Result: ['tests_pass']
Checking transformation add_base64
*Running tests for: sample_671
 
Result: ['tests_pass']
Checking transformation add_dateutil
*Running tests for: sample_671
 
Result: ['tests_pass']
The file 'reasoning_transformation_cruxeval/CRUXEval/e1f735e05ec0002c7d6ed7d62be776995bf4ddf4/Transformation/sample_671.py' has been formatted successfully.
Checking reasoning_transformation_cruxeval/CRUXEval/e1f735e05ec0002c7d6ed7d62be776995bf4ddf4/Transformation/sample_671.py
*Running tests for: sample_671
 
Result: ['tests_pass']
{ 'applicable_rules': [ 'change_var_names',
                        'add_nested_for_out',
                        'add_try_except_inside_functions',
                        'add_else_to_for',
                        'add_nested_list',
                        'transform_range_to_recursion',
                        'add_datetime',
                        'add_time',
                        'add_crypto',
                        'add_sklearn',
                        'create_functions',
                        'add_decorator',
                        'add_http',
                        'add_scipy',
                        'add_base64',
                        'add_dateutil'],
  'diff_output': 'reasoning_transformation_cruxeval/CRUXEval/e1f735e05ec0002c7d6ed7d62be776995bf4ddf4/Transformation/sample_671.patch',
  'evaluation_tests_dir': '/home/yang/Benchmark/dataset/cruxeval/',
  'exception': None,
  'file_id': 'sample_671',
  'genetic_algorithm': None,
  'original_code': 'def f(text, char1, char2):\n'
                   '    t1a = []\n'
                   '    t2a = []\n'
                   '    for i in range(len(char1)):\n'
                   '        t1a.append(char1[i])\n'
                   '        t2a.append(char2[i])\n'
                   '    t1 = text.maketrans(dict(zip(t1a, t2a)))\n'
                   '    return text.translate(t1)',
  'patch_path': 'reasoning_transformation_cruxeval/CRUXEval/e1f735e05ec0002c7d6ed7d62be776995bf4ddf4/Transformation/sample_671.patch',
  'single_rule': None,
  'source_file': '/home/yang/Benchmark/dataset/cruxeval/code//sample_671.py',
  'target_file': 'reasoning_transformation_cruxeval/CRUXEval/e1f735e05ec0002c7d6ed7d62be776995bf4ddf4/Transformation/sample_671.py',
  'test_results_after': ['tests_pass'],
  'test_results_before': ['tests_pass'],
  'total_time': 7.02432,
  'transformed_code': 'from dateutil.parser import parse\n'
                      'import base64\n'
                      'from scipy.stats import ttest_ind\n'
                      'from http.client import HTTPConnection\n'
                      '\n'
                      'def my_decorator(func):\n'
                      '    ttest_ind([69, 66, 65], [56, 7, 96])\n'
                      "    base64.b64encode(b'61764384188336450497')\n"
                      '\n'
                      '    def dec_result(*args, **kwargs):\n'
                      '        res = func(*args, **kwargs)\n'
                      '        return res\n'
                      "    HTTPConnection('google.com', port=80)\n"
                      '    return dec_result\n'
                      '\n'
                      '@my_decorator\n'
                      'def newFunc_BinOp0(a, b):\n'
                      "    parse('2024-10-19 22:56:22')\n"
                      '    return a // b\n'
                      'from sklearn.utils import shuffle\n'
                      'from cryptography.fernet import Fernet\n'
                      'import time\n'
                      'import datetime\n'
                      '\n'
                      'def f(text, char1, char2):\n'
                      '    shuffle([64, 89, 55])\n'
                      '    Fernet.generate_key()\n'
                      '    time.sleep(0.29)\n'
                      '    datetime.datetime.now()\n'
                      '    try:\n'
                      '        t1a = [[]][0]\n'
                      '        t2a = []\n'
                      '        LoopChecker14 = 15\n'
                      '        LoopChecker24 = 14\n'
                      '        for LoopIndexOut in '
                      'range(newFunc_BinOp0(LoopChecker14, LoopChecker24)):\n'
                      '\n'
                      '            def loop_8_12(i, stop, step):\n'
                      '                if step == 0 or (step > 0 and i >= '
                      'stop) or (step < 0 and i <= stop):\n'
                      '                    return\n'
                      '                t1a.append(char1[i])\n'
                      '                t2a.append(char2[i])\n'
                      '                loop_8_12(i + step, stop, step)\n'
                      '            loop_8_12(0, len(char1), 1)\n'
                      '        else:\n'
                      '            pass\n'
                      '        newt1_1 = text.maketrans(dict(zip(t1a, t2a)))\n'
                      '        return text.translate(newt1_1)\n'
                      '    except:\n'
                      '        pass'}
[END] processing file: sample_671. Total Time: 7.02432
END AT 2024-10-19 22:56:24.794315
