STARTING AT 2024-10-19 22:41:05.214091
[START] processing file: sample_520
*Running tests for: sample_520
 
Result: ['tests_pass']
tests_pass sample_520 /home/yang/Benchmark/dataset/cruxeval/code//sample_520.py
Apply all rules on a single file.
Checking transformation add_nested_while_out
*Running tests for: sample_520
 
Result: ['tests_pass']
Checking transformation add_nested_list
*Running tests for: sample_520
 
Result: ['tests_pass']
Checking transformation add_datetime
*Running tests for: sample_520
 
Result: ['tests_pass']
Checking transformation add_time
*Running tests for: sample_520
 
Result: ['tests_pass']
Checking transformation create_functions
*Running tests for: sample_520
 
Result: ['tests_pass']
Checking transformation add_decorator
*Running tests for: sample_520
 
Result: ['tests_pass']
Checking transformation add_http
*Running tests for: sample_520
 
Result: ['tests_pass']
Checking transformation add_scipy
*Running tests for: sample_520
 
Result: ['tests_pass']
Checking transformation add_base64
*Running tests for: sample_520
 
Result: ['tests_pass']
Checking transformation add_dateutil
*Running tests for: sample_520
 
Result: ['tests_pass']
The file 'reasoning_transformation_cruxeval/CRUXEval/e1f735e05ec0002c7d6ed7d62be776995bf4ddf4/Transformation/sample_520.py' has been formatted successfully.
Checking reasoning_transformation_cruxeval/CRUXEval/e1f735e05ec0002c7d6ed7d62be776995bf4ddf4/Transformation/sample_520.py
*Running tests for: sample_520
 
Result: ['tests_pass']
{ 'applicable_rules': [ 'add_nested_while_out',
                        'add_try_except_inside_functions',
                        'add_else_to_while',
                        'add_nested_list',
                        'add_datetime',
                        'add_time',
                        'add_crypto',
                        'add_sklearn',
                        'create_functions',
                        'add_decorator',
                        'add_http',
                        'add_scipy',
                        'add_base64',
                        'add_dateutil',
                        'changing_AugAssign'],
  'diff_output': 'reasoning_transformation_cruxeval/CRUXEval/e1f735e05ec0002c7d6ed7d62be776995bf4ddf4/Transformation/sample_520.patch',
  'evaluation_tests_dir': '/home/yang/Benchmark/dataset/cruxeval/',
  'exception': None,
  'file_id': 'sample_520',
  'genetic_algorithm': None,
  'original_code': 'def f(album_sales):\n'
                   '    while len(album_sales) != 1:\n'
                   '        album_sales.append(album_sales.pop(0))\n'
                   '    return album_sales[0]',
  'patch_path': 'reasoning_transformation_cruxeval/CRUXEval/e1f735e05ec0002c7d6ed7d62be776995bf4ddf4/Transformation/sample_520.patch',
  'single_rule': None,
  'source_file': '/home/yang/Benchmark/dataset/cruxeval/code//sample_520.py',
  'target_file': 'reasoning_transformation_cruxeval/CRUXEval/e1f735e05ec0002c7d6ed7d62be776995bf4ddf4/Transformation/sample_520.py',
  'test_results_after': ['tests_pass'],
  'test_results_before': ['tests_pass'],
  'total_time': 5.430619,
  'transformed_code': 'from dateutil.parser import parse\n'
                      'import base64\n'
                      'from scipy.stats import ttest_ind\n'
                      'from http.client import HTTPConnection\n'
                      '\n'
                      'def my_decorator(func):\n'
                      '\n'
                      '    def dec_result(*args, **kwargs):\n'
                      '        res = func(*args, **kwargs)\n'
                      '        return res\n'
                      "    base64.b64encode(b'19676007241565176131')\n"
                      '    return dec_result\n'
                      '\n'
                      '@my_decorator\n'
                      'def newFunc_BinOp0(a, b):\n'
                      "    parse('2024-10-19 22:41:09')\n"
                      "    HTTPConnection('google.com', port=80)\n"
                      '    return a % b\n'
                      'from sklearn.utils import shuffle\n'
                      'from cryptography.fernet import Fernet\n'
                      'import time\n'
                      'import datetime\n'
                      '\n'
                      'def f(album_sales):\n'
                      '    ttest_ind([78, 14, 60], [60, 60, 1])\n'
                      '    datetime.datetime.now()\n'
                      '    Fernet.generate_key()\n'
                      '    shuffle([59, 50, 82])\n'
                      '    time.sleep(0.14)\n'
                      '    try:\n'
                      '        whileloopchecker12 = [683][0]\n'
                      '        whileloopchecker22 = 682\n'
                      '        while newFunc_BinOp0(whileloopchecker12, '
                      'whileloopchecker22) == 1:\n'
                      '            whileloopchecker12 = whileloopchecker12 + '
                      '1\n'
                      '            while len(album_sales) != 1:\n'
                      '                album_sales.append(album_sales.pop(0))\n'
                      '        else:\n'
                      '            pass\n'
                      '        return album_sales[0]\n'
                      '    except:\n'
                      '        pass'}
[END] processing file: sample_520. Total Time: 5.430619
END AT 2024-10-19 22:41:10.646883
