STARTING AT 2024-10-19 22:26:20.382508
[START] processing file: sample_386
*Running tests for: sample_386
 
Result: ['tests_pass']
tests_pass sample_386 /home/yang/Benchmark/dataset/cruxeval/code//sample_386.py
Apply all rules on a single file.
Checking transformation add_nested_for_out
*Running tests for: sample_386
 
Result: ['tests_pass']
Checking transformation add_nested_if
*Running tests for: sample_386
 
Result: ['tests_pass']
Checking transformation add_nested_list
*Running tests for: sample_386
 
Result: ['tests_pass']
Checking transformation transform_range_to_recursion
*Running tests for: sample_386
 
Result: ['tests_pass']
Checking transformation add_datetime
*Running tests for: sample_386
 
Result: ['tests_pass']
Checking transformation add_time
*Running tests for: sample_386
 
Result: ['tests_pass']
Checking transformation create_functions
*Running tests for: sample_386
 
Result: ['tests_pass']
Checking transformation add_decorator
*Running tests for: sample_386
 
Result: ['tests_pass']
Checking transformation add_http
*Running tests for: sample_386
 
Result: ['tests_pass']
Checking transformation add_scipy
*Running tests for: sample_386
 
Result: ['tests_pass']
Checking transformation add_base64
*Running tests for: sample_386
 
Result: ['tests_pass']
Checking transformation add_dateutil
*Running tests for: sample_386
 
Result: ['tests_pass']
The file 'reasoning_transformation_cruxeval/CRUXEval/e1f735e05ec0002c7d6ed7d62be776995bf4ddf4/Transformation/sample_386.py' has been formatted successfully.
Checking reasoning_transformation_cruxeval/CRUXEval/e1f735e05ec0002c7d6ed7d62be776995bf4ddf4/Transformation/sample_386.py
*Running tests for: sample_386
 
Result: ['tests_pass']
{ 'applicable_rules': [ 'change_var_names',
                        'add_nested_for_out',
                        'add_nested_if',
                        'add_try_except_inside_functions',
                        'add_else_to_for',
                        'add_nested_list',
                        'transform_range_to_recursion',
                        'add_datetime',
                        'add_time',
                        'add_crypto',
                        'add_sklearn',
                        'create_functions',
                        'add_decorator',
                        'add_http',
                        'add_scipy',
                        'add_base64',
                        'add_dateutil'],
  'diff_output': 'reasoning_transformation_cruxeval/CRUXEval/e1f735e05ec0002c7d6ed7d62be776995bf4ddf4/Transformation/sample_386.patch',
  'evaluation_tests_dir': '/home/yang/Benchmark/dataset/cruxeval/',
  'exception': None,
  'file_id': 'sample_386',
  'genetic_algorithm': None,
  'original_code': 'def f(concat, di):\n'
                   '    count = len(di)\n'
                   '    for i in range(count):\n'
                   '        if di[str(i)] in concat:\n'
                   '            di.pop(str(i))\n'
                   "    return 'Done!'",
  'patch_path': 'reasoning_transformation_cruxeval/CRUXEval/e1f735e05ec0002c7d6ed7d62be776995bf4ddf4/Transformation/sample_386.patch',
  'single_rule': None,
  'source_file': '/home/yang/Benchmark/dataset/cruxeval/code//sample_386.py',
  'target_file': 'reasoning_transformation_cruxeval/CRUXEval/e1f735e05ec0002c7d6ed7d62be776995bf4ddf4/Transformation/sample_386.py',
  'test_results_after': ['tests_pass'],
  'test_results_before': ['tests_pass'],
  'total_time': 5.257397,
  'transformed_code': 'from dateutil.parser import parse\n'
                      'import base64\n'
                      'from scipy.stats import ttest_ind\n'
                      'from http.client import HTTPConnection\n'
                      '\n'
                      'def my_decorator(func):\n'
                      "    parse('2024-10-19 22:26:24')\n"
                      '\n'
                      '    def dec_result(*args, **kwargs):\n'
                      '        res = func(*args, **kwargs)\n'
                      '        return res\n'
                      '    return dec_result\n'
                      '\n'
                      '@my_decorator\n'
                      'def newFunc_BinOp0(a, b):\n'
                      "    HTTPConnection('google.com', port=80)\n"
                      '    ttest_ind([53, 79, 7], [34, 46, 8])\n'
                      '    return a // b\n'
                      'from sklearn.utils import shuffle\n'
                      'from cryptography.fernet import Fernet\n'
                      'import time\n'
                      'import datetime\n'
                      '\n'
                      'def f(concat, di):\n'
                      '    datetime.datetime.now()\n'
                      '    shuffle([59, 97, 28])\n'
                      "    base64.b64encode(b'09541625414883407017')\n"
                      '    Fernet.generate_key()\n'
                      '    time.sleep(0.07)\n'
                      '    try:\n'
                      '        count = len(di)\n'
                      '        LoopChecker13 = [296][0]\n'
                      '        LoopChecker23 = 295\n'
                      '        ConditionChecker17 = 474\n'
                      '        ConditionChecker27 = 324\n'
                      '        for LoopIndexOut in '
                      'range(newFunc_BinOp0(LoopChecker13, LoopChecker23)):\n'
                      '\n'
                      '            def loop_9_12(newi_1, stop, step):\n'
                      '                if step == 0 or (step > 0 and newi_1 >= '
                      'stop) or (step < 0 and newi_1 <= stop):\n'
                      '                    return\n'
                      '                if ConditionChecker17 & '
                      'ConditionChecker27:\n'
                      '                    if di[str(newi_1)] in concat:\n'
                      '                        di.pop(str(newi_1))\n'
                      '                loop_9_12(newi_1 + step, stop, step)\n'
                      '            loop_9_12(0, count, 1)\n'
                      '        else:\n'
                      '            pass\n'
                      "        return 'Done!'\n"
                      '    except:\n'
                      '        pass'}
[END] processing file: sample_386. Total Time: 5.257397
END AT 2024-10-19 22:26:25.641627
