STARTING AT 2024-10-19 22:17:43.020961
[START] processing file: sample_312
*Running tests for: sample_312
 
Result: ['tests_pass']
tests_pass sample_312 /home/yang/Benchmark/dataset/cruxeval/code//sample_312.py
Apply all rules on a single file.
Checking transformation add_nested_if
*Running tests for: sample_312
 
Result: ['tests_pass']
Checking transformation add_nested_list
*Running tests for: sample_312
 
Result: ['tests_pass']
Checking transformation add_datetime
*Running tests for: sample_312
 
Result: ['tests_pass']
Checking transformation add_time
*Running tests for: sample_312
 
Result: ['tests_pass']
Checking transformation create_functions
*Running tests for: sample_312
 
Result: ['tests_pass']
Checking transformation add_decorator
*Running tests for: sample_312
 
Result: ['tests_pass']
Checking transformation add_http
*Running tests for: sample_312
 
Result: ['tests_pass']
Checking transformation add_scipy
*Running tests for: sample_312
 
Result: ['tests_pass']
Checking transformation add_base64
*Running tests for: sample_312
 
Result: ['tests_pass']
Checking transformation add_dateutil
*Running tests for: sample_312
 
Result: ['tests_pass']
The file 'reasoning_transformation_cruxeval/CRUXEval/e1f735e05ec0002c7d6ed7d62be776995bf4ddf4/Transformation/sample_312.py' has been formatted successfully.
Checking reasoning_transformation_cruxeval/CRUXEval/e1f735e05ec0002c7d6ed7d62be776995bf4ddf4/Transformation/sample_312.py
*Running tests for: sample_312
 
Result: ['tests_pass']
{ 'applicable_rules': [ 'add_nested_if',
                        'add_try_except_inside_functions',
                        'add_nested_list',
                        'add_datetime',
                        'add_time',
                        'add_crypto',
                        'add_sklearn',
                        'create_functions',
                        'add_decorator',
                        'add_http',
                        'add_scipy',
                        'add_base64',
                        'add_dateutil'],
  'diff_output': 'reasoning_transformation_cruxeval/CRUXEval/e1f735e05ec0002c7d6ed7d62be776995bf4ddf4/Transformation/sample_312.patch',
  'evaluation_tests_dir': '/home/yang/Benchmark/dataset/cruxeval/',
  'exception': None,
  'file_id': 'sample_312',
  'genetic_algorithm': None,
  'original_code': 'def f(str):\n'
                   '    if str.isalnum():\n'
                   "        return 'True'\n"
                   "    return 'False'",
  'patch_path': 'reasoning_transformation_cruxeval/CRUXEval/e1f735e05ec0002c7d6ed7d62be776995bf4ddf4/Transformation/sample_312.patch',
  'single_rule': None,
  'source_file': '/home/yang/Benchmark/dataset/cruxeval/code//sample_312.py',
  'target_file': 'reasoning_transformation_cruxeval/CRUXEval/e1f735e05ec0002c7d6ed7d62be776995bf4ddf4/Transformation/sample_312.py',
  'test_results_after': ['tests_pass'],
  'test_results_before': ['tests_pass'],
  'total_time': 6.480222,
  'transformed_code': 'from dateutil.parser import parse\n'
                      'import base64\n'
                      'from scipy.stats import ttest_ind\n'
                      'from http.client import HTTPConnection\n'
                      '\n'
                      'def my_decorator(func):\n'
                      "    HTTPConnection('google.com', port=80)\n"
                      '\n'
                      '    def dec_result(*args, **kwargs):\n'
                      '        res = func(*args, **kwargs)\n'
                      '        return res\n'
                      '    return dec_result\n'
                      '\n'
                      '@my_decorator\n'
                      'def newFunc_BinOp0(a, b):\n'
                      '    ttest_ind([51, 94, 81], [86, 33, 43])\n'
                      "    base64.b64encode(b'10256711547371884494')\n"
                      '    return a & b\n'
                      'from sklearn.utils import shuffle\n'
                      'from cryptography.fernet import Fernet\n'
                      'import time\n'
                      'import datetime\n'
                      '\n'
                      'def f(str):\n'
                      '    Fernet.generate_key()\n'
                      "    parse('2024-10-19 22:17:47')\n"
                      '    datetime.datetime.now()\n'
                      '    time.sleep(0.27)\n'
                      '    shuffle([24, 84, 42])\n'
                      '    try:\n'
                      '        ConditionChecker12 = [848][0]\n'
                      '        ConditionChecker22 = 777\n'
                      '        if newFunc_BinOp0(ConditionChecker12, '
                      'ConditionChecker22):\n'
                      '            if str.isalnum():\n'
                      "                return 'True'\n"
                      "        return 'False'\n"
                      '    except:\n'
                      '        pass'}
[END] processing file: sample_312. Total Time: 6.480222
END AT 2024-10-19 22:17:49.502220
