STARTING AT 2024-10-19 22:59:10.251099
[START] processing file: sample_695
*Running tests for: sample_695
 
Result: ['tests_pass']
tests_pass sample_695 /home/yang/Benchmark/dataset/cruxeval/code//sample_695.py
Apply all rules on a single file.
Checking transformation add_nested_for_out
*Running tests for: sample_695
 
Result: ['tests_pass']
Checking transformation add_nested_list
*Running tests for: sample_695
 
Result: ['tests_pass']
Checking transformation transform_range_to_recursion
*Running tests for: sample_695
 
Result: ['tests_pass']
Checking transformation add_datetime
*Running tests for: sample_695
 
Result: ['tests_pass']
Checking transformation add_time
*Running tests for: sample_695
 
Result: ['tests_pass']
Checking transformation create_functions
*Running tests for: sample_695
 
Result: ['tests_pass']
Checking transformation add_decorator
*Running tests for: sample_695
 
Result: ['tests_pass']
Checking transformation add_http
*Running tests for: sample_695
 
Result: ['tests_pass']
Checking transformation add_scipy
*Running tests for: sample_695
 
Result: ['tests_pass']
Checking transformation add_base64
*Running tests for: sample_695
 
Result: ['tests_pass']
Checking transformation add_dateutil
*Running tests for: sample_695
 
Result: ['tests_pass']
The file 'reasoning_transformation_cruxeval/CRUXEval/e1f735e05ec0002c7d6ed7d62be776995bf4ddf4/Transformation/sample_695.py' has been formatted successfully.
Checking reasoning_transformation_cruxeval/CRUXEval/e1f735e05ec0002c7d6ed7d62be776995bf4ddf4/Transformation/sample_695.py
*Running tests for: sample_695
 
Result: ['tests_pass']
{ 'applicable_rules': [ 'change_var_names',
                        'add_nested_for_out',
                        'add_try_except_inside_functions',
                        'add_else_to_for',
                        'add_nested_list',
                        'transform_range_to_recursion',
                        'add_datetime',
                        'add_time',
                        'add_crypto',
                        'add_sklearn',
                        'create_functions',
                        'add_decorator',
                        'add_http',
                        'add_scipy',
                        'add_base64',
                        'add_dateutil'],
  'diff_output': 'reasoning_transformation_cruxeval/CRUXEval/e1f735e05ec0002c7d6ed7d62be776995bf4ddf4/Transformation/sample_695.patch',
  'evaluation_tests_dir': '/home/yang/Benchmark/dataset/cruxeval/',
  'exception': None,
  'file_id': 'sample_695',
  'genetic_algorithm': None,
  'original_code': 'def f(d):\n'
                   '    result = {}\n'
                   '    for (ki, li) in d.items():\n'
                   '        result.update({ki: []})\n'
                   '        for (kj, dj) in enumerate(li):\n'
                   '            result[ki].append({})\n'
                   '            for (kk, l) in dj.items():\n'
                   '                result[ki][kj][kk] = l.copy()\n'
                   '    return result',
  'patch_path': 'reasoning_transformation_cruxeval/CRUXEval/e1f735e05ec0002c7d6ed7d62be776995bf4ddf4/Transformation/sample_695.patch',
  'single_rule': None,
  'source_file': '/home/yang/Benchmark/dataset/cruxeval/code//sample_695.py',
  'target_file': 'reasoning_transformation_cruxeval/CRUXEval/e1f735e05ec0002c7d6ed7d62be776995bf4ddf4/Transformation/sample_695.py',
  'test_results_after': ['tests_pass'],
  'test_results_before': ['tests_pass'],
  'total_time': 4.919083,
  'transformed_code': 'from dateutil.parser import parse\n'
                      'import base64\n'
                      'from scipy.stats import ttest_ind\n'
                      'from http.client import HTTPConnection\n'
                      '\n'
                      'def my_decorator(func):\n'
                      '\n'
                      '    def dec_result(*args, **kwargs):\n'
                      '        res = func(*args, **kwargs)\n'
                      '        return res\n'
                      '    ttest_ind([96, 25, 51], [53, 90, 11])\n'
                      "    HTTPConnection('google.com', port=80)\n"
                      '    return dec_result\n'
                      '\n'
                      '@my_decorator\n'
                      'def newFunc_BinOp0(a, b):\n'
                      "    parse('2024-10-19 22:59:13')\n"
                      '    return a + b\n'
                      'from sklearn.utils import shuffle\n'
                      'from cryptography.fernet import Fernet\n'
                      'import time\n'
                      'import datetime\n'
                      '\n'
                      'def f(d):\n'
                      '    time.sleep(0.02)\n'
                      "    base64.b64encode(b'18847020321646795005')\n"
                      '    shuffle([60, 53, 9])\n'
                      '    datetime.datetime.now()\n'
                      '    Fernet.generate_key()\n'
                      '    try:\n'
                      '        result = {}\n'
                      '        LoopChecker13 = [14][0]\n'
                      '        LoopChecker23 = 13\n'
                      '\n'
                      '        def loop_6_8(LoopIndexOut, stop, step):\n'
                      '            if step == 0 or (step > 0 and LoopIndexOut '
                      '>= stop) or (step < 0 and LoopIndexOut <= stop):\n'
                      '                return\n'
                      '            for (ki, li) in d.items():\n'
                      '                result.update({ki: []})\n'
                      '                for (newkj_1, dj) in enumerate(li):\n'
                      '                    result[ki].append({})\n'
                      '                    for (kk, l) in dj.items():\n'
                      '                        result[ki][newkj_1][kk] = '
                      'l.copy()\n'
                      '            loop_6_8(newFunc_BinOp0(LoopIndexOut, '
                      'step), stop, step)\n'
                      '        loop_6_8(0, LoopChecker13 // LoopChecker23, 1)\n'
                      '        return result\n'
                      '    except:\n'
                      '        pass'}
[END] processing file: sample_695. Total Time: 4.919083
END AT 2024-10-19 22:59:15.172349
