STARTING AT 2024-10-19 23:36:27.832309
[START] processing file: sample_584
*Running tests for: sample_584
 
Result: ['tests_pass']
tests_pass sample_584 /home/yang/Benchmark/dataset/cruxeval/code//sample_584.py
Apply all rules on a single file.
Checking transformation add_datetime
*Running tests for: sample_584
 
Result: ['tests_pass']
Checking transformation add_time
*Running tests for: sample_584
 
Result: ['tests_pass']
Checking transformation create_functions
*Running tests for: sample_584
 
Result: ['tests_pass']
Checking transformation add_decorator
*Running tests for: sample_584
 
Result: ['tests_pass']
Checking transformation add_http
*Running tests for: sample_584
 
Result: ['tests_pass']
Checking transformation add_scipy
*Running tests for: sample_584
 
Result: ['tests_pass']
Checking transformation add_base64
*Running tests for: sample_584
 
Result: ['tests_pass']
Checking transformation add_dateutil
*Running tests for: sample_584
 
Result: ['tests_pass']
The file 'reasoning_transformation_cruxeval/CRUXEval/951a917df7397c9cb698ead54386db6d1db4ffb0/Transformation/sample_584.py' has been formatted successfully.
Checking reasoning_transformation_cruxeval/CRUXEval/951a917df7397c9cb698ead54386db6d1db4ffb0/Transformation/sample_584.py
*Running tests for: sample_584
 
Result: ['tests_pass']
{ 'applicable_rules': [ 'add_try_except_inside_functions',
                        'add_datetime',
                        'add_time',
                        'add_crypto',
                        'add_sklearn',
                        'create_functions',
                        'add_decorator',
                        'add_http',
                        'add_scipy',
                        'add_base64',
                        'add_dateutil'],
  'diff_output': 'reasoning_transformation_cruxeval/CRUXEval/951a917df7397c9cb698ead54386db6d1db4ffb0/Transformation/sample_584.patch',
  'evaluation_tests_dir': '/home/yang/Benchmark/dataset/cruxeval/',
  'exception': None,
  'file_id': 'sample_584',
  'genetic_algorithm': None,
  'original_code': "def f(txt):\n    return txt.format(*('0' * 20,))",
  'patch_path': 'reasoning_transformation_cruxeval/CRUXEval/951a917df7397c9cb698ead54386db6d1db4ffb0/Transformation/sample_584.patch',
  'single_rule': None,
  'source_file': '/home/yang/Benchmark/dataset/cruxeval/code//sample_584.py',
  'target_file': 'reasoning_transformation_cruxeval/CRUXEval/951a917df7397c9cb698ead54386db6d1db4ffb0/Transformation/sample_584.py',
  'test_results_after': ['tests_pass'],
  'test_results_before': ['tests_pass'],
  'total_time': 4.493152,
  'transformed_code': 'from dateutil.parser import parse\n'
                      'import base64\n'
                      'from scipy.stats import ttest_ind\n'
                      'from http.client import HTTPConnection\n'
                      '\n'
                      'def my_decorator(func):\n'
                      '\n'
                      '    def dec_result(*args, **kwargs):\n'
                      '        res = func(*args, **kwargs)\n'
                      '        return res\n'
                      "    base64.b64encode(b'91310975073517496345')\n"
                      '    return dec_result\n'
                      '\n'
                      '@my_decorator\n'
                      'def newFunc_BinOp0(a, b):\n'
                      '    ttest_ind([80, 8, 26], [92, 17, 11])\n'
                      '    return a * b\n'
                      'from sklearn.utils import shuffle\n'
                      'from cryptography.fernet import Fernet\n'
                      'import time\n'
                      'import datetime\n'
                      '\n'
                      'def f(txt):\n'
                      '    Fernet.generate_key()\n'
                      '    datetime.datetime.now()\n'
                      '    shuffle([30, 8, 23])\n'
                      "    HTTPConnection('google.com', port=80)\n"
                      "    parse('2024-10-19 23:36:31')\n"
                      '    time.sleep(0.02)\n'
                      '    try:\n'
                      "        return txt.format(*(newFunc_BinOp0('0', 20),))\n"
                      '    except:\n'
                      '        pass'}
[END] processing file: sample_584. Total Time: 4.493152
END AT 2024-10-19 23:36:32.326414
