STARTING AT 2024-10-19 22:43:01.587694
[START] processing file: sample_537
*Running tests for: sample_537
 
Result: ['tests_pass']
tests_pass sample_537 /home/yang/Benchmark/dataset/cruxeval/code//sample_537.py
Apply all rules on a single file.
Checking transformation add_nested_list
*Running tests for: sample_537
 
Result: ['tests_pass']
Checking transformation add_datetime
*Running tests for: sample_537
 
Result: ['tests_pass']
Checking transformation add_time
*Running tests for: sample_537
 
Result: ['tests_pass']
def newFunc_17573(arg0, arg1):
    return arg0 + arg1
Checking transformation create_functions
*Running tests for: sample_537
 
Result: ['tests_pass']
Checking transformation add_decorator
*Running tests for: sample_537
 
Result: ['tests_pass']
Checking transformation add_http
*Running tests for: sample_537
 
Result: ['tests_pass']
Checking transformation add_scipy
*Running tests for: sample_537
 
Result: ['tests_pass']
Checking transformation add_base64
*Running tests for: sample_537
 
Result: ['tests_pass']
Checking transformation add_dateutil
*Running tests for: sample_537
 
Result: ['tests_pass']
The file 'reasoning_transformation_cruxeval/CRUXEval/e1f735e05ec0002c7d6ed7d62be776995bf4ddf4/Transformation/sample_537.py' has been formatted successfully.
Checking reasoning_transformation_cruxeval/CRUXEval/e1f735e05ec0002c7d6ed7d62be776995bf4ddf4/Transformation/sample_537.py
*Running tests for: sample_537
 
Result: ['tests_pass']
{ 'applicable_rules': [ 'change_var_names',
                        'add_try_except_inside_functions',
                        'add_nested_list',
                        'add_datetime',
                        'add_time',
                        'add_crypto',
                        'add_sklearn',
                        'create_functions',
                        'add_decorator',
                        'add_http',
                        'add_scipy',
                        'add_base64',
                        'add_dateutil'],
  'diff_output': 'reasoning_transformation_cruxeval/CRUXEval/e1f735e05ec0002c7d6ed7d62be776995bf4ddf4/Transformation/sample_537.patch',
  'evaluation_tests_dir': '/home/yang/Benchmark/dataset/cruxeval/',
  'exception': None,
  'file_id': 'sample_537',
  'genetic_algorithm': None,
  'original_code': 'def f(text, value):\n'
                   '    new_text = list(text)\n'
                   '    try:\n'
                   '        new_text.append(value)\n'
                   '        length = len(new_text)\n'
                   '    except IndexError:\n'
                   '        length = 0\n'
                   "    return '[' + str(length) + ']'",
  'patch_path': 'reasoning_transformation_cruxeval/CRUXEval/e1f735e05ec0002c7d6ed7d62be776995bf4ddf4/Transformation/sample_537.patch',
  'single_rule': None,
  'source_file': '/home/yang/Benchmark/dataset/cruxeval/code//sample_537.py',
  'target_file': 'reasoning_transformation_cruxeval/CRUXEval/e1f735e05ec0002c7d6ed7d62be776995bf4ddf4/Transformation/sample_537.py',
  'test_results_after': ['tests_pass'],
  'test_results_before': ['tests_pass'],
  'total_time': 5.523575,
  'transformed_code': 'from dateutil.parser import parse\n'
                      'import base64\n'
                      'from scipy.stats import ttest_ind\n'
                      'from http.client import HTTPConnection\n'
                      '\n'
                      'def my_decorator(func):\n'
                      "    HTTPConnection('google.com', port=80)\n"
                      '    ttest_ind([98, 64, 8], [83, 65, 57])\n'
                      '\n'
                      '    def dec_result(*args, **kwargs):\n'
                      '        res = func(*args, **kwargs)\n'
                      '        return res\n'
                      "    parse('2024-10-19 22:43:05')\n"
                      '    return dec_result\n'
                      '\n'
                      '@my_decorator\n'
                      'def newFunc_17573(arg0, arg1):\n'
                      '    return arg0 + arg1\n'
                      'from sklearn.utils import shuffle\n'
                      'from cryptography.fernet import Fernet\n'
                      'import time\n'
                      'import datetime\n'
                      '\n'
                      'def f(text, value):\n'
                      '    time.sleep(0.14)\n'
                      '    datetime.datetime.now()\n'
                      '    Fernet.generate_key()\n'
                      "    base64.b64encode(b'11140661440480023238')\n"
                      '    shuffle([28, 97, 1])\n'
                      '    try:\n'
                      '        new_text = list(text)\n'
                      '        try:\n'
                      '            new_text.append(value)\n'
                      '            newlength_1 = len(new_text)\n'
                      '        except IndexError:\n'
                      '            newlength_1 = [0][0]\n'
                      "        return newFunc_17573('[' + str(newlength_1), "
                      "']')\n"
                      '    except:\n'
                      '        pass'}
[END] processing file: sample_537. Total Time: 5.523575
END AT 2024-10-19 22:43:07.112721
