STARTING AT 2024-10-19 22:30:54.347211
[START] processing file: sample_424
*Running tests for: sample_424
 
Result: ['tests_pass']
tests_pass sample_424 /home/yang/Benchmark/dataset/cruxeval/code//sample_424.py
Apply all rules on a single file.
Checking transformation add_nested_while_out
*Running tests for: sample_424
 
Result: ['tests_pass']
Checking transformation add_nested_if
*Running tests for: sample_424
 
Result: ['tests_pass']
Checking transformation add_nested_list
*Running tests for: sample_424
 
Result: ['tests_pass']
Checking transformation add_datetime
*Running tests for: sample_424
 
Result: ['tests_pass']
Checking transformation add_time
*Running tests for: sample_424
 
Result: ['tests_pass']
Checking transformation create_functions
*Running tests for: sample_424
 
Result: ['tests_pass']
Checking transformation add_decorator
*Running tests for: sample_424
 
Result: ['tests_pass']
Checking transformation add_http
*Running tests for: sample_424
 
Result: ['tests_pass']
Checking transformation add_scipy
*Running tests for: sample_424
 
Result: ['tests_pass']
Checking transformation add_base64
*Running tests for: sample_424
 
Result: ['tests_pass']
Checking transformation add_dateutil
*Running tests for: sample_424
 
Result: ['tests_pass']
The file 'reasoning_transformation_cruxeval/CRUXEval/e1f735e05ec0002c7d6ed7d62be776995bf4ddf4/Transformation/sample_424.py' has been formatted successfully.
Checking reasoning_transformation_cruxeval/CRUXEval/e1f735e05ec0002c7d6ed7d62be776995bf4ddf4/Transformation/sample_424.py
*Running tests for: sample_424
 
Result: ['tests_pass']
{ 'applicable_rules': [ 'change_var_names',
                        'add_nested_while_out',
                        'add_nested_if',
                        'add_try_except_inside_functions',
                        'add_else_to_while',
                        'add_nested_list',
                        'add_datetime',
                        'add_time',
                        'add_crypto',
                        'add_sklearn',
                        'create_functions',
                        'add_decorator',
                        'add_http',
                        'add_scipy',
                        'add_base64',
                        'add_dateutil',
                        'changing_AugAssign'],
  'diff_output': 'reasoning_transformation_cruxeval/CRUXEval/e1f735e05ec0002c7d6ed7d62be776995bf4ddf4/Transformation/sample_424.patch',
  'evaluation_tests_dir': '/home/yang/Benchmark/dataset/cruxeval/',
  'exception': None,
  'file_id': 'sample_424',
  'genetic_algorithm': None,
  'original_code': 'def f(s):\n'
                   '    s = s.replace(\'"\', \'\')\n'
                   '    lst = list(s)\n'
                   '    col = 0\n'
                   '    count = 1\n'
                   "    while col < len(lst) and lst[col] in '.:,':\n"
                   "        if lst[col] == '.':\n"
                   '            count = ls[col] + 1\n'
                   '        col += 1\n'
                   '    return s[col + count:]',
  'patch_path': 'reasoning_transformation_cruxeval/CRUXEval/e1f735e05ec0002c7d6ed7d62be776995bf4ddf4/Transformation/sample_424.patch',
  'single_rule': None,
  'source_file': '/home/yang/Benchmark/dataset/cruxeval/code//sample_424.py',
  'target_file': 'reasoning_transformation_cruxeval/CRUXEval/e1f735e05ec0002c7d6ed7d62be776995bf4ddf4/Transformation/sample_424.py',
  'test_results_after': ['tests_pass'],
  'test_results_before': ['tests_pass'],
  'total_time': 6.556749,
  'transformed_code': 'from dateutil.parser import parse\n'
                      'import base64\n'
                      'from scipy.stats import ttest_ind\n'
                      'from http.client import HTTPConnection\n'
                      '\n'
                      'def my_decorator(func):\n'
                      '\n'
                      '    def dec_result(*args, **kwargs):\n'
                      '        res = func(*args, **kwargs)\n'
                      '        return res\n'
                      "    parse('2024-10-19 22:30:59')\n"
                      '    return dec_result\n'
                      '\n'
                      '@my_decorator\n'
                      'def newFunc0_25(variable_1_25, variable_3_25):\n'
                      '    return variable_1_25 + variable_3_25\n'
                      'from sklearn.utils import shuffle\n'
                      'from cryptography.fernet import Fernet\n'
                      'import time\n'
                      'import datetime\n'
                      '\n'
                      'def f(s):\n'
                      "    HTTPConnection('google.com', port=80)\n"
                      '    time.sleep(0.21)\n'
                      '    ttest_ind([69, 21, 35], [73, 76, 37])\n'
                      "    base64.b64encode(b'39541531693491343689')\n"
                      '    Fernet.generate_key()\n'
                      '    datetime.datetime.now()\n'
                      '    shuffle([29, 63, 29])\n'
                      '    try:\n'
                      '        s = s.replace(\'"\', \'\')\n'
                      '        lst = list(s)\n'
                      '        newcol_1 = [0][0]\n'
                      '        count = 1\n'
                      '        whileloopchecker16 = 188\n'
                      '        whileloopchecker26 = 187\n'
                      '        while whileloopchecker16 % whileloopchecker26 '
                      '== 1:\n'
                      '            whileloopchecker16 = whileloopchecker16 + '
                      '1\n'
                      '            while newcol_1 < len(lst) and lst[newcol_1] '
                      "in '.:,':\n"
                      '                ConditionChecker111 = 903\n'
                      '                ConditionChecker211 = 251\n'
                      '                if ConditionChecker111 & '
                      'ConditionChecker211:\n'
                      "                    if lst[newcol_1] == '.':\n"
                      '                        variable_1_25 = ls[newcol_1]\n'
                      '                        variable_3_25 = 1\n'
                      '                        count = '
                      'newFunc0_25(variable_1_25, variable_3_25)\n'
                      '                newcol_1 += 1\n'
                      '        else:\n'
                      '            pass\n'
                      '        return s[newcol_1 + count:]\n'
                      '    except:\n'
                      '        pass'}
[END] processing file: sample_424. Total Time: 6.556749
END AT 2024-10-19 22:31:00.905690
