STARTING AT 2024-10-19 21:59:42.825911
[START] processing file: sample_161
*Running tests for: sample_161
 
Result: ['tests_pass']
tests_pass sample_161 /home/yang/Benchmark/dataset/cruxeval/code//sample_161.py
Apply all rules on a single file.
Checking transformation add_datetime
*Running tests for: sample_161
 
Result: ['tests_pass']
Checking transformation add_time
*Running tests for: sample_161
 
Result: ['tests_pass']
def newFunc_70104(arg0, arg1):
    return arg0 + arg1
Checking transformation create_functions
*Running tests for: sample_161
 
Result: ['tests_pass']
Checking transformation add_decorator
*Running tests for: sample_161
 
Result: ['tests_pass']
Checking transformation add_http
*Running tests for: sample_161
 
Result: ['tests_pass']
Checking transformation add_scipy
*Running tests for: sample_161
 
Result: ['tests_pass']
Checking transformation add_base64
*Running tests for: sample_161
 
Result: ['tests_pass']
Checking transformation add_dateutil
*Running tests for: sample_161
 
Result: ['tests_pass']
The file 'reasoning_transformation_cruxeval/CRUXEval/e1f735e05ec0002c7d6ed7d62be776995bf4ddf4/Transformation/sample_161.py' has been formatted successfully.
Checking reasoning_transformation_cruxeval/CRUXEval/e1f735e05ec0002c7d6ed7d62be776995bf4ddf4/Transformation/sample_161.py
*Running tests for: sample_161
 
Result: ['tests_pass']
{ 'applicable_rules': [ 'change_var_names',
                        'add_try_except_inside_functions',
                        'add_datetime',
                        'add_time',
                        'add_crypto',
                        'add_sklearn',
                        'create_functions',
                        'add_decorator',
                        'add_http',
                        'add_scipy',
                        'add_base64',
                        'add_dateutil'],
  'diff_output': 'reasoning_transformation_cruxeval/CRUXEval/e1f735e05ec0002c7d6ed7d62be776995bf4ddf4/Transformation/sample_161.patch',
  'evaluation_tests_dir': '/home/yang/Benchmark/dataset/cruxeval/',
  'exception': None,
  'file_id': 'sample_161',
  'genetic_algorithm': None,
  'original_code': 'def f(text, value):\n'
                   '    (left, _, right) = text.partition(value)\n'
                   '    return right + left',
  'patch_path': 'reasoning_transformation_cruxeval/CRUXEval/e1f735e05ec0002c7d6ed7d62be776995bf4ddf4/Transformation/sample_161.patch',
  'single_rule': None,
  'source_file': '/home/yang/Benchmark/dataset/cruxeval/code//sample_161.py',
  'target_file': 'reasoning_transformation_cruxeval/CRUXEval/e1f735e05ec0002c7d6ed7d62be776995bf4ddf4/Transformation/sample_161.py',
  'test_results_after': ['tests_pass'],
  'test_results_before': ['tests_pass'],
  'total_time': 4.989053,
  'transformed_code': 'from dateutil.parser import parse\n'
                      'import base64\n'
                      'from scipy.stats import ttest_ind\n'
                      'from http.client import HTTPConnection\n'
                      '\n'
                      'def my_decorator(func):\n'
                      '\n'
                      '    def dec_result(*args, **kwargs):\n'
                      '        res = func(*args, **kwargs)\n'
                      '        return res\n'
                      '    return dec_result\n'
                      '\n'
                      '@my_decorator\n'
                      'def newFunc_70104(arg0, arg1):\n'
                      '    ttest_ind([61, 53, 92], [61, 42, 43])\n'
                      '    return arg0 + arg1\n'
                      'from sklearn.utils import shuffle\n'
                      'from cryptography.fernet import Fernet\n'
                      'import time\n'
                      'import datetime\n'
                      '\n'
                      'def f(text, value):\n'
                      '    datetime.datetime.now()\n'
                      "    HTTPConnection('google.com', port=80)\n"
                      '    time.sleep(0.07)\n'
                      "    parse('2024-10-19 21:59:46')\n"
                      "    base64.b64encode(b'82913117028580277604')\n"
                      '    Fernet.generate_key()\n'
                      '    shuffle([48, 22, 30])\n'
                      '    try:\n'
                      '        (newleft_1, _, right) = text.partition(value)\n'
                      '        return newFunc_70104(right, newleft_1)\n'
                      '    except:\n'
                      '        pass'}
[END] processing file: sample_161. Total Time: 4.989053
END AT 2024-10-19 21:59:47.816197
