STARTING AT 2024-10-19 22:48:25.841309
[START] processing file: sample_592
*Running tests for: sample_592
 
Result: ['tests_pass']
tests_pass sample_592 /home/yang/Benchmark/dataset/cruxeval/code//sample_592.py
Apply all rules on a single file.
Checking transformation add_nested_for_out
*Running tests for: sample_592
 
Result: ['tests_pass']
Checking transformation add_nested_list
*Running tests for: sample_592
 
Result: ['tests_pass']
Checking transformation transform_range_to_recursion
*Running tests for: sample_592
 
Result: ['tests_pass']
Checking transformation add_datetime
*Running tests for: sample_592
 
Result: ['tests_pass']
Checking transformation add_time
*Running tests for: sample_592
 
Result: ['tests_pass']
Checking transformation create_functions
*Running tests for: sample_592
 
Result: ['tests_pass']
Checking transformation add_decorator
*Running tests for: sample_592
 
Result: ['tests_pass']
Checking transformation add_http
*Running tests for: sample_592
 
Result: ['tests_pass']
Checking transformation add_scipy
*Running tests for: sample_592
 
Result: ['tests_pass']
Checking transformation add_base64
*Running tests for: sample_592
 
Result: ['tests_pass']
Checking transformation add_dateutil
*Running tests for: sample_592
 
Result: ['tests_pass']
The file 'reasoning_transformation_cruxeval/CRUXEval/e1f735e05ec0002c7d6ed7d62be776995bf4ddf4/Transformation/sample_592.py' has been formatted successfully.
Checking reasoning_transformation_cruxeval/CRUXEval/e1f735e05ec0002c7d6ed7d62be776995bf4ddf4/Transformation/sample_592.py
*Running tests for: sample_592
 
Result: ['tests_pass']
{ 'applicable_rules': [ 'change_var_names',
                        'add_nested_for_out',
                        'add_try_except_inside_functions',
                        'add_else_to_for',
                        'add_nested_list',
                        'transform_range_to_recursion',
                        'add_datetime',
                        'add_time',
                        'add_crypto',
                        'add_sklearn',
                        'create_functions',
                        'add_decorator',
                        'add_http',
                        'add_scipy',
                        'add_base64',
                        'add_dateutil'],
  'diff_output': 'reasoning_transformation_cruxeval/CRUXEval/e1f735e05ec0002c7d6ed7d62be776995bf4ddf4/Transformation/sample_592.patch',
  'evaluation_tests_dir': '/home/yang/Benchmark/dataset/cruxeval/',
  'exception': None,
  'file_id': 'sample_592',
  'genetic_algorithm': None,
  'original_code': 'def f(numbers):\n'
                   '    new_numbers = []\n'
                   '    for (i, _) in enumerate(numbers):\n'
                   '        new_numbers.append(numbers[len(numbers) - 1 - i])\n'
                   '    return new_numbers',
  'patch_path': 'reasoning_transformation_cruxeval/CRUXEval/e1f735e05ec0002c7d6ed7d62be776995bf4ddf4/Transformation/sample_592.patch',
  'single_rule': None,
  'source_file': '/home/yang/Benchmark/dataset/cruxeval/code//sample_592.py',
  'target_file': 'reasoning_transformation_cruxeval/CRUXEval/e1f735e05ec0002c7d6ed7d62be776995bf4ddf4/Transformation/sample_592.py',
  'test_results_after': ['tests_pass'],
  'test_results_before': ['tests_pass'],
  'total_time': 6.185643,
  'transformed_code': 'from dateutil.parser import parse\n'
                      'import base64\n'
                      'from scipy.stats import ttest_ind\n'
                      'from http.client import HTTPConnection\n'
                      '\n'
                      'def my_decorator(func):\n'
                      '\n'
                      '    def dec_result(*args, **kwargs):\n'
                      '        res = func(*args, **kwargs)\n'
                      '        return res\n'
                      "    HTTPConnection('google.com', port=80)\n"
                      "    parse('2024-10-19 22:48:30')\n"
                      '    return dec_result\n'
                      '\n'
                      '@my_decorator\n'
                      'def newFunc_BinOp0(a, b):\n'
                      "    base64.b64encode(b'13181406966281433423')\n"
                      '    ttest_ind([31, 66, 25], [95, 57, 24])\n'
                      '    return a - b\n'
                      'from sklearn.utils import shuffle\n'
                      'from cryptography.fernet import Fernet\n'
                      'import time\n'
                      'import datetime\n'
                      '\n'
                      'def f(numbers):\n'
                      '    shuffle([100, 44, 99])\n'
                      '    Fernet.generate_key()\n'
                      '    datetime.datetime.now()\n'
                      '    time.sleep(0.18)\n'
                      '    try:\n'
                      '        new_numbers = [[]][0]\n'
                      '        LoopChecker13 = 999\n'
                      '        LoopChecker23 = 998\n'
                      '\n'
                      '        def loop_6_8(LoopIndexOut, stop, step):\n'
                      '            if step == 0 or (step > 0 and LoopIndexOut '
                      '>= stop) or (step < 0 and LoopIndexOut <= stop):\n'
                      '                return\n'
                      '            for (i, new__1) in enumerate(numbers):\n'
                      '                '
                      'new_numbers.append(numbers[newFunc_BinOp0(len(numbers), '
                      '1) - i])\n'
                      '            loop_6_8(LoopIndexOut + step, stop, step)\n'
                      '        loop_6_8(0, LoopChecker13 // LoopChecker23, 1)\n'
                      '        return new_numbers\n'
                      '    except:\n'
                      '        pass'}
[END] processing file: sample_592. Total Time: 6.185643
END AT 2024-10-19 22:48:32.029096
