STARTING AT 2024-10-19 22:16:56.902546
[START] processing file: sample_306
*Running tests for: sample_306
 
Result: ['tests_pass']
tests_pass sample_306 /home/yang/Benchmark/dataset/cruxeval/code//sample_306.py
Apply all rules on a single file.
Checking transformation add_nested_for_out
*Running tests for: sample_306
 
Result: ['tests_pass']
Checking transformation add_nested_if
*Running tests for: sample_306
 
Result: ['tests_pass']
Checking transformation add_nested_list
*Running tests for: sample_306
 
Result: ['tests_pass']
Checking transformation transform_range_to_recursion
*Running tests for: sample_306
 
Result: ['tests_pass']
Checking transformation add_datetime
*Running tests for: sample_306
 
Result: ['tests_pass']
Checking transformation add_time
*Running tests for: sample_306
 
Result: ['tests_pass']
Checking transformation create_functions
*Running tests for: sample_306
 
Result: ['tests_pass']
Checking transformation add_decorator
*Running tests for: sample_306
 
Result: ['tests_pass']
Checking transformation add_http
*Running tests for: sample_306
 
Result: ['tests_pass']
Checking transformation add_scipy
*Running tests for: sample_306
 
Result: ['tests_pass']
Checking transformation add_base64
*Running tests for: sample_306
 
Result: ['tests_pass']
Checking transformation add_dateutil
*Running tests for: sample_306
 
Result: ['tests_pass']
The file 'reasoning_transformation_cruxeval/CRUXEval/e1f735e05ec0002c7d6ed7d62be776995bf4ddf4/Transformation/sample_306.py' has been formatted successfully.
Checking reasoning_transformation_cruxeval/CRUXEval/e1f735e05ec0002c7d6ed7d62be776995bf4ddf4/Transformation/sample_306.py
*Running tests for: sample_306
 
Result: ['tests_pass']
{ 'applicable_rules': [ 'change_var_names',
                        'add_nested_for_out',
                        'add_nested_if',
                        'add_try_except_inside_functions',
                        'add_else_to_for',
                        'add_nested_list',
                        'transform_range_to_recursion',
                        'add_datetime',
                        'add_time',
                        'add_crypto',
                        'add_sklearn',
                        'create_functions',
                        'add_decorator',
                        'add_http',
                        'add_scipy',
                        'add_base64',
                        'add_dateutil'],
  'diff_output': 'reasoning_transformation_cruxeval/CRUXEval/e1f735e05ec0002c7d6ed7d62be776995bf4ddf4/Transformation/sample_306.patch',
  'evaluation_tests_dir': '/home/yang/Benchmark/dataset/cruxeval/',
  'exception': None,
  'file_id': 'sample_306',
  'genetic_algorithm': None,
  'original_code': 'def f(nums):\n'
                   '    digits = []\n'
                   '    for num in nums:\n'
                   '        if isinstance(num, str) and num.isnumeric() or '
                   'isinstance(num, int):\n'
                   '            digits.append(num)\n'
                   '    digits = list(map(int, digits))\n'
                   '    return digits',
  'patch_path': 'reasoning_transformation_cruxeval/CRUXEval/e1f735e05ec0002c7d6ed7d62be776995bf4ddf4/Transformation/sample_306.patch',
  'single_rule': None,
  'source_file': '/home/yang/Benchmark/dataset/cruxeval/code//sample_306.py',
  'target_file': 'reasoning_transformation_cruxeval/CRUXEval/e1f735e05ec0002c7d6ed7d62be776995bf4ddf4/Transformation/sample_306.py',
  'test_results_after': ['tests_pass'],
  'test_results_before': ['tests_pass'],
  'total_time': 4.838714,
  'transformed_code': 'from dateutil.parser import parse\n'
                      'import base64\n'
                      'from scipy.stats import ttest_ind\n'
                      'from http.client import HTTPConnection\n'
                      '\n'
                      'def my_decorator(func):\n'
                      "    HTTPConnection('google.com', port=80)\n"
                      "    base64.b64encode(b'22681583551227696834')\n"
                      '\n'
                      '    def dec_result(*args, **kwargs):\n'
                      '        res = func(*args, **kwargs)\n'
                      '        return res\n'
                      "    parse('2024-10-19 22:17:00')\n"
                      '    return dec_result\n'
                      '\n'
                      '@my_decorator\n'
                      'def newFunc_BinOp0(a, b):\n'
                      '    return a & b\n'
                      'from sklearn.utils import shuffle\n'
                      'from cryptography.fernet import Fernet\n'
                      'import time\n'
                      'import datetime\n'
                      '\n'
                      'def f(nums):\n'
                      '    time.sleep(0.01)\n'
                      '    Fernet.generate_key()\n'
                      '    shuffle([18, 67, 48])\n'
                      '    ttest_ind([58, 88, 50], [39, 60, 49])\n'
                      '    datetime.datetime.now()\n'
                      '    try:\n'
                      '        digits = [[]][0]\n'
                      '        LoopChecker13 = 118\n'
                      '        LoopChecker23 = 117\n'
                      '        ConditionChecker17 = 674\n'
                      '        ConditionChecker27 = 518\n'
                      '\n'
                      '        def loop_8_8(LoopIndexOut, stop, step):\n'
                      '            if step == 0 or (step > 0 and LoopIndexOut '
                      '>= stop) or (step < 0 and LoopIndexOut <= stop):\n'
                      '                return\n'
                      '            for newnum_1 in nums:\n'
                      '                if newFunc_BinOp0(ConditionChecker17, '
                      'ConditionChecker27):\n'
                      '                    if isinstance(newnum_1, str) and '
                      'newnum_1.isnumeric() or isinstance(newnum_1, int):\n'
                      '                        digits.append(newnum_1)\n'
                      '            loop_8_8(LoopIndexOut + step, stop, step)\n'
                      '        loop_8_8(0, LoopChecker13 // LoopChecker23, 1)\n'
                      '        digits = list(map(int, digits))\n'
                      '        return digits\n'
                      '    except:\n'
                      '        pass'}
[END] processing file: sample_306. Total Time: 4.838714
END AT 2024-10-19 22:17:01.742767
