STARTING AT 2024-10-19 22:00:18.336707
[START] processing file: sample_167
*Running tests for: sample_167
 
Result: ['tests_pass']
tests_pass sample_167 /home/yang/Benchmark/dataset/cruxeval/code//sample_167.py
Apply all rules on a single file.
Checking transformation add_nested_while_out
*Running tests for: sample_167
 
Result: ['tests_pass']
Checking transformation add_nested_list
*Running tests for: sample_167
 
Result: ['tests_pass']
Checking transformation add_datetime
*Running tests for: sample_167
 
Result: ['tests_pass']
Checking transformation add_time
*Running tests for: sample_167
 
Result: ['tests_pass']
Checking transformation create_functions
*Running tests for: sample_167
 
Result: ['tests_pass']
Checking transformation add_decorator
*Running tests for: sample_167
 
Result: ['tests_pass']
Checking transformation add_http
*Running tests for: sample_167
 
Result: ['tests_pass']
Checking transformation add_scipy
*Running tests for: sample_167
 
Result: ['tests_pass']
Checking transformation add_base64
*Running tests for: sample_167
 
Result: ['tests_pass']
Checking transformation add_dateutil
*Running tests for: sample_167
 
Result: ['tests_pass']
The file 'reasoning_transformation_cruxeval/CRUXEval/e1f735e05ec0002c7d6ed7d62be776995bf4ddf4/Transformation/sample_167.py' has been formatted successfully.
Checking reasoning_transformation_cruxeval/CRUXEval/e1f735e05ec0002c7d6ed7d62be776995bf4ddf4/Transformation/sample_167.py
*Running tests for: sample_167
 
Result: ['tests_pass']
{ 'applicable_rules': [ 'change_var_names',
                        'add_nested_while_out',
                        'add_try_except_inside_functions',
                        'add_else_to_while',
                        'add_nested_list',
                        'add_datetime',
                        'add_time',
                        'add_crypto',
                        'add_sklearn',
                        'create_functions',
                        'add_decorator',
                        'add_http',
                        'add_scipy',
                        'add_base64',
                        'add_dateutil',
                        'changing_AugAssign'],
  'diff_output': 'reasoning_transformation_cruxeval/CRUXEval/e1f735e05ec0002c7d6ed7d62be776995bf4ddf4/Transformation/sample_167.patch',
  'evaluation_tests_dir': '/home/yang/Benchmark/dataset/cruxeval/',
  'exception': None,
  'file_id': 'sample_167',
  'genetic_algorithm': None,
  'original_code': 'def f(XAAXX, s):\n'
                   '    count = 0\n'
                   '    idx = -1\n'
                   "    while XAAXX.find('XXXX', idx + 1) != -1:\n"
                   "        idx = XAAXX.find('XXXX', idx + 1)\n"
                   '        count += 1\n'
                   '    compound = count * s.title()\n'
                   "    return XAAXX.replace('XXXX', compound)",
  'patch_path': 'reasoning_transformation_cruxeval/CRUXEval/e1f735e05ec0002c7d6ed7d62be776995bf4ddf4/Transformation/sample_167.patch',
  'single_rule': None,
  'source_file': '/home/yang/Benchmark/dataset/cruxeval/code//sample_167.py',
  'target_file': 'reasoning_transformation_cruxeval/CRUXEval/e1f735e05ec0002c7d6ed7d62be776995bf4ddf4/Transformation/sample_167.py',
  'test_results_after': ['tests_pass'],
  'test_results_before': ['tests_pass'],
  'total_time': 6.577787,
  'transformed_code': 'from dateutil.parser import parse\n'
                      'import base64\n'
                      'from scipy.stats import ttest_ind\n'
                      'from http.client import HTTPConnection\n'
                      '\n'
                      'def my_decorator(func):\n'
                      "    parse('2024-10-19 22:00:23')\n"
                      "    base64.b64encode(b'83548450630333359541')\n"
                      '\n'
                      '    def dec_result(*args, **kwargs):\n'
                      '        res = func(*args, **kwargs)\n'
                      '        return res\n'
                      '    return dec_result\n'
                      '\n'
                      '@my_decorator\n'
                      'def newFunc0_23(s, count):\n'
                      '    ttest_ind([76, 94, 56], [36, 27, 18])\n'
                      '    return count * s.title()\n'
                      'from sklearn.utils import shuffle\n'
                      'from cryptography.fernet import Fernet\n'
                      'import time\n'
                      'import datetime\n'
                      '\n'
                      'def f(XAAXX, s):\n'
                      '    Fernet.generate_key()\n'
                      "    HTTPConnection('google.com', port=80)\n"
                      '    time.sleep(0.25)\n'
                      '    datetime.datetime.now()\n'
                      '    shuffle([15, 76, 31])\n'
                      '    try:\n'
                      '        count = [0][0]\n'
                      '        newidx_1 = -1\n'
                      '        whileloopchecker14 = 697\n'
                      '        whileloopchecker24 = 696\n'
                      '        while whileloopchecker14 % whileloopchecker24 '
                      '== 1:\n'
                      '            whileloopchecker14 = whileloopchecker14 + '
                      '1\n'
                      "            while XAAXX.find('XXXX', newidx_1 + 1) != "
                      '-1:\n'
                      "                newidx_1 = XAAXX.find('XXXX', newidx_1 "
                      '+ 1)\n'
                      '                count += 1\n'
                      '        else:\n'
                      '            pass\n'
                      '        compound = newFunc0_23(s, count)\n'
                      "        return XAAXX.replace('XXXX', compound)\n"
                      '    except:\n'
                      '        pass'}
[END] processing file: sample_167. Total Time: 6.577787
END AT 2024-10-19 22:00:24.915829
