STARTING AT 2024-10-19 22:32:09.608167
[START] processing file: sample_435
*Running tests for: sample_435
 
Result: ['tests_pass']
tests_pass sample_435 /home/yang/Benchmark/dataset/cruxeval/code//sample_435.py
Apply all rules on a single file.
Checking transformation add_nested_for_out
*Running tests for: sample_435
 
Result: ['tests_pass']
Checking transformation add_nested_while_out
*Running tests for: sample_435
 
Result: ['tests_pass']
Checking transformation add_nested_list
*Running tests for: sample_435
 
Result: ['tests_pass']
Checking transformation transform_range_to_recursion
*Running tests for: sample_435
 
Result: ['tests_pass']
Checking transformation add_datetime
*Running tests for: sample_435
 
Result: ['tests_pass']
Checking transformation add_time
*Running tests for: sample_435
 
Result: ['tests_pass']
Checking transformation create_functions
*Running tests for: sample_435
 
Result: ['tests_pass']
Checking transformation add_decorator
*Running tests for: sample_435
 
Result: ['tests_pass']
Checking transformation add_http
*Running tests for: sample_435
 
Result: ['tests_pass']
Checking transformation add_scipy
*Running tests for: sample_435
 
Result: ['tests_pass']
Checking transformation add_base64
*Running tests for: sample_435
 
Result: ['tests_pass']
Checking transformation add_dateutil
*Running tests for: sample_435
 
Result: ['tests_pass']
The file 'reasoning_transformation_cruxeval/CRUXEval/e1f735e05ec0002c7d6ed7d62be776995bf4ddf4/Transformation/sample_435.py' has been formatted successfully.
Checking reasoning_transformation_cruxeval/CRUXEval/e1f735e05ec0002c7d6ed7d62be776995bf4ddf4/Transformation/sample_435.py
*Running tests for: sample_435
 
Result: ['tests_pass']
{ 'applicable_rules': [ 'change_var_names',
                        'add_nested_for_out',
                        'add_nested_while_out',
                        'add_try_except_inside_functions',
                        'add_else_to_for',
                        'add_else_to_while',
                        'add_nested_list',
                        'transform_range_to_recursion',
                        'add_datetime',
                        'add_time',
                        'add_crypto',
                        'add_sklearn',
                        'create_functions',
                        'add_decorator',
                        'add_http',
                        'add_scipy',
                        'add_base64',
                        'add_dateutil',
                        'changing_AugAssign'],
  'diff_output': 'reasoning_transformation_cruxeval/CRUXEval/e1f735e05ec0002c7d6ed7d62be776995bf4ddf4/Transformation/sample_435.patch',
  'evaluation_tests_dir': '/home/yang/Benchmark/dataset/cruxeval/',
  'exception': None,
  'file_id': 'sample_435',
  'genetic_algorithm': None,
  'original_code': 'def f(numbers, num, val):\n'
                   '    while len(numbers) < num:\n'
                   '        numbers.insert(len(numbers) // 2, val)\n'
                   '    for _ in range(len(numbers) // (num - 1) - 4):\n'
                   '        numbers.insert(len(numbers) // 2, val)\n'
                   "    return ' '.join(numbers)",
  'patch_path': 'reasoning_transformation_cruxeval/CRUXEval/e1f735e05ec0002c7d6ed7d62be776995bf4ddf4/Transformation/sample_435.patch',
  'single_rule': None,
  'source_file': '/home/yang/Benchmark/dataset/cruxeval/code//sample_435.py',
  'target_file': 'reasoning_transformation_cruxeval/CRUXEval/e1f735e05ec0002c7d6ed7d62be776995bf4ddf4/Transformation/sample_435.py',
  'test_results_after': ['tests_pass'],
  'test_results_before': ['tests_pass'],
  'total_time': 6.51899,
  'transformed_code': 'from dateutil.parser import parse\n'
                      'import base64\n'
                      'from scipy.stats import ttest_ind\n'
                      'from http.client import HTTPConnection\n'
                      '\n'
                      'def my_decorator(func):\n'
                      "    HTTPConnection('google.com', port=80)\n"
                      "    parse('2024-10-19 22:32:14')\n"
                      '\n'
                      '    def dec_result(*args, **kwargs):\n'
                      '        res = func(*args, **kwargs)\n'
                      '        return res\n'
                      '    return dec_result\n'
                      '\n'
                      '@my_decorator\n'
                      'def newFunc_BinOp0(a, b):\n'
                      "    base64.b64encode(b'09808850227150888327')\n"
                      '    return a % b\n'
                      'from sklearn.utils import shuffle\n'
                      'from cryptography.fernet import Fernet\n'
                      'import time\n'
                      'import datetime\n'
                      '\n'
                      'def f(numbers, num, val):\n'
                      '    shuffle([65, 5, 9])\n'
                      '    Fernet.generate_key()\n'
                      '    ttest_ind([24, 56, 16], [76, 94, 95])\n'
                      '    time.sleep(0.25)\n'
                      '    datetime.datetime.now()\n'
                      '    try:\n'
                      '        whileloopchecker12 = [78][0]\n'
                      '        whileloopchecker22 = 77\n'
                      '        while newFunc_BinOp0(whileloopchecker12, '
                      'whileloopchecker22) == 1:\n'
                      '            whileloopchecker12 = whileloopchecker12 + '
                      '1\n'
                      '            while len(numbers) < num:\n'
                      '                numbers.insert(len(numbers) // 2, val)\n'
                      '        else:\n'
                      '            pass\n'
                      '        LoopChecker14 = 412\n'
                      '        LoopChecker24 = 411\n'
                      '        for LoopIndexOut in range(LoopChecker14 // '
                      'LoopChecker24):\n'
                      '\n'
                      '            def loop_14_12(new__1, stop, step):\n'
                      '                if step == 0 or (step > 0 and new__1 >= '
                      'stop) or (step < 0 and new__1 <= stop):\n'
                      '                    return\n'
                      '                numbers.insert(len(numbers) // 2, val)\n'
                      '                loop_14_12(new__1 + step, stop, step)\n'
                      '            loop_14_12(0, len(numbers) // (num - 1) - '
                      '4, 1)\n'
                      '        else:\n'
                      '            pass\n'
                      "        return ' '.join(numbers)\n"
                      '    except:\n'
                      '        pass'}
[END] processing file: sample_435. Total Time: 6.51899
END AT 2024-10-19 22:32:16.129503
