STARTING AT 2024-10-19 21:53:30.277826
[START] processing file: sample_10
*Running tests for: sample_10
 
Result: ['tests_pass']
tests_pass sample_10 /home/yang/Benchmark/dataset/cruxeval/code//sample_10.py
Apply all rules on a single file.
Checking transformation add_nested_for_out
*Running tests for: sample_10
 
Result: ['tests_pass']
Checking transformation add_nested_if
*Running tests for: sample_10
 
Result: ['tests_pass']
Checking transformation add_nested_list
*Running tests for: sample_10
 
Result: ['tests_pass']
Checking transformation transform_range_to_recursion
*Running tests for: sample_10
 
Result: ['tests_pass']
Checking transformation add_datetime
*Running tests for: sample_10
 
Result: ['tests_pass']
Checking transformation add_time
*Running tests for: sample_10
 
Result: ['tests_pass']
Checking transformation create_functions
*Running tests for: sample_10
 
Result: ['tests_pass']
Checking transformation add_decorator
*Running tests for: sample_10
 
Result: ['tests_pass']
Checking transformation add_http
*Running tests for: sample_10
 
Result: ['tests_pass']
Checking transformation add_scipy
*Running tests for: sample_10
 
Result: ['tests_pass']
Checking transformation add_base64
*Running tests for: sample_10
 
Result: ['tests_pass']
Checking transformation add_dateutil
*Running tests for: sample_10
 
Result: ['tests_pass']
The file 'reasoning_transformation_cruxeval/CRUXEval/e1f735e05ec0002c7d6ed7d62be776995bf4ddf4/Transformation/sample_10.py' has been formatted successfully.
Checking reasoning_transformation_cruxeval/CRUXEval/e1f735e05ec0002c7d6ed7d62be776995bf4ddf4/Transformation/sample_10.py
*Running tests for: sample_10
 
Result: ['tests_pass']
{ 'applicable_rules': [ 'change_var_names',
                        'add_nested_for_out',
                        'add_nested_if',
                        'add_try_except_inside_functions',
                        'add_else_to_for',
                        'add_nested_list',
                        'transform_range_to_recursion',
                        'add_datetime',
                        'add_time',
                        'add_crypto',
                        'add_sklearn',
                        'create_functions',
                        'add_decorator',
                        'add_http',
                        'add_scipy',
                        'add_base64',
                        'add_dateutil',
                        'changing_AugAssign'],
  'diff_output': 'reasoning_transformation_cruxeval/CRUXEval/e1f735e05ec0002c7d6ed7d62be776995bf4ddf4/Transformation/sample_10.patch',
  'evaluation_tests_dir': '/home/yang/Benchmark/dataset/cruxeval/',
  'exception': None,
  'file_id': 'sample_10',
  'genetic_algorithm': None,
  'original_code': 'def f(text):\n'
                   "    new_text = ''\n"
                   '    for ch in text.lower().strip():\n'
                   "        if ch.isnumeric() or ch in 'ÄäÏïÖöÜü':\n"
                   '            new_text += ch\n'
                   '    return new_text',
  'patch_path': 'reasoning_transformation_cruxeval/CRUXEval/e1f735e05ec0002c7d6ed7d62be776995bf4ddf4/Transformation/sample_10.patch',
  'single_rule': None,
  'source_file': '/home/yang/Benchmark/dataset/cruxeval/code//sample_10.py',
  'target_file': 'reasoning_transformation_cruxeval/CRUXEval/e1f735e05ec0002c7d6ed7d62be776995bf4ddf4/Transformation/sample_10.py',
  'test_results_after': ['tests_pass'],
  'test_results_before': ['tests_pass'],
  'total_time': 6.923008,
  'transformed_code': 'from dateutil.parser import parse\n'
                      'import base64\n'
                      'from scipy.stats import ttest_ind\n'
                      'from http.client import HTTPConnection\n'
                      '\n'
                      'def my_decorator(func):\n'
                      '\n'
                      '    def dec_result(*args, **kwargs):\n'
                      '        res = func(*args, **kwargs)\n'
                      '        return res\n'
                      '    return dec_result\n'
                      '\n'
                      '@my_decorator\n'
                      'def newFunc_BinOp0(a, b):\n'
                      '    return a & b\n'
                      'from sklearn.utils import shuffle\n'
                      'from cryptography.fernet import Fernet\n'
                      'import time\n'
                      'import datetime\n'
                      '\n'
                      'def f(text):\n'
                      "    base64.b64encode(b'67597345701535737810')\n"
                      '    shuffle([68, 73, 25])\n'
                      "    parse('2024-10-19 21:53:35')\n"
                      '    datetime.datetime.now()\n'
                      "    HTTPConnection('google.com', port=80)\n"
                      '    time.sleep(0.27)\n'
                      '    Fernet.generate_key()\n'
                      '    ttest_ind([3, 77, 85], [1, 29, 41])\n'
                      '    try:\n'
                      "        new_text = [''][0]\n"
                      '        LoopChecker13 = 578\n'
                      '        LoopChecker23 = 577\n'
                      '        ConditionChecker17 = 993\n'
                      '        ConditionChecker27 = 20\n'
                      '\n'
                      '        def loop_8_8(LoopIndexOut, stop, step):\n'
                      '            nonlocal new_text\n'
                      '            if step == 0 or (step > 0 and LoopIndexOut '
                      '>= stop) or (step < 0 and LoopIndexOut <= stop):\n'
                      '                return\n'
                      '            for newch_1 in text.lower().strip():\n'
                      '                if newFunc_BinOp0(ConditionChecker17, '
                      'ConditionChecker27):\n'
                      '                    if newch_1.isnumeric() or newch_1 '
                      "in 'ÄäÏïÖöÜü':\n"
                      '                        new_text = new_text + newch_1\n'
                      '            loop_8_8(LoopIndexOut + step, stop, step)\n'
                      '        loop_8_8(0, LoopChecker13 // LoopChecker23, 1)\n'
                      '        return new_text\n'
                      '    except:\n'
                      '        pass'}
[END] processing file: sample_10. Total Time: 6.923008
END AT 2024-10-19 21:53:37.202602
