STARTING AT 2024-10-19 22:23:52.077459
[START] processing file: sample_365
*Running tests for: sample_365
 
Result: ['tests_pass']
tests_pass sample_365 /home/yang/Benchmark/dataset/cruxeval/code//sample_365.py
Apply all rules on a single file.
Checking transformation add_nested_if
*Running tests for: sample_365
 
Result: ['tests_pass']
Checking transformation add_nested_list
*Running tests for: sample_365
 
Result: ['tests_pass']
Checking transformation add_datetime
*Running tests for: sample_365
 
Result: ['tests_pass']
Checking transformation add_time
*Running tests for: sample_365
 
Result: ['tests_pass']
def newFunc_15545(arg0, arg1):
    return arg0 + arg1
Checking transformation create_functions
*Running tests for: sample_365
 
Result: ['tests_pass']
Checking transformation add_decorator
*Running tests for: sample_365
 
Result: ['tests_pass']
Checking transformation add_http
*Running tests for: sample_365
 
Result: ['tests_pass']
Checking transformation add_scipy
*Running tests for: sample_365
 
Result: ['tests_pass']
Checking transformation add_base64
*Running tests for: sample_365
 
Result: ['tests_pass']
Checking transformation add_dateutil
*Running tests for: sample_365
 
Result: ['tests_pass']
The file 'reasoning_transformation_cruxeval/CRUXEval/e1f735e05ec0002c7d6ed7d62be776995bf4ddf4/Transformation/sample_365.py' has been formatted successfully.
Checking reasoning_transformation_cruxeval/CRUXEval/e1f735e05ec0002c7d6ed7d62be776995bf4ddf4/Transformation/sample_365.py
*Running tests for: sample_365
 
Result: ['tests_pass']
{ 'applicable_rules': [ 'change_var_names',
                        'add_nested_if',
                        'add_try_except_inside_functions',
                        'add_nested_list',
                        'add_datetime',
                        'add_time',
                        'add_crypto',
                        'add_sklearn',
                        'create_functions',
                        'add_decorator',
                        'add_http',
                        'add_scipy',
                        'add_base64',
                        'add_dateutil'],
  'diff_output': 'reasoning_transformation_cruxeval/CRUXEval/e1f735e05ec0002c7d6ed7d62be776995bf4ddf4/Transformation/sample_365.patch',
  'evaluation_tests_dir': '/home/yang/Benchmark/dataset/cruxeval/',
  'exception': None,
  'file_id': 'sample_365',
  'genetic_algorithm': None,
  'original_code': 'def f(n, s):\n'
                   '    if s.startswith(n):\n'
                   '        (pre, _) = s.split(n, 1)\n'
                   '        return pre + n + s[len(n):]\n'
                   '    return s',
  'patch_path': 'reasoning_transformation_cruxeval/CRUXEval/e1f735e05ec0002c7d6ed7d62be776995bf4ddf4/Transformation/sample_365.patch',
  'single_rule': None,
  'source_file': '/home/yang/Benchmark/dataset/cruxeval/code//sample_365.py',
  'target_file': 'reasoning_transformation_cruxeval/CRUXEval/e1f735e05ec0002c7d6ed7d62be776995bf4ddf4/Transformation/sample_365.py',
  'test_results_after': ['tests_pass'],
  'test_results_before': ['tests_pass'],
  'total_time': 6.803286,
  'transformed_code': 'from dateutil.parser import parse\n'
                      'import base64\n'
                      'from scipy.stats import ttest_ind\n'
                      'from http.client import HTTPConnection\n'
                      '\n'
                      'def my_decorator(func):\n'
                      '    ttest_ind([87, 42, 91], [49, 63, 65])\n'
                      "    parse('2024-10-19 22:23:57')\n"
                      '\n'
                      '    def dec_result(*args, **kwargs):\n'
                      '        res = func(*args, **kwargs)\n'
                      '        return res\n'
                      '    return dec_result\n'
                      '\n'
                      '@my_decorator\n'
                      'def newFunc_15545(arg0, arg1):\n'
                      "    base64.b64encode(b'05822875309562225842')\n"
                      "    HTTPConnection('google.com', port=80)\n"
                      '    return arg0 + arg1\n'
                      'from sklearn.utils import shuffle\n'
                      'from cryptography.fernet import Fernet\n'
                      'import time\n'
                      'import datetime\n'
                      '\n'
                      'def f(n, s):\n'
                      '    shuffle([24, 64, 22])\n'
                      '    Fernet.generate_key()\n'
                      '    datetime.datetime.now()\n'
                      '    time.sleep(0.28)\n'
                      '    try:\n'
                      '        ConditionChecker12 = [741][0]\n'
                      '        ConditionChecker22 = 999\n'
                      '        if ConditionChecker12 & ConditionChecker22:\n'
                      '            if s.startswith(n):\n'
                      '                (newpre_1, _) = s.split(n, 1)\n'
                      '                return newFunc_15545(newpre_1 + n, '
                      's[len(n):])\n'
                      '        return s\n'
                      '    except:\n'
                      '        pass'}
[END] processing file: sample_365. Total Time: 6.803286
END AT 2024-10-19 22:23:58.882790
