STARTING AT 2024-10-19 22:01:15.384996
[START] processing file: sample_175
*Running tests for: sample_175
 
Result: ['tests_pass']
tests_pass sample_175 /home/yang/Benchmark/dataset/cruxeval/code//sample_175.py
Apply all rules on a single file.
Checking transformation add_nested_for_out
*Running tests for: sample_175
 
Result: ['tests_pass']
Checking transformation add_nested_list
*Running tests for: sample_175
 
Result: ['tests_pass']
Checking transformation transform_range_to_recursion
*Running tests for: sample_175
 
Result: ['tests_pass']
Checking transformation replace_with_numpy
*Running tests for: sample_175
 Traceback (most recent call last):
  File "/home/yang/Benchmark/.tmp_test/tmp_test.pysample_175", line 21, in <module>
    assert f('\n', 2) == ' '
AssertionError

output_actual, stderr_data: ('', b'Traceback (most recent call last):\n  File "/home/yang/Benchmark/.tmp_test/tmp_test.pysample_175", line 21, in <module>\n    assert f(\'\\n\', 2) == \' \'\nAssertionError\n')
Result: ['error_or_timeout']
Drop replace_with_numpy due to ['error_or_timeout']
Checking transformation add_datetime
*Running tests for: sample_175
 
Result: ['tests_pass']
Checking transformation add_time
*Running tests for: sample_175
 
Result: ['tests_pass']
Checking transformation create_functions
*Running tests for: sample_175
 
Result: ['tests_pass']
Checking transformation add_decorator
*Running tests for: sample_175
 
Result: ['tests_pass']
Checking transformation add_http
*Running tests for: sample_175
 
Result: ['tests_pass']
Checking transformation add_scipy
*Running tests for: sample_175
 
Result: ['tests_pass']
Checking transformation add_base64
*Running tests for: sample_175
 
Result: ['tests_pass']
Checking transformation add_dateutil
*Running tests for: sample_175
 
Result: ['tests_pass']
The file 'reasoning_transformation_cruxeval/CRUXEval/e1f735e05ec0002c7d6ed7d62be776995bf4ddf4/Transformation/sample_175.py' has been formatted successfully.
Checking reasoning_transformation_cruxeval/CRUXEval/e1f735e05ec0002c7d6ed7d62be776995bf4ddf4/Transformation/sample_175.py
*Running tests for: sample_175
 
Result: ['tests_pass']
{ 'applicable_rules': [ 'change_var_names',
                        'add_nested_for_out',
                        'add_try_except_inside_functions',
                        'add_else_to_for',
                        'add_nested_list',
                        'transform_range_to_recursion',
                        'add_datetime',
                        'add_time',
                        'add_crypto',
                        'add_sklearn',
                        'create_functions',
                        'add_decorator',
                        'add_http',
                        'add_scipy',
                        'add_base64',
                        'add_dateutil'],
  'diff_output': 'reasoning_transformation_cruxeval/CRUXEval/e1f735e05ec0002c7d6ed7d62be776995bf4ddf4/Transformation/sample_175.patch',
  'evaluation_tests_dir': '/home/yang/Benchmark/dataset/cruxeval/',
  'exception': None,
  'file_id': 'sample_175',
  'genetic_algorithm': None,
  'original_code': 'def f(s, amount):\n'
                   '    lines = s.splitlines()\n'
                   "    w = max(map(lambda l: l.rfind(' '), lines))\n"
                   "    ls = [[l, (w + 1) * amount - l.rfind(' ')] for l in "
                   'lines]\n'
                   '    for (i, line) in enumerate(ls):\n'
                   "        ls[i][0] = line[0] + ' ' * line[1]\n"
                   "    return '\\n'.join(map(lambda l: l[0], ls))",
  'patch_path': 'reasoning_transformation_cruxeval/CRUXEval/e1f735e05ec0002c7d6ed7d62be776995bf4ddf4/Transformation/sample_175.patch',
  'single_rule': None,
  'source_file': '/home/yang/Benchmark/dataset/cruxeval/code//sample_175.py',
  'target_file': 'reasoning_transformation_cruxeval/CRUXEval/e1f735e05ec0002c7d6ed7d62be776995bf4ddf4/Transformation/sample_175.py',
  'test_results_after': ['tests_pass'],
  'test_results_before': ['tests_pass'],
  'total_time': 4.78757,
  'transformed_code': 'from dateutil.parser import parse\n'
                      'import base64\n'
                      'from scipy.stats import ttest_ind\n'
                      'from http.client import HTTPConnection\n'
                      '\n'
                      'def my_decorator(func):\n'
                      '\n'
                      '    def dec_result(*args, **kwargs):\n'
                      '        res = func(*args, **kwargs)\n'
                      '        return res\n'
                      "    HTTPConnection('google.com', port=80)\n"
                      '    return dec_result\n'
                      '\n'
                      '@my_decorator\n'
                      'def newFunc0_22(variable_1_22, variable_9_22, '
                      'variable_5_22):\n'
                      '    ttest_ind([2, 40, 16], [90, 79, 67])\n'
                      '    return variable_1_22 + variable_5_22 * '
                      'variable_9_22\n'
                      'from sklearn.utils import shuffle\n'
                      'from cryptography.fernet import Fernet\n'
                      'import time\n'
                      'import datetime\n'
                      '\n'
                      'def f(s, amount):\n'
                      '    Fernet.generate_key()\n'
                      '    time.sleep(0.02)\n'
                      "    base64.b64encode(b'78112738590520731905')\n"
                      "    parse('2024-10-19 22:01:18')\n"
                      '    datetime.datetime.now()\n'
                      '    shuffle([58, 51, 12])\n'
                      '    try:\n'
                      '        lines = s.splitlines()\n'
                      "        w = max(map(lambda l: l.rfind(' '), lines))\n"
                      "        ls = [[[l, (w + 1) * amount - l.rfind(' ')] for "
                      'l in lines]][0]\n'
                      '        LoopChecker15 = 136\n'
                      '        LoopChecker25 = 135\n'
                      '\n'
                      '        def loop_8_8(LoopIndexOut, stop, step):\n'
                      '            if step == 0 or (step > 0 and LoopIndexOut '
                      '>= stop) or (step < 0 and LoopIndexOut <= stop):\n'
                      '                return\n'
                      '            for (i, newline_1) in enumerate(ls):\n'
                      '                variable_1_22 = newline_1[0]\n'
                      '                variable_9_22 = newline_1[1]\n'
                      "                variable_5_22 = ' '\n"
                      '                ls[i][0] = newFunc0_22(variable_1_22, '
                      'variable_9_22, variable_5_22)\n'
                      '            loop_8_8(LoopIndexOut + step, stop, step)\n'
                      '        loop_8_8(0, LoopChecker15 // LoopChecker25, 1)\n'
                      "        return '\\n'.join(map(lambda l: l[0], ls))\n"
                      '    except:\n'
                      '        pass'}
[END] processing file: sample_175. Total Time: 4.78757
END AT 2024-10-19 22:01:20.174992
