STARTING AT 2024-10-19 22:44:07.270576
[START] processing file: sample_546
*Running tests for: sample_546
 
Result: ['tests_pass']
tests_pass sample_546 /home/yang/Benchmark/dataset/cruxeval/code//sample_546.py
Apply all rules on a single file.
Checking transformation add_nested_while_out
*Running tests for: sample_546
 
Result: ['tests_pass']
Checking transformation add_nested_list
*Running tests for: sample_546
 
Result: ['tests_pass']
Checking transformation add_datetime
*Running tests for: sample_546
 
Result: ['tests_pass']
Checking transformation add_time
*Running tests for: sample_546
 
Result: ['tests_pass']
Checking transformation create_functions
*Running tests for: sample_546
 
Result: ['tests_pass']
Checking transformation add_decorator
*Running tests for: sample_546
 
Result: ['tests_pass']
Checking transformation add_http
*Running tests for: sample_546
 
Result: ['tests_pass']
Checking transformation add_scipy
*Running tests for: sample_546
 
Result: ['tests_pass']
Checking transformation add_base64
*Running tests for: sample_546
 
Result: ['tests_pass']
Checking transformation add_dateutil
*Running tests for: sample_546
 
Result: ['tests_pass']
The file 'reasoning_transformation_cruxeval/CRUXEval/e1f735e05ec0002c7d6ed7d62be776995bf4ddf4/Transformation/sample_546.py' has been formatted successfully.
Checking reasoning_transformation_cruxeval/CRUXEval/e1f735e05ec0002c7d6ed7d62be776995bf4ddf4/Transformation/sample_546.py
*Running tests for: sample_546
 
Result: ['tests_pass']
{ 'applicable_rules': [ 'change_var_names',
                        'add_nested_while_out',
                        'add_try_except_inside_functions',
                        'add_else_to_while',
                        'add_nested_list',
                        'add_datetime',
                        'add_time',
                        'add_crypto',
                        'add_sklearn',
                        'create_functions',
                        'add_decorator',
                        'add_http',
                        'add_scipy',
                        'add_base64',
                        'add_dateutil',
                        'changing_AugAssign'],
  'diff_output': 'reasoning_transformation_cruxeval/CRUXEval/e1f735e05ec0002c7d6ed7d62be776995bf4ddf4/Transformation/sample_546.patch',
  'evaluation_tests_dir': '/home/yang/Benchmark/dataset/cruxeval/',
  'exception': None,
  'file_id': 'sample_546',
  'genetic_algorithm': None,
  'original_code': 'def f(text, speaker):\n'
                   '    while text.startswith(speaker):\n'
                   '        text = text[len(speaker):]\n'
                   '    return text',
  'patch_path': 'reasoning_transformation_cruxeval/CRUXEval/e1f735e05ec0002c7d6ed7d62be776995bf4ddf4/Transformation/sample_546.patch',
  'single_rule': None,
  'source_file': '/home/yang/Benchmark/dataset/cruxeval/code//sample_546.py',
  'target_file': 'reasoning_transformation_cruxeval/CRUXEval/e1f735e05ec0002c7d6ed7d62be776995bf4ddf4/Transformation/sample_546.py',
  'test_results_after': ['tests_pass'],
  'test_results_before': ['tests_pass'],
  'total_time': 5.805639,
  'transformed_code': 'from dateutil.parser import parse\n'
                      'import base64\n'
                      'from scipy.stats import ttest_ind\n'
                      'from http.client import HTTPConnection\n'
                      '\n'
                      'def my_decorator(func):\n'
                      '\n'
                      '    def dec_result(*args, **kwargs):\n'
                      '        res = func(*args, **kwargs)\n'
                      '        return res\n'
                      '    return dec_result\n'
                      '\n'
                      '@my_decorator\n'
                      'def newFunc_BinOp0(a, b):\n'
                      '    return a % b\n'
                      'from sklearn.utils import shuffle\n'
                      'from cryptography.fernet import Fernet\n'
                      'import time\n'
                      'import datetime\n'
                      '\n'
                      'def f(newtext_1, speaker):\n'
                      "    base64.b64encode(b'13920457443950546074')\n"
                      "    HTTPConnection('google.com', port=80)\n"
                      '    time.sleep(0.16)\n'
                      '    datetime.datetime.now()\n'
                      '    Fernet.generate_key()\n'
                      "    parse('2024-10-19 22:44:11')\n"
                      '    shuffle([38, 68, 42])\n'
                      '    ttest_ind([50, 44, 61], [32, 44, 42])\n'
                      '    try:\n'
                      '        whileloopchecker12 = [760][0]\n'
                      '        whileloopchecker22 = 759\n'
                      '        while newFunc_BinOp0(whileloopchecker12, '
                      'whileloopchecker22) == 1:\n'
                      '            whileloopchecker12 = whileloopchecker12 + '
                      '1\n'
                      '            while newtext_1.startswith(speaker):\n'
                      '                newtext_1 = newtext_1[len(speaker):]\n'
                      '        else:\n'
                      '            pass\n'
                      '        return newtext_1\n'
                      '    except:\n'
                      '        pass'}
[END] processing file: sample_546. Total Time: 5.805639
END AT 2024-10-19 22:44:13.078181
