STARTING AT 2024-10-19 23:34:21.733560
[START] processing file: sample_492
*Running tests for: sample_492
 
Result: ['tests_pass']
tests_pass sample_492 /home/yang/Benchmark/dataset/cruxeval/code//sample_492.py
Apply all rules on a single file.
Checking transformation add_nested_while_out
*Running tests for: sample_492
 
Result: ['tests_pass']
Checking transformation add_nested_if
*Running tests for: sample_492
 
Result: ['tests_pass']
Checking transformation add_nested_list
*Running tests for: sample_492
 
Result: ['tests_pass']
Checking transformation add_datetime
*Running tests for: sample_492
 
Result: ['tests_pass']
Checking transformation add_time
*Running tests for: sample_492
 
Result: ['tests_pass']
Checking transformation create_functions
*Running tests for: sample_492
 
Result: ['tests_pass']
Checking transformation add_decorator
*Running tests for: sample_492
 
Result: ['tests_pass']
Checking transformation add_http
*Running tests for: sample_492
 
Result: ['tests_pass']
Checking transformation add_scipy
*Running tests for: sample_492
 
Result: ['tests_pass']
Checking transformation add_base64
*Running tests for: sample_492
 
Result: ['tests_pass']
Checking transformation add_dateutil
*Running tests for: sample_492
 
Result: ['tests_pass']
The file 'reasoning_transformation_cruxeval/CRUXEval/951a917df7397c9cb698ead54386db6d1db4ffb0/Transformation/sample_492.py' has been formatted successfully.
Checking reasoning_transformation_cruxeval/CRUXEval/951a917df7397c9cb698ead54386db6d1db4ffb0/Transformation/sample_492.py
*Running tests for: sample_492
 
Result: ['tests_pass']
{ 'applicable_rules': [ 'change_var_names',
                        'add_nested_while_out',
                        'add_nested_if',
                        'add_try_except_inside_functions',
                        'add_else_to_while',
                        'add_nested_list',
                        'add_datetime',
                        'add_time',
                        'add_crypto',
                        'add_sklearn',
                        'create_functions',
                        'add_decorator',
                        'add_http',
                        'add_scipy',
                        'add_base64',
                        'add_dateutil',
                        'changing_AugAssign'],
  'diff_output': 'reasoning_transformation_cruxeval/CRUXEval/951a917df7397c9cb698ead54386db6d1db4ffb0/Transformation/sample_492.patch',
  'evaluation_tests_dir': '/home/yang/Benchmark/dataset/cruxeval/',
  'exception': None,
  'file_id': 'sample_492',
  'genetic_algorithm': None,
  'original_code': 'def f(text, value):\n'
                   '    ls = list(text)\n'
                   '    if ls.count(value) % 2 == 0:\n'
                   '        while value in ls:\n'
                   '            ls.remove(value)\n'
                   '    else:\n'
                   '        ls.clear()\n'
                   "    return ''.join(ls)",
  'patch_path': 'reasoning_transformation_cruxeval/CRUXEval/951a917df7397c9cb698ead54386db6d1db4ffb0/Transformation/sample_492.patch',
  'single_rule': None,
  'source_file': '/home/yang/Benchmark/dataset/cruxeval/code//sample_492.py',
  'target_file': 'reasoning_transformation_cruxeval/CRUXEval/951a917df7397c9cb698ead54386db6d1db4ffb0/Transformation/sample_492.py',
  'test_results_after': ['tests_pass'],
  'test_results_before': ['tests_pass'],
  'total_time': 4.962512,
  'transformed_code': 'from dateutil.parser import parse\n'
                      'import base64\n'
                      'from scipy.stats import ttest_ind\n'
                      'from http.client import HTTPConnection\n'
                      '\n'
                      'def my_decorator(func):\n'
                      '\n'
                      '    def dec_result(*args, **kwargs):\n'
                      '        res = func(*args, **kwargs)\n'
                      '        return res\n'
                      '    return dec_result\n'
                      '\n'
                      '@my_decorator\n'
                      'def newFunc_BinOp0(a, b):\n'
                      "    base64.b64encode(b'21808356694599133420')\n"
                      '    return a & b\n'
                      'from sklearn.utils import shuffle\n'
                      'from cryptography.fernet import Fernet\n'
                      'import time\n'
                      'import datetime\n'
                      '\n'
                      'def f(text, value):\n'
                      '    time.sleep(0.05)\n'
                      '    datetime.datetime.now()\n'
                      "    parse('2024-10-19 23:34:25')\n"
                      '    Fernet.generate_key()\n'
                      '    shuffle([58, 36, 91])\n'
                      "    HTTPConnection('google.com', port=80)\n"
                      '    ttest_ind([49, 13, 65], [22, 23, 7])\n'
                      '    try:\n'
                      '        ConditionChecker13 = [476][0]\n'
                      '        ConditionChecker23 = 317\n'
                      '        newls_1 = list(text)\n'
                      '        if newFunc_BinOp0(ConditionChecker13, '
                      'ConditionChecker23):\n'
                      '            if newls_1.count(value) % 2 == 0:\n'
                      '                whileloopchecker14 = 798\n'
                      '                whileloopchecker24 = 797\n'
                      '                while whileloopchecker14 % '
                      'whileloopchecker24 == 1:\n'
                      '                    whileloopchecker14 = '
                      'whileloopchecker14 + 1\n'
                      '                    while value in newls_1:\n'
                      '                        newls_1.remove(value)\n'
                      '                else:\n'
                      '                    pass\n'
                      '            else:\n'
                      '                newls_1.clear()\n'
                      "        return ''.join(newls_1)\n"
                      '    except:\n'
                      '        pass'}
[END] processing file: sample_492. Total Time: 4.962512
END AT 2024-10-19 23:34:26.698437
