STARTING AT 2024-10-19 23:39:32.121704
[START] processing file: sample_725
*Running tests for: sample_725
 
Result: ['tests_pass']
tests_pass sample_725 /home/yang/Benchmark/dataset/cruxeval/code//sample_725.py
Apply all rules on a single file.
Checking transformation add_nested_if
*Running tests for: sample_725
 
Result: ['tests_pass']
Checking transformation add_nested_list
*Running tests for: sample_725
 
Result: ['tests_pass']
Checking transformation add_datetime
*Running tests for: sample_725
 
Result: ['tests_pass']
Checking transformation add_time
*Running tests for: sample_725
 
Result: ['tests_pass']
Checking transformation create_functions
*Running tests for: sample_725
 
Result: ['tests_pass']
Checking transformation add_decorator
*Running tests for: sample_725
 
Result: ['tests_pass']
Checking transformation add_http
*Running tests for: sample_725
 
Result: ['tests_pass']
Checking transformation add_scipy
*Running tests for: sample_725
 
Result: ['tests_pass']
Checking transformation add_base64
*Running tests for: sample_725
 
Result: ['tests_pass']
Checking transformation add_dateutil
*Running tests for: sample_725
 
Result: ['tests_pass']
The file 'reasoning_transformation_cruxeval/CRUXEval/951a917df7397c9cb698ead54386db6d1db4ffb0/Transformation/sample_725.py' has been formatted successfully.
Checking reasoning_transformation_cruxeval/CRUXEval/951a917df7397c9cb698ead54386db6d1db4ffb0/Transformation/sample_725.py
*Running tests for: sample_725
 
Result: ['tests_pass']
{ 'applicable_rules': [ 'change_var_names',
                        'add_nested_if',
                        'add_try_except_inside_functions',
                        'add_nested_list',
                        'add_datetime',
                        'add_time',
                        'add_crypto',
                        'add_sklearn',
                        'create_functions',
                        'add_decorator',
                        'add_http',
                        'add_scipy',
                        'add_base64',
                        'add_dateutil'],
  'diff_output': 'reasoning_transformation_cruxeval/CRUXEval/951a917df7397c9cb698ead54386db6d1db4ffb0/Transformation/sample_725.patch',
  'evaluation_tests_dir': '/home/yang/Benchmark/dataset/cruxeval/',
  'exception': None,
  'file_id': 'sample_725',
  'genetic_algorithm': None,
  'original_code': 'def f(text):\n'
                   "    result_list = ['3', '3', '3', '3']\n"
                   '    if result_list:\n'
                   '        result_list.clear()\n'
                   '    return len(text)',
  'patch_path': 'reasoning_transformation_cruxeval/CRUXEval/951a917df7397c9cb698ead54386db6d1db4ffb0/Transformation/sample_725.patch',
  'single_rule': None,
  'source_file': '/home/yang/Benchmark/dataset/cruxeval/code//sample_725.py',
  'target_file': 'reasoning_transformation_cruxeval/CRUXEval/951a917df7397c9cb698ead54386db6d1db4ffb0/Transformation/sample_725.py',
  'test_results_after': ['tests_pass'],
  'test_results_before': ['tests_pass'],
  'total_time': 4.872494,
  'transformed_code': 'from dateutil.parser import parse\n'
                      'import base64\n'
                      'from scipy.stats import ttest_ind\n'
                      'from http.client import HTTPConnection\n'
                      '\n'
                      'def my_decorator(func):\n'
                      '\n'
                      '    def dec_result(*args, **kwargs):\n'
                      '        res = func(*args, **kwargs)\n'
                      '        return res\n'
                      "    HTTPConnection('google.com', port=80)\n"
                      '    return dec_result\n'
                      '\n'
                      '@my_decorator\n'
                      'def newFunc_BinOp0(a, b):\n'
                      '    ttest_ind([79, 17, 41], [67, 53, 39])\n'
                      "    base64.b64encode(b'34198194274977265522')\n"
                      '    return a & b\n'
                      'from sklearn.utils import shuffle\n'
                      'from cryptography.fernet import Fernet\n'
                      'import time\n'
                      'import datetime\n'
                      '\n'
                      'def f(text):\n'
                      "    parse('2024-10-19 23:39:35')\n"
                      '    shuffle([12, 81, 47])\n'
                      '    datetime.datetime.now()\n'
                      '    time.sleep(0.07)\n'
                      '    Fernet.generate_key()\n'
                      '    try:\n'
                      '        ConditionChecker13 = [682][0]\n'
                      '        ConditionChecker23 = 980\n'
                      "        newresult_list_1 = ['3', '3', '3', '3']\n"
                      '        if newFunc_BinOp0(ConditionChecker13, '
                      'ConditionChecker23):\n'
                      '            if newresult_list_1:\n'
                      '                newresult_list_1.clear()\n'
                      '        return len(text)\n'
                      '    except:\n'
                      '        pass'}
[END] processing file: sample_725. Total Time: 4.872494
END AT 2024-10-19 23:39:36.996193
