STARTING AT 2024-10-19 22:30:22.969254
[START] processing file: sample_41
*Running tests for: sample_41
 
Result: ['tests_pass']
tests_pass sample_41 /home/yang/Benchmark/dataset/cruxeval/code//sample_41.py
Apply all rules on a single file.
Checking transformation add_nested_for_out
*Running tests for: sample_41
 
Result: ['tests_pass']
Checking transformation add_nested_list
*Running tests for: sample_41
 
Result: ['tests_pass']
Checking transformation transform_range_to_recursion
*Running tests for: sample_41
 
Result: ['tests_pass']
Checking transformation add_datetime
*Running tests for: sample_41
 
Result: ['tests_pass']
Checking transformation add_time
*Running tests for: sample_41
 
Result: ['tests_pass']
Checking transformation create_functions
*Running tests for: sample_41
 
Result: ['tests_pass']
Checking transformation add_decorator
*Running tests for: sample_41
 
Result: ['tests_pass']
Checking transformation add_http
*Running tests for: sample_41
 
Result: ['tests_pass']
Checking transformation add_scipy
*Running tests for: sample_41
 
Result: ['tests_pass']
Checking transformation add_base64
*Running tests for: sample_41
 
Result: ['tests_pass']
Checking transformation add_dateutil
*Running tests for: sample_41
 
Result: ['tests_pass']
The file 'reasoning_transformation_cruxeval/CRUXEval/e1f735e05ec0002c7d6ed7d62be776995bf4ddf4/Transformation/sample_41.py' has been formatted successfully.
Checking reasoning_transformation_cruxeval/CRUXEval/e1f735e05ec0002c7d6ed7d62be776995bf4ddf4/Transformation/sample_41.py
*Running tests for: sample_41
 
Result: ['tests_pass']
{ 'applicable_rules': [ 'change_var_names',
                        'add_nested_for_out',
                        'add_try_except_inside_functions',
                        'add_else_to_for',
                        'add_nested_list',
                        'transform_range_to_recursion',
                        'add_datetime',
                        'add_time',
                        'add_crypto',
                        'add_sklearn',
                        'create_functions',
                        'add_decorator',
                        'add_http',
                        'add_scipy',
                        'add_base64',
                        'add_dateutil'],
  'diff_output': 'reasoning_transformation_cruxeval/CRUXEval/e1f735e05ec0002c7d6ed7d62be776995bf4ddf4/Transformation/sample_41.patch',
  'evaluation_tests_dir': '/home/yang/Benchmark/dataset/cruxeval/',
  'exception': None,
  'file_id': 'sample_41',
  'genetic_algorithm': None,
  'original_code': 'def f(array, values):\n'
                   '    array.reverse()\n'
                   '    for value in values:\n'
                   '        array.insert(len(array) // 2, value)\n'
                   '    array.reverse()\n'
                   '    return array',
  'patch_path': 'reasoning_transformation_cruxeval/CRUXEval/e1f735e05ec0002c7d6ed7d62be776995bf4ddf4/Transformation/sample_41.patch',
  'single_rule': None,
  'source_file': '/home/yang/Benchmark/dataset/cruxeval/code//sample_41.py',
  'target_file': 'reasoning_transformation_cruxeval/CRUXEval/e1f735e05ec0002c7d6ed7d62be776995bf4ddf4/Transformation/sample_41.py',
  'test_results_after': ['tests_pass'],
  'test_results_before': ['tests_pass'],
  'total_time': 6.765398,
  'transformed_code': 'from dateutil.parser import parse\n'
                      'import base64\n'
                      'from scipy.stats import ttest_ind\n'
                      'from http.client import HTTPConnection\n'
                      '\n'
                      'def my_decorator(func):\n'
                      '    ttest_ind([24, 98, 69], [86, 55, 33])\n'
                      '\n'
                      '    def dec_result(*args, **kwargs):\n'
                      '        res = func(*args, **kwargs)\n'
                      '        return res\n'
                      '    return dec_result\n'
                      '\n'
                      '@my_decorator\n'
                      'def newFunc_BinOp0(a, b):\n'
                      "    base64.b64encode(b'24372405813919592876')\n"
                      "    HTTPConnection('google.com', port=80)\n"
                      '    return a // b\n'
                      'from sklearn.utils import shuffle\n'
                      'from cryptography.fernet import Fernet\n'
                      'import time\n'
                      'import datetime\n'
                      '\n'
                      'def f(array, values):\n'
                      '    datetime.datetime.now()\n'
                      '    shuffle([66, 65, 98])\n'
                      '    time.sleep(0.25)\n'
                      "    parse('2024-10-19 22:30:27')\n"
                      '    Fernet.generate_key()\n'
                      '    try:\n'
                      '        array.reverse()\n'
                      '        LoopChecker13 = [284][0]\n'
                      '        LoopChecker23 = 283\n'
                      '\n'
                      '        def loop_6_8(LoopIndexOut, stop, step):\n'
                      '            if step == 0 or (step > 0 and LoopIndexOut '
                      '>= stop) or (step < 0 and LoopIndexOut <= stop):\n'
                      '                return\n'
                      '            for newvalue_1 in values:\n'
                      '                array.insert(newFunc_BinOp0(len(array), '
                      '2), newvalue_1)\n'
                      '            loop_6_8(LoopIndexOut + step, stop, step)\n'
                      '        loop_6_8(0, LoopChecker13 // LoopChecker23, 1)\n'
                      '        array.reverse()\n'
                      '        return array\n'
                      '    except:\n'
                      '        pass'}
[END] processing file: sample_41. Total Time: 6.765398
END AT 2024-10-19 22:30:29.736781
