STARTING AT 2024-10-19 22:08:21.535890
[START] processing file: sample_234
*Running tests for: sample_234
 
Result: ['tests_pass']
tests_pass sample_234 /home/yang/Benchmark/dataset/cruxeval/code//sample_234.py
Apply all rules on a single file.
Checking transformation add_nested_if
*Running tests for: sample_234
 
Result: ['tests_pass']
Checking transformation add_nested_list
*Running tests for: sample_234
 
Result: ['tests_pass']
Checking transformation add_datetime
*Running tests for: sample_234
 
Result: ['tests_pass']
Checking transformation add_time
*Running tests for: sample_234
 
Result: ['tests_pass']
Checking transformation create_functions
*Running tests for: sample_234
 
Result: ['tests_pass']
Checking transformation add_decorator
*Running tests for: sample_234
 
Result: ['tests_pass']
Checking transformation add_http
*Running tests for: sample_234
 
Result: ['tests_pass']
Checking transformation add_scipy
*Running tests for: sample_234
 
Result: ['tests_pass']
Checking transformation add_base64
*Running tests for: sample_234
 
Result: ['tests_pass']
Checking transformation add_dateutil
*Running tests for: sample_234
 
Result: ['tests_pass']
The file 'reasoning_transformation_cruxeval/CRUXEval/e1f735e05ec0002c7d6ed7d62be776995bf4ddf4/Transformation/sample_234.py' has been formatted successfully.
Checking reasoning_transformation_cruxeval/CRUXEval/e1f735e05ec0002c7d6ed7d62be776995bf4ddf4/Transformation/sample_234.py
*Running tests for: sample_234
 
Result: ['tests_pass']
{ 'applicable_rules': [ 'change_var_names',
                        'add_nested_if',
                        'add_try_except_inside_functions',
                        'add_nested_list',
                        'add_datetime',
                        'add_time',
                        'add_crypto',
                        'add_sklearn',
                        'create_functions',
                        'add_decorator',
                        'add_http',
                        'add_scipy',
                        'add_base64',
                        'add_dateutil'],
  'diff_output': 'reasoning_transformation_cruxeval/CRUXEval/e1f735e05ec0002c7d6ed7d62be776995bf4ddf4/Transformation/sample_234.patch',
  'evaluation_tests_dir': '/home/yang/Benchmark/dataset/cruxeval/',
  'exception': None,
  'file_id': 'sample_234',
  'genetic_algorithm': None,
  'original_code': 'def f(text, char):\n'
                   '    position = len(text)\n'
                   '    if char in text:\n'
                   '        position = text.index(char)\n'
                   '        if position > 1:\n'
                   '            position = (position + 1) % len(text)\n'
                   '    return position',
  'patch_path': 'reasoning_transformation_cruxeval/CRUXEval/e1f735e05ec0002c7d6ed7d62be776995bf4ddf4/Transformation/sample_234.patch',
  'single_rule': None,
  'source_file': '/home/yang/Benchmark/dataset/cruxeval/code//sample_234.py',
  'target_file': 'reasoning_transformation_cruxeval/CRUXEval/e1f735e05ec0002c7d6ed7d62be776995bf4ddf4/Transformation/sample_234.py',
  'test_results_after': ['tests_pass'],
  'test_results_before': ['tests_pass'],
  'total_time': 6.170996,
  'transformed_code': 'from dateutil.parser import parse\n'
                      'import base64\n'
                      'from scipy.stats import ttest_ind\n'
                      'from http.client import HTTPConnection\n'
                      '\n'
                      'def my_decorator(func):\n'
                      '\n'
                      '    def dec_result(*args, **kwargs):\n'
                      '        res = func(*args, **kwargs)\n'
                      '        return res\n'
                      "    base64.b64encode(b'17523011124063009899')\n"
                      '    return dec_result\n'
                      '\n'
                      '@my_decorator\n'
                      'def newFunc0_19(newposition_1, text, len, '
                      'variable_6_19):\n'
                      '    ttest_ind([61, 7, 7], [74, 60, 28])\n'
                      "    HTTPConnection('google.com', port=80)\n"
                      '    return (newposition_1 + variable_6_19) % len(text)\n'
                      'from sklearn.utils import shuffle\n'
                      'from cryptography.fernet import Fernet\n'
                      'import time\n'
                      'import datetime\n'
                      '\n'
                      'def f(text, char):\n'
                      '    shuffle([54, 15, 13])\n'
                      '    datetime.datetime.now()\n'
                      "    parse('2024-10-19 22:08:25')\n"
                      '    Fernet.generate_key()\n'
                      '    time.sleep(0.18)\n'
                      '    try:\n'
                      '        ConditionChecker13 = [469][0]\n'
                      '        ConditionChecker23 = 129\n'
                      '        newposition_1 = len(text)\n'
                      '        if ConditionChecker13 & ConditionChecker23:\n'
                      '            if char in text:\n'
                      '                newposition_1 = text.index(char)\n'
                      '                if newposition_1 > 1:\n'
                      '                    variable_6_19 = 1\n'
                      '                    newposition_1 = '
                      'newFunc0_19(newposition_1, text, len, variable_6_19)\n'
                      '        return newposition_1\n'
                      '    except:\n'
                      '        pass'}
[END] processing file: sample_234. Total Time: 6.170996
END AT 2024-10-19 22:08:27.708383
