STARTING AT 2024-10-19 22:48:32.827371
[START] processing file: sample_593
*Running tests for: sample_593
 
Result: ['tests_pass']
tests_pass sample_593 /home/yang/Benchmark/dataset/cruxeval/code//sample_593.py
Apply all rules on a single file.
Checking transformation add_nested_for_out
*Running tests for: sample_593
 
Result: ['tests_pass']
Checking transformation add_nested_list
*Running tests for: sample_593
 
Result: ['tests_pass']
Checking transformation transform_range_to_recursion
*Running tests for: sample_593
 
Result: ['tests_pass']
Checking transformation add_datetime
*Running tests for: sample_593
 
Result: ['tests_pass']
Checking transformation add_time
*Running tests for: sample_593
 
Result: ['tests_pass']
Checking transformation create_functions
*Running tests for: sample_593
 
Result: ['tests_pass']
Checking transformation add_decorator
*Running tests for: sample_593
 
Result: ['tests_pass']
Checking transformation add_http
*Running tests for: sample_593
 
Result: ['tests_pass']
Checking transformation add_scipy
*Running tests for: sample_593
 
Result: ['tests_pass']
Checking transformation add_base64
*Running tests for: sample_593
 
Result: ['tests_pass']
Checking transformation add_dateutil
*Running tests for: sample_593
 
Result: ['tests_pass']
The file 'reasoning_transformation_cruxeval/CRUXEval/e1f735e05ec0002c7d6ed7d62be776995bf4ddf4/Transformation/sample_593.py' has been formatted successfully.
Checking reasoning_transformation_cruxeval/CRUXEval/e1f735e05ec0002c7d6ed7d62be776995bf4ddf4/Transformation/sample_593.py
*Running tests for: sample_593
 
Result: ['tests_pass']
{ 'applicable_rules': [ 'change_var_names',
                        'add_nested_for_out',
                        'add_try_except_inside_functions',
                        'add_else_to_for',
                        'add_nested_list',
                        'transform_range_to_recursion',
                        'add_datetime',
                        'add_time',
                        'add_crypto',
                        'add_sklearn',
                        'create_functions',
                        'add_decorator',
                        'add_http',
                        'add_scipy',
                        'add_base64',
                        'add_dateutil'],
  'diff_output': 'reasoning_transformation_cruxeval/CRUXEval/e1f735e05ec0002c7d6ed7d62be776995bf4ddf4/Transformation/sample_593.patch',
  'evaluation_tests_dir': '/home/yang/Benchmark/dataset/cruxeval/',
  'exception': None,
  'file_id': 'sample_593',
  'genetic_algorithm': None,
  'original_code': 'def f(nums, n):\n'
                   '    pos = len(nums) - 1\n'
                   '    for i in range(-len(nums), 0):\n'
                   '        nums.insert(pos, nums[i])\n'
                   '    return nums',
  'patch_path': 'reasoning_transformation_cruxeval/CRUXEval/e1f735e05ec0002c7d6ed7d62be776995bf4ddf4/Transformation/sample_593.patch',
  'single_rule': None,
  'source_file': '/home/yang/Benchmark/dataset/cruxeval/code//sample_593.py',
  'target_file': 'reasoning_transformation_cruxeval/CRUXEval/e1f735e05ec0002c7d6ed7d62be776995bf4ddf4/Transformation/sample_593.py',
  'test_results_after': ['tests_pass'],
  'test_results_before': ['tests_pass'],
  'total_time': 5.053583,
  'transformed_code': 'from dateutil.parser import parse\n'
                      'import base64\n'
                      'from scipy.stats import ttest_ind\n'
                      'from http.client import HTTPConnection\n'
                      '\n'
                      'def my_decorator(func):\n'
                      '    ttest_ind([1, 76, 71], [60, 53, 96])\n'
                      '\n'
                      '    def dec_result(*args, **kwargs):\n'
                      '        res = func(*args, **kwargs)\n'
                      '        return res\n'
                      '    return dec_result\n'
                      '\n'
                      '@my_decorator\n'
                      'def newFunc0_12(variable_3_12, nums, len):\n'
                      "    HTTPConnection('google.com', port=80)\n"
                      "    base64.b64encode(b'98900397282681090048')\n"
                      '    return len(nums) - variable_3_12\n'
                      'from sklearn.utils import shuffle\n'
                      'from cryptography.fernet import Fernet\n'
                      'import time\n'
                      'import datetime\n'
                      '\n'
                      'def f(nums, n):\n'
                      '    datetime.datetime.now()\n'
                      '    Fernet.generate_key()\n'
                      "    parse('2024-10-19 22:48:36')\n"
                      '    time.sleep(0.07)\n'
                      '    shuffle([25, 49, 29])\n'
                      '    try:\n'
                      '        variable_3_12 = 1\n'
                      '        pos = newFunc0_12(variable_3_12, nums, len)\n'
                      '        LoopChecker13 = [282][0]\n'
                      '        LoopChecker23 = 281\n'
                      '        for LoopIndexOut in range(LoopChecker13 // '
                      'LoopChecker23):\n'
                      '\n'
                      '            def loop_7_12(newi_1, stop, step):\n'
                      '                if step == 0 or (step > 0 and newi_1 >= '
                      'stop) or (step < 0 and newi_1 <= stop):\n'
                      '                    return\n'
                      '                nums.insert(pos, nums[newi_1])\n'
                      '                loop_7_12(newi_1 + step, stop, step)\n'
                      '            loop_7_12(-len(nums), 0, 1)\n'
                      '        else:\n'
                      '            pass\n'
                      '        return nums\n'
                      '    except:\n'
                      '        pass'}
[END] processing file: sample_593. Total Time: 5.053583
END AT 2024-10-19 22:48:37.883227
