STARTING AT 2024-10-19 23:45:51.905628
[START] processing file: sample_92
*Running tests for: sample_92
 
Result: ['tests_pass']
tests_pass sample_92 /home/yang/Benchmark/dataset/cruxeval/code//sample_92.py
Apply all rules on a single file.
Checking transformation add_datetime
*Running tests for: sample_92
 
Result: ['tests_pass']
Checking transformation add_time
*Running tests for: sample_92
 
Result: ['tests_pass']
Checking transformation add_decorator
*Running tests for: sample_92
 
Result: ['tests_pass']
Checking transformation add_http
*Running tests for: sample_92
 
Result: ['tests_pass']
Checking transformation add_scipy
*Running tests for: sample_92
 
Result: ['tests_pass']
Checking transformation add_base64
*Running tests for: sample_92
 
Result: ['tests_pass']
Checking transformation add_dateutil
*Running tests for: sample_92
 
Result: ['tests_pass']
The file 'reasoning_transformation_cruxeval/CRUXEval/464e9e956c111b2d9fa4116e6d9f690ffe444235/Transformation/sample_92.py' has been formatted successfully.
Checking reasoning_transformation_cruxeval/CRUXEval/464e9e956c111b2d9fa4116e6d9f690ffe444235/Transformation/sample_92.py
*Running tests for: sample_92
 
Result: ['tests_pass']
{ 'applicable_rules': [ 'add_try_except_inside_functions',
                        'add_datetime',
                        'add_time',
                        'add_crypto',
                        'add_sklearn',
                        'add_decorator',
                        'add_http',
                        'add_scipy',
                        'add_base64',
                        'add_dateutil'],
  'diff_output': 'reasoning_transformation_cruxeval/CRUXEval/464e9e956c111b2d9fa4116e6d9f690ffe444235/Transformation/sample_92.patch',
  'evaluation_tests_dir': '/home/yang/Benchmark/dataset/cruxeval/',
  'exception': None,
  'file_id': 'sample_92',
  'genetic_algorithm': None,
  'original_code': 'def f(text):\n    return text.isascii()',
  'patch_path': 'reasoning_transformation_cruxeval/CRUXEval/464e9e956c111b2d9fa4116e6d9f690ffe444235/Transformation/sample_92.patch',
  'single_rule': None,
  'source_file': '/home/yang/Benchmark/dataset/cruxeval/code//sample_92.py',
  'target_file': 'reasoning_transformation_cruxeval/CRUXEval/464e9e956c111b2d9fa4116e6d9f690ffe444235/Transformation/sample_92.py',
  'test_results_after': ['tests_pass'],
  'test_results_before': ['tests_pass'],
  'total_time': 4.380848,
  'transformed_code': 'from dateutil.parser import parse\n'
                      'import base64\n'
                      'from scipy.stats import ttest_ind\n'
                      'from http.client import HTTPConnection\n'
                      '\n'
                      'def my_decorator(func):\n'
                      '\n'
                      '    def dec_result(*args, **kwargs):\n'
                      '        res = func(*args, **kwargs)\n'
                      '        return res\n'
                      '    return dec_result\n'
                      'from sklearn.utils import shuffle\n'
                      'from cryptography.fernet import Fernet\n'
                      'import time\n'
                      'import datetime\n'
                      '\n'
                      '@my_decorator\n'
                      'def f(text):\n'
                      '    datetime.datetime.now()\n'
                      '    time.sleep(0.09)\n'
                      "    base64.b64encode(b'82088164945699266859')\n"
                      '    Fernet.generate_key()\n'
                      '    shuffle([55, 71, 41])\n'
                      '    ttest_ind([40, 65, 41], [95, 59, 24])\n'
                      "    parse('2024-10-19 23:45:54')\n"
                      "    HTTPConnection('google.com', port=80)\n"
                      '    try:\n'
                      '        return text.isascii()\n'
                      '    except:\n'
                      '        pass'}
[END] processing file: sample_92. Total Time: 4.380848
END AT 2024-10-19 23:45:56.287720
