STARTING AT 2024-10-19 22:45:43.814228
[START] processing file: sample_55
*Running tests for: sample_55
 
Result: ['tests_pass']
tests_pass sample_55 /home/yang/Benchmark/dataset/cruxeval/code//sample_55.py
Apply all rules on a single file.
Checking transformation add_nested_for_out
*Running tests for: sample_55
 
Result: ['tests_pass']
Checking transformation add_nested_if
*Running tests for: sample_55
 
Result: ['tests_pass']
Checking transformation add_nested_list
*Running tests for: sample_55
 
Result: ['tests_pass']
Checking transformation transform_range_to_recursion
*Running tests for: sample_55
 
Result: ['tests_pass']
Checking transformation add_datetime
*Running tests for: sample_55
 
Result: ['tests_pass']
Checking transformation add_time
*Running tests for: sample_55
 
Result: ['tests_pass']
Checking transformation create_functions
*Running tests for: sample_55
 
Result: ['tests_pass']
Checking transformation add_decorator
*Running tests for: sample_55
 
Result: ['tests_pass']
Checking transformation add_http
*Running tests for: sample_55
 
Result: ['tests_pass']
Checking transformation add_scipy
*Running tests for: sample_55
 
Result: ['tests_pass']
Checking transformation add_base64
*Running tests for: sample_55
 
Result: ['tests_pass']
Checking transformation add_dateutil
*Running tests for: sample_55
 
Result: ['tests_pass']
The file 'reasoning_transformation_cruxeval/CRUXEval/e1f735e05ec0002c7d6ed7d62be776995bf4ddf4/Transformation/sample_55.py' has been formatted successfully.
Checking reasoning_transformation_cruxeval/CRUXEval/e1f735e05ec0002c7d6ed7d62be776995bf4ddf4/Transformation/sample_55.py
*Running tests for: sample_55
 
Result: ['tests_pass']
{ 'applicable_rules': [ 'change_var_names',
                        'add_nested_for_out',
                        'add_nested_if',
                        'add_try_except_inside_functions',
                        'add_else_to_for',
                        'add_nested_list',
                        'transform_range_to_recursion',
                        'add_datetime',
                        'add_time',
                        'add_crypto',
                        'add_sklearn',
                        'create_functions',
                        'add_decorator',
                        'add_http',
                        'add_scipy',
                        'add_base64',
                        'add_dateutil'],
  'diff_output': 'reasoning_transformation_cruxeval/CRUXEval/e1f735e05ec0002c7d6ed7d62be776995bf4ddf4/Transformation/sample_55.patch',
  'evaluation_tests_dir': '/home/yang/Benchmark/dataset/cruxeval/',
  'exception': None,
  'file_id': 'sample_55',
  'genetic_algorithm': None,
  'original_code': 'def f(array):\n'
                   '    array_2 = []\n'
                   '    for i in array:\n'
                   '        if i > 0:\n'
                   '            array_2 += [i]\n'
                   '    array_2.sort(reverse=True)\n'
                   '    return array_2',
  'patch_path': 'reasoning_transformation_cruxeval/CRUXEval/e1f735e05ec0002c7d6ed7d62be776995bf4ddf4/Transformation/sample_55.patch',
  'single_rule': None,
  'source_file': '/home/yang/Benchmark/dataset/cruxeval/code//sample_55.py',
  'target_file': 'reasoning_transformation_cruxeval/CRUXEval/e1f735e05ec0002c7d6ed7d62be776995bf4ddf4/Transformation/sample_55.py',
  'test_results_after': ['tests_pass'],
  'test_results_before': ['tests_pass'],
  'total_time': 6.300044,
  'transformed_code': 'from dateutil.parser import parse\n'
                      'import base64\n'
                      'from scipy.stats import ttest_ind\n'
                      'from http.client import HTTPConnection\n'
                      '\n'
                      'def my_decorator(func):\n'
                      "    HTTPConnection('google.com', port=80)\n"
                      '\n'
                      '    def dec_result(*args, **kwargs):\n'
                      '        res = func(*args, **kwargs)\n'
                      '        return res\n'
                      "    parse('2024-10-19 22:45:48')\n"
                      '    return dec_result\n'
                      '\n'
                      '@my_decorator\n'
                      'def newFunc_BinOp0(a, b):\n'
                      '    return a & b\n'
                      'from sklearn.utils import shuffle\n'
                      'from cryptography.fernet import Fernet\n'
                      'import time\n'
                      'import datetime\n'
                      '\n'
                      'def f(array):\n'
                      '    ttest_ind([54, 65, 67], [99, 99, 34])\n'
                      '    time.sleep(0.21)\n'
                      "    base64.b64encode(b'97801362473954060794')\n"
                      '    shuffle([39, 14, 42])\n'
                      '    datetime.datetime.now()\n'
                      '    Fernet.generate_key()\n'
                      '    try:\n'
                      '        newarray_2_1 = [[]][0]\n'
                      '        LoopChecker13 = 226\n'
                      '        LoopChecker23 = 225\n'
                      '        ConditionChecker17 = 668\n'
                      '        ConditionChecker27 = 588\n'
                      '\n'
                      '        def loop_8_8(LoopIndexOut, stop, step):\n'
                      '            nonlocal newarray_2_1\n'
                      '            if step == 0 or (step > 0 and LoopIndexOut '
                      '>= stop) or (step < 0 and LoopIndexOut <= stop):\n'
                      '                return\n'
                      '            for i in array:\n'
                      '                if newFunc_BinOp0(ConditionChecker17, '
                      'ConditionChecker27):\n'
                      '                    if i > 0:\n'
                      '                        newarray_2_1 += [i]\n'
                      '            loop_8_8(LoopIndexOut + step, stop, step)\n'
                      '        loop_8_8(0, LoopChecker13 // LoopChecker23, 1)\n'
                      '        newarray_2_1.sort(reverse=True)\n'
                      '        return newarray_2_1\n'
                      '    except:\n'
                      '        pass'}
[END] processing file: sample_55. Total Time: 6.300044
END AT 2024-10-19 22:45:50.115822
