STARTING AT 2024-10-19 23:34:08.500005
[START] processing file: sample_490
*Running tests for: sample_490
 
Result: ['tests_pass']
tests_pass sample_490 /home/yang/Benchmark/dataset/cruxeval/code//sample_490.py
Apply all rules on a single file.
Checking transformation add_datetime
*Running tests for: sample_490
 
Result: ['tests_pass']
Checking transformation add_time
*Running tests for: sample_490
 
Result: ['tests_pass']
Checking transformation add_decorator
*Running tests for: sample_490
 
Result: ['tests_pass']
Checking transformation add_http
*Running tests for: sample_490
 
Result: ['tests_pass']
Checking transformation add_scipy
*Running tests for: sample_490
 
Result: ['tests_pass']
Checking transformation add_base64
*Running tests for: sample_490
 
Result: ['tests_pass']
Checking transformation add_dateutil
*Running tests for: sample_490
 
Result: ['tests_pass']
The file 'reasoning_transformation_cruxeval/CRUXEval/951a917df7397c9cb698ead54386db6d1db4ffb0/Transformation/sample_490.py' has been formatted successfully.
Checking reasoning_transformation_cruxeval/CRUXEval/951a917df7397c9cb698ead54386db6d1db4ffb0/Transformation/sample_490.py
*Running tests for: sample_490
 
Result: ['tests_pass']
{ 'applicable_rules': [ 'change_var_names',
                        'add_try_except_inside_functions',
                        'add_datetime',
                        'add_time',
                        'add_crypto',
                        'add_sklearn',
                        'add_decorator',
                        'add_http',
                        'add_scipy',
                        'add_base64',
                        'add_dateutil'],
  'diff_output': 'reasoning_transformation_cruxeval/CRUXEval/951a917df7397c9cb698ead54386db6d1db4ffb0/Transformation/sample_490.patch',
  'evaluation_tests_dir': '/home/yang/Benchmark/dataset/cruxeval/',
  'exception': None,
  'file_id': 'sample_490',
  'genetic_algorithm': None,
  'original_code': 'def f(s):\n'
                   "    return ''.join([c for c in s if c.isspace()])",
  'patch_path': 'reasoning_transformation_cruxeval/CRUXEval/951a917df7397c9cb698ead54386db6d1db4ffb0/Transformation/sample_490.patch',
  'single_rule': None,
  'source_file': '/home/yang/Benchmark/dataset/cruxeval/code//sample_490.py',
  'target_file': 'reasoning_transformation_cruxeval/CRUXEval/951a917df7397c9cb698ead54386db6d1db4ffb0/Transformation/sample_490.py',
  'test_results_after': ['tests_pass'],
  'test_results_before': ['tests_pass'],
  'total_time': 5.68466,
  'transformed_code': 'from dateutil.parser import parse\n'
                      'import base64\n'
                      'from scipy.stats import ttest_ind\n'
                      'from http.client import HTTPConnection\n'
                      '\n'
                      'def my_decorator(func):\n'
                      "    parse('2024-10-19 23:34:12')\n"
                      '\n'
                      '    def dec_result(*args, **kwargs):\n'
                      '        res = func(*args, **kwargs)\n'
                      '        return res\n'
                      '    ttest_ind([29, 2, 7], [7, 76, 58])\n'
                      '    return dec_result\n'
                      'from sklearn.utils import shuffle\n'
                      'from cryptography.fernet import Fernet\n'
                      'import time\n'
                      'import datetime\n'
                      '\n'
                      '@my_decorator\n'
                      'def f(s):\n'
                      '    time.sleep(0.26)\n'
                      '    Fernet.generate_key()\n'
                      "    HTTPConnection('google.com', port=80)\n"
                      '    shuffle([100, 86, 94])\n'
                      '    datetime.datetime.now()\n'
                      "    base64.b64encode(b'38711143731195460086')\n"
                      '    try:\n'
                      "        return ''.join([newc_1 for newc_1 in s if "
                      'newc_1.isspace()])\n'
                      '    except:\n'
                      '        pass'}
[END] processing file: sample_490. Total Time: 5.68466
END AT 2024-10-19 23:34:14.186577
