STARTING AT 2024-10-19 22:38:43.428070
[START] processing file: sample_4
*Running tests for: sample_4
 
Result: ['tests_pass']
tests_pass sample_4 /home/yang/Benchmark/dataset/cruxeval/code//sample_4.py
Apply all rules on a single file.
Checking transformation add_nested_list
*Running tests for: sample_4
 
Result: ['tests_pass']
Checking transformation add_datetime
*Running tests for: sample_4
 
Result: ['tests_pass']
Checking transformation add_time
*Running tests for: sample_4
 
Result: ['tests_pass']
Checking transformation add_decorator
*Running tests for: sample_4
 
Result: ['tests_pass']
Checking transformation add_http
*Running tests for: sample_4
 
Result: ['tests_pass']
Checking transformation add_scipy
*Running tests for: sample_4
 
Result: ['tests_pass']
Checking transformation add_base64
*Running tests for: sample_4
 
Result: ['tests_pass']
Checking transformation add_dateutil
*Running tests for: sample_4
 
Result: ['tests_pass']
The file 'reasoning_transformation_cruxeval/CRUXEval/e1f735e05ec0002c7d6ed7d62be776995bf4ddf4/Transformation/sample_4.py' has been formatted successfully.
Checking reasoning_transformation_cruxeval/CRUXEval/e1f735e05ec0002c7d6ed7d62be776995bf4ddf4/Transformation/sample_4.py
*Running tests for: sample_4
 
Result: ['tests_pass']
{ 'applicable_rules': [ 'change_var_names',
                        'add_try_except_inside_functions',
                        'add_nested_list',
                        'add_datetime',
                        'add_time',
                        'add_crypto',
                        'add_sklearn',
                        'add_decorator',
                        'add_http',
                        'add_scipy',
                        'add_base64',
                        'add_dateutil'],
  'diff_output': 'reasoning_transformation_cruxeval/CRUXEval/e1f735e05ec0002c7d6ed7d62be776995bf4ddf4/Transformation/sample_4.patch',
  'evaluation_tests_dir': '/home/yang/Benchmark/dataset/cruxeval/',
  'exception': None,
  'file_id': 'sample_4',
  'genetic_algorithm': None,
  'original_code': 'def f(array):\n'
                   "    s = ' '\n"
                   "    s += ''.join(array)\n"
                   '    return s',
  'patch_path': 'reasoning_transformation_cruxeval/CRUXEval/e1f735e05ec0002c7d6ed7d62be776995bf4ddf4/Transformation/sample_4.patch',
  'single_rule': None,
  'source_file': '/home/yang/Benchmark/dataset/cruxeval/code//sample_4.py',
  'target_file': 'reasoning_transformation_cruxeval/CRUXEval/e1f735e05ec0002c7d6ed7d62be776995bf4ddf4/Transformation/sample_4.py',
  'test_results_after': ['tests_pass'],
  'test_results_before': ['tests_pass'],
  'total_time': 4.006555,
  'transformed_code': 'from dateutil.parser import parse\n'
                      'import base64\n'
                      'from scipy.stats import ttest_ind\n'
                      'from http.client import HTTPConnection\n'
                      '\n'
                      'def my_decorator(func):\n'
                      '\n'
                      '    def dec_result(*args, **kwargs):\n'
                      '        res = func(*args, **kwargs)\n'
                      '        return res\n'
                      '    ttest_ind([46, 47, 47], [76, 25, 40])\n'
                      "    HTTPConnection('google.com', port=80)\n"
                      "    base64.b64encode(b'94558369665358867454')\n"
                      '    return dec_result\n'
                      'from sklearn.utils import shuffle\n'
                      'from cryptography.fernet import Fernet\n'
                      'import time\n'
                      'import datetime\n'
                      '\n'
                      '@my_decorator\n'
                      'def f(array):\n'
                      '    Fernet.generate_key()\n'
                      "    parse('2024-10-19 22:38:46')\n"
                      '    datetime.datetime.now()\n'
                      '    shuffle([25, 9, 100])\n'
                      '    time.sleep(0.04)\n'
                      '    try:\n'
                      "        news_1 = [' '][0]\n"
                      "        news_1 += ''.join(array)\n"
                      '        return news_1\n'
                      '    except:\n'
                      '        pass'}
[END] processing file: sample_4. Total Time: 4.006555
END AT 2024-10-19 22:38:47.435606
