STARTING AT 2024-10-19 22:52:18.082136
[START] processing file: sample_624
*Running tests for: sample_624
 
Result: ['tests_pass']
tests_pass sample_624 /home/yang/Benchmark/dataset/cruxeval/code//sample_624.py
Apply all rules on a single file.
Checking transformation add_nested_if
*Running tests for: sample_624
 
Result: ['tests_pass']
Checking transformation add_nested_list
*Running tests for: sample_624
 
Result: ['tests_pass']
Checking transformation add_datetime
*Running tests for: sample_624
 
Result: ['tests_pass']
Checking transformation add_time
*Running tests for: sample_624
 
Result: ['tests_pass']
Checking transformation create_functions
*Running tests for: sample_624
 
Result: ['tests_pass']
Checking transformation add_decorator
*Running tests for: sample_624
 
Result: ['tests_pass']
Checking transformation add_http
*Running tests for: sample_624
 
Result: ['tests_pass']
Checking transformation add_scipy
*Running tests for: sample_624
 
Result: ['tests_pass']
Checking transformation add_base64
*Running tests for: sample_624
 
Result: ['tests_pass']
Checking transformation add_dateutil
*Running tests for: sample_624
 
Result: ['tests_pass']
The file 'reasoning_transformation_cruxeval/CRUXEval/e1f735e05ec0002c7d6ed7d62be776995bf4ddf4/Transformation/sample_624.py' has been formatted successfully.
Checking reasoning_transformation_cruxeval/CRUXEval/e1f735e05ec0002c7d6ed7d62be776995bf4ddf4/Transformation/sample_624.py
*Running tests for: sample_624
 
Result: ['tests_pass']
{ 'applicable_rules': [ 'change_var_names',
                        'add_nested_if',
                        'add_try_except_inside_functions',
                        'add_nested_list',
                        'add_datetime',
                        'add_time',
                        'add_crypto',
                        'add_sklearn',
                        'create_functions',
                        'add_decorator',
                        'add_http',
                        'add_scipy',
                        'add_base64',
                        'add_dateutil'],
  'diff_output': 'reasoning_transformation_cruxeval/CRUXEval/e1f735e05ec0002c7d6ed7d62be776995bf4ddf4/Transformation/sample_624.patch',
  'evaluation_tests_dir': '/home/yang/Benchmark/dataset/cruxeval/',
  'exception': None,
  'file_id': 'sample_624',
  'genetic_algorithm': None,
  'original_code': 'def f(text, char):\n'
                   '    char_index = text.find(char)\n'
                   '    result = []\n'
                   '    if char_index > 0:\n'
                   '        result = list(text[:char_index])\n'
                   '    result.extend(list(char) + list(text[char_index + '
                   'len(char):]))\n'
                   "    return ''.join(result)",
  'patch_path': 'reasoning_transformation_cruxeval/CRUXEval/e1f735e05ec0002c7d6ed7d62be776995bf4ddf4/Transformation/sample_624.patch',
  'single_rule': None,
  'source_file': '/home/yang/Benchmark/dataset/cruxeval/code//sample_624.py',
  'target_file': 'reasoning_transformation_cruxeval/CRUXEval/e1f735e05ec0002c7d6ed7d62be776995bf4ddf4/Transformation/sample_624.py',
  'test_results_after': ['tests_pass'],
  'test_results_before': ['tests_pass'],
  'total_time': 6.697875,
  'transformed_code': 'from dateutil.parser import parse\n'
                      'import base64\n'
                      'from scipy.stats import ttest_ind\n'
                      'from http.client import HTTPConnection\n'
                      '\n'
                      'def my_decorator(func):\n'
                      '\n'
                      '    def dec_result(*args, **kwargs):\n'
                      '        res = func(*args, **kwargs)\n'
                      '        return res\n'
                      '    return dec_result\n'
                      '\n'
                      '@my_decorator\n'
                      'def newFunc_BinOp0(a, b):\n'
                      "    parse('2024-10-19 22:52:23')\n"
                      '    return a & b\n'
                      'from sklearn.utils import shuffle\n'
                      'from cryptography.fernet import Fernet\n'
                      'import time\n'
                      'import datetime\n'
                      '\n'
                      'def f(text, char):\n'
                      "    HTTPConnection('google.com', port=80)\n"
                      '    ttest_ind([70, 66, 56], [93, 48, 86])\n'
                      '    shuffle([27, 55, 61])\n'
                      "    base64.b64encode(b'19583111633906870916')\n"
                      '    datetime.datetime.now()\n'
                      '    Fernet.generate_key()\n'
                      '    time.sleep(0.26)\n'
                      '    try:\n'
                      '        ConditionChecker14 = [951][0]\n'
                      '        ConditionChecker24 = 978\n'
                      '        newchar_index_1 = text.find(char)\n'
                      '        result = []\n'
                      '        if newFunc_BinOp0(ConditionChecker14, '
                      'ConditionChecker24):\n'
                      '            if newchar_index_1 > 0:\n'
                      '                result = list(text[:newchar_index_1])\n'
                      '        result.extend(list(char) + '
                      'list(text[newchar_index_1 + len(char):]))\n'
                      "        return ''.join(result)\n"
                      '    except:\n'
                      '        pass'}
[END] processing file: sample_624. Total Time: 6.697875
END AT 2024-10-19 22:52:24.781285
