STARTING AT 2024-10-19 22:55:38.549710
[START] processing file: sample_666
*Running tests for: sample_666
 
Result: ['tests_pass']
tests_pass sample_666 /home/yang/Benchmark/dataset/cruxeval/code//sample_666.py
Apply all rules on a single file.
Checking transformation add_nested_for_out
*Running tests for: sample_666
 
Result: ['tests_pass']
Checking transformation add_nested_if
*Running tests for: sample_666
 
Result: ['tests_pass']
Checking transformation add_nested_list
*Running tests for: sample_666
 
Result: ['tests_pass']
Checking transformation transform_range_to_recursion
*Running tests for: sample_666
 
Result: ['tests_pass']
Checking transformation add_datetime
*Running tests for: sample_666
 
Result: ['tests_pass']
Checking transformation add_time
*Running tests for: sample_666
 
Result: ['tests_pass']
Checking transformation create_functions
*Running tests for: sample_666
 
Result: ['tests_pass']
Checking transformation add_decorator
*Running tests for: sample_666
 
Result: ['tests_pass']
Checking transformation add_http
*Running tests for: sample_666
 
Result: ['tests_pass']
Checking transformation add_scipy
*Running tests for: sample_666
 
Result: ['tests_pass']
Checking transformation add_base64
*Running tests for: sample_666
 
Result: ['tests_pass']
Checking transformation add_dateutil
*Running tests for: sample_666
 
Result: ['tests_pass']
The file 'reasoning_transformation_cruxeval/CRUXEval/e1f735e05ec0002c7d6ed7d62be776995bf4ddf4/Transformation/sample_666.py' has been formatted successfully.
Checking reasoning_transformation_cruxeval/CRUXEval/e1f735e05ec0002c7d6ed7d62be776995bf4ddf4/Transformation/sample_666.py
*Running tests for: sample_666
 
Result: ['tests_pass']
{ 'applicable_rules': [ 'change_var_names',
                        'add_nested_for_out',
                        'add_nested_if',
                        'add_try_except_inside_functions',
                        'add_else_to_for',
                        'add_nested_list',
                        'transform_range_to_recursion',
                        'add_datetime',
                        'add_time',
                        'add_crypto',
                        'add_sklearn',
                        'create_functions',
                        'add_decorator',
                        'add_http',
                        'add_scipy',
                        'add_base64',
                        'add_dateutil'],
  'diff_output': 'reasoning_transformation_cruxeval/CRUXEval/e1f735e05ec0002c7d6ed7d62be776995bf4ddf4/Transformation/sample_666.patch',
  'evaluation_tests_dir': '/home/yang/Benchmark/dataset/cruxeval/',
  'exception': None,
  'file_id': 'sample_666',
  'genetic_algorithm': None,
  'original_code': 'def f(d1, d2):\n'
                   '    mmax = 0\n'
                   '    for k1 in d1:\n'
                   '        if (p := (len(d1[k1]) + len(d2.get(k1, [])))):\n'
                   '            if p > mmax:\n'
                   '                mmax = p\n'
                   '    return mmax',
  'patch_path': 'reasoning_transformation_cruxeval/CRUXEval/e1f735e05ec0002c7d6ed7d62be776995bf4ddf4/Transformation/sample_666.patch',
  'single_rule': None,
  'source_file': '/home/yang/Benchmark/dataset/cruxeval/code//sample_666.py',
  'target_file': 'reasoning_transformation_cruxeval/CRUXEval/e1f735e05ec0002c7d6ed7d62be776995bf4ddf4/Transformation/sample_666.py',
  'test_results_after': ['tests_pass'],
  'test_results_before': ['tests_pass'],
  'total_time': 5.41447,
  'transformed_code': 'from dateutil.parser import parse\n'
                      'import base64\n'
                      'from scipy.stats import ttest_ind\n'
                      'from http.client import HTTPConnection\n'
                      '\n'
                      'def my_decorator(func):\n'
                      '\n'
                      '    def dec_result(*args, **kwargs):\n'
                      '        res = func(*args, **kwargs)\n'
                      '        return res\n'
                      "    base64.b64encode(b'45958066734216051269')\n"
                      "    HTTPConnection('google.com', port=80)\n"
                      '    ttest_ind([57, 77, 10], [67, 86, 11])\n'
                      '    return dec_result\n'
                      '\n'
                      '@my_decorator\n'
                      'def newFunc_BinOp0(a, b):\n'
                      '    return a & b\n'
                      'from sklearn.utils import shuffle\n'
                      'from cryptography.fernet import Fernet\n'
                      'import time\n'
                      'import datetime\n'
                      '\n'
                      'def f(d1, d2):\n'
                      '    time.sleep(0.1)\n'
                      '    shuffle([31, 70, 46])\n'
                      '    Fernet.generate_key()\n'
                      '    datetime.datetime.now()\n'
                      "    parse('2024-10-19 22:55:42')\n"
                      '    try:\n'
                      '        newmmax_1 = [0][0]\n'
                      '        LoopChecker13 = 844\n'
                      '        LoopChecker23 = 843\n'
                      '        ConditionChecker17 = 323\n'
                      '        ConditionChecker27 = 598\n'
                      '\n'
                      '        def loop_8_8(LoopIndexOut, stop, step):\n'
                      '            nonlocal newmmax_1\n'
                      '            if step == 0 or (step > 0 and LoopIndexOut '
                      '>= stop) or (step < 0 and LoopIndexOut <= stop):\n'
                      '                return\n'
                      '            for k1 in d1:\n'
                      '                if newFunc_BinOp0(ConditionChecker17, '
                      'ConditionChecker27):\n'
                      '                    if (p := (len(d1[k1]) + '
                      'len(d2.get(k1, [])))):\n'
                      '                        if p > newmmax_1:\n'
                      '                            newmmax_1 = p\n'
                      '            loop_8_8(LoopIndexOut + step, stop, step)\n'
                      '        loop_8_8(0, LoopChecker13 // LoopChecker23, 1)\n'
                      '        return newmmax_1\n'
                      '    except:\n'
                      '        pass'}
[END] processing file: sample_666. Total Time: 5.41447
END AT 2024-10-19 22:55:43.965684
