STARTING AT 2024-10-19 22:31:37.550728
[START] processing file: sample_430
*Running tests for: sample_430
 
Result: ['tests_pass']
tests_pass sample_430 /home/yang/Benchmark/dataset/cruxeval/code//sample_430.py
Apply all rules on a single file.
Checking transformation add_datetime
*Running tests for: sample_430
 
Result: ['tests_pass']
Checking transformation add_time
*Running tests for: sample_430
 
Result: ['tests_pass']
Checking transformation add_decorator
*Running tests for: sample_430
 
Result: ['tests_pass']
Checking transformation add_http
*Running tests for: sample_430
 
Result: ['tests_pass']
Checking transformation add_scipy
*Running tests for: sample_430
 
Result: ['tests_pass']
Checking transformation add_base64
*Running tests for: sample_430
 
Result: ['tests_pass']
Checking transformation add_dateutil
*Running tests for: sample_430
 
Result: ['tests_pass']
The file 'reasoning_transformation_cruxeval/CRUXEval/e1f735e05ec0002c7d6ed7d62be776995bf4ddf4/Transformation/sample_430.py' has been formatted successfully.
Checking reasoning_transformation_cruxeval/CRUXEval/e1f735e05ec0002c7d6ed7d62be776995bf4ddf4/Transformation/sample_430.py
*Running tests for: sample_430
 
Result: ['tests_pass']
{ 'applicable_rules': [ 'add_try_except_inside_functions',
                        'add_datetime',
                        'add_time',
                        'add_crypto',
                        'add_sklearn',
                        'add_decorator',
                        'add_http',
                        'add_scipy',
                        'add_base64',
                        'add_dateutil'],
  'diff_output': 'reasoning_transformation_cruxeval/CRUXEval/e1f735e05ec0002c7d6ed7d62be776995bf4ddf4/Transformation/sample_430.patch',
  'evaluation_tests_dir': '/home/yang/Benchmark/dataset/cruxeval/',
  'exception': None,
  'file_id': 'sample_430',
  'genetic_algorithm': None,
  'original_code': 'def f(arr1, arr2):\n'
                   '    new_arr = arr1.copy()\n'
                   '    new_arr.extend(arr2)\n'
                   '    return new_arr',
  'patch_path': 'reasoning_transformation_cruxeval/CRUXEval/e1f735e05ec0002c7d6ed7d62be776995bf4ddf4/Transformation/sample_430.patch',
  'single_rule': None,
  'source_file': '/home/yang/Benchmark/dataset/cruxeval/code//sample_430.py',
  'target_file': 'reasoning_transformation_cruxeval/CRUXEval/e1f735e05ec0002c7d6ed7d62be776995bf4ddf4/Transformation/sample_430.py',
  'test_results_after': ['tests_pass'],
  'test_results_before': ['tests_pass'],
  'total_time': 4.559312,
  'transformed_code': 'from dateutil.parser import parse\n'
                      'import base64\n'
                      'from scipy.stats import ttest_ind\n'
                      'from http.client import HTTPConnection\n'
                      '\n'
                      'def my_decorator(func):\n'
                      '\n'
                      '    def dec_result(*args, **kwargs):\n'
                      '        res = func(*args, **kwargs)\n'
                      '        return res\n'
                      "    base64.b64encode(b'79318694975316110571')\n"
                      '    ttest_ind([80, 36, 50], [52, 40, 89])\n'
                      '    return dec_result\n'
                      'from sklearn.utils import shuffle\n'
                      'from cryptography.fernet import Fernet\n'
                      'import time\n'
                      'import datetime\n'
                      '\n'
                      '@my_decorator\n'
                      'def f(arr1, arr2):\n'
                      "    parse('2024-10-19 22:31:40')\n"
                      '    datetime.datetime.now()\n'
                      "    HTTPConnection('google.com', port=80)\n"
                      '    shuffle([38, 63, 28])\n'
                      '    Fernet.generate_key()\n'
                      '    time.sleep(0.12)\n'
                      '    try:\n'
                      '        new_arr = arr1.copy()\n'
                      '        new_arr.extend(arr2)\n'
                      '        return new_arr\n'
                      '    except:\n'
                      '        pass'}
[END] processing file: sample_430. Total Time: 4.559312
END AT 2024-10-19 22:31:42.111864
