STARTING AT 2024-10-19 22:39:23.647093
[START] processing file: sample_506
*Running tests for: sample_506
 
Result: ['tests_pass']
tests_pass sample_506 /home/yang/Benchmark/dataset/cruxeval/code//sample_506.py
Apply all rules on a single file.
Checking transformation add_nested_for_out
*Running tests for: sample_506
 
Result: ['tests_pass']
Checking transformation add_nested_if
*Running tests for: sample_506
 
Result: ['tests_pass']
Checking transformation add_nested_list
*Running tests for: sample_506
 
Result: ['tests_pass']
Checking transformation transform_range_to_recursion
*Running tests for: sample_506
 
Result: ['tests_pass']
Checking transformation add_datetime
*Running tests for: sample_506
 
Result: ['tests_pass']
Checking transformation add_time
*Running tests for: sample_506
 
Result: ['tests_pass']
def newFunc_83607(arg0, arg1):
    return arg0 * arg1
Checking transformation create_functions
*Running tests for: sample_506
 
Result: ['tests_pass']
Checking transformation add_decorator
*Running tests for: sample_506
 
Result: ['tests_pass']
Checking transformation add_http
*Running tests for: sample_506
 
Result: ['tests_pass']
Checking transformation add_scipy
*Running tests for: sample_506
 
Result: ['tests_pass']
Checking transformation add_base64
*Running tests for: sample_506
 
Result: ['tests_pass']
Checking transformation add_dateutil
*Running tests for: sample_506
 
Result: ['tests_pass']
The file 'reasoning_transformation_cruxeval/CRUXEval/e1f735e05ec0002c7d6ed7d62be776995bf4ddf4/Transformation/sample_506.py' has been formatted successfully.
Checking reasoning_transformation_cruxeval/CRUXEval/e1f735e05ec0002c7d6ed7d62be776995bf4ddf4/Transformation/sample_506.py
*Running tests for: sample_506
 
Result: ['tests_pass']
{ 'applicable_rules': [ 'change_var_names',
                        'add_nested_for_out',
                        'add_nested_if',
                        'add_try_except_inside_functions',
                        'add_else_to_for',
                        'add_nested_list',
                        'transform_range_to_recursion',
                        'add_datetime',
                        'add_time',
                        'add_crypto',
                        'add_sklearn',
                        'create_functions',
                        'add_decorator',
                        'add_http',
                        'add_scipy',
                        'add_base64',
                        'add_dateutil',
                        'changing_AugAssign'],
  'diff_output': 'reasoning_transformation_cruxeval/CRUXEval/e1f735e05ec0002c7d6ed7d62be776995bf4ddf4/Transformation/sample_506.patch',
  'evaluation_tests_dir': '/home/yang/Benchmark/dataset/cruxeval/',
  'exception': None,
  'file_id': 'sample_506',
  'genetic_algorithm': None,
  'original_code': 'def f(n):\n'
                   "    p = ''\n"
                   '    if n % 2 == 1:\n'
                   "        p += 'sn'\n"
                   '    else:\n'
                   '        return n * n\n'
                   '    for x in range(1, n + 1):\n'
                   '        if x % 2 == 0:\n'
                   "            p += 'to'\n"
                   '        else:\n'
                   "            p += 'ts'\n"
                   '    return p',
  'patch_path': 'reasoning_transformation_cruxeval/CRUXEval/e1f735e05ec0002c7d6ed7d62be776995bf4ddf4/Transformation/sample_506.patch',
  'single_rule': None,
  'source_file': '/home/yang/Benchmark/dataset/cruxeval/code//sample_506.py',
  'target_file': 'reasoning_transformation_cruxeval/CRUXEval/e1f735e05ec0002c7d6ed7d62be776995bf4ddf4/Transformation/sample_506.py',
  'test_results_after': ['tests_pass'],
  'test_results_before': ['tests_pass'],
  'total_time': 4.738982,
  'transformed_code': 'from dateutil.parser import parse\n'
                      'import base64\n'
                      'from scipy.stats import ttest_ind\n'
                      'from http.client import HTTPConnection\n'
                      '\n'
                      'def my_decorator(func):\n'
                      "    parse('2024-10-19 22:39:27')\n"
                      '\n'
                      '    def dec_result(*args, **kwargs):\n'
                      '        res = func(*args, **kwargs)\n'
                      '        return res\n'
                      '    return dec_result\n'
                      '\n'
                      '@my_decorator\n'
                      'def newFunc_83607(arg0, arg1):\n'
                      "    base64.b64encode(b'13096856532854575495')\n"
                      '    ttest_ind([9, 4, 52], [32, 32, 19])\n'
                      '    return arg0 * arg1\n'
                      'from sklearn.utils import shuffle\n'
                      'from cryptography.fernet import Fernet\n'
                      'import time\n'
                      'import datetime\n'
                      '\n'
                      'def f(n):\n'
                      '    datetime.datetime.now()\n'
                      '    Fernet.generate_key()\n'
                      '    shuffle([61, 34, 55])\n'
                      '    time.sleep(0.05)\n'
                      "    HTTPConnection('google.com', port=80)\n"
                      '    try:\n'
                      '        ConditionChecker13 = [28][0]\n'
                      '        ConditionChecker23 = 274\n'
                      "        p = ''\n"
                      '        if ConditionChecker13 & ConditionChecker23:\n'
                      '            if n % 2 == 1:\n'
                      "                p = p + 'sn'\n"
                      '            else:\n'
                      '                return newFunc_83607(n, n)\n'
                      '        LoopChecker17 = 56\n'
                      '        LoopChecker27 = 55\n'
                      '        for LoopIndexOut in range(LoopChecker17 // '
                      'LoopChecker27):\n'
                      '\n'
                      '            def loop_14_12(newx_1, stop, step):\n'
                      '                nonlocal p\n'
                      '                if step == 0 or (step > 0 and newx_1 >= '
                      'stop) or (step < 0 and newx_1 <= stop):\n'
                      '                    return\n'
                      '                if newx_1 % 2 == 0:\n'
                      "                    p += 'to'\n"
                      '                else:\n'
                      "                    p += 'ts'\n"
                      '                loop_14_12(newx_1 + step, stop, step)\n'
                      '            loop_14_12(1, n + 1, 1)\n'
                      '        else:\n'
                      '            pass\n'
                      '        return p\n'
                      '    except:\n'
                      '        pass'}
[END] processing file: sample_506. Total Time: 4.738982
END AT 2024-10-19 22:39:28.387713
