STARTING AT 2024-10-19 22:41:51.350075
[START] processing file: sample_527
*Running tests for: sample_527
 
Result: ['tests_pass']
tests_pass sample_527 /home/yang/Benchmark/dataset/cruxeval/code//sample_527.py
Apply all rules on a single file.
Checking transformation add_datetime
*Running tests for: sample_527
 
Result: ['tests_pass']
Checking transformation add_time
*Running tests for: sample_527
 
Result: ['tests_pass']
Checking transformation add_decorator
*Running tests for: sample_527
 
Result: ['tests_pass']
Checking transformation add_http
*Running tests for: sample_527
 
Result: ['tests_pass']
Checking transformation add_scipy
*Running tests for: sample_527
 
Result: ['tests_pass']
Checking transformation add_base64
*Running tests for: sample_527
 
Result: ['tests_pass']
Checking transformation add_dateutil
*Running tests for: sample_527
 
Result: ['tests_pass']
The file 'reasoning_transformation_cruxeval/CRUXEval/e1f735e05ec0002c7d6ed7d62be776995bf4ddf4/Transformation/sample_527.py' has been formatted successfully.
Checking reasoning_transformation_cruxeval/CRUXEval/e1f735e05ec0002c7d6ed7d62be776995bf4ddf4/Transformation/sample_527.py
*Running tests for: sample_527
 
Result: ['tests_pass']
{ 'applicable_rules': [ 'add_try_except_inside_functions',
                        'add_datetime',
                        'add_time',
                        'add_crypto',
                        'add_sklearn',
                        'add_decorator',
                        'add_http',
                        'add_scipy',
                        'add_base64',
                        'add_dateutil'],
  'diff_output': 'reasoning_transformation_cruxeval/CRUXEval/e1f735e05ec0002c7d6ed7d62be776995bf4ddf4/Transformation/sample_527.patch',
  'evaluation_tests_dir': '/home/yang/Benchmark/dataset/cruxeval/',
  'exception': None,
  'file_id': 'sample_527',
  'genetic_algorithm': None,
  'original_code': 'def f(text, value):\n'
                   "    return text.ljust(len(value), '?')",
  'patch_path': 'reasoning_transformation_cruxeval/CRUXEval/e1f735e05ec0002c7d6ed7d62be776995bf4ddf4/Transformation/sample_527.patch',
  'single_rule': None,
  'source_file': '/home/yang/Benchmark/dataset/cruxeval/code//sample_527.py',
  'target_file': 'reasoning_transformation_cruxeval/CRUXEval/e1f735e05ec0002c7d6ed7d62be776995bf4ddf4/Transformation/sample_527.py',
  'test_results_after': ['tests_pass'],
  'test_results_before': ['tests_pass'],
  'total_time': 5.211096,
  'transformed_code': 'from dateutil.parser import parse\n'
                      'import base64\n'
                      'from scipy.stats import ttest_ind\n'
                      'from http.client import HTTPConnection\n'
                      '\n'
                      'def my_decorator(func):\n'
                      "    parse('2024-10-19 22:41:54')\n"
                      '    ttest_ind([70, 80, 15], [82, 50, 7])\n'
                      "    HTTPConnection('google.com', port=80)\n"
                      '\n'
                      '    def dec_result(*args, **kwargs):\n'
                      '        res = func(*args, **kwargs)\n'
                      '        return res\n'
                      '    return dec_result\n'
                      'from sklearn.utils import shuffle\n'
                      'from cryptography.fernet import Fernet\n'
                      'import time\n'
                      'import datetime\n'
                      '\n'
                      '@my_decorator\n'
                      'def f(text, value):\n'
                      '    datetime.datetime.now()\n'
                      '    shuffle([40, 39, 57])\n'
                      '    time.sleep(0.18)\n'
                      '    Fernet.generate_key()\n'
                      "    base64.b64encode(b'45121494775750662629')\n"
                      '    try:\n'
                      "        return text.ljust(len(value), '?')\n"
                      '    except:\n'
                      '        pass'}
[END] processing file: sample_527. Total Time: 5.211096
END AT 2024-10-19 22:41:56.562230
