STARTING AT 2024-10-19 22:43:41.413019
[START] processing file: sample_542
*Running tests for: sample_542
 
Result: ['tests_pass']
tests_pass sample_542 /home/yang/Benchmark/dataset/cruxeval/code//sample_542.py
Apply all rules on a single file.
Checking transformation add_datetime
*Running tests for: sample_542
 
Result: ['tests_pass']
Checking transformation add_time
*Running tests for: sample_542
 
Result: ['tests_pass']
Checking transformation add_decorator
*Running tests for: sample_542
 
Result: ['tests_pass']
Checking transformation add_http
*Running tests for: sample_542
 
Result: ['tests_pass']
Checking transformation add_scipy
*Running tests for: sample_542
 
Result: ['tests_pass']
Checking transformation add_base64
*Running tests for: sample_542
 
Result: ['tests_pass']
Checking transformation add_dateutil
*Running tests for: sample_542
 
Result: ['tests_pass']
The file 'reasoning_transformation_cruxeval/CRUXEval/e1f735e05ec0002c7d6ed7d62be776995bf4ddf4/Transformation/sample_542.py' has been formatted successfully.
Checking reasoning_transformation_cruxeval/CRUXEval/e1f735e05ec0002c7d6ed7d62be776995bf4ddf4/Transformation/sample_542.py
*Running tests for: sample_542
 
Result: ['tests_pass']
{ 'applicable_rules': [ 'add_datetime',
                        'add_time',
                        'add_crypto',
                        'add_sklearn',
                        'add_decorator',
                        'add_http',
                        'add_scipy',
                        'add_base64',
                        'add_dateutil'],
  'diff_output': 'reasoning_transformation_cruxeval/CRUXEval/e1f735e05ec0002c7d6ed7d62be776995bf4ddf4/Transformation/sample_542.patch',
  'evaluation_tests_dir': '/home/yang/Benchmark/dataset/cruxeval/',
  'exception': None,
  'file_id': 'sample_542',
  'genetic_algorithm': None,
  'original_code': 'def f(test, sep, maxsplit):\n'
                   '    try:\n'
                   '        return test.rsplit(sep, maxsplit)\n'
                   '    except:\n'
                   '        return test.rsplit()',
  'patch_path': 'reasoning_transformation_cruxeval/CRUXEval/e1f735e05ec0002c7d6ed7d62be776995bf4ddf4/Transformation/sample_542.patch',
  'single_rule': None,
  'source_file': '/home/yang/Benchmark/dataset/cruxeval/code//sample_542.py',
  'target_file': 'reasoning_transformation_cruxeval/CRUXEval/e1f735e05ec0002c7d6ed7d62be776995bf4ddf4/Transformation/sample_542.py',
  'test_results_after': ['tests_pass'],
  'test_results_before': ['tests_pass'],
  'total_time': 5.254397,
  'transformed_code': 'from dateutil.parser import parse\n'
                      'import base64\n'
                      'from scipy.stats import ttest_ind\n'
                      'from http.client import HTTPConnection\n'
                      '\n'
                      'def my_decorator(func):\n'
                      '\n'
                      '    def dec_result(*args, **kwargs):\n'
                      '        res = func(*args, **kwargs)\n'
                      '        return res\n'
                      "    parse('2024-10-19 22:43:44')\n"
                      "    base64.b64encode(b'93430964154751764619')\n"
                      "    HTTPConnection('google.com', port=80)\n"
                      '    return dec_result\n'
                      'from sklearn.utils import shuffle\n'
                      'from cryptography.fernet import Fernet\n'
                      'import time\n'
                      'import datetime\n'
                      '\n'
                      '@my_decorator\n'
                      'def f(test, sep, maxsplit):\n'
                      '    Fernet.generate_key()\n'
                      '    time.sleep(0.2)\n'
                      '    datetime.datetime.now()\n'
                      '    ttest_ind([46, 96, 15], [18, 35, 48])\n'
                      '    shuffle([61, 65, 95])\n'
                      '    try:\n'
                      '        return test.rsplit(sep, maxsplit)\n'
                      '    except:\n'
                      '        return test.rsplit()'}
[END] processing file: sample_542. Total Time: 5.254397
END AT 2024-10-19 22:43:46.668436
