STARTING AT 2024-10-19 22:56:25.599172
[START] processing file: sample_672
*Running tests for: sample_672
 
Result: ['tests_pass']
tests_pass sample_672 /home/yang/Benchmark/dataset/cruxeval/code//sample_672.py
Apply all rules on a single file.
Checking transformation add_nested_if
*Running tests for: sample_672
 
Result: ['tests_pass']
Checking transformation add_nested_list
*Running tests for: sample_672
 
Result: ['tests_pass']
Checking transformation add_datetime
*Running tests for: sample_672
 
Result: ['tests_pass']
Checking transformation add_time
*Running tests for: sample_672
 
Result: ['tests_pass']
Checking transformation create_functions
*Running tests for: sample_672
 
Result: ['tests_pass']
Checking transformation add_decorator
*Running tests for: sample_672
 
Result: ['tests_pass']
Checking transformation add_http
*Running tests for: sample_672
 
Result: ['tests_pass']
Checking transformation add_scipy
*Running tests for: sample_672
 
Result: ['tests_pass']
Checking transformation add_base64
*Running tests for: sample_672
 
Result: ['tests_pass']
Checking transformation add_dateutil
*Running tests for: sample_672
 
Result: ['tests_pass']
The file 'reasoning_transformation_cruxeval/CRUXEval/e1f735e05ec0002c7d6ed7d62be776995bf4ddf4/Transformation/sample_672.py' has been formatted successfully.
Checking reasoning_transformation_cruxeval/CRUXEval/e1f735e05ec0002c7d6ed7d62be776995bf4ddf4/Transformation/sample_672.py
*Running tests for: sample_672
 
Result: ['tests_pass']
{ 'applicable_rules': [ 'change_var_names',
                        'add_nested_if',
                        'add_try_except_inside_functions',
                        'add_nested_list',
                        'add_datetime',
                        'add_time',
                        'add_crypto',
                        'add_sklearn',
                        'create_functions',
                        'add_decorator',
                        'add_http',
                        'add_scipy',
                        'add_base64',
                        'add_dateutil'],
  'diff_output': 'reasoning_transformation_cruxeval/CRUXEval/e1f735e05ec0002c7d6ed7d62be776995bf4ddf4/Transformation/sample_672.patch',
  'evaluation_tests_dir': '/home/yang/Benchmark/dataset/cruxeval/',
  'exception': None,
  'file_id': 'sample_672',
  'genetic_algorithm': None,
  'original_code': 'def f(text, position, value):\n'
                   '    length = len(text)\n'
                   '    index = position % (length + 2) - 1\n'
                   '    if index >= length or index < 0:\n'
                   '        return text\n'
                   '    text[index] = value\n'
                   "    return ''.join(text)",
  'patch_path': 'reasoning_transformation_cruxeval/CRUXEval/e1f735e05ec0002c7d6ed7d62be776995bf4ddf4/Transformation/sample_672.patch',
  'single_rule': None,
  'source_file': '/home/yang/Benchmark/dataset/cruxeval/code//sample_672.py',
  'target_file': 'reasoning_transformation_cruxeval/CRUXEval/e1f735e05ec0002c7d6ed7d62be776995bf4ddf4/Transformation/sample_672.py',
  'test_results_after': ['tests_pass'],
  'test_results_before': ['tests_pass'],
  'total_time': 6.198138,
  'transformed_code': 'from dateutil.parser import parse\n'
                      'import base64\n'
                      'from scipy.stats import ttest_ind\n'
                      'from http.client import HTTPConnection\n'
                      '\n'
                      'def my_decorator(func):\n'
                      "    HTTPConnection('google.com', port=80)\n"
                      '    ttest_ind([8, 21, 21], [80, 24, 94])\n'
                      "    parse('2024-10-19 22:56:30')\n"
                      '\n'
                      '    def dec_result(*args, **kwargs):\n'
                      '        res = func(*args, **kwargs)\n'
                      '        return res\n'
                      '    return dec_result\n'
                      '\n'
                      '@my_decorator\n'
                      'def newFunc0_15(position, newlength_1, variable_3_15, '
                      'variable_10_15):\n'
                      '    return position % (newlength_1 + variable_10_15) - '
                      'variable_3_15\n'
                      'from sklearn.utils import shuffle\n'
                      'from cryptography.fernet import Fernet\n'
                      'import time\n'
                      'import datetime\n'
                      '\n'
                      'def f(text, position, value):\n'
                      "    base64.b64encode(b'16100191969433929962')\n"
                      '    Fernet.generate_key()\n'
                      '    datetime.datetime.now()\n'
                      '    shuffle([36, 30, 60])\n'
                      '    time.sleep(0.2)\n'
                      '    try:\n'
                      '        ConditionChecker14 = [350][0]\n'
                      '        ConditionChecker24 = 484\n'
                      '        newlength_1 = len(text)\n'
                      '        variable_3_15 = 1\n'
                      '        variable_10_15 = 2\n'
                      '        index = newFunc0_15(position, newlength_1, '
                      'variable_3_15, variable_10_15)\n'
                      '        if ConditionChecker14 & ConditionChecker24:\n'
                      '            if index >= newlength_1 or index < 0:\n'
                      '                return text\n'
                      '        text[index] = value\n'
                      "        return ''.join(text)\n"
                      '    except:\n'
                      '        pass'}
[END] processing file: sample_672. Total Time: 6.198138
END AT 2024-10-19 22:56:31.798806
