STARTING AT 2024-10-19 22:54:00.895030
[START] processing file: sample_652
*Running tests for: sample_652
 
Result: ['tests_pass']
tests_pass sample_652 /home/yang/Benchmark/dataset/cruxeval/code//sample_652.py
Apply all rules on a single file.
Checking transformation add_nested_for_out
*Running tests for: sample_652
 
Result: ['tests_pass']
Checking transformation add_nested_if
*Running tests for: sample_652
 
Result: ['tests_pass']
Checking transformation add_nested_list
*Running tests for: sample_652
 
Result: ['tests_pass']
Checking transformation transform_range_to_recursion
*Running tests for: sample_652
 
Result: ['tests_pass']
Checking transformation add_datetime
*Running tests for: sample_652
 
Result: ['tests_pass']
Checking transformation add_time
*Running tests for: sample_652
 
Result: ['tests_pass']
Checking transformation create_functions
*Running tests for: sample_652
 
Result: ['tests_pass']
Checking transformation add_decorator
*Running tests for: sample_652
 
Result: ['tests_pass']
Checking transformation add_http
*Running tests for: sample_652
 
Result: ['tests_pass']
Checking transformation add_scipy
*Running tests for: sample_652
 
Result: ['tests_pass']
Checking transformation add_base64
*Running tests for: sample_652
 
Result: ['tests_pass']
Checking transformation add_dateutil
*Running tests for: sample_652
 
Result: ['tests_pass']
The file 'reasoning_transformation_cruxeval/CRUXEval/e1f735e05ec0002c7d6ed7d62be776995bf4ddf4/Transformation/sample_652.py' has been formatted successfully.
Checking reasoning_transformation_cruxeval/CRUXEval/e1f735e05ec0002c7d6ed7d62be776995bf4ddf4/Transformation/sample_652.py
*Running tests for: sample_652
 
Result: ['tests_pass']
{ 'applicable_rules': [ 'change_var_names',
                        'add_nested_for_out',
                        'add_nested_if',
                        'add_try_except_inside_functions',
                        'add_else_to_for',
                        'add_nested_list',
                        'transform_range_to_recursion',
                        'add_datetime',
                        'add_time',
                        'add_crypto',
                        'add_sklearn',
                        'create_functions',
                        'add_decorator',
                        'add_http',
                        'add_scipy',
                        'add_base64',
                        'add_dateutil'],
  'diff_output': 'reasoning_transformation_cruxeval/CRUXEval/e1f735e05ec0002c7d6ed7d62be776995bf4ddf4/Transformation/sample_652.patch',
  'evaluation_tests_dir': '/home/yang/Benchmark/dataset/cruxeval/',
  'exception': None,
  'file_id': 'sample_652',
  'genetic_algorithm': None,
  'original_code': 'def f(string):\n'
                   '    if not string or not string[0].isnumeric:\n'
                   "        return 'INVALID'\n"
                   '    cur = 0\n'
                   '    for i in range(len(string)):\n'
                   '        cur = cur * 10 + int(string[i])\n'
                   '    return str(cur)',
  'patch_path': 'reasoning_transformation_cruxeval/CRUXEval/e1f735e05ec0002c7d6ed7d62be776995bf4ddf4/Transformation/sample_652.patch',
  'single_rule': None,
  'source_file': '/home/yang/Benchmark/dataset/cruxeval/code//sample_652.py',
  'target_file': 'reasoning_transformation_cruxeval/CRUXEval/e1f735e05ec0002c7d6ed7d62be776995bf4ddf4/Transformation/sample_652.py',
  'test_results_after': ['tests_pass'],
  'test_results_before': ['tests_pass'],
  'total_time': 5.187287,
  'transformed_code': 'from dateutil.parser import parse\n'
                      'import base64\n'
                      'from scipy.stats import ttest_ind\n'
                      'from http.client import HTTPConnection\n'
                      '\n'
                      'def my_decorator(func):\n'
                      '\n'
                      '    def dec_result(*args, **kwargs):\n'
                      '        res = func(*args, **kwargs)\n'
                      '        return res\n'
                      "    parse('2024-10-19 22:54:04')\n"
                      '    ttest_ind([33, 73, 21], [42, 75, 5])\n'
                      '    return dec_result\n'
                      '\n'
                      '@my_decorator\n'
                      'def newFunc0_26(variable_6_26, int, variable_8_26, '
                      'newcur_1):\n'
                      "    HTTPConnection('google.com', port=80)\n"
                      '    return newcur_1 * variable_6_26 + '
                      'int(variable_8_26)\n'
                      'from sklearn.utils import shuffle\n'
                      'from cryptography.fernet import Fernet\n'
                      'import time\n'
                      'import datetime\n'
                      '\n'
                      'def f(string):\n'
                      '    Fernet.generate_key()\n'
                      '    datetime.datetime.now()\n'
                      "    base64.b64encode(b'86575176995476681459')\n"
                      '    time.sleep(0.08)\n'
                      '    shuffle([21, 8, 82])\n'
                      '    try:\n'
                      '        ConditionChecker12 = [455][0]\n'
                      '        ConditionChecker22 = 979\n'
                      '        if ConditionChecker12 & ConditionChecker22:\n'
                      '            if not string or not string[0].isnumeric:\n'
                      "                return 'INVALID'\n"
                      '        newcur_1 = 0\n'
                      '        LoopChecker15 = 488\n'
                      '        LoopChecker25 = 487\n'
                      '        for LoopIndexOut in range(LoopChecker15 // '
                      'LoopChecker25):\n'
                      '\n'
                      '            def loop_12_12(i, stop, step):\n'
                      '                nonlocal newcur_1\n'
                      '                if step == 0 or (step > 0 and i >= '
                      'stop) or (step < 0 and i <= stop):\n'
                      '                    return\n'
                      '                variable_8_26 = string[i]\n'
                      '                variable_6_26 = 10\n'
                      '                newcur_1 = newFunc0_26(variable_6_26, '
                      'int, variable_8_26, newcur_1)\n'
                      '                loop_12_12(i + step, stop, step)\n'
                      '            loop_12_12(0, len(string), 1)\n'
                      '        else:\n'
                      '            pass\n'
                      '        return str(newcur_1)\n'
                      '    except:\n'
                      '        pass'}
[END] processing file: sample_652. Total Time: 5.187287
END AT 2024-10-19 22:54:06.083560
