STARTING AT 2024-10-19 22:49:18.519126
[START] processing file: sample_59
*Running tests for: sample_59
 
Result: ['tests_pass']
tests_pass sample_59 /home/yang/Benchmark/dataset/cruxeval/code//sample_59.py
Apply all rules on a single file.
Checking transformation add_nested_for_out
*Running tests for: sample_59
 
Result: ['tests_pass']
Checking transformation add_nested_if
*Running tests for: sample_59
 
Result: ['tests_pass']
Checking transformation add_nested_list
*Running tests for: sample_59
 
Result: ['tests_pass']
Checking transformation transform_range_to_recursion
*Running tests for: sample_59
 
Result: ['tests_pass']
Checking transformation replace_with_numpy
*Running tests for: sample_59
 Traceback (most recent call last):
  File "/home/yang/Benchmark/.tmp_test/tmp_test.pysample_59", line 26, in <module>
    assert f('hi ') == 'hi'
AssertionError

output_actual, stderr_data: ('', b'Traceback (most recent call last):\n  File "/home/yang/Benchmark/.tmp_test/tmp_test.pysample_59", line 26, in <module>\n    assert f(\'hi \') == \'hi\'\nAssertionError\n')
Result: ['error_or_timeout']
Drop replace_with_numpy due to ['error_or_timeout']
Checking transformation add_datetime
*Running tests for: sample_59
 
Result: ['tests_pass']
Checking transformation add_time
*Running tests for: sample_59
 
Result: ['tests_pass']
Checking transformation create_functions
*Running tests for: sample_59
 
Result: ['tests_pass']
Checking transformation add_decorator
*Running tests for: sample_59
 
Result: ['tests_pass']
Checking transformation add_http
*Running tests for: sample_59
 
Result: ['tests_pass']
Checking transformation add_scipy
*Running tests for: sample_59
 
Result: ['tests_pass']
Checking transformation add_base64
*Running tests for: sample_59
 
Result: ['tests_pass']
Checking transformation add_dateutil
*Running tests for: sample_59
 
Result: ['tests_pass']
The file 'reasoning_transformation_cruxeval/CRUXEval/e1f735e05ec0002c7d6ed7d62be776995bf4ddf4/Transformation/sample_59.py' has been formatted successfully.
Checking reasoning_transformation_cruxeval/CRUXEval/e1f735e05ec0002c7d6ed7d62be776995bf4ddf4/Transformation/sample_59.py
*Running tests for: sample_59
 
Result: ['tests_pass']
{ 'applicable_rules': [ 'change_var_names',
                        'add_nested_for_out',
                        'add_nested_if',
                        'add_try_except_inside_functions',
                        'add_else_to_for',
                        'add_nested_list',
                        'transform_range_to_recursion',
                        'add_datetime',
                        'add_time',
                        'add_crypto',
                        'add_sklearn',
                        'create_functions',
                        'add_decorator',
                        'add_http',
                        'add_scipy',
                        'add_base64',
                        'add_dateutil'],
  'diff_output': 'reasoning_transformation_cruxeval/CRUXEval/e1f735e05ec0002c7d6ed7d62be776995bf4ddf4/Transformation/sample_59.patch',
  'evaluation_tests_dir': '/home/yang/Benchmark/dataset/cruxeval/',
  'exception': None,
  'file_id': 'sample_59',
  'genetic_algorithm': None,
  'original_code': 'def f(s):\n'
                   "    a = [char for char in s if char != ' ']\n"
                   '    b = a\n'
                   '    for c in reversed(a):\n'
                   "        if c == ' ':\n"
                   '            b.pop()\n'
                   '        else:\n'
                   '            break\n'
                   "    return ''.join(b)",
  'patch_path': 'reasoning_transformation_cruxeval/CRUXEval/e1f735e05ec0002c7d6ed7d62be776995bf4ddf4/Transformation/sample_59.patch',
  'single_rule': None,
  'source_file': '/home/yang/Benchmark/dataset/cruxeval/code//sample_59.py',
  'target_file': 'reasoning_transformation_cruxeval/CRUXEval/e1f735e05ec0002c7d6ed7d62be776995bf4ddf4/Transformation/sample_59.py',
  'test_results_after': ['tests_pass'],
  'test_results_before': ['tests_pass'],
  'total_time': 6.313523,
  'transformed_code': 'from dateutil.parser import parse\n'
                      'import base64\n'
                      'from scipy.stats import ttest_ind\n'
                      'from http.client import HTTPConnection\n'
                      '\n'
                      'def my_decorator(func):\n'
                      '\n'
                      '    def dec_result(*args, **kwargs):\n'
                      '        res = func(*args, **kwargs)\n'
                      '        return res\n'
                      "    base64.b64encode(b'62985666401525110155')\n"
                      '    return dec_result\n'
                      '\n'
                      '@my_decorator\n'
                      'def newFunc_BinOp0(a, b):\n'
                      '    ttest_ind([95, 42, 96], [71, 6, 2])\n'
                      "    parse('2024-10-19 22:49:23')\n"
                      '    return a & b\n'
                      'from sklearn.utils import shuffle\n'
                      'from cryptography.fernet import Fernet\n'
                      'import time\n'
                      'import datetime\n'
                      '\n'
                      'def f(s):\n'
                      '    datetime.datetime.now()\n'
                      "    HTTPConnection('google.com', port=80)\n"
                      '    time.sleep(0.16)\n'
                      '    shuffle([29, 14, 88])\n'
                      '    Fernet.generate_key()\n'
                      '    try:\n'
                      '        a = [[newchar_1 for newchar_1 in s if newchar_1 '
                      "!= ' ']][0]\n"
                      '        b = a\n'
                      '        LoopChecker14 = 739\n'
                      '        LoopChecker24 = 738\n'
                      '        ConditionChecker18 = 695\n'
                      '        ConditionChecker28 = 343\n'
                      '\n'
                      '        def loop_9_8(LoopIndexOut, stop, step):\n'
                      '            if step == 0 or (step > 0 and LoopIndexOut '
                      '>= stop) or (step < 0 and LoopIndexOut <= stop):\n'
                      '                return\n'
                      '            for c in reversed(a):\n'
                      '                if newFunc_BinOp0(ConditionChecker18, '
                      'ConditionChecker28):\n'
                      "                    if c == ' ':\n"
                      '                        b.pop()\n'
                      '                    else:\n'
                      '                        break\n'
                      '            loop_9_8(LoopIndexOut + step, stop, step)\n'
                      '        loop_9_8(0, LoopChecker14 // LoopChecker24, 1)\n'
                      "        return ''.join(b)\n"
                      '    except:\n'
                      '        pass'}
[END] processing file: sample_59. Total Time: 6.313523
END AT 2024-10-19 22:49:24.833903
