STARTING AT 2024-10-19 23:36:09.080302
[START] processing file: sample_581
*Running tests for: sample_581
 
Result: ['tests_pass']
tests_pass sample_581 /home/yang/Benchmark/dataset/cruxeval/code//sample_581.py
Apply all rules on a single file.
Checking transformation add_nested_for_out
*Running tests for: sample_581
 
Result: ['tests_pass']
Checking transformation add_nested_list
*Running tests for: sample_581
 
Result: ['tests_pass']
Checking transformation transform_range_to_recursion
*Running tests for: sample_581
 
Result: ['tests_pass']
Checking transformation add_datetime
*Running tests for: sample_581
 
Result: ['tests_pass']
Checking transformation add_time
*Running tests for: sample_581
 
Result: ['tests_pass']
Checking transformation create_functions
*Running tests for: sample_581
 
Result: ['tests_pass']
Checking transformation add_decorator
*Running tests for: sample_581
 
Result: ['tests_pass']
Checking transformation add_http
*Running tests for: sample_581
 
Result: ['tests_pass']
Checking transformation add_scipy
*Running tests for: sample_581
 
Result: ['tests_pass']
Checking transformation add_base64
*Running tests for: sample_581
 
Result: ['tests_pass']
Checking transformation add_dateutil
*Running tests for: sample_581
 
Result: ['tests_pass']
The file 'reasoning_transformation_cruxeval/CRUXEval/951a917df7397c9cb698ead54386db6d1db4ffb0/Transformation/sample_581.py' has been formatted successfully.
Checking reasoning_transformation_cruxeval/CRUXEval/951a917df7397c9cb698ead54386db6d1db4ffb0/Transformation/sample_581.py
*Running tests for: sample_581
 
Result: ['tests_pass']
{ 'applicable_rules': [ 'change_var_names',
                        'add_nested_for_out',
                        'add_try_except_inside_functions',
                        'add_else_to_for',
                        'add_nested_list',
                        'transform_range_to_recursion',
                        'add_datetime',
                        'add_time',
                        'add_crypto',
                        'add_sklearn',
                        'create_functions',
                        'add_decorator',
                        'add_http',
                        'add_scipy',
                        'add_base64',
                        'add_dateutil'],
  'diff_output': 'reasoning_transformation_cruxeval/CRUXEval/951a917df7397c9cb698ead54386db6d1db4ffb0/Transformation/sample_581.patch',
  'evaluation_tests_dir': '/home/yang/Benchmark/dataset/cruxeval/',
  'exception': None,
  'file_id': 'sample_581',
  'genetic_algorithm': None,
  'original_code': 'def f(text, sign):\n'
                   '    length = len(text)\n'
                   '    new_text = list(text)\n'
                   '    sign = list(sign)\n'
                   '    for i in range(len(sign)):\n'
                   '        new_text.insert((i * length - 1) // 2 + (i + 1) // '
                   '2, sign[i])\n'
                   "    return ''.join(new_text)",
  'patch_path': 'reasoning_transformation_cruxeval/CRUXEval/951a917df7397c9cb698ead54386db6d1db4ffb0/Transformation/sample_581.patch',
  'single_rule': None,
  'source_file': '/home/yang/Benchmark/dataset/cruxeval/code//sample_581.py',
  'target_file': 'reasoning_transformation_cruxeval/CRUXEval/951a917df7397c9cb698ead54386db6d1db4ffb0/Transformation/sample_581.py',
  'test_results_after': ['tests_pass'],
  'test_results_before': ['tests_pass'],
  'total_time': 5.550987,
  'transformed_code': 'from dateutil.parser import parse\n'
                      'import base64\n'
                      'from scipy.stats import ttest_ind\n'
                      'from http.client import HTTPConnection\n'
                      '\n'
                      'def my_decorator(func):\n'
                      "    base64.b64encode(b'30158534586786361287')\n"
                      '\n'
                      '    def dec_result(*args, **kwargs):\n'
                      '        res = func(*args, **kwargs)\n'
                      '        return res\n'
                      "    HTTPConnection('google.com', port=80)\n"
                      '    return dec_result\n'
                      '\n'
                      '@my_decorator\n'
                      'def newFunc_BinOp0(a, b):\n'
                      '    return a // b\n'
                      'from sklearn.utils import shuffle\n'
                      'from cryptography.fernet import Fernet\n'
                      'import time\n'
                      'import datetime\n'
                      '\n'
                      'def f(text, newsign_1):\n'
                      "    parse('2024-10-19 23:36:13')\n"
                      '    Fernet.generate_key()\n'
                      '    time.sleep(0.12)\n'
                      '    datetime.datetime.now()\n'
                      '    shuffle([44, 2, 53])\n'
                      '    ttest_ind([89, 56, 51], [85, 93, 12])\n'
                      '    try:\n'
                      '        length = len(text)\n'
                      '        new_text = list(text)\n'
                      '        newsign_1 = list(newsign_1)\n'
                      '        LoopChecker15 = [572][0]\n'
                      '        LoopChecker25 = 571\n'
                      '        for LoopIndexOut in '
                      'range(newFunc_BinOp0(LoopChecker15, LoopChecker25)):\n'
                      '\n'
                      '            def loop_9_12(i, stop, step):\n'
                      '                if step == 0 or (step > 0 and i >= '
                      'stop) or (step < 0 and i <= stop):\n'
                      '                    return\n'
                      '                new_text.insert((i * length - 1) // 2 + '
                      '(i + 1) // 2, newsign_1[i])\n'
                      '                loop_9_12(i + step, stop, step)\n'
                      '            loop_9_12(0, len(newsign_1), 1)\n'
                      '        else:\n'
                      '            pass\n'
                      "        return ''.join(new_text)\n"
                      '    except:\n'
                      '        pass'}
[END] processing file: sample_581. Total Time: 5.550987
END AT 2024-10-19 23:36:14.633568
