STARTING AT 2024-10-19 22:20:13.009076
[START] processing file: sample_333
*Running tests for: sample_333
 
Result: ['tests_pass']
tests_pass sample_333 /home/yang/Benchmark/dataset/cruxeval/code//sample_333.py
Apply all rules on a single file.
Checking transformation add_nested_for_out
*Running tests for: sample_333
 
Result: ['tests_pass']
Checking transformation add_nested_if
*Running tests for: sample_333
 
Result: ['tests_pass']
Checking transformation add_nested_list
*Running tests for: sample_333
 
Result: ['tests_pass']
Checking transformation transform_range_to_recursion
*Running tests for: sample_333
 Traceback (most recent call last):
  File "/home/yang/Benchmark/.tmp_test/tmp_test.pysample_333", line 25, in <module>
    assert f([375, 564, 857, 90, 728, 92], [728]) == 1
AssertionError

output_actual, stderr_data: ('', b'Traceback (most recent call last):\n  File "/home/yang/Benchmark/.tmp_test/tmp_test.pysample_333", line 25, in <module>\n    assert f([375, 564, 857, 90, 728, 92], [728]) == 1\nAssertionError\n')
Result: ['error_or_timeout']
Drop transform_range_to_recursion due to ['error_or_timeout']
Checking transformation add_datetime
*Running tests for: sample_333
 
Result: ['tests_pass']
Checking transformation add_time
*Running tests for: sample_333
 
Result: ['tests_pass']
def newFunc_34423(arg0, arg1):
    return arg0 + arg1
def newFunc_40085(arg1, arg2):
    return arg1 + arg2
Checking transformation create_functions
*Running tests for: sample_333
 
Result: ['tests_pass']
Checking transformation add_decorator
*Running tests for: sample_333
 
Result: ['tests_pass']
Checking transformation add_http
*Running tests for: sample_333
 
Result: ['tests_pass']
Checking transformation add_scipy
*Running tests for: sample_333
 
Result: ['tests_pass']
Checking transformation add_base64
*Running tests for: sample_333
 
Result: ['tests_pass']
Checking transformation add_dateutil
*Running tests for: sample_333
 
Result: ['tests_pass']
The file 'reasoning_transformation_cruxeval/CRUXEval/e1f735e05ec0002c7d6ed7d62be776995bf4ddf4/Transformation/sample_333.py' has been formatted successfully.
Checking reasoning_transformation_cruxeval/CRUXEval/e1f735e05ec0002c7d6ed7d62be776995bf4ddf4/Transformation/sample_333.py
*Running tests for: sample_333
 
Result: ['tests_pass']
{ 'applicable_rules': [ 'change_var_names',
                        'add_nested_for_out',
                        'add_nested_if',
                        'add_try_except_inside_functions',
                        'add_else_to_for',
                        'add_nested_list',
                        'add_datetime',
                        'add_time',
                        'add_crypto',
                        'add_sklearn',
                        'create_functions',
                        'add_decorator',
                        'add_http',
                        'add_scipy',
                        'add_base64',
                        'add_dateutil'],
  'diff_output': 'reasoning_transformation_cruxeval/CRUXEval/e1f735e05ec0002c7d6ed7d62be776995bf4ddf4/Transformation/sample_333.patch',
  'evaluation_tests_dir': '/home/yang/Benchmark/dataset/cruxeval/',
  'exception': None,
  'file_id': 'sample_333',
  'genetic_algorithm': None,
  'original_code': 'def f(places, lazy):\n'
                   '    places.sort()\n'
                   '    for lazy in lazy:\n'
                   '        places.remove(lazy)\n'
                   '    if len(places) == 1:\n'
                   '        return 1\n'
                   '    for (i, place) in enumerate(places):\n'
                   '        if places.count(place + 1) == 0:\n'
                   '            return i + 1\n'
                   '    return i + 1',
  'patch_path': 'reasoning_transformation_cruxeval/CRUXEval/e1f735e05ec0002c7d6ed7d62be776995bf4ddf4/Transformation/sample_333.patch',
  'single_rule': None,
  'source_file': '/home/yang/Benchmark/dataset/cruxeval/code//sample_333.py',
  'target_file': 'reasoning_transformation_cruxeval/CRUXEval/e1f735e05ec0002c7d6ed7d62be776995bf4ddf4/Transformation/sample_333.py',
  'test_results_after': ['tests_pass'],
  'test_results_before': ['tests_pass'],
  'total_time': 5.319671,
  'transformed_code': 'from dateutil.parser import parse\n'
                      'import base64\n'
                      'from scipy.stats import ttest_ind\n'
                      'from http.client import HTTPConnection\n'
                      '\n'
                      'def my_decorator(func):\n'
                      "    parse('2024-10-19 22:20:16')\n"
                      "    HTTPConnection('google.com', port=80)\n"
                      '\n'
                      '    def dec_result(*args, **kwargs):\n'
                      '        res = func(*args, **kwargs)\n'
                      '        return res\n'
                      '    return dec_result\n'
                      '\n'
                      '@my_decorator\n'
                      'def newFunc_34423(arg0, arg1):\n'
                      '    return arg0 + arg1\n'
                      '\n'
                      'def newFunc_40085(arg1, arg2):\n'
                      '    ttest_ind([20, 73, 59], [2, 17, 77])\n'
                      "    base64.b64encode(b'77753097215851031099')\n"
                      '    return arg1 + arg2\n'
                      'from sklearn.utils import shuffle\n'
                      'from cryptography.fernet import Fernet\n'
                      'import time\n'
                      'import datetime\n'
                      '\n'
                      'def f(places, newlazy_1):\n'
                      '    shuffle([20, 59, 26])\n'
                      '    Fernet.generate_key()\n'
                      '    datetime.datetime.now()\n'
                      '    time.sleep(0.09)\n'
                      '    try:\n'
                      '        ConditionChecker18 = [968][0]\n'
                      '        ConditionChecker28 = 231\n'
                      '        places.sort()\n'
                      '        LoopChecker13 = 986\n'
                      '        LoopChecker23 = 985\n'
                      '        for LoopIndexOut in range(LoopChecker13 // '
                      'LoopChecker23):\n'
                      '            for newlazy_1 in newlazy_1:\n'
                      '                places.remove(newlazy_1)\n'
                      '        else:\n'
                      '            pass\n'
                      '        if ConditionChecker18 & ConditionChecker28:\n'
                      '            if len(places) == 1:\n'
                      '                return 1\n'
                      '        for (i, place) in enumerate(places):\n'
                      '            if places.count(place + 1) == 0:\n'
                      '                return newFunc_34423(i, 1)\n'
                      '        return newFunc_40085(i, 1)\n'
                      '    except:\n'
                      '        pass'}
[END] processing file: sample_333. Total Time: 5.319671
END AT 2024-10-19 22:20:18.330272
