STARTING AT 2024-10-19 22:17:16.434334
[START] processing file: sample_309
*Running tests for: sample_309
 
Result: ['tests_pass']
tests_pass sample_309 /home/yang/Benchmark/dataset/cruxeval/code//sample_309.py
Apply all rules on a single file.
Checking transformation add_nested_while_out
*Running tests for: sample_309
 
Result: ['tests_pass']
Checking transformation add_nested_list
*Running tests for: sample_309
 
Result: ['tests_pass']
Checking transformation add_datetime
*Running tests for: sample_309
 
Result: ['tests_pass']
Checking transformation add_time
*Running tests for: sample_309
 
Result: ['tests_pass']
Checking transformation create_functions
*Running tests for: sample_309
 
Result: ['tests_pass']
Checking transformation add_decorator
*Running tests for: sample_309
 
Result: ['tests_pass']
Checking transformation add_http
*Running tests for: sample_309
 
Result: ['tests_pass']
Checking transformation add_scipy
*Running tests for: sample_309
 
Result: ['tests_pass']
Checking transformation add_base64
*Running tests for: sample_309
 
Result: ['tests_pass']
Checking transformation add_dateutil
*Running tests for: sample_309
 
Result: ['tests_pass']
The file 'reasoning_transformation_cruxeval/CRUXEval/e1f735e05ec0002c7d6ed7d62be776995bf4ddf4/Transformation/sample_309.py' has been formatted successfully.
Checking reasoning_transformation_cruxeval/CRUXEval/e1f735e05ec0002c7d6ed7d62be776995bf4ddf4/Transformation/sample_309.py
*Running tests for: sample_309
 
Result: ['tests_pass']
{ 'applicable_rules': [ 'change_var_names',
                        'add_nested_while_out',
                        'add_try_except_inside_functions',
                        'add_else_to_while',
                        'add_nested_list',
                        'add_datetime',
                        'add_time',
                        'add_crypto',
                        'add_sklearn',
                        'create_functions',
                        'add_decorator',
                        'add_http',
                        'add_scipy',
                        'add_base64',
                        'add_dateutil',
                        'changing_AugAssign'],
  'diff_output': 'reasoning_transformation_cruxeval/CRUXEval/e1f735e05ec0002c7d6ed7d62be776995bf4ddf4/Transformation/sample_309.patch',
  'evaluation_tests_dir': '/home/yang/Benchmark/dataset/cruxeval/',
  'exception': None,
  'file_id': 'sample_309',
  'genetic_algorithm': None,
  'original_code': 'def f(text, suffix):\n'
                   '    text += suffix\n'
                   '    while text[-len(suffix):] == suffix:\n'
                   '        text = text[:-1]\n'
                   '    return text',
  'patch_path': 'reasoning_transformation_cruxeval/CRUXEval/e1f735e05ec0002c7d6ed7d62be776995bf4ddf4/Transformation/sample_309.patch',
  'single_rule': None,
  'source_file': '/home/yang/Benchmark/dataset/cruxeval/code//sample_309.py',
  'target_file': 'reasoning_transformation_cruxeval/CRUXEval/e1f735e05ec0002c7d6ed7d62be776995bf4ddf4/Transformation/sample_309.py',
  'test_results_after': ['tests_pass'],
  'test_results_before': ['tests_pass'],
  'total_time': 5.258337,
  'transformed_code': 'from dateutil.parser import parse\n'
                      'import base64\n'
                      'from scipy.stats import ttest_ind\n'
                      'from http.client import HTTPConnection\n'
                      '\n'
                      'def my_decorator(func):\n'
                      '\n'
                      '    def dec_result(*args, **kwargs):\n'
                      '        res = func(*args, **kwargs)\n'
                      '        return res\n'
                      '    return dec_result\n'
                      '\n'
                      '@my_decorator\n'
                      'def newFunc_BinOp0(a, b):\n'
                      "    HTTPConnection('google.com', port=80)\n"
                      '    return a % b\n'
                      'from sklearn.utils import shuffle\n'
                      'from cryptography.fernet import Fernet\n'
                      'import time\n'
                      'import datetime\n'
                      '\n'
                      'def f(newtext_1, suffix):\n'
                      "    parse('2024-10-19 22:17:20')\n"
                      "    base64.b64encode(b'30270980878591376211')\n"
                      '    datetime.datetime.now()\n'
                      '    ttest_ind([71, 31, 99], [39, 7, 24])\n'
                      '    shuffle([71, 63, 36])\n'
                      '    time.sleep(0.07)\n'
                      '    Fernet.generate_key()\n'
                      '    try:\n'
                      '        newtext_1 = newtext_1 + suffix\n'
                      '        whileloopchecker13 = [258][0]\n'
                      '        whileloopchecker23 = 257\n'
                      '        while newFunc_BinOp0(whileloopchecker13, '
                      'whileloopchecker23) == 1:\n'
                      '            whileloopchecker13 += 1\n'
                      '            while newtext_1[-len(suffix):] == suffix:\n'
                      '                newtext_1 = newtext_1[:-1]\n'
                      '        else:\n'
                      '            pass\n'
                      '        return newtext_1\n'
                      '    except:\n'
                      '        pass'}
[END] processing file: sample_309. Total Time: 5.258337
END AT 2024-10-19 22:17:21.694792
