STARTING AT 2024-10-19 22:00:56.096987
[START] processing file: sample_172
*Running tests for: sample_172
 
Result: ['tests_pass']
tests_pass sample_172 /home/yang/Benchmark/dataset/cruxeval/code//sample_172.py
Apply all rules on a single file.
Checking transformation add_nested_for_out
*Running tests for: sample_172
 
Result: ['tests_pass']
Checking transformation add_nested_if
*Running tests for: sample_172
 
Result: ['tests_pass']
Checking transformation add_nested_list
*Running tests for: sample_172
 
Result: ['tests_pass']
Checking transformation transform_range_to_recursion
*Running tests for: sample_172
 
Result: ['tests_pass']
Checking transformation add_datetime
*Running tests for: sample_172
 
Result: ['tests_pass']
Checking transformation add_time
*Running tests for: sample_172
 
Result: ['tests_pass']
Checking transformation create_functions
*Running tests for: sample_172
 
Result: ['tests_pass']
Checking transformation add_decorator
*Running tests for: sample_172
 
Result: ['tests_pass']
Checking transformation add_http
*Running tests for: sample_172
 
Result: ['tests_pass']
Checking transformation add_scipy
*Running tests for: sample_172
 
Result: ['tests_pass']
Checking transformation add_base64
*Running tests for: sample_172
 
Result: ['tests_pass']
Checking transformation add_dateutil
*Running tests for: sample_172
 
Result: ['tests_pass']
The file 'reasoning_transformation_cruxeval/CRUXEval/e1f735e05ec0002c7d6ed7d62be776995bf4ddf4/Transformation/sample_172.py' has been formatted successfully.
Checking reasoning_transformation_cruxeval/CRUXEval/e1f735e05ec0002c7d6ed7d62be776995bf4ddf4/Transformation/sample_172.py
*Running tests for: sample_172
 
Result: ['tests_pass']
{ 'applicable_rules': [ 'change_var_names',
                        'add_nested_for_out',
                        'add_nested_if',
                        'add_try_except_inside_functions',
                        'add_else_to_for',
                        'add_nested_list',
                        'transform_range_to_recursion',
                        'add_datetime',
                        'add_time',
                        'add_crypto',
                        'add_sklearn',
                        'create_functions',
                        'add_decorator',
                        'add_http',
                        'add_scipy',
                        'add_base64',
                        'add_dateutil'],
  'diff_output': 'reasoning_transformation_cruxeval/CRUXEval/e1f735e05ec0002c7d6ed7d62be776995bf4ddf4/Transformation/sample_172.patch',
  'evaluation_tests_dir': '/home/yang/Benchmark/dataset/cruxeval/',
  'exception': None,
  'file_id': 'sample_172',
  'genetic_algorithm': None,
  'original_code': 'def f(array):\n'
                   '    for i in range(len(array)):\n'
                   '        if array[i] < 0:\n'
                   '            array.pop(i)\n'
                   '    return array',
  'patch_path': 'reasoning_transformation_cruxeval/CRUXEval/e1f735e05ec0002c7d6ed7d62be776995bf4ddf4/Transformation/sample_172.patch',
  'single_rule': None,
  'source_file': '/home/yang/Benchmark/dataset/cruxeval/code//sample_172.py',
  'target_file': 'reasoning_transformation_cruxeval/CRUXEval/e1f735e05ec0002c7d6ed7d62be776995bf4ddf4/Transformation/sample_172.py',
  'test_results_after': ['tests_pass'],
  'test_results_before': ['tests_pass'],
  'total_time': 6.536384,
  'transformed_code': 'from dateutil.parser import parse\n'
                      'import base64\n'
                      'from scipy.stats import ttest_ind\n'
                      'from http.client import HTTPConnection\n'
                      '\n'
                      'def my_decorator(func):\n'
                      "    base64.b64encode(b'29918571453462680246')\n"
                      '\n'
                      '    def dec_result(*args, **kwargs):\n'
                      '        res = func(*args, **kwargs)\n'
                      '        return res\n'
                      '    return dec_result\n'
                      '\n'
                      '@my_decorator\n'
                      'def newFunc_BinOp0(a, b):\n'
                      "    HTTPConnection('google.com', port=80)\n"
                      "    parse('2024-10-19 22:01:00')\n"
                      '    return a // b\n'
                      'from sklearn.utils import shuffle\n'
                      'from cryptography.fernet import Fernet\n'
                      'import time\n'
                      'import datetime\n'
                      '\n'
                      'def f(array):\n'
                      '    Fernet.generate_key()\n'
                      '    ttest_ind([37, 86, 34], [64, 25, 45])\n'
                      '    datetime.datetime.now()\n'
                      '    shuffle([4, 67, 95])\n'
                      '    time.sleep(0.22)\n'
                      '    try:\n'
                      '        LoopChecker12 = [95][0]\n'
                      '        LoopChecker22 = 94\n'
                      '        ConditionChecker16 = 535\n'
                      '        ConditionChecker26 = 637\n'
                      '        for LoopIndexOut in '
                      'range(newFunc_BinOp0(LoopChecker12, LoopChecker22)):\n'
                      '\n'
                      '            def loop_8_12(newi_1, stop, step):\n'
                      '                if step == 0 or (step > 0 and newi_1 >= '
                      'stop) or (step < 0 and newi_1 <= stop):\n'
                      '                    return\n'
                      '                if ConditionChecker16 & '
                      'ConditionChecker26:\n'
                      '                    if array[newi_1] < 0:\n'
                      '                        array.pop(newi_1)\n'
                      '                loop_8_12(newi_1 + step, stop, step)\n'
                      '            loop_8_12(0, len(array), 1)\n'
                      '        else:\n'
                      '            pass\n'
                      '        return array\n'
                      '    except:\n'
                      '        pass'}
[END] processing file: sample_172. Total Time: 6.536384
END AT 2024-10-19 22:01:02.635724
