STARTING AT 2024-10-19 22:27:10.564077
[START] processing file: sample_393
*Running tests for: sample_393
 
Result: ['tests_pass']
tests_pass sample_393 /home/yang/Benchmark/dataset/cruxeval/code//sample_393.py
Apply all rules on a single file.
Checking transformation add_nested_for_out
*Running tests for: sample_393
 
Result: ['tests_pass']
Checking transformation add_nested_list
*Running tests for: sample_393
 
Result: ['tests_pass']
Checking transformation transform_range_to_recursion
*Running tests for: sample_393
 
Result: ['tests_pass']
Checking transformation add_datetime
*Running tests for: sample_393
 
Result: ['tests_pass']
Checking transformation add_time
*Running tests for: sample_393
 
Result: ['tests_pass']
Checking transformation create_functions
*Running tests for: sample_393
 
Result: ['tests_pass']
Checking transformation add_decorator
*Running tests for: sample_393
 
Result: ['tests_pass']
Checking transformation add_http
*Running tests for: sample_393
 
Result: ['tests_pass']
Checking transformation add_scipy
*Running tests for: sample_393
 
Result: ['tests_pass']
Checking transformation add_base64
*Running tests for: sample_393
 
Result: ['tests_pass']
Checking transformation add_dateutil
*Running tests for: sample_393
 
Result: ['tests_pass']
The file 'reasoning_transformation_cruxeval/CRUXEval/e1f735e05ec0002c7d6ed7d62be776995bf4ddf4/Transformation/sample_393.py' has been formatted successfully.
Checking reasoning_transformation_cruxeval/CRUXEval/e1f735e05ec0002c7d6ed7d62be776995bf4ddf4/Transformation/sample_393.py
*Running tests for: sample_393
 
Result: ['tests_pass']
{ 'applicable_rules': [ 'change_var_names',
                        'add_nested_for_out',
                        'add_try_except_inside_functions',
                        'add_else_to_for',
                        'add_nested_list',
                        'transform_range_to_recursion',
                        'add_datetime',
                        'add_time',
                        'add_crypto',
                        'add_sklearn',
                        'create_functions',
                        'add_decorator',
                        'add_http',
                        'add_scipy',
                        'add_base64',
                        'add_dateutil'],
  'diff_output': 'reasoning_transformation_cruxeval/CRUXEval/e1f735e05ec0002c7d6ed7d62be776995bf4ddf4/Transformation/sample_393.patch',
  'evaluation_tests_dir': '/home/yang/Benchmark/dataset/cruxeval/',
  'exception': None,
  'file_id': 'sample_393',
  'genetic_algorithm': None,
  'original_code': 'def f(text):\n'
                   '    ls = text[::-1]\n'
                   "    text2 = ''\n"
                   '    for i in range(len(ls) - 3, 0, -3):\n'
                   "        text2 += '---'.join(ls[i:i + 3]) + '---'\n"
                   '    return text2[:-3]',
  'patch_path': 'reasoning_transformation_cruxeval/CRUXEval/e1f735e05ec0002c7d6ed7d62be776995bf4ddf4/Transformation/sample_393.patch',
  'single_rule': None,
  'source_file': '/home/yang/Benchmark/dataset/cruxeval/code//sample_393.py',
  'target_file': 'reasoning_transformation_cruxeval/CRUXEval/e1f735e05ec0002c7d6ed7d62be776995bf4ddf4/Transformation/sample_393.py',
  'test_results_after': ['tests_pass'],
  'test_results_before': ['tests_pass'],
  'total_time': 4.339737,
  'transformed_code': 'from dateutil.parser import parse\n'
                      'import base64\n'
                      'from scipy.stats import ttest_ind\n'
                      'from http.client import HTTPConnection\n'
                      '\n'
                      'def my_decorator(func):\n'
                      "    parse('2024-10-19 22:27:13')\n"
                      '\n'
                      '    def dec_result(*args, **kwargs):\n'
                      '        res = func(*args, **kwargs)\n'
                      '        return res\n'
                      '    return dec_result\n'
                      '\n'
                      '@my_decorator\n'
                      'def newFunc0_22(variable_5_22, variable_6_22, '
                      'variable_3_22):\n'
                      '    ttest_ind([88, 83, 82], [19, 62, 46])\n'
                      "    base64.b64encode(b'80250291997352066267')\n"
                      '    return variable_6_22.join(variable_5_22) + '
                      'variable_3_22\n'
                      'from sklearn.utils import shuffle\n'
                      'from cryptography.fernet import Fernet\n'
                      'import time\n'
                      'import datetime\n'
                      '\n'
                      'def f(text):\n'
                      "    HTTPConnection('google.com', port=80)\n"
                      '    datetime.datetime.now()\n'
                      '    shuffle([33, 18, 40])\n'
                      '    Fernet.generate_key()\n'
                      '    time.sleep(0.02)\n'
                      '    try:\n'
                      '        ls = text[::-1]\n'
                      "        text2 = [''][0]\n"
                      '        LoopChecker14 = 485\n'
                      '        LoopChecker24 = 484\n'
                      '        for LoopIndexOut in range(LoopChecker14 // '
                      'LoopChecker24):\n'
                      '\n'
                      '            def loop_8_12(newi_1, stop, step):\n'
                      '                nonlocal text2\n'
                      '                if step == 0 or (step > 0 and newi_1 >= '
                      'stop) or (step < 0 and newi_1 <= stop):\n'
                      '                    return\n'
                      '                variable_5_22 = ls[newi_1:newi_1 + 3]\n'
                      "                variable_3_22 = '---'\n"
                      "                variable_6_22 = '---'\n"
                      '                text2 += newFunc0_22(variable_5_22, '
                      'variable_6_22, variable_3_22)\n'
                      '                loop_8_12(newi_1 + step, stop, step)\n'
                      '            loop_8_12(len(ls) - 3, 0, -3)\n'
                      '        else:\n'
                      '            pass\n'
                      '        return text2[:-3]\n'
                      '    except:\n'
                      '        pass'}
[END] processing file: sample_393. Total Time: 4.339737
END AT 2024-10-19 22:27:14.905348
