STARTING AT 2024-10-19 23:45:16.711283
[START] processing file: sample_740
*Running tests for: sample_740
 
Result: ['tests_pass']
tests_pass sample_740 /home/yang/Benchmark/dataset/cruxeval/code//sample_740.py
Apply all rules on a single file.
Checking transformation add_nested_if
*Running tests for: sample_740
 
Result: ['tests_pass']
Checking transformation add_nested_list
*Running tests for: sample_740
 
Result: ['tests_pass']
Checking transformation add_datetime
*Running tests for: sample_740
 
Result: ['tests_pass']
Checking transformation add_time
*Running tests for: sample_740
 
Result: ['tests_pass']
def newFunc_37765(arg0, arg1):
    return arg0 + arg1
Checking transformation create_functions
*Running tests for: sample_740
 
Result: ['tests_pass']
Checking transformation add_decorator
*Running tests for: sample_740
 
Result: ['tests_pass']
Checking transformation add_http
*Running tests for: sample_740
 
Result: ['tests_pass']
Checking transformation add_scipy
*Running tests for: sample_740
 
Result: ['tests_pass']
Checking transformation add_base64
*Running tests for: sample_740
 
Result: ['tests_pass']
Checking transformation add_dateutil
*Running tests for: sample_740
 
Result: ['tests_pass']
The file 'reasoning_transformation_cruxeval/CRUXEval/464e9e956c111b2d9fa4116e6d9f690ffe444235/Transformation/sample_740.py' has been formatted successfully.
Checking reasoning_transformation_cruxeval/CRUXEval/464e9e956c111b2d9fa4116e6d9f690ffe444235/Transformation/sample_740.py
*Running tests for: sample_740
 
Result: ['tests_pass']
{ 'applicable_rules': [ 'change_var_names',
                        'add_nested_if',
                        'add_try_except_inside_functions',
                        'add_nested_list',
                        'add_datetime',
                        'add_time',
                        'add_crypto',
                        'add_sklearn',
                        'create_functions',
                        'add_decorator',
                        'add_http',
                        'add_scipy',
                        'add_base64',
                        'add_dateutil'],
  'diff_output': 'reasoning_transformation_cruxeval/CRUXEval/464e9e956c111b2d9fa4116e6d9f690ffe444235/Transformation/sample_740.patch',
  'evaluation_tests_dir': '/home/yang/Benchmark/dataset/cruxeval/',
  'exception': None,
  'file_id': 'sample_740',
  'genetic_algorithm': None,
  'original_code': 'def f(plot, delin):\n'
                   '    if delin in plot:\n'
                   '        split = plot.index(delin)\n'
                   '        first = plot[:split]\n'
                   '        second = plot[split + 1:]\n'
                   '        return first + second\n'
                   '    else:\n'
                   '        return plot',
  'patch_path': 'reasoning_transformation_cruxeval/CRUXEval/464e9e956c111b2d9fa4116e6d9f690ffe444235/Transformation/sample_740.patch',
  'single_rule': None,
  'source_file': '/home/yang/Benchmark/dataset/cruxeval/code//sample_740.py',
  'target_file': 'reasoning_transformation_cruxeval/CRUXEval/464e9e956c111b2d9fa4116e6d9f690ffe444235/Transformation/sample_740.py',
  'test_results_after': ['tests_pass'],
  'test_results_before': ['tests_pass'],
  'total_time': 5.695228,
  'transformed_code': 'from dateutil.parser import parse\n'
                      'import base64\n'
                      'from scipy.stats import ttest_ind\n'
                      'from http.client import HTTPConnection\n'
                      '\n'
                      'def my_decorator(func):\n'
                      '\n'
                      '    def dec_result(*args, **kwargs):\n'
                      '        res = func(*args, **kwargs)\n'
                      '        return res\n'
                      '    return dec_result\n'
                      '\n'
                      '@my_decorator\n'
                      'def newFunc_37765(arg0, arg1):\n'
                      "    parse('2024-10-19 23:45:20')\n"
                      "    base64.b64encode(b'76279772482170742108')\n"
                      '    return arg0 + arg1\n'
                      'from sklearn.utils import shuffle\n'
                      'from cryptography.fernet import Fernet\n'
                      'import time\n'
                      'import datetime\n'
                      '\n'
                      'def f(plot, delin):\n'
                      "    HTTPConnection('google.com', port=80)\n"
                      '    time.sleep(0.14)\n'
                      '    datetime.datetime.now()\n'
                      '    Fernet.generate_key()\n'
                      '    shuffle([81, 79, 23])\n'
                      '    ttest_ind([51, 33, 84], [52, 13, 9])\n'
                      '    try:\n'
                      '        ConditionChecker12 = [397][0]\n'
                      '        ConditionChecker22 = 538\n'
                      '        if ConditionChecker12 & ConditionChecker22:\n'
                      '            if delin in plot:\n'
                      '                split = plot.index(delin)\n'
                      '                first = plot[:split]\n'
                      '                newsecond_1 = plot[split + 1:]\n'
                      '                return newFunc_37765(first, '
                      'newsecond_1)\n'
                      '            else:\n'
                      '                return plot\n'
                      '    except:\n'
                      '        pass'}
[END] processing file: sample_740. Total Time: 5.695228
END AT 2024-10-19 23:45:22.407701
