STARTING AT 2024-10-19 22:40:26.950315
[START] processing file: sample_515
*Running tests for: sample_515
 
Result: ['tests_pass']
tests_pass sample_515 /home/yang/Benchmark/dataset/cruxeval/code//sample_515.py
Apply all rules on a single file.
Checking transformation add_nested_list
*Running tests for: sample_515
 
Result: ['tests_pass']
Checking transformation add_datetime
*Running tests for: sample_515
 
Result: ['tests_pass']
Checking transformation add_time
*Running tests for: sample_515
 
Result: ['tests_pass']
Checking transformation create_functions
*Running tests for: sample_515
 
Result: ['tests_pass']
Checking transformation add_decorator
*Running tests for: sample_515
 
Result: ['tests_pass']
Checking transformation add_http
*Running tests for: sample_515
 
Result: ['tests_pass']
Checking transformation add_scipy
*Running tests for: sample_515
 
Result: ['tests_pass']
Checking transformation add_base64
*Running tests for: sample_515
 
Result: ['tests_pass']
Checking transformation add_dateutil
*Running tests for: sample_515
 
Result: ['tests_pass']
The file 'reasoning_transformation_cruxeval/CRUXEval/e1f735e05ec0002c7d6ed7d62be776995bf4ddf4/Transformation/sample_515.py' has been formatted successfully.
Checking reasoning_transformation_cruxeval/CRUXEval/e1f735e05ec0002c7d6ed7d62be776995bf4ddf4/Transformation/sample_515.py
*Running tests for: sample_515
 
Result: ['tests_pass']
{ 'applicable_rules': [ 'change_var_names',
                        'add_try_except_inside_functions',
                        'add_nested_list',
                        'add_datetime',
                        'add_time',
                        'add_crypto',
                        'add_sklearn',
                        'create_functions',
                        'add_decorator',
                        'add_http',
                        'add_scipy',
                        'add_base64',
                        'add_dateutil'],
  'diff_output': 'reasoning_transformation_cruxeval/CRUXEval/e1f735e05ec0002c7d6ed7d62be776995bf4ddf4/Transformation/sample_515.patch',
  'evaluation_tests_dir': '/home/yang/Benchmark/dataset/cruxeval/',
  'exception': None,
  'file_id': 'sample_515',
  'genetic_algorithm': None,
  'original_code': 'def f(array):\n'
                   '    result = array.copy()\n'
                   '    result.reverse()\n'
                   '    result[:] = [item * 2 for item in result]\n'
                   '    return result',
  'patch_path': 'reasoning_transformation_cruxeval/CRUXEval/e1f735e05ec0002c7d6ed7d62be776995bf4ddf4/Transformation/sample_515.patch',
  'single_rule': None,
  'source_file': '/home/yang/Benchmark/dataset/cruxeval/code//sample_515.py',
  'target_file': 'reasoning_transformation_cruxeval/CRUXEval/e1f735e05ec0002c7d6ed7d62be776995bf4ddf4/Transformation/sample_515.py',
  'test_results_after': ['tests_pass'],
  'test_results_before': ['tests_pass'],
  'total_time': 5.421848,
  'transformed_code': 'from dateutil.parser import parse\n'
                      'import base64\n'
                      'from scipy.stats import ttest_ind\n'
                      'from http.client import HTTPConnection\n'
                      '\n'
                      'def my_decorator(func):\n'
                      "    HTTPConnection('google.com', port=80)\n"
                      '    ttest_ind([100, 59, 2], [35, 23, 70])\n'
                      "    parse('2024-10-19 22:40:30')\n"
                      '\n'
                      '    def dec_result(*args, **kwargs):\n'
                      '        res = func(*args, **kwargs)\n'
                      '        return res\n'
                      '    return dec_result\n'
                      '\n'
                      '@my_decorator\n'
                      'def newFunc_BinOp0(a, b):\n'
                      "    base64.b64encode(b'18476058344455662060')\n"
                      '    return a * b\n'
                      'from sklearn.utils import shuffle\n'
                      'from cryptography.fernet import Fernet\n'
                      'import time\n'
                      'import datetime\n'
                      '\n'
                      'def f(array):\n'
                      '    datetime.datetime.now()\n'
                      '    shuffle([100, 24, 86])\n'
                      '    time.sleep(0.14)\n'
                      '    Fernet.generate_key()\n'
                      '    try:\n'
                      '        result = array.copy()\n'
                      '        result.reverse()\n'
                      '        result[:] = [[newFunc_BinOp0(newitem_1, 2) for '
                      'newitem_1 in result]][0]\n'
                      '        return result\n'
                      '    except:\n'
                      '        pass'}
[END] processing file: sample_515. Total Time: 5.421848
END AT 2024-10-19 22:40:32.374150
