STARTING AT 2024-10-19 23:04:39.911120
[START] processing file: sample_760
*Running tests for: sample_760
 
Result: ['tests_pass']
tests_pass sample_760 /home/yang/Benchmark/dataset/cruxeval/code//sample_760.py
Apply all rules on a single file.
Checking transformation add_nested_while_out
*Running tests for: sample_760
 
Result: ['tests_pass']
Checking transformation add_nested_list
*Running tests for: sample_760
 
Result: ['tests_pass']
Checking transformation add_datetime
*Running tests for: sample_760
 
Result: ['tests_pass']
Checking transformation add_time
*Running tests for: sample_760
 
Result: ['tests_pass']
Checking transformation create_functions
*Running tests for: sample_760
 
Result: ['tests_pass']
Checking transformation add_decorator
*Running tests for: sample_760
 
Result: ['tests_pass']
Checking transformation add_http
*Running tests for: sample_760
 
Result: ['tests_pass']
Checking transformation add_scipy
*Running tests for: sample_760
 
Result: ['tests_pass']
Checking transformation add_base64
*Running tests for: sample_760
 
Result: ['tests_pass']
Checking transformation add_dateutil
*Running tests for: sample_760
 
Result: ['tests_pass']
The file 'reasoning_transformation_cruxeval/CRUXEval/e1f735e05ec0002c7d6ed7d62be776995bf4ddf4/Transformation/sample_760.py' has been formatted successfully.
Checking reasoning_transformation_cruxeval/CRUXEval/e1f735e05ec0002c7d6ed7d62be776995bf4ddf4/Transformation/sample_760.py
*Running tests for: sample_760
 
Result: ['tests_pass']
{ 'applicable_rules': [ 'change_var_names',
                        'add_nested_while_out',
                        'add_try_except_inside_functions',
                        'add_else_to_while',
                        'add_nested_list',
                        'add_datetime',
                        'add_time',
                        'add_crypto',
                        'add_sklearn',
                        'create_functions',
                        'add_decorator',
                        'add_http',
                        'add_scipy',
                        'add_base64',
                        'add_dateutil',
                        'changing_AugAssign'],
  'diff_output': 'reasoning_transformation_cruxeval/CRUXEval/e1f735e05ec0002c7d6ed7d62be776995bf4ddf4/Transformation/sample_760.patch',
  'evaluation_tests_dir': '/home/yang/Benchmark/dataset/cruxeval/',
  'exception': None,
  'file_id': 'sample_760',
  'genetic_algorithm': None,
  'original_code': 'def f(d):\n'
                   '    l = []\n'
                   '    while len(d) > 0:\n'
                   '        key = d.popitem()[0]\n'
                   '        l.append(key)\n'
                   '    return l',
  'patch_path': 'reasoning_transformation_cruxeval/CRUXEval/e1f735e05ec0002c7d6ed7d62be776995bf4ddf4/Transformation/sample_760.patch',
  'single_rule': None,
  'source_file': '/home/yang/Benchmark/dataset/cruxeval/code//sample_760.py',
  'target_file': 'reasoning_transformation_cruxeval/CRUXEval/e1f735e05ec0002c7d6ed7d62be776995bf4ddf4/Transformation/sample_760.py',
  'test_results_after': ['tests_pass'],
  'test_results_before': ['tests_pass'],
  'total_time': 5.857207,
  'transformed_code': 'from dateutil.parser import parse\n'
                      'import base64\n'
                      'from scipy.stats import ttest_ind\n'
                      'from http.client import HTTPConnection\n'
                      '\n'
                      'def my_decorator(func):\n'
                      '\n'
                      '    def dec_result(*args, **kwargs):\n'
                      '        res = func(*args, **kwargs)\n'
                      '        return res\n'
                      '    return dec_result\n'
                      '\n'
                      '@my_decorator\n'
                      'def newFunc_BinOp0(a, b):\n'
                      '    return a % b\n'
                      'from sklearn.utils import shuffle\n'
                      'from cryptography.fernet import Fernet\n'
                      'import time\n'
                      'import datetime\n'
                      '\n'
                      'def f(d):\n'
                      "    parse('2024-10-19 23:04:44')\n"
                      "    base64.b64encode(b'37751014695746904163')\n"
                      '    datetime.datetime.now()\n'
                      '    ttest_ind([23, 39, 88], [79, 93, 14])\n'
                      '    time.sleep(0.2)\n'
                      "    HTTPConnection('google.com', port=80)\n"
                      '    Fernet.generate_key()\n'
                      '    shuffle([24, 65, 99])\n'
                      '    try:\n'
                      '        l = [[]][0]\n'
                      '        whileloopchecker13 = 770\n'
                      '        whileloopchecker23 = 769\n'
                      '        while newFunc_BinOp0(whileloopchecker13, '
                      'whileloopchecker23) == 1:\n'
                      '            whileloopchecker13 = whileloopchecker13 + '
                      '1\n'
                      '            while len(d) > 0:\n'
                      '                newkey_1 = d.popitem()[0]\n'
                      '                l.append(newkey_1)\n'
                      '        else:\n'
                      '            pass\n'
                      '        return l\n'
                      '    except:\n'
                      '        pass'}
[END] processing file: sample_760. Total Time: 5.857207
END AT 2024-10-19 23:04:45.769755
