STARTING AT 2024-10-19 22:18:13.190391
[START] processing file: sample_317
*Running tests for: sample_317
 
Result: ['tests_pass']
tests_pass sample_317 /home/yang/Benchmark/dataset/cruxeval/code//sample_317.py
Apply all rules on a single file.
Checking transformation add_datetime
*Running tests for: sample_317
 
Result: ['tests_pass']
Checking transformation add_time
*Running tests for: sample_317
 
Result: ['tests_pass']
Checking transformation add_decorator
*Running tests for: sample_317
 
Result: ['tests_pass']
Checking transformation add_http
*Running tests for: sample_317
 
Result: ['tests_pass']
Checking transformation add_scipy
*Running tests for: sample_317
 
Result: ['tests_pass']
Checking transformation add_base64
*Running tests for: sample_317
 
Result: ['tests_pass']
Checking transformation add_dateutil
*Running tests for: sample_317
 
Result: ['tests_pass']
The file 'reasoning_transformation_cruxeval/CRUXEval/e1f735e05ec0002c7d6ed7d62be776995bf4ddf4/Transformation/sample_317.py' has been formatted successfully.
Checking reasoning_transformation_cruxeval/CRUXEval/e1f735e05ec0002c7d6ed7d62be776995bf4ddf4/Transformation/sample_317.py
*Running tests for: sample_317
 
Result: ['tests_pass']
{ 'applicable_rules': [ 'change_var_names',
                        'add_try_except_inside_functions',
                        'add_datetime',
                        'add_time',
                        'add_crypto',
                        'add_sklearn',
                        'add_decorator',
                        'add_http',
                        'add_scipy',
                        'add_base64',
                        'add_dateutil'],
  'diff_output': 'reasoning_transformation_cruxeval/CRUXEval/e1f735e05ec0002c7d6ed7d62be776995bf4ddf4/Transformation/sample_317.patch',
  'evaluation_tests_dir': '/home/yang/Benchmark/dataset/cruxeval/',
  'exception': None,
  'file_id': 'sample_317',
  'genetic_algorithm': None,
  'original_code': 'def f(text, a, b):\n'
                   '    text = text.replace(a, b)\n'
                   '    return text.replace(b, a)',
  'patch_path': 'reasoning_transformation_cruxeval/CRUXEval/e1f735e05ec0002c7d6ed7d62be776995bf4ddf4/Transformation/sample_317.patch',
  'single_rule': None,
  'source_file': '/home/yang/Benchmark/dataset/cruxeval/code//sample_317.py',
  'target_file': 'reasoning_transformation_cruxeval/CRUXEval/e1f735e05ec0002c7d6ed7d62be776995bf4ddf4/Transformation/sample_317.py',
  'test_results_after': ['tests_pass'],
  'test_results_before': ['tests_pass'],
  'total_time': 4.438543,
  'transformed_code': 'from dateutil.parser import parse\n'
                      'import base64\n'
                      'from scipy.stats import ttest_ind\n'
                      'from http.client import HTTPConnection\n'
                      '\n'
                      'def my_decorator(func):\n'
                      '\n'
                      '    def dec_result(*args, **kwargs):\n'
                      '        res = func(*args, **kwargs)\n'
                      '        return res\n'
                      "    HTTPConnection('google.com', port=80)\n"
                      '    ttest_ind([25, 74, 64], [53, 51, 79])\n'
                      '    return dec_result\n'
                      'from sklearn.utils import shuffle\n'
                      'from cryptography.fernet import Fernet\n'
                      'import time\n'
                      'import datetime\n'
                      '\n'
                      '@my_decorator\n'
                      'def f(newtext_1, a, b):\n'
                      "    parse('2024-10-19 22:18:16')\n"
                      '    time.sleep(0.1)\n'
                      '    Fernet.generate_key()\n'
                      '    shuffle([3, 27, 45])\n'
                      "    base64.b64encode(b'37618649520479285933')\n"
                      '    datetime.datetime.now()\n'
                      '    try:\n'
                      '        newtext_1 = newtext_1.replace(a, b)\n'
                      '        return newtext_1.replace(b, a)\n'
                      '    except:\n'
                      '        pass'}
[END] processing file: sample_317. Total Time: 4.438543
END AT 2024-10-19 22:18:17.629939
