STARTING AT 2024-10-19 22:31:43.006408
[START] processing file: sample_431
*Running tests for: sample_431
 
Result: ['tests_pass']
tests_pass sample_431 /home/yang/Benchmark/dataset/cruxeval/code//sample_431.py
Apply all rules on a single file.
Checking transformation add_nested_for_out
*Running tests for: sample_431
 
Result: ['tests_pass']
Checking transformation add_nested_list
*Running tests for: sample_431
 
Result: ['tests_pass']
Checking transformation transform_range_to_recursion
*Running tests for: sample_431
 
Result: ['tests_pass']
Checking transformation add_datetime
*Running tests for: sample_431
 
Result: ['tests_pass']
Checking transformation add_time
*Running tests for: sample_431
 
Result: ['tests_pass']
Checking transformation create_functions
*Running tests for: sample_431
 
Result: ['tests_pass']
Checking transformation add_decorator
*Running tests for: sample_431
 
Result: ['tests_pass']
Checking transformation add_http
*Running tests for: sample_431
 
Result: ['tests_pass']
Checking transformation add_scipy
*Running tests for: sample_431
 
Result: ['tests_pass']
Checking transformation add_base64
*Running tests for: sample_431
 
Result: ['tests_pass']
Checking transformation add_dateutil
*Running tests for: sample_431
 
Result: ['tests_pass']
The file 'reasoning_transformation_cruxeval/CRUXEval/e1f735e05ec0002c7d6ed7d62be776995bf4ddf4/Transformation/sample_431.py' has been formatted successfully.
Checking reasoning_transformation_cruxeval/CRUXEval/e1f735e05ec0002c7d6ed7d62be776995bf4ddf4/Transformation/sample_431.py
*Running tests for: sample_431
 
Result: ['tests_pass']
{ 'applicable_rules': [ 'change_var_names',
                        'add_nested_for_out',
                        'add_try_except_inside_functions',
                        'add_else_to_for',
                        'add_nested_list',
                        'transform_range_to_recursion',
                        'add_datetime',
                        'add_time',
                        'add_crypto',
                        'add_sklearn',
                        'create_functions',
                        'add_decorator',
                        'add_http',
                        'add_scipy',
                        'add_base64',
                        'add_dateutil'],
  'diff_output': 'reasoning_transformation_cruxeval/CRUXEval/e1f735e05ec0002c7d6ed7d62be776995bf4ddf4/Transformation/sample_431.patch',
  'evaluation_tests_dir': '/home/yang/Benchmark/dataset/cruxeval/',
  'exception': None,
  'file_id': 'sample_431',
  'genetic_algorithm': None,
  'original_code': 'def f(n, m):\n'
                   '    arr = list(range(1, n + 1))\n'
                   '    for i in range(m):\n'
                   '        arr.clear()\n'
                   '    return arr',
  'patch_path': 'reasoning_transformation_cruxeval/CRUXEval/e1f735e05ec0002c7d6ed7d62be776995bf4ddf4/Transformation/sample_431.patch',
  'single_rule': None,
  'source_file': '/home/yang/Benchmark/dataset/cruxeval/code//sample_431.py',
  'target_file': 'reasoning_transformation_cruxeval/CRUXEval/e1f735e05ec0002c7d6ed7d62be776995bf4ddf4/Transformation/sample_431.py',
  'test_results_after': ['tests_pass'],
  'test_results_before': ['tests_pass'],
  'total_time': 6.454695,
  'transformed_code': 'from dateutil.parser import parse\n'
                      'import base64\n'
                      'from scipy.stats import ttest_ind\n'
                      'from http.client import HTTPConnection\n'
                      '\n'
                      'def my_decorator(func):\n'
                      '\n'
                      '    def dec_result(*args, **kwargs):\n'
                      '        res = func(*args, **kwargs)\n'
                      '        return res\n'
                      '    return dec_result\n'
                      '\n'
                      '@my_decorator\n'
                      'def newFunc_BinOp0(a, b):\n'
                      '    ttest_ind([13, 84, 52], [83, 28, 49])\n'
                      '    return a + b\n'
                      'from sklearn.utils import shuffle\n'
                      'from cryptography.fernet import Fernet\n'
                      'import time\n'
                      'import datetime\n'
                      '\n'
                      'def f(n, m):\n'
                      '    shuffle([18, 61, 24])\n'
                      "    HTTPConnection('google.com', port=80)\n"
                      '    datetime.datetime.now()\n'
                      '    time.sleep(0.25)\n'
                      '    Fernet.generate_key()\n'
                      "    base64.b64encode(b'12053666077876125510')\n"
                      "    parse('2024-10-19 22:31:47')\n"
                      '    try:\n'
                      '        arr = list(range(1, newFunc_BinOp0(n, 1)))\n'
                      '        LoopChecker13 = [569][0]\n'
                      '        LoopChecker23 = 568\n'
                      '        for LoopIndexOut in range(LoopChecker13 // '
                      'LoopChecker23):\n'
                      '\n'
                      '            def loop_7_12(newi_1, stop, step):\n'
                      '                if step == 0 or (step > 0 and newi_1 >= '
                      'stop) or (step < 0 and newi_1 <= stop):\n'
                      '                    return\n'
                      '                arr.clear()\n'
                      '                loop_7_12(newi_1 + step, stop, step)\n'
                      '            loop_7_12(0, m, 1)\n'
                      '        else:\n'
                      '            pass\n'
                      '        return arr\n'
                      '    except:\n'
                      '        pass'}
[END] processing file: sample_431. Total Time: 6.454695
END AT 2024-10-19 22:31:49.462692
