STARTING AT 2024-10-19 22:37:08.893800
[START] processing file: sample_477
*Running tests for: sample_477
 
Result: ['tests_pass']
tests_pass sample_477 /home/yang/Benchmark/dataset/cruxeval/code//sample_477.py
Apply all rules on a single file.
Checking transformation add_nested_if
*Running tests for: sample_477
 
Result: ['tests_pass']
Checking transformation add_nested_list
*Running tests for: sample_477
 
Result: ['tests_pass']
Checking transformation add_datetime
*Running tests for: sample_477
 
Result: ['tests_pass']
Checking transformation add_time
*Running tests for: sample_477
 
Result: ['tests_pass']
Checking transformation create_functions
*Running tests for: sample_477
 
Result: ['tests_pass']
Checking transformation add_decorator
*Running tests for: sample_477
 
Result: ['tests_pass']
Checking transformation add_http
*Running tests for: sample_477
 
Result: ['tests_pass']
Checking transformation add_scipy
*Running tests for: sample_477
 
Result: ['tests_pass']
Checking transformation add_base64
*Running tests for: sample_477
 
Result: ['tests_pass']
Checking transformation add_dateutil
*Running tests for: sample_477
 
Result: ['tests_pass']
The file 'reasoning_transformation_cruxeval/CRUXEval/e1f735e05ec0002c7d6ed7d62be776995bf4ddf4/Transformation/sample_477.py' has been formatted successfully.
Checking reasoning_transformation_cruxeval/CRUXEval/e1f735e05ec0002c7d6ed7d62be776995bf4ddf4/Transformation/sample_477.py
*Running tests for: sample_477
 
Result: ['tests_pass']
{ 'applicable_rules': [ 'change_var_names',
                        'add_nested_if',
                        'add_try_except_inside_functions',
                        'add_nested_list',
                        'add_datetime',
                        'add_time',
                        'add_crypto',
                        'add_sklearn',
                        'create_functions',
                        'add_decorator',
                        'add_http',
                        'add_scipy',
                        'add_base64',
                        'add_dateutil'],
  'diff_output': 'reasoning_transformation_cruxeval/CRUXEval/e1f735e05ec0002c7d6ed7d62be776995bf4ddf4/Transformation/sample_477.patch',
  'evaluation_tests_dir': '/home/yang/Benchmark/dataset/cruxeval/',
  'exception': None,
  'file_id': 'sample_477',
  'genetic_algorithm': None,
  'original_code': 'def f(text):\n'
                   "    (topic, sep, problem) = text.rpartition('|')\n"
                   "    if problem == 'r':\n"
                   "        problem = topic.replace('u', 'p')\n"
                   '    return (topic, problem)',
  'patch_path': 'reasoning_transformation_cruxeval/CRUXEval/e1f735e05ec0002c7d6ed7d62be776995bf4ddf4/Transformation/sample_477.patch',
  'single_rule': None,
  'source_file': '/home/yang/Benchmark/dataset/cruxeval/code//sample_477.py',
  'target_file': 'reasoning_transformation_cruxeval/CRUXEval/e1f735e05ec0002c7d6ed7d62be776995bf4ddf4/Transformation/sample_477.py',
  'test_results_after': ['tests_pass'],
  'test_results_before': ['tests_pass'],
  'total_time': 5.41127,
  'transformed_code': 'from dateutil.parser import parse\n'
                      'import base64\n'
                      'from scipy.stats import ttest_ind\n'
                      'from http.client import HTTPConnection\n'
                      '\n'
                      'def my_decorator(func):\n'
                      "    HTTPConnection('google.com', port=80)\n"
                      '    ttest_ind([98, 58, 94], [8, 43, 71])\n'
                      '\n'
                      '    def dec_result(*args, **kwargs):\n'
                      '        res = func(*args, **kwargs)\n'
                      '        return res\n'
                      "    base64.b64encode(b'31853671036442721452')\n"
                      '    return dec_result\n'
                      '\n'
                      '@my_decorator\n'
                      'def newFunc_BinOp0(a, b):\n'
                      '    return a & b\n'
                      'from sklearn.utils import shuffle\n'
                      'from cryptography.fernet import Fernet\n'
                      'import time\n'
                      'import datetime\n'
                      '\n'
                      'def f(text):\n'
                      '    shuffle([23, 65, 95])\n'
                      "    parse('2024-10-19 22:37:12')\n"
                      '    datetime.datetime.now()\n'
                      '    time.sleep(0.1)\n'
                      '    Fernet.generate_key()\n'
                      '    try:\n'
                      '        ConditionChecker13 = [430][0]\n'
                      '        ConditionChecker23 = 52\n'
                      '        (topic, newsep_1, problem) = '
                      "text.rpartition('|')\n"
                      '        if newFunc_BinOp0(ConditionChecker13, '
                      'ConditionChecker23):\n'
                      "            if problem == 'r':\n"
                      "                problem = topic.replace('u', 'p')\n"
                      '        return (topic, problem)\n'
                      '    except:\n'
                      '        pass'}
[END] processing file: sample_477. Total Time: 5.41127
END AT 2024-10-19 22:37:14.307106
