STARTING AT 2024-10-19 23:41:27.900874
[START] processing file: sample_799
*Running tests for: sample_799
 
Result: ['tests_pass']
tests_pass sample_799 /home/yang/Benchmark/dataset/cruxeval/code//sample_799.py
Apply all rules on a single file.
Checking transformation add_nested_if
*Running tests for: sample_799
 
Result: ['tests_pass']
Checking transformation add_nested_list
*Running tests for: sample_799
 
Result: ['tests_pass']
Checking transformation add_datetime
*Running tests for: sample_799
 
Result: ['tests_pass']
Checking transformation add_time
*Running tests for: sample_799
 
Result: ['tests_pass']
Checking transformation create_functions
*Running tests for: sample_799
 
Result: ['tests_pass']
Checking transformation add_decorator
*Running tests for: sample_799
 
Result: ['tests_pass']
Checking transformation add_http
*Running tests for: sample_799
 
Result: ['tests_pass']
Checking transformation add_scipy
*Running tests for: sample_799
 
Result: ['tests_pass']
Checking transformation add_base64
*Running tests for: sample_799
 
Result: ['tests_pass']
Checking transformation add_dateutil
*Running tests for: sample_799
 
Result: ['tests_pass']
The file 'reasoning_transformation_cruxeval/CRUXEval/951a917df7397c9cb698ead54386db6d1db4ffb0/Transformation/sample_799.py' has been formatted successfully.
Checking reasoning_transformation_cruxeval/CRUXEval/951a917df7397c9cb698ead54386db6d1db4ffb0/Transformation/sample_799.py
*Running tests for: sample_799
 
Result: ['tests_pass']
{ 'applicable_rules': [ 'change_var_names',
                        'add_nested_if',
                        'add_try_except_inside_functions',
                        'add_nested_list',
                        'add_datetime',
                        'add_time',
                        'add_crypto',
                        'add_sklearn',
                        'create_functions',
                        'add_decorator',
                        'add_http',
                        'add_scipy',
                        'add_base64',
                        'add_dateutil'],
  'diff_output': 'reasoning_transformation_cruxeval/CRUXEval/951a917df7397c9cb698ead54386db6d1db4ffb0/Transformation/sample_799.patch',
  'evaluation_tests_dir': '/home/yang/Benchmark/dataset/cruxeval/',
  'exception': None,
  'file_id': 'sample_799',
  'genetic_algorithm': None,
  'original_code': 'def f(st):\n'
                   "    if st[0] == '~':\n"
                   "        e = st.rjust(10, 's')\n"
                   '        return f(e)\n'
                   '    else:\n'
                   "        return st.rjust(10, 'n')",
  'patch_path': 'reasoning_transformation_cruxeval/CRUXEval/951a917df7397c9cb698ead54386db6d1db4ffb0/Transformation/sample_799.patch',
  'single_rule': None,
  'source_file': '/home/yang/Benchmark/dataset/cruxeval/code//sample_799.py',
  'target_file': 'reasoning_transformation_cruxeval/CRUXEval/951a917df7397c9cb698ead54386db6d1db4ffb0/Transformation/sample_799.py',
  'test_results_after': ['tests_pass'],
  'test_results_before': ['tests_pass'],
  'total_time': 5.010142,
  'transformed_code': 'from dateutil.parser import parse\n'
                      'import base64\n'
                      'from scipy.stats import ttest_ind\n'
                      'from http.client import HTTPConnection\n'
                      '\n'
                      'def my_decorator(func):\n'
                      '\n'
                      '    def dec_result(*args, **kwargs):\n'
                      '        res = func(*args, **kwargs)\n'
                      '        return res\n'
                      '    return dec_result\n'
                      '\n'
                      '@my_decorator\n'
                      'def newFunc_BinOp0(a, b):\n'
                      "    base64.b64encode(b'78569427540142252144')\n"
                      "    HTTPConnection('google.com', port=80)\n"
                      '    ttest_ind([1, 6, 88], [76, 69, 73])\n'
                      '    return a & b\n'
                      'from sklearn.utils import shuffle\n'
                      'from cryptography.fernet import Fernet\n'
                      'import time\n'
                      'import datetime\n'
                      '\n'
                      'def f(st):\n'
                      '    time.sleep(0.07)\n'
                      "    parse('2024-10-19 23:41:31')\n"
                      '    shuffle([74, 42, 53])\n'
                      '    Fernet.generate_key()\n'
                      '    datetime.datetime.now()\n'
                      '    try:\n'
                      '        ConditionChecker12 = [303][0]\n'
                      '        ConditionChecker22 = 110\n'
                      '        if newFunc_BinOp0(ConditionChecker12, '
                      'ConditionChecker22):\n'
                      "            if st[0] == '~':\n"
                      "                newe_1 = st.rjust(10, 's')\n"
                      '                return f(newe_1)\n'
                      '            else:\n'
                      "                return st.rjust(10, 'n')\n"
                      '    except:\n'
                      '        pass'}
[END] processing file: sample_799. Total Time: 5.010142
END AT 2024-10-19 23:41:32.912591
