STARTING AT 2024-10-19 21:55:21.610456
[START] processing file: sample_125
*Running tests for: sample_125
 
Result: ['tests_pass']
tests_pass sample_125 /home/yang/Benchmark/dataset/cruxeval/code//sample_125.py
Apply all rules on a single file.
Checking transformation add_nested_for_out
*Running tests for: sample_125
 
Result: ['tests_pass']
Checking transformation add_nested_if
*Running tests for: sample_125
 
Result: ['tests_pass']
Checking transformation add_nested_list
*Running tests for: sample_125
 
Result: ['tests_pass']
Checking transformation transform_range_to_recursion
*Running tests for: sample_125
 
Result: ['tests_pass']
Checking transformation add_datetime
*Running tests for: sample_125
 
Result: ['tests_pass']
Checking transformation add_time
*Running tests for: sample_125
 
Result: ['tests_pass']
Checking transformation create_functions
*Running tests for: sample_125
 
Result: ['tests_pass']
Checking transformation add_decorator
*Running tests for: sample_125
 
Result: ['tests_pass']
Checking transformation add_http
*Running tests for: sample_125
 
Result: ['tests_pass']
Checking transformation add_scipy
*Running tests for: sample_125
 
Result: ['tests_pass']
Checking transformation add_base64
*Running tests for: sample_125
 
Result: ['tests_pass']
Checking transformation add_dateutil
*Running tests for: sample_125
 
Result: ['tests_pass']
The file 'reasoning_transformation_cruxeval/CRUXEval/e1f735e05ec0002c7d6ed7d62be776995bf4ddf4/Transformation/sample_125.py' has been formatted successfully.
Checking reasoning_transformation_cruxeval/CRUXEval/e1f735e05ec0002c7d6ed7d62be776995bf4ddf4/Transformation/sample_125.py
*Running tests for: sample_125
 
Result: ['tests_pass']
{ 'applicable_rules': [ 'change_var_names',
                        'add_nested_for_out',
                        'add_nested_if',
                        'add_try_except_inside_functions',
                        'add_else_to_for',
                        'add_nested_list',
                        'transform_range_to_recursion',
                        'add_datetime',
                        'add_time',
                        'add_crypto',
                        'add_sklearn',
                        'create_functions',
                        'add_decorator',
                        'add_http',
                        'add_scipy',
                        'add_base64',
                        'add_dateutil'],
  'diff_output': 'reasoning_transformation_cruxeval/CRUXEval/e1f735e05ec0002c7d6ed7d62be776995bf4ddf4/Transformation/sample_125.patch',
  'evaluation_tests_dir': '/home/yang/Benchmark/dataset/cruxeval/',
  'exception': None,
  'file_id': 'sample_125',
  'genetic_algorithm': None,
  'original_code': 'def f(text, res):\n'
                   '    for c in \'*\\n"\':\n'
                   "        text = text.replace(c, '!' + str(res))\n"
                   "    if text.startswith('!'):\n"
                   '        text = text[len(str(res)):]\n'
                   '    return text',
  'patch_path': 'reasoning_transformation_cruxeval/CRUXEval/e1f735e05ec0002c7d6ed7d62be776995bf4ddf4/Transformation/sample_125.patch',
  'single_rule': None,
  'source_file': '/home/yang/Benchmark/dataset/cruxeval/code//sample_125.py',
  'target_file': 'reasoning_transformation_cruxeval/CRUXEval/e1f735e05ec0002c7d6ed7d62be776995bf4ddf4/Transformation/sample_125.py',
  'test_results_after': ['tests_pass'],
  'test_results_before': ['tests_pass'],
  'total_time': 5.396021,
  'transformed_code': 'from dateutil.parser import parse\n'
                      'import base64\n'
                      'from scipy.stats import ttest_ind\n'
                      'from http.client import HTTPConnection\n'
                      '\n'
                      'def my_decorator(func):\n'
                      '\n'
                      '    def dec_result(*args, **kwargs):\n'
                      '        res = func(*args, **kwargs)\n'
                      '        return res\n'
                      '    return dec_result\n'
                      '\n'
                      '@my_decorator\n'
                      'def newFunc_BinOp0(a, b):\n'
                      "    HTTPConnection('google.com', port=80)\n"
                      '    return a + b\n'
                      'from sklearn.utils import shuffle\n'
                      'from cryptography.fernet import Fernet\n'
                      'import time\n'
                      'import datetime\n'
                      '\n'
                      'def f(text, res):\n'
                      '    ttest_ind([60, 40, 82], [54, 34, 20])\n'
                      "    base64.b64encode(b'13024569614047831049')\n"
                      '    shuffle([8, 74, 96])\n'
                      '    datetime.datetime.now()\n'
                      "    parse('2024-10-19 21:55:25')\n"
                      '    Fernet.generate_key()\n'
                      '    time.sleep(0.08)\n'
                      '    try:\n'
                      '        ConditionChecker17 = [997][0]\n'
                      '        ConditionChecker27 = 51\n'
                      '        LoopChecker12 = 541\n'
                      '        LoopChecker22 = 540\n'
                      '\n'
                      '        def loop_7_8(LoopIndexOut, stop, step):\n'
                      '            nonlocal text\n'
                      '            if step == 0 or (step > 0 and LoopIndexOut '
                      '>= stop) or (step < 0 and LoopIndexOut <= stop):\n'
                      '                return\n'
                      '            for newc_1 in \'*\\n"\':\n'
                      '                text = text.replace(newc_1, '
                      "newFunc_BinOp0('!', str(res)))\n"
                      '            loop_7_8(LoopIndexOut + step, stop, step)\n'
                      '        loop_7_8(0, LoopChecker12 // LoopChecker22, 1)\n'
                      '        if ConditionChecker17 & ConditionChecker27:\n'
                      "            if text.startswith('!'):\n"
                      '                text = text[len(str(res)):]\n'
                      '        return text\n'
                      '    except:\n'
                      '        pass'}
[END] processing file: sample_125. Total Time: 5.396021
END AT 2024-10-19 21:55:27.007635
