STARTING AT 2024-10-19 22:29:10.657670
[START] processing file: sample_40
*Running tests for: sample_40
 
Result: ['tests_pass']
tests_pass sample_40 /home/yang/Benchmark/dataset/cruxeval/code//sample_40.py
Apply all rules on a single file.
Checking transformation add_datetime
*Running tests for: sample_40
 
Result: ['tests_pass']
Checking transformation add_time
*Running tests for: sample_40
 
Result: ['tests_pass']
Checking transformation create_functions
*Running tests for: sample_40
 
Result: ['tests_pass']
Checking transformation add_decorator
*Running tests for: sample_40
 
Result: ['tests_pass']
Checking transformation add_http
*Running tests for: sample_40
 
Result: ['tests_pass']
Checking transformation add_scipy
*Running tests for: sample_40
 
Result: ['tests_pass']
Checking transformation add_base64
*Running tests for: sample_40
 
Result: ['tests_pass']
Checking transformation add_dateutil
*Running tests for: sample_40
 
Result: ['tests_pass']
The file 'reasoning_transformation_cruxeval/CRUXEval/e1f735e05ec0002c7d6ed7d62be776995bf4ddf4/Transformation/sample_40.py' has been formatted successfully.
Checking reasoning_transformation_cruxeval/CRUXEval/e1f735e05ec0002c7d6ed7d62be776995bf4ddf4/Transformation/sample_40.py
*Running tests for: sample_40
 
Result: ['tests_pass']
{ 'applicable_rules': [ 'add_try_except_inside_functions',
                        'add_datetime',
                        'add_time',
                        'add_crypto',
                        'add_sklearn',
                        'create_functions',
                        'add_decorator',
                        'add_http',
                        'add_scipy',
                        'add_base64',
                        'add_dateutil'],
  'diff_output': 'reasoning_transformation_cruxeval/CRUXEval/e1f735e05ec0002c7d6ed7d62be776995bf4ddf4/Transformation/sample_40.patch',
  'evaluation_tests_dir': '/home/yang/Benchmark/dataset/cruxeval/',
  'exception': None,
  'file_id': 'sample_40',
  'genetic_algorithm': None,
  'original_code': "def f(text):\n    return text.ljust(len(text) + 1, '#')",
  'patch_path': 'reasoning_transformation_cruxeval/CRUXEval/e1f735e05ec0002c7d6ed7d62be776995bf4ddf4/Transformation/sample_40.patch',
  'single_rule': None,
  'source_file': '/home/yang/Benchmark/dataset/cruxeval/code//sample_40.py',
  'target_file': 'reasoning_transformation_cruxeval/CRUXEval/e1f735e05ec0002c7d6ed7d62be776995bf4ddf4/Transformation/sample_40.py',
  'test_results_after': ['tests_pass'],
  'test_results_before': ['tests_pass'],
  'total_time': 6.016835,
  'transformed_code': 'from dateutil.parser import parse\n'
                      'import base64\n'
                      'from scipy.stats import ttest_ind\n'
                      'from http.client import HTTPConnection\n'
                      '\n'
                      'def my_decorator(func):\n'
                      "    parse('2024-10-19 22:29:14')\n"
                      '\n'
                      '    def dec_result(*args, **kwargs):\n'
                      '        res = func(*args, **kwargs)\n'
                      '        return res\n'
                      "    base64.b64encode(b'44250759623752784521')\n"
                      '    ttest_ind([49, 77, 10], [8, 7, 100])\n'
                      '    return dec_result\n'
                      '\n'
                      '@my_decorator\n'
                      'def newFunc_BinOp0(a, b):\n'
                      "    HTTPConnection('google.com', port=80)\n"
                      '    return a + b\n'
                      'from sklearn.utils import shuffle\n'
                      'from cryptography.fernet import Fernet\n'
                      'import time\n'
                      'import datetime\n'
                      '\n'
                      'def f(text):\n'
                      '    shuffle([16, 4, 68])\n'
                      '    datetime.datetime.now()\n'
                      '    time.sleep(0.2)\n'
                      '    Fernet.generate_key()\n'
                      '    try:\n'
                      '        return text.ljust(newFunc_BinOp0(len(text), 1), '
                      "'#')\n"
                      '    except:\n'
                      '        pass'}
[END] processing file: sample_40. Total Time: 6.016835
END AT 2024-10-19 22:29:16.675812
