STARTING AT 2024-10-19 22:31:01.762141
[START] processing file: sample_425
*Running tests for: sample_425
 
Result: ['tests_pass']
tests_pass sample_425 /home/yang/Benchmark/dataset/cruxeval/code//sample_425.py
Apply all rules on a single file.
Checking transformation add_datetime
*Running tests for: sample_425
 
Result: ['tests_pass']
Checking transformation add_time
*Running tests for: sample_425
 
Result: ['tests_pass']
Checking transformation add_decorator
*Running tests for: sample_425
 
Result: ['tests_pass']
Checking transformation add_http
*Running tests for: sample_425
 
Result: ['tests_pass']
Checking transformation add_scipy
*Running tests for: sample_425
 
Result: ['tests_pass']
Checking transformation add_base64
*Running tests for: sample_425
 
Result: ['tests_pass']
Checking transformation add_dateutil
*Running tests for: sample_425
 
Result: ['tests_pass']
The file 'reasoning_transformation_cruxeval/CRUXEval/e1f735e05ec0002c7d6ed7d62be776995bf4ddf4/Transformation/sample_425.py' has been formatted successfully.
Checking reasoning_transformation_cruxeval/CRUXEval/e1f735e05ec0002c7d6ed7d62be776995bf4ddf4/Transformation/sample_425.py
*Running tests for: sample_425
 
Result: ['tests_pass']
{ 'applicable_rules': [ 'change_var_names',
                        'add_try_except_inside_functions',
                        'add_datetime',
                        'add_time',
                        'add_crypto',
                        'add_sklearn',
                        'add_decorator',
                        'add_http',
                        'add_scipy',
                        'add_base64',
                        'add_dateutil'],
  'diff_output': 'reasoning_transformation_cruxeval/CRUXEval/e1f735e05ec0002c7d6ed7d62be776995bf4ddf4/Transformation/sample_425.patch',
  'evaluation_tests_dir': '/home/yang/Benchmark/dataset/cruxeval/',
  'exception': None,
  'file_id': 'sample_425',
  'genetic_algorithm': None,
  'original_code': 'def f(a):\n'
                   "    a = a.replace('/', ':')\n"
                   "    z = a.rpartition(':')\n"
                   '    return [z[0], z[1], z[2]]',
  'patch_path': 'reasoning_transformation_cruxeval/CRUXEval/e1f735e05ec0002c7d6ed7d62be776995bf4ddf4/Transformation/sample_425.patch',
  'single_rule': None,
  'source_file': '/home/yang/Benchmark/dataset/cruxeval/code//sample_425.py',
  'target_file': 'reasoning_transformation_cruxeval/CRUXEval/e1f735e05ec0002c7d6ed7d62be776995bf4ddf4/Transformation/sample_425.py',
  'test_results_after': ['tests_pass'],
  'test_results_before': ['tests_pass'],
  'total_time': 4.042764,
  'transformed_code': 'from dateutil.parser import parse\n'
                      'import base64\n'
                      'from scipy.stats import ttest_ind\n'
                      'from http.client import HTTPConnection\n'
                      '\n'
                      'def my_decorator(func):\n'
                      '\n'
                      '    def dec_result(*args, **kwargs):\n'
                      '        res = func(*args, **kwargs)\n'
                      '        return res\n'
                      "    HTTPConnection('google.com', port=80)\n"
                      "    parse('2024-10-19 22:31:04')\n"
                      "    base64.b64encode(b'12849741147354823057')\n"
                      '    ttest_ind([35, 34, 83], [24, 69, 36])\n'
                      '    return dec_result\n'
                      'from sklearn.utils import shuffle\n'
                      'from cryptography.fernet import Fernet\n'
                      'import time\n'
                      'import datetime\n'
                      '\n'
                      '@my_decorator\n'
                      'def f(newa_1):\n'
                      '    datetime.datetime.now()\n'
                      '    shuffle([74, 59, 55])\n'
                      '    Fernet.generate_key()\n'
                      '    time.sleep(0.02)\n'
                      '    try:\n'
                      "        newa_1 = newa_1.replace('/', ':')\n"
                      "        z = newa_1.rpartition(':')\n"
                      '        return [z[0], z[1], z[2]]\n'
                      '    except:\n'
                      '        pass'}
[END] processing file: sample_425. Total Time: 4.042764
END AT 2024-10-19 22:31:05.806017
