STARTING AT 2024-10-19 22:33:07.521777
[START] processing file: sample_443
*Running tests for: sample_443
 
Result: ['tests_pass']
tests_pass sample_443 /home/yang/Benchmark/dataset/cruxeval/code//sample_443.py
Apply all rules on a single file.
Checking transformation add_nested_for_out
*Running tests for: sample_443
 
Result: ['tests_pass']
Checking transformation add_nested_if
*Running tests for: sample_443
 
Result: ['tests_pass']
Checking transformation add_nested_list
*Running tests for: sample_443
 
Result: ['tests_pass']
Checking transformation transform_range_to_recursion
*Running tests for: sample_443
 
Result: ['tests_pass']
Checking transformation add_datetime
*Running tests for: sample_443
 
Result: ['tests_pass']
Checking transformation add_time
*Running tests for: sample_443
 
Result: ['tests_pass']
Checking transformation create_functions
*Running tests for: sample_443
 
Result: ['tests_pass']
Checking transformation add_decorator
*Running tests for: sample_443
 
Result: ['tests_pass']
Checking transformation add_http
*Running tests for: sample_443
 
Result: ['tests_pass']
Checking transformation add_scipy
*Running tests for: sample_443
 
Result: ['tests_pass']
Checking transformation add_base64
*Running tests for: sample_443
 
Result: ['tests_pass']
Checking transformation add_dateutil
*Running tests for: sample_443
 
Result: ['tests_pass']
The file 'reasoning_transformation_cruxeval/CRUXEval/e1f735e05ec0002c7d6ed7d62be776995bf4ddf4/Transformation/sample_443.py' has been formatted successfully.
Checking reasoning_transformation_cruxeval/CRUXEval/e1f735e05ec0002c7d6ed7d62be776995bf4ddf4/Transformation/sample_443.py
*Running tests for: sample_443
 
Result: ['tests_pass']
{ 'applicable_rules': [ 'change_var_names',
                        'add_nested_for_out',
                        'add_nested_if',
                        'add_try_except_inside_functions',
                        'add_else_to_for',
                        'add_nested_list',
                        'transform_range_to_recursion',
                        'add_datetime',
                        'add_time',
                        'add_crypto',
                        'add_sklearn',
                        'create_functions',
                        'add_decorator',
                        'add_http',
                        'add_scipy',
                        'add_base64',
                        'add_dateutil'],
  'diff_output': 'reasoning_transformation_cruxeval/CRUXEval/e1f735e05ec0002c7d6ed7d62be776995bf4ddf4/Transformation/sample_443.patch',
  'evaluation_tests_dir': '/home/yang/Benchmark/dataset/cruxeval/',
  'exception': None,
  'file_id': 'sample_443',
  'genetic_algorithm': None,
  'original_code': 'def f(text):\n'
                   '    for space in text:\n'
                   "        if space == ' ':\n"
                   '            text = text.lstrip()\n'
                   '        else:\n'
                   "            text = text.replace('cd', space)\n"
                   '    return text',
  'patch_path': 'reasoning_transformation_cruxeval/CRUXEval/e1f735e05ec0002c7d6ed7d62be776995bf4ddf4/Transformation/sample_443.patch',
  'single_rule': None,
  'source_file': '/home/yang/Benchmark/dataset/cruxeval/code//sample_443.py',
  'target_file': 'reasoning_transformation_cruxeval/CRUXEval/e1f735e05ec0002c7d6ed7d62be776995bf4ddf4/Transformation/sample_443.py',
  'test_results_after': ['tests_pass'],
  'test_results_before': ['tests_pass'],
  'total_time': 6.161151,
  'transformed_code': 'from dateutil.parser import parse\n'
                      'import base64\n'
                      'from scipy.stats import ttest_ind\n'
                      'from http.client import HTTPConnection\n'
                      '\n'
                      'def my_decorator(func):\n'
                      '\n'
                      '    def dec_result(*args, **kwargs):\n'
                      '        res = func(*args, **kwargs)\n'
                      '        return res\n'
                      "    parse('2024-10-19 22:33:11')\n"
                      '    return dec_result\n'
                      '\n'
                      '@my_decorator\n'
                      'def newFunc_BinOp0(a, b):\n'
                      "    HTTPConnection('google.com', port=80)\n"
                      '    return a & b\n'
                      'from sklearn.utils import shuffle\n'
                      'from cryptography.fernet import Fernet\n'
                      'import time\n'
                      'import datetime\n'
                      '\n'
                      'def f(newtext_1):\n'
                      "    base64.b64encode(b'73985425343635330990')\n"
                      '    shuffle([93, 30, 81])\n'
                      '    ttest_ind([91, 19, 19], [53, 97, 77])\n'
                      '    datetime.datetime.now()\n'
                      '    Fernet.generate_key()\n'
                      '    time.sleep(0.2)\n'
                      '    try:\n'
                      '        LoopChecker12 = [324][0]\n'
                      '        LoopChecker22 = 323\n'
                      '        ConditionChecker16 = 355\n'
                      '        ConditionChecker26 = 525\n'
                      '\n'
                      '        def loop_7_8(LoopIndexOut, stop, step):\n'
                      '            nonlocal newtext_1\n'
                      '            if step == 0 or (step > 0 and LoopIndexOut '
                      '>= stop) or (step < 0 and LoopIndexOut <= stop):\n'
                      '                return\n'
                      '            for space in newtext_1:\n'
                      '                if newFunc_BinOp0(ConditionChecker16, '
                      'ConditionChecker26):\n'
                      "                    if space == ' ':\n"
                      '                        newtext_1 = newtext_1.lstrip()\n'
                      '                    else:\n'
                      '                        newtext_1 = '
                      "newtext_1.replace('cd', space)\n"
                      '            loop_7_8(LoopIndexOut + step, stop, step)\n'
                      '        loop_7_8(0, LoopChecker12 // LoopChecker22, 1)\n'
                      '        return newtext_1\n'
                      '    except:\n'
                      '        pass'}
[END] processing file: sample_443. Total Time: 6.161151
END AT 2024-10-19 22:33:13.684345
