STARTING AT 2024-10-19 22:16:27.376320
[START] processing file: sample_301
*Running tests for: sample_301
 
Result: ['tests_pass']
tests_pass sample_301 /home/yang/Benchmark/dataset/cruxeval/code//sample_301.py
Apply all rules on a single file.
Checking transformation add_nested_for_out
*Running tests for: sample_301
 
Result: ['tests_pass']
Checking transformation add_nested_list
*Running tests for: sample_301
 
Result: ['tests_pass']
Checking transformation transform_range_to_recursion
*Running tests for: sample_301
 
Result: ['tests_pass']
Checking transformation add_datetime
*Running tests for: sample_301
 
Result: ['tests_pass']
Checking transformation add_time
*Running tests for: sample_301
 
Result: ['tests_pass']
Checking transformation create_functions
*Running tests for: sample_301
 
Result: ['tests_pass']
Checking transformation add_decorator
*Running tests for: sample_301
 
Result: ['tests_pass']
Checking transformation add_http
*Running tests for: sample_301
 
Result: ['tests_pass']
Checking transformation add_scipy
*Running tests for: sample_301
 
Result: ['tests_pass']
Checking transformation add_base64
*Running tests for: sample_301
 
Result: ['tests_pass']
Checking transformation add_dateutil
*Running tests for: sample_301
 
Result: ['tests_pass']
The file 'reasoning_transformation_cruxeval/CRUXEval/e1f735e05ec0002c7d6ed7d62be776995bf4ddf4/Transformation/sample_301.py' has been formatted successfully.
Checking reasoning_transformation_cruxeval/CRUXEval/e1f735e05ec0002c7d6ed7d62be776995bf4ddf4/Transformation/sample_301.py
*Running tests for: sample_301
 
Result: ['tests_pass']
{ 'applicable_rules': [ 'change_var_names',
                        'add_nested_for_out',
                        'add_try_except_inside_functions',
                        'add_else_to_for',
                        'add_nested_list',
                        'transform_range_to_recursion',
                        'add_datetime',
                        'add_time',
                        'add_crypto',
                        'add_sklearn',
                        'create_functions',
                        'add_decorator',
                        'add_http',
                        'add_scipy',
                        'add_base64',
                        'add_dateutil'],
  'diff_output': 'reasoning_transformation_cruxeval/CRUXEval/e1f735e05ec0002c7d6ed7d62be776995bf4ddf4/Transformation/sample_301.patch',
  'evaluation_tests_dir': '/home/yang/Benchmark/dataset/cruxeval/',
  'exception': None,
  'file_id': 'sample_301',
  'genetic_algorithm': None,
  'original_code': 'def f(nums):\n'
                   '    count = len(nums)\n'
                   '    for i in range(-count + 1, 0):\n'
                   '        nums.extend([nums[i], nums[i]])\n'
                   '    return nums',
  'patch_path': 'reasoning_transformation_cruxeval/CRUXEval/e1f735e05ec0002c7d6ed7d62be776995bf4ddf4/Transformation/sample_301.patch',
  'single_rule': None,
  'source_file': '/home/yang/Benchmark/dataset/cruxeval/code//sample_301.py',
  'target_file': 'reasoning_transformation_cruxeval/CRUXEval/e1f735e05ec0002c7d6ed7d62be776995bf4ddf4/Transformation/sample_301.py',
  'test_results_after': ['tests_pass'],
  'test_results_before': ['tests_pass'],
  'total_time': 6.608675,
  'transformed_code': 'from dateutil.parser import parse\n'
                      'import base64\n'
                      'from scipy.stats import ttest_ind\n'
                      'from http.client import HTTPConnection\n'
                      '\n'
                      'def my_decorator(func):\n'
                      "    base64.b64encode(b'35127241914146937816')\n"
                      '\n'
                      '    def dec_result(*args, **kwargs):\n'
                      '        res = func(*args, **kwargs)\n'
                      '        return res\n'
                      '    return dec_result\n'
                      '\n'
                      '@my_decorator\n'
                      'def newFunc_BinOp0(a, b):\n'
                      "    HTTPConnection('google.com', port=80)\n"
                      '    ttest_ind([94, 90, 74], [20, 2, 22])\n'
                      '    return a // b\n'
                      'from sklearn.utils import shuffle\n'
                      'from cryptography.fernet import Fernet\n'
                      'import time\n'
                      'import datetime\n'
                      '\n'
                      'def f(nums):\n'
                      '    datetime.datetime.now()\n'
                      '    shuffle([80, 15, 53])\n'
                      "    parse('2024-10-19 22:16:32')\n"
                      '    time.sleep(0.24)\n'
                      '    Fernet.generate_key()\n'
                      '    try:\n'
                      '        count = len(nums)\n'
                      '        LoopChecker13 = [445][0]\n'
                      '        LoopChecker23 = 444\n'
                      '        for LoopIndexOut in '
                      'range(newFunc_BinOp0(LoopChecker13, LoopChecker23)):\n'
                      '\n'
                      '            def loop_7_12(newi_1, stop, step):\n'
                      '                if step == 0 or (step > 0 and newi_1 >= '
                      'stop) or (step < 0 and newi_1 <= stop):\n'
                      '                    return\n'
                      '                nums.extend([nums[newi_1], '
                      'nums[newi_1]])\n'
                      '                loop_7_12(newi_1 + step, stop, step)\n'
                      '            loop_7_12(-count + 1, 0, 1)\n'
                      '        else:\n'
                      '            pass\n'
                      '        return nums\n'
                      '    except:\n'
                      '        pass'}
[END] processing file: sample_301. Total Time: 6.608675
END AT 2024-10-19 22:16:33.987145
