STARTING AT 2024-10-19 22:12:26.911841
[START] processing file: sample_268
*Running tests for: sample_268
 
Result: ['tests_pass']
tests_pass sample_268 /home/yang/Benchmark/dataset/cruxeval/code//sample_268.py
Apply all rules on a single file.
Checking transformation add_nested_for_out
*Running tests for: sample_268
 
Result: ['tests_pass']
Checking transformation add_nested_if
*Running tests for: sample_268
 
Result: ['tests_pass']
Checking transformation add_nested_list
*Running tests for: sample_268
 
Result: ['tests_pass']
Checking transformation transform_range_to_recursion
*Running tests for: sample_268
   File "/home/yang/Benchmark/.tmp_test/tmp_test.pysample_268", line 10
    nonlocal new_s
    ^^^^^^^^^^^^^^
SyntaxError: no binding for nonlocal 'new_s' found

output_actual, stderr_data: ('', b'  File "/home/yang/Benchmark/.tmp_test/tmp_test.pysample_268", line 10\n    nonlocal new_s\n    ^^^^^^^^^^^^^^\nSyntaxError: no binding for nonlocal \'new_s\' found\n')
Result: ['error_or_timeout']
Drop transform_range_to_recursion due to ['error_or_timeout']
Checking transformation add_datetime
*Running tests for: sample_268
 
Result: ['tests_pass']
Checking transformation add_time
*Running tests for: sample_268
 
Result: ['tests_pass']
Checking transformation create_functions
*Running tests for: sample_268
 
Result: ['tests_pass']
Checking transformation add_decorator
*Running tests for: sample_268
 
Result: ['tests_pass']
Checking transformation add_http
*Running tests for: sample_268
 
Result: ['tests_pass']
Checking transformation add_scipy
*Running tests for: sample_268
 
Result: ['tests_pass']
Checking transformation add_base64
*Running tests for: sample_268
 
Result: ['tests_pass']
Checking transformation add_dateutil
*Running tests for: sample_268
 
Result: ['tests_pass']
The file 'reasoning_transformation_cruxeval/CRUXEval/e1f735e05ec0002c7d6ed7d62be776995bf4ddf4/Transformation/sample_268.py' has been formatted successfully.
Checking reasoning_transformation_cruxeval/CRUXEval/e1f735e05ec0002c7d6ed7d62be776995bf4ddf4/Transformation/sample_268.py
*Running tests for: sample_268
 
Result: ['tests_pass']
{ 'applicable_rules': [ 'change_var_names',
                        'add_nested_for_out',
                        'add_nested_if',
                        'add_try_except_inside_functions',
                        'add_else_to_for',
                        'add_nested_list',
                        'add_datetime',
                        'add_time',
                        'add_crypto',
                        'add_sklearn',
                        'create_functions',
                        'add_decorator',
                        'add_http',
                        'add_scipy',
                        'add_base64',
                        'add_dateutil'],
  'diff_output': 'reasoning_transformation_cruxeval/CRUXEval/e1f735e05ec0002c7d6ed7d62be776995bf4ddf4/Transformation/sample_268.patch',
  'evaluation_tests_dir': '/home/yang/Benchmark/dataset/cruxeval/',
  'exception': None,
  'file_id': 'sample_268',
  'genetic_algorithm': None,
  'original_code': 'def f(s, separator):\n'
                   '    for i in range(len(s)):\n'
                   '        if s[i] == separator:\n'
                   '            new_s = list(s)\n'
                   "            new_s[i] = '/'\n"
                   "            return ' '.join(new_s)",
  'patch_path': 'reasoning_transformation_cruxeval/CRUXEval/e1f735e05ec0002c7d6ed7d62be776995bf4ddf4/Transformation/sample_268.patch',
  'single_rule': None,
  'source_file': '/home/yang/Benchmark/dataset/cruxeval/code//sample_268.py',
  'target_file': 'reasoning_transformation_cruxeval/CRUXEval/e1f735e05ec0002c7d6ed7d62be776995bf4ddf4/Transformation/sample_268.py',
  'test_results_after': ['tests_pass'],
  'test_results_before': ['tests_pass'],
  'total_time': 5.371565,
  'transformed_code': 'from dateutil.parser import parse\n'
                      'import base64\n'
                      'from scipy.stats import ttest_ind\n'
                      'from http.client import HTTPConnection\n'
                      '\n'
                      'def my_decorator(func):\n'
                      "    parse('2024-10-19 22:12:30')\n"
                      '\n'
                      '    def dec_result(*args, **kwargs):\n'
                      '        res = func(*args, **kwargs)\n'
                      '        return res\n'
                      "    base64.b64encode(b'16878279598336797640')\n"
                      '    ttest_ind([51, 25, 27], [43, 58, 44])\n'
                      '    return dec_result\n'
                      '\n'
                      '@my_decorator\n'
                      'def newFunc_BinOp0(a, b):\n'
                      '    return a // b\n'
                      'from sklearn.utils import shuffle\n'
                      'from cryptography.fernet import Fernet\n'
                      'import time\n'
                      'import datetime\n'
                      '\n'
                      'def f(s, separator):\n'
                      '    datetime.datetime.now()\n'
                      '    Fernet.generate_key()\n'
                      '    time.sleep(0.08)\n'
                      "    HTTPConnection('google.com', port=80)\n"
                      '    shuffle([30, 56, 38])\n'
                      '    try:\n'
                      '        LoopChecker12 = [315][0]\n'
                      '        LoopChecker22 = 314\n'
                      '        ConditionChecker16 = 422\n'
                      '        ConditionChecker26 = 587\n'
                      '        for LoopIndexOut in '
                      'range(newFunc_BinOp0(LoopChecker12, LoopChecker22)):\n'
                      '            for newi_1 in range(len(s)):\n'
                      '                if ConditionChecker16 & '
                      'ConditionChecker26:\n'
                      '                    if s[newi_1] == separator:\n'
                      '                        new_s = list(s)\n'
                      "                        new_s[newi_1] = '/'\n"
                      "                        return ' '.join(new_s)\n"
                      '        else:\n'
                      '            pass\n'
                      '    except:\n'
                      '        pass'}
[END] processing file: sample_268. Total Time: 5.371565
END AT 2024-10-19 22:12:32.284845
