STARTING AT 2024-10-19 23:07:02.390993
[START] processing file: sample_780
*Running tests for: sample_780
 
Result: ['tests_pass']
tests_pass sample_780 /home/yang/Benchmark/dataset/cruxeval/code//sample_780.py
Apply all rules on a single file.
Checking transformation add_nested_for_out
*Running tests for: sample_780
 
Result: ['tests_pass']
Checking transformation add_nested_if
*Running tests for: sample_780
 
Result: ['tests_pass']
Checking transformation add_nested_list
*Running tests for: sample_780
 
Result: ['tests_pass']
Checking transformation transform_range_to_recursion
*Running tests for: sample_780
 
Result: ['tests_pass']
Checking transformation add_datetime
*Running tests for: sample_780
 
Result: ['tests_pass']
Checking transformation add_time
*Running tests for: sample_780
 
Result: ['tests_pass']
Checking transformation create_functions
*Running tests for: sample_780
 
Result: ['tests_pass']
Checking transformation add_decorator
*Running tests for: sample_780
 
Result: ['tests_pass']
Checking transformation add_http
*Running tests for: sample_780
 
Result: ['tests_pass']
Checking transformation add_scipy
*Running tests for: sample_780
 
Result: ['tests_pass']
Checking transformation add_base64
*Running tests for: sample_780
 
Result: ['tests_pass']
Checking transformation add_dateutil
*Running tests for: sample_780
 
Result: ['tests_pass']
The file 'reasoning_transformation_cruxeval/CRUXEval/e1f735e05ec0002c7d6ed7d62be776995bf4ddf4/Transformation/sample_780.py' has been formatted successfully.
Checking reasoning_transformation_cruxeval/CRUXEval/e1f735e05ec0002c7d6ed7d62be776995bf4ddf4/Transformation/sample_780.py
*Running tests for: sample_780
 
Result: ['tests_pass']
{ 'applicable_rules': [ 'change_var_names',
                        'add_nested_for_out',
                        'add_nested_if',
                        'add_try_except_inside_functions',
                        'add_else_to_for',
                        'add_nested_list',
                        'transform_range_to_recursion',
                        'add_datetime',
                        'add_time',
                        'add_crypto',
                        'add_sklearn',
                        'create_functions',
                        'add_decorator',
                        'add_http',
                        'add_scipy',
                        'add_base64',
                        'add_dateutil'],
  'diff_output': 'reasoning_transformation_cruxeval/CRUXEval/e1f735e05ec0002c7d6ed7d62be776995bf4ddf4/Transformation/sample_780.patch',
  'evaluation_tests_dir': '/home/yang/Benchmark/dataset/cruxeval/',
  'exception': None,
  'file_id': 'sample_780',
  'genetic_algorithm': None,
  'original_code': 'def f(ints):\n'
                   '    counts = [0] * 301\n'
                   '    for i in ints:\n'
                   '        counts[i] += 1\n'
                   '    r = []\n'
                   '    for i in range(len(counts)):\n'
                   '        if counts[i] >= 3:\n'
                   '            r.append(str(i))\n'
                   '    counts.clear()\n'
                   "    return ' '.join(r)",
  'patch_path': 'reasoning_transformation_cruxeval/CRUXEval/e1f735e05ec0002c7d6ed7d62be776995bf4ddf4/Transformation/sample_780.patch',
  'single_rule': None,
  'source_file': '/home/yang/Benchmark/dataset/cruxeval/code//sample_780.py',
  'target_file': 'reasoning_transformation_cruxeval/CRUXEval/e1f735e05ec0002c7d6ed7d62be776995bf4ddf4/Transformation/sample_780.py',
  'test_results_after': ['tests_pass'],
  'test_results_before': ['tests_pass'],
  'total_time': 5.943155,
  'transformed_code': 'from dateutil.parser import parse\n'
                      'import base64\n'
                      'from scipy.stats import ttest_ind\n'
                      'from http.client import HTTPConnection\n'
                      '\n'
                      'def my_decorator(func):\n'
                      "    base64.b64encode(b'41418114196834012902')\n"
                      '\n'
                      '    def dec_result(*args, **kwargs):\n'
                      '        res = func(*args, **kwargs)\n'
                      '        return res\n'
                      '    return dec_result\n'
                      '\n'
                      '@my_decorator\n'
                      'def newFunc0_12(variable_3_12, variable_1_12):\n'
                      "    parse('2024-10-19 23:07:06')\n"
                      '    return variable_1_12 * variable_3_12\n'
                      'from sklearn.utils import shuffle\n'
                      'from cryptography.fernet import Fernet\n'
                      'import time\n'
                      'import datetime\n'
                      '\n'
                      'def f(ints):\n'
                      '    shuffle([52, 28, 7])\n'
                      '    time.sleep(0.16)\n'
                      "    HTTPConnection('google.com', port=80)\n"
                      '    datetime.datetime.now()\n'
                      '    Fernet.generate_key()\n'
                      '    ttest_ind([89, 49, 95], [43, 98, 46])\n'
                      '    try:\n'
                      '        variable_1_12 = [0]\n'
                      '        variable_3_12 = 301\n'
                      '        counts = newFunc0_12(variable_3_12, '
                      'variable_1_12)\n'
                      '        LoopChecker13 = [476][0]\n'
                      '        LoopChecker23 = 475\n'
                      '\n'
                      '        def loop_6_8(LoopIndexOut, stop, step):\n'
                      '            if step == 0 or (step > 0 and LoopIndexOut '
                      '>= stop) or (step < 0 and LoopIndexOut <= stop):\n'
                      '                return\n'
                      '            for newi_1 in ints:\n'
                      '                counts[newi_1] += 1\n'
                      '            loop_6_8(LoopIndexOut + step, stop, step)\n'
                      '        loop_6_8(0, LoopChecker13 // LoopChecker23, 1)\n'
                      '        r = []\n'
                      '        ConditionChecker110 = 235\n'
                      '        ConditionChecker210 = 412\n'
                      '        for newi_1 in range(len(counts)):\n'
                      '            if ConditionChecker110 & '
                      'ConditionChecker210:\n'
                      '                if counts[newi_1] >= 3:\n'
                      '                    r.append(str(newi_1))\n'
                      '        counts.clear()\n'
                      "        return ' '.join(r)\n"
                      '    except:\n'
                      '        pass'}
[END] processing file: sample_780. Total Time: 5.943155
END AT 2024-10-19 23:07:08.335773
