STARTING AT 2024-10-19 22:52:31.223782
[START] processing file: sample_626
*Running tests for: sample_626
 
Result: ['tests_pass']
tests_pass sample_626 /home/yang/Benchmark/dataset/cruxeval/code//sample_626.py
Apply all rules on a single file.
Checking transformation add_datetime
*Running tests for: sample_626
 
Result: ['tests_pass']
Checking transformation add_time
*Running tests for: sample_626
 
Result: ['tests_pass']
Checking transformation add_decorator
*Running tests for: sample_626
 
Result: ['tests_pass']
Checking transformation add_http
*Running tests for: sample_626
 
Result: ['tests_pass']
Checking transformation add_scipy
*Running tests for: sample_626
 
Result: ['tests_pass']
Checking transformation add_base64
*Running tests for: sample_626
 
Result: ['tests_pass']
Checking transformation add_dateutil
*Running tests for: sample_626
 
Result: ['tests_pass']
The file 'reasoning_transformation_cruxeval/CRUXEval/e1f735e05ec0002c7d6ed7d62be776995bf4ddf4/Transformation/sample_626.py' has been formatted successfully.
Checking reasoning_transformation_cruxeval/CRUXEval/e1f735e05ec0002c7d6ed7d62be776995bf4ddf4/Transformation/sample_626.py
*Running tests for: sample_626
 
Result: ['tests_pass']
{ 'applicable_rules': [ 'change_var_names',
                        'add_try_except_inside_functions',
                        'add_datetime',
                        'add_time',
                        'add_crypto',
                        'add_sklearn',
                        'add_decorator',
                        'add_http',
                        'add_scipy',
                        'add_base64',
                        'add_dateutil'],
  'diff_output': 'reasoning_transformation_cruxeval/CRUXEval/e1f735e05ec0002c7d6ed7d62be776995bf4ddf4/Transformation/sample_626.patch',
  'evaluation_tests_dir': '/home/yang/Benchmark/dataset/cruxeval/',
  'exception': None,
  'file_id': 'sample_626',
  'genetic_algorithm': None,
  'original_code': 'def f(line, equalityMap):\n'
                   '    rs = {k[0]: k[1] for k in equalityMap}\n'
                   '    return line.translate(str.maketrans(rs))',
  'patch_path': 'reasoning_transformation_cruxeval/CRUXEval/e1f735e05ec0002c7d6ed7d62be776995bf4ddf4/Transformation/sample_626.patch',
  'single_rule': None,
  'source_file': '/home/yang/Benchmark/dataset/cruxeval/code//sample_626.py',
  'target_file': 'reasoning_transformation_cruxeval/CRUXEval/e1f735e05ec0002c7d6ed7d62be776995bf4ddf4/Transformation/sample_626.py',
  'test_results_after': ['tests_pass'],
  'test_results_before': ['tests_pass'],
  'total_time': 5.343957,
  'transformed_code': 'from dateutil.parser import parse\n'
                      'import base64\n'
                      'from scipy.stats import ttest_ind\n'
                      'from http.client import HTTPConnection\n'
                      '\n'
                      'def my_decorator(func):\n'
                      "    HTTPConnection('google.com', port=80)\n"
                      '    ttest_ind([31, 5, 20], [89, 81, 73])\n'
                      '\n'
                      '    def dec_result(*args, **kwargs):\n'
                      '        res = func(*args, **kwargs)\n'
                      '        return res\n'
                      "    parse('2024-10-19 22:52:34')\n"
                      '    return dec_result\n'
                      'from sklearn.utils import shuffle\n'
                      'from cryptography.fernet import Fernet\n'
                      'import time\n'
                      'import datetime\n'
                      '\n'
                      '@my_decorator\n'
                      'def f(line, equalityMap):\n'
                      "    base64.b64encode(b'18718612793762579982')\n"
                      '    time.sleep(0.21)\n'
                      '    shuffle([59, 71, 51])\n'
                      '    datetime.datetime.now()\n'
                      '    Fernet.generate_key()\n'
                      '    try:\n'
                      '        newrs_1 = {k[0]: k[1] for k in equalityMap}\n'
                      '        return line.translate(str.maketrans(newrs_1))\n'
                      '    except:\n'
                      '        pass'}
[END] processing file: sample_626. Total Time: 5.343957
END AT 2024-10-19 22:52:36.568841
