STARTING AT 2024-10-19 22:27:30.506351
[START] processing file: sample_396
*Running tests for: sample_396
 
Result: ['tests_pass']
tests_pass sample_396 /home/yang/Benchmark/dataset/cruxeval/code//sample_396.py
Apply all rules on a single file.
Checking transformation add_nested_while_out
*Running tests for: sample_396
 
Result: ['tests_pass']
Checking transformation add_nested_list
*Running tests for: sample_396
 
Result: ['tests_pass']
Checking transformation add_datetime
*Running tests for: sample_396
 
Result: ['tests_pass']
Checking transformation add_time
*Running tests for: sample_396
 
Result: ['tests_pass']
Checking transformation create_functions
*Running tests for: sample_396
 
Result: ['tests_pass']
Checking transformation add_decorator
*Running tests for: sample_396
 
Result: ['tests_pass']
Checking transformation add_http
*Running tests for: sample_396
 
Result: ['tests_pass']
Checking transformation add_scipy
*Running tests for: sample_396
 
Result: ['tests_pass']
Checking transformation add_base64
*Running tests for: sample_396
 
Result: ['tests_pass']
Checking transformation add_dateutil
*Running tests for: sample_396
 
Result: ['tests_pass']
The file 'reasoning_transformation_cruxeval/CRUXEval/e1f735e05ec0002c7d6ed7d62be776995bf4ddf4/Transformation/sample_396.py' has been formatted successfully.
Checking reasoning_transformation_cruxeval/CRUXEval/e1f735e05ec0002c7d6ed7d62be776995bf4ddf4/Transformation/sample_396.py
*Running tests for: sample_396
 
Result: ['tests_pass']
{ 'applicable_rules': [ 'change_var_names',
                        'add_nested_while_out',
                        'add_try_except_inside_functions',
                        'add_else_to_while',
                        'add_nested_list',
                        'add_datetime',
                        'add_time',
                        'add_crypto',
                        'add_sklearn',
                        'create_functions',
                        'add_decorator',
                        'add_http',
                        'add_scipy',
                        'add_base64',
                        'add_dateutil',
                        'changing_AugAssign'],
  'diff_output': 'reasoning_transformation_cruxeval/CRUXEval/e1f735e05ec0002c7d6ed7d62be776995bf4ddf4/Transformation/sample_396.patch',
  'evaluation_tests_dir': '/home/yang/Benchmark/dataset/cruxeval/',
  'exception': None,
  'file_id': 'sample_396',
  'genetic_algorithm': None,
  'original_code': 'def f(ets):\n'
                   '    while ets:\n'
                   '        (k, v) = ets.popitem()\n'
                   '        ets[k] = v ** 2\n'
                   '    return ets',
  'patch_path': 'reasoning_transformation_cruxeval/CRUXEval/e1f735e05ec0002c7d6ed7d62be776995bf4ddf4/Transformation/sample_396.patch',
  'single_rule': None,
  'source_file': '/home/yang/Benchmark/dataset/cruxeval/code//sample_396.py',
  'target_file': 'reasoning_transformation_cruxeval/CRUXEval/e1f735e05ec0002c7d6ed7d62be776995bf4ddf4/Transformation/sample_396.py',
  'test_results_after': ['tests_pass'],
  'test_results_before': ['tests_pass'],
  'total_time': 6.519591,
  'transformed_code': 'from dateutil.parser import parse\n'
                      'import base64\n'
                      'from scipy.stats import ttest_ind\n'
                      'from http.client import HTTPConnection\n'
                      '\n'
                      'def my_decorator(func):\n'
                      '\n'
                      '    def dec_result(*args, **kwargs):\n'
                      '        res = func(*args, **kwargs)\n'
                      '        return res\n'
                      "    base64.b64encode(b'83357162494596587282')\n"
                      '    return dec_result\n'
                      '\n'
                      '@my_decorator\n'
                      'def newFunc0_18(v, variable_3_18):\n'
                      '    return v ** variable_3_18\n'
                      'from sklearn.utils import shuffle\n'
                      'from cryptography.fernet import Fernet\n'
                      'import time\n'
                      'import datetime\n'
                      '\n'
                      'def f(ets):\n'
                      '    Fernet.generate_key()\n'
                      '    time.sleep(0.26)\n'
                      "    parse('2024-10-19 22:27:35')\n"
                      "    HTTPConnection('google.com', port=80)\n"
                      '    shuffle([100, 57, 72])\n'
                      '    datetime.datetime.now()\n'
                      '    ttest_ind([33, 34, 10], [45, 72, 15])\n'
                      '    try:\n'
                      '        whileloopchecker12 = [866][0]\n'
                      '        whileloopchecker22 = 865\n'
                      '        while whileloopchecker12 % whileloopchecker22 '
                      '== 1:\n'
                      '            whileloopchecker12 = whileloopchecker12 + '
                      '1\n'
                      '            while ets:\n'
                      '                (newk_1, v) = ets.popitem()\n'
                      '                variable_3_18 = 2\n'
                      '                ets[newk_1] = newFunc0_18(v, '
                      'variable_3_18)\n'
                      '        else:\n'
                      '            pass\n'
                      '        return ets\n'
                      '    except:\n'
                      '        pass'}
[END] processing file: sample_396. Total Time: 6.519591
END AT 2024-10-19 22:27:37.027590
