STARTING AT 2024-10-19 23:34:34.314402
[START] processing file: sample_494
*Running tests for: sample_494
 
Result: ['tests_pass']
tests_pass sample_494 /home/yang/Benchmark/dataset/cruxeval/code//sample_494.py
Apply all rules on a single file.
Checking transformation add_nested_while_out
*Running tests for: sample_494
 
Result: ['tests_pass']
Checking transformation add_nested_list
*Running tests for: sample_494
 
Result: ['tests_pass']
Checking transformation add_datetime
*Running tests for: sample_494
 
Result: ['tests_pass']
Checking transformation add_time
*Running tests for: sample_494
 
Result: ['tests_pass']
def newFunc_69124(arg0, arg1):
    return arg0 + arg1
Checking transformation create_functions
*Running tests for: sample_494
 
Result: ['tests_pass']
Checking transformation add_decorator
*Running tests for: sample_494
 
Result: ['tests_pass']
Checking transformation add_http
*Running tests for: sample_494
 
Result: ['tests_pass']
Checking transformation add_scipy
*Running tests for: sample_494
 
Result: ['tests_pass']
Checking transformation add_base64
*Running tests for: sample_494
 
Result: ['tests_pass']
Checking transformation add_dateutil
*Running tests for: sample_494
 
Result: ['tests_pass']
The file 'reasoning_transformation_cruxeval/CRUXEval/951a917df7397c9cb698ead54386db6d1db4ffb0/Transformation/sample_494.py' has been formatted successfully.
Checking reasoning_transformation_cruxeval/CRUXEval/951a917df7397c9cb698ead54386db6d1db4ffb0/Transformation/sample_494.py
*Running tests for: sample_494
 
Result: ['tests_pass']
{ 'applicable_rules': [ 'change_var_names',
                        'add_nested_while_out',
                        'add_try_except_inside_functions',
                        'add_else_to_while',
                        'add_nested_list',
                        'add_datetime',
                        'add_time',
                        'add_crypto',
                        'add_sklearn',
                        'create_functions',
                        'add_decorator',
                        'add_http',
                        'add_scipy',
                        'add_base64',
                        'add_dateutil',
                        'changing_AugAssign'],
  'diff_output': 'reasoning_transformation_cruxeval/CRUXEval/951a917df7397c9cb698ead54386db6d1db4ffb0/Transformation/sample_494.patch',
  'evaluation_tests_dir': '/home/yang/Benchmark/dataset/cruxeval/',
  'exception': None,
  'file_id': 'sample_494',
  'genetic_algorithm': None,
  'original_code': 'def f(num, l):\n'
                   "    t = ''\n"
                   '    while l > len(num):\n'
                   "        t += '0'\n"
                   '        l -= 1\n'
                   '    return t + num',
  'patch_path': 'reasoning_transformation_cruxeval/CRUXEval/951a917df7397c9cb698ead54386db6d1db4ffb0/Transformation/sample_494.patch',
  'single_rule': None,
  'source_file': '/home/yang/Benchmark/dataset/cruxeval/code//sample_494.py',
  'target_file': 'reasoning_transformation_cruxeval/CRUXEval/951a917df7397c9cb698ead54386db6d1db4ffb0/Transformation/sample_494.py',
  'test_results_after': ['tests_pass'],
  'test_results_before': ['tests_pass'],
  'total_time': 5.232546,
  'transformed_code': 'from dateutil.parser import parse\n'
                      'import base64\n'
                      'from scipy.stats import ttest_ind\n'
                      'from http.client import HTTPConnection\n'
                      '\n'
                      'def my_decorator(func):\n'
                      '\n'
                      '    def dec_result(*args, **kwargs):\n'
                      '        res = func(*args, **kwargs)\n'
                      '        return res\n'
                      '    return dec_result\n'
                      '\n'
                      '@my_decorator\n'
                      'def newFunc_69124(arg0, arg1):\n'
                      '    ttest_ind([94, 39, 60], [83, 58, 34])\n'
                      "    HTTPConnection('google.com', port=80)\n"
                      '    return arg0 + arg1\n'
                      'from sklearn.utils import shuffle\n'
                      'from cryptography.fernet import Fernet\n'
                      'import time\n'
                      'import datetime\n'
                      '\n'
                      'def f(num, newl_1):\n'
                      "    parse('2024-10-19 23:34:38')\n"
                      '    time.sleep(0.07)\n'
                      "    base64.b64encode(b'53436017549185708318')\n"
                      '    Fernet.generate_key()\n'
                      '    datetime.datetime.now()\n'
                      '    shuffle([13, 58, 28])\n'
                      '    try:\n'
                      "        t = [''][0]\n"
                      '        whileloopchecker13 = 662\n'
                      '        whileloopchecker23 = 661\n'
                      '        while whileloopchecker13 % whileloopchecker23 '
                      '== 1:\n'
                      '            whileloopchecker13 = whileloopchecker13 + '
                      '1\n'
                      '            while newl_1 > len(num):\n'
                      "                t += '0'\n"
                      '                newl_1 -= 1\n'
                      '        else:\n'
                      '            pass\n'
                      '        return newFunc_69124(t, num)\n'
                      '    except:\n'
                      '        pass'}
[END] processing file: sample_494. Total Time: 5.232546
END AT 2024-10-19 23:34:39.548324
