STARTING AT 2024-10-19 22:58:48.221021
[START] processing file: sample_692
*Running tests for: sample_692
 
Result: ['tests_pass']
tests_pass sample_692 /home/yang/Benchmark/dataset/cruxeval/code//sample_692.py
Apply all rules on a single file.
Checking transformation add_nested_for_out
*Running tests for: sample_692
 
Result: ['tests_pass']
Checking transformation add_nested_if
*Running tests for: sample_692
 
Result: ['tests_pass']
Checking transformation add_nested_list
*Running tests for: sample_692
 
Result: ['tests_pass']
Checking transformation transform_range_to_recursion
*Running tests for: sample_692
 
Result: ['tests_pass']
Checking transformation add_datetime
*Running tests for: sample_692
 
Result: ['tests_pass']
Checking transformation add_time
*Running tests for: sample_692
 
Result: ['tests_pass']
Checking transformation create_functions
*Running tests for: sample_692
 
Result: ['tests_pass']
Checking transformation add_decorator
*Running tests for: sample_692
 
Result: ['tests_pass']
Checking transformation add_http
*Running tests for: sample_692
 
Result: ['tests_pass']
Checking transformation add_scipy
*Running tests for: sample_692
 
Result: ['tests_pass']
Checking transformation add_base64
*Running tests for: sample_692
 
Result: ['tests_pass']
Checking transformation add_dateutil
*Running tests for: sample_692
 
Result: ['tests_pass']
The file 'reasoning_transformation_cruxeval/CRUXEval/e1f735e05ec0002c7d6ed7d62be776995bf4ddf4/Transformation/sample_692.py' has been formatted successfully.
Checking reasoning_transformation_cruxeval/CRUXEval/e1f735e05ec0002c7d6ed7d62be776995bf4ddf4/Transformation/sample_692.py
*Running tests for: sample_692
 
Result: ['tests_pass']
{ 'applicable_rules': [ 'change_var_names',
                        'add_nested_for_out',
                        'add_nested_if',
                        'add_try_except_inside_functions',
                        'add_else_to_for',
                        'add_nested_list',
                        'transform_range_to_recursion',
                        'add_datetime',
                        'add_time',
                        'add_crypto',
                        'add_sklearn',
                        'create_functions',
                        'add_decorator',
                        'add_http',
                        'add_scipy',
                        'add_base64',
                        'add_dateutil'],
  'diff_output': 'reasoning_transformation_cruxeval/CRUXEval/e1f735e05ec0002c7d6ed7d62be776995bf4ddf4/Transformation/sample_692.patch',
  'evaluation_tests_dir': '/home/yang/Benchmark/dataset/cruxeval/',
  'exception': None,
  'file_id': 'sample_692',
  'genetic_algorithm': None,
  'original_code': 'def f(array):\n'
                   '    a = []\n'
                   '    array.reverse()\n'
                   '    for i in range(len(array)):\n'
                   '        if array[i] != 0:\n'
                   '            a.append(array[i])\n'
                   '    a.reverse()\n'
                   '    return a',
  'patch_path': 'reasoning_transformation_cruxeval/CRUXEval/e1f735e05ec0002c7d6ed7d62be776995bf4ddf4/Transformation/sample_692.patch',
  'single_rule': None,
  'source_file': '/home/yang/Benchmark/dataset/cruxeval/code//sample_692.py',
  'target_file': 'reasoning_transformation_cruxeval/CRUXEval/e1f735e05ec0002c7d6ed7d62be776995bf4ddf4/Transformation/sample_692.py',
  'test_results_after': ['tests_pass'],
  'test_results_before': ['tests_pass'],
  'total_time': 6.524509,
  'transformed_code': 'from dateutil.parser import parse\n'
                      'import base64\n'
                      'from scipy.stats import ttest_ind\n'
                      'from http.client import HTTPConnection\n'
                      '\n'
                      'def my_decorator(func):\n'
                      '\n'
                      '    def dec_result(*args, **kwargs):\n'
                      '        res = func(*args, **kwargs)\n'
                      '        return res\n'
                      '    return dec_result\n'
                      '\n'
                      '@my_decorator\n'
                      'def newFunc_BinOp0(a, b):\n'
                      "    HTTPConnection('google.com', port=80)\n"
                      '    return a // b\n'
                      'from sklearn.utils import shuffle\n'
                      'from cryptography.fernet import Fernet\n'
                      'import time\n'
                      'import datetime\n'
                      '\n'
                      'def f(array):\n'
                      "    base64.b64encode(b'40571482726339249245')\n"
                      "    parse('2024-10-19 22:58:52')\n"
                      '    Fernet.generate_key()\n'
                      '    ttest_ind([48, 69, 70], [77, 83, 71])\n'
                      '    shuffle([3, 19, 29])\n'
                      '    time.sleep(0.22)\n'
                      '    datetime.datetime.now()\n'
                      '    try:\n'
                      '        newa_1 = [[]][0]\n'
                      '        array.reverse()\n'
                      '        LoopChecker14 = 120\n'
                      '        LoopChecker24 = 119\n'
                      '        ConditionChecker18 = 264\n'
                      '        ConditionChecker28 = 911\n'
                      '        for LoopIndexOut in '
                      'range(newFunc_BinOp0(LoopChecker14, LoopChecker24)):\n'
                      '\n'
                      '            def loop_10_12(i, stop, step):\n'
                      '                if step == 0 or (step > 0 and i >= '
                      'stop) or (step < 0 and i <= stop):\n'
                      '                    return\n'
                      '                if ConditionChecker18 & '
                      'ConditionChecker28:\n'
                      '                    if array[i] != 0:\n'
                      '                        newa_1.append(array[i])\n'
                      '                loop_10_12(i + step, stop, step)\n'
                      '            loop_10_12(0, len(array), 1)\n'
                      '        else:\n'
                      '            pass\n'
                      '        newa_1.reverse()\n'
                      '        return newa_1\n'
                      '    except:\n'
                      '        pass'}
[END] processing file: sample_692. Total Time: 6.524509
END AT 2024-10-19 22:58:54.747851
