STARTING AT 2024-10-19 22:36:28.437482
[START] processing file: sample_471
*Running tests for: sample_471
 
Result: ['tests_pass']
tests_pass sample_471 /home/yang/Benchmark/dataset/cruxeval/code//sample_471.py
Apply all rules on a single file.
Checking transformation add_nested_if
*Running tests for: sample_471
 
Result: ['tests_pass']
Checking transformation add_nested_list
*Running tests for: sample_471
 
Result: ['tests_pass']
Checking transformation add_datetime
*Running tests for: sample_471
 
Result: ['tests_pass']
Checking transformation add_time
*Running tests for: sample_471
 
Result: ['tests_pass']
Checking transformation create_functions
*Running tests for: sample_471
 
Result: ['tests_pass']
Checking transformation add_decorator
*Running tests for: sample_471
 
Result: ['tests_pass']
Checking transformation add_http
*Running tests for: sample_471
 
Result: ['tests_pass']
Checking transformation add_scipy
*Running tests for: sample_471
 
Result: ['tests_pass']
Checking transformation add_base64
*Running tests for: sample_471
 
Result: ['tests_pass']
Checking transformation add_dateutil
*Running tests for: sample_471
 
Result: ['tests_pass']
The file 'reasoning_transformation_cruxeval/CRUXEval/e1f735e05ec0002c7d6ed7d62be776995bf4ddf4/Transformation/sample_471.py' has been formatted successfully.
Checking reasoning_transformation_cruxeval/CRUXEval/e1f735e05ec0002c7d6ed7d62be776995bf4ddf4/Transformation/sample_471.py
*Running tests for: sample_471
 
Result: ['tests_pass']
{ 'applicable_rules': [ 'change_var_names',
                        'add_nested_if',
                        'add_try_except_inside_functions',
                        'add_nested_list',
                        'add_datetime',
                        'add_time',
                        'add_crypto',
                        'add_sklearn',
                        'create_functions',
                        'add_decorator',
                        'add_http',
                        'add_scipy',
                        'add_base64',
                        'add_dateutil'],
  'diff_output': 'reasoning_transformation_cruxeval/CRUXEval/e1f735e05ec0002c7d6ed7d62be776995bf4ddf4/Transformation/sample_471.patch',
  'evaluation_tests_dir': '/home/yang/Benchmark/dataset/cruxeval/',
  'exception': None,
  'file_id': 'sample_471',
  'genetic_algorithm': None,
  'original_code': 'def f(val, text):\n'
                   '    indices = [index for index in range(len(text)) if '
                   'text[index] == val]\n'
                   '    if len(indices) == 0:\n'
                   '        return -1\n'
                   '    else:\n'
                   '        return indices[0]',
  'patch_path': 'reasoning_transformation_cruxeval/CRUXEval/e1f735e05ec0002c7d6ed7d62be776995bf4ddf4/Transformation/sample_471.patch',
  'single_rule': None,
  'source_file': '/home/yang/Benchmark/dataset/cruxeval/code//sample_471.py',
  'target_file': 'reasoning_transformation_cruxeval/CRUXEval/e1f735e05ec0002c7d6ed7d62be776995bf4ddf4/Transformation/sample_471.py',
  'test_results_after': ['tests_pass'],
  'test_results_before': ['tests_pass'],
  'total_time': 6.466346,
  'transformed_code': 'from dateutil.parser import parse\n'
                      'import base64\n'
                      'from scipy.stats import ttest_ind\n'
                      'from http.client import HTTPConnection\n'
                      '\n'
                      'def my_decorator(func):\n'
                      '\n'
                      '    def dec_result(*args, **kwargs):\n'
                      '        res = func(*args, **kwargs)\n'
                      '        return res\n'
                      '    return dec_result\n'
                      '\n'
                      '@my_decorator\n'
                      'def newFunc_BinOp0(a, b):\n'
                      "    parse('2024-10-19 22:36:33')\n"
                      "    HTTPConnection('google.com', port=80)\n"
                      "    base64.b64encode(b'11739932342328016557')\n"
                      '    return a & b\n'
                      'from sklearn.utils import shuffle\n'
                      'from cryptography.fernet import Fernet\n'
                      'import time\n'
                      'import datetime\n'
                      '\n'
                      'def f(val, text):\n'
                      '    datetime.datetime.now()\n'
                      '    Fernet.generate_key()\n'
                      '    shuffle([19, 81, 85])\n'
                      '    time.sleep(0.26)\n'
                      '    ttest_ind([11, 94, 57], [72, 65, 12])\n'
                      '    try:\n'
                      '        ConditionChecker13 = [972][0]\n'
                      '        ConditionChecker23 = 622\n'
                      '        indices = [newindex_1 for newindex_1 in '
                      'range(len(text)) if text[newindex_1] == val]\n'
                      '        if newFunc_BinOp0(ConditionChecker13, '
                      'ConditionChecker23):\n'
                      '            if len(indices) == 0:\n'
                      '                return -1\n'
                      '            else:\n'
                      '                return indices[0]\n'
                      '    except:\n'
                      '        pass'}
[END] processing file: sample_471. Total Time: 6.466346
END AT 2024-10-19 22:36:34.905956
