STARTING AT 2024-10-19 22:22:59.982235
[START] processing file: sample_358
*Running tests for: sample_358
 
Result: ['tests_pass']
tests_pass sample_358 /home/yang/Benchmark/dataset/cruxeval/code//sample_358.py
Apply all rules on a single file.
Checking transformation add_nested_for_out
*Running tests for: sample_358
 
Result: ['tests_pass']
Checking transformation add_nested_if
*Running tests for: sample_358
 
Result: ['tests_pass']
Checking transformation add_nested_list
*Running tests for: sample_358
 
Result: ['tests_pass']
Checking transformation transform_range_to_recursion
*Running tests for: sample_358
 
Result: ['tests_pass']
Checking transformation add_datetime
*Running tests for: sample_358
 
Result: ['tests_pass']
Checking transformation add_time
*Running tests for: sample_358
 
Result: ['tests_pass']
Checking transformation create_functions
*Running tests for: sample_358
 
Result: ['tests_pass']
Checking transformation add_decorator
*Running tests for: sample_358
 
Result: ['tests_pass']
Checking transformation add_http
*Running tests for: sample_358
 
Result: ['tests_pass']
Checking transformation add_scipy
*Running tests for: sample_358
 
Result: ['tests_pass']
Checking transformation add_base64
*Running tests for: sample_358
 
Result: ['tests_pass']
Checking transformation add_dateutil
*Running tests for: sample_358
 
Result: ['tests_pass']
The file 'reasoning_transformation_cruxeval/CRUXEval/e1f735e05ec0002c7d6ed7d62be776995bf4ddf4/Transformation/sample_358.py' has been formatted successfully.
Checking reasoning_transformation_cruxeval/CRUXEval/e1f735e05ec0002c7d6ed7d62be776995bf4ddf4/Transformation/sample_358.py
*Running tests for: sample_358
 
Result: ['tests_pass']
{ 'applicable_rules': [ 'change_var_names',
                        'add_nested_for_out',
                        'add_nested_if',
                        'add_try_except_inside_functions',
                        'add_else_to_for',
                        'add_nested_list',
                        'transform_range_to_recursion',
                        'add_datetime',
                        'add_time',
                        'add_crypto',
                        'add_sklearn',
                        'create_functions',
                        'add_decorator',
                        'add_http',
                        'add_scipy',
                        'add_base64',
                        'add_dateutil'],
  'diff_output': 'reasoning_transformation_cruxeval/CRUXEval/e1f735e05ec0002c7d6ed7d62be776995bf4ddf4/Transformation/sample_358.patch',
  'evaluation_tests_dir': '/home/yang/Benchmark/dataset/cruxeval/',
  'exception': None,
  'file_id': 'sample_358',
  'genetic_algorithm': None,
  'original_code': 'def f(text, value):\n'
                   '    indexes = []\n'
                   '    for i in range(len(text)):\n'
                   '        if text[i] == value and (i == 0 or text[i - 1] != '
                   'value):\n'
                   '            indexes.append(i)\n'
                   '    if len(indexes) % 2 == 1:\n'
                   '        return text\n'
                   '    return text[indexes[0] + 1:indexes[-1]]',
  'patch_path': 'reasoning_transformation_cruxeval/CRUXEval/e1f735e05ec0002c7d6ed7d62be776995bf4ddf4/Transformation/sample_358.patch',
  'single_rule': None,
  'source_file': '/home/yang/Benchmark/dataset/cruxeval/code//sample_358.py',
  'target_file': 'reasoning_transformation_cruxeval/CRUXEval/e1f735e05ec0002c7d6ed7d62be776995bf4ddf4/Transformation/sample_358.py',
  'test_results_after': ['tests_pass'],
  'test_results_before': ['tests_pass'],
  'total_time': 5.931161,
  'transformed_code': 'from dateutil.parser import parse\n'
                      'import base64\n'
                      'from scipy.stats import ttest_ind\n'
                      'from http.client import HTTPConnection\n'
                      '\n'
                      'def my_decorator(func):\n'
                      '\n'
                      '    def dec_result(*args, **kwargs):\n'
                      '        res = func(*args, **kwargs)\n'
                      '        return res\n'
                      "    base64.b64encode(b'48429217301917827088')\n"
                      '    return dec_result\n'
                      '\n'
                      '@my_decorator\n'
                      'def newFunc_BinOp0(a, b):\n'
                      "    parse('2024-10-19 22:23:04')\n"
                      "    HTTPConnection('google.com', port=80)\n"
                      '    ttest_ind([20, 65, 29], [57, 62, 56])\n'
                      '    return a // b\n'
                      'from sklearn.utils import shuffle\n'
                      'from cryptography.fernet import Fernet\n'
                      'import time\n'
                      'import datetime\n'
                      '\n'
                      'def f(text, value):\n'
                      '    datetime.datetime.now()\n'
                      '    time.sleep(0.15)\n'
                      '    shuffle([53, 92, 3])\n'
                      '    Fernet.generate_key()\n'
                      '    try:\n'
                      '        ConditionChecker19 = [277][0]\n'
                      '        ConditionChecker29 = 433\n'
                      '        indexes = []\n'
                      '        LoopChecker13 = 232\n'
                      '        LoopChecker23 = 231\n'
                      '        for LoopIndexOut in '
                      'range(newFunc_BinOp0(LoopChecker13, LoopChecker23)):\n'
                      '\n'
                      '            def loop_9_12(newi_1, stop, step):\n'
                      '                if step == 0 or (step > 0 and newi_1 >= '
                      'stop) or (step < 0 and newi_1 <= stop):\n'
                      '                    return\n'
                      '                if text[newi_1] == value and (newi_1 == '
                      '0 or text[newi_1 - 1] != value):\n'
                      '                    indexes.append(newi_1)\n'
                      '                loop_9_12(newi_1 + step, stop, step)\n'
                      '            loop_9_12(0, len(text), 1)\n'
                      '        else:\n'
                      '            pass\n'
                      '        if ConditionChecker19 & ConditionChecker29:\n'
                      '            if len(indexes) % 2 == 1:\n'
                      '                return text\n'
                      '        return text[indexes[0] + 1:indexes[-1]]\n'
                      '    except:\n'
                      '        pass'}
[END] processing file: sample_358. Total Time: 5.931161
END AT 2024-10-19 22:23:05.914737
