STARTING AT 2024-10-19 22:35:29.207486
[START] processing file: sample_463
*Running tests for: sample_463
 
Result: ['tests_pass']
tests_pass sample_463 /home/yang/Benchmark/dataset/cruxeval/code//sample_463.py
Apply all rules on a single file.
Checking transformation add_nested_for_out
*Running tests for: sample_463
 
Result: ['tests_pass']
Checking transformation add_nested_if
*Running tests for: sample_463
 Traceback (most recent call last):
  File "/home/yang/Benchmark/.tmp_test/tmp_test.pysample_463", line 14, in <module>
    assert f({-1: -1, 5: 5, 3: 6, -4: -4}) == {3: 6}
AssertionError

output_actual, stderr_data: ('', b'Traceback (most recent call last):\n  File "/home/yang/Benchmark/.tmp_test/tmp_test.pysample_463", line 14, in <module>\n    assert f({-1: -1, 5: 5, 3: 6, -4: -4}) == {3: 6}\nAssertionError\n')
Result: ['error_or_timeout']
Drop add_nested_if due to ['error_or_timeout']
Checking transformation add_nested_list
*Running tests for: sample_463
 
Result: ['tests_pass']
Checking transformation transform_range_to_recursion
*Running tests for: sample_463
 
Result: ['tests_pass']
Checking transformation add_datetime
*Running tests for: sample_463
 
Result: ['tests_pass']
Checking transformation add_time
*Running tests for: sample_463
 
Result: ['tests_pass']
Checking transformation create_functions
*Running tests for: sample_463
 
Result: ['tests_pass']
Checking transformation add_decorator
*Running tests for: sample_463
 
Result: ['tests_pass']
Checking transformation add_http
*Running tests for: sample_463
 
Result: ['tests_pass']
Checking transformation add_scipy
*Running tests for: sample_463
 
Result: ['tests_pass']
Checking transformation add_base64
*Running tests for: sample_463
 
Result: ['tests_pass']
Checking transformation add_dateutil
*Running tests for: sample_463
 
Result: ['tests_pass']
The file 'reasoning_transformation_cruxeval/CRUXEval/e1f735e05ec0002c7d6ed7d62be776995bf4ddf4/Transformation/sample_463.py' has been formatted successfully.
Checking reasoning_transformation_cruxeval/CRUXEval/e1f735e05ec0002c7d6ed7d62be776995bf4ddf4/Transformation/sample_463.py
*Running tests for: sample_463
 
Result: ['tests_pass']
{ 'applicable_rules': [ 'change_var_names',
                        'add_nested_for_out',
                        'add_try_except_inside_functions',
                        'add_else_to_for',
                        'add_nested_list',
                        'transform_range_to_recursion',
                        'add_datetime',
                        'add_time',
                        'add_crypto',
                        'add_sklearn',
                        'create_functions',
                        'add_decorator',
                        'add_http',
                        'add_scipy',
                        'add_base64',
                        'add_dateutil'],
  'diff_output': 'reasoning_transformation_cruxeval/CRUXEval/e1f735e05ec0002c7d6ed7d62be776995bf4ddf4/Transformation/sample_463.patch',
  'evaluation_tests_dir': '/home/yang/Benchmark/dataset/cruxeval/',
  'exception': None,
  'file_id': 'sample_463',
  'genetic_algorithm': None,
  'original_code': 'def f(dict):\n'
                   '    result = dict.copy()\n'
                   '    remove_keys = []\n'
                   '    for (k, v) in dict.items():\n'
                   '        if v in dict:\n'
                   '            del result[k]\n'
                   '    return result',
  'patch_path': 'reasoning_transformation_cruxeval/CRUXEval/e1f735e05ec0002c7d6ed7d62be776995bf4ddf4/Transformation/sample_463.patch',
  'single_rule': None,
  'source_file': '/home/yang/Benchmark/dataset/cruxeval/code//sample_463.py',
  'target_file': 'reasoning_transformation_cruxeval/CRUXEval/e1f735e05ec0002c7d6ed7d62be776995bf4ddf4/Transformation/sample_463.py',
  'test_results_after': ['tests_pass'],
  'test_results_before': ['tests_pass'],
  'total_time': 4.63859,
  'transformed_code': 'from dateutil.parser import parse\n'
                      'import base64\n'
                      'from scipy.stats import ttest_ind\n'
                      'from http.client import HTTPConnection\n'
                      '\n'
                      'def my_decorator(func):\n'
                      "    parse('2024-10-19 22:35:32')\n"
                      '    ttest_ind([69, 52, 94], [48, 52, 60])\n'
                      '\n'
                      '    def dec_result(*args, **kwargs):\n'
                      '        res = func(*args, **kwargs)\n'
                      '        return res\n'
                      '    return dec_result\n'
                      '\n'
                      '@my_decorator\n'
                      'def newFunc_BinOp0(a, b):\n'
                      "    base64.b64encode(b'89078083972602827871')\n"
                      '    return a + b\n'
                      'from sklearn.utils import shuffle\n'
                      'from cryptography.fernet import Fernet\n'
                      'import time\n'
                      'import datetime\n'
                      '\n'
                      'def f(dict):\n'
                      "    HTTPConnection('google.com', port=80)\n"
                      '    time.sleep(0.02)\n'
                      '    Fernet.generate_key()\n'
                      '    shuffle([30, 59, 27])\n'
                      '    datetime.datetime.now()\n'
                      '    try:\n'
                      '        result = dict.copy()\n'
                      '        remove_keys = [[]][0]\n'
                      '        LoopChecker14 = 553\n'
                      '        LoopChecker24 = 552\n'
                      '\n'
                      '        def loop_7_8(LoopIndexOut, stop, step):\n'
                      '            if step == 0 or (step > 0 and LoopIndexOut '
                      '>= stop) or (step < 0 and LoopIndexOut <= stop):\n'
                      '                return\n'
                      '            for (newk_1, v) in dict.items():\n'
                      '                if v in dict:\n'
                      '                    del result[newk_1]\n'
                      '            loop_7_8(newFunc_BinOp0(LoopIndexOut, '
                      'step), stop, step)\n'
                      '        loop_7_8(0, LoopChecker14 // LoopChecker24, 1)\n'
                      '        return result\n'
                      '    except:\n'
                      '        pass'}
[END] processing file: sample_463. Total Time: 4.63859
END AT 2024-10-19 22:35:33.847701
