STARTING AT 2024-10-19 22:53:41.695552
[START] processing file: sample_64
*Running tests for: sample_64
 
Result: ['tests_pass']
tests_pass sample_64 /home/yang/Benchmark/dataset/cruxeval/code//sample_64.py
Apply all rules on a single file.
Checking transformation add_nested_for_out
*Running tests for: sample_64
 
Result: ['tests_pass']
Checking transformation add_nested_if
*Running tests for: sample_64
 
Result: ['tests_pass']
Checking transformation add_nested_list
*Running tests for: sample_64
 
Result: ['tests_pass']
Checking transformation transform_range_to_recursion
*Running tests for: sample_64
 Traceback (most recent call last):
  File "/home/yang/Benchmark/.tmp_test/tmp_test.pysample_64", line 25, in <module>
    assert f("7", 10) == '     7     '
AssertionError

output_actual, stderr_data: ('', b'Traceback (most recent call last):\n  File "/home/yang/Benchmark/.tmp_test/tmp_test.pysample_64", line 25, in <module>\n    assert f("7", 10) == \'     7     \'\nAssertionError\n')
Result: ['error_or_timeout']
Drop transform_range_to_recursion due to ['error_or_timeout']
Checking transformation add_datetime
*Running tests for: sample_64
 
Result: ['tests_pass']
Checking transformation add_time
*Running tests for: sample_64
 
Result: ['tests_pass']
Checking transformation create_functions
*Running tests for: sample_64
 
Result: ['tests_pass']
Checking transformation add_decorator
*Running tests for: sample_64
 
Result: ['tests_pass']
Checking transformation add_http
*Running tests for: sample_64
 
Result: ['tests_pass']
Checking transformation add_scipy
*Running tests for: sample_64
 
Result: ['tests_pass']
Checking transformation add_base64
*Running tests for: sample_64
 
Result: ['tests_pass']
Checking transformation add_dateutil
*Running tests for: sample_64
 
Result: ['tests_pass']
The file 'reasoning_transformation_cruxeval/CRUXEval/e1f735e05ec0002c7d6ed7d62be776995bf4ddf4/Transformation/sample_64.py' has been formatted successfully.
Checking reasoning_transformation_cruxeval/CRUXEval/e1f735e05ec0002c7d6ed7d62be776995bf4ddf4/Transformation/sample_64.py
*Running tests for: sample_64
 
Result: ['tests_pass']
{ 'applicable_rules': [ 'change_var_names',
                        'add_nested_for_out',
                        'add_nested_if',
                        'add_try_except_inside_functions',
                        'add_else_to_for',
                        'add_nested_list',
                        'add_datetime',
                        'add_time',
                        'add_crypto',
                        'add_sklearn',
                        'create_functions',
                        'add_decorator',
                        'add_http',
                        'add_scipy',
                        'add_base64',
                        'add_dateutil',
                        'changing_AugAssign'],
  'diff_output': 'reasoning_transformation_cruxeval/CRUXEval/e1f735e05ec0002c7d6ed7d62be776995bf4ddf4/Transformation/sample_64.patch',
  'evaluation_tests_dir': '/home/yang/Benchmark/dataset/cruxeval/',
  'exception': None,
  'file_id': 'sample_64',
  'genetic_algorithm': None,
  'original_code': 'def f(text, size):\n'
                   '    counter = len(text)\n'
                   '    for i in range(size - int(size % 2)):\n'
                   "        text = ' ' + text + ' '\n"
                   '        counter += 2\n'
                   '        if counter >= size:\n'
                   '            return text',
  'patch_path': 'reasoning_transformation_cruxeval/CRUXEval/e1f735e05ec0002c7d6ed7d62be776995bf4ddf4/Transformation/sample_64.patch',
  'single_rule': None,
  'source_file': '/home/yang/Benchmark/dataset/cruxeval/code//sample_64.py',
  'target_file': 'reasoning_transformation_cruxeval/CRUXEval/e1f735e05ec0002c7d6ed7d62be776995bf4ddf4/Transformation/sample_64.py',
  'test_results_after': ['tests_pass'],
  'test_results_before': ['tests_pass'],
  'total_time': 6.146724,
  'transformed_code': 'from dateutil.parser import parse\n'
                      'import base64\n'
                      'from scipy.stats import ttest_ind\n'
                      'from http.client import HTTPConnection\n'
                      '\n'
                      'def my_decorator(func):\n'
                      '\n'
                      '    def dec_result(*args, **kwargs):\n'
                      '        res = func(*args, **kwargs)\n'
                      '        return res\n'
                      '    ttest_ind([55, 98, 43], [12, 2, 59])\n'
                      '    return dec_result\n'
                      '\n'
                      '@my_decorator\n'
                      'def newFunc0_19(variable_3_19, variable_4_19, text):\n'
                      "    base64.b64encode(b'18003001121218306637')\n"
                      '    return variable_4_19 + text + variable_3_19\n'
                      'from sklearn.utils import shuffle\n'
                      'from cryptography.fernet import Fernet\n'
                      'import time\n'
                      'import datetime\n'
                      '\n'
                      'def f(text, size):\n'
                      '    Fernet.generate_key()\n'
                      '    datetime.datetime.now()\n'
                      "    parse('2024-10-19 22:53:46')\n"
                      '    shuffle([91, 69, 54])\n'
                      "    HTTPConnection('google.com', port=80)\n"
                      '    time.sleep(0.16)\n'
                      '    try:\n'
                      '        newcounter_1 = len(text)\n'
                      '        LoopChecker13 = [216][0]\n'
                      '        LoopChecker23 = 215\n'
                      '        ConditionChecker19 = 180\n'
                      '        ConditionChecker29 = 255\n'
                      '        for LoopIndexOut in range(LoopChecker13 // '
                      'LoopChecker23):\n'
                      '            for i in range(size - int(size % 2)):\n'
                      "                variable_3_19 = ' '\n"
                      "                variable_4_19 = ' '\n"
                      '                text = newFunc0_19(variable_3_19, '
                      'variable_4_19, text)\n'
                      '                newcounter_1 = newcounter_1 + 2\n'
                      '                if ConditionChecker19 & '
                      'ConditionChecker29:\n'
                      '                    if newcounter_1 >= size:\n'
                      '                        return text\n'
                      '        else:\n'
                      '            pass\n'
                      '    except:\n'
                      '        pass'}
[END] processing file: sample_64. Total Time: 6.146724
END AT 2024-10-19 22:53:47.843746
