STARTING AT 2024-10-19 23:06:56.143575
[START] processing file: sample_77
*Running tests for: sample_77
 
Result: ['tests_pass']
tests_pass sample_77 /home/yang/Benchmark/dataset/cruxeval/code//sample_77.py
Apply all rules on a single file.
Checking transformation add_datetime
*Running tests for: sample_77
 
Result: ['tests_pass']
Checking transformation add_time
*Running tests for: sample_77
 
Result: ['tests_pass']
def newFunc_98749(arg0, arg1):
    return arg0 * arg1
Checking transformation create_functions
*Running tests for: sample_77
 
Result: ['tests_pass']
Checking transformation add_decorator
*Running tests for: sample_77
 
Result: ['tests_pass']
Checking transformation add_http
*Running tests for: sample_77
 
Result: ['tests_pass']
Checking transformation add_scipy
*Running tests for: sample_77
 
Result: ['tests_pass']
Checking transformation add_base64
*Running tests for: sample_77
 
Result: ['tests_pass']
Checking transformation add_dateutil
*Running tests for: sample_77
 
Result: ['tests_pass']
The file 'reasoning_transformation_cruxeval/CRUXEval/e1f735e05ec0002c7d6ed7d62be776995bf4ddf4/Transformation/sample_77.py' has been formatted successfully.
Checking reasoning_transformation_cruxeval/CRUXEval/e1f735e05ec0002c7d6ed7d62be776995bf4ddf4/Transformation/sample_77.py
*Running tests for: sample_77
 
Result: ['tests_pass']
{ 'applicable_rules': [ 'change_var_names',
                        'add_try_except_inside_functions',
                        'add_datetime',
                        'add_time',
                        'add_crypto',
                        'add_sklearn',
                        'create_functions',
                        'add_decorator',
                        'add_http',
                        'add_scipy',
                        'add_base64',
                        'add_dateutil'],
  'diff_output': 'reasoning_transformation_cruxeval/CRUXEval/e1f735e05ec0002c7d6ed7d62be776995bf4ddf4/Transformation/sample_77.patch',
  'evaluation_tests_dir': '/home/yang/Benchmark/dataset/cruxeval/',
  'exception': None,
  'file_id': 'sample_77',
  'genetic_algorithm': None,
  'original_code': 'def f(text, character):\n'
                   '    subject = text[text.rfind(character):]\n'
                   '    return subject * text.count(character)',
  'patch_path': 'reasoning_transformation_cruxeval/CRUXEval/e1f735e05ec0002c7d6ed7d62be776995bf4ddf4/Transformation/sample_77.patch',
  'single_rule': None,
  'source_file': '/home/yang/Benchmark/dataset/cruxeval/code//sample_77.py',
  'target_file': 'reasoning_transformation_cruxeval/CRUXEval/e1f735e05ec0002c7d6ed7d62be776995bf4ddf4/Transformation/sample_77.py',
  'test_results_after': ['tests_pass'],
  'test_results_before': ['tests_pass'],
  'total_time': 5.407459,
  'transformed_code': 'from dateutil.parser import parse\n'
                      'import base64\n'
                      'from scipy.stats import ttest_ind\n'
                      'from http.client import HTTPConnection\n'
                      '\n'
                      'def my_decorator(func):\n'
                      "    HTTPConnection('google.com', port=80)\n"
                      '\n'
                      '    def dec_result(*args, **kwargs):\n'
                      '        res = func(*args, **kwargs)\n'
                      '        return res\n'
                      '    ttest_ind([85, 29, 18], [47, 11, 79])\n'
                      '    return dec_result\n'
                      '\n'
                      '@my_decorator\n'
                      'def newFunc_98749(arg0, arg1):\n'
                      '    return arg0 * arg1\n'
                      'from sklearn.utils import shuffle\n'
                      'from cryptography.fernet import Fernet\n'
                      'import time\n'
                      'import datetime\n'
                      '\n'
                      'def f(text, character):\n'
                      '    datetime.datetime.now()\n'
                      '    Fernet.generate_key()\n'
                      '    shuffle([51, 23, 5])\n'
                      "    parse('2024-10-19 23:07:00')\n"
                      '    time.sleep(0.12)\n'
                      "    base64.b64encode(b'55776834966967022521')\n"
                      '    try:\n'
                      '        newsubject_1 = text[text.rfind(character):]\n'
                      '        return newFunc_98749(newsubject_1, '
                      'text.count(character))\n'
                      '    except:\n'
                      '        pass'}
[END] processing file: sample_77. Total Time: 5.407459
END AT 2024-10-19 23:07:01.553084
