STARTING AT 2024-10-19 22:29:31.118727
[START] processing file: sample_412
*Running tests for: sample_412
 
Result: ['tests_pass']
tests_pass sample_412 /home/yang/Benchmark/dataset/cruxeval/code//sample_412.py
Apply all rules on a single file.
Checking transformation add_nested_if
*Running tests for: sample_412
 
Result: ['tests_pass']
Checking transformation add_nested_list
*Running tests for: sample_412
 
Result: ['tests_pass']
Checking transformation add_datetime
*Running tests for: sample_412
 
Result: ['tests_pass']
Checking transformation add_time
*Running tests for: sample_412
 
Result: ['tests_pass']
Checking transformation create_functions
*Running tests for: sample_412
 
Result: ['tests_pass']
Checking transformation add_decorator
*Running tests for: sample_412
 
Result: ['tests_pass']
Checking transformation add_http
*Running tests for: sample_412
 
Result: ['tests_pass']
Checking transformation add_scipy
*Running tests for: sample_412
 
Result: ['tests_pass']
Checking transformation add_base64
*Running tests for: sample_412
 
Result: ['tests_pass']
Checking transformation add_dateutil
*Running tests for: sample_412
 
Result: ['tests_pass']
The file 'reasoning_transformation_cruxeval/CRUXEval/e1f735e05ec0002c7d6ed7d62be776995bf4ddf4/Transformation/sample_412.py' has been formatted successfully.
Checking reasoning_transformation_cruxeval/CRUXEval/e1f735e05ec0002c7d6ed7d62be776995bf4ddf4/Transformation/sample_412.py
*Running tests for: sample_412
 
Result: ['tests_pass']
{ 'applicable_rules': [ 'change_var_names',
                        'add_nested_if',
                        'add_try_except_inside_functions',
                        'add_nested_list',
                        'add_datetime',
                        'add_time',
                        'add_crypto',
                        'add_sklearn',
                        'create_functions',
                        'add_decorator',
                        'add_http',
                        'add_scipy',
                        'add_base64',
                        'add_dateutil'],
  'diff_output': 'reasoning_transformation_cruxeval/CRUXEval/e1f735e05ec0002c7d6ed7d62be776995bf4ddf4/Transformation/sample_412.patch',
  'evaluation_tests_dir': '/home/yang/Benchmark/dataset/cruxeval/',
  'exception': None,
  'file_id': 'sample_412',
  'genetic_algorithm': None,
  'original_code': 'def f(start, end, interval):\n'
                   '    steps = list(range(start, end + 1, interval))\n'
                   '    if 1 in steps:\n'
                   '        steps[-1] = end + 1\n'
                   '    return len(steps)',
  'patch_path': 'reasoning_transformation_cruxeval/CRUXEval/e1f735e05ec0002c7d6ed7d62be776995bf4ddf4/Transformation/sample_412.patch',
  'single_rule': None,
  'source_file': '/home/yang/Benchmark/dataset/cruxeval/code//sample_412.py',
  'target_file': 'reasoning_transformation_cruxeval/CRUXEval/e1f735e05ec0002c7d6ed7d62be776995bf4ddf4/Transformation/sample_412.py',
  'test_results_after': ['tests_pass'],
  'test_results_before': ['tests_pass'],
  'total_time': 5.181162,
  'transformed_code': 'from dateutil.parser import parse\n'
                      'import base64\n'
                      'from scipy.stats import ttest_ind\n'
                      'from http.client import HTTPConnection\n'
                      '\n'
                      'def my_decorator(func):\n'
                      '\n'
                      '    def dec_result(*args, **kwargs):\n'
                      '        res = func(*args, **kwargs)\n'
                      '        return res\n'
                      '    return dec_result\n'
                      '\n'
                      '@my_decorator\n'
                      'def newFunc0_17(variable_3_17, end):\n'
                      "    parse('2024-10-19 22:29:34')\n"
                      '    return end + variable_3_17\n'
                      'from sklearn.utils import shuffle\n'
                      'from cryptography.fernet import Fernet\n'
                      'import time\n'
                      'import datetime\n'
                      '\n'
                      'def f(start, end, interval):\n'
                      '    datetime.datetime.now()\n'
                      '    Fernet.generate_key()\n'
                      '    time.sleep(0.07)\n'
                      '    ttest_ind([2, 16, 30], [14, 88, 61])\n'
                      "    base64.b64encode(b'62558577805598177185')\n"
                      "    HTTPConnection('google.com', port=80)\n"
                      '    shuffle([65, 48, 11])\n'
                      '    try:\n'
                      '        ConditionChecker13 = [945][0]\n'
                      '        ConditionChecker23 = 65\n'
                      '        newsteps_1 = list(range(start, end + 1, '
                      'interval))\n'
                      '        if ConditionChecker13 & ConditionChecker23:\n'
                      '            if 1 in newsteps_1:\n'
                      '                variable_3_17 = 1\n'
                      '                newsteps_1[-1] = '
                      'newFunc0_17(variable_3_17, end)\n'
                      '        return len(newsteps_1)\n'
                      '    except:\n'
                      '        pass'}
[END] processing file: sample_412. Total Time: 5.181162
END AT 2024-10-19 22:29:36.302166
