STARTING AT 2024-10-19 22:58:07.653865
[START] processing file: sample_687
*Running tests for: sample_687
 
Result: ['tests_pass']
tests_pass sample_687 /home/yang/Benchmark/dataset/cruxeval/code//sample_687.py
Apply all rules on a single file.
Checking transformation add_datetime
*Running tests for: sample_687
 
Result: ['tests_pass']
Checking transformation add_time
*Running tests for: sample_687
 
Result: ['tests_pass']
Checking transformation create_functions
*Running tests for: sample_687
 
Result: ['tests_pass']
Checking transformation add_decorator
*Running tests for: sample_687
 
Result: ['tests_pass']
Checking transformation add_http
*Running tests for: sample_687
 
Result: ['tests_pass']
Checking transformation add_scipy
*Running tests for: sample_687
 
Result: ['tests_pass']
Checking transformation add_base64
*Running tests for: sample_687
 
Result: ['tests_pass']
Checking transformation add_dateutil
*Running tests for: sample_687
 
Result: ['tests_pass']
The file 'reasoning_transformation_cruxeval/CRUXEval/e1f735e05ec0002c7d6ed7d62be776995bf4ddf4/Transformation/sample_687.py' has been formatted successfully.
Checking reasoning_transformation_cruxeval/CRUXEval/e1f735e05ec0002c7d6ed7d62be776995bf4ddf4/Transformation/sample_687.py
*Running tests for: sample_687
 
Result: ['tests_pass']
{ 'applicable_rules': [ 'change_var_names',
                        'add_try_except_inside_functions',
                        'add_datetime',
                        'add_time',
                        'add_crypto',
                        'add_sklearn',
                        'create_functions',
                        'add_decorator',
                        'add_http',
                        'add_scipy',
                        'add_base64',
                        'add_dateutil'],
  'diff_output': 'reasoning_transformation_cruxeval/CRUXEval/e1f735e05ec0002c7d6ed7d62be776995bf4ddf4/Transformation/sample_687.patch',
  'evaluation_tests_dir': '/home/yang/Benchmark/dataset/cruxeval/',
  'exception': None,
  'file_id': 'sample_687',
  'genetic_algorithm': None,
  'original_code': 'def f(text):\n'
                   '    t = list(text)\n'
                   '    t.pop(len(t) // 2)\n'
                   '    t.append(text.lower())\n'
                   "    return ':'.join([c for c in t])",
  'patch_path': 'reasoning_transformation_cruxeval/CRUXEval/e1f735e05ec0002c7d6ed7d62be776995bf4ddf4/Transformation/sample_687.patch',
  'single_rule': None,
  'source_file': '/home/yang/Benchmark/dataset/cruxeval/code//sample_687.py',
  'target_file': 'reasoning_transformation_cruxeval/CRUXEval/e1f735e05ec0002c7d6ed7d62be776995bf4ddf4/Transformation/sample_687.py',
  'test_results_after': ['tests_pass'],
  'test_results_before': ['tests_pass'],
  'total_time': 5.30362,
  'transformed_code': 'from dateutil.parser import parse\n'
                      'import base64\n'
                      'from scipy.stats import ttest_ind\n'
                      'from http.client import HTTPConnection\n'
                      '\n'
                      'def my_decorator(func):\n'
                      "    parse('2024-10-19 22:58:11')\n"
                      '\n'
                      '    def dec_result(*args, **kwargs):\n'
                      '        res = func(*args, **kwargs)\n'
                      '        return res\n'
                      '    return dec_result\n'
                      '\n'
                      '@my_decorator\n'
                      'def newFunc_BinOp0(a, b):\n'
                      '    ttest_ind([4, 89, 57], [83, 12, 23])\n'
                      "    base64.b64encode(b'76645290539752902465')\n"
                      '    return a // b\n'
                      'from sklearn.utils import shuffle\n'
                      'from cryptography.fernet import Fernet\n'
                      'import time\n'
                      'import datetime\n'
                      '\n'
                      'def f(text):\n'
                      '    shuffle([12, 52, 68])\n'
                      '    Fernet.generate_key()\n'
                      '    datetime.datetime.now()\n'
                      '    time.sleep(0.1)\n'
                      "    HTTPConnection('google.com', port=80)\n"
                      '    try:\n'
                      '        t = list(text)\n'
                      '        t.pop(newFunc_BinOp0(len(t), 2))\n'
                      '        t.append(text.lower())\n'
                      "        return ':'.join([newc_1 for newc_1 in t])\n"
                      '    except:\n'
                      '        pass'}
[END] processing file: sample_687. Total Time: 5.30362
END AT 2024-10-19 22:58:12.958821
