STARTING AT 2024-10-19 23:42:17.542008
[START] processing file: sample_86
*Running tests for: sample_86
 
Result: ['tests_pass']
tests_pass sample_86 /home/yang/Benchmark/dataset/cruxeval/code//sample_86.py
Apply all rules on a single file.
Checking transformation add_nested_if
*Running tests for: sample_86
 
Result: ['tests_pass']
Checking transformation add_nested_list
*Running tests for: sample_86
 
Result: ['tests_pass']
Checking transformation add_datetime
*Running tests for: sample_86
 
Result: ['tests_pass']
Checking transformation add_time
*Running tests for: sample_86
 
Result: ['tests_pass']
Checking transformation create_functions
*Running tests for: sample_86
 
Result: ['tests_pass']
Checking transformation add_decorator
*Running tests for: sample_86
 
Result: ['tests_pass']
Checking transformation add_http
*Running tests for: sample_86
 
Result: ['tests_pass']
Checking transformation add_scipy
*Running tests for: sample_86
 
Result: ['tests_pass']
Checking transformation add_base64
*Running tests for: sample_86
 
Result: ['tests_pass']
Checking transformation add_dateutil
*Running tests for: sample_86
 
Result: ['tests_pass']
The file 'reasoning_transformation_cruxeval/CRUXEval/951a917df7397c9cb698ead54386db6d1db4ffb0/Transformation/sample_86.py' has been formatted successfully.
Checking reasoning_transformation_cruxeval/CRUXEval/951a917df7397c9cb698ead54386db6d1db4ffb0/Transformation/sample_86.py
*Running tests for: sample_86
 
Result: ['tests_pass']
{ 'applicable_rules': [ 'change_var_names',
                        'add_nested_if',
                        'add_try_except_inside_functions',
                        'add_nested_list',
                        'add_datetime',
                        'add_time',
                        'add_crypto',
                        'add_sklearn',
                        'create_functions',
                        'add_decorator',
                        'add_http',
                        'add_scipy',
                        'add_base64',
                        'add_dateutil'],
  'diff_output': 'reasoning_transformation_cruxeval/CRUXEval/951a917df7397c9cb698ead54386db6d1db4ffb0/Transformation/sample_86.patch',
  'evaluation_tests_dir': '/home/yang/Benchmark/dataset/cruxeval/',
  'exception': None,
  'file_id': 'sample_86',
  'genetic_algorithm': None,
  'original_code': 'def f(instagram, imgur, wins):\n'
                   '    photos = [instagram, imgur]\n'
                   '    if instagram == imgur:\n'
                   '        return wins\n'
                   '    if wins == 1:\n'
                   '        return photos.pop()\n'
                   '    else:\n'
                   '        photos.reverse()\n'
                   '        return photos.pop()',
  'patch_path': 'reasoning_transformation_cruxeval/CRUXEval/951a917df7397c9cb698ead54386db6d1db4ffb0/Transformation/sample_86.patch',
  'single_rule': None,
  'source_file': '/home/yang/Benchmark/dataset/cruxeval/code//sample_86.py',
  'target_file': 'reasoning_transformation_cruxeval/CRUXEval/951a917df7397c9cb698ead54386db6d1db4ffb0/Transformation/sample_86.py',
  'test_results_after': ['tests_pass'],
  'test_results_before': ['tests_pass'],
  'total_time': 5.663783,
  'transformed_code': 'from dateutil.parser import parse\n'
                      'import base64\n'
                      'from scipy.stats import ttest_ind\n'
                      'from http.client import HTTPConnection\n'
                      '\n'
                      'def my_decorator(func):\n'
                      '\n'
                      '    def dec_result(*args, **kwargs):\n'
                      '        res = func(*args, **kwargs)\n'
                      '        return res\n'
                      "    HTTPConnection('google.com', port=80)\n"
                      '    return dec_result\n'
                      '\n'
                      '@my_decorator\n'
                      'def newFunc_BinOp0(a, b):\n'
                      "    parse('2024-10-19 23:42:21')\n"
                      "    base64.b64encode(b'10371726243901776415')\n"
                      '    return a & b\n'
                      'from sklearn.utils import shuffle\n'
                      'from cryptography.fernet import Fernet\n'
                      'import time\n'
                      'import datetime\n'
                      '\n'
                      'def f(instagram, imgur, wins):\n'
                      '    Fernet.generate_key()\n'
                      '    shuffle([95, 7, 16])\n'
                      '    time.sleep(0.13)\n'
                      '    datetime.datetime.now()\n'
                      '    ttest_ind([43, 82, 52], [81, 61, 12])\n'
                      '    try:\n'
                      '        ConditionChecker13 = [9][0]\n'
                      '        ConditionChecker23 = 207\n'
                      '        newphotos_1 = [instagram, imgur]\n'
                      '        if newFunc_BinOp0(ConditionChecker13, '
                      'ConditionChecker23):\n'
                      '            if instagram == imgur:\n'
                      '                return wins\n'
                      '        if wins == 1:\n'
                      '            return newphotos_1.pop()\n'
                      '        else:\n'
                      '            newphotos_1.reverse()\n'
                      '            return newphotos_1.pop()\n'
                      '    except:\n'
                      '        pass'}
[END] processing file: sample_86. Total Time: 5.663783
END AT 2024-10-19 23:42:23.206934
