STARTING AT 2024-10-19 23:45:23.204297
[START] processing file: sample_78
*Running tests for: sample_78
 
Result: ['tests_pass']
tests_pass sample_78 /home/yang/Benchmark/dataset/cruxeval/code//sample_78.py
Apply all rules on a single file.
Checking transformation add_nested_if
*Running tests for: sample_78
 
Result: ['tests_pass']
Checking transformation add_nested_list
*Running tests for: sample_78
 
Result: ['tests_pass']
Checking transformation add_datetime
*Running tests for: sample_78
 
Result: ['tests_pass']
Checking transformation add_time
*Running tests for: sample_78
 
Result: ['tests_pass']
Checking transformation create_functions
*Running tests for: sample_78
 
Result: ['tests_pass']
Checking transformation add_decorator
*Running tests for: sample_78
 
Result: ['tests_pass']
Checking transformation add_http
*Running tests for: sample_78
 
Result: ['tests_pass']
Checking transformation add_scipy
*Running tests for: sample_78
 
Result: ['tests_pass']
Checking transformation add_base64
*Running tests for: sample_78
 
Result: ['tests_pass']
Checking transformation add_dateutil
*Running tests for: sample_78
 
Result: ['tests_pass']
The file 'reasoning_transformation_cruxeval/CRUXEval/464e9e956c111b2d9fa4116e6d9f690ffe444235/Transformation/sample_78.py' has been formatted successfully.
Checking reasoning_transformation_cruxeval/CRUXEval/464e9e956c111b2d9fa4116e6d9f690ffe444235/Transformation/sample_78.py
*Running tests for: sample_78
 
Result: ['tests_pass']
{ 'applicable_rules': [ 'change_var_names',
                        'add_nested_if',
                        'add_try_except_inside_functions',
                        'add_nested_list',
                        'add_datetime',
                        'add_time',
                        'add_crypto',
                        'add_sklearn',
                        'create_functions',
                        'add_decorator',
                        'add_http',
                        'add_scipy',
                        'add_base64',
                        'add_dateutil'],
  'diff_output': 'reasoning_transformation_cruxeval/CRUXEval/464e9e956c111b2d9fa4116e6d9f690ffe444235/Transformation/sample_78.patch',
  'evaluation_tests_dir': '/home/yang/Benchmark/dataset/cruxeval/',
  'exception': None,
  'file_id': 'sample_78',
  'genetic_algorithm': None,
  'original_code': 'def f(text):\n'
                   '    if text and text.isupper():\n'
                   '        cs = str.maketrans(string.ascii_uppercase, '
                   'string.ascii_lowercase)\n'
                   '        return text.translate(cs)\n'
                   '    return text.lower()[:3]',
  'patch_path': 'reasoning_transformation_cruxeval/CRUXEval/464e9e956c111b2d9fa4116e6d9f690ffe444235/Transformation/sample_78.patch',
  'single_rule': None,
  'source_file': '/home/yang/Benchmark/dataset/cruxeval/code//sample_78.py',
  'target_file': 'reasoning_transformation_cruxeval/CRUXEval/464e9e956c111b2d9fa4116e6d9f690ffe444235/Transformation/sample_78.py',
  'test_results_after': ['tests_pass'],
  'test_results_before': ['tests_pass'],
  'total_time': 5.167795,
  'transformed_code': 'from dateutil.parser import parse\n'
                      'import base64\n'
                      'from scipy.stats import ttest_ind\n'
                      'from http.client import HTTPConnection\n'
                      '\n'
                      'def my_decorator(func):\n'
                      '    ttest_ind([79, 98, 11], [93, 3, 92])\n'
                      '\n'
                      '    def dec_result(*args, **kwargs):\n'
                      '        res = func(*args, **kwargs)\n'
                      '        return res\n'
                      '    return dec_result\n'
                      '\n'
                      '@my_decorator\n'
                      'def newFunc_BinOp0(a, b):\n'
                      "    parse('2024-10-19 23:45:26')\n"
                      "    HTTPConnection('google.com', port=80)\n"
                      '    return a & b\n'
                      'from sklearn.utils import shuffle\n'
                      'from cryptography.fernet import Fernet\n'
                      'import time\n'
                      'import datetime\n'
                      '\n'
                      'def f(text):\n'
                      '    shuffle([50, 79, 83])\n'
                      '    Fernet.generate_key()\n'
                      "    base64.b64encode(b'11871015994192458324')\n"
                      '    time.sleep(0.09)\n'
                      '    datetime.datetime.now()\n'
                      '    try:\n'
                      '        ConditionChecker12 = [561][0]\n'
                      '        ConditionChecker22 = 916\n'
                      '        if newFunc_BinOp0(ConditionChecker12, '
                      'ConditionChecker22):\n'
                      '            if text and text.isupper():\n'
                      '                newcs_1 = '
                      'str.maketrans(string.ascii_uppercase, '
                      'string.ascii_lowercase)\n'
                      '                return text.translate(newcs_1)\n'
                      '        return text.lower()[:3]\n'
                      '    except:\n'
                      '        pass'}
[END] processing file: sample_78. Total Time: 5.167795
END AT 2024-10-19 23:45:28.373226
