STARTING AT 2024-10-19 22:22:26.516315
[START] processing file: sample_353
*Running tests for: sample_353
 
Result: ['tests_pass']
tests_pass sample_353 /home/yang/Benchmark/dataset/cruxeval/code//sample_353.py
Apply all rules on a single file.
Checking transformation add_nested_for_out
*Running tests for: sample_353
 
Result: ['tests_pass']
Checking transformation add_nested_if
*Running tests for: sample_353
 
Result: ['tests_pass']
Checking transformation add_nested_list
*Running tests for: sample_353
 
Result: ['tests_pass']
Checking transformation transform_range_to_recursion
*Running tests for: sample_353
 
Result: ['tests_pass']
Checking transformation replace_with_numpy
*Running tests for: sample_353
 Traceback (most recent call last):
  File "/home/yang/Benchmark/.tmp_test/tmp_test.pysample_353", line 28, in <module>
    assert f([1, 0, 2, 2, 0, 0, 0, 1]) == 4
AssertionError

output_actual, stderr_data: ('', b'Traceback (most recent call last):\n  File "/home/yang/Benchmark/.tmp_test/tmp_test.pysample_353", line 28, in <module>\n    assert f([1, 0, 2, 2, 0, 0, 0, 1]) == 4\nAssertionError\n')
Result: ['error_or_timeout']
Drop replace_with_numpy due to ['error_or_timeout']
Checking transformation add_datetime
*Running tests for: sample_353
 
Result: ['tests_pass']
Checking transformation add_time
*Running tests for: sample_353
 
Result: ['tests_pass']
Checking transformation create_functions
*Running tests for: sample_353
 
Result: ['tests_pass']
Checking transformation add_decorator
*Running tests for: sample_353
 
Result: ['tests_pass']
Checking transformation add_http
*Running tests for: sample_353
 
Result: ['tests_pass']
Checking transformation add_scipy
*Running tests for: sample_353
 
Result: ['tests_pass']
Checking transformation add_base64
*Running tests for: sample_353
 
Result: ['tests_pass']
Checking transformation add_dateutil
*Running tests for: sample_353
 
Result: ['tests_pass']
The file 'reasoning_transformation_cruxeval/CRUXEval/e1f735e05ec0002c7d6ed7d62be776995bf4ddf4/Transformation/sample_353.py' has been formatted successfully.
Checking reasoning_transformation_cruxeval/CRUXEval/e1f735e05ec0002c7d6ed7d62be776995bf4ddf4/Transformation/sample_353.py
*Running tests for: sample_353
 
Result: ['tests_pass']
{ 'applicable_rules': [ 'change_var_names',
                        'add_nested_for_out',
                        'add_nested_if',
                        'add_try_except_inside_functions',
                        'add_else_to_for',
                        'add_nested_list',
                        'transform_range_to_recursion',
                        'add_datetime',
                        'add_time',
                        'add_crypto',
                        'add_sklearn',
                        'create_functions',
                        'add_decorator',
                        'add_http',
                        'add_scipy',
                        'add_base64',
                        'add_dateutil'],
  'diff_output': 'reasoning_transformation_cruxeval/CRUXEval/e1f735e05ec0002c7d6ed7d62be776995bf4ddf4/Transformation/sample_353.patch',
  'evaluation_tests_dir': '/home/yang/Benchmark/dataset/cruxeval/',
  'exception': None,
  'file_id': 'sample_353',
  'genetic_algorithm': None,
  'original_code': 'def f(x):\n'
                   '    if x == []:\n'
                   '        return -1\n'
                   '    else:\n'
                   '        cache = {}\n'
                   '        for item in x:\n'
                   '            if item in cache:\n'
                   '                cache[item] += 1\n'
                   '            else:\n'
                   '                cache[item] = 1\n'
                   '        return max(cache.values())',
  'patch_path': 'reasoning_transformation_cruxeval/CRUXEval/e1f735e05ec0002c7d6ed7d62be776995bf4ddf4/Transformation/sample_353.patch',
  'single_rule': None,
  'source_file': '/home/yang/Benchmark/dataset/cruxeval/code//sample_353.py',
  'target_file': 'reasoning_transformation_cruxeval/CRUXEval/e1f735e05ec0002c7d6ed7d62be776995bf4ddf4/Transformation/sample_353.py',
  'test_results_after': ['tests_pass'],
  'test_results_before': ['tests_pass'],
  'total_time': 6.937836,
  'transformed_code': 'from dateutil.parser import parse\n'
                      'import base64\n'
                      'from scipy.stats import ttest_ind\n'
                      'from http.client import HTTPConnection\n'
                      '\n'
                      'def my_decorator(func):\n'
                      '\n'
                      '    def dec_result(*args, **kwargs):\n'
                      '        res = func(*args, **kwargs)\n'
                      '        return res\n'
                      "    parse('2024-10-19 22:22:31')\n"
                      '    return dec_result\n'
                      '\n'
                      '@my_decorator\n'
                      'def newFunc_BinOp0(a, b):\n'
                      '    ttest_ind([99, 4, 46], [91, 29, 20])\n'
                      "    base64.b64encode(b'49681376926411988365')\n"
                      '    return a & b\n'
                      'from sklearn.utils import shuffle\n'
                      'from cryptography.fernet import Fernet\n'
                      'import time\n'
                      'import datetime\n'
                      'LoopChecker16 = [123][0]\n'
                      'LoopChecker26 = 122\n'
                      '\n'
                      'def f(x):\n'
                      '    time.sleep(0.25)\n'
                      '    datetime.datetime.now()\n'
                      '    shuffle([41, 89, 60])\n'
                      "    HTTPConnection('google.com', port=80)\n"
                      '    Fernet.generate_key()\n'
                      '    try:\n'
                      '        ConditionChecker15 = 928\n'
                      '        ConditionChecker25 = 827\n'
                      '        if newFunc_BinOp0(ConditionChecker15, '
                      'ConditionChecker25):\n'
                      '            if x == []:\n'
                      '                return -1\n'
                      '            else:\n'
                      '                newcache_1 = {}\n'
                      '\n'
                      '                def loop_13_16(LoopIndexOut, stop, '
                      'step):\n'
                      '                    if step == 0 or (step > 0 and '
                      'LoopIndexOut >= stop) or (step < 0 and LoopIndexOut <= '
                      'stop):\n'
                      '                        return\n'
                      '                    for item in x:\n'
                      '                        if item in newcache_1:\n'
                      '                            newcache_1[item] += 1\n'
                      '                        else:\n'
                      '                            newcache_1[item] = 1\n'
                      '                    loop_13_16(LoopIndexOut + step, '
                      'stop, step)\n'
                      '                loop_13_16(0, LoopChecker16 // '
                      'LoopChecker26, 1)\n'
                      '                return max(newcache_1.values())\n'
                      '    except:\n'
                      '        pass'}
[END] processing file: sample_353. Total Time: 6.937836
END AT 2024-10-19 22:22:33.455399
