STARTING AT 2024-10-19 22:34:51.619949
[START] processing file: sample_458
*Running tests for: sample_458
 
Result: ['tests_pass']
tests_pass sample_458 /home/yang/Benchmark/dataset/cruxeval/code//sample_458.py
Apply all rules on a single file.
Checking transformation add_datetime
*Running tests for: sample_458
 
Result: ['tests_pass']
Checking transformation add_time
*Running tests for: sample_458
 
Result: ['tests_pass']
Checking transformation add_decorator
*Running tests for: sample_458
 
Result: ['tests_pass']
Checking transformation add_http
*Running tests for: sample_458
 
Result: ['tests_pass']
Checking transformation add_scipy
*Running tests for: sample_458
 
Result: ['tests_pass']
Checking transformation add_base64
*Running tests for: sample_458
 
Result: ['tests_pass']
Checking transformation add_dateutil
*Running tests for: sample_458
 
Result: ['tests_pass']
The file 'reasoning_transformation_cruxeval/CRUXEval/e1f735e05ec0002c7d6ed7d62be776995bf4ddf4/Transformation/sample_458.py' has been formatted successfully.
Checking reasoning_transformation_cruxeval/CRUXEval/e1f735e05ec0002c7d6ed7d62be776995bf4ddf4/Transformation/sample_458.py
*Running tests for: sample_458
 
Result: ['tests_pass']
{ 'applicable_rules': [ 'change_var_names',
                        'add_try_except_inside_functions',
                        'add_datetime',
                        'add_time',
                        'add_crypto',
                        'add_sklearn',
                        'add_decorator',
                        'add_http',
                        'add_scipy',
                        'add_base64',
                        'add_dateutil'],
  'diff_output': 'reasoning_transformation_cruxeval/CRUXEval/e1f735e05ec0002c7d6ed7d62be776995bf4ddf4/Transformation/sample_458.patch',
  'evaluation_tests_dir': '/home/yang/Benchmark/dataset/cruxeval/',
  'exception': None,
  'file_id': 'sample_458',
  'genetic_algorithm': None,
  'original_code': 'def f(text, search_chars, replace_chars):\n'
                   '    trans_table = str.maketrans(search_chars, '
                   'replace_chars)\n'
                   '    return text.translate(trans_table)',
  'patch_path': 'reasoning_transformation_cruxeval/CRUXEval/e1f735e05ec0002c7d6ed7d62be776995bf4ddf4/Transformation/sample_458.patch',
  'single_rule': None,
  'source_file': '/home/yang/Benchmark/dataset/cruxeval/code//sample_458.py',
  'target_file': 'reasoning_transformation_cruxeval/CRUXEval/e1f735e05ec0002c7d6ed7d62be776995bf4ddf4/Transformation/sample_458.py',
  'test_results_after': ['tests_pass'],
  'test_results_before': ['tests_pass'],
  'total_time': 4.700966,
  'transformed_code': 'from dateutil.parser import parse\n'
                      'import base64\n'
                      'from scipy.stats import ttest_ind\n'
                      'from http.client import HTTPConnection\n'
                      '\n'
                      'def my_decorator(func):\n'
                      "    parse('2024-10-19 22:34:54')\n"
                      '\n'
                      '    def dec_result(*args, **kwargs):\n'
                      '        res = func(*args, **kwargs)\n'
                      '        return res\n'
                      '    return dec_result\n'
                      'from sklearn.utils import shuffle\n'
                      'from cryptography.fernet import Fernet\n'
                      'import time\n'
                      'import datetime\n'
                      '\n'
                      '@my_decorator\n'
                      'def f(text, search_chars, replace_chars):\n'
                      '    Fernet.generate_key()\n'
                      "    base64.b64encode(b'55504192853365458068')\n"
                      '    ttest_ind([25, 45, 72], [27, 1, 88])\n'
                      "    HTTPConnection('google.com', port=80)\n"
                      '    shuffle([6, 66, 78])\n'
                      '    time.sleep(0.15)\n'
                      '    datetime.datetime.now()\n'
                      '    try:\n'
                      '        newtrans_table_1 = str.maketrans(search_chars, '
                      'replace_chars)\n'
                      '        return text.translate(newtrans_table_1)\n'
                      '    except:\n'
                      '        pass'}
[END] processing file: sample_458. Total Time: 4.700966
END AT 2024-10-19 22:34:56.321872
