STARTING AT 2024-10-19 22:20:32.411290
[START] processing file: sample_336
*Running tests for: sample_336
 
Result: ['tests_pass']
tests_pass sample_336 /home/yang/Benchmark/dataset/cruxeval/code//sample_336.py
Apply all rules on a single file.
Checking transformation add_datetime
*Running tests for: sample_336
 
Result: ['tests_pass']
Checking transformation add_time
*Running tests for: sample_336
 
Result: ['tests_pass']
Checking transformation add_decorator
*Running tests for: sample_336
 
Result: ['tests_pass']
Checking transformation add_http
*Running tests for: sample_336
 
Result: ['tests_pass']
Checking transformation add_scipy
*Running tests for: sample_336
 
Result: ['tests_pass']
Checking transformation add_base64
*Running tests for: sample_336
 
Result: ['tests_pass']
Checking transformation add_dateutil
*Running tests for: sample_336
 
Result: ['tests_pass']
The file 'reasoning_transformation_cruxeval/CRUXEval/e1f735e05ec0002c7d6ed7d62be776995bf4ddf4/Transformation/sample_336.py' has been formatted successfully.
Checking reasoning_transformation_cruxeval/CRUXEval/e1f735e05ec0002c7d6ed7d62be776995bf4ddf4/Transformation/sample_336.py
*Running tests for: sample_336
 
Result: ['tests_pass']
{ 'applicable_rules': [ 'change_var_names',
                        'add_try_except_inside_functions',
                        'add_datetime',
                        'add_time',
                        'add_crypto',
                        'add_sklearn',
                        'add_decorator',
                        'add_http',
                        'add_scipy',
                        'add_base64',
                        'add_dateutil',
                        'changing_AugAssign'],
  'diff_output': 'reasoning_transformation_cruxeval/CRUXEval/e1f735e05ec0002c7d6ed7d62be776995bf4ddf4/Transformation/sample_336.patch',
  'evaluation_tests_dir': '/home/yang/Benchmark/dataset/cruxeval/',
  'exception': None,
  'file_id': 'sample_336',
  'genetic_algorithm': None,
  'original_code': 'def f(s, sep):\n'
                   '    s += sep\n'
                   '    return s.rpartition(sep)[0]',
  'patch_path': 'reasoning_transformation_cruxeval/CRUXEval/e1f735e05ec0002c7d6ed7d62be776995bf4ddf4/Transformation/sample_336.patch',
  'single_rule': None,
  'source_file': '/home/yang/Benchmark/dataset/cruxeval/code//sample_336.py',
  'target_file': 'reasoning_transformation_cruxeval/CRUXEval/e1f735e05ec0002c7d6ed7d62be776995bf4ddf4/Transformation/sample_336.py',
  'test_results_after': ['tests_pass'],
  'test_results_before': ['tests_pass'],
  'total_time': 5.367168,
  'transformed_code': 'from dateutil.parser import parse\n'
                      'import base64\n'
                      'from scipy.stats import ttest_ind\n'
                      'from http.client import HTTPConnection\n'
                      '\n'
                      'def my_decorator(func):\n'
                      "    parse('2024-10-19 22:20:36')\n"
                      '\n'
                      '    def dec_result(*args, **kwargs):\n'
                      '        res = func(*args, **kwargs)\n'
                      '        return res\n'
                      '    return dec_result\n'
                      'from sklearn.utils import shuffle\n'
                      'from cryptography.fernet import Fernet\n'
                      'import time\n'
                      'import datetime\n'
                      '\n'
                      '@my_decorator\n'
                      'def f(news_1, sep):\n'
                      '    ttest_ind([45, 65, 39], [68, 19, 30])\n'
                      '    time.sleep(0.19)\n'
                      '    Fernet.generate_key()\n'
                      '    datetime.datetime.now()\n'
                      "    HTTPConnection('google.com', port=80)\n"
                      "    base64.b64encode(b'72104626751076069518')\n"
                      '    shuffle([98, 5, 67])\n'
                      '    try:\n'
                      '        news_1 = news_1 + sep\n'
                      '        return news_1.rpartition(sep)[0]\n'
                      '    except:\n'
                      '        pass'}
[END] processing file: sample_336. Total Time: 5.367168
END AT 2024-10-19 22:20:37.779696
