STARTING AT 2024-10-19 23:38:40.183684
[START] processing file: sample_714
*Running tests for: sample_714
 
Result: ['tests_pass']
tests_pass sample_714 /home/yang/Benchmark/dataset/cruxeval/code//sample_714.py
Apply all rules on a single file.
Checking transformation add_datetime
*Running tests for: sample_714
 
Result: ['tests_pass']
Checking transformation add_time
*Running tests for: sample_714
 
Result: ['tests_pass']
Checking transformation create_functions
*Running tests for: sample_714
 
Result: ['tests_pass']
Checking transformation add_decorator
*Running tests for: sample_714
 
Result: ['tests_pass']
Checking transformation add_http
*Running tests for: sample_714
 
Result: ['tests_pass']
Checking transformation add_scipy
*Running tests for: sample_714
 
Result: ['tests_pass']
Checking transformation add_base64
*Running tests for: sample_714
 
Result: ['tests_pass']
Checking transformation add_dateutil
*Running tests for: sample_714
 
Result: ['tests_pass']
The file 'reasoning_transformation_cruxeval/CRUXEval/951a917df7397c9cb698ead54386db6d1db4ffb0/Transformation/sample_714.py' has been formatted successfully.
Checking reasoning_transformation_cruxeval/CRUXEval/951a917df7397c9cb698ead54386db6d1db4ffb0/Transformation/sample_714.py
*Running tests for: sample_714
 
Result: ['tests_pass']
{ 'applicable_rules': [ 'add_try_except_inside_functions',
                        'add_datetime',
                        'add_time',
                        'add_crypto',
                        'add_sklearn',
                        'create_functions',
                        'add_decorator',
                        'add_http',
                        'add_scipy',
                        'add_base64',
                        'add_dateutil'],
  'diff_output': 'reasoning_transformation_cruxeval/CRUXEval/951a917df7397c9cb698ead54386db6d1db4ffb0/Transformation/sample_714.patch',
  'evaluation_tests_dir': '/home/yang/Benchmark/dataset/cruxeval/',
  'exception': None,
  'file_id': 'sample_714',
  'genetic_algorithm': None,
  'original_code': 'def f(array):\n'
                   '    array.reverse()\n'
                   '    array.clear()\n'
                   "    array.extend('x' * len(array))\n"
                   '    array.reverse()\n'
                   '    return array',
  'patch_path': 'reasoning_transformation_cruxeval/CRUXEval/951a917df7397c9cb698ead54386db6d1db4ffb0/Transformation/sample_714.patch',
  'single_rule': None,
  'source_file': '/home/yang/Benchmark/dataset/cruxeval/code//sample_714.py',
  'target_file': 'reasoning_transformation_cruxeval/CRUXEval/951a917df7397c9cb698ead54386db6d1db4ffb0/Transformation/sample_714.py',
  'test_results_after': ['tests_pass'],
  'test_results_before': ['tests_pass'],
  'total_time': 6.330851,
  'transformed_code': 'from dateutil.parser import parse\n'
                      'import base64\n'
                      'from scipy.stats import ttest_ind\n'
                      'from http.client import HTTPConnection\n'
                      '\n'
                      'def my_decorator(func):\n'
                      '\n'
                      '    def dec_result(*args, **kwargs):\n'
                      '        res = func(*args, **kwargs)\n'
                      '        return res\n'
                      "    base64.b64encode(b'35450165061758880631')\n"
                      '    return dec_result\n'
                      '\n'
                      '@my_decorator\n'
                      'def newFunc_BinOp0(a, b):\n'
                      "    parse('2024-10-19 23:38:44')\n"
                      '    ttest_ind([84, 75, 69], [58, 95, 81])\n'
                      '    return a * b\n'
                      'from sklearn.utils import shuffle\n'
                      'from cryptography.fernet import Fernet\n'
                      'import time\n'
                      'import datetime\n'
                      '\n'
                      'def f(array):\n'
                      '    shuffle([45, 62, 45])\n'
                      '    time.sleep(0.23)\n'
                      '    datetime.datetime.now()\n'
                      '    Fernet.generate_key()\n'
                      "    HTTPConnection('google.com', port=80)\n"
                      '    try:\n'
                      '        array.reverse()\n'
                      '        array.clear()\n'
                      "        array.extend(newFunc_BinOp0('x', len(array)))\n"
                      '        array.reverse()\n'
                      '        return array\n'
                      '    except:\n'
                      '        pass'}
[END] processing file: sample_714. Total Time: 6.330851
END AT 2024-10-19 23:38:46.516492
