STARTING AT 2024-10-19 22:27:22.795272
[START] processing file: sample_395
*Running tests for: sample_395
 
Result: ['tests_pass']
tests_pass sample_395 /home/yang/Benchmark/dataset/cruxeval/code//sample_395.py
Apply all rules on a single file.
Checking transformation add_nested_for_out
*Running tests for: sample_395
 
Result: ['tests_pass']
Checking transformation add_nested_if
*Running tests for: sample_395
 
Result: ['tests_pass']
Checking transformation add_nested_list
*Running tests for: sample_395
 
Result: ['tests_pass']
Checking transformation transform_range_to_recursion
*Running tests for: sample_395
 Traceback (most recent call last):
  File "/home/yang/Benchmark/.tmp_test/tmp_test.pysample_395", line 24, in <module>
    assert f("11") == 0
AssertionError

output_actual, stderr_data: ('', b'Traceback (most recent call last):\n  File "/home/yang/Benchmark/.tmp_test/tmp_test.pysample_395", line 24, in <module>\n    assert f("11") == 0\nAssertionError\n')
Result: ['error_or_timeout']
Drop transform_range_to_recursion due to ['error_or_timeout']
Checking transformation add_datetime
*Running tests for: sample_395
 
Result: ['tests_pass']
Checking transformation add_time
*Running tests for: sample_395
 
Result: ['tests_pass']
def newFunc_7920(arg0, arg1):
    return arg0 + arg1
Checking transformation create_functions
*Running tests for: sample_395
 
Result: ['tests_pass']
Checking transformation add_decorator
*Running tests for: sample_395
 
Result: ['tests_pass']
Checking transformation add_http
*Running tests for: sample_395
 
Result: ['tests_pass']
Checking transformation add_scipy
*Running tests for: sample_395
 
Result: ['tests_pass']
Checking transformation add_base64
*Running tests for: sample_395
 
Result: ['tests_pass']
Checking transformation add_dateutil
*Running tests for: sample_395
 
Result: ['tests_pass']
The file 'reasoning_transformation_cruxeval/CRUXEval/e1f735e05ec0002c7d6ed7d62be776995bf4ddf4/Transformation/sample_395.py' has been formatted successfully.
Checking reasoning_transformation_cruxeval/CRUXEval/e1f735e05ec0002c7d6ed7d62be776995bf4ddf4/Transformation/sample_395.py
*Running tests for: sample_395
 
Result: ['tests_pass']
{ 'applicable_rules': [ 'change_var_names',
                        'add_nested_for_out',
                        'add_nested_if',
                        'add_try_except_inside_functions',
                        'add_else_to_for',
                        'add_nested_list',
                        'add_datetime',
                        'add_time',
                        'add_crypto',
                        'add_sklearn',
                        'create_functions',
                        'add_decorator',
                        'add_http',
                        'add_scipy',
                        'add_base64',
                        'add_dateutil'],
  'diff_output': 'reasoning_transformation_cruxeval/CRUXEval/e1f735e05ec0002c7d6ed7d62be776995bf4ddf4/Transformation/sample_395.patch',
  'evaluation_tests_dir': '/home/yang/Benchmark/dataset/cruxeval/',
  'exception': None,
  'file_id': 'sample_395',
  'genetic_algorithm': None,
  'original_code': 'def f(s):\n'
                   '    for i in range(len(s)):\n'
                   '        if s[i].isdecimal():\n'
                   "            return i + (s[i] == '0')\n"
                   "        elif s[i] == '0':\n"
                   '            return -1\n'
                   '    return -1',
  'patch_path': 'reasoning_transformation_cruxeval/CRUXEval/e1f735e05ec0002c7d6ed7d62be776995bf4ddf4/Transformation/sample_395.patch',
  'single_rule': None,
  'source_file': '/home/yang/Benchmark/dataset/cruxeval/code//sample_395.py',
  'target_file': 'reasoning_transformation_cruxeval/CRUXEval/e1f735e05ec0002c7d6ed7d62be776995bf4ddf4/Transformation/sample_395.py',
  'test_results_after': ['tests_pass'],
  'test_results_before': ['tests_pass'],
  'total_time': 6.882935,
  'transformed_code': 'from dateutil.parser import parse\n'
                      'import base64\n'
                      'from scipy.stats import ttest_ind\n'
                      'from http.client import HTTPConnection\n'
                      '\n'
                      'def my_decorator(func):\n'
                      '\n'
                      '    def dec_result(*args, **kwargs):\n'
                      '        res = func(*args, **kwargs)\n'
                      '        return res\n'
                      '    return dec_result\n'
                      '\n'
                      '@my_decorator\n'
                      'def newFunc_7920(arg0, arg1):\n'
                      '    return arg0 + arg1\n'
                      'from sklearn.utils import shuffle\n'
                      'from cryptography.fernet import Fernet\n'
                      'import time\n'
                      'import datetime\n'
                      '\n'
                      'def f(s):\n'
                      "    parse('2024-10-19 22:27:27')\n"
                      '    datetime.datetime.now()\n'
                      '    Fernet.generate_key()\n'
                      "    HTTPConnection('google.com', port=80)\n"
                      '    ttest_ind([49, 82, 100], [5, 84, 25])\n'
                      '    shuffle([66, 65, 8])\n'
                      '    time.sleep(0.27)\n'
                      "    base64.b64encode(b'16892056386748974680')\n"
                      '    try:\n'
                      '        LoopChecker12 = [630][0]\n'
                      '        LoopChecker22 = 629\n'
                      '        ConditionChecker16 = 67\n'
                      '        ConditionChecker26 = 893\n'
                      '        for LoopIndexOut in range(LoopChecker12 // '
                      'LoopChecker22):\n'
                      '            for newi_1 in range(len(s)):\n'
                      '                if ConditionChecker16 & '
                      'ConditionChecker26:\n'
                      '                    if s[newi_1].isdecimal():\n'
                      '                        return newFunc_7920(newi_1, '
                      "s[newi_1] == '0')\n"
                      "                    elif s[newi_1] == '0':\n"
                      '                        return -1\n'
                      '        else:\n'
                      '            pass\n'
                      '        return -1\n'
                      '    except:\n'
                      '        pass'}
[END] processing file: sample_395. Total Time: 6.882935
END AT 2024-10-19 22:27:29.680440
