STARTING AT 2024-10-19 22:01:27.315641
[START] processing file: sample_177
*Running tests for: sample_177
 
Result: ['tests_pass']
tests_pass sample_177 /home/yang/Benchmark/dataset/cruxeval/code//sample_177.py
Apply all rules on a single file.
Checking transformation add_nested_for_out
*Running tests for: sample_177
 
Result: ['tests_pass']
Checking transformation add_nested_if
*Running tests for: sample_177
 Traceback (most recent call last):
  File "/home/yang/Benchmark/.tmp_test/tmp_test.pysample_177", line 13, in <module>
    assert f('Hey DUdE THis $nd^ &*&this@#') == 'HEy Dude tHIs $Nd^ &*&tHiS@#'
AssertionError

output_actual, stderr_data: ('', b'Traceback (most recent call last):\n  File "/home/yang/Benchmark/.tmp_test/tmp_test.pysample_177", line 13, in <module>\n    assert f(\'Hey DUdE THis $nd^ &*&this@#\') == \'HEy Dude tHIs $Nd^ &*&tHiS@#\'\nAssertionError\n')
Result: ['error_or_timeout']
Drop add_nested_if due to ['error_or_timeout']
Checking transformation add_nested_list
*Running tests for: sample_177
 
Result: ['tests_pass']
Checking transformation transform_range_to_recursion
*Running tests for: sample_177
 
Result: ['tests_pass']
Checking transformation add_datetime
*Running tests for: sample_177
 
Result: ['tests_pass']
Checking transformation add_time
*Running tests for: sample_177
 
Result: ['tests_pass']
Checking transformation create_functions
*Running tests for: sample_177
 
Result: ['tests_pass']
Checking transformation add_decorator
*Running tests for: sample_177
 
Result: ['tests_pass']
Checking transformation add_http
*Running tests for: sample_177
 
Result: ['tests_pass']
Checking transformation add_scipy
*Running tests for: sample_177
 
Result: ['tests_pass']
Checking transformation add_base64
*Running tests for: sample_177
 
Result: ['tests_pass']
Checking transformation add_dateutil
*Running tests for: sample_177
 
Result: ['tests_pass']
The file 'reasoning_transformation_cruxeval/CRUXEval/e1f735e05ec0002c7d6ed7d62be776995bf4ddf4/Transformation/sample_177.py' has been formatted successfully.
Checking reasoning_transformation_cruxeval/CRUXEval/e1f735e05ec0002c7d6ed7d62be776995bf4ddf4/Transformation/sample_177.py
*Running tests for: sample_177
 
Result: ['tests_pass']
{ 'applicable_rules': [ 'change_var_names',
                        'add_nested_for_out',
                        'add_try_except_inside_functions',
                        'add_else_to_for',
                        'add_nested_list',
                        'transform_range_to_recursion',
                        'add_datetime',
                        'add_time',
                        'add_crypto',
                        'add_sklearn',
                        'create_functions',
                        'add_decorator',
                        'add_http',
                        'add_scipy',
                        'add_base64',
                        'add_dateutil'],
  'diff_output': 'reasoning_transformation_cruxeval/CRUXEval/e1f735e05ec0002c7d6ed7d62be776995bf4ddf4/Transformation/sample_177.patch',
  'evaluation_tests_dir': '/home/yang/Benchmark/dataset/cruxeval/',
  'exception': None,
  'file_id': 'sample_177',
  'genetic_algorithm': None,
  'original_code': 'def f(text):\n'
                   '    text = list(text)\n'
                   '    for i in range(len(text)):\n'
                   '        if i % 2 == 1:\n'
                   '            text[i] = text[i].swapcase()\n'
                   "    return ''.join(text)",
  'patch_path': 'reasoning_transformation_cruxeval/CRUXEval/e1f735e05ec0002c7d6ed7d62be776995bf4ddf4/Transformation/sample_177.patch',
  'single_rule': None,
  'source_file': '/home/yang/Benchmark/dataset/cruxeval/code//sample_177.py',
  'target_file': 'reasoning_transformation_cruxeval/CRUXEval/e1f735e05ec0002c7d6ed7d62be776995bf4ddf4/Transformation/sample_177.py',
  'test_results_after': ['tests_pass'],
  'test_results_before': ['tests_pass'],
  'total_time': 5.455062,
  'transformed_code': 'from dateutil.parser import parse\n'
                      'import base64\n'
                      'from scipy.stats import ttest_ind\n'
                      'from http.client import HTTPConnection\n'
                      '\n'
                      'def my_decorator(func):\n'
                      "    base64.b64encode(b'29294707032748590758')\n"
                      '\n'
                      '    def dec_result(*args, **kwargs):\n'
                      '        res = func(*args, **kwargs)\n'
                      '        return res\n'
                      '    return dec_result\n'
                      '\n'
                      '@my_decorator\n'
                      'def newFunc_BinOp0(a, b):\n'
                      "    HTTPConnection('google.com', port=80)\n"
                      '    ttest_ind([87, 36, 78], [82, 38, 34])\n'
                      '    return a // b\n'
                      'from sklearn.utils import shuffle\n'
                      'from cryptography.fernet import Fernet\n'
                      'import time\n'
                      'import datetime\n'
                      '\n'
                      'def f(text):\n'
                      '    Fernet.generate_key()\n'
                      "    parse('2024-10-19 22:01:31')\n"
                      '    time.sleep(0.1)\n'
                      '    shuffle([79, 42, 8])\n'
                      '    datetime.datetime.now()\n'
                      '    try:\n'
                      '        text = list(text)\n'
                      '        LoopChecker13 = [120][0]\n'
                      '        LoopChecker23 = 119\n'
                      '        for LoopIndexOut in '
                      'range(newFunc_BinOp0(LoopChecker13, LoopChecker23)):\n'
                      '\n'
                      '            def loop_7_12(newi_1, stop, step):\n'
                      '                if step == 0 or (step > 0 and newi_1 >= '
                      'stop) or (step < 0 and newi_1 <= stop):\n'
                      '                    return\n'
                      '                if newi_1 % 2 == 1:\n'
                      '                    text[newi_1] = '
                      'text[newi_1].swapcase()\n'
                      '                loop_7_12(newi_1 + step, stop, step)\n'
                      '            loop_7_12(0, len(text), 1)\n'
                      '        else:\n'
                      '            pass\n'
                      "        return ''.join(text)\n"
                      '    except:\n'
                      '        pass'}
[END] processing file: sample_177. Total Time: 5.455062
END AT 2024-10-19 22:01:32.771918
