STARTING AT 2024-10-19 23:37:44.225263
[START] processing file: sample_640
*Running tests for: sample_640
 
Result: ['tests_pass']
tests_pass sample_640 /home/yang/Benchmark/dataset/cruxeval/code//sample_640.py
Apply all rules on a single file.
Checking transformation add_nested_for_out
*Running tests for: sample_640
 
Result: ['tests_pass']
Checking transformation add_nested_if
*Running tests for: sample_640
 
Result: ['tests_pass']
Checking transformation add_nested_list
*Running tests for: sample_640
 
Result: ['tests_pass']
Checking transformation transform_range_to_recursion
*Running tests for: sample_640
 
Result: ['tests_pass']
Checking transformation add_datetime
*Running tests for: sample_640
 
Result: ['tests_pass']
Checking transformation add_time
*Running tests for: sample_640
 
Result: ['tests_pass']
Checking transformation create_functions
*Running tests for: sample_640
 
Result: ['tests_pass']
Checking transformation add_decorator
*Running tests for: sample_640
 
Result: ['tests_pass']
Checking transformation add_http
*Running tests for: sample_640
 
Result: ['tests_pass']
Checking transformation add_scipy
*Running tests for: sample_640
 
Result: ['tests_pass']
Checking transformation add_base64
*Running tests for: sample_640
 
Result: ['tests_pass']
Checking transformation add_dateutil
*Running tests for: sample_640
 
Result: ['tests_pass']
The file 'reasoning_transformation_cruxeval/CRUXEval/951a917df7397c9cb698ead54386db6d1db4ffb0/Transformation/sample_640.py' has been formatted successfully.
Checking reasoning_transformation_cruxeval/CRUXEval/951a917df7397c9cb698ead54386db6d1db4ffb0/Transformation/sample_640.py
*Running tests for: sample_640
 
Result: ['tests_pass']
{ 'applicable_rules': [ 'change_var_names',
                        'add_nested_for_out',
                        'add_nested_if',
                        'add_try_except_inside_functions',
                        'add_else_to_for',
                        'add_nested_list',
                        'transform_range_to_recursion',
                        'add_datetime',
                        'add_time',
                        'add_crypto',
                        'add_sklearn',
                        'create_functions',
                        'add_decorator',
                        'add_http',
                        'add_scipy',
                        'add_base64',
                        'add_dateutil',
                        'changing_AugAssign'],
  'diff_output': 'reasoning_transformation_cruxeval/CRUXEval/951a917df7397c9cb698ead54386db6d1db4ffb0/Transformation/sample_640.patch',
  'evaluation_tests_dir': '/home/yang/Benchmark/dataset/cruxeval/',
  'exception': None,
  'file_id': 'sample_640',
  'genetic_algorithm': None,
  'original_code': 'def f(text):\n'
                   '    a = 0\n'
                   '    if text[0] in text[1:]:\n'
                   '        a += 1\n'
                   '    for i in range(0, len(text) - 1):\n'
                   '        if text[i] in text[i + 1:]:\n'
                   '            a += 1\n'
                   '    return a',
  'patch_path': 'reasoning_transformation_cruxeval/CRUXEval/951a917df7397c9cb698ead54386db6d1db4ffb0/Transformation/sample_640.patch',
  'single_rule': None,
  'source_file': '/home/yang/Benchmark/dataset/cruxeval/code//sample_640.py',
  'target_file': 'reasoning_transformation_cruxeval/CRUXEval/951a917df7397c9cb698ead54386db6d1db4ffb0/Transformation/sample_640.py',
  'test_results_after': ['tests_pass'],
  'test_results_before': ['tests_pass'],
  'total_time': 5.038293,
  'transformed_code': 'from dateutil.parser import parse\n'
                      'import base64\n'
                      'from scipy.stats import ttest_ind\n'
                      'from http.client import HTTPConnection\n'
                      '\n'
                      'def my_decorator(func):\n'
                      '\n'
                      '    def dec_result(*args, **kwargs):\n'
                      '        res = func(*args, **kwargs)\n'
                      '        return res\n'
                      "    parse('2024-10-19 23:37:47')\n"
                      "    HTTPConnection('google.com', port=80)\n"
                      '    return dec_result\n'
                      '\n'
                      '@my_decorator\n'
                      'def newFunc_BinOp0(a, b):\n'
                      '    return a & b\n'
                      'from sklearn.utils import shuffle\n'
                      'from cryptography.fernet import Fernet\n'
                      'import time\n'
                      'import datetime\n'
                      '\n'
                      'def f(text):\n'
                      "    base64.b64encode(b'20996544042126973877')\n"
                      '    ttest_ind([45, 30, 61], [64, 86, 71])\n'
                      '    time.sleep(0.04)\n'
                      '    shuffle([10, 81, 34])\n'
                      '    datetime.datetime.now()\n'
                      '    Fernet.generate_key()\n'
                      '    try:\n'
                      '        ConditionChecker13 = [279][0]\n'
                      '        ConditionChecker23 = 578\n'
                      '        newa_1 = 0\n'
                      '        if newFunc_BinOp0(ConditionChecker13, '
                      'ConditionChecker23):\n'
                      '            if text[0] in text[1:]:\n'
                      '                newa_1 = newa_1 + 1\n'
                      '        LoopChecker15 = 422\n'
                      '        LoopChecker25 = 421\n'
                      '        for LoopIndexOut in range(LoopChecker15 // '
                      'LoopChecker25):\n'
                      '\n'
                      '            def loop_12_12(i, stop, step):\n'
                      '                nonlocal newa_1\n'
                      '                if step == 0 or (step > 0 and i >= '
                      'stop) or (step < 0 and i <= stop):\n'
                      '                    return\n'
                      '                if text[i] in text[i + 1:]:\n'
                      '                    newa_1 += 1\n'
                      '                loop_12_12(i + step, stop, step)\n'
                      '            loop_12_12(0, len(text) - 1, 1)\n'
                      '        else:\n'
                      '            pass\n'
                      '        return newa_1\n'
                      '    except:\n'
                      '        pass'}
[END] processing file: sample_640. Total Time: 5.038293
END AT 2024-10-19 23:37:49.265815
