STARTING AT 2024-10-19 23:37:38.196831
[START] processing file: sample_639
*Running tests for: sample_639
 
Result: ['tests_pass']
tests_pass sample_639 /home/yang/Benchmark/dataset/cruxeval/code//sample_639.py
Apply all rules on a single file.
Checking transformation add_nested_while_out
*Running tests for: sample_639
 
Result: ['tests_pass']
Checking transformation add_nested_if
*Running tests for: sample_639
 
Result: ['tests_pass']
Checking transformation add_nested_list
*Running tests for: sample_639
 
Result: ['tests_pass']
Checking transformation add_datetime
*Running tests for: sample_639
 
Result: ['tests_pass']
Checking transformation add_time
*Running tests for: sample_639
 
Result: ['tests_pass']
Checking transformation create_functions
*Running tests for: sample_639
 
Result: ['tests_pass']
Checking transformation add_decorator
*Running tests for: sample_639
 
Result: ['tests_pass']
Checking transformation add_http
*Running tests for: sample_639
 
Result: ['tests_pass']
Checking transformation add_scipy
*Running tests for: sample_639
 
Result: ['tests_pass']
Checking transformation add_base64
*Running tests for: sample_639
 
Result: ['tests_pass']
Checking transformation add_dateutil
*Running tests for: sample_639
 
Result: ['tests_pass']
The file 'reasoning_transformation_cruxeval/CRUXEval/951a917df7397c9cb698ead54386db6d1db4ffb0/Transformation/sample_639.py' has been formatted successfully.
Checking reasoning_transformation_cruxeval/CRUXEval/951a917df7397c9cb698ead54386db6d1db4ffb0/Transformation/sample_639.py
*Running tests for: sample_639
 
Result: ['tests_pass']
{ 'applicable_rules': [ 'change_var_names',
                        'add_nested_while_out',
                        'add_nested_if',
                        'add_try_except_inside_functions',
                        'add_else_to_while',
                        'add_nested_list',
                        'add_datetime',
                        'add_time',
                        'add_crypto',
                        'add_sklearn',
                        'create_functions',
                        'add_decorator',
                        'add_http',
                        'add_scipy',
                        'add_base64',
                        'add_dateutil',
                        'changing_AugAssign'],
  'diff_output': 'reasoning_transformation_cruxeval/CRUXEval/951a917df7397c9cb698ead54386db6d1db4ffb0/Transformation/sample_639.patch',
  'evaluation_tests_dir': '/home/yang/Benchmark/dataset/cruxeval/',
  'exception': None,
  'file_id': 'sample_639',
  'genetic_algorithm': None,
  'original_code': 'def f(perc, full):\n'
                   "    reply = ''\n"
                   '    i = 0\n'
                   '    while perc[i] == full[i] and i < len(full) and (i < '
                   'len(perc)):\n'
                   '        if perc[i] == full[i]:\n'
                   "            reply += 'yes '\n"
                   '        else:\n'
                   "            reply += 'no '\n"
                   '        i += 1\n'
                   '    return reply',
  'patch_path': 'reasoning_transformation_cruxeval/CRUXEval/951a917df7397c9cb698ead54386db6d1db4ffb0/Transformation/sample_639.patch',
  'single_rule': None,
  'source_file': '/home/yang/Benchmark/dataset/cruxeval/code//sample_639.py',
  'target_file': 'reasoning_transformation_cruxeval/CRUXEval/951a917df7397c9cb698ead54386db6d1db4ffb0/Transformation/sample_639.py',
  'test_results_after': ['tests_pass'],
  'test_results_before': ['tests_pass'],
  'total_time': 5.247864,
  'transformed_code': 'from dateutil.parser import parse\n'
                      'import base64\n'
                      'from scipy.stats import ttest_ind\n'
                      'from http.client import HTTPConnection\n'
                      '\n'
                      'def my_decorator(func):\n'
                      '    ttest_ind([42, 89, 59], [3, 64, 37])\n'
                      '\n'
                      '    def dec_result(*args, **kwargs):\n'
                      '        res = func(*args, **kwargs)\n'
                      '        return res\n'
                      '    return dec_result\n'
                      '\n'
                      '@my_decorator\n'
                      'def newFunc_BinOp0(a, b):\n'
                      '    return a % b\n'
                      'from sklearn.utils import shuffle\n'
                      'from cryptography.fernet import Fernet\n'
                      'import time\n'
                      'import datetime\n'
                      '\n'
                      'def f(perc, full):\n'
                      "    parse('2024-10-19 23:37:42')\n"
                      '    datetime.datetime.now()\n'
                      "    HTTPConnection('google.com', port=80)\n"
                      '    Fernet.generate_key()\n'
                      "    base64.b64encode(b'74705501028153175904')\n"
                      '    shuffle([58, 30, 80])\n'
                      '    time.sleep(0.07)\n'
                      '    try:\n'
                      "        reply = [''][0]\n"
                      '        newi_1 = 0\n'
                      '        whileloopchecker14 = 853\n'
                      '        whileloopchecker24 = 852\n'
                      '        while newFunc_BinOp0(whileloopchecker14, '
                      'whileloopchecker24) == 1:\n'
                      '            whileloopchecker14 = whileloopchecker14 + '
                      '1\n'
                      '            while perc[newi_1] == full[newi_1] and '
                      'newi_1 < len(full) and (newi_1 < len(perc)):\n'
                      '                ConditionChecker19 = 302\n'
                      '                ConditionChecker29 = 670\n'
                      '                if ConditionChecker19 & '
                      'ConditionChecker29:\n'
                      '                    if perc[newi_1] == full[newi_1]:\n'
                      "                        reply += 'yes '\n"
                      '                    else:\n'
                      "                        reply += 'no '\n"
                      '                newi_1 += 1\n'
                      '        else:\n'
                      '            pass\n'
                      '        return reply\n'
                      '    except:\n'
                      '        pass'}
[END] processing file: sample_639. Total Time: 5.247864
END AT 2024-10-19 23:37:43.446325
