STARTING AT 2024-10-19 23:04:34.879864
[START] processing file: sample_75
*Running tests for: sample_75
 
Result: ['tests_pass']
tests_pass sample_75 /home/yang/Benchmark/dataset/cruxeval/code//sample_75.py
Apply all rules on a single file.
Checking transformation add_datetime
*Running tests for: sample_75
 
Result: ['tests_pass']
Checking transformation add_time
*Running tests for: sample_75
 
Result: ['tests_pass']
def newFunc_66596(arg0, arg1):
    return arg0 + arg1
Checking transformation create_functions
*Running tests for: sample_75
 
Result: ['tests_pass']
Checking transformation add_decorator
*Running tests for: sample_75
 
Result: ['tests_pass']
Checking transformation add_http
*Running tests for: sample_75
 
Result: ['tests_pass']
Checking transformation add_scipy
*Running tests for: sample_75
 
Result: ['tests_pass']
Checking transformation add_base64
*Running tests for: sample_75
 
Result: ['tests_pass']
Checking transformation add_dateutil
*Running tests for: sample_75
 
Result: ['tests_pass']
The file 'reasoning_transformation_cruxeval/CRUXEval/e1f735e05ec0002c7d6ed7d62be776995bf4ddf4/Transformation/sample_75.py' has been formatted successfully.
Checking reasoning_transformation_cruxeval/CRUXEval/e1f735e05ec0002c7d6ed7d62be776995bf4ddf4/Transformation/sample_75.py
*Running tests for: sample_75
 
Result: ['tests_pass']
{ 'applicable_rules': [ 'change_var_names',
                        'add_try_except_inside_functions',
                        'add_datetime',
                        'add_time',
                        'add_crypto',
                        'add_sklearn',
                        'create_functions',
                        'add_decorator',
                        'add_http',
                        'add_scipy',
                        'add_base64',
                        'add_dateutil'],
  'diff_output': 'reasoning_transformation_cruxeval/CRUXEval/e1f735e05ec0002c7d6ed7d62be776995bf4ddf4/Transformation/sample_75.patch',
  'evaluation_tests_dir': '/home/yang/Benchmark/dataset/cruxeval/',
  'exception': None,
  'file_id': 'sample_75',
  'genetic_algorithm': None,
  'original_code': 'def f(array, elem):\n'
                   '    ind = array.index(elem)\n'
                   '    return ind * 2 + array[-ind - 1] * 3',
  'patch_path': 'reasoning_transformation_cruxeval/CRUXEval/e1f735e05ec0002c7d6ed7d62be776995bf4ddf4/Transformation/sample_75.patch',
  'single_rule': None,
  'source_file': '/home/yang/Benchmark/dataset/cruxeval/code//sample_75.py',
  'target_file': 'reasoning_transformation_cruxeval/CRUXEval/e1f735e05ec0002c7d6ed7d62be776995bf4ddf4/Transformation/sample_75.py',
  'test_results_after': ['tests_pass'],
  'test_results_before': ['tests_pass'],
  'total_time': 4.205652,
  'transformed_code': 'from dateutil.parser import parse\n'
                      'import base64\n'
                      'from scipy.stats import ttest_ind\n'
                      'from http.client import HTTPConnection\n'
                      '\n'
                      'def my_decorator(func):\n'
                      '\n'
                      '    def dec_result(*args, **kwargs):\n'
                      '        res = func(*args, **kwargs)\n'
                      '        return res\n'
                      '    ttest_ind([19, 20, 58], [23, 32, 26])\n'
                      "    HTTPConnection('google.com', port=80)\n"
                      '    return dec_result\n'
                      '\n'
                      '@my_decorator\n'
                      'def newFunc_66596(arg0, arg1):\n'
                      '    return arg0 + arg1\n'
                      'from sklearn.utils import shuffle\n'
                      'from cryptography.fernet import Fernet\n'
                      'import time\n'
                      'import datetime\n'
                      '\n'
                      'def f(array, elem):\n'
                      "    base64.b64encode(b'78199404493063139548')\n"
                      '    time.sleep(0.01)\n'
                      '    shuffle([100, 23, 11])\n'
                      '    Fernet.generate_key()\n'
                      '    datetime.datetime.now()\n'
                      "    parse('2024-10-19 23:04:37')\n"
                      '    try:\n'
                      '        newind_1 = array.index(elem)\n'
                      '        return newFunc_66596(newind_1 * 2, '
                      'array[-newind_1 - 1] * 3)\n'
                      '    except:\n'
                      '        pass'}
[END] processing file: sample_75. Total Time: 4.205652
END AT 2024-10-19 23:04:39.086608
