STARTING AT 2024-10-19 22:19:22.295871
[START] processing file: sample_327
*Running tests for: sample_327
 
Result: ['tests_pass']
tests_pass sample_327 /home/yang/Benchmark/dataset/cruxeval/code//sample_327.py
Apply all rules on a single file.
Checking transformation add_nested_for_out
*Running tests for: sample_327
 
Result: ['tests_pass']
Checking transformation add_nested_if
*Running tests for: sample_327
 
Result: ['tests_pass']
Checking transformation add_nested_list
*Running tests for: sample_327
 
Result: ['tests_pass']
Checking transformation transform_range_to_recursion
*Running tests for: sample_327
 
Result: ['tests_pass']
Checking transformation add_datetime
*Running tests for: sample_327
 
Result: ['tests_pass']
Checking transformation add_time
*Running tests for: sample_327
 
Result: ['tests_pass']
Checking transformation create_functions
*Running tests for: sample_327
 
Result: ['tests_pass']
Checking transformation add_decorator
*Running tests for: sample_327
 
Result: ['tests_pass']
Checking transformation add_http
*Running tests for: sample_327
 
Result: ['tests_pass']
Checking transformation add_scipy
*Running tests for: sample_327
 
Result: ['tests_pass']
Checking transformation add_base64
*Running tests for: sample_327
 
Result: ['tests_pass']
Checking transformation add_dateutil
*Running tests for: sample_327
 
Result: ['tests_pass']
The file 'reasoning_transformation_cruxeval/CRUXEval/e1f735e05ec0002c7d6ed7d62be776995bf4ddf4/Transformation/sample_327.py' has been formatted successfully.
Checking reasoning_transformation_cruxeval/CRUXEval/e1f735e05ec0002c7d6ed7d62be776995bf4ddf4/Transformation/sample_327.py
*Running tests for: sample_327
 
Result: ['tests_pass']
{ 'applicable_rules': [ 'change_var_names',
                        'add_nested_for_out',
                        'add_nested_if',
                        'add_try_except_inside_functions',
                        'add_else_to_for',
                        'add_nested_list',
                        'transform_range_to_recursion',
                        'add_datetime',
                        'add_time',
                        'add_crypto',
                        'add_sklearn',
                        'create_functions',
                        'add_decorator',
                        'add_http',
                        'add_scipy',
                        'add_base64',
                        'add_dateutil',
                        'changing_AugAssign'],
  'diff_output': 'reasoning_transformation_cruxeval/CRUXEval/e1f735e05ec0002c7d6ed7d62be776995bf4ddf4/Transformation/sample_327.patch',
  'evaluation_tests_dir': '/home/yang/Benchmark/dataset/cruxeval/',
  'exception': None,
  'file_id': 'sample_327',
  'genetic_algorithm': None,
  'original_code': 'def f(lst):\n'
                   '    new = list()\n'
                   '    i = len(lst) - 1\n'
                   '    for _ in range(len(lst)):\n'
                   '        if i % 2 == 0:\n'
                   '            new.append(-lst[i])\n'
                   '        else:\n'
                   '            new.append(lst[i])\n'
                   '        i -= 1\n'
                   '    return new',
  'patch_path': 'reasoning_transformation_cruxeval/CRUXEval/e1f735e05ec0002c7d6ed7d62be776995bf4ddf4/Transformation/sample_327.patch',
  'single_rule': None,
  'source_file': '/home/yang/Benchmark/dataset/cruxeval/code//sample_327.py',
  'target_file': 'reasoning_transformation_cruxeval/CRUXEval/e1f735e05ec0002c7d6ed7d62be776995bf4ddf4/Transformation/sample_327.py',
  'test_results_after': ['tests_pass'],
  'test_results_before': ['tests_pass'],
  'total_time': 6.619382,
  'transformed_code': 'from dateutil.parser import parse\n'
                      'import base64\n'
                      'from scipy.stats import ttest_ind\n'
                      'from http.client import HTTPConnection\n'
                      '\n'
                      'def my_decorator(func):\n'
                      '\n'
                      '    def dec_result(*args, **kwargs):\n'
                      '        res = func(*args, **kwargs)\n'
                      '        return res\n'
                      '    return dec_result\n'
                      '\n'
                      '@my_decorator\n'
                      'def newFunc0_13(lst, variable_3_13, len):\n'
                      "    base64.b64encode(b'60904129040338236986')\n"
                      '    return len(lst) - variable_3_13\n'
                      'from sklearn.utils import shuffle\n'
                      'from cryptography.fernet import Fernet\n'
                      'import time\n'
                      'import datetime\n'
                      '\n'
                      'def f(lst):\n'
                      '    datetime.datetime.now()\n'
                      "    parse('2024-10-19 22:19:27')\n"
                      "    HTTPConnection('google.com', port=80)\n"
                      '    ttest_ind([87, 39, 29], [86, 61, 94])\n'
                      '    Fernet.generate_key()\n'
                      '    time.sleep(0.24)\n'
                      '    shuffle([61, 69, 78])\n'
                      '    try:\n'
                      '        new = list()\n'
                      '        variable_3_13 = 1\n'
                      '        i = newFunc0_13(lst, variable_3_13, len)\n'
                      '        LoopChecker14 = [238][0]\n'
                      '        LoopChecker24 = 237\n'
                      '        ConditionChecker18 = 846\n'
                      '        ConditionChecker28 = 569\n'
                      '        for LoopIndexOut in range(LoopChecker14 // '
                      'LoopChecker24):\n'
                      '\n'
                      '            def loop_10_12(new__1, stop, step):\n'
                      '                nonlocal i\n'
                      '                if step == 0 or (step > 0 and new__1 >= '
                      'stop) or (step < 0 and new__1 <= stop):\n'
                      '                    return\n'
                      '                if ConditionChecker18 & '
                      'ConditionChecker28:\n'
                      '                    if i % 2 == 0:\n'
                      '                        new.append(-lst[i])\n'
                      '                    else:\n'
                      '                        new.append(lst[i])\n'
                      '                i = i - 1\n'
                      '                loop_10_12(new__1 + step, stop, step)\n'
                      '            loop_10_12(0, len(lst), 1)\n'
                      '        else:\n'
                      '            pass\n'
                      '        return new\n'
                      '    except:\n'
                      '        pass'}
[END] processing file: sample_327. Total Time: 6.619382
END AT 2024-10-19 22:19:28.916808
