STARTING AT 2024-10-19 23:41:40.202755
[START] processing file: sample_80
*Running tests for: sample_80
 
Result: ['tests_pass']
tests_pass sample_80 /home/yang/Benchmark/dataset/cruxeval/code//sample_80.py
Apply all rules on a single file.
Checking transformation replace_with_numpy
*Running tests for: sample_80
 Traceback (most recent call last):
  File "/home/yang/Benchmark/.tmp_test/tmp_test.pysample_80", line 8, in <module>
    assert f('ab        ') == 'ba'
AssertionError

output_actual, stderr_data: ('', b'Traceback (most recent call last):\n  File "/home/yang/Benchmark/.tmp_test/tmp_test.pysample_80", line 8, in <module>\n    assert f(\'ab        \') == \'ba\'\nAssertionError\n')
Result: ['error_or_timeout']
Drop replace_with_numpy due to ['error_or_timeout']
Checking transformation add_datetime
*Running tests for: sample_80
 
Result: ['tests_pass']
Checking transformation add_time
*Running tests for: sample_80
 
Result: ['tests_pass']
Checking transformation add_decorator
*Running tests for: sample_80
 
Result: ['tests_pass']
Checking transformation add_http
*Running tests for: sample_80
 
Result: ['tests_pass']
Checking transformation add_scipy
*Running tests for: sample_80
 
Result: ['tests_pass']
Checking transformation add_base64
*Running tests for: sample_80
 
Result: ['tests_pass']
Checking transformation add_dateutil
*Running tests for: sample_80
 
Result: ['tests_pass']
The file 'reasoning_transformation_cruxeval/CRUXEval/951a917df7397c9cb698ead54386db6d1db4ffb0/Transformation/sample_80.py' has been formatted successfully.
Checking reasoning_transformation_cruxeval/CRUXEval/951a917df7397c9cb698ead54386db6d1db4ffb0/Transformation/sample_80.py
*Running tests for: sample_80
 
Result: ['tests_pass']
{ 'applicable_rules': [ 'add_try_except_inside_functions',
                        'add_datetime',
                        'add_time',
                        'add_crypto',
                        'add_sklearn',
                        'add_decorator',
                        'add_http',
                        'add_scipy',
                        'add_base64',
                        'add_dateutil'],
  'diff_output': 'reasoning_transformation_cruxeval/CRUXEval/951a917df7397c9cb698ead54386db6d1db4ffb0/Transformation/sample_80.patch',
  'evaluation_tests_dir': '/home/yang/Benchmark/dataset/cruxeval/',
  'exception': None,
  'file_id': 'sample_80',
  'genetic_algorithm': None,
  'original_code': "def f(s):\n    return ''.join(reversed(s.rstrip()))",
  'patch_path': 'reasoning_transformation_cruxeval/CRUXEval/951a917df7397c9cb698ead54386db6d1db4ffb0/Transformation/sample_80.patch',
  'single_rule': None,
  'source_file': '/home/yang/Benchmark/dataset/cruxeval/code//sample_80.py',
  'target_file': 'reasoning_transformation_cruxeval/CRUXEval/951a917df7397c9cb698ead54386db6d1db4ffb0/Transformation/sample_80.py',
  'test_results_after': ['tests_pass'],
  'test_results_before': ['tests_pass'],
  'total_time': 4.430887,
  'transformed_code': 'from dateutil.parser import parse\n'
                      'import base64\n'
                      'from scipy.stats import ttest_ind\n'
                      'from http.client import HTTPConnection\n'
                      '\n'
                      'def my_decorator(func):\n'
                      '\n'
                      '    def dec_result(*args, **kwargs):\n'
                      '        res = func(*args, **kwargs)\n'
                      '        return res\n'
                      "    base64.b64encode(b'31229111634549074459')\n"
                      "    HTTPConnection('google.com', port=80)\n"
                      '    return dec_result\n'
                      'from sklearn.utils import shuffle\n'
                      'from cryptography.fernet import Fernet\n'
                      'import time\n'
                      'import datetime\n'
                      '\n'
                      '@my_decorator\n'
                      'def f(s):\n'
                      '    Fernet.generate_key()\n'
                      '    time.sleep(0.06)\n'
                      '    ttest_ind([11, 87, 87], [86, 88, 10])\n'
                      '    datetime.datetime.now()\n'
                      "    parse('2024-10-19 23:41:43')\n"
                      '    shuffle([83, 41, 95])\n'
                      '    try:\n'
                      "        return ''.join(reversed(s.rstrip()))\n"
                      '    except:\n'
                      '        pass'}
[END] processing file: sample_80. Total Time: 4.430887
END AT 2024-10-19 23:41:44.635631
