STARTING AT 2024-10-19 22:35:22.467945
[START] processing file: sample_462
*Running tests for: sample_462
 
Result: ['tests_pass']
tests_pass sample_462 /home/yang/Benchmark/dataset/cruxeval/code//sample_462.py
Apply all rules on a single file.
Checking transformation add_nested_if
*Running tests for: sample_462
 
Result: ['tests_pass']
Checking transformation add_nested_list
*Running tests for: sample_462
 
Result: ['tests_pass']
Checking transformation add_datetime
*Running tests for: sample_462
 
Result: ['tests_pass']
Checking transformation add_time
*Running tests for: sample_462
 
Result: ['tests_pass']
def newFunc_19984(arg0, arg1):
    return arg0 * arg1
Checking transformation create_functions
*Running tests for: sample_462
 
Result: ['tests_pass']
Checking transformation add_decorator
*Running tests for: sample_462
 
Result: ['tests_pass']
Checking transformation add_http
*Running tests for: sample_462
 
Result: ['tests_pass']
Checking transformation add_scipy
*Running tests for: sample_462
 
Result: ['tests_pass']
Checking transformation add_base64
*Running tests for: sample_462
 
Result: ['tests_pass']
Checking transformation add_dateutil
*Running tests for: sample_462
 
Result: ['tests_pass']
The file 'reasoning_transformation_cruxeval/CRUXEval/e1f735e05ec0002c7d6ed7d62be776995bf4ddf4/Transformation/sample_462.py' has been formatted successfully.
Checking reasoning_transformation_cruxeval/CRUXEval/e1f735e05ec0002c7d6ed7d62be776995bf4ddf4/Transformation/sample_462.py
*Running tests for: sample_462
 
Result: ['tests_pass']
{ 'applicable_rules': [ 'change_var_names',
                        'add_nested_if',
                        'add_try_except_inside_functions',
                        'add_nested_list',
                        'add_datetime',
                        'add_time',
                        'add_crypto',
                        'add_sklearn',
                        'create_functions',
                        'add_decorator',
                        'add_http',
                        'add_scipy',
                        'add_base64',
                        'add_dateutil'],
  'diff_output': 'reasoning_transformation_cruxeval/CRUXEval/e1f735e05ec0002c7d6ed7d62be776995bf4ddf4/Transformation/sample_462.patch',
  'evaluation_tests_dir': '/home/yang/Benchmark/dataset/cruxeval/',
  'exception': None,
  'file_id': 'sample_462',
  'genetic_algorithm': None,
  'original_code': 'def f(text, value):\n'
                   '    length = len(text)\n'
                   '    letters = list(text)\n'
                   '    if value not in letters:\n'
                   '        value = letters[0]\n'
                   '    return value * length',
  'patch_path': 'reasoning_transformation_cruxeval/CRUXEval/e1f735e05ec0002c7d6ed7d62be776995bf4ddf4/Transformation/sample_462.patch',
  'single_rule': None,
  'source_file': '/home/yang/Benchmark/dataset/cruxeval/code//sample_462.py',
  'target_file': 'reasoning_transformation_cruxeval/CRUXEval/e1f735e05ec0002c7d6ed7d62be776995bf4ddf4/Transformation/sample_462.py',
  'test_results_after': ['tests_pass'],
  'test_results_before': ['tests_pass'],
  'total_time': 5.957127,
  'transformed_code': 'from dateutil.parser import parse\n'
                      'import base64\n'
                      'from scipy.stats import ttest_ind\n'
                      'from http.client import HTTPConnection\n'
                      '\n'
                      'def my_decorator(func):\n'
                      '\n'
                      '    def dec_result(*args, **kwargs):\n'
                      '        res = func(*args, **kwargs)\n'
                      '        return res\n'
                      "    base64.b64encode(b'68899861073265412642')\n"
                      '    return dec_result\n'
                      '\n'
                      '@my_decorator\n'
                      'def newFunc_19984(arg0, arg1):\n'
                      "    HTTPConnection('google.com', port=80)\n"
                      '    return arg0 * arg1\n'
                      'from sklearn.utils import shuffle\n'
                      'from cryptography.fernet import Fernet\n'
                      'import time\n'
                      'import datetime\n'
                      '\n'
                      'def f(text, newvalue_1):\n'
                      '    ttest_ind([79, 66, 75], [26, 77, 53])\n'
                      '    Fernet.generate_key()\n'
                      '    datetime.datetime.now()\n'
                      "    parse('2024-10-19 22:35:26')\n"
                      '    shuffle([42, 80, 7])\n'
                      '    time.sleep(0.2)\n'
                      '    try:\n'
                      '        ConditionChecker14 = [478][0]\n'
                      '        ConditionChecker24 = 290\n'
                      '        length = len(text)\n'
                      '        letters = list(text)\n'
                      '        if ConditionChecker14 & ConditionChecker24:\n'
                      '            if newvalue_1 not in letters:\n'
                      '                newvalue_1 = letters[0]\n'
                      '        return newFunc_19984(newvalue_1, length)\n'
                      '    except:\n'
                      '        pass'}
[END] processing file: sample_462. Total Time: 5.957127
END AT 2024-10-19 22:35:28.427100
