STARTING AT 2024-10-19 22:11:46.929563
[START] processing file: sample_262
*Running tests for: sample_262
 
Result: ['tests_pass']
tests_pass sample_262 /home/yang/Benchmark/dataset/cruxeval/code//sample_262.py
Apply all rules on a single file.
Checking transformation add_nested_for_out
*Running tests for: sample_262
 
Result: ['tests_pass']
Checking transformation add_nested_list
*Running tests for: sample_262
 
Result: ['tests_pass']
Checking transformation transform_range_to_recursion
*Running tests for: sample_262
 
Result: ['tests_pass']
Checking transformation add_datetime
*Running tests for: sample_262
 
Result: ['tests_pass']
Checking transformation add_time
*Running tests for: sample_262
 
Result: ['tests_pass']
Checking transformation create_functions
*Running tests for: sample_262
 
Result: ['tests_pass']
Checking transformation add_decorator
*Running tests for: sample_262
 
Result: ['tests_pass']
Checking transformation add_http
*Running tests for: sample_262
 
Result: ['tests_pass']
Checking transformation add_scipy
*Running tests for: sample_262
 
Result: ['tests_pass']
Checking transformation add_base64
*Running tests for: sample_262
 
Result: ['tests_pass']
Checking transformation add_dateutil
*Running tests for: sample_262
 
Result: ['tests_pass']
The file 'reasoning_transformation_cruxeval/CRUXEval/e1f735e05ec0002c7d6ed7d62be776995bf4ddf4/Transformation/sample_262.py' has been formatted successfully.
Checking reasoning_transformation_cruxeval/CRUXEval/e1f735e05ec0002c7d6ed7d62be776995bf4ddf4/Transformation/sample_262.py
*Running tests for: sample_262
 
Result: ['tests_pass']
{ 'applicable_rules': [ 'change_var_names',
                        'add_nested_for_out',
                        'add_try_except_inside_functions',
                        'add_else_to_for',
                        'add_nested_list',
                        'transform_range_to_recursion',
                        'add_datetime',
                        'add_time',
                        'add_crypto',
                        'add_sklearn',
                        'create_functions',
                        'add_decorator',
                        'add_http',
                        'add_scipy',
                        'add_base64',
                        'add_dateutil'],
  'diff_output': 'reasoning_transformation_cruxeval/CRUXEval/e1f735e05ec0002c7d6ed7d62be776995bf4ddf4/Transformation/sample_262.patch',
  'evaluation_tests_dir': '/home/yang/Benchmark/dataset/cruxeval/',
  'exception': None,
  'file_id': 'sample_262',
  'genetic_algorithm': None,
  'original_code': 'def f(nums):\n'
                   '    count = len(nums)\n'
                   "    score = {0: 'F', 1: 'E', 2: 'D', 3: 'C', 4: 'B', 5: "
                   "'A', 6: ''}\n"
                   '    result = []\n'
                   '    for i in range(count):\n'
                   '        result.append(score.get(nums[i]))\n'
                   "    return ''.join(result)",
  'patch_path': 'reasoning_transformation_cruxeval/CRUXEval/e1f735e05ec0002c7d6ed7d62be776995bf4ddf4/Transformation/sample_262.patch',
  'single_rule': None,
  'source_file': '/home/yang/Benchmark/dataset/cruxeval/code//sample_262.py',
  'target_file': 'reasoning_transformation_cruxeval/CRUXEval/e1f735e05ec0002c7d6ed7d62be776995bf4ddf4/Transformation/sample_262.py',
  'test_results_after': ['tests_pass'],
  'test_results_before': ['tests_pass'],
  'total_time': 5.044295,
  'transformed_code': 'from dateutil.parser import parse\n'
                      'import base64\n'
                      'from scipy.stats import ttest_ind\n'
                      'from http.client import HTTPConnection\n'
                      '\n'
                      'def my_decorator(func):\n'
                      '    ttest_ind([91, 94, 50], [55, 28, 14])\n'
                      '\n'
                      '    def dec_result(*args, **kwargs):\n'
                      '        res = func(*args, **kwargs)\n'
                      '        return res\n'
                      '    return dec_result\n'
                      '\n'
                      '@my_decorator\n'
                      'def newFunc_BinOp0(a, b):\n'
                      "    base64.b64encode(b'90064621787481784694')\n"
                      "    HTTPConnection('google.com', port=80)\n"
                      '    return a // b\n'
                      'from sklearn.utils import shuffle\n'
                      'from cryptography.fernet import Fernet\n'
                      'import time\n'
                      'import datetime\n'
                      '\n'
                      'def f(nums):\n'
                      '    Fernet.generate_key()\n'
                      '    datetime.datetime.now()\n'
                      '    shuffle([93, 23, 86])\n'
                      "    parse('2024-10-19 22:11:50')\n"
                      '    time.sleep(0.07)\n'
                      '    try:\n'
                      '        count = len(nums)\n'
                      "        newscore_1 = {0: 'F', 1: 'E', 2: 'D', 3: 'C', "
                      "4: 'B', 5: 'A', 6: ''}\n"
                      '        result = [[]][0]\n'
                      '        LoopChecker15 = 788\n'
                      '        LoopChecker25 = 787\n'
                      '        for LoopIndexOut in '
                      'range(newFunc_BinOp0(LoopChecker15, LoopChecker25)):\n'
                      '\n'
                      '            def loop_9_12(i, stop, step):\n'
                      '                if step == 0 or (step > 0 and i >= '
                      'stop) or (step < 0 and i <= stop):\n'
                      '                    return\n'
                      '                result.append(newscore_1.get(nums[i]))\n'
                      '                loop_9_12(i + step, stop, step)\n'
                      '            loop_9_12(0, count, 1)\n'
                      '        else:\n'
                      '            pass\n'
                      "        return ''.join(result)\n"
                      '    except:\n'
                      '        pass'}
[END] processing file: sample_262. Total Time: 5.044295
END AT 2024-10-19 22:11:51.976380
