STARTING AT 2024-10-19 22:09:43.000597
[START] processing file: sample_245
*Running tests for: sample_245
 
Result: ['tests_pass']
tests_pass sample_245 /home/yang/Benchmark/dataset/cruxeval/code//sample_245.py
Apply all rules on a single file.
Checking transformation add_nested_if
*Running tests for: sample_245
 
Result: ['tests_pass']
Checking transformation add_nested_list
*Running tests for: sample_245
 
Result: ['tests_pass']
Checking transformation add_datetime
*Running tests for: sample_245
 
Result: ['tests_pass']
Checking transformation add_time
*Running tests for: sample_245
 
Result: ['tests_pass']
Checking transformation create_functions
*Running tests for: sample_245
 
Result: ['tests_pass']
Checking transformation add_decorator
*Running tests for: sample_245
 
Result: ['tests_pass']
Checking transformation add_http
*Running tests for: sample_245
 
Result: ['tests_pass']
Checking transformation add_scipy
*Running tests for: sample_245
 
Result: ['tests_pass']
Checking transformation add_base64
*Running tests for: sample_245
 
Result: ['tests_pass']
Checking transformation add_dateutil
*Running tests for: sample_245
 
Result: ['tests_pass']
The file 'reasoning_transformation_cruxeval/CRUXEval/e1f735e05ec0002c7d6ed7d62be776995bf4ddf4/Transformation/sample_245.py' has been formatted successfully.
Checking reasoning_transformation_cruxeval/CRUXEval/e1f735e05ec0002c7d6ed7d62be776995bf4ddf4/Transformation/sample_245.py
*Running tests for: sample_245
 
Result: ['tests_pass']
{ 'applicable_rules': [ 'change_var_names',
                        'add_nested_if',
                        'add_try_except_inside_functions',
                        'add_nested_list',
                        'add_datetime',
                        'add_time',
                        'add_crypto',
                        'add_sklearn',
                        'create_functions',
                        'add_decorator',
                        'add_http',
                        'add_scipy',
                        'add_base64',
                        'add_dateutil'],
  'diff_output': 'reasoning_transformation_cruxeval/CRUXEval/e1f735e05ec0002c7d6ed7d62be776995bf4ddf4/Transformation/sample_245.patch',
  'evaluation_tests_dir': '/home/yang/Benchmark/dataset/cruxeval/',
  'exception': None,
  'file_id': 'sample_245',
  'genetic_algorithm': None,
  'original_code': 'def f(alphabet, s):\n'
                   '    a = [x for x in alphabet if x.upper() in s]\n'
                   '    if s.upper() == s:\n'
                   "        a.append('all_uppercased')\n"
                   '    return a',
  'patch_path': 'reasoning_transformation_cruxeval/CRUXEval/e1f735e05ec0002c7d6ed7d62be776995bf4ddf4/Transformation/sample_245.patch',
  'single_rule': None,
  'source_file': '/home/yang/Benchmark/dataset/cruxeval/code//sample_245.py',
  'target_file': 'reasoning_transformation_cruxeval/CRUXEval/e1f735e05ec0002c7d6ed7d62be776995bf4ddf4/Transformation/sample_245.py',
  'test_results_after': ['tests_pass'],
  'test_results_before': ['tests_pass'],
  'total_time': 4.632286,
  'transformed_code': 'from dateutil.parser import parse\n'
                      'import base64\n'
                      'from scipy.stats import ttest_ind\n'
                      'from http.client import HTTPConnection\n'
                      '\n'
                      'def my_decorator(func):\n'
                      '    ttest_ind([21, 48, 88], [53, 87, 78])\n'
                      '\n'
                      '    def dec_result(*args, **kwargs):\n'
                      '        res = func(*args, **kwargs)\n'
                      '        return res\n'
                      '    return dec_result\n'
                      '\n'
                      '@my_decorator\n'
                      'def newFunc_BinOp0(a, b):\n'
                      "    parse('2024-10-19 22:09:46')\n"
                      '    return a & b\n'
                      'from sklearn.utils import shuffle\n'
                      'from cryptography.fernet import Fernet\n'
                      'import time\n'
                      'import datetime\n'
                      '\n'
                      'def f(alphabet, s):\n'
                      '    Fernet.generate_key()\n'
                      "    HTTPConnection('google.com', port=80)\n"
                      '    shuffle([58, 95, 1])\n'
                      '    time.sleep(0.0)\n'
                      "    base64.b64encode(b'62947228108091200479')\n"
                      '    datetime.datetime.now()\n'
                      '    try:\n'
                      '        ConditionChecker13 = [87][0]\n'
                      '        ConditionChecker23 = 306\n'
                      '        newa_1 = [x for x in alphabet if x.upper() in '
                      's]\n'
                      '        if newFunc_BinOp0(ConditionChecker13, '
                      'ConditionChecker23):\n'
                      '            if s.upper() == s:\n'
                      "                newa_1.append('all_uppercased')\n"
                      '        return newa_1\n'
                      '    except:\n'
                      '        pass'}
[END] processing file: sample_245. Total Time: 4.632286
END AT 2024-10-19 22:09:47.634448
