STARTING AT 2024-10-19 22:46:35.052289
[START] processing file: sample_567
*Running tests for: sample_567
 
Result: ['tests_pass']
tests_pass sample_567 /home/yang/Benchmark/dataset/cruxeval/code//sample_567.py
Apply all rules on a single file.
Checking transformation add_nested_while_out
*Running tests for: sample_567
 
Result: ['tests_pass']
Checking transformation add_nested_list
*Running tests for: sample_567
 
Result: ['tests_pass']
Checking transformation add_datetime
*Running tests for: sample_567
 
Result: ['tests_pass']
Checking transformation add_time
*Running tests for: sample_567
 
Result: ['tests_pass']
def newFunc_16058(arg0, arg1):
    return arg0 + arg1
Checking transformation create_functions
*Running tests for: sample_567
 
Result: ['tests_pass']
Checking transformation add_decorator
*Running tests for: sample_567
 
Result: ['tests_pass']
Checking transformation add_http
*Running tests for: sample_567
 
Result: ['tests_pass']
Checking transformation add_scipy
*Running tests for: sample_567
 
Result: ['tests_pass']
Checking transformation add_base64
*Running tests for: sample_567
 
Result: ['tests_pass']
Checking transformation add_dateutil
*Running tests for: sample_567
 
Result: ['tests_pass']
The file 'reasoning_transformation_cruxeval/CRUXEval/e1f735e05ec0002c7d6ed7d62be776995bf4ddf4/Transformation/sample_567.py' has been formatted successfully.
Checking reasoning_transformation_cruxeval/CRUXEval/e1f735e05ec0002c7d6ed7d62be776995bf4ddf4/Transformation/sample_567.py
*Running tests for: sample_567
 
Result: ['tests_pass']
{ 'applicable_rules': [ 'change_var_names',
                        'add_nested_while_out',
                        'add_try_except_inside_functions',
                        'add_else_to_while',
                        'add_nested_list',
                        'add_datetime',
                        'add_time',
                        'add_crypto',
                        'add_sklearn',
                        'create_functions',
                        'add_decorator',
                        'add_http',
                        'add_scipy',
                        'add_base64',
                        'add_dateutil',
                        'changing_AugAssign'],
  'diff_output': 'reasoning_transformation_cruxeval/CRUXEval/e1f735e05ec0002c7d6ed7d62be776995bf4ddf4/Transformation/sample_567.patch',
  'evaluation_tests_dir': '/home/yang/Benchmark/dataset/cruxeval/',
  'exception': None,
  'file_id': 'sample_567',
  'genetic_algorithm': None,
  'original_code': 'def f(s, n):\n'
                   '    ls = s.rsplit()\n'
                   '    out = []\n'
                   '    while len(ls) >= n:\n'
                   '        out += ls[-n:]\n'
                   '        ls = ls[:-n]\n'
                   "    return ls + ['_'.join(out)]",
  'patch_path': 'reasoning_transformation_cruxeval/CRUXEval/e1f735e05ec0002c7d6ed7d62be776995bf4ddf4/Transformation/sample_567.patch',
  'single_rule': None,
  'source_file': '/home/yang/Benchmark/dataset/cruxeval/code//sample_567.py',
  'target_file': 'reasoning_transformation_cruxeval/CRUXEval/e1f735e05ec0002c7d6ed7d62be776995bf4ddf4/Transformation/sample_567.py',
  'test_results_after': ['tests_pass'],
  'test_results_before': ['tests_pass'],
  'total_time': 5.561171,
  'transformed_code': 'from dateutil.parser import parse\n'
                      'import base64\n'
                      'from scipy.stats import ttest_ind\n'
                      'from http.client import HTTPConnection\n'
                      '\n'
                      'def my_decorator(func):\n'
                      '\n'
                      '    def dec_result(*args, **kwargs):\n'
                      '        res = func(*args, **kwargs)\n'
                      '        return res\n'
                      '    return dec_result\n'
                      '\n'
                      '@my_decorator\n'
                      'def newFunc_16058(arg0, arg1):\n'
                      "    parse('2024-10-19 22:46:39')\n"
                      "    HTTPConnection('google.com', port=80)\n"
                      "    base64.b64encode(b'91353638444242245919')\n"
                      '    return arg0 + arg1\n'
                      'from sklearn.utils import shuffle\n'
                      'from cryptography.fernet import Fernet\n'
                      'import time\n'
                      'import datetime\n'
                      '\n'
                      'def f(s, n):\n'
                      '    time.sleep(0.13)\n'
                      '    datetime.datetime.now()\n'
                      '    Fernet.generate_key()\n'
                      '    ttest_ind([24, 13, 62], [79, 51, 89])\n'
                      '    shuffle([82, 96, 36])\n'
                      '    try:\n'
                      '        ls = s.rsplit()\n'
                      '        newout_1 = [[]][0]\n'
                      '        whileloopchecker14 = 15\n'
                      '        whileloopchecker24 = 14\n'
                      '        while whileloopchecker14 % whileloopchecker24 '
                      '== 1:\n'
                      '            whileloopchecker14 = whileloopchecker14 + '
                      '1\n'
                      '            while len(ls) >= n:\n'
                      '                newout_1 += ls[-n:]\n'
                      '                ls = ls[:-n]\n'
                      '        else:\n'
                      '            pass\n'
                      "        return newFunc_16058(ls, ['_'.join(newout_1)])\n"
                      '    except:\n'
                      '        pass'}
[END] processing file: sample_567. Total Time: 5.561171
END AT 2024-10-19 22:46:40.614644
