STARTING AT 2024-10-19 21:59:56.071991
[START] processing file: sample_163
*Running tests for: sample_163
 
Result: ['tests_pass']
tests_pass sample_163 /home/yang/Benchmark/dataset/cruxeval/code//sample_163.py
Apply all rules on a single file.
Checking transformation add_datetime
*Running tests for: sample_163
 
Result: ['tests_pass']
Checking transformation add_time
*Running tests for: sample_163
 
Result: ['tests_pass']
def newFunc_36087(arg0, arg1):
    return arg0 + arg1
Checking transformation create_functions
*Running tests for: sample_163
 
Result: ['tests_pass']
Checking transformation add_decorator
*Running tests for: sample_163
 
Result: ['tests_pass']
Checking transformation add_http
*Running tests for: sample_163
 
Result: ['tests_pass']
Checking transformation add_scipy
*Running tests for: sample_163
 
Result: ['tests_pass']
Checking transformation add_base64
*Running tests for: sample_163
 
Result: ['tests_pass']
Checking transformation add_dateutil
*Running tests for: sample_163
 
Result: ['tests_pass']
The file 'reasoning_transformation_cruxeval/CRUXEval/e1f735e05ec0002c7d6ed7d62be776995bf4ddf4/Transformation/sample_163.py' has been formatted successfully.
Checking reasoning_transformation_cruxeval/CRUXEval/e1f735e05ec0002c7d6ed7d62be776995bf4ddf4/Transformation/sample_163.py
*Running tests for: sample_163
 
Result: ['tests_pass']
{ 'applicable_rules': [ 'change_var_names',
                        'add_try_except_inside_functions',
                        'add_datetime',
                        'add_time',
                        'add_crypto',
                        'add_sklearn',
                        'create_functions',
                        'add_decorator',
                        'add_http',
                        'add_scipy',
                        'add_base64',
                        'add_dateutil'],
  'diff_output': 'reasoning_transformation_cruxeval/CRUXEval/e1f735e05ec0002c7d6ed7d62be776995bf4ddf4/Transformation/sample_163.patch',
  'evaluation_tests_dir': '/home/yang/Benchmark/dataset/cruxeval/',
  'exception': None,
  'file_id': 'sample_163',
  'genetic_algorithm': None,
  'original_code': 'def f(text, space_symbol, size):\n'
                   "    spaces = ''.join((space_symbol for i in range(size - "
                   'len(text))))\n'
                   '    return text + spaces',
  'patch_path': 'reasoning_transformation_cruxeval/CRUXEval/e1f735e05ec0002c7d6ed7d62be776995bf4ddf4/Transformation/sample_163.patch',
  'single_rule': None,
  'source_file': '/home/yang/Benchmark/dataset/cruxeval/code//sample_163.py',
  'target_file': 'reasoning_transformation_cruxeval/CRUXEval/e1f735e05ec0002c7d6ed7d62be776995bf4ddf4/Transformation/sample_163.py',
  'test_results_after': ['tests_pass'],
  'test_results_before': ['tests_pass'],
  'total_time': 4.480137,
  'transformed_code': 'from dateutil.parser import parse\n'
                      'import base64\n'
                      'from scipy.stats import ttest_ind\n'
                      'from http.client import HTTPConnection\n'
                      '\n'
                      'def my_decorator(func):\n'
                      "    base64.b64encode(b'65319251041897498218')\n"
                      '\n'
                      '    def dec_result(*args, **kwargs):\n'
                      '        res = func(*args, **kwargs)\n'
                      '        return res\n'
                      '    ttest_ind([52, 100, 83], [46, 39, 89])\n'
                      '    return dec_result\n'
                      '\n'
                      '@my_decorator\n'
                      'def newFunc_36087(arg0, arg1):\n'
                      "    parse('2024-10-19 21:59:59')\n"
                      '    return arg0 + arg1\n'
                      'from sklearn.utils import shuffle\n'
                      'from cryptography.fernet import Fernet\n'
                      'import time\n'
                      'import datetime\n'
                      '\n'
                      'def f(text, space_symbol, size):\n'
                      '    time.sleep(0.0)\n'
                      '    Fernet.generate_key()\n'
                      "    HTTPConnection('google.com', port=80)\n"
                      '    datetime.datetime.now()\n'
                      '    shuffle([68, 79, 46])\n'
                      '    try:\n'
                      "        newspaces_1 = ''.join((space_symbol for i in "
                      'range(size - len(text))))\n'
                      '        return newFunc_36087(text, newspaces_1)\n'
                      '    except:\n'
                      '        pass'}
[END] processing file: sample_163. Total Time: 4.480137
END AT 2024-10-19 22:00:00.554205
