STARTING AT 2024-10-19 23:03:08.019215
[START] processing file: sample_747
*Running tests for: sample_747
 
Result: ['tests_pass']
tests_pass sample_747 /home/yang/Benchmark/dataset/cruxeval/code//sample_747.py
Apply all rules on a single file.
Checking transformation add_nested_for_out
*Running tests for: sample_747
 
Result: ['tests_pass']
Checking transformation add_nested_if
*Running tests for: sample_747
 
Result: ['tests_pass']
Checking transformation add_nested_list
*Running tests for: sample_747
 
Result: ['tests_pass']
Checking transformation transform_range_to_recursion
*Running tests for: sample_747
 
Result: ['tests_pass']
Checking transformation add_datetime
*Running tests for: sample_747
 
Result: ['tests_pass']
Checking transformation add_time
*Running tests for: sample_747
 
Result: ['tests_pass']
Checking transformation create_functions
*Running tests for: sample_747
 
Result: ['tests_pass']
Checking transformation add_decorator
*Running tests for: sample_747
 
Result: ['tests_pass']
Checking transformation add_http
*Running tests for: sample_747
 
Result: ['tests_pass']
Checking transformation add_scipy
*Running tests for: sample_747
 
Result: ['tests_pass']
Checking transformation add_base64
*Running tests for: sample_747
 
Result: ['tests_pass']
Checking transformation add_dateutil
*Running tests for: sample_747
 
Result: ['tests_pass']
The file 'reasoning_transformation_cruxeval/CRUXEval/e1f735e05ec0002c7d6ed7d62be776995bf4ddf4/Transformation/sample_747.py' has been formatted successfully.
Checking reasoning_transformation_cruxeval/CRUXEval/e1f735e05ec0002c7d6ed7d62be776995bf4ddf4/Transformation/sample_747.py
*Running tests for: sample_747
 
Result: ['tests_pass']
{ 'applicable_rules': [ 'change_var_names',
                        'add_nested_for_out',
                        'add_nested_if',
                        'add_try_except_inside_functions',
                        'add_else_to_for',
                        'add_nested_list',
                        'transform_range_to_recursion',
                        'add_datetime',
                        'add_time',
                        'add_crypto',
                        'add_sklearn',
                        'create_functions',
                        'add_decorator',
                        'add_http',
                        'add_scipy',
                        'add_base64',
                        'add_dateutil'],
  'diff_output': 'reasoning_transformation_cruxeval/CRUXEval/e1f735e05ec0002c7d6ed7d62be776995bf4ddf4/Transformation/sample_747.patch',
  'evaluation_tests_dir': '/home/yang/Benchmark/dataset/cruxeval/',
  'exception': None,
  'file_id': 'sample_747',
  'genetic_algorithm': None,
  'original_code': 'def f(text):\n'
                   "    if text == '42.42':\n"
                   '        return True\n'
                   '    for i in range(3, len(text) - 3):\n'
                   "        if text[i] == '.' and text[i - 3:].isdigit() and "
                   'text[:i].isdigit():\n'
                   '            return True\n'
                   '    return False',
  'patch_path': 'reasoning_transformation_cruxeval/CRUXEval/e1f735e05ec0002c7d6ed7d62be776995bf4ddf4/Transformation/sample_747.patch',
  'single_rule': None,
  'source_file': '/home/yang/Benchmark/dataset/cruxeval/code//sample_747.py',
  'target_file': 'reasoning_transformation_cruxeval/CRUXEval/e1f735e05ec0002c7d6ed7d62be776995bf4ddf4/Transformation/sample_747.py',
  'test_results_after': ['tests_pass'],
  'test_results_before': ['tests_pass'],
  'total_time': 5.735173,
  'transformed_code': 'from dateutil.parser import parse\n'
                      'import base64\n'
                      'from scipy.stats import ttest_ind\n'
                      'from http.client import HTTPConnection\n'
                      '\n'
                      'def my_decorator(func):\n'
                      '\n'
                      '    def dec_result(*args, **kwargs):\n'
                      '        res = func(*args, **kwargs)\n'
                      '        return res\n'
                      "    parse('2024-10-19 23:03:12')\n"
                      '    ttest_ind([25, 65, 3], [41, 22, 49])\n'
                      '    return dec_result\n'
                      '\n'
                      '@my_decorator\n'
                      'def newFunc_BinOp0(a, b):\n'
                      "    base64.b64encode(b'56015106469525162470')\n"
                      "    HTTPConnection('google.com', port=80)\n"
                      '    return a & b\n'
                      'from sklearn.utils import shuffle\n'
                      'from cryptography.fernet import Fernet\n'
                      'import time\n'
                      'import datetime\n'
                      '\n'
                      'def f(text):\n'
                      '    Fernet.generate_key()\n'
                      '    time.sleep(0.11)\n'
                      '    datetime.datetime.now()\n'
                      '    shuffle([63, 93, 87])\n'
                      '    try:\n'
                      '        ConditionChecker12 = [60][0]\n'
                      '        ConditionChecker22 = 600\n'
                      '        if newFunc_BinOp0(ConditionChecker12, '
                      'ConditionChecker22):\n'
                      "            if text == '42.42':\n"
                      '                return True\n'
                      '        LoopChecker14 = 838\n'
                      '        LoopChecker24 = 837\n'
                      '        for LoopIndexOut in range(LoopChecker14 // '
                      'LoopChecker24):\n'
                      '\n'
                      '            def loop_11_12(newi_1, stop, step):\n'
                      '                if step == 0 or (step > 0 and newi_1 >= '
                      'stop) or (step < 0 and newi_1 <= stop):\n'
                      '                    return\n'
                      "                if text[newi_1] == '.' and text[newi_1 "
                      '- 3:].isdigit() and text[:newi_1].isdigit():\n'
                      '                    return True\n'
                      '                loop_11_12(newi_1 + step, stop, step)\n'
                      '            loop_11_12(3, len(text) - 3, 1)\n'
                      '        else:\n'
                      '            pass\n'
                      '        return False\n'
                      '    except:\n'
                      '        pass'}
[END] processing file: sample_747. Total Time: 5.735173
END AT 2024-10-19 23:03:13.756786
