STARTING AT 2024-10-19 22:25:53.269555
[START] processing file: sample_382
*Running tests for: sample_382
 
Result: ['tests_pass']
tests_pass sample_382 /home/yang/Benchmark/dataset/cruxeval/code//sample_382.py
Apply all rules on a single file.
Checking transformation add_datetime
*Running tests for: sample_382
 
Result: ['tests_pass']
Checking transformation add_time
*Running tests for: sample_382
 
Result: ['tests_pass']
Checking transformation add_decorator
*Running tests for: sample_382
 
Result: ['tests_pass']
Checking transformation add_http
*Running tests for: sample_382
 
Result: ['tests_pass']
Checking transformation add_scipy
*Running tests for: sample_382
 
Result: ['tests_pass']
Checking transformation add_base64
*Running tests for: sample_382
 
Result: ['tests_pass']
Checking transformation add_dateutil
*Running tests for: sample_382
 
Result: ['tests_pass']
The file 'reasoning_transformation_cruxeval/CRUXEval/e1f735e05ec0002c7d6ed7d62be776995bf4ddf4/Transformation/sample_382.py' has been formatted successfully.
Checking reasoning_transformation_cruxeval/CRUXEval/e1f735e05ec0002c7d6ed7d62be776995bf4ddf4/Transformation/sample_382.py
*Running tests for: sample_382
 
Result: ['tests_pass']
{ 'applicable_rules': [ 'change_var_names',
                        'add_try_except_inside_functions',
                        'add_datetime',
                        'add_time',
                        'add_crypto',
                        'add_sklearn',
                        'add_decorator',
                        'add_http',
                        'add_scipy',
                        'add_base64',
                        'add_dateutil'],
  'diff_output': 'reasoning_transformation_cruxeval/CRUXEval/e1f735e05ec0002c7d6ed7d62be776995bf4ddf4/Transformation/sample_382.patch',
  'evaluation_tests_dir': '/home/yang/Benchmark/dataset/cruxeval/',
  'exception': None,
  'file_id': 'sample_382',
  'genetic_algorithm': None,
  'original_code': 'def f(a):\n'
                   '    s = dict(list(a.items())[::-1])\n'
                   "    return ' '.join([str(i) for i in s.items()])",
  'patch_path': 'reasoning_transformation_cruxeval/CRUXEval/e1f735e05ec0002c7d6ed7d62be776995bf4ddf4/Transformation/sample_382.patch',
  'single_rule': None,
  'source_file': '/home/yang/Benchmark/dataset/cruxeval/code//sample_382.py',
  'target_file': 'reasoning_transformation_cruxeval/CRUXEval/e1f735e05ec0002c7d6ed7d62be776995bf4ddf4/Transformation/sample_382.py',
  'test_results_after': ['tests_pass'],
  'test_results_before': ['tests_pass'],
  'total_time': 6.097248,
  'transformed_code': 'from dateutil.parser import parse\n'
                      'import base64\n'
                      'from scipy.stats import ttest_ind\n'
                      'from http.client import HTTPConnection\n'
                      '\n'
                      'def my_decorator(func):\n'
                      "    HTTPConnection('google.com', port=80)\n"
                      '\n'
                      '    def dec_result(*args, **kwargs):\n'
                      '        res = func(*args, **kwargs)\n'
                      '        return res\n'
                      '    return dec_result\n'
                      'from sklearn.utils import shuffle\n'
                      'from cryptography.fernet import Fernet\n'
                      'import time\n'
                      'import datetime\n'
                      '\n'
                      '@my_decorator\n'
                      'def f(a):\n'
                      '    time.sleep(0.3)\n'
                      '    Fernet.generate_key()\n'
                      "    base64.b64encode(b'17818135156813389007')\n"
                      '    ttest_ind([4, 59, 67], [7, 94, 27])\n'
                      '    shuffle([68, 27, 77])\n'
                      '    datetime.datetime.now()\n'
                      "    parse('2024-10-19 22:25:57')\n"
                      '    try:\n'
                      '        s = dict(list(a.items())[::-1])\n'
                      "        return ' '.join([str(newi_1) for newi_1 in "
                      's.items()])\n'
                      '    except:\n'
                      '        pass'}
[END] processing file: sample_382. Total Time: 6.097248
END AT 2024-10-19 22:25:59.368154
