STARTING AT 2024-10-19 22:10:06.314163
[START] processing file: sample_249
*Running tests for: sample_249
 
Result: ['tests_pass']
tests_pass sample_249 /home/yang/Benchmark/dataset/cruxeval/code//sample_249.py
Apply all rules on a single file.
Checking transformation add_nested_for_out
*Running tests for: sample_249
 
Result: ['tests_pass']
Checking transformation add_nested_if
*Running tests for: sample_249
 
Result: ['tests_pass']
Checking transformation add_nested_list
*Running tests for: sample_249
 
Result: ['tests_pass']
Checking transformation transform_range_to_recursion
*Running tests for: sample_249
 
Result: ['tests_pass']
Checking transformation add_datetime
*Running tests for: sample_249
 
Result: ['tests_pass']
Checking transformation add_time
*Running tests for: sample_249
 
Result: ['tests_pass']
Checking transformation create_functions
*Running tests for: sample_249
 
Result: ['tests_pass']
Checking transformation add_decorator
*Running tests for: sample_249
 
Result: ['tests_pass']
Checking transformation add_http
*Running tests for: sample_249
 
Result: ['tests_pass']
Checking transformation add_scipy
*Running tests for: sample_249
 
Result: ['tests_pass']
Checking transformation add_base64
*Running tests for: sample_249
 
Result: ['tests_pass']
Checking transformation add_dateutil
*Running tests for: sample_249
 
Result: ['tests_pass']
The file 'reasoning_transformation_cruxeval/CRUXEval/e1f735e05ec0002c7d6ed7d62be776995bf4ddf4/Transformation/sample_249.py' has been formatted successfully.
Checking reasoning_transformation_cruxeval/CRUXEval/e1f735e05ec0002c7d6ed7d62be776995bf4ddf4/Transformation/sample_249.py
*Running tests for: sample_249
 
Result: ['tests_pass']
{ 'applicable_rules': [ 'change_var_names',
                        'add_nested_for_out',
                        'add_nested_if',
                        'add_try_except_inside_functions',
                        'add_else_to_for',
                        'add_nested_list',
                        'transform_range_to_recursion',
                        'add_datetime',
                        'add_time',
                        'add_crypto',
                        'add_sklearn',
                        'create_functions',
                        'add_decorator',
                        'add_http',
                        'add_scipy',
                        'add_base64',
                        'add_dateutil'],
  'diff_output': 'reasoning_transformation_cruxeval/CRUXEval/e1f735e05ec0002c7d6ed7d62be776995bf4ddf4/Transformation/sample_249.patch',
  'evaluation_tests_dir': '/home/yang/Benchmark/dataset/cruxeval/',
  'exception': None,
  'file_id': 'sample_249',
  'genetic_algorithm': None,
  'original_code': 'def f(s):\n'
                   '    count = {}\n'
                   '    for i in s:\n'
                   '        if i.islower():\n'
                   '            count[i.lower()] = s.count(i.lower()) + '
                   'count.get(i.lower(), 0)\n'
                   '        else:\n'
                   '            count[i.lower()] = s.count(i.upper()) + '
                   'count.get(i.lower(), 0)\n'
                   '    return count',
  'patch_path': 'reasoning_transformation_cruxeval/CRUXEval/e1f735e05ec0002c7d6ed7d62be776995bf4ddf4/Transformation/sample_249.patch',
  'single_rule': None,
  'source_file': '/home/yang/Benchmark/dataset/cruxeval/code//sample_249.py',
  'target_file': 'reasoning_transformation_cruxeval/CRUXEval/e1f735e05ec0002c7d6ed7d62be776995bf4ddf4/Transformation/sample_249.py',
  'test_results_after': ['tests_pass'],
  'test_results_before': ['tests_pass'],
  'total_time': 7.683155,
  'transformed_code': 'from dateutil.parser import parse\n'
                      'import base64\n'
                      'from scipy.stats import ttest_ind\n'
                      'from http.client import HTTPConnection\n'
                      '\n'
                      'def my_decorator(func):\n'
                      "    parse('2024-10-19 22:10:12')\n"
                      "    base64.b64encode(b'26526777686418647052')\n"
                      '\n'
                      '    def dec_result(*args, **kwargs):\n'
                      '        res = func(*args, **kwargs)\n'
                      '        return res\n'
                      '    ttest_ind([90, 46, 52], [71, 100, 62])\n'
                      '    return dec_result\n'
                      '\n'
                      '@my_decorator\n'
                      'def newFunc0_24(variable_8_24, s, i, newcount_1):\n'
                      "    HTTPConnection('google.com', port=80)\n"
                      '    return s.count(i.lower()) + '
                      'newcount_1.get(i.lower(), variable_8_24)\n'
                      'from sklearn.utils import shuffle\n'
                      'from cryptography.fernet import Fernet\n'
                      'import time\n'
                      'import datetime\n'
                      '\n'
                      'def f(s):\n'
                      '    time.sleep(0.28)\n'
                      '    shuffle([8, 90, 62])\n'
                      '    datetime.datetime.now()\n'
                      '    Fernet.generate_key()\n'
                      '    try:\n'
                      '        newcount_1 = {}\n'
                      '        LoopChecker13 = [259][0]\n'
                      '        LoopChecker23 = 258\n'
                      '        ConditionChecker17 = 164\n'
                      '        ConditionChecker27 = 167\n'
                      '\n'
                      '        def loop_8_8(LoopIndexOut, stop, step):\n'
                      '            if step == 0 or (step > 0 and LoopIndexOut '
                      '>= stop) or (step < 0 and LoopIndexOut <= stop):\n'
                      '                return\n'
                      '            for i in s:\n'
                      '                if ConditionChecker17 & '
                      'ConditionChecker27:\n'
                      '                    if i.islower():\n'
                      '                        variable_8_24 = 0\n'
                      '                        newcount_1[i.lower()] = '
                      'newFunc0_24(variable_8_24, s, i, newcount_1)\n'
                      '                    else:\n'
                      '                        newcount_1[i.lower()] = '
                      's.count(i.upper()) + newcount_1.get(i.lower(), 0)\n'
                      '            loop_8_8(LoopIndexOut + step, stop, step)\n'
                      '        loop_8_8(0, LoopChecker13 // LoopChecker23, 1)\n'
                      '        return newcount_1\n'
                      '    except:\n'
                      '        pass'}
[END] processing file: sample_249. Total Time: 7.683155
END AT 2024-10-19 22:10:13.999666
