STARTING AT 2024-10-19 22:20:05.426757
[START] processing file: sample_332
*Running tests for: sample_332
 
Result: ['tests_pass']
tests_pass sample_332 /home/yang/Benchmark/dataset/cruxeval/code//sample_332.py
Apply all rules on a single file.
Checking transformation add_nested_if
*Running tests for: sample_332
 
Result: ['tests_pass']
Checking transformation add_nested_list
*Running tests for: sample_332
 
Result: ['tests_pass']
Checking transformation add_datetime
*Running tests for: sample_332
 
Result: ['tests_pass']
Checking transformation add_time
*Running tests for: sample_332
 
Result: ['tests_pass']
Checking transformation create_functions
*Running tests for: sample_332
 
Result: ['tests_pass']
Checking transformation add_decorator
*Running tests for: sample_332
 
Result: ['tests_pass']
Checking transformation add_http
*Running tests for: sample_332
 
Result: ['tests_pass']
Checking transformation add_scipy
*Running tests for: sample_332
 
Result: ['tests_pass']
Checking transformation add_base64
*Running tests for: sample_332
 
Result: ['tests_pass']
Checking transformation add_dateutil
*Running tests for: sample_332
 
Result: ['tests_pass']
The file 'reasoning_transformation_cruxeval/CRUXEval/e1f735e05ec0002c7d6ed7d62be776995bf4ddf4/Transformation/sample_332.py' has been formatted successfully.
Checking reasoning_transformation_cruxeval/CRUXEval/e1f735e05ec0002c7d6ed7d62be776995bf4ddf4/Transformation/sample_332.py
*Running tests for: sample_332
 
Result: ['tests_pass']
{ 'applicable_rules': [ 'change_var_names',
                        'add_nested_if',
                        'add_try_except_inside_functions',
                        'add_nested_list',
                        'add_datetime',
                        'add_time',
                        'add_crypto',
                        'add_sklearn',
                        'create_functions',
                        'add_decorator',
                        'add_http',
                        'add_scipy',
                        'add_base64',
                        'add_dateutil'],
  'diff_output': 'reasoning_transformation_cruxeval/CRUXEval/e1f735e05ec0002c7d6ed7d62be776995bf4ddf4/Transformation/sample_332.patch',
  'evaluation_tests_dir': '/home/yang/Benchmark/dataset/cruxeval/',
  'exception': None,
  'file_id': 'sample_332',
  'genetic_algorithm': None,
  'original_code': 'def f(nums):\n'
                   '    count = len(nums)\n'
                   '    if count == 0:\n'
                   '        nums = [0] * int(nums.pop())\n'
                   '    elif count % 2 == 0:\n'
                   '        nums.clear()\n'
                   '    else:\n'
                   '        del nums[:count // 2]\n'
                   '    return nums',
  'patch_path': 'reasoning_transformation_cruxeval/CRUXEval/e1f735e05ec0002c7d6ed7d62be776995bf4ddf4/Transformation/sample_332.patch',
  'single_rule': None,
  'source_file': '/home/yang/Benchmark/dataset/cruxeval/code//sample_332.py',
  'target_file': 'reasoning_transformation_cruxeval/CRUXEval/e1f735e05ec0002c7d6ed7d62be776995bf4ddf4/Transformation/sample_332.py',
  'test_results_after': ['tests_pass'],
  'test_results_before': ['tests_pass'],
  'total_time': 6.853454,
  'transformed_code': 'from dateutil.parser import parse\n'
                      'import base64\n'
                      'from scipy.stats import ttest_ind\n'
                      'from http.client import HTTPConnection\n'
                      '\n'
                      'def my_decorator(func):\n'
                      "    parse('2024-10-19 22:20:10')\n"
                      '\n'
                      '    def dec_result(*args, **kwargs):\n'
                      '        res = func(*args, **kwargs)\n'
                      '        return res\n'
                      '    return dec_result\n'
                      '\n'
                      '@my_decorator\n'
                      'def newFunc0_17(nums, int, variable_1_17):\n'
                      '    return variable_1_17 * int(nums.pop())\n'
                      'from sklearn.utils import shuffle\n'
                      'from cryptography.fernet import Fernet\n'
                      'import time\n'
                      'import datetime\n'
                      '\n'
                      'def f(nums):\n'
                      '    datetime.datetime.now()\n'
                      "    HTTPConnection('google.com', port=80)\n"
                      '    shuffle([49, 38, 63])\n'
                      "    base64.b64encode(b'83785518777421258152')\n"
                      '    ttest_ind([60, 22, 10], [28, 25, 50])\n'
                      '    Fernet.generate_key()\n'
                      '    time.sleep(0.28)\n'
                      '    try:\n'
                      '        ConditionChecker13 = [270][0]\n'
                      '        ConditionChecker23 = 779\n'
                      '        newcount_1 = len(nums)\n'
                      '        if ConditionChecker13 & ConditionChecker23:\n'
                      '            if newcount_1 == 0:\n'
                      '                variable_1_17 = [0]\n'
                      '                nums = newFunc0_17(nums, int, '
                      'variable_1_17)\n'
                      '            elif newcount_1 % 2 == 0:\n'
                      '                nums.clear()\n'
                      '            else:\n'
                      '                del nums[:newcount_1 // 2]\n'
                      '        return nums\n'
                      '    except:\n'
                      '        pass'}
[END] processing file: sample_332. Total Time: 6.853454
END AT 2024-10-19 22:20:12.281764
