STARTING AT 2024-10-19 23:05:29.722313
[START] processing file: sample_768
*Running tests for: sample_768
 
Result: ['tests_pass']
tests_pass sample_768 /home/yang/Benchmark/dataset/cruxeval/code//sample_768.py
Apply all rules on a single file.
Checking transformation add_nested_if
*Running tests for: sample_768
 
Result: ['tests_pass']
Checking transformation add_nested_list
*Running tests for: sample_768
 
Result: ['tests_pass']
Checking transformation add_datetime
*Running tests for: sample_768
 
Result: ['tests_pass']
Checking transformation add_time
*Running tests for: sample_768
 
Result: ['tests_pass']
def newFunc_40813(arg0, arg1):
    return arg0 + arg1
Checking transformation create_functions
*Running tests for: sample_768
 
Result: ['tests_pass']
Checking transformation add_decorator
*Running tests for: sample_768
 
Result: ['tests_pass']
Checking transformation add_http
*Running tests for: sample_768
 
Result: ['tests_pass']
Checking transformation add_scipy
*Running tests for: sample_768
 
Result: ['tests_pass']
Checking transformation add_base64
*Running tests for: sample_768
 
Result: ['tests_pass']
Checking transformation add_dateutil
*Running tests for: sample_768
 
Result: ['tests_pass']
The file 'reasoning_transformation_cruxeval/CRUXEval/e1f735e05ec0002c7d6ed7d62be776995bf4ddf4/Transformation/sample_768.py' has been formatted successfully.
Checking reasoning_transformation_cruxeval/CRUXEval/e1f735e05ec0002c7d6ed7d62be776995bf4ddf4/Transformation/sample_768.py
*Running tests for: sample_768
 
Result: ['tests_pass']
{ 'applicable_rules': [ 'add_nested_if',
                        'add_try_except_inside_functions',
                        'add_nested_list',
                        'add_datetime',
                        'add_time',
                        'add_crypto',
                        'add_sklearn',
                        'create_functions',
                        'add_decorator',
                        'add_http',
                        'add_scipy',
                        'add_base64',
                        'add_dateutil'],
  'diff_output': 'reasoning_transformation_cruxeval/CRUXEval/e1f735e05ec0002c7d6ed7d62be776995bf4ddf4/Transformation/sample_768.patch',
  'evaluation_tests_dir': '/home/yang/Benchmark/dataset/cruxeval/',
  'exception': None,
  'file_id': 'sample_768',
  'genetic_algorithm': None,
  'original_code': 'def f(s, o):\n'
                   '    if s.startswith(o):\n'
                   '        return s\n'
                   '    return o + f(s, o[-2::-1])',
  'patch_path': 'reasoning_transformation_cruxeval/CRUXEval/e1f735e05ec0002c7d6ed7d62be776995bf4ddf4/Transformation/sample_768.patch',
  'single_rule': None,
  'source_file': '/home/yang/Benchmark/dataset/cruxeval/code//sample_768.py',
  'target_file': 'reasoning_transformation_cruxeval/CRUXEval/e1f735e05ec0002c7d6ed7d62be776995bf4ddf4/Transformation/sample_768.py',
  'test_results_after': ['tests_pass'],
  'test_results_before': ['tests_pass'],
  'total_time': 7.112464,
  'transformed_code': 'from dateutil.parser import parse\n'
                      'import base64\n'
                      'from scipy.stats import ttest_ind\n'
                      'from http.client import HTTPConnection\n'
                      '\n'
                      'def my_decorator(func):\n'
                      "    HTTPConnection('google.com', port=80)\n"
                      '\n'
                      '    def dec_result(*args, **kwargs):\n'
                      '        res = func(*args, **kwargs)\n'
                      '        return res\n'
                      '    return dec_result\n'
                      '\n'
                      '@my_decorator\n'
                      'def newFunc_40813(arg0, arg1):\n'
                      '    ttest_ind([35, 62, 14], [84, 62, 73])\n'
                      '    return arg0 + arg1\n'
                      'from sklearn.utils import shuffle\n'
                      'from cryptography.fernet import Fernet\n'
                      'import time\n'
                      'import datetime\n'
                      '\n'
                      'def f(s, o):\n'
                      "    parse('2024-10-19 23:05:34')\n"
                      '    datetime.datetime.now()\n'
                      '    time.sleep(0.17)\n'
                      '    shuffle([68, 63, 21])\n'
                      '    Fernet.generate_key()\n'
                      "    base64.b64encode(b'29885861647615559399')\n"
                      '    try:\n'
                      '        ConditionChecker12 = [594][0]\n'
                      '        ConditionChecker22 = 126\n'
                      '        if ConditionChecker12 & ConditionChecker22:\n'
                      '            if s.startswith(o):\n'
                      '                return s\n'
                      '        return newFunc_40813(o, f(s, o[-2::-1]))\n'
                      '    except:\n'
                      '        pass'}
[END] processing file: sample_768. Total Time: 7.112464
END AT 2024-10-19 23:05:36.836146
