STARTING AT 2024-10-19 21:57:15.886066
[START] processing file: sample_141
*Running tests for: sample_141
 
Result: ['tests_pass']
tests_pass sample_141 /home/yang/Benchmark/dataset/cruxeval/code//sample_141.py
Apply all rules on a single file.
Checking transformation add_datetime
*Running tests for: sample_141
 
Result: ['tests_pass']
Checking transformation add_time
*Running tests for: sample_141
 
Result: ['tests_pass']
Checking transformation add_decorator
*Running tests for: sample_141
 
Result: ['tests_pass']
Checking transformation add_http
*Running tests for: sample_141
 
Result: ['tests_pass']
Checking transformation add_scipy
*Running tests for: sample_141
 
Result: ['tests_pass']
Checking transformation add_base64
*Running tests for: sample_141
 
Result: ['tests_pass']
Checking transformation add_dateutil
*Running tests for: sample_141
 
Result: ['tests_pass']
The file 'reasoning_transformation_cruxeval/CRUXEval/e1f735e05ec0002c7d6ed7d62be776995bf4ddf4/Transformation/sample_141.py' has been formatted successfully.
Checking reasoning_transformation_cruxeval/CRUXEval/e1f735e05ec0002c7d6ed7d62be776995bf4ddf4/Transformation/sample_141.py
*Running tests for: sample_141
 
Result: ['tests_pass']
{ 'applicable_rules': [ 'change_var_names',
                        'add_try_except_inside_functions',
                        'add_datetime',
                        'add_time',
                        'add_crypto',
                        'add_sklearn',
                        'add_decorator',
                        'add_http',
                        'add_scipy',
                        'add_base64',
                        'add_dateutil'],
  'diff_output': 'reasoning_transformation_cruxeval/CRUXEval/e1f735e05ec0002c7d6ed7d62be776995bf4ddf4/Transformation/sample_141.patch',
  'evaluation_tests_dir': '/home/yang/Benchmark/dataset/cruxeval/',
  'exception': None,
  'file_id': 'sample_141',
  'genetic_algorithm': None,
  'original_code': 'def f(li):\n    return [li.count(i) for i in li]',
  'patch_path': 'reasoning_transformation_cruxeval/CRUXEval/e1f735e05ec0002c7d6ed7d62be776995bf4ddf4/Transformation/sample_141.patch',
  'single_rule': None,
  'source_file': '/home/yang/Benchmark/dataset/cruxeval/code//sample_141.py',
  'target_file': 'reasoning_transformation_cruxeval/CRUXEval/e1f735e05ec0002c7d6ed7d62be776995bf4ddf4/Transformation/sample_141.py',
  'test_results_after': ['tests_pass'],
  'test_results_before': ['tests_pass'],
  'total_time': 4.338107,
  'transformed_code': 'from dateutil.parser import parse\n'
                      'import base64\n'
                      'from scipy.stats import ttest_ind\n'
                      'from http.client import HTTPConnection\n'
                      '\n'
                      'def my_decorator(func):\n'
                      '\n'
                      '    def dec_result(*args, **kwargs):\n'
                      '        res = func(*args, **kwargs)\n'
                      '        return res\n'
                      '    return dec_result\n'
                      'from sklearn.utils import shuffle\n'
                      'from cryptography.fernet import Fernet\n'
                      'import time\n'
                      'import datetime\n'
                      '\n'
                      '@my_decorator\n'
                      'def f(li):\n'
                      '    shuffle([73, 32, 25])\n'
                      '    ttest_ind([68, 23, 96], [18, 41, 46])\n'
                      '    Fernet.generate_key()\n'
                      "    parse('2024-10-19 21:57:18')\n"
                      '    time.sleep(0.07)\n'
                      "    HTTPConnection('google.com', port=80)\n"
                      '    datetime.datetime.now()\n'
                      "    base64.b64encode(b'06337639616500912867')\n"
                      '    try:\n'
                      '        return [li.count(newi_1) for newi_1 in li]\n'
                      '    except:\n'
                      '        pass'}
[END] processing file: sample_141. Total Time: 4.338107
END AT 2024-10-19 21:57:20.225424
