STARTING AT 2024-10-19 22:28:38.899989
[START] processing file: sample_405
*Running tests for: sample_405
 
Result: ['tests_pass']
tests_pass sample_405 /home/yang/Benchmark/dataset/cruxeval/code//sample_405.py
Apply all rules on a single file.
Checking transformation add_nested_while_out
*Running tests for: sample_405
 
Result: ['tests_pass']
Checking transformation add_nested_list
*Running tests for: sample_405
 
Result: ['tests_pass']
Checking transformation add_datetime
*Running tests for: sample_405
 
Result: ['tests_pass']
Checking transformation add_time
*Running tests for: sample_405
 
Result: ['tests_pass']
Checking transformation create_functions
*Running tests for: sample_405
 
Result: ['tests_pass']
Checking transformation add_decorator
*Running tests for: sample_405
 
Result: ['tests_pass']
Checking transformation add_http
*Running tests for: sample_405
 
Result: ['tests_pass']
Checking transformation add_scipy
*Running tests for: sample_405
 
Result: ['tests_pass']
Checking transformation add_base64
*Running tests for: sample_405
 
Result: ['tests_pass']
Checking transformation add_dateutil
*Running tests for: sample_405
 
Result: ['tests_pass']
The file 'reasoning_transformation_cruxeval/CRUXEval/e1f735e05ec0002c7d6ed7d62be776995bf4ddf4/Transformation/sample_405.py' has been formatted successfully.
Checking reasoning_transformation_cruxeval/CRUXEval/e1f735e05ec0002c7d6ed7d62be776995bf4ddf4/Transformation/sample_405.py
*Running tests for: sample_405
 
Result: ['tests_pass']
{ 'applicable_rules': [ 'add_nested_while_out',
                        'add_try_except_inside_functions',
                        'add_else_to_while',
                        'add_nested_list',
                        'add_datetime',
                        'add_time',
                        'add_crypto',
                        'add_sklearn',
                        'create_functions',
                        'add_decorator',
                        'add_http',
                        'add_scipy',
                        'add_base64',
                        'add_dateutil',
                        'changing_AugAssign'],
  'diff_output': 'reasoning_transformation_cruxeval/CRUXEval/e1f735e05ec0002c7d6ed7d62be776995bf4ddf4/Transformation/sample_405.patch',
  'evaluation_tests_dir': '/home/yang/Benchmark/dataset/cruxeval/',
  'exception': None,
  'file_id': 'sample_405',
  'genetic_algorithm': None,
  'original_code': 'def f(xs):\n'
                   '    new_x = xs[0] - 1\n'
                   '    xs.pop(0)\n'
                   '    while new_x <= xs[0]:\n'
                   '        xs.pop(0)\n'
                   '        new_x -= 1\n'
                   '    xs.insert(0, new_x)\n'
                   '    return xs',
  'patch_path': 'reasoning_transformation_cruxeval/CRUXEval/e1f735e05ec0002c7d6ed7d62be776995bf4ddf4/Transformation/sample_405.patch',
  'single_rule': None,
  'source_file': '/home/yang/Benchmark/dataset/cruxeval/code//sample_405.py',
  'target_file': 'reasoning_transformation_cruxeval/CRUXEval/e1f735e05ec0002c7d6ed7d62be776995bf4ddf4/Transformation/sample_405.py',
  'test_results_after': ['tests_pass'],
  'test_results_before': ['tests_pass'],
  'total_time': 5.125653,
  'transformed_code': 'from dateutil.parser import parse\n'
                      'import base64\n'
                      'from scipy.stats import ttest_ind\n'
                      'from http.client import HTTPConnection\n'
                      '\n'
                      'def my_decorator(func):\n'
                      '    ttest_ind([92, 21, 97], [64, 59, 41])\n'
                      "    parse('2024-10-19 22:28:42')\n"
                      "    HTTPConnection('google.com', port=80)\n"
                      '\n'
                      '    def dec_result(*args, **kwargs):\n'
                      '        res = func(*args, **kwargs)\n'
                      '        return res\n'
                      '    return dec_result\n'
                      '\n'
                      '@my_decorator\n'
                      'def newFunc0_12(variable_1_12, variable_3_12):\n'
                      '    return variable_1_12 - variable_3_12\n'
                      'from sklearn.utils import shuffle\n'
                      'from cryptography.fernet import Fernet\n'
                      'import time\n'
                      'import datetime\n'
                      '\n'
                      'def f(xs):\n'
                      '    time.sleep(0.07)\n'
                      '    datetime.datetime.now()\n'
                      "    base64.b64encode(b'27201759940203695188')\n"
                      '    Fernet.generate_key()\n'
                      '    shuffle([98, 93, 34])\n'
                      '    try:\n'
                      '        variable_1_12 = xs[0]\n'
                      '        variable_3_12 = 1\n'
                      '        new_x = newFunc0_12(variable_1_12, '
                      'variable_3_12)\n'
                      '        xs.pop(0)\n'
                      '        whileloopchecker14 = [795][0]\n'
                      '        whileloopchecker24 = 794\n'
                      '        while whileloopchecker14 % whileloopchecker24 '
                      '== 1:\n'
                      '            whileloopchecker14 = whileloopchecker14 + '
                      '1\n'
                      '            while new_x <= xs[0]:\n'
                      '                xs.pop(0)\n'
                      '                new_x -= 1\n'
                      '        else:\n'
                      '            pass\n'
                      '        xs.insert(0, new_x)\n'
                      '        return xs\n'
                      '    except:\n'
                      '        pass'}
[END] processing file: sample_405. Total Time: 5.125653
END AT 2024-10-19 22:28:44.026828
