STARTING AT 2024-10-19 22:21:56.153738
[START] processing file: sample_349
*Running tests for: sample_349
 
Result: ['tests_pass']
tests_pass sample_349 /home/yang/Benchmark/dataset/cruxeval/code//sample_349.py
Apply all rules on a single file.
Checking transformation add_nested_list
*Running tests for: sample_349
 
Result: ['tests_pass']
Checking transformation add_datetime
*Running tests for: sample_349
 
Result: ['tests_pass']
Checking transformation add_time
*Running tests for: sample_349
 
Result: ['tests_pass']
Checking transformation add_decorator
*Running tests for: sample_349
 
Result: ['tests_pass']
Checking transformation add_http
*Running tests for: sample_349
 
Result: ['tests_pass']
Checking transformation add_scipy
*Running tests for: sample_349
 
Result: ['tests_pass']
Checking transformation add_base64
*Running tests for: sample_349
 
Result: ['tests_pass']
Checking transformation add_dateutil
*Running tests for: sample_349
 
Result: ['tests_pass']
The file 'reasoning_transformation_cruxeval/CRUXEval/e1f735e05ec0002c7d6ed7d62be776995bf4ddf4/Transformation/sample_349.py' has been formatted successfully.
Checking reasoning_transformation_cruxeval/CRUXEval/e1f735e05ec0002c7d6ed7d62be776995bf4ddf4/Transformation/sample_349.py
*Running tests for: sample_349
 
Result: ['tests_pass']
{ 'applicable_rules': [ 'change_var_names',
                        'add_try_except_inside_functions',
                        'add_nested_list',
                        'add_datetime',
                        'add_time',
                        'add_crypto',
                        'add_sklearn',
                        'add_decorator',
                        'add_http',
                        'add_scipy',
                        'add_base64',
                        'add_dateutil'],
  'diff_output': 'reasoning_transformation_cruxeval/CRUXEval/e1f735e05ec0002c7d6ed7d62be776995bf4ddf4/Transformation/sample_349.patch',
  'evaluation_tests_dir': '/home/yang/Benchmark/dataset/cruxeval/',
  'exception': None,
  'file_id': 'sample_349',
  'genetic_algorithm': None,
  'original_code': 'def f(dictionary):\n'
                   '    dictionary[1049] = 55\n'
                   '    (key, value) = dictionary.popitem()\n'
                   '    dictionary[key] = value\n'
                   '    return dictionary',
  'patch_path': 'reasoning_transformation_cruxeval/CRUXEval/e1f735e05ec0002c7d6ed7d62be776995bf4ddf4/Transformation/sample_349.patch',
  'single_rule': None,
  'source_file': '/home/yang/Benchmark/dataset/cruxeval/code//sample_349.py',
  'target_file': 'reasoning_transformation_cruxeval/CRUXEval/e1f735e05ec0002c7d6ed7d62be776995bf4ddf4/Transformation/sample_349.py',
  'test_results_after': ['tests_pass'],
  'test_results_before': ['tests_pass'],
  'total_time': 4.425457,
  'transformed_code': 'from dateutil.parser import parse\n'
                      'import base64\n'
                      'from scipy.stats import ttest_ind\n'
                      'from http.client import HTTPConnection\n'
                      '\n'
                      'def my_decorator(func):\n'
                      '\n'
                      '    def dec_result(*args, **kwargs):\n'
                      '        res = func(*args, **kwargs)\n'
                      '        return res\n'
                      '    ttest_ind([77, 48, 5], [28, 56, 93])\n'
                      "    base64.b64encode(b'52709291642439490431')\n"
                      '    return dec_result\n'
                      'from sklearn.utils import shuffle\n'
                      'from cryptography.fernet import Fernet\n'
                      'import time\n'
                      'import datetime\n'
                      '\n'
                      '@my_decorator\n'
                      'def f(dictionary):\n'
                      "    HTTPConnection('google.com', port=80)\n"
                      '    Fernet.generate_key()\n'
                      '    datetime.datetime.now()\n'
                      '    time.sleep(0.1)\n'
                      "    parse('2024-10-19 22:21:59')\n"
                      '    shuffle([20, 22, 80])\n'
                      '    try:\n'
                      '        dictionary[1049] = [55][0]\n'
                      '        (key, newvalue_1) = dictionary.popitem()\n'
                      '        dictionary[key] = newvalue_1\n'
                      '        return dictionary\n'
                      '    except:\n'
                      '        pass'}
[END] processing file: sample_349. Total Time: 4.425457
END AT 2024-10-19 22:22:00.580630
