STARTING AT 2024-10-19 22:12:51.213975
[START] processing file: sample_271
*Running tests for: sample_271
 
Result: ['tests_pass']
tests_pass sample_271 /home/yang/Benchmark/dataset/cruxeval/code//sample_271.py
Apply all rules on a single file.
Checking transformation add_nested_if
*Running tests for: sample_271
 
Result: ['tests_pass']
Checking transformation add_nested_list
*Running tests for: sample_271
 
Result: ['tests_pass']
Checking transformation add_datetime
*Running tests for: sample_271
 
Result: ['tests_pass']
Checking transformation add_time
*Running tests for: sample_271
 
Result: ['tests_pass']
Checking transformation create_functions
*Running tests for: sample_271
 
Result: ['tests_pass']
Checking transformation add_decorator
*Running tests for: sample_271
 
Result: ['tests_pass']
Checking transformation add_http
*Running tests for: sample_271
 
Result: ['tests_pass']
Checking transformation add_scipy
*Running tests for: sample_271
 
Result: ['tests_pass']
Checking transformation add_base64
*Running tests for: sample_271
 
Result: ['tests_pass']
Checking transformation add_dateutil
*Running tests for: sample_271
 
Result: ['tests_pass']
The file 'reasoning_transformation_cruxeval/CRUXEval/e1f735e05ec0002c7d6ed7d62be776995bf4ddf4/Transformation/sample_271.py' has been formatted successfully.
Checking reasoning_transformation_cruxeval/CRUXEval/e1f735e05ec0002c7d6ed7d62be776995bf4ddf4/Transformation/sample_271.py
*Running tests for: sample_271
 
Result: ['tests_pass']
{ 'applicable_rules': [ 'change_var_names',
                        'add_nested_if',
                        'add_try_except_inside_functions',
                        'add_nested_list',
                        'add_datetime',
                        'add_time',
                        'add_crypto',
                        'add_sklearn',
                        'create_functions',
                        'add_decorator',
                        'add_http',
                        'add_scipy',
                        'add_base64',
                        'add_dateutil'],
  'diff_output': 'reasoning_transformation_cruxeval/CRUXEval/e1f735e05ec0002c7d6ed7d62be776995bf4ddf4/Transformation/sample_271.patch',
  'evaluation_tests_dir': '/home/yang/Benchmark/dataset/cruxeval/',
  'exception': None,
  'file_id': 'sample_271',
  'genetic_algorithm': None,
  'original_code': 'def f(text, c):\n'
                   '    ls = list(text)\n'
                   '    if c not in text:\n'
                   "        raise ValueError('Text has no {c}')\n"
                   '    ls.pop(text.rindex(c))\n'
                   "    return ''.join(ls)",
  'patch_path': 'reasoning_transformation_cruxeval/CRUXEval/e1f735e05ec0002c7d6ed7d62be776995bf4ddf4/Transformation/sample_271.patch',
  'single_rule': None,
  'source_file': '/home/yang/Benchmark/dataset/cruxeval/code//sample_271.py',
  'target_file': 'reasoning_transformation_cruxeval/CRUXEval/e1f735e05ec0002c7d6ed7d62be776995bf4ddf4/Transformation/sample_271.py',
  'test_results_after': ['tests_pass'],
  'test_results_before': ['tests_pass'],
  'total_time': 5.912846,
  'transformed_code': 'from dateutil.parser import parse\n'
                      'import base64\n'
                      'from scipy.stats import ttest_ind\n'
                      'from http.client import HTTPConnection\n'
                      '\n'
                      'def my_decorator(func):\n'
                      '\n'
                      '    def dec_result(*args, **kwargs):\n'
                      '        res = func(*args, **kwargs)\n'
                      '        return res\n'
                      "    parse('2024-10-19 22:12:55')\n"
                      '    ttest_ind([91, 81, 12], [68, 43, 16])\n'
                      '    return dec_result\n'
                      '\n'
                      '@my_decorator\n'
                      'def newFunc_BinOp0(a, b):\n'
                      "    base64.b64encode(b'59001779355282341708')\n"
                      '    return a & b\n'
                      'from sklearn.utils import shuffle\n'
                      'from cryptography.fernet import Fernet\n'
                      'import time\n'
                      'import datetime\n'
                      '\n'
                      'def f(text, c):\n'
                      '    Fernet.generate_key()\n'
                      '    datetime.datetime.now()\n'
                      '    time.sleep(0.17)\n'
                      "    HTTPConnection('google.com', port=80)\n"
                      '    shuffle([64, 31, 24])\n'
                      '    try:\n'
                      '        ConditionChecker13 = [628][0]\n'
                      '        ConditionChecker23 = 465\n'
                      '        newls_1 = list(text)\n'
                      '        if newFunc_BinOp0(ConditionChecker13, '
                      'ConditionChecker23):\n'
                      '            if c not in text:\n'
                      "                raise ValueError('Text has no {c}')\n"
                      '        newls_1.pop(text.rindex(c))\n'
                      "        return ''.join(newls_1)\n"
                      '    except:\n'
                      '        pass'}
[END] processing file: sample_271. Total Time: 5.912846
END AT 2024-10-19 22:12:57.128877
