STARTING AT 2024-10-19 22:32:54.448860
[START] processing file: sample_441
*Running tests for: sample_441
 
Result: ['tests_pass']
tests_pass sample_441 /home/yang/Benchmark/dataset/cruxeval/code//sample_441.py
Apply all rules on a single file.
Checking transformation add_datetime
*Running tests for: sample_441
 
Result: ['tests_pass']
Checking transformation add_time
*Running tests for: sample_441
 
Result: ['tests_pass']
Checking transformation add_decorator
*Running tests for: sample_441
 
Result: ['tests_pass']
Checking transformation add_http
*Running tests for: sample_441
 
Result: ['tests_pass']
Checking transformation add_scipy
*Running tests for: sample_441
 
Result: ['tests_pass']
Checking transformation add_base64
*Running tests for: sample_441
 
Result: ['tests_pass']
Checking transformation add_dateutil
*Running tests for: sample_441
 
Result: ['tests_pass']
The file 'reasoning_transformation_cruxeval/CRUXEval/e1f735e05ec0002c7d6ed7d62be776995bf4ddf4/Transformation/sample_441.py' has been formatted successfully.
Checking reasoning_transformation_cruxeval/CRUXEval/e1f735e05ec0002c7d6ed7d62be776995bf4ddf4/Transformation/sample_441.py
*Running tests for: sample_441
 
Result: ['tests_pass']
{ 'applicable_rules': [ 'add_try_except_inside_functions',
                        'add_datetime',
                        'add_time',
                        'add_crypto',
                        'add_sklearn',
                        'add_decorator',
                        'add_http',
                        'add_scipy',
                        'add_base64',
                        'add_dateutil'],
  'diff_output': 'reasoning_transformation_cruxeval/CRUXEval/e1f735e05ec0002c7d6ed7d62be776995bf4ddf4/Transformation/sample_441.patch',
  'evaluation_tests_dir': '/home/yang/Benchmark/dataset/cruxeval/',
  'exception': None,
  'file_id': 'sample_441',
  'genetic_algorithm': None,
  'original_code': 'def f(base, k, v):\n    base[k] = v\n    return base',
  'patch_path': 'reasoning_transformation_cruxeval/CRUXEval/e1f735e05ec0002c7d6ed7d62be776995bf4ddf4/Transformation/sample_441.patch',
  'single_rule': None,
  'source_file': '/home/yang/Benchmark/dataset/cruxeval/code//sample_441.py',
  'target_file': 'reasoning_transformation_cruxeval/CRUXEval/e1f735e05ec0002c7d6ed7d62be776995bf4ddf4/Transformation/sample_441.py',
  'test_results_after': ['tests_pass'],
  'test_results_before': ['tests_pass'],
  'total_time': 4.683222,
  'transformed_code': 'from dateutil.parser import parse\n'
                      'import base64\n'
                      'from scipy.stats import ttest_ind\n'
                      'from http.client import HTTPConnection\n'
                      '\n'
                      'def my_decorator(func):\n'
                      "    base64.b64encode(b'60026705530808010498')\n"
                      '\n'
                      '    def dec_result(*args, **kwargs):\n'
                      '        res = func(*args, **kwargs)\n'
                      '        return res\n'
                      "    parse('2024-10-19 22:32:57')\n"
                      '    return dec_result\n'
                      'from sklearn.utils import shuffle\n'
                      'from cryptography.fernet import Fernet\n'
                      'import time\n'
                      'import datetime\n'
                      '\n'
                      '@my_decorator\n'
                      'def f(base, k, v):\n'
                      '    datetime.datetime.now()\n'
                      "    HTTPConnection('google.com', port=80)\n"
                      '    shuffle([66, 21, 97])\n'
                      '    ttest_ind([39, 35, 66], [25, 81, 40])\n'
                      '    Fernet.generate_key()\n'
                      '    time.sleep(0.09)\n'
                      '    try:\n'
                      '        base[k] = v\n'
                      '        return base\n'
                      '    except:\n'
                      '        pass'}
[END] processing file: sample_441. Total Time: 4.683222
END AT 2024-10-19 22:32:59.133056
