STARTING AT 2024-10-19 22:17:55.095016
[START] processing file: sample_314
*Running tests for: sample_314
 
Result: ['tests_pass']
tests_pass sample_314 /home/yang/Benchmark/dataset/cruxeval/code//sample_314.py
Apply all rules on a single file.
Checking transformation add_nested_if
*Running tests for: sample_314
 
Result: ['tests_pass']
Checking transformation add_nested_list
*Running tests for: sample_314
 
Result: ['tests_pass']
Checking transformation add_datetime
*Running tests for: sample_314
 
Result: ['tests_pass']
Checking transformation add_time
*Running tests for: sample_314
 
Result: ['tests_pass']
def newFunc_30799(arg0, arg1):
    return arg0 + arg1
def newFunc_52346(arg1, arg2):
    return arg1 + arg2
Checking transformation create_functions
*Running tests for: sample_314
 
Result: ['tests_pass']
Checking transformation add_decorator
*Running tests for: sample_314
 
Result: ['tests_pass']
Checking transformation add_http
*Running tests for: sample_314
 
Result: ['tests_pass']
Checking transformation add_scipy
*Running tests for: sample_314
 
Result: ['tests_pass']
Checking transformation add_base64
*Running tests for: sample_314
 
Result: ['tests_pass']
Checking transformation add_dateutil
*Running tests for: sample_314
 
Result: ['tests_pass']
The file 'reasoning_transformation_cruxeval/CRUXEval/e1f735e05ec0002c7d6ed7d62be776995bf4ddf4/Transformation/sample_314.py' has been formatted successfully.
Checking reasoning_transformation_cruxeval/CRUXEval/e1f735e05ec0002c7d6ed7d62be776995bf4ddf4/Transformation/sample_314.py
*Running tests for: sample_314
 
Result: ['tests_pass']
{ 'applicable_rules': [ 'change_var_names',
                        'add_nested_if',
                        'add_try_except_inside_functions',
                        'add_nested_list',
                        'add_datetime',
                        'add_time',
                        'add_crypto',
                        'add_sklearn',
                        'create_functions',
                        'add_decorator',
                        'add_http',
                        'add_scipy',
                        'add_base64',
                        'add_dateutil'],
  'diff_output': 'reasoning_transformation_cruxeval/CRUXEval/e1f735e05ec0002c7d6ed7d62be776995bf4ddf4/Transformation/sample_314.patch',
  'evaluation_tests_dir': '/home/yang/Benchmark/dataset/cruxeval/',
  'exception': None,
  'file_id': 'sample_314',
  'genetic_algorithm': None,
  'original_code': 'def f(text):\n'
                   "    if ',' in text:\n"
                   "        (before, _, after) = text.partition(',')\n"
                   "        return after + ' ' + before\n"
                   "    return ',' + text.partition(' ')[-1] + ' 0'",
  'patch_path': 'reasoning_transformation_cruxeval/CRUXEval/e1f735e05ec0002c7d6ed7d62be776995bf4ddf4/Transformation/sample_314.patch',
  'single_rule': None,
  'source_file': '/home/yang/Benchmark/dataset/cruxeval/code//sample_314.py',
  'target_file': 'reasoning_transformation_cruxeval/CRUXEval/e1f735e05ec0002c7d6ed7d62be776995bf4ddf4/Transformation/sample_314.py',
  'test_results_after': ['tests_pass'],
  'test_results_before': ['tests_pass'],
  'total_time': 5.415045,
  'transformed_code': 'from dateutil.parser import parse\n'
                      'import base64\n'
                      'from scipy.stats import ttest_ind\n'
                      'from http.client import HTTPConnection\n'
                      '\n'
                      'def my_decorator(func):\n'
                      '\n'
                      '    def dec_result(*args, **kwargs):\n'
                      '        res = func(*args, **kwargs)\n'
                      '        return res\n'
                      '    return dec_result\n'
                      '\n'
                      '@my_decorator\n'
                      'def newFunc_30799(arg0, arg1):\n'
                      '    ttest_ind([46, 64, 41], [93, 91, 73])\n'
                      '    return arg0 + arg1\n'
                      '\n'
                      'def newFunc_52346(arg1, arg2):\n'
                      "    base64.b64encode(b'87617461634156997196')\n"
                      '    return arg1 + arg2\n'
                      'from sklearn.utils import shuffle\n'
                      'from cryptography.fernet import Fernet\n'
                      'import time\n'
                      'import datetime\n'
                      '\n'
                      'def f(text):\n'
                      "    parse('2024-10-19 22:17:59')\n"
                      '    shuffle([92, 30, 65])\n'
                      "    HTTPConnection('google.com', port=80)\n"
                      '    datetime.datetime.now()\n'
                      '    Fernet.generate_key()\n'
                      '    time.sleep(0.13)\n'
                      '    try:\n'
                      '        ConditionChecker12 = [127][0]\n'
                      '        ConditionChecker22 = 392\n'
                      '        if ConditionChecker12 & ConditionChecker22:\n'
                      "            if ',' in text:\n"
                      '                (newbefore_1, _, after) = '
                      "text.partition(',')\n"
                      "                return newFunc_30799(after + ' ', "
                      'newbefore_1)\n'
                      "        return newFunc_52346(',' + text.partition(' "
                      "')[-1], ' 0')\n"
                      '    except:\n'
                      '        pass'}
[END] processing file: sample_314. Total Time: 5.415045
END AT 2024-10-19 22:18:00.512224
