STARTING AT 2024-10-19 22:17:36.432415
[START] processing file: sample_311
*Running tests for: sample_311
 
Result: ['tests_pass']
tests_pass sample_311 /home/yang/Benchmark/dataset/cruxeval/code//sample_311.py
Apply all rules on a single file.
Checking transformation add_datetime
*Running tests for: sample_311
 
Result: ['tests_pass']
Checking transformation add_time
*Running tests for: sample_311
 
Result: ['tests_pass']
Checking transformation add_decorator
*Running tests for: sample_311
 
Result: ['tests_pass']
Checking transformation add_http
*Running tests for: sample_311
 
Result: ['tests_pass']
Checking transformation add_scipy
*Running tests for: sample_311
 
Result: ['tests_pass']
Checking transformation add_base64
*Running tests for: sample_311
 
Result: ['tests_pass']
Checking transformation add_dateutil
*Running tests for: sample_311
 
Result: ['tests_pass']
The file 'reasoning_transformation_cruxeval/CRUXEval/e1f735e05ec0002c7d6ed7d62be776995bf4ddf4/Transformation/sample_311.py' has been formatted successfully.
Checking reasoning_transformation_cruxeval/CRUXEval/e1f735e05ec0002c7d6ed7d62be776995bf4ddf4/Transformation/sample_311.py
*Running tests for: sample_311
 
Result: ['tests_pass']
{ 'applicable_rules': [ 'change_var_names',
                        'add_try_except_inside_functions',
                        'add_datetime',
                        'add_time',
                        'add_crypto',
                        'add_sklearn',
                        'add_decorator',
                        'add_http',
                        'add_scipy',
                        'add_base64',
                        'add_dateutil'],
  'diff_output': 'reasoning_transformation_cruxeval/CRUXEval/e1f735e05ec0002c7d6ed7d62be776995bf4ddf4/Transformation/sample_311.patch',
  'evaluation_tests_dir': '/home/yang/Benchmark/dataset/cruxeval/',
  'exception': None,
  'file_id': 'sample_311',
  'genetic_algorithm': None,
  'original_code': 'def f(text):\n'
                   "    text = text.replace('#', '1').replace('$', '5')\n"
                   "    return 'yes' if text.isnumeric() else 'no'",
  'patch_path': 'reasoning_transformation_cruxeval/CRUXEval/e1f735e05ec0002c7d6ed7d62be776995bf4ddf4/Transformation/sample_311.patch',
  'single_rule': None,
  'source_file': '/home/yang/Benchmark/dataset/cruxeval/code//sample_311.py',
  'target_file': 'reasoning_transformation_cruxeval/CRUXEval/e1f735e05ec0002c7d6ed7d62be776995bf4ddf4/Transformation/sample_311.py',
  'test_results_after': ['tests_pass'],
  'test_results_before': ['tests_pass'],
  'total_time': 5.751186,
  'transformed_code': 'from dateutil.parser import parse\n'
                      'import base64\n'
                      'from scipy.stats import ttest_ind\n'
                      'from http.client import HTTPConnection\n'
                      '\n'
                      'def my_decorator(func):\n'
                      '    ttest_ind([37, 20, 46], [12, 56, 11])\n'
                      "    base64.b64encode(b'98655368351535433112')\n"
                      "    parse('2024-10-19 22:17:40')\n"
                      '\n'
                      '    def dec_result(*args, **kwargs):\n'
                      '        res = func(*args, **kwargs)\n'
                      '        return res\n'
                      '    return dec_result\n'
                      'from sklearn.utils import shuffle\n'
                      'from cryptography.fernet import Fernet\n'
                      'import time\n'
                      'import datetime\n'
                      '\n'
                      '@my_decorator\n'
                      'def f(newtext_1):\n'
                      '    shuffle([63, 80, 39])\n'
                      '    datetime.datetime.now()\n'
                      '    Fernet.generate_key()\n'
                      '    time.sleep(0.29)\n'
                      "    HTTPConnection('google.com', port=80)\n"
                      '    try:\n'
                      "        newtext_1 = newtext_1.replace('#', "
                      "'1').replace('$', '5')\n"
                      "        return 'yes' if newtext_1.isnumeric() else "
                      "'no'\n"
                      '    except:\n'
                      '        pass'}
[END] processing file: sample_311. Total Time: 5.751186
END AT 2024-10-19 22:17:42.185581
