STARTING AT 2024-10-19 22:19:44.331728
[START] processing file: sample_32
*Running tests for: sample_32
 
Result: ['tests_pass']
tests_pass sample_32 /home/yang/Benchmark/dataset/cruxeval/code//sample_32.py
Apply all rules on a single file.
Checking transformation add_nested_list
*Running tests for: sample_32
 
Result: ['tests_pass']
Checking transformation replace_with_numpy
*Running tests for: sample_32
 Traceback (most recent call last):
  File "/home/yang/Benchmark/.tmp_test/tmp_test.pysample_32", line 9, in <module>
    assert f('volume', 'l') == '*ume;*vo'
AssertionError

output_actual, stderr_data: ('', b'Traceback (most recent call last):\n  File "/home/yang/Benchmark/.tmp_test/tmp_test.pysample_32", line 9, in <module>\n    assert f(\'volume\', \'l\') == \'*ume;*vo\'\nAssertionError\n')
Result: ['error_or_timeout']
Drop replace_with_numpy due to ['error_or_timeout']
Checking transformation add_datetime
*Running tests for: sample_32
 
Result: ['tests_pass']
Checking transformation add_time
*Running tests for: sample_32
 
Result: ['tests_pass']
Checking transformation create_functions
*Running tests for: sample_32
 
Result: ['tests_pass']
Checking transformation add_decorator
*Running tests for: sample_32
 
Result: ['tests_pass']
Checking transformation add_http
*Running tests for: sample_32
 
Result: ['tests_pass']
Checking transformation add_scipy
*Running tests for: sample_32
 
Result: ['tests_pass']
Checking transformation add_base64
*Running tests for: sample_32
 
Result: ['tests_pass']
Checking transformation add_dateutil
*Running tests for: sample_32
 
Result: ['tests_pass']
The file 'reasoning_transformation_cruxeval/CRUXEval/e1f735e05ec0002c7d6ed7d62be776995bf4ddf4/Transformation/sample_32.py' has been formatted successfully.
Checking reasoning_transformation_cruxeval/CRUXEval/e1f735e05ec0002c7d6ed7d62be776995bf4ddf4/Transformation/sample_32.py
*Running tests for: sample_32
 
Result: ['tests_pass']
{ 'applicable_rules': [ 'change_var_names',
                        'add_try_except_inside_functions',
                        'add_nested_list',
                        'add_datetime',
                        'add_time',
                        'add_crypto',
                        'add_sklearn',
                        'create_functions',
                        'add_decorator',
                        'add_http',
                        'add_scipy',
                        'add_base64',
                        'add_dateutil'],
  'diff_output': 'reasoning_transformation_cruxeval/CRUXEval/e1f735e05ec0002c7d6ed7d62be776995bf4ddf4/Transformation/sample_32.patch',
  'evaluation_tests_dir': '/home/yang/Benchmark/dataset/cruxeval/',
  'exception': None,
  'file_id': 'sample_32',
  'genetic_algorithm': None,
  'original_code': 'def f(s, sep):\n'
                   "    reverse = ['*' + e for e in s.split(sep)]\n"
                   "    return ';'.join(reversed(reverse))",
  'patch_path': 'reasoning_transformation_cruxeval/CRUXEval/e1f735e05ec0002c7d6ed7d62be776995bf4ddf4/Transformation/sample_32.patch',
  'single_rule': None,
  'source_file': '/home/yang/Benchmark/dataset/cruxeval/code//sample_32.py',
  'target_file': 'reasoning_transformation_cruxeval/CRUXEval/e1f735e05ec0002c7d6ed7d62be776995bf4ddf4/Transformation/sample_32.py',
  'test_results_after': ['tests_pass'],
  'test_results_before': ['tests_pass'],
  'total_time': 6.367344,
  'transformed_code': 'from dateutil.parser import parse\n'
                      'import base64\n'
                      'from scipy.stats import ttest_ind\n'
                      'from http.client import HTTPConnection\n'
                      '\n'
                      'def my_decorator(func):\n'
                      "    parse('2024-10-19 22:19:48')\n"
                      "    HTTPConnection('google.com', port=80)\n"
                      '    ttest_ind([95, 23, 92], [63, 37, 67])\n'
                      '\n'
                      '    def dec_result(*args, **kwargs):\n'
                      '        res = func(*args, **kwargs)\n'
                      '        return res\n'
                      '    return dec_result\n'
                      '\n'
                      '@my_decorator\n'
                      'def newFunc_BinOp0(a, b):\n'
                      '    return a + b\n'
                      'from sklearn.utils import shuffle\n'
                      'from cryptography.fernet import Fernet\n'
                      'import time\n'
                      'import datetime\n'
                      '\n'
                      'def f(s, sep):\n'
                      '    datetime.datetime.now()\n'
                      "    base64.b64encode(b'75940785993375029368')\n"
                      '    Fernet.generate_key()\n'
                      '    shuffle([2, 22, 55])\n'
                      '    time.sleep(0.23)\n'
                      '    try:\n'
                      "        newreverse_1 = [[newFunc_BinOp0('*', e) for e "
                      'in s.split(sep)]][0]\n'
                      "        return ';'.join(reversed(newreverse_1))\n"
                      '    except:\n'
                      '        pass'}
[END] processing file: sample_32. Total Time: 6.367344
END AT 2024-10-19 22:19:50.700408
