STARTING AT 2024-10-19 22:00:25.824285
[START] processing file: sample_168
*Running tests for: sample_168
 
Result: ['tests_pass']
tests_pass sample_168 /home/yang/Benchmark/dataset/cruxeval/code//sample_168.py
Apply all rules on a single file.
Checking transformation add_datetime
*Running tests for: sample_168
 
Result: ['tests_pass']
Checking transformation add_time
*Running tests for: sample_168
 
Result: ['tests_pass']
Checking transformation add_decorator
*Running tests for: sample_168
 
Result: ['tests_pass']
Checking transformation add_http
*Running tests for: sample_168
 
Result: ['tests_pass']
Checking transformation add_scipy
*Running tests for: sample_168
 
Result: ['tests_pass']
Checking transformation add_base64
*Running tests for: sample_168
 
Result: ['tests_pass']
Checking transformation add_dateutil
*Running tests for: sample_168
 
Result: ['tests_pass']
The file 'reasoning_transformation_cruxeval/CRUXEval/e1f735e05ec0002c7d6ed7d62be776995bf4ddf4/Transformation/sample_168.py' has been formatted successfully.
Checking reasoning_transformation_cruxeval/CRUXEval/e1f735e05ec0002c7d6ed7d62be776995bf4ddf4/Transformation/sample_168.py
*Running tests for: sample_168
 
Result: ['tests_pass']
{ 'applicable_rules': [ 'change_var_names',
                        'add_try_except_inside_functions',
                        'add_datetime',
                        'add_time',
                        'add_crypto',
                        'add_sklearn',
                        'add_decorator',
                        'add_http',
                        'add_scipy',
                        'add_base64',
                        'add_dateutil'],
  'diff_output': 'reasoning_transformation_cruxeval/CRUXEval/e1f735e05ec0002c7d6ed7d62be776995bf4ddf4/Transformation/sample_168.patch',
  'evaluation_tests_dir': '/home/yang/Benchmark/dataset/cruxeval/',
  'exception': None,
  'file_id': 'sample_168',
  'genetic_algorithm': None,
  'original_code': 'def f(text, new_value, index):\n'
                   '    key = text.maketrans(text[index], new_value)\n'
                   '    return text.translate(key)',
  'patch_path': 'reasoning_transformation_cruxeval/CRUXEval/e1f735e05ec0002c7d6ed7d62be776995bf4ddf4/Transformation/sample_168.patch',
  'single_rule': None,
  'source_file': '/home/yang/Benchmark/dataset/cruxeval/code//sample_168.py',
  'target_file': 'reasoning_transformation_cruxeval/CRUXEval/e1f735e05ec0002c7d6ed7d62be776995bf4ddf4/Transformation/sample_168.py',
  'test_results_after': ['tests_pass'],
  'test_results_before': ['tests_pass'],
  'total_time': 4.221354,
  'transformed_code': 'from dateutil.parser import parse\n'
                      'import base64\n'
                      'from scipy.stats import ttest_ind\n'
                      'from http.client import HTTPConnection\n'
                      '\n'
                      'def my_decorator(func):\n'
                      '    ttest_ind([84, 87, 88], [10, 58, 80])\n'
                      "    parse('2024-10-19 22:00:28')\n"
                      '\n'
                      '    def dec_result(*args, **kwargs):\n'
                      '        res = func(*args, **kwargs)\n'
                      '        return res\n'
                      "    HTTPConnection('google.com', port=80)\n"
                      '    return dec_result\n'
                      'from sklearn.utils import shuffle\n'
                      'from cryptography.fernet import Fernet\n'
                      'import time\n'
                      'import datetime\n'
                      '\n'
                      '@my_decorator\n'
                      'def f(text, new_value, index):\n'
                      '    Fernet.generate_key()\n'
                      "    base64.b64encode(b'47577687202874562708')\n"
                      '    shuffle([33, 31, 67])\n'
                      '    datetime.datetime.now()\n'
                      '    time.sleep(0.06)\n'
                      '    try:\n'
                      '        newkey_1 = text.maketrans(text[index], '
                      'new_value)\n'
                      '        return text.translate(newkey_1)\n'
                      '    except:\n'
                      '        pass'}
[END] processing file: sample_168. Total Time: 4.221354
END AT 2024-10-19 22:00:30.046661
