STARTING AT 2024-10-19 23:01:46.845948
[START] processing file: sample_723
*Running tests for: sample_723
 
Result: ['tests_pass']
tests_pass sample_723 /home/yang/Benchmark/dataset/cruxeval/code//sample_723.py
Apply all rules on a single file.
Checking transformation add_nested_if
*Running tests for: sample_723
 
Result: ['tests_pass']
Checking transformation add_nested_list
*Running tests for: sample_723
 
Result: ['tests_pass']
Checking transformation add_datetime
*Running tests for: sample_723
 
Result: ['tests_pass']
Checking transformation add_time
*Running tests for: sample_723
 
Result: ['tests_pass']
Checking transformation create_functions
*Running tests for: sample_723
 
Result: ['tests_pass']
Checking transformation add_decorator
*Running tests for: sample_723
 
Result: ['tests_pass']
Checking transformation add_http
*Running tests for: sample_723
 
Result: ['tests_pass']
Checking transformation add_scipy
*Running tests for: sample_723
 
Result: ['tests_pass']
Checking transformation add_base64
*Running tests for: sample_723
 
Result: ['tests_pass']
Checking transformation add_dateutil
*Running tests for: sample_723
 
Result: ['tests_pass']
The file 'reasoning_transformation_cruxeval/CRUXEval/e1f735e05ec0002c7d6ed7d62be776995bf4ddf4/Transformation/sample_723.py' has been formatted successfully.
Checking reasoning_transformation_cruxeval/CRUXEval/e1f735e05ec0002c7d6ed7d62be776995bf4ddf4/Transformation/sample_723.py
*Running tests for: sample_723
 
Result: ['tests_pass']
{ 'applicable_rules': [ 'change_var_names',
                        'add_nested_if',
                        'add_try_except_inside_functions',
                        'add_nested_list',
                        'add_datetime',
                        'add_time',
                        'add_crypto',
                        'add_sklearn',
                        'create_functions',
                        'add_decorator',
                        'add_http',
                        'add_scipy',
                        'add_base64',
                        'add_dateutil'],
  'diff_output': 'reasoning_transformation_cruxeval/CRUXEval/e1f735e05ec0002c7d6ed7d62be776995bf4ddf4/Transformation/sample_723.patch',
  'evaluation_tests_dir': '/home/yang/Benchmark/dataset/cruxeval/',
  'exception': None,
  'file_id': 'sample_723',
  'genetic_algorithm': None,
  'original_code': 'def f(text, separator):\n'
                   '    splitted = text.splitlines()\n'
                   '    if separator:\n'
                   "        return [' '.join(s) for s in splitted]\n"
                   '    else:\n'
                   '        return splitted',
  'patch_path': 'reasoning_transformation_cruxeval/CRUXEval/e1f735e05ec0002c7d6ed7d62be776995bf4ddf4/Transformation/sample_723.patch',
  'single_rule': None,
  'source_file': '/home/yang/Benchmark/dataset/cruxeval/code//sample_723.py',
  'target_file': 'reasoning_transformation_cruxeval/CRUXEval/e1f735e05ec0002c7d6ed7d62be776995bf4ddf4/Transformation/sample_723.py',
  'test_results_after': ['tests_pass'],
  'test_results_before': ['tests_pass'],
  'total_time': 6.673388,
  'transformed_code': 'from dateutil.parser import parse\n'
                      'import base64\n'
                      'from scipy.stats import ttest_ind\n'
                      'from http.client import HTTPConnection\n'
                      '\n'
                      'def my_decorator(func):\n'
                      "    parse('2024-10-19 23:01:51')\n"
                      '\n'
                      '    def dec_result(*args, **kwargs):\n'
                      '        res = func(*args, **kwargs)\n'
                      '        return res\n'
                      '    return dec_result\n'
                      '\n'
                      '@my_decorator\n'
                      'def newFunc_BinOp0(a, b):\n'
                      "    base64.b64encode(b'04160028421847309769')\n"
                      '    return a & b\n'
                      'from sklearn.utils import shuffle\n'
                      'from cryptography.fernet import Fernet\n'
                      'import time\n'
                      'import datetime\n'
                      '\n'
                      'def f(text, separator):\n'
                      '    time.sleep(0.27)\n'
                      '    ttest_ind([38, 19, 83], [22, 98, 67])\n'
                      '    shuffle([65, 28, 94])\n'
                      '    datetime.datetime.now()\n'
                      "    HTTPConnection('google.com', port=80)\n"
                      '    Fernet.generate_key()\n'
                      '    try:\n'
                      '        ConditionChecker13 = [83][0]\n'
                      '        ConditionChecker23 = 848\n'
                      '        splitted = text.splitlines()\n'
                      '        if newFunc_BinOp0(ConditionChecker13, '
                      'ConditionChecker23):\n'
                      '            if separator:\n'
                      "                return [' '.join(news_1) for news_1 in "
                      'splitted]\n'
                      '            else:\n'
                      '                return splitted\n'
                      '    except:\n'
                      '        pass'}
[END] processing file: sample_723. Total Time: 6.673388
END AT 2024-10-19 23:01:53.520916
