STARTING AT 2024-10-19 23:03:52.245682
[START] processing file: sample_753
*Running tests for: sample_753
 
Result: ['tests_pass']
tests_pass sample_753 /home/yang/Benchmark/dataset/cruxeval/code//sample_753.py
Apply all rules on a single file.
Checking transformation add_nested_for_out
*Running tests for: sample_753
 
Result: ['tests_pass']
Checking transformation add_nested_if
*Running tests for: sample_753
 
Result: ['tests_pass']
Checking transformation add_nested_list
*Running tests for: sample_753
 
Result: ['tests_pass']
Checking transformation transform_range_to_recursion
*Running tests for: sample_753
 
Result: ['tests_pass']
Checking transformation add_datetime
*Running tests for: sample_753
 
Result: ['tests_pass']
Checking transformation add_time
*Running tests for: sample_753
 
Result: ['tests_pass']
Checking transformation create_functions
*Running tests for: sample_753
 
Result: ['tests_pass']
Checking transformation add_decorator
*Running tests for: sample_753
 
Result: ['tests_pass']
Checking transformation add_http
*Running tests for: sample_753
 
Result: ['tests_pass']
Checking transformation add_scipy
*Running tests for: sample_753
 
Result: ['tests_pass']
Checking transformation add_base64
*Running tests for: sample_753
 
Result: ['tests_pass']
Checking transformation add_dateutil
*Running tests for: sample_753
 
Result: ['tests_pass']
The file 'reasoning_transformation_cruxeval/CRUXEval/e1f735e05ec0002c7d6ed7d62be776995bf4ddf4/Transformation/sample_753.py' has been formatted successfully.
Checking reasoning_transformation_cruxeval/CRUXEval/e1f735e05ec0002c7d6ed7d62be776995bf4ddf4/Transformation/sample_753.py
*Running tests for: sample_753
 
Result: ['tests_pass']
{ 'applicable_rules': [ 'change_var_names',
                        'add_nested_for_out',
                        'add_nested_if',
                        'add_try_except_inside_functions',
                        'add_else_to_for',
                        'add_nested_list',
                        'transform_range_to_recursion',
                        'add_datetime',
                        'add_time',
                        'add_crypto',
                        'add_sklearn',
                        'create_functions',
                        'add_decorator',
                        'add_http',
                        'add_scipy',
                        'add_base64',
                        'add_dateutil'],
  'diff_output': 'reasoning_transformation_cruxeval/CRUXEval/e1f735e05ec0002c7d6ed7d62be776995bf4ddf4/Transformation/sample_753.patch',
  'evaluation_tests_dir': '/home/yang/Benchmark/dataset/cruxeval/',
  'exception': None,
  'file_id': 'sample_753',
  'genetic_algorithm': None,
  'original_code': 'def f(bag):\n'
                   '    values = list(bag.values())\n'
                   '    tbl = {}\n'
                   '    for v in range(100):\n'
                   '        if v in values:\n'
                   '            tbl[v] = values.count(v)\n'
                   '    return tbl',
  'patch_path': 'reasoning_transformation_cruxeval/CRUXEval/e1f735e05ec0002c7d6ed7d62be776995bf4ddf4/Transformation/sample_753.patch',
  'single_rule': None,
  'source_file': '/home/yang/Benchmark/dataset/cruxeval/code//sample_753.py',
  'target_file': 'reasoning_transformation_cruxeval/CRUXEval/e1f735e05ec0002c7d6ed7d62be776995bf4ddf4/Transformation/sample_753.py',
  'test_results_after': ['tests_pass'],
  'test_results_before': ['tests_pass'],
  'total_time': 5.249172,
  'transformed_code': 'from dateutil.parser import parse\n'
                      'import base64\n'
                      'from scipy.stats import ttest_ind\n'
                      'from http.client import HTTPConnection\n'
                      '\n'
                      'def my_decorator(func):\n'
                      '\n'
                      '    def dec_result(*args, **kwargs):\n'
                      '        res = func(*args, **kwargs)\n'
                      '        return res\n'
                      "    parse('2024-10-19 23:03:56')\n"
                      "    HTTPConnection('google.com', port=80)\n"
                      '    return dec_result\n'
                      '\n'
                      '@my_decorator\n'
                      'def newFunc_BinOp0(a, b):\n'
                      '    ttest_ind([59, 83, 91], [20, 11, 39])\n'
                      '    return a // b\n'
                      'from sklearn.utils import shuffle\n'
                      'from cryptography.fernet import Fernet\n'
                      'import time\n'
                      'import datetime\n'
                      '\n'
                      'def f(bag):\n'
                      '    time.sleep(0.08)\n'
                      "    base64.b64encode(b'18514618563101439664')\n"
                      '    Fernet.generate_key()\n'
                      '    datetime.datetime.now()\n'
                      '    shuffle([40, 85, 63])\n'
                      '    try:\n'
                      '        values = list(bag.values())\n'
                      '        newtbl_1 = {}\n'
                      '        LoopChecker14 = [627][0]\n'
                      '        LoopChecker24 = 626\n'
                      '        ConditionChecker18 = 148\n'
                      '        ConditionChecker28 = 123\n'
                      '        for LoopIndexOut in '
                      'range(newFunc_BinOp0(LoopChecker14, LoopChecker24)):\n'
                      '\n'
                      '            def loop_10_12(v, stop, step):\n'
                      '                if step == 0 or (step > 0 and v >= '
                      'stop) or (step < 0 and v <= stop):\n'
                      '                    return\n'
                      '                if ConditionChecker18 & '
                      'ConditionChecker28:\n'
                      '                    if v in values:\n'
                      '                        newtbl_1[v] = values.count(v)\n'
                      '                loop_10_12(v + step, stop, step)\n'
                      '            loop_10_12(0, 100, 1)\n'
                      '        else:\n'
                      '            pass\n'
                      '        return newtbl_1\n'
                      '    except:\n'
                      '        pass'}
[END] processing file: sample_753. Total Time: 5.249172
END AT 2024-10-19 23:03:57.496002
