STARTING AT 2024-10-19 22:39:55.632555
[START] processing file: sample_510
*Running tests for: sample_510
 
Result: ['tests_pass']
tests_pass sample_510 /home/yang/Benchmark/dataset/cruxeval/code//sample_510.py
Apply all rules on a single file.
Checking transformation add_nested_if
*Running tests for: sample_510
 
Result: ['tests_pass']
Checking transformation add_nested_list
*Running tests for: sample_510
 
Result: ['tests_pass']
Checking transformation add_datetime
*Running tests for: sample_510
 
Result: ['tests_pass']
Checking transformation add_time
*Running tests for: sample_510
 
Result: ['tests_pass']
Checking transformation create_functions
*Running tests for: sample_510
 
Result: ['tests_pass']
Checking transformation add_decorator
*Running tests for: sample_510
 
Result: ['tests_pass']
Checking transformation add_http
*Running tests for: sample_510
 
Result: ['tests_pass']
Checking transformation add_scipy
*Running tests for: sample_510
 
Result: ['tests_pass']
Checking transformation add_base64
*Running tests for: sample_510
 
Result: ['tests_pass']
Checking transformation add_dateutil
*Running tests for: sample_510
 
Result: ['tests_pass']
The file 'reasoning_transformation_cruxeval/CRUXEval/e1f735e05ec0002c7d6ed7d62be776995bf4ddf4/Transformation/sample_510.py' has been formatted successfully.
Checking reasoning_transformation_cruxeval/CRUXEval/e1f735e05ec0002c7d6ed7d62be776995bf4ddf4/Transformation/sample_510.py
*Running tests for: sample_510
 
Result: ['tests_pass']
{ 'applicable_rules': [ 'change_var_names',
                        'add_nested_if',
                        'add_try_except_inside_functions',
                        'add_nested_list',
                        'add_datetime',
                        'add_time',
                        'add_crypto',
                        'add_sklearn',
                        'create_functions',
                        'add_decorator',
                        'add_http',
                        'add_scipy',
                        'add_base64',
                        'add_dateutil'],
  'diff_output': 'reasoning_transformation_cruxeval/CRUXEval/e1f735e05ec0002c7d6ed7d62be776995bf4ddf4/Transformation/sample_510.patch',
  'evaluation_tests_dir': '/home/yang/Benchmark/dataset/cruxeval/',
  'exception': None,
  'file_id': 'sample_510',
  'genetic_algorithm': None,
  'original_code': 'def f(a, b, c, d, e):\n'
                   '    key = d\n'
                   '    if key in a:\n'
                   '        num = a.pop(key)\n'
                   '    if b > 3:\n'
                   "        return ''.join(c)\n"
                   '    else:\n'
                   '        return num',
  'patch_path': 'reasoning_transformation_cruxeval/CRUXEval/e1f735e05ec0002c7d6ed7d62be776995bf4ddf4/Transformation/sample_510.patch',
  'single_rule': None,
  'source_file': '/home/yang/Benchmark/dataset/cruxeval/code//sample_510.py',
  'target_file': 'reasoning_transformation_cruxeval/CRUXEval/e1f735e05ec0002c7d6ed7d62be776995bf4ddf4/Transformation/sample_510.py',
  'test_results_after': ['tests_pass'],
  'test_results_before': ['tests_pass'],
  'total_time': 5.892056,
  'transformed_code': 'from dateutil.parser import parse\n'
                      'import base64\n'
                      'from scipy.stats import ttest_ind\n'
                      'from http.client import HTTPConnection\n'
                      '\n'
                      'def my_decorator(func):\n'
                      '\n'
                      '    def dec_result(*args, **kwargs):\n'
                      '        res = func(*args, **kwargs)\n'
                      '        return res\n'
                      '    return dec_result\n'
                      '\n'
                      '@my_decorator\n'
                      'def newFunc_BinOp0(a, b):\n'
                      "    parse('2024-10-19 22:39:59')\n"
                      "    base64.b64encode(b'56401786376096227590')\n"
                      '    return a & b\n'
                      'from sklearn.utils import shuffle\n'
                      'from cryptography.fernet import Fernet\n'
                      'import time\n'
                      'import datetime\n'
                      '\n'
                      'def f(a, b, c, d, e):\n'
                      '    ttest_ind([25, 14, 6], [48, 39, 3])\n'
                      '    datetime.datetime.now()\n'
                      '    time.sleep(0.18)\n'
                      '    Fernet.generate_key()\n'
                      "    HTTPConnection('google.com', port=80)\n"
                      '    shuffle([62, 86, 80])\n'
                      '    try:\n'
                      '        ConditionChecker13 = [552][0]\n'
                      '        ConditionChecker23 = 76\n'
                      '        newkey_1 = d\n'
                      '        if newFunc_BinOp0(ConditionChecker13, '
                      'ConditionChecker23):\n'
                      '            if newkey_1 in a:\n'
                      '                num = a.pop(newkey_1)\n'
                      '        if b > 3:\n'
                      "            return ''.join(c)\n"
                      '        else:\n'
                      '            return num\n'
                      '    except:\n'
                      '        pass'}
[END] processing file: sample_510. Total Time: 5.892056
END AT 2024-10-19 22:40:01.526680
