STARTING AT 2024-10-19 23:34:27.489645
[START] processing file: sample_493
*Running tests for: sample_493
 
Result: ['tests_pass']
tests_pass sample_493 /home/yang/Benchmark/dataset/cruxeval/code//sample_493.py
Apply all rules on a single file.
Checking transformation add_nested_for_out
*Running tests for: sample_493
 
Result: ['tests_pass']
Checking transformation add_nested_list
*Running tests for: sample_493
 
Result: ['tests_pass']
Checking transformation transform_range_to_recursion
*Running tests for: sample_493
 
Result: ['tests_pass']
Checking transformation add_datetime
*Running tests for: sample_493
 
Result: ['tests_pass']
Checking transformation add_time
*Running tests for: sample_493
 
Result: ['tests_pass']
Checking transformation create_functions
*Running tests for: sample_493
 
Result: ['tests_pass']
Checking transformation add_decorator
*Running tests for: sample_493
 
Result: ['tests_pass']
Checking transformation add_http
*Running tests for: sample_493
 
Result: ['tests_pass']
Checking transformation add_scipy
*Running tests for: sample_493
 
Result: ['tests_pass']
Checking transformation add_base64
*Running tests for: sample_493
 
Result: ['tests_pass']
Checking transformation add_dateutil
*Running tests for: sample_493
 
Result: ['tests_pass']
The file 'reasoning_transformation_cruxeval/CRUXEval/951a917df7397c9cb698ead54386db6d1db4ffb0/Transformation/sample_493.py' has been formatted successfully.
Checking reasoning_transformation_cruxeval/CRUXEval/951a917df7397c9cb698ead54386db6d1db4ffb0/Transformation/sample_493.py
*Running tests for: sample_493
 
Result: ['tests_pass']
{ 'applicable_rules': [ 'change_var_names',
                        'add_nested_for_out',
                        'add_try_except_inside_functions',
                        'add_else_to_for',
                        'add_nested_list',
                        'transform_range_to_recursion',
                        'add_datetime',
                        'add_time',
                        'add_crypto',
                        'add_sklearn',
                        'create_functions',
                        'add_decorator',
                        'add_http',
                        'add_scipy',
                        'add_base64',
                        'add_dateutil'],
  'diff_output': 'reasoning_transformation_cruxeval/CRUXEval/951a917df7397c9cb698ead54386db6d1db4ffb0/Transformation/sample_493.patch',
  'evaluation_tests_dir': '/home/yang/Benchmark/dataset/cruxeval/',
  'exception': None,
  'file_id': 'sample_493',
  'genetic_algorithm': None,
  'original_code': 'def f(d):\n'
                   '    keys = []\n'
                   '    for k in d:\n'
                   "        keys.append('%s => %s' % (k, d[k]))\n"
                   '    return keys',
  'patch_path': 'reasoning_transformation_cruxeval/CRUXEval/951a917df7397c9cb698ead54386db6d1db4ffb0/Transformation/sample_493.patch',
  'single_rule': None,
  'source_file': '/home/yang/Benchmark/dataset/cruxeval/code//sample_493.py',
  'target_file': 'reasoning_transformation_cruxeval/CRUXEval/951a917df7397c9cb698ead54386db6d1db4ffb0/Transformation/sample_493.py',
  'test_results_after': ['tests_pass'],
  'test_results_before': ['tests_pass'],
  'total_time': 5.978604,
  'transformed_code': 'from dateutil.parser import parse\n'
                      'import base64\n'
                      'from scipy.stats import ttest_ind\n'
                      'from http.client import HTTPConnection\n'
                      '\n'
                      'def my_decorator(func):\n'
                      "    HTTPConnection('google.com', port=80)\n"
                      '\n'
                      '    def dec_result(*args, **kwargs):\n'
                      '        res = func(*args, **kwargs)\n'
                      '        return res\n'
                      "    base64.b64encode(b'19265051437180819766')\n"
                      "    parse('2024-10-19 23:34:31')\n"
                      '    ttest_ind([88, 20, 47], [48, 43, 10])\n'
                      '    return dec_result\n'
                      '\n'
                      '@my_decorator\n'
                      'def newFunc_BinOp0(a, b):\n'
                      '    return a % b\n'
                      'from sklearn.utils import shuffle\n'
                      'from cryptography.fernet import Fernet\n'
                      'import time\n'
                      'import datetime\n'
                      '\n'
                      'def f(d):\n'
                      '    Fernet.generate_key()\n'
                      '    datetime.datetime.now()\n'
                      '    shuffle([19, 4, 9])\n'
                      '    time.sleep(0.16)\n'
                      '    try:\n'
                      '        newkeys_1 = [[]][0]\n'
                      '        LoopChecker13 = 693\n'
                      '        LoopChecker23 = 692\n'
                      '\n'
                      '        def loop_6_8(LoopIndexOut, stop, step):\n'
                      '            if step == 0 or (step > 0 and LoopIndexOut '
                      '>= stop) or (step < 0 and LoopIndexOut <= stop):\n'
                      '                return\n'
                      '            for k in d:\n'
                      "                newkeys_1.append(newFunc_BinOp0('%s => "
                      "%s', (k, d[k])))\n"
                      '            loop_6_8(LoopIndexOut + step, stop, step)\n'
                      '        loop_6_8(0, LoopChecker13 // LoopChecker23, 1)\n'
                      '        return newkeys_1\n'
                      '    except:\n'
                      '        pass'}
[END] processing file: sample_493. Total Time: 5.978604
END AT 2024-10-19 23:34:33.470649
