STARTING AT 2024-10-19 22:43:13.170793
[START] processing file: sample_539
*Running tests for: sample_539
 
Result: ['tests_pass']
tests_pass sample_539 /home/yang/Benchmark/dataset/cruxeval/code//sample_539.py
Apply all rules on a single file.
Checking transformation add_nested_while_out
*Running tests for: sample_539
 
Result: ['tests_pass']
Checking transformation add_nested_if
*Running tests for: sample_539
 
Result: ['tests_pass']
Checking transformation add_nested_list
*Running tests for: sample_539
 
Result: ['tests_pass']
Checking transformation add_datetime
*Running tests for: sample_539
 
Result: ['tests_pass']
Checking transformation add_time
*Running tests for: sample_539
 
Result: ['tests_pass']
Checking transformation create_functions
*Running tests for: sample_539
 
Result: ['tests_pass']
Checking transformation add_decorator
*Running tests for: sample_539
 
Result: ['tests_pass']
Checking transformation add_http
*Running tests for: sample_539
 
Result: ['tests_pass']
Checking transformation add_scipy
*Running tests for: sample_539
 
Result: ['tests_pass']
Checking transformation add_base64
*Running tests for: sample_539
 
Result: ['tests_pass']
Checking transformation add_dateutil
*Running tests for: sample_539
 
Result: ['tests_pass']
The file 'reasoning_transformation_cruxeval/CRUXEval/e1f735e05ec0002c7d6ed7d62be776995bf4ddf4/Transformation/sample_539.py' has been formatted successfully.
Checking reasoning_transformation_cruxeval/CRUXEval/e1f735e05ec0002c7d6ed7d62be776995bf4ddf4/Transformation/sample_539.py
*Running tests for: sample_539
 
Result: ['tests_pass']
{ 'applicable_rules': [ 'change_var_names',
                        'add_nested_while_out',
                        'add_nested_if',
                        'add_try_except_inside_functions',
                        'add_else_to_while',
                        'add_nested_list',
                        'add_datetime',
                        'add_time',
                        'add_crypto',
                        'add_sklearn',
                        'create_functions',
                        'add_decorator',
                        'add_http',
                        'add_scipy',
                        'add_base64',
                        'add_dateutil',
                        'changing_AugAssign'],
  'diff_output': 'reasoning_transformation_cruxeval/CRUXEval/e1f735e05ec0002c7d6ed7d62be776995bf4ddf4/Transformation/sample_539.patch',
  'evaluation_tests_dir': '/home/yang/Benchmark/dataset/cruxeval/',
  'exception': None,
  'file_id': 'sample_539',
  'genetic_algorithm': None,
  'original_code': 'def f(array):\n'
                   '    c = array\n'
                   '    array_copy = array\n'
                   '    while True:\n'
                   "        c.append('_')\n"
                   '        if c == array_copy:\n'
                   "            array_copy[c.index('_')] = ''\n"
                   '            break\n'
                   '    return array_copy',
  'patch_path': 'reasoning_transformation_cruxeval/CRUXEval/e1f735e05ec0002c7d6ed7d62be776995bf4ddf4/Transformation/sample_539.patch',
  'single_rule': None,
  'source_file': '/home/yang/Benchmark/dataset/cruxeval/code//sample_539.py',
  'target_file': 'reasoning_transformation_cruxeval/CRUXEval/e1f735e05ec0002c7d6ed7d62be776995bf4ddf4/Transformation/sample_539.py',
  'test_results_after': ['tests_pass'],
  'test_results_before': ['tests_pass'],
  'total_time': 6.272612,
  'transformed_code': 'from dateutil.parser import parse\n'
                      'import base64\n'
                      'from scipy.stats import ttest_ind\n'
                      'from http.client import HTTPConnection\n'
                      '\n'
                      'def my_decorator(func):\n'
                      "    base64.b64encode(b'03945507628168122468')\n"
                      '\n'
                      '    def dec_result(*args, **kwargs):\n'
                      '        res = func(*args, **kwargs)\n'
                      '        return res\n'
                      '    return dec_result\n'
                      '\n'
                      '@my_decorator\n'
                      'def newFunc_BinOp0(a, b):\n'
                      "    parse('2024-10-19 22:43:17')\n"
                      '    return a % b\n'
                      'from sklearn.utils import shuffle\n'
                      'from cryptography.fernet import Fernet\n'
                      'import time\n'
                      'import datetime\n'
                      '\n'
                      'def f(array):\n'
                      '    datetime.datetime.now()\n'
                      "    HTTPConnection('google.com', port=80)\n"
                      '    Fernet.generate_key()\n'
                      '    ttest_ind([55, 29, 81], [96, 74, 85])\n'
                      '    shuffle([59, 44, 78])\n'
                      '    time.sleep(0.2)\n'
                      '    try:\n'
                      '        newc_1 = array\n'
                      '        array_copy = array\n'
                      '        whileloopchecker14 = [448][0]\n'
                      '        whileloopchecker24 = 447\n'
                      '        while newFunc_BinOp0(whileloopchecker14, '
                      'whileloopchecker24) == 1:\n'
                      '            whileloopchecker14 = whileloopchecker14 + '
                      '1\n'
                      '            while True:\n'
                      '                ConditionChecker110 = 898\n'
                      '                ConditionChecker210 = 134\n'
                      "                newc_1.append('_')\n"
                      '                if ConditionChecker110 & '
                      'ConditionChecker210:\n'
                      '                    if newc_1 == array_copy:\n'
                      "                        array_copy[newc_1.index('_')] = "
                      "''\n"
                      '                        break\n'
                      '        else:\n'
                      '            pass\n'
                      '        return array_copy\n'
                      '    except:\n'
                      '        pass'}
[END] processing file: sample_539. Total Time: 6.272612
END AT 2024-10-19 22:43:19.445552
