STARTING AT 2024-10-19 21:56:13.174612
[START] processing file: sample_132
*Running tests for: sample_132
 
Result: ['tests_pass']
tests_pass sample_132 /home/yang/Benchmark/dataset/cruxeval/code//sample_132.py
Apply all rules on a single file.
Checking transformation add_nested_if
*Running tests for: sample_132
 
Result: ['tests_pass']
Checking transformation add_nested_list
*Running tests for: sample_132
 
Result: ['tests_pass']
Checking transformation add_datetime
*Running tests for: sample_132
 
Result: ['tests_pass']
Checking transformation add_time
*Running tests for: sample_132
 
Result: ['tests_pass']
def newFunc_51463(arg0, arg1):
    return arg0 + arg1
Checking transformation create_functions
*Running tests for: sample_132
 
Result: ['tests_pass']
Checking transformation add_decorator
*Running tests for: sample_132
 
Result: ['tests_pass']
Checking transformation add_http
*Running tests for: sample_132
 
Result: ['tests_pass']
Checking transformation add_scipy
*Running tests for: sample_132
 
Result: ['tests_pass']
Checking transformation add_base64
*Running tests for: sample_132
 
Result: ['tests_pass']
Checking transformation add_dateutil
*Running tests for: sample_132
 
Result: ['tests_pass']
The file 'reasoning_transformation_cruxeval/CRUXEval/e1f735e05ec0002c7d6ed7d62be776995bf4ddf4/Transformation/sample_132.py' has been formatted successfully.
Checking reasoning_transformation_cruxeval/CRUXEval/e1f735e05ec0002c7d6ed7d62be776995bf4ddf4/Transformation/sample_132.py
*Running tests for: sample_132
 
Result: ['tests_pass']
{ 'applicable_rules': [ 'add_nested_if',
                        'add_try_except_inside_functions',
                        'add_nested_list',
                        'add_datetime',
                        'add_time',
                        'add_crypto',
                        'add_sklearn',
                        'create_functions',
                        'add_decorator',
                        'add_http',
                        'add_scipy',
                        'add_base64',
                        'add_dateutil'],
  'diff_output': 'reasoning_transformation_cruxeval/CRUXEval/e1f735e05ec0002c7d6ed7d62be776995bf4ddf4/Transformation/sample_132.patch',
  'evaluation_tests_dir': '/home/yang/Benchmark/dataset/cruxeval/',
  'exception': None,
  'file_id': 'sample_132',
  'genetic_algorithm': None,
  'original_code': 'def f(a_str, prefix):\n'
                   '    if a_str.removeprefix(prefix):\n'
                   '        return a_str\n'
                   '    else:\n'
                   '        return prefix + a_str',
  'patch_path': 'reasoning_transformation_cruxeval/CRUXEval/e1f735e05ec0002c7d6ed7d62be776995bf4ddf4/Transformation/sample_132.patch',
  'single_rule': None,
  'source_file': '/home/yang/Benchmark/dataset/cruxeval/code//sample_132.py',
  'target_file': 'reasoning_transformation_cruxeval/CRUXEval/e1f735e05ec0002c7d6ed7d62be776995bf4ddf4/Transformation/sample_132.py',
  'test_results_after': ['tests_pass'],
  'test_results_before': ['tests_pass'],
  'total_time': 4.975753,
  'transformed_code': 'from dateutil.parser import parse\n'
                      'import base64\n'
                      'from scipy.stats import ttest_ind\n'
                      'from http.client import HTTPConnection\n'
                      '\n'
                      'def my_decorator(func):\n'
                      '\n'
                      '    def dec_result(*args, **kwargs):\n'
                      '        res = func(*args, **kwargs)\n'
                      '        return res\n'
                      "    HTTPConnection('google.com', port=80)\n"
                      '    return dec_result\n'
                      '\n'
                      '@my_decorator\n'
                      'def newFunc_51463(arg0, arg1):\n'
                      "    parse('2024-10-19 21:56:16')\n"
                      '    ttest_ind([96, 71, 81], [31, 62, 4])\n'
                      '    return arg0 + arg1\n'
                      'from sklearn.utils import shuffle\n'
                      'from cryptography.fernet import Fernet\n'
                      'import time\n'
                      'import datetime\n'
                      '\n'
                      'def f(a_str, prefix):\n'
                      '    datetime.datetime.now()\n'
                      '    Fernet.generate_key()\n'
                      '    shuffle([35, 40, 19])\n'
                      '    time.sleep(0.05)\n'
                      "    base64.b64encode(b'50463564237672759114')\n"
                      '    try:\n'
                      '        ConditionChecker12 = [685][0]\n'
                      '        ConditionChecker22 = 492\n'
                      '        if ConditionChecker12 & ConditionChecker22:\n'
                      '            if a_str.removeprefix(prefix):\n'
                      '                return a_str\n'
                      '            else:\n'
                      '                return newFunc_51463(prefix, a_str)\n'
                      '    except:\n'
                      '        pass'}
[END] processing file: sample_132. Total Time: 4.975753
END AT 2024-10-19 21:56:18.151667
