STARTING AT 2024-10-19 22:47:03.131165
[START] processing file: sample_570
*Running tests for: sample_570
 
Result: ['tests_pass']
tests_pass sample_570 /home/yang/Benchmark/dataset/cruxeval/code//sample_570.py
Apply all rules on a single file.
Checking transformation add_nested_if
*Running tests for: sample_570
 
Result: ['tests_pass']
Checking transformation add_nested_list
*Running tests for: sample_570
 
Result: ['tests_pass']
Checking transformation add_datetime
*Running tests for: sample_570
 
Result: ['tests_pass']
Checking transformation add_time
*Running tests for: sample_570
 
Result: ['tests_pass']
Checking transformation create_functions
*Running tests for: sample_570
 
Result: ['tests_pass']
Checking transformation add_decorator
*Running tests for: sample_570
 
Result: ['tests_pass']
Checking transformation add_http
*Running tests for: sample_570
 
Result: ['tests_pass']
Checking transformation add_scipy
*Running tests for: sample_570
 
Result: ['tests_pass']
Checking transformation add_base64
*Running tests for: sample_570
 
Result: ['tests_pass']
Checking transformation add_dateutil
*Running tests for: sample_570
 
Result: ['tests_pass']
The file 'reasoning_transformation_cruxeval/CRUXEval/e1f735e05ec0002c7d6ed7d62be776995bf4ddf4/Transformation/sample_570.py' has been formatted successfully.
Checking reasoning_transformation_cruxeval/CRUXEval/e1f735e05ec0002c7d6ed7d62be776995bf4ddf4/Transformation/sample_570.py
*Running tests for: sample_570
 
Result: ['tests_pass']
{ 'applicable_rules': [ 'add_nested_if',
                        'add_try_except_inside_functions',
                        'add_nested_list',
                        'add_datetime',
                        'add_time',
                        'add_crypto',
                        'add_sklearn',
                        'create_functions',
                        'add_decorator',
                        'add_http',
                        'add_scipy',
                        'add_base64',
                        'add_dateutil'],
  'diff_output': 'reasoning_transformation_cruxeval/CRUXEval/e1f735e05ec0002c7d6ed7d62be776995bf4ddf4/Transformation/sample_570.patch',
  'evaluation_tests_dir': '/home/yang/Benchmark/dataset/cruxeval/',
  'exception': None,
  'file_id': 'sample_570',
  'genetic_algorithm': None,
  'original_code': 'def f(array, index, value):\n'
                   '    array.insert(0, index + 1)\n'
                   '    if value >= 1:\n'
                   '        array.insert(index, value)\n'
                   '    return array',
  'patch_path': 'reasoning_transformation_cruxeval/CRUXEval/e1f735e05ec0002c7d6ed7d62be776995bf4ddf4/Transformation/sample_570.patch',
  'single_rule': None,
  'source_file': '/home/yang/Benchmark/dataset/cruxeval/code//sample_570.py',
  'target_file': 'reasoning_transformation_cruxeval/CRUXEval/e1f735e05ec0002c7d6ed7d62be776995bf4ddf4/Transformation/sample_570.py',
  'test_results_after': ['tests_pass'],
  'test_results_before': ['tests_pass'],
  'total_time': 6.464989,
  'transformed_code': 'from dateutil.parser import parse\n'
                      'import base64\n'
                      'from scipy.stats import ttest_ind\n'
                      'from http.client import HTTPConnection\n'
                      '\n'
                      'def my_decorator(func):\n'
                      '\n'
                      '    def dec_result(*args, **kwargs):\n'
                      '        res = func(*args, **kwargs)\n'
                      '        return res\n'
                      "    HTTPConnection('google.com', port=80)\n"
                      '    return dec_result\n'
                      '\n'
                      '@my_decorator\n'
                      'def newFunc_BinOp0(a, b):\n'
                      "    base64.b64encode(b'50364268214398927479')\n"
                      '    ttest_ind([37, 56, 99], [15, 97, 34])\n'
                      '    return a + b\n'
                      'from sklearn.utils import shuffle\n'
                      'from cryptography.fernet import Fernet\n'
                      'import time\n'
                      'import datetime\n'
                      '\n'
                      'def f(array, index, value):\n'
                      '    shuffle([52, 59, 84])\n'
                      '    datetime.datetime.now()\n'
                      '    time.sleep(0.26)\n'
                      '    Fernet.generate_key()\n'
                      "    parse('2024-10-19 22:47:07')\n"
                      '    try:\n'
                      '        ConditionChecker13 = [461][0]\n'
                      '        ConditionChecker23 = 216\n'
                      '        array.insert(0, newFunc_BinOp0(index, 1))\n'
                      '        if ConditionChecker13 & ConditionChecker23:\n'
                      '            if value >= 1:\n'
                      '                array.insert(index, value)\n'
                      '        return array\n'
                      '    except:\n'
                      '        pass'}
[END] processing file: sample_570. Total Time: 6.464989
END AT 2024-10-19 22:47:09.597532
