STARTING AT 2024-10-19 21:58:25.011657
[START] processing file: sample_150
*Running tests for: sample_150
 
Result: ['tests_pass']
tests_pass sample_150 /home/yang/Benchmark/dataset/cruxeval/code//sample_150.py
Apply all rules on a single file.
Checking transformation add_nested_for_out
*Running tests for: sample_150
 
Result: ['tests_pass']
Checking transformation add_nested_list
*Running tests for: sample_150
 
Result: ['tests_pass']
Checking transformation transform_range_to_recursion
*Running tests for: sample_150
 
Result: ['tests_pass']
Checking transformation add_datetime
*Running tests for: sample_150
 
Result: ['tests_pass']
Checking transformation add_time
*Running tests for: sample_150
 
Result: ['tests_pass']
Checking transformation create_functions
*Running tests for: sample_150
 
Result: ['tests_pass']
Checking transformation add_decorator
*Running tests for: sample_150
 
Result: ['tests_pass']
Checking transformation add_http
*Running tests for: sample_150
 
Result: ['tests_pass']
Checking transformation add_scipy
*Running tests for: sample_150
 
Result: ['tests_pass']
Checking transformation add_base64
*Running tests for: sample_150
 
Result: ['tests_pass']
Checking transformation add_dateutil
*Running tests for: sample_150
 
Result: ['tests_pass']
The file 'reasoning_transformation_cruxeval/CRUXEval/e1f735e05ec0002c7d6ed7d62be776995bf4ddf4/Transformation/sample_150.py' has been formatted successfully.
Checking reasoning_transformation_cruxeval/CRUXEval/e1f735e05ec0002c7d6ed7d62be776995bf4ddf4/Transformation/sample_150.py
*Running tests for: sample_150
 
Result: ['tests_pass']
{ 'applicable_rules': [ 'change_var_names',
                        'add_nested_for_out',
                        'add_try_except_inside_functions',
                        'add_else_to_for',
                        'add_nested_list',
                        'transform_range_to_recursion',
                        'add_datetime',
                        'add_time',
                        'add_crypto',
                        'add_sklearn',
                        'create_functions',
                        'add_decorator',
                        'add_http',
                        'add_scipy',
                        'add_base64',
                        'add_dateutil',
                        'changing_AugAssign'],
  'diff_output': 'reasoning_transformation_cruxeval/CRUXEval/e1f735e05ec0002c7d6ed7d62be776995bf4ddf4/Transformation/sample_150.patch',
  'evaluation_tests_dir': '/home/yang/Benchmark/dataset/cruxeval/',
  'exception': None,
  'file_id': 'sample_150',
  'genetic_algorithm': None,
  'original_code': 'def f(numbers, index):\n'
                   '    for n in numbers[index:]:\n'
                   '        numbers.insert(index, n)\n'
                   '        index += 1\n'
                   '    return numbers[:index]',
  'patch_path': 'reasoning_transformation_cruxeval/CRUXEval/e1f735e05ec0002c7d6ed7d62be776995bf4ddf4/Transformation/sample_150.patch',
  'single_rule': None,
  'source_file': '/home/yang/Benchmark/dataset/cruxeval/code//sample_150.py',
  'target_file': 'reasoning_transformation_cruxeval/CRUXEval/e1f735e05ec0002c7d6ed7d62be776995bf4ddf4/Transformation/sample_150.py',
  'test_results_after': ['tests_pass'],
  'test_results_before': ['tests_pass'],
  'total_time': 4.839422,
  'transformed_code': 'from dateutil.parser import parse\n'
                      'import base64\n'
                      'from scipy.stats import ttest_ind\n'
                      'from http.client import HTTPConnection\n'
                      '\n'
                      'def my_decorator(func):\n'
                      '\n'
                      '    def dec_result(*args, **kwargs):\n'
                      '        res = func(*args, **kwargs)\n'
                      '        return res\n'
                      '    ttest_ind([76, 26, 57], [59, 61, 2])\n'
                      '    return dec_result\n'
                      '\n'
                      '@my_decorator\n'
                      'def newFunc_BinOp0(a, b):\n'
                      "    parse('2024-10-19 21:58:28')\n"
                      "    base64.b64encode(b'57681960503025039195')\n"
                      '    return a + b\n'
                      'from sklearn.utils import shuffle\n'
                      'from cryptography.fernet import Fernet\n'
                      'import time\n'
                      'import datetime\n'
                      '\n'
                      'def f(numbers, index):\n'
                      '    datetime.datetime.now()\n'
                      '    shuffle([92, 61, 60])\n'
                      "    HTTPConnection('google.com', port=80)\n"
                      '    Fernet.generate_key()\n'
                      '    time.sleep(0.03)\n'
                      '    try:\n'
                      '        LoopChecker12 = [770][0]\n'
                      '        LoopChecker22 = 769\n'
                      '\n'
                      '        def loop_5_8(LoopIndexOut, stop, step):\n'
                      '            nonlocal index\n'
                      '            if step == 0 or (step > 0 and LoopIndexOut '
                      '>= stop) or (step < 0 and LoopIndexOut <= stop):\n'
                      '                return\n'
                      '            for newn_1 in numbers[index:]:\n'
                      '                numbers.insert(index, newn_1)\n'
                      '                index = index + 1\n'
                      '            loop_5_8(newFunc_BinOp0(LoopIndexOut, '
                      'step), stop, step)\n'
                      '        loop_5_8(0, LoopChecker12 // LoopChecker22, 1)\n'
                      '        return numbers[:index]\n'
                      '    except:\n'
                      '        pass'}
[END] processing file: sample_150. Total Time: 4.839422
END AT 2024-10-19 21:58:29.852928
