STARTING AT 2024-10-19 22:14:38.421460
[START] processing file: sample_286
*Running tests for: sample_286
 
Result: ['tests_pass']
tests_pass sample_286 /home/yang/Benchmark/dataset/cruxeval/code//sample_286.py
Apply all rules on a single file.
Checking transformation add_nested_if
*Running tests for: sample_286
 
Result: ['tests_pass']
Checking transformation add_nested_list
*Running tests for: sample_286
 
Result: ['tests_pass']
Checking transformation add_datetime
*Running tests for: sample_286
 
Result: ['tests_pass']
Checking transformation add_time
*Running tests for: sample_286
 
Result: ['tests_pass']
Checking transformation create_functions
*Running tests for: sample_286
 
Result: ['tests_pass']
Checking transformation add_decorator
*Running tests for: sample_286
 
Result: ['tests_pass']
Checking transformation add_http
*Running tests for: sample_286
 
Result: ['tests_pass']
Checking transformation add_scipy
*Running tests for: sample_286
 
Result: ['tests_pass']
Checking transformation add_base64
*Running tests for: sample_286
 
Result: ['tests_pass']
Checking transformation add_dateutil
*Running tests for: sample_286
 
Result: ['tests_pass']
The file 'reasoning_transformation_cruxeval/CRUXEval/e1f735e05ec0002c7d6ed7d62be776995bf4ddf4/Transformation/sample_286.py' has been formatted successfully.
Checking reasoning_transformation_cruxeval/CRUXEval/e1f735e05ec0002c7d6ed7d62be776995bf4ddf4/Transformation/sample_286.py
*Running tests for: sample_286
 
Result: ['tests_pass']
{ 'applicable_rules': [ 'change_var_names',
                        'add_nested_if',
                        'add_try_except_inside_functions',
                        'add_nested_list',
                        'add_datetime',
                        'add_time',
                        'add_crypto',
                        'add_sklearn',
                        'create_functions',
                        'add_decorator',
                        'add_http',
                        'add_scipy',
                        'add_base64',
                        'add_dateutil'],
  'diff_output': 'reasoning_transformation_cruxeval/CRUXEval/e1f735e05ec0002c7d6ed7d62be776995bf4ddf4/Transformation/sample_286.patch',
  'evaluation_tests_dir': '/home/yang/Benchmark/dataset/cruxeval/',
  'exception': None,
  'file_id': 'sample_286',
  'genetic_algorithm': None,
  'original_code': 'def f(array, x, i):\n'
                   '    if i < -len(array) or i > len(array) - 1:\n'
                   "        return 'no'\n"
                   '    temp = array[i]\n'
                   '    array[i] = x\n'
                   '    return array',
  'patch_path': 'reasoning_transformation_cruxeval/CRUXEval/e1f735e05ec0002c7d6ed7d62be776995bf4ddf4/Transformation/sample_286.patch',
  'single_rule': None,
  'source_file': '/home/yang/Benchmark/dataset/cruxeval/code//sample_286.py',
  'target_file': 'reasoning_transformation_cruxeval/CRUXEval/e1f735e05ec0002c7d6ed7d62be776995bf4ddf4/Transformation/sample_286.py',
  'test_results_after': ['tests_pass'],
  'test_results_before': ['tests_pass'],
  'total_time': 6.02081,
  'transformed_code': 'from dateutil.parser import parse\n'
                      'import base64\n'
                      'from scipy.stats import ttest_ind\n'
                      'from http.client import HTTPConnection\n'
                      '\n'
                      'def my_decorator(func):\n'
                      '    ttest_ind([51, 77, 47], [59, 23, 32])\n'
                      '\n'
                      '    def dec_result(*args, **kwargs):\n'
                      '        res = func(*args, **kwargs)\n'
                      '        return res\n'
                      '    return dec_result\n'
                      '\n'
                      '@my_decorator\n'
                      'def newFunc_BinOp0(a, b):\n'
                      "    base64.b64encode(b'21679133697783972244')\n"
                      "    parse('2024-10-19 22:14:42')\n"
                      '    return a & b\n'
                      'from sklearn.utils import shuffle\n'
                      'from cryptography.fernet import Fernet\n'
                      'import time\n'
                      'import datetime\n'
                      '\n'
                      'def f(array, x, i):\n'
                      '    datetime.datetime.now()\n'
                      '    Fernet.generate_key()\n'
                      "    HTTPConnection('google.com', port=80)\n"
                      '    shuffle([18, 59, 9])\n'
                      '    time.sleep(0.19)\n'
                      '    try:\n'
                      '        ConditionChecker12 = [717][0]\n'
                      '        ConditionChecker22 = 957\n'
                      '        if newFunc_BinOp0(ConditionChecker12, '
                      'ConditionChecker22):\n'
                      '            if i < -len(array) or i > len(array) - 1:\n'
                      "                return 'no'\n"
                      '        newtemp_1 = array[i]\n'
                      '        array[i] = x\n'
                      '        return array\n'
                      '    except:\n'
                      '        pass'}
[END] processing file: sample_286. Total Time: 6.02081
END AT 2024-10-19 22:14:44.443559
