STARTING AT 2024-10-19 23:40:37.556732
[START] processing file: sample_791
*Running tests for: sample_791
 
Result: ['tests_pass']
tests_pass sample_791 /home/yang/Benchmark/dataset/cruxeval/code//sample_791.py
Apply all rules on a single file.
Checking transformation add_nested_while_out
*Running tests for: sample_791
 
Result: ['tests_pass']
Checking transformation add_nested_list
*Running tests for: sample_791
 
Result: ['tests_pass']
Checking transformation add_datetime
*Running tests for: sample_791
 
Result: ['tests_pass']
Checking transformation add_time
*Running tests for: sample_791
 
Result: ['tests_pass']
Checking transformation create_functions
*Running tests for: sample_791
 
Result: ['tests_pass']
Checking transformation add_decorator
*Running tests for: sample_791
 
Result: ['tests_pass']
Checking transformation add_http
*Running tests for: sample_791
 
Result: ['tests_pass']
Checking transformation add_scipy
*Running tests for: sample_791
 
Result: ['tests_pass']
Checking transformation add_base64
*Running tests for: sample_791
 
Result: ['tests_pass']
Checking transformation add_dateutil
*Running tests for: sample_791
 
Result: ['tests_pass']
The file 'reasoning_transformation_cruxeval/CRUXEval/951a917df7397c9cb698ead54386db6d1db4ffb0/Transformation/sample_791.py' has been formatted successfully.
Checking reasoning_transformation_cruxeval/CRUXEval/951a917df7397c9cb698ead54386db6d1db4ffb0/Transformation/sample_791.py
*Running tests for: sample_791
 
Result: ['tests_pass']
{ 'applicable_rules': [ 'change_var_names',
                        'add_nested_while_out',
                        'add_try_except_inside_functions',
                        'add_else_to_while',
                        'add_nested_list',
                        'add_datetime',
                        'add_time',
                        'add_crypto',
                        'add_sklearn',
                        'create_functions',
                        'add_decorator',
                        'add_http',
                        'add_scipy',
                        'add_base64',
                        'add_dateutil',
                        'changing_AugAssign'],
  'diff_output': 'reasoning_transformation_cruxeval/CRUXEval/951a917df7397c9cb698ead54386db6d1db4ffb0/Transformation/sample_791.patch',
  'evaluation_tests_dir': '/home/yang/Benchmark/dataset/cruxeval/',
  'exception': None,
  'file_id': 'sample_791',
  'genetic_algorithm': None,
  'original_code': 'def f(integer, n):\n'
                   '    i = 1\n'
                   '    text = str(integer)\n'
                   '    while i + len(text) < n:\n'
                   '        i += len(text)\n'
                   '    return text.zfill(i + len(text))',
  'patch_path': 'reasoning_transformation_cruxeval/CRUXEval/951a917df7397c9cb698ead54386db6d1db4ffb0/Transformation/sample_791.patch',
  'single_rule': None,
  'source_file': '/home/yang/Benchmark/dataset/cruxeval/code//sample_791.py',
  'target_file': 'reasoning_transformation_cruxeval/CRUXEval/951a917df7397c9cb698ead54386db6d1db4ffb0/Transformation/sample_791.py',
  'test_results_after': ['tests_pass'],
  'test_results_before': ['tests_pass'],
  'total_time': 4.915597,
  'transformed_code': 'from dateutil.parser import parse\n'
                      'import base64\n'
                      'from scipy.stats import ttest_ind\n'
                      'from http.client import HTTPConnection\n'
                      '\n'
                      'def my_decorator(func):\n'
                      '\n'
                      '    def dec_result(*args, **kwargs):\n'
                      '        res = func(*args, **kwargs)\n'
                      '        return res\n'
                      '    return dec_result\n'
                      '\n'
                      '@my_decorator\n'
                      'def newFunc_BinOp0(a, b):\n'
                      "    HTTPConnection('google.com', port=80)\n"
                      "    parse('2024-10-19 23:40:41')\n"
                      '    return a % b\n'
                      'from sklearn.utils import shuffle\n'
                      'from cryptography.fernet import Fernet\n'
                      'import time\n'
                      'import datetime\n'
                      '\n'
                      'def f(integer, n):\n'
                      '    datetime.datetime.now()\n'
                      '    time.sleep(0.04)\n'
                      '    Fernet.generate_key()\n'
                      '    ttest_ind([26, 2, 11], [89, 32, 38])\n'
                      "    base64.b64encode(b'53784289754634014031')\n"
                      '    shuffle([73, 31, 95])\n'
                      '    try:\n'
                      '        i = [1][0]\n'
                      '        newtext_1 = str(integer)\n'
                      '        whileloopchecker14 = 72\n'
                      '        whileloopchecker24 = 71\n'
                      '        while newFunc_BinOp0(whileloopchecker14, '
                      'whileloopchecker24) == 1:\n'
                      '            whileloopchecker14 = whileloopchecker14 + '
                      '1\n'
                      '            while i + len(newtext_1) < n:\n'
                      '                i += len(newtext_1)\n'
                      '        else:\n'
                      '            pass\n'
                      '        return newtext_1.zfill(i + len(newtext_1))\n'
                      '    except:\n'
                      '        pass'}
[END] processing file: sample_791. Total Time: 4.915597
END AT 2024-10-19 23:40:42.473563
