STARTING AT 2024-10-19 22:12:00.519049
[START] processing file: sample_264
*Running tests for: sample_264
 
Result: ['tests_pass']
tests_pass sample_264 /home/yang/Benchmark/dataset/cruxeval/code//sample_264.py
Apply all rules on a single file.
Checking transformation add_datetime
*Running tests for: sample_264
 
Result: ['tests_pass']
Checking transformation add_time
*Running tests for: sample_264
 
Result: ['tests_pass']
Checking transformation add_decorator
*Running tests for: sample_264
 
Result: ['tests_pass']
Checking transformation add_http
*Running tests for: sample_264
 
Result: ['tests_pass']
Checking transformation add_scipy
*Running tests for: sample_264
 
Result: ['tests_pass']
Checking transformation add_base64
*Running tests for: sample_264
 
Result: ['tests_pass']
Checking transformation add_dateutil
*Running tests for: sample_264
 
Result: ['tests_pass']
The file 'reasoning_transformation_cruxeval/CRUXEval/e1f735e05ec0002c7d6ed7d62be776995bf4ddf4/Transformation/sample_264.py' has been formatted successfully.
Checking reasoning_transformation_cruxeval/CRUXEval/e1f735e05ec0002c7d6ed7d62be776995bf4ddf4/Transformation/sample_264.py
*Running tests for: sample_264
 
Result: ['tests_pass']
{ 'applicable_rules': [ 'change_var_names',
                        'add_try_except_inside_functions',
                        'add_datetime',
                        'add_time',
                        'add_crypto',
                        'add_sklearn',
                        'add_decorator',
                        'add_http',
                        'add_scipy',
                        'add_base64',
                        'add_dateutil'],
  'diff_output': 'reasoning_transformation_cruxeval/CRUXEval/e1f735e05ec0002c7d6ed7d62be776995bf4ddf4/Transformation/sample_264.patch',
  'evaluation_tests_dir': '/home/yang/Benchmark/dataset/cruxeval/',
  'exception': None,
  'file_id': 'sample_264',
  'genetic_algorithm': None,
  'original_code': 'def f(test_str):\n'
                   "    s = test_str.replace('a', 'A')\n"
                   "    return s.replace('e', 'A')",
  'patch_path': 'reasoning_transformation_cruxeval/CRUXEval/e1f735e05ec0002c7d6ed7d62be776995bf4ddf4/Transformation/sample_264.patch',
  'single_rule': None,
  'source_file': '/home/yang/Benchmark/dataset/cruxeval/code//sample_264.py',
  'target_file': 'reasoning_transformation_cruxeval/CRUXEval/e1f735e05ec0002c7d6ed7d62be776995bf4ddf4/Transformation/sample_264.py',
  'test_results_after': ['tests_pass'],
  'test_results_before': ['tests_pass'],
  'total_time': 5.972433,
  'transformed_code': 'from dateutil.parser import parse\n'
                      'import base64\n'
                      'from scipy.stats import ttest_ind\n'
                      'from http.client import HTTPConnection\n'
                      '\n'
                      'def my_decorator(func):\n'
                      '    ttest_ind([87, 44, 25], [97, 58, 17])\n'
                      '\n'
                      '    def dec_result(*args, **kwargs):\n'
                      '        res = func(*args, **kwargs)\n'
                      '        return res\n'
                      '    return dec_result\n'
                      'from sklearn.utils import shuffle\n'
                      'from cryptography.fernet import Fernet\n'
                      'import time\n'
                      'import datetime\n'
                      '\n'
                      '@my_decorator\n'
                      'def f(test_str):\n'
                      '    shuffle([60, 71, 12])\n'
                      "    base64.b64encode(b'55349284253932745985')\n"
                      '    time.sleep(0.29)\n'
                      '    Fernet.generate_key()\n'
                      '    datetime.datetime.now()\n'
                      "    HTTPConnection('google.com', port=80)\n"
                      "    parse('2024-10-19 22:12:04')\n"
                      '    try:\n'
                      "        news_1 = test_str.replace('a', 'A')\n"
                      "        return news_1.replace('e', 'A')\n"
                      '    except:\n'
                      '        pass'}
[END] processing file: sample_264. Total Time: 5.972433
END AT 2024-10-19 22:12:06.492732
