STARTING AT 2024-10-19 22:45:10.904231
[START] processing file: sample_555
*Running tests for: sample_555
 
Result: ['tests_pass']
tests_pass sample_555 /home/yang/Benchmark/dataset/cruxeval/code//sample_555.py
Apply all rules on a single file.
Checking transformation add_datetime
*Running tests for: sample_555
 
Result: ['tests_pass']
Checking transformation add_time
*Running tests for: sample_555
 
Result: ['tests_pass']
Checking transformation create_functions
*Running tests for: sample_555
 
Result: ['tests_pass']
Checking transformation add_decorator
*Running tests for: sample_555
 
Result: ['tests_pass']
Checking transformation add_http
*Running tests for: sample_555
 
Result: ['tests_pass']
Checking transformation add_scipy
*Running tests for: sample_555
 
Result: ['tests_pass']
Checking transformation add_base64
*Running tests for: sample_555
 
Result: ['tests_pass']
Checking transformation add_dateutil
*Running tests for: sample_555
 
Result: ['tests_pass']
The file 'reasoning_transformation_cruxeval/CRUXEval/e1f735e05ec0002c7d6ed7d62be776995bf4ddf4/Transformation/sample_555.py' has been formatted successfully.
Checking reasoning_transformation_cruxeval/CRUXEval/e1f735e05ec0002c7d6ed7d62be776995bf4ddf4/Transformation/sample_555.py
*Running tests for: sample_555
 
Result: ['tests_pass']
{ 'applicable_rules': [ 'change_var_names',
                        'add_try_except_inside_functions',
                        'add_datetime',
                        'add_time',
                        'add_crypto',
                        'add_sklearn',
                        'create_functions',
                        'add_decorator',
                        'add_http',
                        'add_scipy',
                        'add_base64',
                        'add_dateutil'],
  'diff_output': 'reasoning_transformation_cruxeval/CRUXEval/e1f735e05ec0002c7d6ed7d62be776995bf4ddf4/Transformation/sample_555.patch',
  'evaluation_tests_dir': '/home/yang/Benchmark/dataset/cruxeval/',
  'exception': None,
  'file_id': 'sample_555',
  'genetic_algorithm': None,
  'original_code': 'def f(text, tabstop):\n'
                   "    text = text.replace('\\n', '_____')\n"
                   "    text = text.replace('\\t', tabstop * ' ')\n"
                   "    text = text.replace('_____', '\\n')\n"
                   '    return text',
  'patch_path': 'reasoning_transformation_cruxeval/CRUXEval/e1f735e05ec0002c7d6ed7d62be776995bf4ddf4/Transformation/sample_555.patch',
  'single_rule': None,
  'source_file': '/home/yang/Benchmark/dataset/cruxeval/code//sample_555.py',
  'target_file': 'reasoning_transformation_cruxeval/CRUXEval/e1f735e05ec0002c7d6ed7d62be776995bf4ddf4/Transformation/sample_555.py',
  'test_results_after': ['tests_pass'],
  'test_results_before': ['tests_pass'],
  'total_time': 6.444472,
  'transformed_code': 'from dateutil.parser import parse\n'
                      'import base64\n'
                      'from scipy.stats import ttest_ind\n'
                      'from http.client import HTTPConnection\n'
                      '\n'
                      'def my_decorator(func):\n'
                      "    base64.b64encode(b'86711419578072770601')\n"
                      "    parse('2024-10-19 22:45:15')\n"
                      '\n'
                      '    def dec_result(*args, **kwargs):\n'
                      '        res = func(*args, **kwargs)\n'
                      '        return res\n'
                      '    return dec_result\n'
                      '\n'
                      '@my_decorator\n'
                      'def newFunc_BinOp0(a, b):\n'
                      '    return a * b\n'
                      'from sklearn.utils import shuffle\n'
                      'from cryptography.fernet import Fernet\n'
                      'import time\n'
                      'import datetime\n'
                      '\n'
                      'def f(newtext_1, tabstop):\n'
                      '    ttest_ind([62, 1, 21], [76, 67, 41])\n'
                      '    shuffle([47, 48, 100])\n'
                      '    Fernet.generate_key()\n'
                      '    datetime.datetime.now()\n'
                      '    time.sleep(0.26)\n'
                      "    HTTPConnection('google.com', port=80)\n"
                      '    try:\n'
                      "        newtext_1 = newtext_1.replace('\\n', '_____')\n"
                      "        newtext_1 = newtext_1.replace('\\t', "
                      "newFunc_BinOp0(tabstop, ' '))\n"
                      "        newtext_1 = newtext_1.replace('_____', '\\n')\n"
                      '        return newtext_1\n'
                      '    except:\n'
                      '        pass'}
[END] processing file: sample_555. Total Time: 6.444472
END AT 2024-10-19 22:45:17.349841
