STARTING AT 2024-10-19 23:43:20.769518
[START] processing file: sample_99
*Running tests for: sample_99
 
Result: ['tests_pass']
tests_pass sample_99 /home/yang/Benchmark/dataset/cruxeval/code//sample_99.py
Apply all rules on a single file.
Checking transformation add_datetime
*Running tests for: sample_99
 
Result: ['tests_pass']
Checking transformation add_time
*Running tests for: sample_99
 
Result: ['tests_pass']
Checking transformation add_decorator
*Running tests for: sample_99
 
Result: ['tests_pass']
Checking transformation add_http
*Running tests for: sample_99
 
Result: ['tests_pass']
Checking transformation add_scipy
*Running tests for: sample_99
 
Result: ['tests_pass']
Checking transformation add_base64
*Running tests for: sample_99
 
Result: ['tests_pass']
Checking transformation add_dateutil
*Running tests for: sample_99
 
Result: ['tests_pass']
The file 'reasoning_transformation_cruxeval/CRUXEval/951a917df7397c9cb698ead54386db6d1db4ffb0/Transformation/sample_99.py' has been formatted successfully.
Checking reasoning_transformation_cruxeval/CRUXEval/951a917df7397c9cb698ead54386db6d1db4ffb0/Transformation/sample_99.py
*Running tests for: sample_99
 
Result: ['tests_pass']
{ 'applicable_rules': [ 'add_try_except_inside_functions',
                        'add_datetime',
                        'add_time',
                        'add_crypto',
                        'add_sklearn',
                        'add_decorator',
                        'add_http',
                        'add_scipy',
                        'add_base64',
                        'add_dateutil'],
  'diff_output': 'reasoning_transformation_cruxeval/CRUXEval/951a917df7397c9cb698ead54386db6d1db4ffb0/Transformation/sample_99.patch',
  'evaluation_tests_dir': '/home/yang/Benchmark/dataset/cruxeval/',
  'exception': None,
  'file_id': 'sample_99',
  'genetic_algorithm': None,
  'original_code': 'def f(text, sep, num):\n'
                   "    return '___'.join(text.rsplit(sep, num))",
  'patch_path': 'reasoning_transformation_cruxeval/CRUXEval/951a917df7397c9cb698ead54386db6d1db4ffb0/Transformation/sample_99.patch',
  'single_rule': None,
  'source_file': '/home/yang/Benchmark/dataset/cruxeval/code//sample_99.py',
  'target_file': 'reasoning_transformation_cruxeval/CRUXEval/951a917df7397c9cb698ead54386db6d1db4ffb0/Transformation/sample_99.py',
  'test_results_after': ['tests_pass'],
  'test_results_before': ['tests_pass'],
  'total_time': 5.042034,
  'transformed_code': 'from dateutil.parser import parse\n'
                      'import base64\n'
                      'from scipy.stats import ttest_ind\n'
                      'from http.client import HTTPConnection\n'
                      '\n'
                      'def my_decorator(func):\n'
                      '    ttest_ind([58, 36, 31], [93, 79, 7])\n'
                      '\n'
                      '    def dec_result(*args, **kwargs):\n'
                      '        res = func(*args, **kwargs)\n'
                      '        return res\n'
                      "    parse('2024-10-19 23:43:24')\n"
                      "    HTTPConnection('google.com', port=80)\n"
                      '    return dec_result\n'
                      'from sklearn.utils import shuffle\n'
                      'from cryptography.fernet import Fernet\n'
                      'import time\n'
                      'import datetime\n'
                      '\n'
                      '@my_decorator\n'
                      'def f(text, sep, num):\n'
                      '    Fernet.generate_key()\n'
                      '    shuffle([72, 33, 78])\n'
                      '    datetime.datetime.now()\n'
                      "    base64.b64encode(b'28254002642401089103')\n"
                      '    time.sleep(0.18)\n'
                      '    try:\n'
                      "        return '___'.join(text.rsplit(sep, num))\n"
                      '    except:\n'
                      '        pass'}
[END] processing file: sample_99. Total Time: 5.042034
END AT 2024-10-19 23:43:25.813423
