STARTING AT 2024-10-19 22:39:17.301658
[START] processing file: sample_505
*Running tests for: sample_505
 
Result: ['tests_pass']
tests_pass sample_505 /home/yang/Benchmark/dataset/cruxeval/code//sample_505.py
Apply all rules on a single file.
Checking transformation add_nested_while_out
*Running tests for: sample_505
 
Result: ['tests_pass']
Checking transformation add_nested_if
*Running tests for: sample_505
 
Result: ['tests_pass']
Checking transformation add_nested_list
*Running tests for: sample_505
 
Result: ['tests_pass']
Checking transformation add_datetime
*Running tests for: sample_505
 
Result: ['tests_pass']
Checking transformation add_time
*Running tests for: sample_505
 
Result: ['tests_pass']
Checking transformation create_functions
*Running tests for: sample_505
 
Result: ['tests_pass']
Checking transformation add_decorator
*Running tests for: sample_505
 
Result: ['tests_pass']
Checking transformation add_http
*Running tests for: sample_505
 
Result: ['tests_pass']
Checking transformation add_scipy
*Running tests for: sample_505
 
Result: ['tests_pass']
Checking transformation add_base64
*Running tests for: sample_505
 
Result: ['tests_pass']
Checking transformation add_dateutil
*Running tests for: sample_505
 
Result: ['tests_pass']
The file 'reasoning_transformation_cruxeval/CRUXEval/e1f735e05ec0002c7d6ed7d62be776995bf4ddf4/Transformation/sample_505.py' has been formatted successfully.
Checking reasoning_transformation_cruxeval/CRUXEval/e1f735e05ec0002c7d6ed7d62be776995bf4ddf4/Transformation/sample_505.py
*Running tests for: sample_505
 
Result: ['tests_pass']
{ 'applicable_rules': [ 'change_var_names',
                        'add_nested_while_out',
                        'add_nested_if',
                        'add_try_except_inside_functions',
                        'add_else_to_while',
                        'add_nested_list',
                        'add_datetime',
                        'add_time',
                        'add_crypto',
                        'add_sklearn',
                        'create_functions',
                        'add_decorator',
                        'add_http',
                        'add_scipy',
                        'add_base64',
                        'add_dateutil',
                        'changing_AugAssign'],
  'diff_output': 'reasoning_transformation_cruxeval/CRUXEval/e1f735e05ec0002c7d6ed7d62be776995bf4ddf4/Transformation/sample_505.patch',
  'evaluation_tests_dir': '/home/yang/Benchmark/dataset/cruxeval/',
  'exception': None,
  'file_id': 'sample_505',
  'genetic_algorithm': None,
  'original_code': 'def f(string):\n'
                   '    while string:\n'
                   '        if string[-1].isalpha():\n'
                   '            return string\n'
                   '        string = string[:-1]\n'
                   '    return string',
  'patch_path': 'reasoning_transformation_cruxeval/CRUXEval/e1f735e05ec0002c7d6ed7d62be776995bf4ddf4/Transformation/sample_505.patch',
  'single_rule': None,
  'source_file': '/home/yang/Benchmark/dataset/cruxeval/code//sample_505.py',
  'target_file': 'reasoning_transformation_cruxeval/CRUXEval/e1f735e05ec0002c7d6ed7d62be776995bf4ddf4/Transformation/sample_505.py',
  'test_results_after': ['tests_pass'],
  'test_results_before': ['tests_pass'],
  'total_time': 5.553673,
  'transformed_code': 'from dateutil.parser import parse\n'
                      'import base64\n'
                      'from scipy.stats import ttest_ind\n'
                      'from http.client import HTTPConnection\n'
                      '\n'
                      'def my_decorator(func):\n'
                      '    ttest_ind([66, 37, 54], [37, 81, 87])\n'
                      '\n'
                      '    def dec_result(*args, **kwargs):\n'
                      '        res = func(*args, **kwargs)\n'
                      '        return res\n'
                      '    return dec_result\n'
                      '\n'
                      '@my_decorator\n'
                      'def newFunc_BinOp0(a, b):\n'
                      '    return a % b\n'
                      'from sklearn.utils import shuffle\n'
                      'from cryptography.fernet import Fernet\n'
                      'import time\n'
                      'import datetime\n'
                      '\n'
                      'def f(newstring_1):\n'
                      '    datetime.datetime.now()\n'
                      "    base64.b64encode(b'57175786439563987060')\n"
                      "    parse('2024-10-19 22:39:21')\n"
                      '    time.sleep(0.13)\n'
                      "    HTTPConnection('google.com', port=80)\n"
                      '    Fernet.generate_key()\n'
                      '    shuffle([62, 6, 33])\n'
                      '    try:\n'
                      '        whileloopchecker12 = [990][0]\n'
                      '        whileloopchecker22 = 989\n'
                      '        while newFunc_BinOp0(whileloopchecker12, '
                      'whileloopchecker22) == 1:\n'
                      '            whileloopchecker12 = whileloopchecker12 + '
                      '1\n'
                      '            while newstring_1:\n'
                      '                ConditionChecker17 = 704\n'
                      '                ConditionChecker27 = 390\n'
                      '                if ConditionChecker17 & '
                      'ConditionChecker27:\n'
                      '                    if newstring_1[-1].isalpha():\n'
                      '                        return newstring_1\n'
                      '                newstring_1 = newstring_1[:-1]\n'
                      '        else:\n'
                      '            pass\n'
                      '        return newstring_1\n'
                      '    except:\n'
                      '        pass'}
[END] processing file: sample_505. Total Time: 5.553673
END AT 2024-10-19 22:39:22.856649
