STARTING AT 2024-10-19 22:25:47.208506
[START] processing file: sample_381
*Running tests for: sample_381
 
Result: ['tests_pass']
tests_pass sample_381 /home/yang/Benchmark/dataset/cruxeval/code//sample_381.py
Apply all rules on a single file.
Checking transformation replace_with_numpy
*Running tests for: sample_381
 
Result: ['tests_pass']
Checking transformation add_datetime
*Running tests for: sample_381
 
Result: ['tests_pass']
Checking transformation add_time
*Running tests for: sample_381
 
Result: ['tests_pass']
Checking transformation add_decorator
*Running tests for: sample_381
 
Result: ['tests_pass']
Checking transformation add_http
*Running tests for: sample_381
 
Result: ['tests_pass']
Checking transformation add_scipy
*Running tests for: sample_381
 
Result: ['tests_pass']
Checking transformation add_base64
*Running tests for: sample_381
 
Result: ['tests_pass']
Checking transformation add_dateutil
*Running tests for: sample_381
 
Result: ['tests_pass']
The file 'reasoning_transformation_cruxeval/CRUXEval/e1f735e05ec0002c7d6ed7d62be776995bf4ddf4/Transformation/sample_381.py' has been formatted successfully.
Checking reasoning_transformation_cruxeval/CRUXEval/e1f735e05ec0002c7d6ed7d62be776995bf4ddf4/Transformation/sample_381.py
*Running tests for: sample_381
 
Result: ['tests_pass']
{ 'applicable_rules': [ 'change_var_names',
                        'add_try_except_inside_functions',
                        'replace_with_numpy',
                        'add_datetime',
                        'add_time',
                        'add_crypto',
                        'add_sklearn',
                        'add_decorator',
                        'add_http',
                        'add_scipy',
                        'add_base64',
                        'add_dateutil'],
  'diff_output': 'reasoning_transformation_cruxeval/CRUXEval/e1f735e05ec0002c7d6ed7d62be776995bf4ddf4/Transformation/sample_381.patch',
  'evaluation_tests_dir': '/home/yang/Benchmark/dataset/cruxeval/',
  'exception': None,
  'file_id': 'sample_381',
  'genetic_algorithm': None,
  'original_code': 'def f(text, num_digits):\n'
                   '    width = max(1, num_digits)\n'
                   '    return text.zfill(width)',
  'patch_path': 'reasoning_transformation_cruxeval/CRUXEval/e1f735e05ec0002c7d6ed7d62be776995bf4ddf4/Transformation/sample_381.patch',
  'single_rule': None,
  'source_file': '/home/yang/Benchmark/dataset/cruxeval/code//sample_381.py',
  'target_file': 'reasoning_transformation_cruxeval/CRUXEval/e1f735e05ec0002c7d6ed7d62be776995bf4ddf4/Transformation/sample_381.py',
  'test_results_after': ['tests_pass'],
  'test_results_before': ['tests_pass'],
  'total_time': 5.233241,
  'transformed_code': 'from dateutil.parser import parse\n'
                      'import base64\n'
                      'from scipy.stats import ttest_ind\n'
                      'from http.client import HTTPConnection\n'
                      '\n'
                      'def my_decorator(func):\n'
                      '\n'
                      '    def dec_result(*args, **kwargs):\n'
                      '        res = func(*args, **kwargs)\n'
                      '        return res\n'
                      "    base64.b64encode(b'90475297259968837645')\n"
                      '    return dec_result\n'
                      'from sklearn.utils import shuffle\n'
                      'from cryptography.fernet import Fernet\n'
                      'import time\n'
                      'import datetime\n'
                      'import numpy as np\n'
                      '\n'
                      '@my_decorator\n'
                      'def f(text, num_digits):\n'
                      "    HTTPConnection('google.com', port=80)\n"
                      '    shuffle([19, 62, 41])\n'
                      '    Fernet.generate_key()\n'
                      '    ttest_ind([94, 59, 60], [43, 25, 29])\n'
                      '    datetime.datetime.now()\n'
                      '    time.sleep(0.18)\n'
                      "    parse('2024-10-19 22:25:50')\n"
                      '    try:\n'
                      '        newwidth_1 = np.max(np.array([1, num_digits]))\n'
                      '        return text.zfill(newwidth_1)\n'
                      '    except:\n'
                      '        pass'}
[END] processing file: sample_381. Total Time: 5.233241
END AT 2024-10-19 22:25:52.443607
