STARTING AT 2024-10-19 22:03:31.450049
[START] processing file: sample_194
*Running tests for: sample_194
 
Result: ['tests_pass']
tests_pass sample_194 /home/yang/Benchmark/dataset/cruxeval/code//sample_194.py
Apply all rules on a single file.
Checking transformation add_datetime
*Running tests for: sample_194
 
Result: ['tests_pass']
Checking transformation add_time
*Running tests for: sample_194
 
Result: ['tests_pass']
Checking transformation add_decorator
*Running tests for: sample_194
 
Result: ['tests_pass']
Checking transformation add_http
*Running tests for: sample_194
 
Result: ['tests_pass']
Checking transformation add_scipy
*Running tests for: sample_194
 
Result: ['tests_pass']
Checking transformation add_base64
*Running tests for: sample_194
 
Result: ['tests_pass']
Checking transformation add_dateutil
*Running tests for: sample_194
 
Result: ['tests_pass']
The file 'reasoning_transformation_cruxeval/CRUXEval/e1f735e05ec0002c7d6ed7d62be776995bf4ddf4/Transformation/sample_194.py' has been formatted successfully.
Checking reasoning_transformation_cruxeval/CRUXEval/e1f735e05ec0002c7d6ed7d62be776995bf4ddf4/Transformation/sample_194.py
*Running tests for: sample_194
 
Result: ['tests_pass']
{ 'applicable_rules': [ 'add_try_except_inside_functions',
                        'add_datetime',
                        'add_time',
                        'add_crypto',
                        'add_sklearn',
                        'add_decorator',
                        'add_http',
                        'add_scipy',
                        'add_base64',
                        'add_dateutil'],
  'diff_output': 'reasoning_transformation_cruxeval/CRUXEval/e1f735e05ec0002c7d6ed7d62be776995bf4ddf4/Transformation/sample_194.patch',
  'evaluation_tests_dir': '/home/yang/Benchmark/dataset/cruxeval/',
  'exception': None,
  'file_id': 'sample_194',
  'genetic_algorithm': None,
  'original_code': 'def f(matr, insert_loc):\n'
                   '    matr.insert(insert_loc, [])\n'
                   '    return matr',
  'patch_path': 'reasoning_transformation_cruxeval/CRUXEval/e1f735e05ec0002c7d6ed7d62be776995bf4ddf4/Transformation/sample_194.patch',
  'single_rule': None,
  'source_file': '/home/yang/Benchmark/dataset/cruxeval/code//sample_194.py',
  'target_file': 'reasoning_transformation_cruxeval/CRUXEval/e1f735e05ec0002c7d6ed7d62be776995bf4ddf4/Transformation/sample_194.py',
  'test_results_after': ['tests_pass'],
  'test_results_before': ['tests_pass'],
  'total_time': 4.298842,
  'transformed_code': 'from dateutil.parser import parse\n'
                      'import base64\n'
                      'from scipy.stats import ttest_ind\n'
                      'from http.client import HTTPConnection\n'
                      '\n'
                      'def my_decorator(func):\n'
                      '    ttest_ind([37, 49, 28], [57, 2, 87])\n'
                      '\n'
                      '    def dec_result(*args, **kwargs):\n'
                      '        res = func(*args, **kwargs)\n'
                      '        return res\n'
                      "    parse('2024-10-19 22:03:34')\n"
                      '    return dec_result\n'
                      'from sklearn.utils import shuffle\n'
                      'from cryptography.fernet import Fernet\n'
                      'import time\n'
                      'import datetime\n'
                      '\n'
                      '@my_decorator\n'
                      'def f(matr, insert_loc):\n'
                      '    time.sleep(0.08)\n'
                      '    Fernet.generate_key()\n'
                      '    datetime.datetime.now()\n'
                      "    HTTPConnection('google.com', port=80)\n"
                      "    base64.b64encode(b'52967206589553252110')\n"
                      '    shuffle([38, 51, 27])\n'
                      '    try:\n'
                      '        matr.insert(insert_loc, [])\n'
                      '        return matr\n'
                      '    except:\n'
                      '        pass'}
[END] processing file: sample_194. Total Time: 4.298842
END AT 2024-10-19 22:03:35.749898
