STARTING AT 2024-10-19 21:56:26.231942
[START] processing file: sample_134
*Running tests for: sample_134
 
Result: ['tests_pass']
tests_pass sample_134 /home/yang/Benchmark/dataset/cruxeval/code//sample_134.py
Apply all rules on a single file.
Checking transformation add_nested_for_out
*Running tests for: sample_134
 
Result: ['tests_pass']
Checking transformation add_nested_if
*Running tests for: sample_134
 
Result: ['tests_pass']
Checking transformation add_nested_list
*Running tests for: sample_134
 
Result: ['tests_pass']
Checking transformation transform_range_to_recursion
*Running tests for: sample_134
 
Result: ['tests_pass']
Checking transformation add_datetime
*Running tests for: sample_134
 
Result: ['tests_pass']
Checking transformation add_time
*Running tests for: sample_134
 
Result: ['tests_pass']
Checking transformation create_functions
*Running tests for: sample_134
 
Result: ['tests_pass']
Checking transformation add_decorator
*Running tests for: sample_134
 
Result: ['tests_pass']
Checking transformation add_http
*Running tests for: sample_134
 
Result: ['tests_pass']
Checking transformation add_scipy
*Running tests for: sample_134
 
Result: ['tests_pass']
Checking transformation add_base64
*Running tests for: sample_134
 
Result: ['tests_pass']
Checking transformation add_dateutil
*Running tests for: sample_134
 
Result: ['tests_pass']
The file 'reasoning_transformation_cruxeval/CRUXEval/e1f735e05ec0002c7d6ed7d62be776995bf4ddf4/Transformation/sample_134.py' has been formatted successfully.
Checking reasoning_transformation_cruxeval/CRUXEval/e1f735e05ec0002c7d6ed7d62be776995bf4ddf4/Transformation/sample_134.py
*Running tests for: sample_134
 
Result: ['tests_pass']
{ 'applicable_rules': [ 'change_var_names',
                        'add_nested_for_out',
                        'add_nested_if',
                        'add_try_except_inside_functions',
                        'add_else_to_for',
                        'add_nested_list',
                        'transform_range_to_recursion',
                        'add_datetime',
                        'add_time',
                        'add_crypto',
                        'add_sklearn',
                        'create_functions',
                        'add_decorator',
                        'add_http',
                        'add_scipy',
                        'add_base64',
                        'add_dateutil',
                        'changing_AugAssign'],
  'diff_output': 'reasoning_transformation_cruxeval/CRUXEval/e1f735e05ec0002c7d6ed7d62be776995bf4ddf4/Transformation/sample_134.patch',
  'evaluation_tests_dir': '/home/yang/Benchmark/dataset/cruxeval/',
  'exception': None,
  'file_id': 'sample_134',
  'genetic_algorithm': None,
  'original_code': 'def f(n):\n'
                   '    t = 0\n'
                   "    b = ''\n"
                   '    digits = list(map(int, str(n)))\n'
                   '    for d in digits:\n'
                   '        if d == 0:\n'
                   '            t += 1\n'
                   '        else:\n'
                   '            break\n'
                   '    for _ in range(t):\n'
                   "        b += str(1) + '0' + str(4)\n"
                   '    b += str(n)\n'
                   '    return b',
  'patch_path': 'reasoning_transformation_cruxeval/CRUXEval/e1f735e05ec0002c7d6ed7d62be776995bf4ddf4/Transformation/sample_134.patch',
  'single_rule': None,
  'source_file': '/home/yang/Benchmark/dataset/cruxeval/code//sample_134.py',
  'target_file': 'reasoning_transformation_cruxeval/CRUXEval/e1f735e05ec0002c7d6ed7d62be776995bf4ddf4/Transformation/sample_134.py',
  'test_results_after': ['tests_pass'],
  'test_results_before': ['tests_pass'],
  'total_time': 6.547253,
  'transformed_code': 'from dateutil.parser import parse\n'
                      'import base64\n'
                      'from scipy.stats import ttest_ind\n'
                      'from http.client import HTTPConnection\n'
                      '\n'
                      'def my_decorator(func):\n'
                      '\n'
                      '    def dec_result(*args, **kwargs):\n'
                      '        res = func(*args, **kwargs)\n'
                      '        return res\n'
                      "    parse('2024-10-19 21:56:31')\n"
                      '    return dec_result\n'
                      '\n'
                      '@my_decorator\n'
                      'def newFunc0_33(variable_10_33, variable_8_33, '
                      'variable_6_33, str):\n'
                      "    HTTPConnection('google.com', port=80)\n"
                      '    ttest_ind([67, 54, 60], [28, 16, 24])\n'
                      "    base64.b64encode(b'92895508070756363274')\n"
                      '    return str(variable_10_33) + variable_6_33 + '
                      'str(variable_8_33)\n'
                      'from sklearn.utils import shuffle\n'
                      'from cryptography.fernet import Fernet\n'
                      'import time\n'
                      'import datetime\n'
                      '\n'
                      'def f(n):\n'
                      '    shuffle([72, 32, 81])\n'
                      '    Fernet.generate_key()\n'
                      '    datetime.datetime.now()\n'
                      '    time.sleep(0.23)\n'
                      '    try:\n'
                      '        t = [0][0]\n'
                      "        b = ''\n"
                      '        digits = list(map(int, str(n)))\n'
                      '        LoopChecker15 = 976\n'
                      '        LoopChecker25 = 975\n'
                      '        ConditionChecker19 = 823\n'
                      '        ConditionChecker29 = 848\n'
                      '\n'
                      '        def loop_10_8(LoopIndexOut, stop, step):\n'
                      '            nonlocal t\n'
                      '            if step == 0 or (step > 0 and LoopIndexOut '
                      '>= stop) or (step < 0 and LoopIndexOut <= stop):\n'
                      '                return\n'
                      '            for newd_1 in digits:\n'
                      '                if ConditionChecker19 & '
                      'ConditionChecker29:\n'
                      '                    if newd_1 == 0:\n'
                      '                        t = t + 1\n'
                      '                    else:\n'
                      '                        break\n'
                      '            loop_10_8(LoopIndexOut + step, stop, step)\n'
                      '        loop_10_8(0, LoopChecker15 // LoopChecker25, '
                      '1)\n'
                      '        for _ in range(t):\n'
                      "            variable_6_33 = '0'\n"
                      '            variable_8_33 = 4\n'
                      '            variable_10_33 = 1\n'
                      '            b += newFunc0_33(variable_10_33, '
                      'variable_8_33, variable_6_33, str)\n'
                      '        b += str(n)\n'
                      '        return b\n'
                      '    except:\n'
                      '        pass'}
[END] processing file: sample_134. Total Time: 6.547253
END AT 2024-10-19 21:56:32.781564
