STARTING AT 2024-10-19 22:14:57.919442
[START] processing file: sample_289
*Running tests for: sample_289
 
Result: ['tests_pass']
tests_pass sample_289 /home/yang/Benchmark/dataset/cruxeval/code//sample_289.py
Apply all rules on a single file.
Checking transformation add_datetime
*Running tests for: sample_289
 
Result: ['tests_pass']
Checking transformation add_time
*Running tests for: sample_289
 
Result: ['tests_pass']
Checking transformation add_decorator
*Running tests for: sample_289
 
Result: ['tests_pass']
Checking transformation add_http
*Running tests for: sample_289
 
Result: ['tests_pass']
Checking transformation add_scipy
*Running tests for: sample_289
 
Result: ['tests_pass']
Checking transformation add_base64
*Running tests for: sample_289
 
Result: ['tests_pass']
Checking transformation add_dateutil
*Running tests for: sample_289
 
Result: ['tests_pass']
The file 'reasoning_transformation_cruxeval/CRUXEval/e1f735e05ec0002c7d6ed7d62be776995bf4ddf4/Transformation/sample_289.py' has been formatted successfully.
Checking reasoning_transformation_cruxeval/CRUXEval/e1f735e05ec0002c7d6ed7d62be776995bf4ddf4/Transformation/sample_289.py
*Running tests for: sample_289
 
Result: ['tests_pass']
{ 'applicable_rules': [ 'add_try_except_inside_functions',
                        'add_datetime',
                        'add_time',
                        'add_crypto',
                        'add_sklearn',
                        'add_decorator',
                        'add_http',
                        'add_scipy',
                        'add_base64',
                        'add_dateutil'],
  'diff_output': 'reasoning_transformation_cruxeval/CRUXEval/e1f735e05ec0002c7d6ed7d62be776995bf4ddf4/Transformation/sample_289.patch',
  'evaluation_tests_dir': '/home/yang/Benchmark/dataset/cruxeval/',
  'exception': None,
  'file_id': 'sample_289',
  'genetic_algorithm': None,
  'original_code': 'def f(code):\n'
                   "    return '{}: {}'.format(code, code.encode())",
  'patch_path': 'reasoning_transformation_cruxeval/CRUXEval/e1f735e05ec0002c7d6ed7d62be776995bf4ddf4/Transformation/sample_289.patch',
  'single_rule': None,
  'source_file': '/home/yang/Benchmark/dataset/cruxeval/code//sample_289.py',
  'target_file': 'reasoning_transformation_cruxeval/CRUXEval/e1f735e05ec0002c7d6ed7d62be776995bf4ddf4/Transformation/sample_289.py',
  'test_results_after': ['tests_pass'],
  'test_results_before': ['tests_pass'],
  'total_time': 4.669411,
  'transformed_code': 'from dateutil.parser import parse\n'
                      'import base64\n'
                      'from scipy.stats import ttest_ind\n'
                      'from http.client import HTTPConnection\n'
                      '\n'
                      'def my_decorator(func):\n'
                      '\n'
                      '    def dec_result(*args, **kwargs):\n'
                      '        res = func(*args, **kwargs)\n'
                      '        return res\n'
                      '    return dec_result\n'
                      'from sklearn.utils import shuffle\n'
                      'from cryptography.fernet import Fernet\n'
                      'import time\n'
                      'import datetime\n'
                      '\n'
                      '@my_decorator\n'
                      'def f(code):\n'
                      "    parse('2024-10-19 22:15:01')\n"
                      "    base64.b64encode(b'85746417346775931360')\n"
                      '    ttest_ind([35, 38, 98], [35, 38, 16])\n'
                      '    datetime.datetime.now()\n'
                      "    HTTPConnection('google.com', port=80)\n"
                      '    shuffle([50, 19, 51])\n'
                      '    Fernet.generate_key()\n'
                      '    time.sleep(0.12)\n'
                      '    try:\n'
                      "        return '{}: {}'.format(code, code.encode())\n"
                      '    except:\n'
                      '        pass'}
[END] processing file: sample_289. Total Time: 4.669411
END AT 2024-10-19 22:15:02.590774
