STARTING AT 2024-10-19 22:58:25.614119
[START] processing file: sample_68
*Running tests for: sample_68
 
Result: ['tests_pass']
tests_pass sample_68 /home/yang/Benchmark/dataset/cruxeval/code//sample_68.py
Apply all rules on a single file.
Checking transformation add_nested_if
*Running tests for: sample_68
 
Result: ['tests_pass']
Checking transformation add_nested_list
*Running tests for: sample_68
 
Result: ['tests_pass']
Checking transformation add_datetime
*Running tests for: sample_68
 
Result: ['tests_pass']
Checking transformation add_time
*Running tests for: sample_68
 
Result: ['tests_pass']
Checking transformation create_functions
*Running tests for: sample_68
 
Result: ['tests_pass']
Checking transformation add_decorator
*Running tests for: sample_68
 
Result: ['tests_pass']
Checking transformation add_http
*Running tests for: sample_68
 
Result: ['tests_pass']
Checking transformation add_scipy
*Running tests for: sample_68
 
Result: ['tests_pass']
Checking transformation add_base64
*Running tests for: sample_68
 
Result: ['tests_pass']
Checking transformation add_dateutil
*Running tests for: sample_68
 
Result: ['tests_pass']
The file 'reasoning_transformation_cruxeval/CRUXEval/e1f735e05ec0002c7d6ed7d62be776995bf4ddf4/Transformation/sample_68.py' has been formatted successfully.
Checking reasoning_transformation_cruxeval/CRUXEval/e1f735e05ec0002c7d6ed7d62be776995bf4ddf4/Transformation/sample_68.py
*Running tests for: sample_68
 
Result: ['tests_pass']
{ 'applicable_rules': [ 'change_var_names',
                        'add_nested_if',
                        'add_try_except_inside_functions',
                        'add_nested_list',
                        'add_datetime',
                        'add_time',
                        'add_crypto',
                        'add_sklearn',
                        'create_functions',
                        'add_decorator',
                        'add_http',
                        'add_scipy',
                        'add_base64',
                        'add_dateutil'],
  'diff_output': 'reasoning_transformation_cruxeval/CRUXEval/e1f735e05ec0002c7d6ed7d62be776995bf4ddf4/Transformation/sample_68.patch',
  'evaluation_tests_dir': '/home/yang/Benchmark/dataset/cruxeval/',
  'exception': None,
  'file_id': 'sample_68',
  'genetic_algorithm': None,
  'original_code': 'def f(text, pref):\n'
                   '    if text.startswith(pref):\n'
                   '        n = len(pref)\n'
                   "        text = '.'.join(text[n:].split('.')[1:] + "
                   "text[:n].split('.')[:-1])\n"
                   '    return text',
  'patch_path': 'reasoning_transformation_cruxeval/CRUXEval/e1f735e05ec0002c7d6ed7d62be776995bf4ddf4/Transformation/sample_68.patch',
  'single_rule': None,
  'source_file': '/home/yang/Benchmark/dataset/cruxeval/code//sample_68.py',
  'target_file': 'reasoning_transformation_cruxeval/CRUXEval/e1f735e05ec0002c7d6ed7d62be776995bf4ddf4/Transformation/sample_68.py',
  'test_results_after': ['tests_pass'],
  'test_results_before': ['tests_pass'],
  'total_time': 6.966871,
  'transformed_code': 'from dateutil.parser import parse\n'
                      'import base64\n'
                      'from scipy.stats import ttest_ind\n'
                      'from http.client import HTTPConnection\n'
                      '\n'
                      'def my_decorator(func):\n'
                      "    HTTPConnection('google.com', port=80)\n"
                      '    ttest_ind([55, 13, 97], [15, 94, 19])\n'
                      '\n'
                      '    def dec_result(*args, **kwargs):\n'
                      '        res = func(*args, **kwargs)\n'
                      '        return res\n'
                      '    return dec_result\n'
                      '\n'
                      '@my_decorator\n'
                      'def newFunc_BinOp0(a, b):\n'
                      '    return a & b\n'
                      'from sklearn.utils import shuffle\n'
                      'from cryptography.fernet import Fernet\n'
                      'import time\n'
                      'import datetime\n'
                      '\n'
                      'def f(newtext_1, pref):\n'
                      '    shuffle([96, 89, 91])\n'
                      "    parse('2024-10-19 22:58:30')\n"
                      "    base64.b64encode(b'35237049462986313832')\n"
                      '    time.sleep(0.25)\n'
                      '    datetime.datetime.now()\n'
                      '    Fernet.generate_key()\n'
                      '    try:\n'
                      '        ConditionChecker12 = [318][0]\n'
                      '        ConditionChecker22 = 682\n'
                      '        if newFunc_BinOp0(ConditionChecker12, '
                      'ConditionChecker22):\n'
                      '            if newtext_1.startswith(pref):\n'
                      '                n = len(pref)\n'
                      '                newtext_1 = '
                      "'.'.join(newtext_1[n:].split('.')[1:] + "
                      "newtext_1[:n].split('.')[:-1])\n"
                      '        return newtext_1\n'
                      '    except:\n'
                      '        pass'}
[END] processing file: sample_68. Total Time: 6.966871
END AT 2024-10-19 22:58:32.582464
