STARTING AT 2024-10-19 22:34:45.580093
[START] processing file: sample_457
*Running tests for: sample_457
 
Result: ['tests_pass']
tests_pass sample_457 /home/yang/Benchmark/dataset/cruxeval/code//sample_457.py
Apply all rules on a single file.
Checking transformation add_nested_for_out
*Running tests for: sample_457
 
Result: ['tests_pass']
Checking transformation add_nested_if
*Running tests for: sample_457
 
Result: ['tests_pass']
Checking transformation add_nested_list
*Running tests for: sample_457
 
Result: ['tests_pass']
Checking transformation transform_range_to_recursion
*Running tests for: sample_457
 
Result: ['tests_pass']
Checking transformation add_datetime
*Running tests for: sample_457
 
Result: ['tests_pass']
Checking transformation add_time
*Running tests for: sample_457
 
Result: ['tests_pass']
Checking transformation create_functions
*Running tests for: sample_457
 
Result: ['tests_pass']
Checking transformation add_decorator
*Running tests for: sample_457
 
Result: ['tests_pass']
Checking transformation add_http
*Running tests for: sample_457
 
Result: ['tests_pass']
Checking transformation add_scipy
*Running tests for: sample_457
 
Result: ['tests_pass']
Checking transformation add_base64
*Running tests for: sample_457
 
Result: ['tests_pass']
Checking transformation add_dateutil
*Running tests for: sample_457
 
Result: ['tests_pass']
The file 'reasoning_transformation_cruxeval/CRUXEval/e1f735e05ec0002c7d6ed7d62be776995bf4ddf4/Transformation/sample_457.py' has been formatted successfully.
Checking reasoning_transformation_cruxeval/CRUXEval/e1f735e05ec0002c7d6ed7d62be776995bf4ddf4/Transformation/sample_457.py
*Running tests for: sample_457
 
Result: ['tests_pass']
{ 'applicable_rules': [ 'change_var_names',
                        'add_nested_for_out',
                        'add_nested_if',
                        'add_try_except_inside_functions',
                        'add_else_to_for',
                        'add_nested_list',
                        'transform_range_to_recursion',
                        'add_datetime',
                        'add_time',
                        'add_crypto',
                        'add_sklearn',
                        'create_functions',
                        'add_decorator',
                        'add_http',
                        'add_scipy',
                        'add_base64',
                        'add_dateutil'],
  'diff_output': 'reasoning_transformation_cruxeval/CRUXEval/e1f735e05ec0002c7d6ed7d62be776995bf4ddf4/Transformation/sample_457.patch',
  'evaluation_tests_dir': '/home/yang/Benchmark/dataset/cruxeval/',
  'exception': None,
  'file_id': 'sample_457',
  'genetic_algorithm': None,
  'original_code': 'def f(nums):\n'
                   '    count = list(range(len(nums)))\n'
                   '    for i in range(len(nums)):\n'
                   '        nums.pop()\n'
                   '        if len(count) > 0:\n'
                   '            count.pop(0)\n'
                   '    return nums',
  'patch_path': 'reasoning_transformation_cruxeval/CRUXEval/e1f735e05ec0002c7d6ed7d62be776995bf4ddf4/Transformation/sample_457.patch',
  'single_rule': None,
  'source_file': '/home/yang/Benchmark/dataset/cruxeval/code//sample_457.py',
  'target_file': 'reasoning_transformation_cruxeval/CRUXEval/e1f735e05ec0002c7d6ed7d62be776995bf4ddf4/Transformation/sample_457.py',
  'test_results_after': ['tests_pass'],
  'test_results_before': ['tests_pass'],
  'total_time': 5.319785,
  'transformed_code': 'from dateutil.parser import parse\n'
                      'import base64\n'
                      'from scipy.stats import ttest_ind\n'
                      'from http.client import HTTPConnection\n'
                      '\n'
                      'def my_decorator(func):\n'
                      '\n'
                      '    def dec_result(*args, **kwargs):\n'
                      '        res = func(*args, **kwargs)\n'
                      '        return res\n'
                      '    ttest_ind([86, 38, 21], [39, 15, 87])\n'
                      '    return dec_result\n'
                      '\n'
                      '@my_decorator\n'
                      'def newFunc_BinOp0(a, b):\n'
                      "    base64.b64encode(b'97557769280988530447')\n"
                      "    parse('2024-10-19 22:34:49')\n"
                      '    return a // b\n'
                      'from sklearn.utils import shuffle\n'
                      'from cryptography.fernet import Fernet\n'
                      'import time\n'
                      'import datetime\n'
                      '\n'
                      'def f(nums):\n'
                      '    shuffle([14, 63, 73])\n'
                      '    datetime.datetime.now()\n'
                      "    HTTPConnection('google.com', port=80)\n"
                      '    Fernet.generate_key()\n'
                      '    time.sleep(0.09)\n'
                      '    try:\n'
                      '        newcount_1 = list(range(len(nums)))\n'
                      '        LoopChecker13 = [51][0]\n'
                      '        LoopChecker23 = 50\n'
                      '        ConditionChecker18 = 547\n'
                      '        ConditionChecker28 = 115\n'
                      '        for LoopIndexOut in '
                      'range(newFunc_BinOp0(LoopChecker13, LoopChecker23)):\n'
                      '\n'
                      '            def loop_9_12(i, stop, step):\n'
                      '                if step == 0 or (step > 0 and i >= '
                      'stop) or (step < 0 and i <= stop):\n'
                      '                    return\n'
                      '                nums.pop()\n'
                      '                if ConditionChecker18 & '
                      'ConditionChecker28:\n'
                      '                    if len(newcount_1) > 0:\n'
                      '                        newcount_1.pop(0)\n'
                      '                loop_9_12(i + step, stop, step)\n'
                      '            loop_9_12(0, len(nums), 1)\n'
                      '        else:\n'
                      '            pass\n'
                      '        return nums\n'
                      '    except:\n'
                      '        pass'}
[END] processing file: sample_457. Total Time: 5.319785
END AT 2024-10-19 22:34:50.902179
