STARTING AT 2024-10-19 22:45:38.489096
[START] processing file: sample_559
*Running tests for: sample_559
 
Result: ['tests_pass']
tests_pass sample_559 /home/yang/Benchmark/dataset/cruxeval/code//sample_559.py
Apply all rules on a single file.
Checking transformation add_datetime
*Running tests for: sample_559
 
Result: ['tests_pass']
Checking transformation add_time
*Running tests for: sample_559
 
Result: ['tests_pass']
def newFunc_21207(arg0, arg1):
    return arg0 + arg1
Checking transformation create_functions
*Running tests for: sample_559
 
Result: ['tests_pass']
Checking transformation add_decorator
*Running tests for: sample_559
 
Result: ['tests_pass']
Checking transformation add_http
*Running tests for: sample_559
 
Result: ['tests_pass']
Checking transformation add_scipy
*Running tests for: sample_559
 
Result: ['tests_pass']
Checking transformation add_base64
*Running tests for: sample_559
 
Result: ['tests_pass']
Checking transformation add_dateutil
*Running tests for: sample_559
 
Result: ['tests_pass']
The file 'reasoning_transformation_cruxeval/CRUXEval/e1f735e05ec0002c7d6ed7d62be776995bf4ddf4/Transformation/sample_559.py' has been formatted successfully.
Checking reasoning_transformation_cruxeval/CRUXEval/e1f735e05ec0002c7d6ed7d62be776995bf4ddf4/Transformation/sample_559.py
*Running tests for: sample_559
 
Result: ['tests_pass']
{ 'applicable_rules': [ 'change_var_names',
                        'add_try_except_inside_functions',
                        'add_datetime',
                        'add_time',
                        'add_crypto',
                        'add_sklearn',
                        'create_functions',
                        'add_decorator',
                        'add_http',
                        'add_scipy',
                        'add_base64',
                        'add_dateutil'],
  'diff_output': 'reasoning_transformation_cruxeval/CRUXEval/e1f735e05ec0002c7d6ed7d62be776995bf4ddf4/Transformation/sample_559.patch',
  'evaluation_tests_dir': '/home/yang/Benchmark/dataset/cruxeval/',
  'exception': None,
  'file_id': 'sample_559',
  'genetic_algorithm': None,
  'original_code': 'def f(n):\n'
                   '    n = str(n)\n'
                   "    return n[0] + '.' + n[1:].replace('-', '_')",
  'patch_path': 'reasoning_transformation_cruxeval/CRUXEval/e1f735e05ec0002c7d6ed7d62be776995bf4ddf4/Transformation/sample_559.patch',
  'single_rule': None,
  'source_file': '/home/yang/Benchmark/dataset/cruxeval/code//sample_559.py',
  'target_file': 'reasoning_transformation_cruxeval/CRUXEval/e1f735e05ec0002c7d6ed7d62be776995bf4ddf4/Transformation/sample_559.py',
  'test_results_after': ['tests_pass'],
  'test_results_before': ['tests_pass'],
  'total_time': 4.595057,
  'transformed_code': 'from dateutil.parser import parse\n'
                      'import base64\n'
                      'from scipy.stats import ttest_ind\n'
                      'from http.client import HTTPConnection\n'
                      '\n'
                      'def my_decorator(func):\n'
                      "    parse('2024-10-19 22:45:41')\n"
                      '    ttest_ind([8, 31, 3], [37, 68, 74])\n'
                      "    HTTPConnection('google.com', port=80)\n"
                      '\n'
                      '    def dec_result(*args, **kwargs):\n'
                      '        res = func(*args, **kwargs)\n'
                      '        return res\n'
                      '    return dec_result\n'
                      '\n'
                      '@my_decorator\n'
                      'def newFunc_21207(arg0, arg1):\n'
                      "    base64.b64encode(b'57196789511300789152')\n"
                      '    return arg0 + arg1\n'
                      'from sklearn.utils import shuffle\n'
                      'from cryptography.fernet import Fernet\n'
                      'import time\n'
                      'import datetime\n'
                      '\n'
                      'def f(newn_1):\n'
                      '    shuffle([39, 16, 84])\n'
                      '    time.sleep(0.02)\n'
                      '    datetime.datetime.now()\n'
                      '    Fernet.generate_key()\n'
                      '    try:\n'
                      '        newn_1 = str(newn_1)\n'
                      "        return newFunc_21207(newn_1[0] + '.', "
                      "newn_1[1:].replace('-', '_'))\n"
                      '    except:\n'
                      '        pass'}
[END] processing file: sample_559. Total Time: 4.595057
END AT 2024-10-19 22:45:43.085234
