STARTING AT 2024-10-19 22:33:46.843559
[START] processing file: sample_449
*Running tests for: sample_449
 
Result: ['tests_pass']
tests_pass sample_449 /home/yang/Benchmark/dataset/cruxeval/code//sample_449.py
Apply all rules on a single file.
Checking transformation add_nested_while_out
*Running tests for: sample_449
 
Result: ['tests_pass']
Checking transformation add_nested_list
*Running tests for: sample_449
 
Result: ['tests_pass']
Checking transformation add_datetime
*Running tests for: sample_449
 
Result: ['tests_pass']
Checking transformation add_time
*Running tests for: sample_449
 
Result: ['tests_pass']
Checking transformation create_functions
*Running tests for: sample_449
 
Result: ['tests_pass']
Checking transformation add_decorator
*Running tests for: sample_449
 
Result: ['tests_pass']
Checking transformation add_http
*Running tests for: sample_449
 
Result: ['tests_pass']
Checking transformation add_scipy
*Running tests for: sample_449
 
Result: ['tests_pass']
Checking transformation add_base64
*Running tests for: sample_449
 
Result: ['tests_pass']
Checking transformation add_dateutil
*Running tests for: sample_449
 
Result: ['tests_pass']
The file 'reasoning_transformation_cruxeval/CRUXEval/e1f735e05ec0002c7d6ed7d62be776995bf4ddf4/Transformation/sample_449.py' has been formatted successfully.
Checking reasoning_transformation_cruxeval/CRUXEval/e1f735e05ec0002c7d6ed7d62be776995bf4ddf4/Transformation/sample_449.py
*Running tests for: sample_449
 
Result: ['tests_pass']
{ 'applicable_rules': [ 'change_var_names',
                        'add_nested_while_out',
                        'add_try_except_inside_functions',
                        'add_else_to_while',
                        'add_nested_list',
                        'add_datetime',
                        'add_time',
                        'add_crypto',
                        'add_sklearn',
                        'create_functions',
                        'add_decorator',
                        'add_http',
                        'add_scipy',
                        'add_base64',
                        'add_dateutil',
                        'changing_AugAssign'],
  'diff_output': 'reasoning_transformation_cruxeval/CRUXEval/e1f735e05ec0002c7d6ed7d62be776995bf4ddf4/Transformation/sample_449.patch',
  'evaluation_tests_dir': '/home/yang/Benchmark/dataset/cruxeval/',
  'exception': None,
  'file_id': 'sample_449',
  'genetic_algorithm': None,
  'original_code': 'def f(x):\n'
                   '    n = len(x)\n'
                   '    i = 0\n'
                   '    while i < n and x[i].isdigit():\n'
                   '        i += 1\n'
                   '    return i == n',
  'patch_path': 'reasoning_transformation_cruxeval/CRUXEval/e1f735e05ec0002c7d6ed7d62be776995bf4ddf4/Transformation/sample_449.patch',
  'single_rule': None,
  'source_file': '/home/yang/Benchmark/dataset/cruxeval/code//sample_449.py',
  'target_file': 'reasoning_transformation_cruxeval/CRUXEval/e1f735e05ec0002c7d6ed7d62be776995bf4ddf4/Transformation/sample_449.py',
  'test_results_after': ['tests_pass'],
  'test_results_before': ['tests_pass'],
  'total_time': 5.954644,
  'transformed_code': 'from dateutil.parser import parse\n'
                      'import base64\n'
                      'from scipy.stats import ttest_ind\n'
                      'from http.client import HTTPConnection\n'
                      '\n'
                      'def my_decorator(func):\n'
                      '\n'
                      '    def dec_result(*args, **kwargs):\n'
                      '        res = func(*args, **kwargs)\n'
                      '        return res\n'
                      "    HTTPConnection('google.com', port=80)\n"
                      '    return dec_result\n'
                      '\n'
                      '@my_decorator\n'
                      'def newFunc_BinOp0(a, b):\n'
                      '    ttest_ind([8, 70, 54], [71, 38, 56])\n'
                      "    base64.b64encode(b'01774245117341088725')\n"
                      '    return a % b\n'
                      'from sklearn.utils import shuffle\n'
                      'from cryptography.fernet import Fernet\n'
                      'import time\n'
                      'import datetime\n'
                      '\n'
                      'def f(x):\n'
                      '    shuffle([41, 55, 31])\n'
                      '    datetime.datetime.now()\n'
                      '    Fernet.generate_key()\n'
                      '    time.sleep(0.22)\n'
                      "    parse('2024-10-19 22:33:51')\n"
                      '    try:\n'
                      '        n = len(x)\n'
                      '        newi_1 = [0][0]\n'
                      '        whileloopchecker14 = 220\n'
                      '        whileloopchecker24 = 219\n'
                      '        while newFunc_BinOp0(whileloopchecker14, '
                      'whileloopchecker24) == 1:\n'
                      '            whileloopchecker14 = whileloopchecker14 + '
                      '1\n'
                      '            while newi_1 < n and x[newi_1].isdigit():\n'
                      '                newi_1 += 1\n'
                      '        else:\n'
                      '            pass\n'
                      '        return newi_1 == n\n'
                      '    except:\n'
                      '        pass'}
[END] processing file: sample_449. Total Time: 5.954644
END AT 2024-10-19 22:33:52.799863
