STARTING AT 2024-10-19 21:58:10.393649
[START] processing file: sample_149
*Running tests for: sample_149
 
Result: ['tests_pass']
tests_pass sample_149 /home/yang/Benchmark/dataset/cruxeval/code//sample_149.py
Apply all rules on a single file.
Checking transformation add_nested_for_out
*Running tests for: sample_149
 
Result: ['tests_pass']
Checking transformation add_nested_list
*Running tests for: sample_149
 
Result: ['tests_pass']
Checking transformation transform_range_to_recursion
*Running tests for: sample_149
 
Result: ['tests_pass']
Checking transformation add_datetime
*Running tests for: sample_149
 
Result: ['tests_pass']
Checking transformation add_time
*Running tests for: sample_149
 
Result: ['tests_pass']
Checking transformation create_functions
*Running tests for: sample_149
 
Result: ['tests_pass']
Checking transformation add_decorator
*Running tests for: sample_149
 
Result: ['tests_pass']
Checking transformation add_http
*Running tests for: sample_149
 
Result: ['tests_pass']
Checking transformation add_scipy
*Running tests for: sample_149
 
Result: ['tests_pass']
Checking transformation add_base64
*Running tests for: sample_149
 
Result: ['tests_pass']
Checking transformation add_dateutil
*Running tests for: sample_149
 
Result: ['tests_pass']
The file 'reasoning_transformation_cruxeval/CRUXEval/e1f735e05ec0002c7d6ed7d62be776995bf4ddf4/Transformation/sample_149.py' has been formatted successfully.
Checking reasoning_transformation_cruxeval/CRUXEval/e1f735e05ec0002c7d6ed7d62be776995bf4ddf4/Transformation/sample_149.py
*Running tests for: sample_149
 
Result: ['tests_pass']
{ 'applicable_rules': [ 'change_var_names',
                        'add_nested_for_out',
                        'add_try_except_inside_functions',
                        'add_else_to_for',
                        'add_nested_list',
                        'transform_range_to_recursion',
                        'add_datetime',
                        'add_time',
                        'add_crypto',
                        'add_sklearn',
                        'create_functions',
                        'add_decorator',
                        'add_http',
                        'add_scipy',
                        'add_base64',
                        'add_dateutil'],
  'diff_output': 'reasoning_transformation_cruxeval/CRUXEval/e1f735e05ec0002c7d6ed7d62be776995bf4ddf4/Transformation/sample_149.patch',
  'evaluation_tests_dir': '/home/yang/Benchmark/dataset/cruxeval/',
  'exception': None,
  'file_id': 'sample_149',
  'genetic_algorithm': None,
  'original_code': 'def f(tuple_list, joint):\n'
                   "    string = ''\n"
                   '    for num in tuple_list:\n'
                   '        string += dict.fromkeys(str(num), joint * '
                   'len(str(num))).popitem()[0] + joint\n'
                   '    return string',
  'patch_path': 'reasoning_transformation_cruxeval/CRUXEval/e1f735e05ec0002c7d6ed7d62be776995bf4ddf4/Transformation/sample_149.patch',
  'single_rule': None,
  'source_file': '/home/yang/Benchmark/dataset/cruxeval/code//sample_149.py',
  'target_file': 'reasoning_transformation_cruxeval/CRUXEval/e1f735e05ec0002c7d6ed7d62be776995bf4ddf4/Transformation/sample_149.py',
  'test_results_after': ['tests_pass'],
  'test_results_before': ['tests_pass'],
  'total_time': 8.100878,
  'transformed_code': 'from dateutil.parser import parse\n'
                      'import base64\n'
                      'from scipy.stats import ttest_ind\n'
                      'from http.client import HTTPConnection\n'
                      '\n'
                      'def my_decorator(func):\n'
                      '\n'
                      '    def dec_result(*args, **kwargs):\n'
                      '        res = func(*args, **kwargs)\n'
                      '        return res\n'
                      '    ttest_ind([27, 36, 13], [93, 100, 72])\n'
                      '    return dec_result\n'
                      '\n'
                      '@my_decorator\n'
                      'def newFunc0_21(joint, variable_1_21):\n'
                      "    parse('2024-10-19 21:58:16')\n"
                      "    HTTPConnection('google.com', port=80)\n"
                      '    return variable_1_21 + joint\n'
                      'from sklearn.utils import shuffle\n'
                      'from cryptography.fernet import Fernet\n'
                      'import time\n'
                      'import datetime\n'
                      '\n'
                      'def f(tuple_list, joint):\n'
                      "    base64.b64encode(b'01933039503078287848')\n"
                      '    shuffle([86, 79, 19])\n'
                      '    time.sleep(0.29)\n'
                      '    Fernet.generate_key()\n'
                      '    datetime.datetime.now()\n'
                      '    try:\n'
                      "        newstring_1 = [''][0]\n"
                      '        LoopChecker13 = 857\n'
                      '        LoopChecker23 = 856\n'
                      '\n'
                      '        def loop_6_8(LoopIndexOut, stop, step):\n'
                      '            nonlocal newstring_1\n'
                      '            if step == 0 or (step > 0 and LoopIndexOut '
                      '>= stop) or (step < 0 and LoopIndexOut <= stop):\n'
                      '                return\n'
                      '            for num in tuple_list:\n'
                      '                variable_1_21 = dict.fromkeys(str(num), '
                      'joint * len(str(num))).popitem()[0]\n'
                      '                newstring_1 += newFunc0_21(joint, '
                      'variable_1_21)\n'
                      '            loop_6_8(LoopIndexOut + step, stop, step)\n'
                      '        loop_6_8(0, LoopChecker13 // LoopChecker23, 1)\n'
                      '        return newstring_1\n'
                      '    except:\n'
                      '        pass'}
[END] processing file: sample_149. Total Time: 8.100878
END AT 2024-10-19 21:58:18.496743
