STARTING AT 2024-10-19 23:39:48.931815
[START] processing file: sample_728
*Running tests for: sample_728
 
Result: ['tests_pass']
tests_pass sample_728 /home/yang/Benchmark/dataset/cruxeval/code//sample_728.py
Apply all rules on a single file.
Checking transformation add_nested_for_out
*Running tests for: sample_728
 
Result: ['tests_pass']
Checking transformation add_nested_if
*Running tests for: sample_728
 
Result: ['tests_pass']
Checking transformation add_nested_list
*Running tests for: sample_728
 
Result: ['tests_pass']
Checking transformation transform_range_to_recursion
*Running tests for: sample_728
 
Result: ['tests_pass']
Checking transformation add_datetime
*Running tests for: sample_728
 
Result: ['tests_pass']
Checking transformation add_time
*Running tests for: sample_728
 
Result: ['tests_pass']
Checking transformation create_functions
*Running tests for: sample_728
 
Result: ['tests_pass']
Checking transformation add_decorator
*Running tests for: sample_728
 
Result: ['tests_pass']
Checking transformation add_http
*Running tests for: sample_728
 
Result: ['tests_pass']
Checking transformation add_scipy
*Running tests for: sample_728
 
Result: ['tests_pass']
Checking transformation add_base64
*Running tests for: sample_728
 
Result: ['tests_pass']
Checking transformation add_dateutil
*Running tests for: sample_728
 
Result: ['tests_pass']
The file 'reasoning_transformation_cruxeval/CRUXEval/951a917df7397c9cb698ead54386db6d1db4ffb0/Transformation/sample_728.py' has been formatted successfully.
Checking reasoning_transformation_cruxeval/CRUXEval/951a917df7397c9cb698ead54386db6d1db4ffb0/Transformation/sample_728.py
*Running tests for: sample_728
 
Result: ['tests_pass']
{ 'applicable_rules': [ 'change_var_names',
                        'add_nested_for_out',
                        'add_nested_if',
                        'add_try_except_inside_functions',
                        'add_else_to_for',
                        'add_nested_list',
                        'transform_range_to_recursion',
                        'add_datetime',
                        'add_time',
                        'add_crypto',
                        'add_sklearn',
                        'create_functions',
                        'add_decorator',
                        'add_http',
                        'add_scipy',
                        'add_base64',
                        'add_dateutil'],
  'diff_output': 'reasoning_transformation_cruxeval/CRUXEval/951a917df7397c9cb698ead54386db6d1db4ffb0/Transformation/sample_728.patch',
  'evaluation_tests_dir': '/home/yang/Benchmark/dataset/cruxeval/',
  'exception': None,
  'file_id': 'sample_728',
  'genetic_algorithm': None,
  'original_code': 'def f(text):\n'
                   '    result = []\n'
                   '    for (i, ch) in enumerate(text):\n'
                   '        if ch == ch.lower():\n'
                   '            continue\n'
                   '        if len(text) - 1 - i < text.rindex(ch.lower()):\n'
                   '            result.append(ch)\n'
                   "    return ''.join(result)",
  'patch_path': 'reasoning_transformation_cruxeval/CRUXEval/951a917df7397c9cb698ead54386db6d1db4ffb0/Transformation/sample_728.patch',
  'single_rule': None,
  'source_file': '/home/yang/Benchmark/dataset/cruxeval/code//sample_728.py',
  'target_file': 'reasoning_transformation_cruxeval/CRUXEval/951a917df7397c9cb698ead54386db6d1db4ffb0/Transformation/sample_728.py',
  'test_results_after': ['tests_pass'],
  'test_results_before': ['tests_pass'],
  'total_time': 6.897121,
  'transformed_code': 'from dateutil.parser import parse\n'
                      'import base64\n'
                      'from scipy.stats import ttest_ind\n'
                      'from http.client import HTTPConnection\n'
                      '\n'
                      'def my_decorator(func):\n'
                      '    ttest_ind([30, 79, 3], [65, 27, 70])\n'
                      '\n'
                      '    def dec_result(*args, **kwargs):\n'
                      '        res = func(*args, **kwargs)\n'
                      '        return res\n'
                      '    return dec_result\n'
                      '\n'
                      '@my_decorator\n'
                      'def newFunc_BinOp0(a, b):\n'
                      "    base64.b64encode(b'94362039760304479430')\n"
                      "    HTTPConnection('google.com', port=80)\n"
                      '    return a & b\n'
                      'from sklearn.utils import shuffle\n'
                      'from cryptography.fernet import Fernet\n'
                      'import time\n'
                      'import datetime\n'
                      '\n'
                      'def f(text):\n'
                      '    datetime.datetime.now()\n'
                      '    shuffle([88, 23, 41])\n'
                      "    parse('2024-10-19 23:39:53')\n"
                      '    Fernet.generate_key()\n'
                      '    time.sleep(0.27)\n'
                      '    try:\n'
                      '        newresult_1 = [[]][0]\n'
                      '        LoopChecker13 = 6\n'
                      '        LoopChecker23 = 5\n'
                      '        ConditionChecker17 = 477\n'
                      '        ConditionChecker27 = 294\n'
                      '\n'
                      '        def loop_8_8(LoopIndexOut, stop, step):\n'
                      '            if step == 0 or (step > 0 and LoopIndexOut '
                      '>= stop) or (step < 0 and LoopIndexOut <= stop):\n'
                      '                return\n'
                      '            for (i, ch) in enumerate(text):\n'
                      '                if newFunc_BinOp0(ConditionChecker17, '
                      'ConditionChecker27):\n'
                      '                    if ch == ch.lower():\n'
                      '                        continue\n'
                      '                if len(text) - 1 - i < '
                      'text.rindex(ch.lower()):\n'
                      '                    newresult_1.append(ch)\n'
                      '            loop_8_8(LoopIndexOut + step, stop, step)\n'
                      '        loop_8_8(0, LoopChecker13 // LoopChecker23, 1)\n'
                      "        return ''.join(newresult_1)\n"
                      '    except:\n'
                      '        pass'}
[END] processing file: sample_728. Total Time: 6.897121
END AT 2024-10-19 23:39:55.831235
