STARTING AT 2024-10-19 22:20:50.734076
[START] processing file: sample_339
*Running tests for: sample_339
 
Result: ['tests_pass']
tests_pass sample_339 /home/yang/Benchmark/dataset/cruxeval/code//sample_339.py
Apply all rules on a single file.
Checking transformation add_nested_for_out
*Running tests for: sample_339
 
Result: ['tests_pass']
Checking transformation add_nested_if
*Running tests for: sample_339
 
Result: ['tests_pass']
Checking transformation add_nested_list
*Running tests for: sample_339
 
Result: ['tests_pass']
Checking transformation transform_range_to_recursion
*Running tests for: sample_339
 
Result: ['tests_pass']
Checking transformation add_datetime
*Running tests for: sample_339
 
Result: ['tests_pass']
Checking transformation add_time
*Running tests for: sample_339
 
Result: ['tests_pass']
Checking transformation create_functions
*Running tests for: sample_339
 
Result: ['tests_pass']
Checking transformation add_decorator
*Running tests for: sample_339
 
Result: ['tests_pass']
Checking transformation add_http
*Running tests for: sample_339
 
Result: ['tests_pass']
Checking transformation add_scipy
*Running tests for: sample_339
 
Result: ['tests_pass']
Checking transformation add_base64
*Running tests for: sample_339
 
Result: ['tests_pass']
Checking transformation add_dateutil
*Running tests for: sample_339
 
Result: ['tests_pass']
The file 'reasoning_transformation_cruxeval/CRUXEval/e1f735e05ec0002c7d6ed7d62be776995bf4ddf4/Transformation/sample_339.py' has been formatted successfully.
Checking reasoning_transformation_cruxeval/CRUXEval/e1f735e05ec0002c7d6ed7d62be776995bf4ddf4/Transformation/sample_339.py
*Running tests for: sample_339
 
Result: ['tests_pass']
{ 'applicable_rules': [ 'change_var_names',
                        'add_nested_for_out',
                        'add_nested_if',
                        'add_try_except_inside_functions',
                        'add_else_to_for',
                        'add_nested_list',
                        'transform_range_to_recursion',
                        'add_datetime',
                        'add_time',
                        'add_crypto',
                        'add_sklearn',
                        'create_functions',
                        'add_decorator',
                        'add_http',
                        'add_scipy',
                        'add_base64',
                        'add_dateutil',
                        'changing_AugAssign'],
  'diff_output': 'reasoning_transformation_cruxeval/CRUXEval/e1f735e05ec0002c7d6ed7d62be776995bf4ddf4/Transformation/sample_339.patch',
  'evaluation_tests_dir': '/home/yang/Benchmark/dataset/cruxeval/',
  'exception': None,
  'file_id': 'sample_339',
  'genetic_algorithm': None,
  'original_code': 'def f(array, elem):\n'
                   '    elem = str(elem)\n'
                   '    d = 0\n'
                   '    for i in array:\n'
                   '        if str(i) == elem:\n'
                   '            d += 1\n'
                   '    return d',
  'patch_path': 'reasoning_transformation_cruxeval/CRUXEval/e1f735e05ec0002c7d6ed7d62be776995bf4ddf4/Transformation/sample_339.patch',
  'single_rule': None,
  'source_file': '/home/yang/Benchmark/dataset/cruxeval/code//sample_339.py',
  'target_file': 'reasoning_transformation_cruxeval/CRUXEval/e1f735e05ec0002c7d6ed7d62be776995bf4ddf4/Transformation/sample_339.py',
  'test_results_after': ['tests_pass'],
  'test_results_before': ['tests_pass'],
  'total_time': 6.162237,
  'transformed_code': 'from dateutil.parser import parse\n'
                      'import base64\n'
                      'from scipy.stats import ttest_ind\n'
                      'from http.client import HTTPConnection\n'
                      '\n'
                      'def my_decorator(func):\n'
                      "    parse('2024-10-19 22:20:55')\n"
                      '\n'
                      '    def dec_result(*args, **kwargs):\n'
                      '        res = func(*args, **kwargs)\n'
                      '        return res\n'
                      '    ttest_ind([83, 73, 7], [54, 7, 20])\n'
                      '    return dec_result\n'
                      '\n'
                      '@my_decorator\n'
                      'def newFunc_BinOp0(a, b):\n'
                      "    HTTPConnection('google.com', port=80)\n"
                      "    base64.b64encode(b'55478265580588480106')\n"
                      '    return a & b\n'
                      'from sklearn.utils import shuffle\n'
                      'from cryptography.fernet import Fernet\n'
                      'import time\n'
                      'import datetime\n'
                      '\n'
                      'def f(array, elem):\n'
                      '    datetime.datetime.now()\n'
                      '    time.sleep(0.18)\n'
                      '    Fernet.generate_key()\n'
                      '    shuffle([72, 41, 47])\n'
                      '    try:\n'
                      '        elem = str(elem)\n'
                      '        d = [0][0]\n'
                      '        LoopChecker14 = 704\n'
                      '        LoopChecker24 = 703\n'
                      '        ConditionChecker18 = 707\n'
                      '        ConditionChecker28 = 979\n'
                      '\n'
                      '        def loop_9_8(LoopIndexOut, stop, step):\n'
                      '            nonlocal d\n'
                      '            if step == 0 or (step > 0 and LoopIndexOut '
                      '>= stop) or (step < 0 and LoopIndexOut <= stop):\n'
                      '                return\n'
                      '            for newi_1 in array:\n'
                      '                if newFunc_BinOp0(ConditionChecker18, '
                      'ConditionChecker28):\n'
                      '                    if str(newi_1) == elem:\n'
                      '                        d = d + 1\n'
                      '            loop_9_8(LoopIndexOut + step, stop, step)\n'
                      '        loop_9_8(0, LoopChecker14 // LoopChecker24, 1)\n'
                      '        return d\n'
                      '    except:\n'
                      '        pass'}
[END] processing file: sample_339. Total Time: 6.162237
END AT 2024-10-19 22:20:56.897450
