STARTING AT 2024-10-19 23:00:54.932957
[START] processing file: sample_709
*Running tests for: sample_709
 
Result: ['tests_pass']
tests_pass sample_709 /home/yang/Benchmark/dataset/cruxeval/code//sample_709.py
Apply all rules on a single file.
Checking transformation add_datetime
*Running tests for: sample_709
 
Result: ['tests_pass']
Checking transformation add_time
*Running tests for: sample_709
 
Result: ['tests_pass']
Checking transformation add_decorator
*Running tests for: sample_709
 
Result: ['tests_pass']
Checking transformation add_http
*Running tests for: sample_709
 
Result: ['tests_pass']
Checking transformation add_scipy
*Running tests for: sample_709
 
Result: ['tests_pass']
Checking transformation add_base64
*Running tests for: sample_709
 
Result: ['tests_pass']
Checking transformation add_dateutil
*Running tests for: sample_709
 
Result: ['tests_pass']
The file 'reasoning_transformation_cruxeval/CRUXEval/e1f735e05ec0002c7d6ed7d62be776995bf4ddf4/Transformation/sample_709.py' has been formatted successfully.
Checking reasoning_transformation_cruxeval/CRUXEval/e1f735e05ec0002c7d6ed7d62be776995bf4ddf4/Transformation/sample_709.py
*Running tests for: sample_709
 
Result: ['tests_pass']
{ 'applicable_rules': [ 'change_var_names',
                        'add_try_except_inside_functions',
                        'add_datetime',
                        'add_time',
                        'add_crypto',
                        'add_sklearn',
                        'add_decorator',
                        'add_http',
                        'add_scipy',
                        'add_base64',
                        'add_dateutil'],
  'diff_output': 'reasoning_transformation_cruxeval/CRUXEval/e1f735e05ec0002c7d6ed7d62be776995bf4ddf4/Transformation/sample_709.patch',
  'evaluation_tests_dir': '/home/yang/Benchmark/dataset/cruxeval/',
  'exception': None,
  'file_id': 'sample_709',
  'genetic_algorithm': None,
  'original_code': 'def f(text):\n'
                   '    my_list = text.split()\n'
                   '    my_list.sort(reverse=True)\n'
                   "    return ' '.join(my_list)",
  'patch_path': 'reasoning_transformation_cruxeval/CRUXEval/e1f735e05ec0002c7d6ed7d62be776995bf4ddf4/Transformation/sample_709.patch',
  'single_rule': None,
  'source_file': '/home/yang/Benchmark/dataset/cruxeval/code//sample_709.py',
  'target_file': 'reasoning_transformation_cruxeval/CRUXEval/e1f735e05ec0002c7d6ed7d62be776995bf4ddf4/Transformation/sample_709.py',
  'test_results_after': ['tests_pass'],
  'test_results_before': ['tests_pass'],
  'total_time': 5.078981,
  'transformed_code': 'from dateutil.parser import parse\n'
                      'import base64\n'
                      'from scipy.stats import ttest_ind\n'
                      'from http.client import HTTPConnection\n'
                      '\n'
                      'def my_decorator(func):\n'
                      "    HTTPConnection('google.com', port=80)\n"
                      '    ttest_ind([38, 64, 38], [12, 69, 5])\n'
                      "    base64.b64encode(b'77548692838760024502')\n"
                      '\n'
                      '    def dec_result(*args, **kwargs):\n'
                      '        res = func(*args, **kwargs)\n'
                      '        return res\n'
                      '    return dec_result\n'
                      'from sklearn.utils import shuffle\n'
                      'from cryptography.fernet import Fernet\n'
                      'import time\n'
                      'import datetime\n'
                      '\n'
                      '@my_decorator\n'
                      'def f(text):\n'
                      '    time.sleep(0.18)\n'
                      '    shuffle([26, 91, 79])\n'
                      '    Fernet.generate_key()\n'
                      '    datetime.datetime.now()\n'
                      "    parse('2024-10-19 23:00:58')\n"
                      '    try:\n'
                      '        newmy_list_1 = text.split()\n'
                      '        newmy_list_1.sort(reverse=True)\n'
                      "        return ' '.join(newmy_list_1)\n"
                      '    except:\n'
                      '        pass'}
[END] processing file: sample_709. Total Time: 5.078981
END AT 2024-10-19 23:01:00.012970
