STARTING AT 2024-10-19 22:07:08.600282
[START] processing file: sample_224
*Running tests for: sample_224
 
Result: ['tests_pass']
tests_pass sample_224 /home/yang/Benchmark/dataset/cruxeval/code//sample_224.py
Apply all rules on a single file.
Checking transformation add_nested_while_out
*Running tests for: sample_224
 
Result: ['tests_pass']
Checking transformation add_nested_list
*Running tests for: sample_224
 
Result: ['tests_pass']
Checking transformation add_datetime
*Running tests for: sample_224
 
Result: ['tests_pass']
Checking transformation add_time
*Running tests for: sample_224
 
Result: ['tests_pass']
Checking transformation create_functions
*Running tests for: sample_224
 
Result: ['tests_pass']
Checking transformation add_decorator
*Running tests for: sample_224
 
Result: ['tests_pass']
Checking transformation add_http
*Running tests for: sample_224
 
Result: ['tests_pass']
Checking transformation add_scipy
*Running tests for: sample_224
 
Result: ['tests_pass']
Checking transformation add_base64
*Running tests for: sample_224
 
Result: ['tests_pass']
Checking transformation add_dateutil
*Running tests for: sample_224
 
Result: ['tests_pass']
The file 'reasoning_transformation_cruxeval/CRUXEval/e1f735e05ec0002c7d6ed7d62be776995bf4ddf4/Transformation/sample_224.py' has been formatted successfully.
Checking reasoning_transformation_cruxeval/CRUXEval/e1f735e05ec0002c7d6ed7d62be776995bf4ddf4/Transformation/sample_224.py
*Running tests for: sample_224
 
Result: ['tests_pass']
{ 'applicable_rules': [ 'change_var_names',
                        'add_nested_while_out',
                        'add_try_except_inside_functions',
                        'add_else_to_while',
                        'add_nested_list',
                        'add_datetime',
                        'add_time',
                        'add_crypto',
                        'add_sklearn',
                        'create_functions',
                        'add_decorator',
                        'add_http',
                        'add_scipy',
                        'add_base64',
                        'add_dateutil',
                        'changing_AugAssign'],
  'diff_output': 'reasoning_transformation_cruxeval/CRUXEval/e1f735e05ec0002c7d6ed7d62be776995bf4ddf4/Transformation/sample_224.patch',
  'evaluation_tests_dir': '/home/yang/Benchmark/dataset/cruxeval/',
  'exception': None,
  'file_id': 'sample_224',
  'genetic_algorithm': None,
  'original_code': 'def f(array, value):\n'
                   '    array.reverse()\n'
                   '    array.pop()\n'
                   '    odd = []\n'
                   '    while len(array) > 0:\n'
                   '        tmp = {}\n'
                   '        tmp[array.pop()] = value\n'
                   '        odd.append(tmp)\n'
                   '    result = {}\n'
                   '    while len(odd) > 0:\n'
                   '        result.update(odd.pop())\n'
                   '    return result',
  'patch_path': 'reasoning_transformation_cruxeval/CRUXEval/e1f735e05ec0002c7d6ed7d62be776995bf4ddf4/Transformation/sample_224.patch',
  'single_rule': None,
  'source_file': '/home/yang/Benchmark/dataset/cruxeval/code//sample_224.py',
  'target_file': 'reasoning_transformation_cruxeval/CRUXEval/e1f735e05ec0002c7d6ed7d62be776995bf4ddf4/Transformation/sample_224.py',
  'test_results_after': ['tests_pass'],
  'test_results_before': ['tests_pass'],
  'total_time': 5.645732,
  'transformed_code': 'from dateutil.parser import parse\n'
                      'import base64\n'
                      'from scipy.stats import ttest_ind\n'
                      'from http.client import HTTPConnection\n'
                      '\n'
                      'def my_decorator(func):\n'
                      "    parse('2024-10-19 22:07:12')\n"
                      '\n'
                      '    def dec_result(*args, **kwargs):\n'
                      '        res = func(*args, **kwargs)\n'
                      '        return res\n'
                      '    return dec_result\n'
                      '\n'
                      '@my_decorator\n'
                      'def newFunc_BinOp0(a, b):\n'
                      '    return a % b\n'
                      'from sklearn.utils import shuffle\n'
                      'from cryptography.fernet import Fernet\n'
                      'import time\n'
                      'import datetime\n'
                      '\n'
                      'def f(array, value):\n'
                      '    time.sleep(0.13)\n'
                      '    datetime.datetime.now()\n'
                      '    shuffle([74, 92, 88])\n'
                      '    Fernet.generate_key()\n'
                      '    ttest_ind([86, 8, 73], [86, 52, 88])\n'
                      "    HTTPConnection('google.com', port=80)\n"
                      "    base64.b64encode(b'75686382666150684085')\n"
                      '    try:\n'
                      '        array.reverse()\n'
                      '        array.pop()\n'
                      '        odd = [[]][0]\n'
                      '        whileloopchecker15 = 440\n'
                      '        whileloopchecker25 = 439\n'
                      '        while newFunc_BinOp0(whileloopchecker15, '
                      'whileloopchecker25) == 1:\n'
                      '            whileloopchecker15 = whileloopchecker15 + '
                      '1\n'
                      '            while len(array) > 0:\n'
                      '                tmp = {}\n'
                      '                tmp[array.pop()] = value\n'
                      '                odd.append(tmp)\n'
                      '        else:\n'
                      '            pass\n'
                      '        newresult_1 = {}\n'
                      '        while len(odd) > 0:\n'
                      '            newresult_1.update(odd.pop())\n'
                      '        return newresult_1\n'
                      '    except:\n'
                      '        pass'}
[END] processing file: sample_224. Total Time: 5.645732
END AT 2024-10-19 22:07:14.247581
