STARTING AT 2024-10-19 22:26:50.170614
[START] processing file: sample_390
*Running tests for: sample_390
 
Result: ['tests_pass']
tests_pass sample_390 /home/yang/Benchmark/dataset/cruxeval/code//sample_390.py
Apply all rules on a single file.
Checking transformation add_nested_if
*Running tests for: sample_390
 
Result: ['tests_pass']
Checking transformation add_nested_list
*Running tests for: sample_390
 
Result: ['tests_pass']
Checking transformation add_datetime
*Running tests for: sample_390
 
Result: ['tests_pass']
Checking transformation add_time
*Running tests for: sample_390
 
Result: ['tests_pass']
Checking transformation create_functions
*Running tests for: sample_390
 
Result: ['tests_pass']
Checking transformation add_decorator
*Running tests for: sample_390
 
Result: ['tests_pass']
Checking transformation add_http
*Running tests for: sample_390
 
Result: ['tests_pass']
Checking transformation add_scipy
*Running tests for: sample_390
 
Result: ['tests_pass']
Checking transformation add_base64
*Running tests for: sample_390
 
Result: ['tests_pass']
Checking transformation add_dateutil
*Running tests for: sample_390
 
Result: ['tests_pass']
The file 'reasoning_transformation_cruxeval/CRUXEval/e1f735e05ec0002c7d6ed7d62be776995bf4ddf4/Transformation/sample_390.py' has been formatted successfully.
Checking reasoning_transformation_cruxeval/CRUXEval/e1f735e05ec0002c7d6ed7d62be776995bf4ddf4/Transformation/sample_390.py
*Running tests for: sample_390
 
Result: ['tests_pass']
{ 'applicable_rules': [ 'add_nested_if',
                        'add_try_except_inside_functions',
                        'add_nested_list',
                        'add_datetime',
                        'add_time',
                        'add_crypto',
                        'add_sklearn',
                        'create_functions',
                        'add_decorator',
                        'add_http',
                        'add_scipy',
                        'add_base64',
                        'add_dateutil'],
  'diff_output': 'reasoning_transformation_cruxeval/CRUXEval/e1f735e05ec0002c7d6ed7d62be776995bf4ddf4/Transformation/sample_390.patch',
  'evaluation_tests_dir': '/home/yang/Benchmark/dataset/cruxeval/',
  'exception': None,
  'file_id': 'sample_390',
  'genetic_algorithm': None,
  'original_code': 'def f(text):\n'
                   '    if not text.strip():\n'
                   '        return len(text.strip())\n'
                   '    return None',
  'patch_path': 'reasoning_transformation_cruxeval/CRUXEval/e1f735e05ec0002c7d6ed7d62be776995bf4ddf4/Transformation/sample_390.patch',
  'single_rule': None,
  'source_file': '/home/yang/Benchmark/dataset/cruxeval/code//sample_390.py',
  'target_file': 'reasoning_transformation_cruxeval/CRUXEval/e1f735e05ec0002c7d6ed7d62be776995bf4ddf4/Transformation/sample_390.py',
  'test_results_after': ['tests_pass'],
  'test_results_before': ['tests_pass'],
  'total_time': 5.976871,
  'transformed_code': 'from dateutil.parser import parse\n'
                      'import base64\n'
                      'from scipy.stats import ttest_ind\n'
                      'from http.client import HTTPConnection\n'
                      '\n'
                      'def my_decorator(func):\n'
                      '\n'
                      '    def dec_result(*args, **kwargs):\n'
                      '        res = func(*args, **kwargs)\n'
                      '        return res\n'
                      '    return dec_result\n'
                      '\n'
                      '@my_decorator\n'
                      'def newFunc_BinOp0(a, b):\n'
                      "    parse('2024-10-19 22:26:54')\n"
                      "    base64.b64encode(b'38127531171386778131')\n"
                      '    ttest_ind([71, 36, 12], [88, 15, 15])\n'
                      '    return a & b\n'
                      'from sklearn.utils import shuffle\n'
                      'from cryptography.fernet import Fernet\n'
                      'import time\n'
                      'import datetime\n'
                      '\n'
                      'def f(text):\n'
                      '    time.sleep(0.21)\n'
                      "    HTTPConnection('google.com', port=80)\n"
                      '    shuffle([2, 86, 40])\n'
                      '    datetime.datetime.now()\n'
                      '    Fernet.generate_key()\n'
                      '    try:\n'
                      '        ConditionChecker12 = [644][0]\n'
                      '        ConditionChecker22 = 611\n'
                      '        if newFunc_BinOp0(ConditionChecker12, '
                      'ConditionChecker22):\n'
                      '            if not text.strip():\n'
                      '                return len(text.strip())\n'
                      '        return None\n'
                      '    except:\n'
                      '        pass'}
[END] processing file: sample_390. Total Time: 5.976871
END AT 2024-10-19 22:26:56.148751
