STARTING AT 2024-10-19 21:58:48.755925
[START] processing file: sample_154
*Running tests for: sample_154
 
Result: ['tests_pass']
tests_pass sample_154 /home/yang/Benchmark/dataset/cruxeval/code//sample_154.py
Apply all rules on a single file.
Checking transformation add_datetime
*Running tests for: sample_154
 
Result: ['tests_pass']
Checking transformation add_time
*Running tests for: sample_154
 
Result: ['tests_pass']
def newFunc_27098(arg0, arg1):
    return arg0 + arg1
Checking transformation create_functions
*Running tests for: sample_154
 
Result: ['tests_pass']
Checking transformation add_decorator
*Running tests for: sample_154
 
Result: ['tests_pass']
Checking transformation add_http
*Running tests for: sample_154
 
Result: ['tests_pass']
Checking transformation add_scipy
*Running tests for: sample_154
 
Result: ['tests_pass']
Checking transformation add_base64
*Running tests for: sample_154
 
Result: ['tests_pass']
Checking transformation add_dateutil
*Running tests for: sample_154
 
Result: ['tests_pass']
The file 'reasoning_transformation_cruxeval/CRUXEval/e1f735e05ec0002c7d6ed7d62be776995bf4ddf4/Transformation/sample_154.py' has been formatted successfully.
Checking reasoning_transformation_cruxeval/CRUXEval/e1f735e05ec0002c7d6ed7d62be776995bf4ddf4/Transformation/sample_154.py
*Running tests for: sample_154
 
Result: ['tests_pass']
{ 'applicable_rules': [ 'change_var_names',
                        'add_try_except_inside_functions',
                        'add_datetime',
                        'add_time',
                        'add_crypto',
                        'add_sklearn',
                        'create_functions',
                        'add_decorator',
                        'add_http',
                        'add_scipy',
                        'add_base64',
                        'add_dateutil'],
  'diff_output': 'reasoning_transformation_cruxeval/CRUXEval/e1f735e05ec0002c7d6ed7d62be776995bf4ddf4/Transformation/sample_154.patch',
  'evaluation_tests_dir': '/home/yang/Benchmark/dataset/cruxeval/',
  'exception': None,
  'file_id': 'sample_154',
  'genetic_algorithm': None,
  'original_code': 'def f(s, c):\n'
                   "    s = s.split(' ')\n"
                   "    return c + '  ' + '  '.join(s[::-1])",
  'patch_path': 'reasoning_transformation_cruxeval/CRUXEval/e1f735e05ec0002c7d6ed7d62be776995bf4ddf4/Transformation/sample_154.patch',
  'single_rule': None,
  'source_file': '/home/yang/Benchmark/dataset/cruxeval/code//sample_154.py',
  'target_file': 'reasoning_transformation_cruxeval/CRUXEval/e1f735e05ec0002c7d6ed7d62be776995bf4ddf4/Transformation/sample_154.py',
  'test_results_after': ['tests_pass'],
  'test_results_before': ['tests_pass'],
  'total_time': 6.371471,
  'transformed_code': 'from dateutil.parser import parse\n'
                      'import base64\n'
                      'from scipy.stats import ttest_ind\n'
                      'from http.client import HTTPConnection\n'
                      '\n'
                      'def my_decorator(func):\n'
                      "    base64.b64encode(b'87110882510605222360')\n"
                      '\n'
                      '    def dec_result(*args, **kwargs):\n'
                      '        res = func(*args, **kwargs)\n'
                      '        return res\n'
                      '    return dec_result\n'
                      '\n'
                      '@my_decorator\n'
                      'def newFunc_27098(arg0, arg1):\n'
                      "    HTTPConnection('google.com', port=80)\n"
                      '    ttest_ind([28, 99, 98], [46, 55, 26])\n'
                      '    return arg0 + arg1\n'
                      'from sklearn.utils import shuffle\n'
                      'from cryptography.fernet import Fernet\n'
                      'import time\n'
                      'import datetime\n'
                      '\n'
                      'def f(news_1, c):\n'
                      '    datetime.datetime.now()\n'
                      '    time.sleep(0.23)\n'
                      "    parse('2024-10-19 21:58:53')\n"
                      '    shuffle([50, 34, 17])\n'
                      '    Fernet.generate_key()\n'
                      '    try:\n'
                      "        news_1 = news_1.split(' ')\n"
                      "        return newFunc_27098(c + '  ', '  "
                      "'.join(news_1[::-1]))\n"
                      '    except:\n'
                      '        pass'}
[END] processing file: sample_154. Total Time: 6.371471
END AT 2024-10-19 21:58:55.128723
