STARTING AT 2024-10-19 22:28:26.084829
[START] processing file: sample_403
*Running tests for: sample_403
 
Result: ['tests_pass']
tests_pass sample_403 /home/yang/Benchmark/dataset/cruxeval/code//sample_403.py
Apply all rules on a single file.
Checking transformation add_nested_while_out
*Running tests for: sample_403
 
Result: ['tests_pass']
Checking transformation add_nested_list
*Running tests for: sample_403
 
Result: ['tests_pass']
Checking transformation add_datetime
*Running tests for: sample_403
 
Result: ['tests_pass']
Checking transformation add_time
*Running tests for: sample_403
 
Result: ['tests_pass']
Checking transformation create_functions
*Running tests for: sample_403
 
Result: ['tests_pass']
Checking transformation add_decorator
*Running tests for: sample_403
 
Result: ['tests_pass']
Checking transformation add_http
*Running tests for: sample_403
 
Result: ['tests_pass']
Checking transformation add_scipy
*Running tests for: sample_403
 
Result: ['tests_pass']
Checking transformation add_base64
*Running tests for: sample_403
 
Result: ['tests_pass']
Checking transformation add_dateutil
*Running tests for: sample_403
 
Result: ['tests_pass']
The file 'reasoning_transformation_cruxeval/CRUXEval/e1f735e05ec0002c7d6ed7d62be776995bf4ddf4/Transformation/sample_403.py' has been formatted successfully.
Checking reasoning_transformation_cruxeval/CRUXEval/e1f735e05ec0002c7d6ed7d62be776995bf4ddf4/Transformation/sample_403.py
*Running tests for: sample_403
 
Result: ['tests_pass']
{ 'applicable_rules': [ 'change_var_names',
                        'add_nested_while_out',
                        'add_try_except_inside_functions',
                        'add_else_to_while',
                        'add_nested_list',
                        'add_datetime',
                        'add_time',
                        'add_crypto',
                        'add_sklearn',
                        'create_functions',
                        'add_decorator',
                        'add_http',
                        'add_scipy',
                        'add_base64',
                        'add_dateutil',
                        'changing_AugAssign'],
  'diff_output': 'reasoning_transformation_cruxeval/CRUXEval/e1f735e05ec0002c7d6ed7d62be776995bf4ddf4/Transformation/sample_403.patch',
  'evaluation_tests_dir': '/home/yang/Benchmark/dataset/cruxeval/',
  'exception': None,
  'file_id': 'sample_403',
  'genetic_algorithm': None,
  'original_code': 'def f(full, part):\n'
                   '    length = len(part)\n'
                   '    index = full.find(part)\n'
                   '    count = 0\n'
                   '    while index >= 0:\n'
                   '        full = full[index + length:]\n'
                   '        index = full.find(part)\n'
                   '        count += 1\n'
                   '    return count',
  'patch_path': 'reasoning_transformation_cruxeval/CRUXEval/e1f735e05ec0002c7d6ed7d62be776995bf4ddf4/Transformation/sample_403.patch',
  'single_rule': None,
  'source_file': '/home/yang/Benchmark/dataset/cruxeval/code//sample_403.py',
  'target_file': 'reasoning_transformation_cruxeval/CRUXEval/e1f735e05ec0002c7d6ed7d62be776995bf4ddf4/Transformation/sample_403.py',
  'test_results_after': ['tests_pass'],
  'test_results_before': ['tests_pass'],
  'total_time': 5.969983,
  'transformed_code': 'from dateutil.parser import parse\n'
                      'import base64\n'
                      'from scipy.stats import ttest_ind\n'
                      'from http.client import HTTPConnection\n'
                      '\n'
                      'def my_decorator(func):\n'
                      '\n'
                      '    def dec_result(*args, **kwargs):\n'
                      '        res = func(*args, **kwargs)\n'
                      '        return res\n'
                      '    return dec_result\n'
                      '\n'
                      '@my_decorator\n'
                      'def newFunc_BinOp0(a, b):\n'
                      '    ttest_ind([43, 31, 6], [54, 80, 26])\n'
                      "    HTTPConnection('google.com', port=80)\n"
                      '    return a % b\n'
                      'from sklearn.utils import shuffle\n'
                      'from cryptography.fernet import Fernet\n'
                      'import time\n'
                      'import datetime\n'
                      '\n'
                      'def f(full, part):\n'
                      '    datetime.datetime.now()\n'
                      '    time.sleep(0.19)\n'
                      '    shuffle([35, 27, 44])\n'
                      "    parse('2024-10-19 22:28:30')\n"
                      '    Fernet.generate_key()\n'
                      "    base64.b64encode(b'05986622705610527989')\n"
                      '    try:\n'
                      '        length = len(part)\n'
                      '        newindex_1 = full.find(part)\n'
                      '        count = [0][0]\n'
                      '        whileloopchecker15 = 567\n'
                      '        whileloopchecker25 = 566\n'
                      '        while newFunc_BinOp0(whileloopchecker15, '
                      'whileloopchecker25) == 1:\n'
                      '            whileloopchecker15 = whileloopchecker15 + '
                      '1\n'
                      '            while newindex_1 >= 0:\n'
                      '                full = full[newindex_1 + length:]\n'
                      '                newindex_1 = full.find(part)\n'
                      '                count += 1\n'
                      '        else:\n'
                      '            pass\n'
                      '        return count\n'
                      '    except:\n'
                      '        pass'}
[END] processing file: sample_403. Total Time: 5.969983
END AT 2024-10-19 22:28:32.057040
