STARTING AT 2024-10-19 22:11:13.773801
[START] processing file: sample_258
*Running tests for: sample_258
 
Result: ['tests_pass']
tests_pass sample_258 /home/yang/Benchmark/dataset/cruxeval/code//sample_258.py
Apply all rules on a single file.
Checking transformation add_nested_for_out
*Running tests for: sample_258
 
Result: ['tests_pass']
Checking transformation add_nested_list
*Running tests for: sample_258
 
Result: ['tests_pass']
Checking transformation transform_range_to_recursion
*Running tests for: sample_258
 
Result: ['tests_pass']
Checking transformation add_datetime
*Running tests for: sample_258
 
Result: ['tests_pass']
Checking transformation add_time
*Running tests for: sample_258
 
Result: ['tests_pass']
Checking transformation create_functions
*Running tests for: sample_258
 
Result: ['tests_pass']
Checking transformation add_decorator
*Running tests for: sample_258
 
Result: ['tests_pass']
Checking transformation add_http
*Running tests for: sample_258
 
Result: ['tests_pass']
Checking transformation add_scipy
*Running tests for: sample_258
 
Result: ['tests_pass']
Checking transformation add_base64
*Running tests for: sample_258
 
Result: ['tests_pass']
Checking transformation add_dateutil
*Running tests for: sample_258
 
Result: ['tests_pass']
The file 'reasoning_transformation_cruxeval/CRUXEval/e1f735e05ec0002c7d6ed7d62be776995bf4ddf4/Transformation/sample_258.py' has been formatted successfully.
Checking reasoning_transformation_cruxeval/CRUXEval/e1f735e05ec0002c7d6ed7d62be776995bf4ddf4/Transformation/sample_258.py
*Running tests for: sample_258
 
Result: ['tests_pass']
{ 'applicable_rules': [ 'change_var_names',
                        'add_nested_for_out',
                        'add_try_except_inside_functions',
                        'add_else_to_for',
                        'add_nested_list',
                        'transform_range_to_recursion',
                        'add_datetime',
                        'add_time',
                        'add_crypto',
                        'add_sklearn',
                        'create_functions',
                        'add_decorator',
                        'add_http',
                        'add_scipy',
                        'add_base64',
                        'add_dateutil',
                        'changing_AugAssign'],
  'diff_output': 'reasoning_transformation_cruxeval/CRUXEval/e1f735e05ec0002c7d6ed7d62be776995bf4ddf4/Transformation/sample_258.patch',
  'evaluation_tests_dir': '/home/yang/Benchmark/dataset/cruxeval/',
  'exception': None,
  'file_id': 'sample_258',
  'genetic_algorithm': None,
  'original_code': 'thigh_o_one = [1, 2, 7, 8, 9]\n'
                   'thigh_o_two = [1, 2, 7, 9]\n'
                   '\n'
                   'def f(L, m, start, step):\n'
                   '    L.insert(start, m)\n'
                   '    for x in range(start - 1, 0, -step):\n'
                   '        start -= 1\n'
                   '        L.insert(start, L.pop(L.index(m) - 1))\n'
                   '    return L',
  'patch_path': 'reasoning_transformation_cruxeval/CRUXEval/e1f735e05ec0002c7d6ed7d62be776995bf4ddf4/Transformation/sample_258.patch',
  'single_rule': None,
  'source_file': '/home/yang/Benchmark/dataset/cruxeval/code//sample_258.py',
  'target_file': 'reasoning_transformation_cruxeval/CRUXEval/e1f735e05ec0002c7d6ed7d62be776995bf4ddf4/Transformation/sample_258.py',
  'test_results_after': ['tests_pass'],
  'test_results_before': ['tests_pass'],
  'total_time': 5.629643,
  'transformed_code': 'from dateutil.parser import parse\n'
                      'import base64\n'
                      'from scipy.stats import ttest_ind\n'
                      'from http.client import HTTPConnection\n'
                      '\n'
                      'def my_decorator(func):\n'
                      '\n'
                      '    def dec_result(*args, **kwargs):\n'
                      '        res = func(*args, **kwargs)\n'
                      '        return res\n'
                      '    ttest_ind([81, 96, 38], [71, 57, 90])\n'
                      "    HTTPConnection('google.com', port=80)\n"
                      '    return dec_result\n'
                      '\n'
                      '@my_decorator\n'
                      'def newFunc_BinOp0(a, b):\n'
                      '    return a // b\n'
                      'from sklearn.utils import shuffle\n'
                      'from cryptography.fernet import Fernet\n'
                      'import time\n'
                      'import datetime\n'
                      'thigh_o_one = [[1, 2, 7, 8, 9]][0]\n'
                      'thigh_o_two = [1, 2, 7, 9]\n'
                      '\n'
                      'def f(L, m, newstart_1, step):\n'
                      '    shuffle([73, 85, 98])\n'
                      "    parse('2024-10-19 22:11:17')\n"
                      '    time.sleep(0.12)\n'
                      '    datetime.datetime.now()\n'
                      '    Fernet.generate_key()\n'
                      "    base64.b64encode(b'87456738515128724311')\n"
                      '    try:\n'
                      '        L.insert(newstart_1, m)\n'
                      '        LoopChecker16 = 853\n'
                      '        LoopChecker26 = 852\n'
                      '        for LoopIndexOut in '
                      'range(newFunc_BinOp0(LoopChecker16, LoopChecker26)):\n'
                      '\n'
                      '            def loop_10_12(x, stop, step):\n'
                      '                nonlocal newstart_1\n'
                      '                if step == 0 or (step > 0 and x >= '
                      'stop) or (step < 0 and x <= stop):\n'
                      '                    return\n'
                      '                newstart_1 = newstart_1 - 1\n'
                      '                L.insert(newstart_1, L.pop(L.index(m) - '
                      '1))\n'
                      '                loop_10_12(x + step, stop, step)\n'
                      '            loop_10_12(newstart_1 - 1, 0, -step)\n'
                      '        else:\n'
                      '            pass\n'
                      '        return L\n'
                      '    except:\n'
                      '        pass'}
[END] processing file: sample_258. Total Time: 5.629643
END AT 2024-10-19 22:11:19.404978
