STARTING AT 2024-10-19 23:05:24.052134
[START] processing file: sample_767
*Running tests for: sample_767
 
Result: ['tests_pass']
tests_pass sample_767 /home/yang/Benchmark/dataset/cruxeval/code//sample_767.py
Apply all rules on a single file.
Checking transformation add_nested_for_out
*Running tests for: sample_767
 
Result: ['tests_pass']
Checking transformation add_nested_if
*Running tests for: sample_767
 
Result: ['tests_pass']
Checking transformation add_nested_list
*Running tests for: sample_767
 
Result: ['tests_pass']
Checking transformation transform_range_to_recursion
*Running tests for: sample_767
 Traceback (most recent call last):
  File "/home/yang/Benchmark/.tmp_test/tmp_test.pysample_767", line 23, in <module>
    assert f("d khqw whi fwi bbn 41") == '-'
AssertionError

output_actual, stderr_data: ('', b'Traceback (most recent call last):\n  File "/home/yang/Benchmark/.tmp_test/tmp_test.pysample_767", line 23, in <module>\n    assert f("d khqw whi fwi bbn 41") == \'-\'\nAssertionError\n')
Result: ['error_or_timeout']
Drop transform_range_to_recursion due to ['error_or_timeout']
Checking transformation add_datetime
*Running tests for: sample_767
 
Result: ['tests_pass']
Checking transformation add_time
*Running tests for: sample_767
 
Result: ['tests_pass']
Checking transformation create_functions
*Running tests for: sample_767
 
Result: ['tests_pass']
Checking transformation add_decorator
*Running tests for: sample_767
 
Result: ['tests_pass']
Checking transformation add_http
*Running tests for: sample_767
 
Result: ['tests_pass']
Checking transformation add_scipy
*Running tests for: sample_767
 
Result: ['tests_pass']
Checking transformation add_base64
*Running tests for: sample_767
 
Result: ['tests_pass']
Checking transformation add_dateutil
*Running tests for: sample_767
 
Result: ['tests_pass']
The file 'reasoning_transformation_cruxeval/CRUXEval/e1f735e05ec0002c7d6ed7d62be776995bf4ddf4/Transformation/sample_767.py' has been formatted successfully.
Checking reasoning_transformation_cruxeval/CRUXEval/e1f735e05ec0002c7d6ed7d62be776995bf4ddf4/Transformation/sample_767.py
*Running tests for: sample_767
 
Result: ['tests_pass']
{ 'applicable_rules': [ 'change_var_names',
                        'add_nested_for_out',
                        'add_nested_if',
                        'add_try_except_inside_functions',
                        'add_else_to_for',
                        'add_nested_list',
                        'add_datetime',
                        'add_time',
                        'add_crypto',
                        'add_sklearn',
                        'create_functions',
                        'add_decorator',
                        'add_http',
                        'add_scipy',
                        'add_base64',
                        'add_dateutil'],
  'diff_output': 'reasoning_transformation_cruxeval/CRUXEval/e1f735e05ec0002c7d6ed7d62be776995bf4ddf4/Transformation/sample_767.patch',
  'evaluation_tests_dir': '/home/yang/Benchmark/dataset/cruxeval/',
  'exception': None,
  'file_id': 'sample_767',
  'genetic_algorithm': None,
  'original_code': 'def f(text):\n'
                   "    a = text.strip().split(' ')\n"
                   '    for i in range(len(a)):\n'
                   '        if a[i].isdigit() is False:\n'
                   "            return '-'\n"
                   "    return ' '.join(a)",
  'patch_path': 'reasoning_transformation_cruxeval/CRUXEval/e1f735e05ec0002c7d6ed7d62be776995bf4ddf4/Transformation/sample_767.patch',
  'single_rule': None,
  'source_file': '/home/yang/Benchmark/dataset/cruxeval/code//sample_767.py',
  'target_file': 'reasoning_transformation_cruxeval/CRUXEval/e1f735e05ec0002c7d6ed7d62be776995bf4ddf4/Transformation/sample_767.py',
  'test_results_after': ['tests_pass'],
  'test_results_before': ['tests_pass'],
  'total_time': 4.864836,
  'transformed_code': 'from dateutil.parser import parse\n'
                      'import base64\n'
                      'from scipy.stats import ttest_ind\n'
                      'from http.client import HTTPConnection\n'
                      '\n'
                      'def my_decorator(func):\n'
                      '\n'
                      '    def dec_result(*args, **kwargs):\n'
                      '        res = func(*args, **kwargs)\n'
                      '        return res\n'
                      '    return dec_result\n'
                      '\n'
                      '@my_decorator\n'
                      'def newFunc_BinOp0(a, b):\n'
                      "    HTTPConnection('google.com', port=80)\n"
                      "    parse('2024-10-19 23:05:27')\n"
                      '    return a // b\n'
                      'from sklearn.utils import shuffle\n'
                      'from cryptography.fernet import Fernet\n'
                      'import time\n'
                      'import datetime\n'
                      '\n'
                      'def f(text):\n'
                      '    ttest_ind([62, 41, 56], [79, 53, 82])\n'
                      '    datetime.datetime.now()\n'
                      '    shuffle([61, 80, 33])\n'
                      '    time.sleep(0.02)\n'
                      '    Fernet.generate_key()\n'
                      "    base64.b64encode(b'62920592620523049788')\n"
                      '    try:\n'
                      "        a = text.strip().split(' ')\n"
                      '        LoopChecker13 = [253][0]\n'
                      '        LoopChecker23 = 252\n'
                      '        ConditionChecker17 = 955\n'
                      '        ConditionChecker27 = 546\n'
                      '        for LoopIndexOut in '
                      'range(newFunc_BinOp0(LoopChecker13, LoopChecker23)):\n'
                      '            for newi_1 in range(len(a)):\n'
                      '                if ConditionChecker17 & '
                      'ConditionChecker27:\n'
                      '                    if a[newi_1].isdigit() is False:\n'
                      "                        return '-'\n"
                      '        else:\n'
                      '            pass\n'
                      "        return ' '.join(a)\n"
                      '    except:\n'
                      '        pass'}
[END] processing file: sample_767. Total Time: 4.864836
END AT 2024-10-19 23:05:28.918088
