STARTING AT 2024-10-19 22:11:20.199938
[START] processing file: sample_259
*Running tests for: sample_259
 
Result: ['tests_pass']
tests_pass sample_259 /home/yang/Benchmark/dataset/cruxeval/code//sample_259.py
Apply all rules on a single file.
Checking transformation add_nested_for_out
*Running tests for: sample_259
 
Result: ['tests_pass']
Checking transformation add_nested_if
*Running tests for: sample_259
 
Result: ['tests_pass']
Checking transformation add_nested_list
*Running tests for: sample_259
 
Result: ['tests_pass']
Checking transformation transform_range_to_recursion
*Running tests for: sample_259
 
Result: ['tests_pass']
Checking transformation add_datetime
*Running tests for: sample_259
 
Result: ['tests_pass']
Checking transformation add_time
*Running tests for: sample_259
 
Result: ['tests_pass']
Checking transformation create_functions
*Running tests for: sample_259
 
Result: ['tests_pass']
Checking transformation add_decorator
*Running tests for: sample_259
 
Result: ['tests_pass']
Checking transformation add_http
*Running tests for: sample_259
 
Result: ['tests_pass']
Checking transformation add_scipy
*Running tests for: sample_259
 
Result: ['tests_pass']
Checking transformation add_base64
*Running tests for: sample_259
 
Result: ['tests_pass']
Checking transformation add_dateutil
*Running tests for: sample_259
 
Result: ['tests_pass']
The file 'reasoning_transformation_cruxeval/CRUXEval/e1f735e05ec0002c7d6ed7d62be776995bf4ddf4/Transformation/sample_259.py' has been formatted successfully.
Checking reasoning_transformation_cruxeval/CRUXEval/e1f735e05ec0002c7d6ed7d62be776995bf4ddf4/Transformation/sample_259.py
*Running tests for: sample_259
 
Result: ['tests_pass']
{ 'applicable_rules': [ 'change_var_names',
                        'add_nested_for_out',
                        'add_nested_if',
                        'add_try_except_inside_functions',
                        'add_else_to_for',
                        'add_nested_list',
                        'transform_range_to_recursion',
                        'add_datetime',
                        'add_time',
                        'add_crypto',
                        'add_sklearn',
                        'create_functions',
                        'add_decorator',
                        'add_http',
                        'add_scipy',
                        'add_base64',
                        'add_dateutil'],
  'diff_output': 'reasoning_transformation_cruxeval/CRUXEval/e1f735e05ec0002c7d6ed7d62be776995bf4ddf4/Transformation/sample_259.patch',
  'evaluation_tests_dir': '/home/yang/Benchmark/dataset/cruxeval/',
  'exception': None,
  'file_id': 'sample_259',
  'genetic_algorithm': None,
  'original_code': 'def f(text):\n'
                   '    new_text = []\n'
                   '    for character in text:\n'
                   '        if character.isupper():\n'
                   '            new_text.insert(len(new_text) // 2, '
                   'character)\n'
                   '    if len(new_text) == 0:\n'
                   "        new_text = ['-']\n"
                   "    return ''.join(new_text)",
  'patch_path': 'reasoning_transformation_cruxeval/CRUXEval/e1f735e05ec0002c7d6ed7d62be776995bf4ddf4/Transformation/sample_259.patch',
  'single_rule': None,
  'source_file': '/home/yang/Benchmark/dataset/cruxeval/code//sample_259.py',
  'target_file': 'reasoning_transformation_cruxeval/CRUXEval/e1f735e05ec0002c7d6ed7d62be776995bf4ddf4/Transformation/sample_259.py',
  'test_results_after': ['tests_pass'],
  'test_results_before': ['tests_pass'],
  'total_time': 6.875241,
  'transformed_code': 'from dateutil.parser import parse\n'
                      'import base64\n'
                      'from scipy.stats import ttest_ind\n'
                      'from http.client import HTTPConnection\n'
                      '\n'
                      'def my_decorator(func):\n'
                      '\n'
                      '    def dec_result(*args, **kwargs):\n'
                      '        res = func(*args, **kwargs)\n'
                      '        return res\n'
                      "    base64.b64encode(b'70152337897747836298')\n"
                      '    return dec_result\n'
                      '\n'
                      '@my_decorator\n'
                      'def newFunc_BinOp0(a, b):\n'
                      "    HTTPConnection('google.com', port=80)\n"
                      "    parse('2024-10-19 22:11:25')\n"
                      '    ttest_ind([50, 59, 59], [68, 3, 60])\n'
                      '    return a // b\n'
                      'from sklearn.utils import shuffle\n'
                      'from cryptography.fernet import Fernet\n'
                      'import time\n'
                      'import datetime\n'
                      '\n'
                      'def f(text):\n'
                      '    shuffle([17, 52, 100])\n'
                      '    Fernet.generate_key()\n'
                      '    time.sleep(0.25)\n'
                      '    datetime.datetime.now()\n'
                      '    try:\n'
                      '        ConditionChecker19 = [476][0]\n'
                      '        ConditionChecker29 = 304\n'
                      '        new_text = []\n'
                      '        LoopChecker13 = 270\n'
                      '        LoopChecker23 = 269\n'
                      '\n'
                      '        def loop_8_8(LoopIndexOut, stop, step):\n'
                      '            if step == 0 or (step > 0 and LoopIndexOut '
                      '>= stop) or (step < 0 and LoopIndexOut <= stop):\n'
                      '                return\n'
                      '            for newcharacter_1 in text:\n'
                      '                if newcharacter_1.isupper():\n'
                      '                    '
                      'new_text.insert(newFunc_BinOp0(len(new_text), 2), '
                      'newcharacter_1)\n'
                      '            loop_8_8(LoopIndexOut + step, stop, step)\n'
                      '        loop_8_8(0, LoopChecker13 // LoopChecker23, 1)\n'
                      '        if ConditionChecker19 & ConditionChecker29:\n'
                      '            if len(new_text) == 0:\n'
                      "                new_text = ['-']\n"
                      "        return ''.join(new_text)\n"
                      '    except:\n'
                      '        pass'}
[END] processing file: sample_259. Total Time: 6.875241
END AT 2024-10-19 22:11:27.076387
