STARTING AT 2024-10-19 22:01:52.240422
[START] processing file: sample_180
*Running tests for: sample_180
 
Result: ['tests_pass']
tests_pass sample_180 /home/yang/Benchmark/dataset/cruxeval/code//sample_180.py
Apply all rules on a single file.
Checking transformation add_nested_while_out
*Running tests for: sample_180
 
Result: ['tests_pass']
Checking transformation add_nested_list
*Running tests for: sample_180
 
Result: ['tests_pass']
Checking transformation add_datetime
*Running tests for: sample_180
 
Result: ['tests_pass']
Checking transformation add_time
*Running tests for: sample_180
 
Result: ['tests_pass']
Checking transformation create_functions
*Running tests for: sample_180
 
Result: ['tests_pass']
Checking transformation add_decorator
*Running tests for: sample_180
 
Result: ['tests_pass']
Checking transformation add_http
*Running tests for: sample_180
 
Result: ['tests_pass']
Checking transformation add_scipy
*Running tests for: sample_180
 
Result: ['tests_pass']
Checking transformation add_base64
*Running tests for: sample_180
 
Result: ['tests_pass']
Checking transformation add_dateutil
*Running tests for: sample_180
 
Result: ['tests_pass']
The file 'reasoning_transformation_cruxeval/CRUXEval/e1f735e05ec0002c7d6ed7d62be776995bf4ddf4/Transformation/sample_180.py' has been formatted successfully.
Checking reasoning_transformation_cruxeval/CRUXEval/e1f735e05ec0002c7d6ed7d62be776995bf4ddf4/Transformation/sample_180.py
*Running tests for: sample_180
 
Result: ['tests_pass']
{ 'applicable_rules': [ 'change_var_names',
                        'add_nested_while_out',
                        'add_try_except_inside_functions',
                        'add_else_to_while',
                        'add_nested_list',
                        'add_datetime',
                        'add_time',
                        'add_crypto',
                        'add_sklearn',
                        'create_functions',
                        'add_decorator',
                        'add_http',
                        'add_scipy',
                        'add_base64',
                        'add_dateutil',
                        'changing_AugAssign'],
  'diff_output': 'reasoning_transformation_cruxeval/CRUXEval/e1f735e05ec0002c7d6ed7d62be776995bf4ddf4/Transformation/sample_180.patch',
  'evaluation_tests_dir': '/home/yang/Benchmark/dataset/cruxeval/',
  'exception': None,
  'file_id': 'sample_180',
  'genetic_algorithm': None,
  'original_code': 'def f(nums):\n'
                   '    a = -1\n'
                   '    b = nums[1:]\n'
                   '    while a <= b[0]:\n'
                   '        nums.remove(b[0])\n'
                   '        a = 0\n'
                   '        b = b[1:]\n'
                   '    return nums',
  'patch_path': 'reasoning_transformation_cruxeval/CRUXEval/e1f735e05ec0002c7d6ed7d62be776995bf4ddf4/Transformation/sample_180.patch',
  'single_rule': None,
  'source_file': '/home/yang/Benchmark/dataset/cruxeval/code//sample_180.py',
  'target_file': 'reasoning_transformation_cruxeval/CRUXEval/e1f735e05ec0002c7d6ed7d62be776995bf4ddf4/Transformation/sample_180.py',
  'test_results_after': ['tests_pass'],
  'test_results_before': ['tests_pass'],
  'total_time': 4.755614,
  'transformed_code': 'from dateutil.parser import parse\n'
                      'import base64\n'
                      'from scipy.stats import ttest_ind\n'
                      'from http.client import HTTPConnection\n'
                      '\n'
                      'def my_decorator(func):\n'
                      '\n'
                      '    def dec_result(*args, **kwargs):\n'
                      '        res = func(*args, **kwargs)\n'
                      '        return res\n'
                      '    ttest_ind([74, 69, 88], [10, 12, 54])\n'
                      "    parse('2024-10-19 22:01:55')\n"
                      '    return dec_result\n'
                      '\n'
                      '@my_decorator\n'
                      'def newFunc_BinOp0(a, b):\n'
                      '    return a % b\n'
                      'from sklearn.utils import shuffle\n'
                      'from cryptography.fernet import Fernet\n'
                      'import time\n'
                      'import datetime\n'
                      '\n'
                      'def f(nums):\n'
                      '    shuffle([66, 71, 56])\n'
                      "    base64.b64encode(b'48565933313715811270')\n"
                      "    HTTPConnection('google.com', port=80)\n"
                      '    time.sleep(0.02)\n'
                      '    datetime.datetime.now()\n'
                      '    Fernet.generate_key()\n'
                      '    try:\n'
                      '        a = -1\n'
                      '        newb_1 = nums[1:]\n'
                      '        whileloopchecker14 = [432][0]\n'
                      '        whileloopchecker24 = 431\n'
                      '        while newFunc_BinOp0(whileloopchecker14, '
                      'whileloopchecker24) == 1:\n'
                      '            whileloopchecker14 = whileloopchecker14 + '
                      '1\n'
                      '            while a <= newb_1[0]:\n'
                      '                nums.remove(newb_1[0])\n'
                      '                a = 0\n'
                      '                newb_1 = newb_1[1:]\n'
                      '        else:\n'
                      '            pass\n'
                      '        return nums\n'
                      '    except:\n'
                      '        pass'}
[END] processing file: sample_180. Total Time: 4.755614
END AT 2024-10-19 22:01:56.998181
