STARTING AT 2024-10-19 22:04:07.109218
[START] processing file: sample_19
*Running tests for: sample_19
 
Result: ['tests_pass']
tests_pass sample_19 /home/yang/Benchmark/dataset/cruxeval/code//sample_19.py
Apply all rules on a single file.
Checking transformation add_nested_if
*Running tests for: sample_19
 
Result: ['tests_pass']
Checking transformation add_nested_list
*Running tests for: sample_19
 
Result: ['tests_pass']
Checking transformation add_datetime
*Running tests for: sample_19
 
Result: ['tests_pass']
Checking transformation add_time
*Running tests for: sample_19
 
Result: ['tests_pass']
def newFunc_39591(arg0, arg1):
    return arg0 + arg1
Checking transformation create_functions
*Running tests for: sample_19
 
Result: ['tests_pass']
Checking transformation add_decorator
*Running tests for: sample_19
 
Result: ['tests_pass']
Checking transformation add_http
*Running tests for: sample_19
 
Result: ['tests_pass']
Checking transformation add_scipy
*Running tests for: sample_19
 
Result: ['tests_pass']
Checking transformation add_base64
*Running tests for: sample_19
 
Result: ['tests_pass']
Checking transformation add_dateutil
*Running tests for: sample_19
 
Result: ['tests_pass']
The file 'reasoning_transformation_cruxeval/CRUXEval/e1f735e05ec0002c7d6ed7d62be776995bf4ddf4/Transformation/sample_19.py' has been formatted successfully.
Checking reasoning_transformation_cruxeval/CRUXEval/e1f735e05ec0002c7d6ed7d62be776995bf4ddf4/Transformation/sample_19.py
*Running tests for: sample_19
 
Result: ['tests_pass']
{ 'applicable_rules': [ 'change_var_names',
                        'add_nested_if',
                        'add_try_except_inside_functions',
                        'add_nested_list',
                        'add_datetime',
                        'add_time',
                        'add_crypto',
                        'add_sklearn',
                        'create_functions',
                        'add_decorator',
                        'add_http',
                        'add_scipy',
                        'add_base64',
                        'add_dateutil'],
  'diff_output': 'reasoning_transformation_cruxeval/CRUXEval/e1f735e05ec0002c7d6ed7d62be776995bf4ddf4/Transformation/sample_19.patch',
  'evaluation_tests_dir': '/home/yang/Benchmark/dataset/cruxeval/',
  'exception': None,
  'file_id': 'sample_19',
  'genetic_algorithm': None,
  'original_code': 'def f(x, y):\n'
                   "    tmp = ''.join(['0' if c == '9' else '9' for c in "
                   'y[::-1]])\n'
                   '    if x.isnumeric() and tmp.isnumeric():\n'
                   '        return x + tmp\n'
                   '    else:\n'
                   '        return x',
  'patch_path': 'reasoning_transformation_cruxeval/CRUXEval/e1f735e05ec0002c7d6ed7d62be776995bf4ddf4/Transformation/sample_19.patch',
  'single_rule': None,
  'source_file': '/home/yang/Benchmark/dataset/cruxeval/code//sample_19.py',
  'target_file': 'reasoning_transformation_cruxeval/CRUXEval/e1f735e05ec0002c7d6ed7d62be776995bf4ddf4/Transformation/sample_19.py',
  'test_results_after': ['tests_pass'],
  'test_results_before': ['tests_pass'],
  'total_time': 5.973587,
  'transformed_code': 'from dateutil.parser import parse\n'
                      'import base64\n'
                      'from scipy.stats import ttest_ind\n'
                      'from http.client import HTTPConnection\n'
                      '\n'
                      'def my_decorator(func):\n'
                      "    HTTPConnection('google.com', port=80)\n"
                      '\n'
                      '    def dec_result(*args, **kwargs):\n'
                      '        res = func(*args, **kwargs)\n'
                      '        return res\n'
                      "    base64.b64encode(b'33806633607951420962')\n"
                      '    return dec_result\n'
                      '\n'
                      '@my_decorator\n'
                      'def newFunc_39591(arg0, arg1):\n'
                      '    return arg0 + arg1\n'
                      'from sklearn.utils import shuffle\n'
                      'from cryptography.fernet import Fernet\n'
                      'import time\n'
                      'import datetime\n'
                      '\n'
                      'def f(x, y):\n'
                      '    ttest_ind([92, 73, 22], [21, 45, 92])\n'
                      '    datetime.datetime.now()\n'
                      '    shuffle([36, 67, 14])\n'
                      '    time.sleep(0.15)\n'
                      '    Fernet.generate_key()\n'
                      "    parse('2024-10-19 22:04:11')\n"
                      '    try:\n'
                      '        ConditionChecker13 = [918][0]\n'
                      '        ConditionChecker23 = 17\n'
                      "        newtmp_1 = ''.join(['0' if c == '9' else '9' "
                      'for c in y[::-1]])\n'
                      '        if ConditionChecker13 & ConditionChecker23:\n'
                      '            if x.isnumeric() and newtmp_1.isnumeric():\n'
                      '                return newFunc_39591(x, newtmp_1)\n'
                      '            else:\n'
                      '                return x\n'
                      '    except:\n'
                      '        pass'}
[END] processing file: sample_19. Total Time: 5.973587
END AT 2024-10-19 22:04:13.084089
