STARTING AT 2024-10-19 23:45:35.640988
[START] processing file: sample_79
*Running tests for: sample_79
 
Result: ['tests_pass']
tests_pass sample_79 /home/yang/Benchmark/dataset/cruxeval/code//sample_79.py
Apply all rules on a single file.
Checking transformation add_datetime
*Running tests for: sample_79
 
Result: ['tests_pass']
Checking transformation add_time
*Running tests for: sample_79
 
Result: ['tests_pass']
Checking transformation add_decorator
*Running tests for: sample_79
 
Result: ['tests_pass']
Checking transformation add_http
*Running tests for: sample_79
 
Result: ['tests_pass']
Checking transformation add_scipy
*Running tests for: sample_79
 
Result: ['tests_pass']
Checking transformation add_base64
*Running tests for: sample_79
 
Result: ['tests_pass']
Checking transformation add_dateutil
*Running tests for: sample_79
 
Result: ['tests_pass']
The file 'reasoning_transformation_cruxeval/CRUXEval/464e9e956c111b2d9fa4116e6d9f690ffe444235/Transformation/sample_79.py' has been formatted successfully.
Checking reasoning_transformation_cruxeval/CRUXEval/464e9e956c111b2d9fa4116e6d9f690ffe444235/Transformation/sample_79.py
*Running tests for: sample_79
 
Result: ['tests_pass']
{ 'applicable_rules': [ 'change_var_names',
                        'add_try_except_inside_functions',
                        'add_datetime',
                        'add_time',
                        'add_crypto',
                        'add_sklearn',
                        'add_decorator',
                        'add_http',
                        'add_scipy',
                        'add_base64',
                        'add_dateutil'],
  'diff_output': 'reasoning_transformation_cruxeval/CRUXEval/464e9e956c111b2d9fa4116e6d9f690ffe444235/Transformation/sample_79.patch',
  'evaluation_tests_dir': '/home/yang/Benchmark/dataset/cruxeval/',
  'exception': None,
  'file_id': 'sample_79',
  'genetic_algorithm': None,
  'original_code': 'def f(arr):\n'
                   '    arr = list(arr)\n'
                   '    arr.clear()\n'
                   "    arr.append('1')\n"
                   "    arr.append('2')\n"
                   "    arr.append('3')\n"
                   "    arr.append('4')\n"
                   "    return ','.join(arr)",
  'patch_path': 'reasoning_transformation_cruxeval/CRUXEval/464e9e956c111b2d9fa4116e6d9f690ffe444235/Transformation/sample_79.patch',
  'single_rule': None,
  'source_file': '/home/yang/Benchmark/dataset/cruxeval/code//sample_79.py',
  'target_file': 'reasoning_transformation_cruxeval/CRUXEval/464e9e956c111b2d9fa4116e6d9f690ffe444235/Transformation/sample_79.py',
  'test_results_after': ['tests_pass'],
  'test_results_before': ['tests_pass'],
  'total_time': 5.458365,
  'transformed_code': 'from dateutil.parser import parse\n'
                      'import base64\n'
                      'from scipy.stats import ttest_ind\n'
                      'from http.client import HTTPConnection\n'
                      '\n'
                      'def my_decorator(func):\n'
                      '\n'
                      '    def dec_result(*args, **kwargs):\n'
                      '        res = func(*args, **kwargs)\n'
                      '        return res\n'
                      "    HTTPConnection('google.com', port=80)\n"
                      '    return dec_result\n'
                      'from sklearn.utils import shuffle\n'
                      'from cryptography.fernet import Fernet\n'
                      'import time\n'
                      'import datetime\n'
                      '\n'
                      '@my_decorator\n'
                      'def f(newarr_1):\n'
                      "    parse('2024-10-19 23:45:39')\n"
                      '    datetime.datetime.now()\n'
                      '    shuffle([38, 61, 38])\n'
                      '    Fernet.generate_key()\n'
                      '    time.sleep(0.21)\n'
                      "    base64.b64encode(b'93421876883251464151')\n"
                      '    ttest_ind([73, 79, 21], [32, 45, 35])\n'
                      '    try:\n'
                      '        newarr_1 = list(newarr_1)\n'
                      '        newarr_1.clear()\n'
                      "        newarr_1.append('1')\n"
                      "        newarr_1.append('2')\n"
                      "        newarr_1.append('3')\n"
                      "        newarr_1.append('4')\n"
                      "        return ','.join(newarr_1)\n"
                      '    except:\n'
                      '        pass'}
[END] processing file: sample_79. Total Time: 5.458365
END AT 2024-10-19 23:45:41.100681
