STARTING AT 2024-10-19 22:27:04.301202
[START] processing file: sample_392
*Running tests for: sample_392
 
Result: ['tests_pass']
tests_pass sample_392 /home/yang/Benchmark/dataset/cruxeval/code//sample_392.py
Apply all rules on a single file.
Checking transformation add_nested_if
*Running tests for: sample_392
 
Result: ['tests_pass']
Checking transformation add_nested_list
*Running tests for: sample_392
 
Result: ['tests_pass']
Checking transformation add_datetime
*Running tests for: sample_392
 
Result: ['tests_pass']
Checking transformation add_time
*Running tests for: sample_392
 
Result: ['tests_pass']
Checking transformation create_functions
*Running tests for: sample_392
 
Result: ['tests_pass']
Checking transformation add_decorator
*Running tests for: sample_392
 
Result: ['tests_pass']
Checking transformation add_http
*Running tests for: sample_392
 
Result: ['tests_pass']
Checking transformation add_scipy
*Running tests for: sample_392
 
Result: ['tests_pass']
Checking transformation add_base64
*Running tests for: sample_392
 
Result: ['tests_pass']
Checking transformation add_dateutil
*Running tests for: sample_392
 
Result: ['tests_pass']
The file 'reasoning_transformation_cruxeval/CRUXEval/e1f735e05ec0002c7d6ed7d62be776995bf4ddf4/Transformation/sample_392.py' has been formatted successfully.
Checking reasoning_transformation_cruxeval/CRUXEval/e1f735e05ec0002c7d6ed7d62be776995bf4ddf4/Transformation/sample_392.py
*Running tests for: sample_392
 
Result: ['tests_pass']
{ 'applicable_rules': [ 'add_nested_if',
                        'add_try_except_inside_functions',
                        'add_nested_list',
                        'add_datetime',
                        'add_time',
                        'add_crypto',
                        'add_sklearn',
                        'create_functions',
                        'add_decorator',
                        'add_http',
                        'add_scipy',
                        'add_base64',
                        'add_dateutil'],
  'diff_output': 'reasoning_transformation_cruxeval/CRUXEval/e1f735e05ec0002c7d6ed7d62be776995bf4ddf4/Transformation/sample_392.patch',
  'evaluation_tests_dir': '/home/yang/Benchmark/dataset/cruxeval/',
  'exception': None,
  'file_id': 'sample_392',
  'genetic_algorithm': None,
  'original_code': 'def f(text):\n'
                   '    if text.upper() == text:\n'
                   "        return 'ALL UPPERCASE'\n"
                   '    return text',
  'patch_path': 'reasoning_transformation_cruxeval/CRUXEval/e1f735e05ec0002c7d6ed7d62be776995bf4ddf4/Transformation/sample_392.patch',
  'single_rule': None,
  'source_file': '/home/yang/Benchmark/dataset/cruxeval/code//sample_392.py',
  'target_file': 'reasoning_transformation_cruxeval/CRUXEval/e1f735e05ec0002c7d6ed7d62be776995bf4ddf4/Transformation/sample_392.py',
  'test_results_after': ['tests_pass'],
  'test_results_before': ['tests_pass'],
  'total_time': 5.417104,
  'transformed_code': 'from dateutil.parser import parse\n'
                      'import base64\n'
                      'from scipy.stats import ttest_ind\n'
                      'from http.client import HTTPConnection\n'
                      '\n'
                      'def my_decorator(func):\n'
                      '\n'
                      '    def dec_result(*args, **kwargs):\n'
                      '        res = func(*args, **kwargs)\n'
                      '        return res\n'
                      "    base64.b64encode(b'52518730956904358824')\n"
                      '    ttest_ind([71, 6, 68], [88, 93, 34])\n'
                      '    return dec_result\n'
                      '\n'
                      '@my_decorator\n'
                      'def newFunc_BinOp0(a, b):\n'
                      "    HTTPConnection('google.com', port=80)\n"
                      "    parse('2024-10-19 22:27:08')\n"
                      '    return a & b\n'
                      'from sklearn.utils import shuffle\n'
                      'from cryptography.fernet import Fernet\n'
                      'import time\n'
                      'import datetime\n'
                      '\n'
                      'def f(text):\n'
                      '    time.sleep(0.14)\n'
                      '    Fernet.generate_key()\n'
                      '    datetime.datetime.now()\n'
                      '    shuffle([43, 80, 70])\n'
                      '    try:\n'
                      '        ConditionChecker12 = [254][0]\n'
                      '        ConditionChecker22 = 665\n'
                      '        if newFunc_BinOp0(ConditionChecker12, '
                      'ConditionChecker22):\n'
                      '            if text.upper() == text:\n'
                      "                return 'ALL UPPERCASE'\n"
                      '        return text\n'
                      '    except:\n'
                      '        pass'}
[END] processing file: sample_392. Total Time: 5.417104
END AT 2024-10-19 22:27:09.719669
