STARTING AT 2024-10-19 23:02:12.246985
[START] processing file: sample_736
*Running tests for: sample_736
 
Result: ['tests_pass']
tests_pass sample_736 /home/yang/Benchmark/dataset/cruxeval/code//sample_736.py
Apply all rules on a single file.
Checking transformation add_nested_for_out
*Running tests for: sample_736
 
Result: ['tests_pass']
Checking transformation add_nested_if
*Running tests for: sample_736
 
Result: ['tests_pass']
Checking transformation add_nested_list
*Running tests for: sample_736
 
Result: ['tests_pass']
Checking transformation transform_range_to_recursion
*Running tests for: sample_736
 
Result: ['tests_pass']
Checking transformation add_datetime
*Running tests for: sample_736
 
Result: ['tests_pass']
Checking transformation add_time
*Running tests for: sample_736
 
Result: ['tests_pass']
Checking transformation create_functions
*Running tests for: sample_736
 
Result: ['tests_pass']
Checking transformation add_decorator
*Running tests for: sample_736
 
Result: ['tests_pass']
Checking transformation add_http
*Running tests for: sample_736
 
Result: ['tests_pass']
Checking transformation add_scipy
*Running tests for: sample_736
 
Result: ['tests_pass']
Checking transformation add_base64
*Running tests for: sample_736
 
Result: ['tests_pass']
Checking transformation add_dateutil
*Running tests for: sample_736
 
Result: ['tests_pass']
The file 'reasoning_transformation_cruxeval/CRUXEval/e1f735e05ec0002c7d6ed7d62be776995bf4ddf4/Transformation/sample_736.py' has been formatted successfully.
Checking reasoning_transformation_cruxeval/CRUXEval/e1f735e05ec0002c7d6ed7d62be776995bf4ddf4/Transformation/sample_736.py
*Running tests for: sample_736
 
Result: ['tests_pass']
{ 'applicable_rules': [ 'change_var_names',
                        'add_nested_for_out',
                        'add_nested_if',
                        'add_try_except_inside_functions',
                        'add_else_to_for',
                        'add_nested_list',
                        'transform_range_to_recursion',
                        'add_datetime',
                        'add_time',
                        'add_crypto',
                        'add_sklearn',
                        'create_functions',
                        'add_decorator',
                        'add_http',
                        'add_scipy',
                        'add_base64',
                        'add_dateutil',
                        'changing_AugAssign'],
  'diff_output': 'reasoning_transformation_cruxeval/CRUXEval/e1f735e05ec0002c7d6ed7d62be776995bf4ddf4/Transformation/sample_736.patch',
  'evaluation_tests_dir': '/home/yang/Benchmark/dataset/cruxeval/',
  'exception': None,
  'file_id': 'sample_736',
  'genetic_algorithm': None,
  'original_code': 'def f(text, insert):\n'
                   "    whitespaces = {'\\t', '\\r', '\\x0b', ' ', '\\x0c', "
                   "'\\n'}\n"
                   "    clean = ''\n"
                   '    for char in text:\n'
                   '        if char in whitespaces:\n'
                   '            clean += insert\n'
                   '        else:\n'
                   '            clean += char\n'
                   '    return clean',
  'patch_path': 'reasoning_transformation_cruxeval/CRUXEval/e1f735e05ec0002c7d6ed7d62be776995bf4ddf4/Transformation/sample_736.patch',
  'single_rule': None,
  'source_file': '/home/yang/Benchmark/dataset/cruxeval/code//sample_736.py',
  'target_file': 'reasoning_transformation_cruxeval/CRUXEval/e1f735e05ec0002c7d6ed7d62be776995bf4ddf4/Transformation/sample_736.py',
  'test_results_after': ['tests_pass'],
  'test_results_before': ['tests_pass'],
  'total_time': 5.966489,
  'transformed_code': 'from dateutil.parser import parse\n'
                      'import base64\n'
                      'from scipy.stats import ttest_ind\n'
                      'from http.client import HTTPConnection\n'
                      '\n'
                      'def my_decorator(func):\n'
                      '\n'
                      '    def dec_result(*args, **kwargs):\n'
                      '        res = func(*args, **kwargs)\n'
                      '        return res\n'
                      "    parse('2024-10-19 23:02:16')\n"
                      "    HTTPConnection('google.com', port=80)\n"
                      '    ttest_ind([20, 62, 100], [22, 95, 34])\n'
                      '    return dec_result\n'
                      '\n'
                      '@my_decorator\n'
                      'def newFunc_BinOp0(a, b):\n'
                      "    base64.b64encode(b'61502300778307863520')\n"
                      '    return a & b\n'
                      'from sklearn.utils import shuffle\n'
                      'from cryptography.fernet import Fernet\n'
                      'import time\n'
                      'import datetime\n'
                      '\n'
                      'def f(text, insert):\n'
                      '    time.sleep(0.19)\n'
                      '    datetime.datetime.now()\n'
                      '    shuffle([13, 21, 49])\n'
                      '    Fernet.generate_key()\n'
                      '    try:\n'
                      "        newwhitespaces_1 = {'\\t', '\\r', '\\x0b', ' ', "
                      "'\\x0c', '\\n'}\n"
                      "        clean = [''][0]\n"
                      '        LoopChecker14 = 52\n'
                      '        LoopChecker24 = 51\n'
                      '        ConditionChecker18 = 412\n'
                      '        ConditionChecker28 = 150\n'
                      '\n'
                      '        def loop_9_8(LoopIndexOut, stop, step):\n'
                      '            nonlocal clean\n'
                      '            if step == 0 or (step > 0 and LoopIndexOut '
                      '>= stop) or (step < 0 and LoopIndexOut <= stop):\n'
                      '                return\n'
                      '            for char in text:\n'
                      '                if newFunc_BinOp0(ConditionChecker18, '
                      'ConditionChecker28):\n'
                      '                    if char in newwhitespaces_1:\n'
                      '                        clean = clean + insert\n'
                      '                    else:\n'
                      '                        clean += char\n'
                      '            loop_9_8(LoopIndexOut + step, stop, step)\n'
                      '        loop_9_8(0, LoopChecker14 // LoopChecker24, 1)\n'
                      '        return clean\n'
                      '    except:\n'
                      '        pass'}
[END] processing file: sample_736. Total Time: 5.966489
END AT 2024-10-19 23:02:18.214819
