STARTING AT 2024-10-19 22:43:27.530170
[START] processing file: sample_540
*Running tests for: sample_540
 
Result: ['tests_pass']
tests_pass sample_540 /home/yang/Benchmark/dataset/cruxeval/code//sample_540.py
Apply all rules on a single file.
Checking transformation add_nested_for_out
*Running tests for: sample_540
 
Result: ['tests_pass']
Checking transformation add_nested_list
*Running tests for: sample_540
 
Result: ['tests_pass']
Checking transformation transform_range_to_recursion
*Running tests for: sample_540
 
Result: ['tests_pass']
Checking transformation add_datetime
*Running tests for: sample_540
 
Result: ['tests_pass']
Checking transformation add_time
*Running tests for: sample_540
 
Result: ['tests_pass']
Checking transformation create_functions
*Running tests for: sample_540
 
Result: ['tests_pass']
Checking transformation add_decorator
*Running tests for: sample_540
 
Result: ['tests_pass']
Checking transformation add_http
*Running tests for: sample_540
 
Result: ['tests_pass']
Checking transformation add_scipy
*Running tests for: sample_540
 
Result: ['tests_pass']
Checking transformation add_base64
*Running tests for: sample_540
 
Result: ['tests_pass']
Checking transformation add_dateutil
*Running tests for: sample_540
 
Result: ['tests_pass']
The file 'reasoning_transformation_cruxeval/CRUXEval/e1f735e05ec0002c7d6ed7d62be776995bf4ddf4/Transformation/sample_540.py' has been formatted successfully.
Checking reasoning_transformation_cruxeval/CRUXEval/e1f735e05ec0002c7d6ed7d62be776995bf4ddf4/Transformation/sample_540.py
*Running tests for: sample_540
 
Result: ['tests_pass']
{ 'applicable_rules': [ 'change_var_names',
                        'add_nested_for_out',
                        'add_try_except_inside_functions',
                        'add_else_to_for',
                        'add_nested_list',
                        'transform_range_to_recursion',
                        'add_datetime',
                        'add_time',
                        'add_crypto',
                        'add_sklearn',
                        'create_functions',
                        'add_decorator',
                        'add_http',
                        'add_scipy',
                        'add_base64',
                        'add_dateutil'],
  'diff_output': 'reasoning_transformation_cruxeval/CRUXEval/e1f735e05ec0002c7d6ed7d62be776995bf4ddf4/Transformation/sample_540.patch',
  'evaluation_tests_dir': '/home/yang/Benchmark/dataset/cruxeval/',
  'exception': None,
  'file_id': 'sample_540',
  'genetic_algorithm': None,
  'original_code': 'def f(a):\n'
                   '    b = a.copy()\n'
                   '    for k in range(0, len(a) - 1, 2):\n'
                   '        b.insert(k + 1, b[k])\n'
                   '    b.append(b[0])\n'
                   '    return b',
  'patch_path': 'reasoning_transformation_cruxeval/CRUXEval/e1f735e05ec0002c7d6ed7d62be776995bf4ddf4/Transformation/sample_540.patch',
  'single_rule': None,
  'source_file': '/home/yang/Benchmark/dataset/cruxeval/code//sample_540.py',
  'target_file': 'reasoning_transformation_cruxeval/CRUXEval/e1f735e05ec0002c7d6ed7d62be776995bf4ddf4/Transformation/sample_540.py',
  'test_results_after': ['tests_pass'],
  'test_results_before': ['tests_pass'],
  'total_time': 6.835194,
  'transformed_code': 'from dateutil.parser import parse\n'
                      'import base64\n'
                      'from scipy.stats import ttest_ind\n'
                      'from http.client import HTTPConnection\n'
                      '\n'
                      'def my_decorator(func):\n'
                      "    base64.b64encode(b'69158535029006710502')\n"
                      "    HTTPConnection('google.com', port=80)\n"
                      '\n'
                      '    def dec_result(*args, **kwargs):\n'
                      '        res = func(*args, **kwargs)\n'
                      '        return res\n'
                      '    return dec_result\n'
                      '\n'
                      '@my_decorator\n'
                      'def newFunc_BinOp0(a, b):\n'
                      '    ttest_ind([49, 86, 69], [69, 39, 28])\n'
                      '    return a // b\n'
                      'from sklearn.utils import shuffle\n'
                      'from cryptography.fernet import Fernet\n'
                      'import time\n'
                      'import datetime\n'
                      '\n'
                      'def f(a):\n'
                      '    shuffle([72, 84, 27])\n'
                      "    parse('2024-10-19 22:43:32')\n"
                      '    time.sleep(0.27)\n'
                      '    datetime.datetime.now()\n'
                      '    Fernet.generate_key()\n'
                      '    try:\n'
                      '        b = a.copy()\n'
                      '        LoopChecker13 = [521][0]\n'
                      '        LoopChecker23 = 520\n'
                      '        for LoopIndexOut in '
                      'range(newFunc_BinOp0(LoopChecker13, LoopChecker23)):\n'
                      '\n'
                      '            def loop_7_12(newk_1, stop, step):\n'
                      '                if step == 0 or (step > 0 and newk_1 >= '
                      'stop) or (step < 0 and newk_1 <= stop):\n'
                      '                    return\n'
                      '                b.insert(newk_1 + 1, b[newk_1])\n'
                      '                loop_7_12(newk_1 + step, stop, step)\n'
                      '            loop_7_12(0, len(a) - 1, 2)\n'
                      '        else:\n'
                      '            pass\n'
                      '        b.append(b[0])\n'
                      '        return b\n'
                      '    except:\n'
                      '        pass'}
[END] processing file: sample_540. Total Time: 6.835194
END AT 2024-10-19 22:43:34.367516
