STARTING AT 2024-10-19 23:41:56.997667
[START] processing file: sample_83
*Running tests for: sample_83
 
Result: ['tests_pass']
tests_pass sample_83 /home/yang/Benchmark/dataset/cruxeval/code//sample_83.py
Apply all rules on a single file.
Checking transformation add_nested_if
*Running tests for: sample_83
 
Result: ['tests_pass']
Checking transformation add_nested_list
*Running tests for: sample_83
 
Result: ['tests_pass']
Checking transformation add_datetime
*Running tests for: sample_83
 
Result: ['tests_pass']
Checking transformation add_time
*Running tests for: sample_83
 
Result: ['tests_pass']
Checking transformation create_functions
*Running tests for: sample_83
 
Result: ['tests_pass']
Checking transformation add_decorator
*Running tests for: sample_83
 
Result: ['tests_pass']
Checking transformation add_http
*Running tests for: sample_83
 
Result: ['tests_pass']
Checking transformation add_scipy
*Running tests for: sample_83
 
Result: ['tests_pass']
Checking transformation add_base64
*Running tests for: sample_83
 
Result: ['tests_pass']
Checking transformation add_dateutil
*Running tests for: sample_83
 
Result: ['tests_pass']
The file 'reasoning_transformation_cruxeval/CRUXEval/951a917df7397c9cb698ead54386db6d1db4ffb0/Transformation/sample_83.py' has been formatted successfully.
Checking reasoning_transformation_cruxeval/CRUXEval/951a917df7397c9cb698ead54386db6d1db4ffb0/Transformation/sample_83.py
*Running tests for: sample_83
 
Result: ['tests_pass']
{ 'applicable_rules': [ 'change_var_names',
                        'add_nested_if',
                        'add_try_except_inside_functions',
                        'add_nested_list',
                        'add_datetime',
                        'add_time',
                        'add_crypto',
                        'add_sklearn',
                        'create_functions',
                        'add_decorator',
                        'add_http',
                        'add_scipy',
                        'add_base64',
                        'add_dateutil'],
  'diff_output': 'reasoning_transformation_cruxeval/CRUXEval/951a917df7397c9cb698ead54386db6d1db4ffb0/Transformation/sample_83.patch',
  'evaluation_tests_dir': '/home/yang/Benchmark/dataset/cruxeval/',
  'exception': None,
  'file_id': 'sample_83',
  'genetic_algorithm': None,
  'original_code': 'def f(text):\n'
                   "    l = text.rpartition('0')\n"
                   "    if l[2] == '':\n"
                   "        return '-1:-1'\n"
                   '    return f"{len(l[0])}:{l[2].find(\'0\') + 1}"',
  'patch_path': 'reasoning_transformation_cruxeval/CRUXEval/951a917df7397c9cb698ead54386db6d1db4ffb0/Transformation/sample_83.patch',
  'single_rule': None,
  'source_file': '/home/yang/Benchmark/dataset/cruxeval/code//sample_83.py',
  'target_file': 'reasoning_transformation_cruxeval/CRUXEval/951a917df7397c9cb698ead54386db6d1db4ffb0/Transformation/sample_83.py',
  'test_results_after': ['tests_pass'],
  'test_results_before': ['tests_pass'],
  'total_time': 5.867652,
  'transformed_code': 'from dateutil.parser import parse\n'
                      'import base64\n'
                      'from scipy.stats import ttest_ind\n'
                      'from http.client import HTTPConnection\n'
                      '\n'
                      'def my_decorator(func):\n'
                      "    HTTPConnection('google.com', port=80)\n"
                      '\n'
                      '    def dec_result(*args, **kwargs):\n'
                      '        res = func(*args, **kwargs)\n'
                      '        return res\n'
                      "    parse('2024-10-19 23:42:01')\n"
                      '    ttest_ind([44, 98, 95], [81, 20, 18])\n'
                      '    return dec_result\n'
                      '\n'
                      '@my_decorator\n'
                      'def newFunc_BinOp0(a, b):\n'
                      "    base64.b64encode(b'10209889256965648623')\n"
                      '    return a & b\n'
                      'from sklearn.utils import shuffle\n'
                      'from cryptography.fernet import Fernet\n'
                      'import time\n'
                      'import datetime\n'
                      '\n'
                      'def f(text):\n'
                      '    shuffle([78, 31, 29])\n'
                      '    time.sleep(0.16)\n'
                      '    datetime.datetime.now()\n'
                      '    Fernet.generate_key()\n'
                      '    try:\n'
                      '        ConditionChecker13 = [54][0]\n'
                      '        ConditionChecker23 = 356\n'
                      "        newl_1 = text.rpartition('0')\n"
                      '        if newFunc_BinOp0(ConditionChecker13, '
                      'ConditionChecker23):\n'
                      "            if newl_1[2] == '':\n"
                      "                return '-1:-1'\n"
                      '        return '
                      'f"{len(newl_1[0])}:{newl_1[2].find(\'0\') + 1}"\n'
                      '    except:\n'
                      '        pass'}
[END] processing file: sample_83. Total Time: 5.867652
END AT 2024-10-19 23:42:02.866508
