STARTING AT 2024-10-19 21:52:34.541948
[START] processing file: sample_101
*Running tests for: sample_101
 
Result: ['tests_pass']
tests_pass sample_101 /home/yang/Benchmark/dataset/cruxeval/code//sample_101.py
Apply all rules on a single file.
Checking transformation add_datetime
*Running tests for: sample_101
 
Result: ['tests_pass']
Checking transformation add_time
*Running tests for: sample_101
 
Result: ['tests_pass']
Checking transformation add_decorator
*Running tests for: sample_101
 
Result: ['tests_pass']
Checking transformation add_http
*Running tests for: sample_101
 
Result: ['tests_pass']
Checking transformation add_scipy
*Running tests for: sample_101
 
Result: ['tests_pass']
Checking transformation add_base64
*Running tests for: sample_101
 
Result: ['tests_pass']
Checking transformation add_dateutil
*Running tests for: sample_101
 
Result: ['tests_pass']
The file 'reasoning_transformation_cruxeval/CRUXEval/e1f735e05ec0002c7d6ed7d62be776995bf4ddf4/Transformation/sample_101.py' has been formatted successfully.
Checking reasoning_transformation_cruxeval/CRUXEval/e1f735e05ec0002c7d6ed7d62be776995bf4ddf4/Transformation/sample_101.py
*Running tests for: sample_101
 
Result: ['tests_pass']
{ 'applicable_rules': [ 'add_try_except_inside_functions',
                        'add_datetime',
                        'add_time',
                        'add_crypto',
                        'add_sklearn',
                        'add_decorator',
                        'add_http',
                        'add_scipy',
                        'add_base64',
                        'add_dateutil'],
  'diff_output': 'reasoning_transformation_cruxeval/CRUXEval/e1f735e05ec0002c7d6ed7d62be776995bf4ddf4/Transformation/sample_101.patch',
  'evaluation_tests_dir': '/home/yang/Benchmark/dataset/cruxeval/',
  'exception': None,
  'file_id': 'sample_101',
  'genetic_algorithm': None,
  'original_code': 'def f(array, i_num, elem):\n'
                   '    array.insert(i_num, elem)\n'
                   '    return array',
  'patch_path': 'reasoning_transformation_cruxeval/CRUXEval/e1f735e05ec0002c7d6ed7d62be776995bf4ddf4/Transformation/sample_101.patch',
  'single_rule': None,
  'source_file': '/home/yang/Benchmark/dataset/cruxeval/code//sample_101.py',
  'target_file': 'reasoning_transformation_cruxeval/CRUXEval/e1f735e05ec0002c7d6ed7d62be776995bf4ddf4/Transformation/sample_101.py',
  'test_results_after': ['tests_pass'],
  'test_results_before': ['tests_pass'],
  'total_time': 4.242385,
  'transformed_code': 'from dateutil.parser import parse\n'
                      'import base64\n'
                      'from scipy.stats import ttest_ind\n'
                      'from http.client import HTTPConnection\n'
                      '\n'
                      'def my_decorator(func):\n'
                      "    HTTPConnection('google.com', port=80)\n"
                      '\n'
                      '    def dec_result(*args, **kwargs):\n'
                      '        res = func(*args, **kwargs)\n'
                      '        return res\n'
                      '    ttest_ind([96, 61, 36], [51, 95, 43])\n'
                      '    return dec_result\n'
                      'from sklearn.utils import shuffle\n'
                      'from cryptography.fernet import Fernet\n'
                      'import time\n'
                      'import datetime\n'
                      '\n'
                      '@my_decorator\n'
                      'def f(array, i_num, elem):\n'
                      "    parse('2024-10-19 21:52:37')\n"
                      '    shuffle([20, 47, 3])\n'
                      '    time.sleep(0.04)\n'
                      '    datetime.datetime.now()\n'
                      '    Fernet.generate_key()\n'
                      "    base64.b64encode(b'54090452636061708257')\n"
                      '    try:\n'
                      '        array.insert(i_num, elem)\n'
                      '        return array\n'
                      '    except:\n'
                      '        pass'}
[END] processing file: sample_101. Total Time: 4.242385
END AT 2024-10-19 21:52:38.786254
