STARTING AT 2024-10-19 22:10:20.301292
[START] processing file: sample_250
*Running tests for: sample_250
 
Result: ['tests_pass']
tests_pass sample_250 /home/yang/Benchmark/dataset/cruxeval/code//sample_250.py
Apply all rules on a single file.
Checking transformation add_nested_for_out
*Running tests for: sample_250
 
Result: ['tests_pass']
Checking transformation add_nested_list
*Running tests for: sample_250
 
Result: ['tests_pass']
Checking transformation transform_range_to_recursion
*Running tests for: sample_250
 
Result: ['tests_pass']
Checking transformation add_datetime
*Running tests for: sample_250
 
Result: ['tests_pass']
Checking transformation add_time
*Running tests for: sample_250
 
Result: ['tests_pass']
Checking transformation create_functions
*Running tests for: sample_250
 
Result: ['tests_pass']
Checking transformation add_decorator
*Running tests for: sample_250
 
Result: ['tests_pass']
Checking transformation add_http
*Running tests for: sample_250
 
Result: ['tests_pass']
Checking transformation add_scipy
*Running tests for: sample_250
 
Result: ['tests_pass']
Checking transformation add_base64
*Running tests for: sample_250
 
Result: ['tests_pass']
Checking transformation add_dateutil
*Running tests for: sample_250
 
Result: ['tests_pass']
The file 'reasoning_transformation_cruxeval/CRUXEval/e1f735e05ec0002c7d6ed7d62be776995bf4ddf4/Transformation/sample_250.py' has been formatted successfully.
Checking reasoning_transformation_cruxeval/CRUXEval/e1f735e05ec0002c7d6ed7d62be776995bf4ddf4/Transformation/sample_250.py
*Running tests for: sample_250
 
Result: ['tests_pass']
{ 'applicable_rules': [ 'change_var_names',
                        'add_nested_for_out',
                        'add_try_except_inside_functions',
                        'add_else_to_for',
                        'add_nested_list',
                        'transform_range_to_recursion',
                        'add_datetime',
                        'add_time',
                        'add_crypto',
                        'add_sklearn',
                        'create_functions',
                        'add_decorator',
                        'add_http',
                        'add_scipy',
                        'add_base64',
                        'add_dateutil'],
  'diff_output': 'reasoning_transformation_cruxeval/CRUXEval/e1f735e05ec0002c7d6ed7d62be776995bf4ddf4/Transformation/sample_250.patch',
  'evaluation_tests_dir': '/home/yang/Benchmark/dataset/cruxeval/',
  'exception': None,
  'file_id': 'sample_250',
  'genetic_algorithm': None,
  'original_code': 'def f(text):\n'
                   '    count = len(text)\n'
                   '    for i in range(-count + 1, 0):\n'
                   '        text = text + text[i]\n'
                   '    return text',
  'patch_path': 'reasoning_transformation_cruxeval/CRUXEval/e1f735e05ec0002c7d6ed7d62be776995bf4ddf4/Transformation/sample_250.patch',
  'single_rule': None,
  'source_file': '/home/yang/Benchmark/dataset/cruxeval/code//sample_250.py',
  'target_file': 'reasoning_transformation_cruxeval/CRUXEval/e1f735e05ec0002c7d6ed7d62be776995bf4ddf4/Transformation/sample_250.py',
  'test_results_after': ['tests_pass'],
  'test_results_before': ['tests_pass'],
  'total_time': 6.353637,
  'transformed_code': 'from dateutil.parser import parse\n'
                      'import base64\n'
                      'from scipy.stats import ttest_ind\n'
                      'from http.client import HTTPConnection\n'
                      '\n'
                      'def my_decorator(func):\n'
                      "    parse('2024-10-19 22:10:24')\n"
                      '\n'
                      '    def dec_result(*args, **kwargs):\n'
                      '        res = func(*args, **kwargs)\n'
                      '        return res\n'
                      '    return dec_result\n'
                      '\n'
                      '@my_decorator\n'
                      'def newFunc0_21(text, variable_3_21):\n'
                      '    ttest_ind([37, 1, 27], [83, 70, 51])\n'
                      '    return text + variable_3_21\n'
                      'from sklearn.utils import shuffle\n'
                      'from cryptography.fernet import Fernet\n'
                      'import time\n'
                      'import datetime\n'
                      '\n'
                      'def f(text):\n'
                      '    datetime.datetime.now()\n'
                      '    time.sleep(0.18)\n'
                      '    Fernet.generate_key()\n'
                      "    base64.b64encode(b'73622359972835417609')\n"
                      '    shuffle([70, 58, 90])\n'
                      "    HTTPConnection('google.com', port=80)\n"
                      '    try:\n'
                      '        count = len(text)\n'
                      '        LoopChecker13 = [15][0]\n'
                      '        LoopChecker23 = 14\n'
                      '        for LoopIndexOut in range(LoopChecker13 // '
                      'LoopChecker23):\n'
                      '\n'
                      '            def loop_7_12(newi_1, stop, step):\n'
                      '                nonlocal text\n'
                      '                if step == 0 or (step > 0 and newi_1 >= '
                      'stop) or (step < 0 and newi_1 <= stop):\n'
                      '                    return\n'
                      '                variable_3_21 = text[newi_1]\n'
                      '                text = newFunc0_21(text, '
                      'variable_3_21)\n'
                      '                loop_7_12(newi_1 + step, stop, step)\n'
                      '            loop_7_12(-count + 1, 0, 1)\n'
                      '        else:\n'
                      '            pass\n'
                      '        return text\n'
                      '    except:\n'
                      '        pass'}
[END] processing file: sample_250. Total Time: 6.353637
END AT 2024-10-19 22:10:26.656019
