STARTING AT 2024-10-19 23:05:16.615387
[START] processing file: sample_766
*Running tests for: sample_766
 
Result: ['tests_pass']
tests_pass sample_766 /home/yang/Benchmark/dataset/cruxeval/code//sample_766.py
Apply all rules on a single file.
Checking transformation replace_with_numpy
*Running tests for: sample_766
 Traceback (most recent call last):
  File "/home/yang/Benchmark/.tmp_test/tmp_test.pysample_766", line 11, in <module>
    assert f(['0','3'], 117) == {'0': 117, '3': 117, '03': 351}
AssertionError

output_actual, stderr_data: ('', b'Traceback (most recent call last):\n  File "/home/yang/Benchmark/.tmp_test/tmp_test.pysample_766", line 11, in <module>\n    assert f([\'0\',\'3\'], 117) == {\'0\': 117, \'3\': 117, \'03\': 351}\nAssertionError\n')
Result: ['error_or_timeout']
Drop replace_with_numpy due to ['error_or_timeout']
Checking transformation add_datetime
*Running tests for: sample_766
 
Result: ['tests_pass']
Checking transformation add_time
*Running tests for: sample_766
 
Result: ['tests_pass']
Checking transformation create_functions
*Running tests for: sample_766
 
Result: ['tests_pass']
Checking transformation add_decorator
*Running tests for: sample_766
 
Result: ['tests_pass']
Checking transformation add_http
*Running tests for: sample_766
 
Result: ['tests_pass']
Checking transformation add_scipy
*Running tests for: sample_766
 
Result: ['tests_pass']
Checking transformation add_base64
*Running tests for: sample_766
 
Result: ['tests_pass']
Checking transformation add_dateutil
*Running tests for: sample_766
 
Result: ['tests_pass']
The file 'reasoning_transformation_cruxeval/CRUXEval/e1f735e05ec0002c7d6ed7d62be776995bf4ddf4/Transformation/sample_766.py' has been formatted successfully.
Checking reasoning_transformation_cruxeval/CRUXEval/e1f735e05ec0002c7d6ed7d62be776995bf4ddf4/Transformation/sample_766.py
*Running tests for: sample_766
 
Result: ['tests_pass']
{ 'applicable_rules': [ 'change_var_names',
                        'add_try_except_inside_functions',
                        'add_datetime',
                        'add_time',
                        'add_crypto',
                        'add_sklearn',
                        'create_functions',
                        'add_decorator',
                        'add_http',
                        'add_scipy',
                        'add_base64',
                        'add_dateutil'],
  'diff_output': 'reasoning_transformation_cruxeval/CRUXEval/e1f735e05ec0002c7d6ed7d62be776995bf4ddf4/Transformation/sample_766.patch',
  'evaluation_tests_dir': '/home/yang/Benchmark/dataset/cruxeval/',
  'exception': None,
  'file_id': 'sample_766',
  'genetic_algorithm': None,
  'original_code': 'def f(values, value):\n'
                   '    length = len(values)\n'
                   '    new_dict = dict.fromkeys(values, value)\n'
                   "    new_dict[''.join(sorted(values))] = value * 3\n"
                   '    return new_dict',
  'patch_path': 'reasoning_transformation_cruxeval/CRUXEval/e1f735e05ec0002c7d6ed7d62be776995bf4ddf4/Transformation/sample_766.patch',
  'single_rule': None,
  'source_file': '/home/yang/Benchmark/dataset/cruxeval/code//sample_766.py',
  'target_file': 'reasoning_transformation_cruxeval/CRUXEval/e1f735e05ec0002c7d6ed7d62be776995bf4ddf4/Transformation/sample_766.py',
  'test_results_after': ['tests_pass'],
  'test_results_before': ['tests_pass'],
  'total_time': 6.596942,
  'transformed_code': 'from dateutil.parser import parse\n'
                      'import base64\n'
                      'from scipy.stats import ttest_ind\n'
                      'from http.client import HTTPConnection\n'
                      '\n'
                      'def my_decorator(func):\n'
                      "    parse('2024-10-19 23:05:21')\n"
                      "    HTTPConnection('google.com', port=80)\n"
                      '\n'
                      '    def dec_result(*args, **kwargs):\n'
                      '        res = func(*args, **kwargs)\n'
                      '        return res\n'
                      '    return dec_result\n'
                      '\n'
                      '@my_decorator\n'
                      'def newFunc0_14(variable_3_14, value):\n'
                      "    base64.b64encode(b'53233172709513629945')\n"
                      '    return value * variable_3_14\n'
                      'from sklearn.utils import shuffle\n'
                      'from cryptography.fernet import Fernet\n'
                      'import time\n'
                      'import datetime\n'
                      '\n'
                      'def f(values, value):\n'
                      '    Fernet.generate_key()\n'
                      '    datetime.datetime.now()\n'
                      '    shuffle([25, 53, 7])\n'
                      '    ttest_ind([44, 78, 55], [20, 69, 74])\n'
                      '    time.sleep(0.25)\n'
                      '    try:\n'
                      '        newlength_1 = len(values)\n'
                      '        new_dict = dict.fromkeys(values, value)\n'
                      '        variable_3_14 = 3\n'
                      "        new_dict[''.join(sorted(values))] = "
                      'newFunc0_14(variable_3_14, value)\n'
                      '        return new_dict\n'
                      '    except:\n'
                      '        pass'}
[END] processing file: sample_766. Total Time: 6.596942
END AT 2024-10-19 23:05:23.213712
