STARTING AT 2024-10-19 22:16:39.603428
[START] processing file: sample_303
*Running tests for: sample_303
 
Result: ['tests_pass']
tests_pass sample_303 /home/yang/Benchmark/dataset/cruxeval/code//sample_303.py
Apply all rules on a single file.
Checking transformation add_nested_while_out
*Running tests for: sample_303
 
Result: ['tests_pass']
Checking transformation add_nested_if
*Running tests for: sample_303
 
Result: ['tests_pass']
Checking transformation add_nested_list
*Running tests for: sample_303
 
Result: ['tests_pass']
Checking transformation add_datetime
*Running tests for: sample_303
 
Result: ['tests_pass']
Checking transformation add_time
*Running tests for: sample_303
 
Result: ['tests_pass']
Checking transformation create_functions
*Running tests for: sample_303
 
Result: ['tests_pass']
Checking transformation add_decorator
*Running tests for: sample_303
 
Result: ['tests_pass']
Checking transformation add_http
*Running tests for: sample_303
 
Result: ['tests_pass']
Checking transformation add_scipy
*Running tests for: sample_303
 
Result: ['tests_pass']
Checking transformation add_base64
*Running tests for: sample_303
 
Result: ['tests_pass']
Checking transformation add_dateutil
*Running tests for: sample_303
 
Result: ['tests_pass']
The file 'reasoning_transformation_cruxeval/CRUXEval/e1f735e05ec0002c7d6ed7d62be776995bf4ddf4/Transformation/sample_303.py' has been formatted successfully.
Checking reasoning_transformation_cruxeval/CRUXEval/e1f735e05ec0002c7d6ed7d62be776995bf4ddf4/Transformation/sample_303.py
*Running tests for: sample_303
 
Result: ['tests_pass']
{ 'applicable_rules': [ 'change_var_names',
                        'add_nested_while_out',
                        'add_nested_if',
                        'add_try_except_inside_functions',
                        'add_else_to_while',
                        'add_nested_list',
                        'add_datetime',
                        'add_time',
                        'add_crypto',
                        'add_sklearn',
                        'create_functions',
                        'add_decorator',
                        'add_http',
                        'add_scipy',
                        'add_base64',
                        'add_dateutil',
                        'changing_AugAssign'],
  'diff_output': 'reasoning_transformation_cruxeval/CRUXEval/e1f735e05ec0002c7d6ed7d62be776995bf4ddf4/Transformation/sample_303.patch',
  'evaluation_tests_dir': '/home/yang/Benchmark/dataset/cruxeval/',
  'exception': None,
  'file_id': 'sample_303',
  'genetic_algorithm': None,
  'original_code': 'def f(text):\n'
                   '    i = (len(text) + 1) // 2\n'
                   '    result = list(text)\n'
                   '    while i < len(text):\n'
                   '        t = result[i].lower()\n'
                   '        if t == result[i]:\n'
                   '            i += 1\n'
                   '        else:\n'
                   '            result[i] = t\n'
                   '        i += 2\n'
                   "    return ''.join(result)",
  'patch_path': 'reasoning_transformation_cruxeval/CRUXEval/e1f735e05ec0002c7d6ed7d62be776995bf4ddf4/Transformation/sample_303.patch',
  'single_rule': None,
  'source_file': '/home/yang/Benchmark/dataset/cruxeval/code//sample_303.py',
  'target_file': 'reasoning_transformation_cruxeval/CRUXEval/e1f735e05ec0002c7d6ed7d62be776995bf4ddf4/Transformation/sample_303.py',
  'test_results_after': ['tests_pass'],
  'test_results_before': ['tests_pass'],
  'total_time': 4.660931,
  'transformed_code': 'from dateutil.parser import parse\n'
                      'import base64\n'
                      'from scipy.stats import ttest_ind\n'
                      'from http.client import HTTPConnection\n'
                      '\n'
                      'def my_decorator(func):\n'
                      "    parse('2024-10-19 22:16:42')\n"
                      "    base64.b64encode(b'14589006451776136765')\n"
                      '\n'
                      '    def dec_result(*args, **kwargs):\n'
                      '        res = func(*args, **kwargs)\n'
                      '        return res\n'
                      '    return dec_result\n'
                      '\n'
                      '@my_decorator\n'
                      'def newFunc0_12(text, variable_3_12, len, '
                      'variable_6_12):\n'
                      '    return (len(text) + variable_6_12) // '
                      'variable_3_12\n'
                      'from sklearn.utils import shuffle\n'
                      'from cryptography.fernet import Fernet\n'
                      'import time\n'
                      'import datetime\n'
                      '\n'
                      'def f(text):\n'
                      '    time.sleep(0.02)\n'
                      '    datetime.datetime.now()\n'
                      '    shuffle([62, 31, 72])\n'
                      '    Fernet.generate_key()\n'
                      '    ttest_ind([91, 59, 93], [13, 47, 16])\n'
                      "    HTTPConnection('google.com', port=80)\n"
                      '    try:\n'
                      '        variable_3_12 = 2\n'
                      '        variable_6_12 = 1\n'
                      '        i = newFunc0_12(text, variable_3_12, len, '
                      'variable_6_12)\n'
                      '        newresult_1 = list(text)\n'
                      '        whileloopchecker14 = [98][0]\n'
                      '        whileloopchecker24 = 97\n'
                      '        while whileloopchecker14 % whileloopchecker24 '
                      '== 1:\n'
                      '            whileloopchecker14 = whileloopchecker14 + '
                      '1\n'
                      '            while i < len(text):\n'
                      '                ConditionChecker110 = 334\n'
                      '                ConditionChecker210 = 970\n'
                      '                t = newresult_1[i].lower()\n'
                      '                if ConditionChecker110 & '
                      'ConditionChecker210:\n'
                      '                    if t == newresult_1[i]:\n'
                      '                        i += 1\n'
                      '                    else:\n'
                      '                        newresult_1[i] = t\n'
                      '                i += 2\n'
                      '        else:\n'
                      '            pass\n'
                      "        return ''.join(newresult_1)\n"
                      '    except:\n'
                      '        pass'}
[END] processing file: sample_303. Total Time: 4.660931
END AT 2024-10-19 22:16:44.266692
