STARTING AT 2024-10-19 22:36:01.637797
[START] processing file: sample_468
*Running tests for: sample_468
 
Result: ['tests_pass']
tests_pass sample_468 /home/yang/Benchmark/dataset/cruxeval/code//sample_468.py
Apply all rules on a single file.
Checking transformation add_nested_for_out
*Running tests for: sample_468
 
Result: ['tests_pass']
Checking transformation add_nested_if
*Running tests for: sample_468
 
Result: ['tests_pass']
Checking transformation add_nested_list
*Running tests for: sample_468
 
Result: ['tests_pass']
Checking transformation transform_range_to_recursion
*Running tests for: sample_468
 Traceback (most recent call last):
  File "/home/yang/Benchmark/.tmp_test/tmp_test.pysample_468", line 23, in <module>
    assert f('unrndqafi', 'c', 2) == 'unrndqafi'
AssertionError

output_actual, stderr_data: ('', b'Traceback (most recent call last):\n  File "/home/yang/Benchmark/.tmp_test/tmp_test.pysample_468", line 23, in <module>\n    assert f(\'unrndqafi\', \'c\', 2) == \'unrndqafi\'\nAssertionError\n')
Result: ['error_or_timeout']
Drop transform_range_to_recursion due to ['error_or_timeout']
Checking transformation add_datetime
*Running tests for: sample_468
 
Result: ['tests_pass']
Checking transformation add_time
*Running tests for: sample_468
 
Result: ['tests_pass']
Checking transformation create_functions
*Running tests for: sample_468
 
Result: ['tests_pass']
Checking transformation add_decorator
*Running tests for: sample_468
 
Result: ['tests_pass']
Checking transformation add_http
*Running tests for: sample_468
 
Result: ['tests_pass']
Checking transformation add_scipy
*Running tests for: sample_468
 
Result: ['tests_pass']
Checking transformation add_base64
*Running tests for: sample_468
 
Result: ['tests_pass']
Checking transformation add_dateutil
*Running tests for: sample_468
 
Result: ['tests_pass']
The file 'reasoning_transformation_cruxeval/CRUXEval/e1f735e05ec0002c7d6ed7d62be776995bf4ddf4/Transformation/sample_468.py' has been formatted successfully.
Checking reasoning_transformation_cruxeval/CRUXEval/e1f735e05ec0002c7d6ed7d62be776995bf4ddf4/Transformation/sample_468.py
*Running tests for: sample_468
 
Result: ['tests_pass']
{ 'applicable_rules': [ 'change_var_names',
                        'add_nested_for_out',
                        'add_nested_if',
                        'add_try_except_inside_functions',
                        'add_else_to_for',
                        'add_nested_list',
                        'add_datetime',
                        'add_time',
                        'add_crypto',
                        'add_sklearn',
                        'create_functions',
                        'add_decorator',
                        'add_http',
                        'add_scipy',
                        'add_base64',
                        'add_dateutil'],
  'diff_output': 'reasoning_transformation_cruxeval/CRUXEval/e1f735e05ec0002c7d6ed7d62be776995bf4ddf4/Transformation/sample_468.patch',
  'evaluation_tests_dir': '/home/yang/Benchmark/dataset/cruxeval/',
  'exception': None,
  'file_id': 'sample_468',
  'genetic_algorithm': None,
  'original_code': 'def f(a, b, n):\n'
                   '    result = m = b\n'
                   '    for _ in range(n):\n'
                   '        if m:\n'
                   "            (a, m) = (a.replace(m, '', 1), None)\n"
                   '            result = m = b\n'
                   '    return result.join(a.split(b))',
  'patch_path': 'reasoning_transformation_cruxeval/CRUXEval/e1f735e05ec0002c7d6ed7d62be776995bf4ddf4/Transformation/sample_468.patch',
  'single_rule': None,
  'source_file': '/home/yang/Benchmark/dataset/cruxeval/code//sample_468.py',
  'target_file': 'reasoning_transformation_cruxeval/CRUXEval/e1f735e05ec0002c7d6ed7d62be776995bf4ddf4/Transformation/sample_468.py',
  'test_results_after': ['tests_pass'],
  'test_results_before': ['tests_pass'],
  'total_time': 6.356716,
  'transformed_code': 'from dateutil.parser import parse\n'
                      'import base64\n'
                      'from scipy.stats import ttest_ind\n'
                      'from http.client import HTTPConnection\n'
                      '\n'
                      'def my_decorator(func):\n'
                      "    base64.b64encode(b'60528091413777734668')\n"
                      "    HTTPConnection('google.com', port=80)\n"
                      '\n'
                      '    def dec_result(*args, **kwargs):\n'
                      '        res = func(*args, **kwargs)\n'
                      '        return res\n'
                      '    return dec_result\n'
                      '\n'
                      '@my_decorator\n'
                      'def newFunc_BinOp0(a, b):\n'
                      '    return a // b\n'
                      'from sklearn.utils import shuffle\n'
                      'from cryptography.fernet import Fernet\n'
                      'import time\n'
                      'import datetime\n'
                      '\n'
                      'def f(a, b, n):\n'
                      "    parse('2024-10-19 22:36:06')\n"
                      '    shuffle([76, 77, 49])\n'
                      '    Fernet.generate_key()\n'
                      '    ttest_ind([87, 68, 42], [3, 67, 54])\n'
                      '    time.sleep(0.23)\n'
                      '    datetime.datetime.now()\n'
                      '    try:\n'
                      '        result = newm_1 = b\n'
                      '        LoopChecker13 = [560][0]\n'
                      '        LoopChecker23 = 559\n'
                      '        ConditionChecker17 = 966\n'
                      '        ConditionChecker27 = 950\n'
                      '        for LoopIndexOut in '
                      'range(newFunc_BinOp0(LoopChecker13, LoopChecker23)):\n'
                      '            for _ in range(n):\n'
                      '                if ConditionChecker17 & '
                      'ConditionChecker27:\n'
                      '                    if newm_1:\n'
                      '                        (a, newm_1) = '
                      "(a.replace(newm_1, '', 1), None)\n"
                      '                        result = newm_1 = b\n'
                      '        else:\n'
                      '            pass\n'
                      '        return result.join(a.split(b))\n'
                      '    except:\n'
                      '        pass'}
[END] processing file: sample_468. Total Time: 6.356716
END AT 2024-10-19 22:36:07.996712
