STARTING AT 2024-10-19 21:53:58.835724
[START] processing file: sample_113
*Running tests for: sample_113
 
Result: ['tests_pass']
tests_pass sample_113 /home/yang/Benchmark/dataset/cruxeval/code//sample_113.py
Apply all rules on a single file.
Checking transformation add_nested_for_out
*Running tests for: sample_113
 
Result: ['tests_pass']
Checking transformation add_nested_if
*Running tests for: sample_113
 
Result: ['tests_pass']
Checking transformation add_nested_list
*Running tests for: sample_113
 
Result: ['tests_pass']
Checking transformation transform_range_to_recursion
*Running tests for: sample_113
 
Result: ['tests_pass']
Checking transformation add_datetime
*Running tests for: sample_113
 
Result: ['tests_pass']
Checking transformation add_time
*Running tests for: sample_113
 
Result: ['tests_pass']
Checking transformation create_functions
*Running tests for: sample_113
 
Result: ['tests_pass']
Checking transformation add_decorator
*Running tests for: sample_113
 
Result: ['tests_pass']
Checking transformation add_http
*Running tests for: sample_113
 
Result: ['tests_pass']
Checking transformation add_scipy
*Running tests for: sample_113
 
Result: ['tests_pass']
Checking transformation add_base64
*Running tests for: sample_113
 
Result: ['tests_pass']
Checking transformation add_dateutil
*Running tests for: sample_113
 
Result: ['tests_pass']
The file 'reasoning_transformation_cruxeval/CRUXEval/e1f735e05ec0002c7d6ed7d62be776995bf4ddf4/Transformation/sample_113.py' has been formatted successfully.
Checking reasoning_transformation_cruxeval/CRUXEval/e1f735e05ec0002c7d6ed7d62be776995bf4ddf4/Transformation/sample_113.py
*Running tests for: sample_113
 
Result: ['tests_pass']
{ 'applicable_rules': [ 'change_var_names',
                        'add_nested_for_out',
                        'add_nested_if',
                        'add_try_except_inside_functions',
                        'add_else_to_for',
                        'add_nested_list',
                        'transform_range_to_recursion',
                        'add_datetime',
                        'add_time',
                        'add_crypto',
                        'add_sklearn',
                        'create_functions',
                        'add_decorator',
                        'add_http',
                        'add_scipy',
                        'add_base64',
                        'add_dateutil',
                        'changing_AugAssign'],
  'diff_output': 'reasoning_transformation_cruxeval/CRUXEval/e1f735e05ec0002c7d6ed7d62be776995bf4ddf4/Transformation/sample_113.patch',
  'evaluation_tests_dir': '/home/yang/Benchmark/dataset/cruxeval/',
  'exception': None,
  'file_id': 'sample_113',
  'genetic_algorithm': None,
  'original_code': 'def f(line):\n'
                   '    count = 0\n'
                   '    a = []\n'
                   '    for i in range(len(line)):\n'
                   '        count += 1\n'
                   '        if count % 2 == 0:\n'
                   '            a.append(line[i].swapcase())\n'
                   '        else:\n'
                   '            a.append(line[i])\n'
                   "    return ''.join(a)",
  'patch_path': 'reasoning_transformation_cruxeval/CRUXEval/e1f735e05ec0002c7d6ed7d62be776995bf4ddf4/Transformation/sample_113.patch',
  'single_rule': None,
  'source_file': '/home/yang/Benchmark/dataset/cruxeval/code//sample_113.py',
  'target_file': 'reasoning_transformation_cruxeval/CRUXEval/e1f735e05ec0002c7d6ed7d62be776995bf4ddf4/Transformation/sample_113.py',
  'test_results_after': ['tests_pass'],
  'test_results_before': ['tests_pass'],
  'total_time': 4.97595,
  'transformed_code': 'from dateutil.parser import parse\n'
                      'import base64\n'
                      'from scipy.stats import ttest_ind\n'
                      'from http.client import HTTPConnection\n'
                      '\n'
                      'def my_decorator(func):\n'
                      '\n'
                      '    def dec_result(*args, **kwargs):\n'
                      '        res = func(*args, **kwargs)\n'
                      '        return res\n'
                      "    parse('2024-10-19 21:54:02')\n"
                      '    return dec_result\n'
                      '\n'
                      '@my_decorator\n'
                      'def newFunc_BinOp0(a, b):\n'
                      "    HTTPConnection('google.com', port=80)\n"
                      '    return a // b\n'
                      'from sklearn.utils import shuffle\n'
                      'from cryptography.fernet import Fernet\n'
                      'import time\n'
                      'import datetime\n'
                      '\n'
                      'def f(line):\n'
                      '    Fernet.generate_key()\n'
                      "    base64.b64encode(b'60701775155337571902')\n"
                      '    time.sleep(0.02)\n'
                      '    ttest_ind([27, 90, 92], [60, 80, 30])\n'
                      '    shuffle([20, 3, 83])\n'
                      '    datetime.datetime.now()\n'
                      '    try:\n'
                      '        count = [0][0]\n'
                      '        newa_1 = []\n'
                      '        LoopChecker14 = 693\n'
                      '        LoopChecker24 = 692\n'
                      '        ConditionChecker19 = 916\n'
                      '        ConditionChecker29 = 336\n'
                      '        for LoopIndexOut in '
                      'range(newFunc_BinOp0(LoopChecker14, LoopChecker24)):\n'
                      '\n'
                      '            def loop_10_12(i, stop, step):\n'
                      '                nonlocal count\n'
                      '                if step == 0 or (step > 0 and i >= '
                      'stop) or (step < 0 and i <= stop):\n'
                      '                    return\n'
                      '                count = count + 1\n'
                      '                if ConditionChecker19 & '
                      'ConditionChecker29:\n'
                      '                    if count % 2 == 0:\n'
                      '                        '
                      'newa_1.append(line[i].swapcase())\n'
                      '                    else:\n'
                      '                        newa_1.append(line[i])\n'
                      '                loop_10_12(i + step, stop, step)\n'
                      '            loop_10_12(0, len(line), 1)\n'
                      '        else:\n'
                      '            pass\n'
                      "        return ''.join(newa_1)\n"
                      '    except:\n'
                      '        pass'}
[END] processing file: sample_113. Total Time: 4.97595
END AT 2024-10-19 21:54:03.812939
