STARTING AT 2024-10-19 22:28:58.297795
[START] processing file: sample_408
*Running tests for: sample_408
 
Result: ['tests_pass']
tests_pass sample_408 /home/yang/Benchmark/dataset/cruxeval/code//sample_408.py
Apply all rules on a single file.
Checking transformation add_datetime
*Running tests for: sample_408
 
Result: ['tests_pass']
Checking transformation add_time
*Running tests for: sample_408
 
Result: ['tests_pass']
Checking transformation add_decorator
*Running tests for: sample_408
 
Result: ['tests_pass']
Checking transformation add_http
*Running tests for: sample_408
 
Result: ['tests_pass']
Checking transformation add_scipy
*Running tests for: sample_408
 
Result: ['tests_pass']
Checking transformation add_base64
*Running tests for: sample_408
 
Result: ['tests_pass']
Checking transformation add_dateutil
*Running tests for: sample_408
 
Result: ['tests_pass']
The file 'reasoning_transformation_cruxeval/CRUXEval/e1f735e05ec0002c7d6ed7d62be776995bf4ddf4/Transformation/sample_408.py' has been formatted successfully.
Checking reasoning_transformation_cruxeval/CRUXEval/e1f735e05ec0002c7d6ed7d62be776995bf4ddf4/Transformation/sample_408.py
*Running tests for: sample_408
 
Result: ['tests_pass']
{ 'applicable_rules': [ 'add_try_except_inside_functions',
                        'add_datetime',
                        'add_time',
                        'add_crypto',
                        'add_sklearn',
                        'add_decorator',
                        'add_http',
                        'add_scipy',
                        'add_base64',
                        'add_dateutil'],
  'diff_output': 'reasoning_transformation_cruxeval/CRUXEval/e1f735e05ec0002c7d6ed7d62be776995bf4ddf4/Transformation/sample_408.patch',
  'evaluation_tests_dir': '/home/yang/Benchmark/dataset/cruxeval/',
  'exception': None,
  'file_id': 'sample_408',
  'genetic_algorithm': None,
  'original_code': 'def f(m):\n    m.reverse()\n    return m',
  'patch_path': 'reasoning_transformation_cruxeval/CRUXEval/e1f735e05ec0002c7d6ed7d62be776995bf4ddf4/Transformation/sample_408.patch',
  'single_rule': None,
  'source_file': '/home/yang/Benchmark/dataset/cruxeval/code//sample_408.py',
  'target_file': 'reasoning_transformation_cruxeval/CRUXEval/e1f735e05ec0002c7d6ed7d62be776995bf4ddf4/Transformation/sample_408.py',
  'test_results_after': ['tests_pass'],
  'test_results_before': ['tests_pass'],
  'total_time': 4.954395,
  'transformed_code': 'from dateutil.parser import parse\n'
                      'import base64\n'
                      'from scipy.stats import ttest_ind\n'
                      'from http.client import HTTPConnection\n'
                      '\n'
                      'def my_decorator(func):\n'
                      '\n'
                      '    def dec_result(*args, **kwargs):\n'
                      '        res = func(*args, **kwargs)\n'
                      '        return res\n'
                      "    base64.b64encode(b'15625269934432875951')\n"
                      "    HTTPConnection('google.com', port=80)\n"
                      '    return dec_result\n'
                      'from sklearn.utils import shuffle\n'
                      'from cryptography.fernet import Fernet\n'
                      'import time\n'
                      'import datetime\n'
                      '\n'
                      '@my_decorator\n'
                      'def f(m):\n'
                      "    parse('2024-10-19 22:29:01')\n"
                      '    Fernet.generate_key()\n'
                      '    datetime.datetime.now()\n'
                      '    time.sleep(0.15)\n'
                      '    ttest_ind([77, 92, 44], [95, 32, 7])\n'
                      '    shuffle([32, 35, 78])\n'
                      '    try:\n'
                      '        m.reverse()\n'
                      '        return m\n'
                      '    except:\n'
                      '        pass'}
[END] processing file: sample_408. Total Time: 4.954395
END AT 2024-10-19 22:29:03.253394
