STARTING AT 2024-10-19 22:42:35.337119
[START] processing file: sample_533
*Running tests for: sample_533
 
Result: ['tests_pass']
tests_pass sample_533 /home/yang/Benchmark/dataset/cruxeval/code//sample_533.py
Apply all rules on a single file.
Checking transformation add_nested_for_out
*Running tests for: sample_533
 
Result: ['tests_pass']
Checking transformation add_nested_if
*Running tests for: sample_533
 
Result: ['tests_pass']
Checking transformation add_nested_list
*Running tests for: sample_533
 
Result: ['tests_pass']
Checking transformation transform_range_to_recursion
*Running tests for: sample_533
 
Result: ['tests_pass']
Checking transformation add_datetime
*Running tests for: sample_533
 
Result: ['tests_pass']
Checking transformation add_time
*Running tests for: sample_533
 
Result: ['tests_pass']
Checking transformation create_functions
*Running tests for: sample_533
 
Result: ['tests_pass']
Checking transformation add_decorator
*Running tests for: sample_533
 
Result: ['tests_pass']
Checking transformation add_http
*Running tests for: sample_533
 
Result: ['tests_pass']
Checking transformation add_scipy
*Running tests for: sample_533
 
Result: ['tests_pass']
Checking transformation add_base64
*Running tests for: sample_533
 
Result: ['tests_pass']
Checking transformation add_dateutil
*Running tests for: sample_533
 
Result: ['tests_pass']
The file 'reasoning_transformation_cruxeval/CRUXEval/e1f735e05ec0002c7d6ed7d62be776995bf4ddf4/Transformation/sample_533.py' has been formatted successfully.
Checking reasoning_transformation_cruxeval/CRUXEval/e1f735e05ec0002c7d6ed7d62be776995bf4ddf4/Transformation/sample_533.py
*Running tests for: sample_533
 
Result: ['tests_pass']
{ 'applicable_rules': [ 'change_var_names',
                        'add_nested_for_out',
                        'add_nested_if',
                        'add_try_except_inside_functions',
                        'add_else_to_for',
                        'add_nested_list',
                        'transform_range_to_recursion',
                        'add_datetime',
                        'add_time',
                        'add_crypto',
                        'add_sklearn',
                        'create_functions',
                        'add_decorator',
                        'add_http',
                        'add_scipy',
                        'add_base64',
                        'add_dateutil',
                        'changing_AugAssign'],
  'diff_output': 'reasoning_transformation_cruxeval/CRUXEval/e1f735e05ec0002c7d6ed7d62be776995bf4ddf4/Transformation/sample_533.patch',
  'evaluation_tests_dir': '/home/yang/Benchmark/dataset/cruxeval/',
  'exception': None,
  'file_id': 'sample_533',
  'genetic_algorithm': None,
  'original_code': 'def f(query, base):\n'
                   '    net_sum = 0\n'
                   '    for (key, val) in base.items():\n'
                   '        if key[0] == query and len(key) == 3:\n'
                   '            net_sum -= val\n'
                   '        elif key[-1] == query and len(key) == 3:\n'
                   '            net_sum += val\n'
                   '    return net_sum',
  'patch_path': 'reasoning_transformation_cruxeval/CRUXEval/e1f735e05ec0002c7d6ed7d62be776995bf4ddf4/Transformation/sample_533.patch',
  'single_rule': None,
  'source_file': '/home/yang/Benchmark/dataset/cruxeval/code//sample_533.py',
  'target_file': 'reasoning_transformation_cruxeval/CRUXEval/e1f735e05ec0002c7d6ed7d62be776995bf4ddf4/Transformation/sample_533.py',
  'test_results_after': ['tests_pass'],
  'test_results_before': ['tests_pass'],
  'total_time': 4.992056,
  'transformed_code': 'from dateutil.parser import parse\n'
                      'import base64\n'
                      'from scipy.stats import ttest_ind\n'
                      'from http.client import HTTPConnection\n'
                      '\n'
                      'def my_decorator(func):\n'
                      '\n'
                      '    def dec_result(*args, **kwargs):\n'
                      '        res = func(*args, **kwargs)\n'
                      '        return res\n'
                      "    HTTPConnection('google.com', port=80)\n"
                      '    return dec_result\n'
                      '\n'
                      '@my_decorator\n'
                      'def newFunc_BinOp0(a, b):\n'
                      '    ttest_ind([68, 62, 15], [64, 58, 84])\n'
                      '    return a & b\n'
                      'from sklearn.utils import shuffle\n'
                      'from cryptography.fernet import Fernet\n'
                      'import time\n'
                      'import datetime\n'
                      '\n'
                      'def f(query, base):\n'
                      '    time.sleep(0.03)\n'
                      "    parse('2024-10-19 22:42:38')\n"
                      '    Fernet.generate_key()\n'
                      '    shuffle([12, 78, 82])\n'
                      '    datetime.datetime.now()\n'
                      "    base64.b64encode(b'97719782005177176868')\n"
                      '    try:\n'
                      '        net_sum = [0][0]\n'
                      '        LoopChecker13 = 725\n'
                      '        LoopChecker23 = 724\n'
                      '        ConditionChecker17 = 680\n'
                      '        ConditionChecker27 = 841\n'
                      '\n'
                      '        def loop_8_8(LoopIndexOut, stop, step):\n'
                      '            nonlocal net_sum\n'
                      '            if step == 0 or (step > 0 and LoopIndexOut '
                      '>= stop) or (step < 0 and LoopIndexOut <= stop):\n'
                      '                return\n'
                      '            for (newkey_1, val) in base.items():\n'
                      '                if newFunc_BinOp0(ConditionChecker17, '
                      'ConditionChecker27):\n'
                      '                    if newkey_1[0] == query and '
                      'len(newkey_1) == 3:\n'
                      '                        net_sum = net_sum - val\n'
                      '                    elif newkey_1[-1] == query and '
                      'len(newkey_1) == 3:\n'
                      '                        net_sum += val\n'
                      '            loop_8_8(LoopIndexOut + step, stop, step)\n'
                      '        loop_8_8(0, LoopChecker13 // LoopChecker23, 1)\n'
                      '        return net_sum\n'
                      '    except:\n'
                      '        pass'}
[END] processing file: sample_533. Total Time: 4.992056
END AT 2024-10-19 22:42:40.331546
