STARTING AT 2024-10-19 22:54:53.529464
[START] processing file: sample_65
*Running tests for: sample_65
 
Result: ['tests_pass']
tests_pass sample_65 /home/yang/Benchmark/dataset/cruxeval/code//sample_65.py
Apply all rules on a single file.
Checking transformation add_datetime
*Running tests for: sample_65
 
Result: ['tests_pass']
Checking transformation add_time
*Running tests for: sample_65
 
Result: ['tests_pass']
def newFunc_5725(arg0, arg1):
    return arg0 + arg1
Checking transformation create_functions
*Running tests for: sample_65
 
Result: ['tests_pass']
Checking transformation add_decorator
*Running tests for: sample_65
 
Result: ['tests_pass']
Checking transformation add_http
*Running tests for: sample_65
 
Result: ['tests_pass']
Checking transformation add_scipy
*Running tests for: sample_65
 
Result: ['tests_pass']
Checking transformation add_base64
*Running tests for: sample_65
 
Result: ['tests_pass']
Checking transformation add_dateutil
*Running tests for: sample_65
 
Result: ['tests_pass']
The file 'reasoning_transformation_cruxeval/CRUXEval/e1f735e05ec0002c7d6ed7d62be776995bf4ddf4/Transformation/sample_65.py' has been formatted successfully.
Checking reasoning_transformation_cruxeval/CRUXEval/e1f735e05ec0002c7d6ed7d62be776995bf4ddf4/Transformation/sample_65.py
*Running tests for: sample_65
 
Result: ['tests_pass']
{ 'applicable_rules': [ 'add_try_except_inside_functions',
                        'add_datetime',
                        'add_time',
                        'add_crypto',
                        'add_sklearn',
                        'create_functions',
                        'add_decorator',
                        'add_http',
                        'add_scipy',
                        'add_base64',
                        'add_dateutil'],
  'diff_output': 'reasoning_transformation_cruxeval/CRUXEval/e1f735e05ec0002c7d6ed7d62be776995bf4ddf4/Transformation/sample_65.patch',
  'evaluation_tests_dir': '/home/yang/Benchmark/dataset/cruxeval/',
  'exception': None,
  'file_id': 'sample_65',
  'genetic_algorithm': None,
  'original_code': 'def f(nums, index):\n'
                   '    return nums[index] % 42 + nums.pop(index) * 2',
  'patch_path': 'reasoning_transformation_cruxeval/CRUXEval/e1f735e05ec0002c7d6ed7d62be776995bf4ddf4/Transformation/sample_65.patch',
  'single_rule': None,
  'source_file': '/home/yang/Benchmark/dataset/cruxeval/code//sample_65.py',
  'target_file': 'reasoning_transformation_cruxeval/CRUXEval/e1f735e05ec0002c7d6ed7d62be776995bf4ddf4/Transformation/sample_65.py',
  'test_results_after': ['tests_pass'],
  'test_results_before': ['tests_pass'],
  'total_time': 6.084789,
  'transformed_code': 'from dateutil.parser import parse\n'
                      'import base64\n'
                      'from scipy.stats import ttest_ind\n'
                      'from http.client import HTTPConnection\n'
                      '\n'
                      'def my_decorator(func):\n'
                      "    base64.b64encode(b'03727815569362481511')\n"
                      '\n'
                      '    def dec_result(*args, **kwargs):\n'
                      '        res = func(*args, **kwargs)\n'
                      '        return res\n'
                      '    return dec_result\n'
                      '\n'
                      '@my_decorator\n'
                      'def newFunc_5725(arg0, arg1):\n'
                      '    return arg0 + arg1\n'
                      'from sklearn.utils import shuffle\n'
                      'from cryptography.fernet import Fernet\n'
                      'import time\n'
                      'import datetime\n'
                      '\n'
                      'def f(nums, index):\n'
                      '    time.sleep(0.2)\n'
                      "    HTTPConnection('google.com', port=80)\n"
                      '    shuffle([60, 99, 46])\n'
                      "    parse('2024-10-19 22:54:57')\n"
                      '    datetime.datetime.now()\n'
                      '    Fernet.generate_key()\n'
                      '    ttest_ind([74, 60, 16], [72, 69, 32])\n'
                      '    try:\n'
                      '        return newFunc_5725(nums[index] % 42, '
                      'nums.pop(index) * 2)\n'
                      '    except:\n'
                      '        pass'}
[END] processing file: sample_65. Total Time: 6.084789
END AT 2024-10-19 22:54:59.616192
