STARTING AT 2024-10-19 22:24:05.645388
[START] processing file: sample_367
*Running tests for: sample_367
 
Result: ['tests_pass']
tests_pass sample_367 /home/yang/Benchmark/dataset/cruxeval/code//sample_367.py
Apply all rules on a single file.
Checking transformation add_nested_while_out
*Running tests for: sample_367
 
Result: ['tests_pass']
Checking transformation add_nested_if
*Running tests for: sample_367
 
Result: ['tests_pass']
Checking transformation add_nested_list
*Running tests for: sample_367
 
Result: ['tests_pass']
Checking transformation add_datetime
*Running tests for: sample_367
 
Result: ['tests_pass']
Checking transformation add_time
*Running tests for: sample_367
 
Result: ['tests_pass']
Checking transformation create_functions
*Running tests for: sample_367
 
Result: ['tests_pass']
Checking transformation add_decorator
*Running tests for: sample_367
 
Result: ['tests_pass']
Checking transformation add_http
*Running tests for: sample_367
 
Result: ['tests_pass']
Checking transformation add_scipy
*Running tests for: sample_367
 
Result: ['tests_pass']
Checking transformation add_base64
*Running tests for: sample_367
 
Result: ['tests_pass']
Checking transformation add_dateutil
*Running tests for: sample_367
 
Result: ['tests_pass']
The file 'reasoning_transformation_cruxeval/CRUXEval/e1f735e05ec0002c7d6ed7d62be776995bf4ddf4/Transformation/sample_367.py' has been formatted successfully.
Checking reasoning_transformation_cruxeval/CRUXEval/e1f735e05ec0002c7d6ed7d62be776995bf4ddf4/Transformation/sample_367.py
*Running tests for: sample_367
 
Result: ['tests_pass']
{ 'applicable_rules': [ 'change_var_names',
                        'add_nested_while_out',
                        'add_nested_if',
                        'add_try_except_inside_functions',
                        'add_else_to_while',
                        'add_nested_list',
                        'add_datetime',
                        'add_time',
                        'add_crypto',
                        'add_sklearn',
                        'create_functions',
                        'add_decorator',
                        'add_http',
                        'add_scipy',
                        'add_base64',
                        'add_dateutil',
                        'changing_AugAssign'],
  'diff_output': 'reasoning_transformation_cruxeval/CRUXEval/e1f735e05ec0002c7d6ed7d62be776995bf4ddf4/Transformation/sample_367.patch',
  'evaluation_tests_dir': '/home/yang/Benchmark/dataset/cruxeval/',
  'exception': None,
  'file_id': 'sample_367',
  'genetic_algorithm': None,
  'original_code': 'def f(nums, rmvalue):\n'
                   '    res = nums[:]\n'
                   '    while rmvalue in res:\n'
                   '        popped = res.pop(res.index(rmvalue))\n'
                   '        if popped != rmvalue:\n'
                   '            res.append(popped)\n'
                   '    return res',
  'patch_path': 'reasoning_transformation_cruxeval/CRUXEval/e1f735e05ec0002c7d6ed7d62be776995bf4ddf4/Transformation/sample_367.patch',
  'single_rule': None,
  'source_file': '/home/yang/Benchmark/dataset/cruxeval/code//sample_367.py',
  'target_file': 'reasoning_transformation_cruxeval/CRUXEval/e1f735e05ec0002c7d6ed7d62be776995bf4ddf4/Transformation/sample_367.py',
  'test_results_after': ['tests_pass'],
  'test_results_before': ['tests_pass'],
  'total_time': 5.455967,
  'transformed_code': 'from dateutil.parser import parse\n'
                      'import base64\n'
                      'from scipy.stats import ttest_ind\n'
                      'from http.client import HTTPConnection\n'
                      '\n'
                      'def my_decorator(func):\n'
                      '\n'
                      '    def dec_result(*args, **kwargs):\n'
                      '        res = func(*args, **kwargs)\n'
                      '        return res\n'
                      '    return dec_result\n'
                      '\n'
                      '@my_decorator\n'
                      'def newFunc_BinOp0(a, b):\n'
                      "    base64.b64encode(b'40457540840112583754')\n"
                      "    HTTPConnection('google.com', port=80)\n"
                      '    ttest_ind([40, 38, 78], [2, 15, 35])\n'
                      '    return a % b\n'
                      'from sklearn.utils import shuffle\n'
                      'from cryptography.fernet import Fernet\n'
                      'import time\n'
                      'import datetime\n'
                      '\n'
                      'def f(nums, rmvalue):\n'
                      '    shuffle([50, 36, 55])\n'
                      '    datetime.datetime.now()\n'
                      '    time.sleep(0.11)\n'
                      "    parse('2024-10-19 22:24:09')\n"
                      '    Fernet.generate_key()\n'
                      '    try:\n'
                      '        newres_1 = nums[:]\n'
                      '        whileloopchecker13 = [226][0]\n'
                      '        whileloopchecker23 = 225\n'
                      '        while newFunc_BinOp0(whileloopchecker13, '
                      'whileloopchecker23) == 1:\n'
                      '            whileloopchecker13 = whileloopchecker13 + '
                      '1\n'
                      '            while rmvalue in newres_1:\n'
                      '                ConditionChecker19 = 52\n'
                      '                ConditionChecker29 = 630\n'
                      '                popped = '
                      'newres_1.pop(newres_1.index(rmvalue))\n'
                      '                if ConditionChecker19 & '
                      'ConditionChecker29:\n'
                      '                    if popped != rmvalue:\n'
                      '                        newres_1.append(popped)\n'
                      '        else:\n'
                      '            pass\n'
                      '        return newres_1\n'
                      '    except:\n'
                      '        pass'}
[END] processing file: sample_367. Total Time: 5.455967
END AT 2024-10-19 22:24:11.102522
