STARTING AT 2024-10-19 22:48:50.902621
[START] processing file: sample_596
*Running tests for: sample_596
 
Result: ['tests_pass']
tests_pass sample_596 /home/yang/Benchmark/dataset/cruxeval/code//sample_596.py
Apply all rules on a single file.
Checking transformation add_nested_if
*Running tests for: sample_596
 
Result: ['tests_pass']
Checking transformation add_nested_list
*Running tests for: sample_596
 
Result: ['tests_pass']
Checking transformation replace_with_numpy
*Running tests for: sample_596
 Traceback (most recent call last):
  File "/home/yang/Benchmark/.tmp_test/tmp_test.pysample_596", line 14, in <module>
    assert f(['8', '9', '7', '4', '3', '2'], '9') == ['2', '3', '4', '7', '8', '9']
AssertionError

output_actual, stderr_data: ('', b'Traceback (most recent call last):\n  File "/home/yang/Benchmark/.tmp_test/tmp_test.pysample_596", line 14, in <module>\n    assert f([\'8\', \'9\', \'7\', \'4\', \'3\', \'2\'], \'9\') == [\'2\', \'3\', \'4\', \'7\', \'8\', \'9\']\nAssertionError\n')
Result: ['error_or_timeout']
Drop replace_with_numpy due to ['error_or_timeout']
Checking transformation add_datetime
*Running tests for: sample_596
 
Result: ['tests_pass']
Checking transformation add_time
*Running tests for: sample_596
 
Result: ['tests_pass']
Checking transformation create_functions
*Running tests for: sample_596
 
Result: ['tests_pass']
Checking transformation add_decorator
*Running tests for: sample_596
 
Result: ['tests_pass']
Checking transformation add_http
*Running tests for: sample_596
 
Result: ['tests_pass']
Checking transformation add_scipy
*Running tests for: sample_596
 
Result: ['tests_pass']
Checking transformation add_base64
*Running tests for: sample_596
 
Result: ['tests_pass']
Checking transformation add_dateutil
*Running tests for: sample_596
 
Result: ['tests_pass']
The file 'reasoning_transformation_cruxeval/CRUXEval/e1f735e05ec0002c7d6ed7d62be776995bf4ddf4/Transformation/sample_596.py' has been formatted successfully.
Checking reasoning_transformation_cruxeval/CRUXEval/e1f735e05ec0002c7d6ed7d62be776995bf4ddf4/Transformation/sample_596.py
*Running tests for: sample_596
 
Result: ['tests_pass']
{ 'applicable_rules': [ 'change_var_names',
                        'add_nested_if',
                        'add_try_except_inside_functions',
                        'add_nested_list',
                        'add_datetime',
                        'add_time',
                        'add_crypto',
                        'add_sklearn',
                        'create_functions',
                        'add_decorator',
                        'add_http',
                        'add_scipy',
                        'add_base64',
                        'add_dateutil'],
  'diff_output': 'reasoning_transformation_cruxeval/CRUXEval/e1f735e05ec0002c7d6ed7d62be776995bf4ddf4/Transformation/sample_596.patch',
  'evaluation_tests_dir': '/home/yang/Benchmark/dataset/cruxeval/',
  'exception': None,
  'file_id': 'sample_596',
  'genetic_algorithm': None,
  'original_code': 'def f(txt, alpha):\n'
                   '    txt = sorted(txt)\n'
                   '    if txt.index(alpha) % 2 == 0:\n'
                   '        return txt[::-1]\n'
                   '    return txt',
  'patch_path': 'reasoning_transformation_cruxeval/CRUXEval/e1f735e05ec0002c7d6ed7d62be776995bf4ddf4/Transformation/sample_596.patch',
  'single_rule': None,
  'source_file': '/home/yang/Benchmark/dataset/cruxeval/code//sample_596.py',
  'target_file': 'reasoning_transformation_cruxeval/CRUXEval/e1f735e05ec0002c7d6ed7d62be776995bf4ddf4/Transformation/sample_596.py',
  'test_results_after': ['tests_pass'],
  'test_results_before': ['tests_pass'],
  'total_time': 6.761263,
  'transformed_code': 'from dateutil.parser import parse\n'
                      'import base64\n'
                      'from scipy.stats import ttest_ind\n'
                      'from http.client import HTTPConnection\n'
                      '\n'
                      'def my_decorator(func):\n'
                      '\n'
                      '    def dec_result(*args, **kwargs):\n'
                      '        res = func(*args, **kwargs)\n'
                      '        return res\n'
                      '    return dec_result\n'
                      '\n'
                      '@my_decorator\n'
                      'def newFunc_BinOp0(a, b):\n'
                      '    ttest_ind([32, 61, 87], [70, 74, 62])\n'
                      "    HTTPConnection('google.com', port=80)\n"
                      '    return a & b\n'
                      'from sklearn.utils import shuffle\n'
                      'from cryptography.fernet import Fernet\n'
                      'import time\n'
                      'import datetime\n'
                      '\n'
                      'def f(newtxt_1, alpha):\n'
                      '    datetime.datetime.now()\n'
                      "    base64.b64encode(b'72478097844649599308')\n"
                      '    shuffle([85, 15, 100])\n'
                      '    time.sleep(0.24)\n'
                      "    parse('2024-10-19 22:48:55')\n"
                      '    Fernet.generate_key()\n'
                      '    try:\n'
                      '        ConditionChecker13 = [166][0]\n'
                      '        ConditionChecker23 = 696\n'
                      '        newtxt_1 = sorted(newtxt_1)\n'
                      '        if newFunc_BinOp0(ConditionChecker13, '
                      'ConditionChecker23):\n'
                      '            if newtxt_1.index(alpha) % 2 == 0:\n'
                      '                return newtxt_1[::-1]\n'
                      '        return newtxt_1\n'
                      '    except:\n'
                      '        pass'}
[END] processing file: sample_596. Total Time: 6.761263
END AT 2024-10-19 22:48:57.665041
