STARTING AT 2024-10-19 22:54:13.775678
[START] processing file: sample_654
*Running tests for: sample_654
 
Result: ['tests_pass']
tests_pass sample_654 /home/yang/Benchmark/dataset/cruxeval/code//sample_654.py
Apply all rules on a single file.
Checking transformation add_datetime
*Running tests for: sample_654
 
Result: ['tests_pass']
Checking transformation add_time
*Running tests for: sample_654
 
Result: ['tests_pass']
Checking transformation add_decorator
*Running tests for: sample_654
 
Result: ['tests_pass']
Checking transformation add_http
*Running tests for: sample_654
 
Result: ['tests_pass']
Checking transformation add_scipy
*Running tests for: sample_654
 
Result: ['tests_pass']
Checking transformation add_base64
*Running tests for: sample_654
 
Result: ['tests_pass']
Checking transformation add_dateutil
*Running tests for: sample_654
 
Result: ['tests_pass']
The file 'reasoning_transformation_cruxeval/CRUXEval/e1f735e05ec0002c7d6ed7d62be776995bf4ddf4/Transformation/sample_654.py' has been formatted successfully.
Checking reasoning_transformation_cruxeval/CRUXEval/e1f735e05ec0002c7d6ed7d62be776995bf4ddf4/Transformation/sample_654.py
*Running tests for: sample_654
 
Result: ['tests_pass']
{ 'applicable_rules': [ 'change_var_names',
                        'add_try_except_inside_functions',
                        'add_datetime',
                        'add_time',
                        'add_crypto',
                        'add_sklearn',
                        'add_decorator',
                        'add_http',
                        'add_scipy',
                        'add_base64',
                        'add_dateutil'],
  'diff_output': 'reasoning_transformation_cruxeval/CRUXEval/e1f735e05ec0002c7d6ed7d62be776995bf4ddf4/Transformation/sample_654.patch',
  'evaluation_tests_dir': '/home/yang/Benchmark/dataset/cruxeval/',
  'exception': None,
  'file_id': 'sample_654',
  'genetic_algorithm': None,
  'original_code': 'def f(s, from_c, to_c):\n'
                   '    table = s.maketrans(from_c, to_c)\n'
                   '    return s.translate(table)',
  'patch_path': 'reasoning_transformation_cruxeval/CRUXEval/e1f735e05ec0002c7d6ed7d62be776995bf4ddf4/Transformation/sample_654.patch',
  'single_rule': None,
  'source_file': '/home/yang/Benchmark/dataset/cruxeval/code//sample_654.py',
  'target_file': 'reasoning_transformation_cruxeval/CRUXEval/e1f735e05ec0002c7d6ed7d62be776995bf4ddf4/Transformation/sample_654.py',
  'test_results_after': ['tests_pass'],
  'test_results_before': ['tests_pass'],
  'total_time': 5.840704,
  'transformed_code': 'from dateutil.parser import parse\n'
                      'import base64\n'
                      'from scipy.stats import ttest_ind\n'
                      'from http.client import HTTPConnection\n'
                      '\n'
                      'def my_decorator(func):\n'
                      '    ttest_ind([9, 62, 56], [30, 26, 86])\n'
                      "    HTTPConnection('google.com', port=80)\n"
                      "    parse('2024-10-19 22:54:17')\n"
                      '\n'
                      '    def dec_result(*args, **kwargs):\n'
                      '        res = func(*args, **kwargs)\n'
                      '        return res\n'
                      '    return dec_result\n'
                      'from sklearn.utils import shuffle\n'
                      'from cryptography.fernet import Fernet\n'
                      'import time\n'
                      'import datetime\n'
                      '\n'
                      '@my_decorator\n'
                      'def f(s, from_c, to_c):\n'
                      "    base64.b64encode(b'56916025003307718706')\n"
                      '    datetime.datetime.now()\n'
                      '    shuffle([90, 77, 54])\n'
                      '    Fernet.generate_key()\n'
                      '    time.sleep(0.28)\n'
                      '    try:\n'
                      '        newtable_1 = s.maketrans(from_c, to_c)\n'
                      '        return s.translate(newtable_1)\n'
                      '    except:\n'
                      '        pass'}
[END] processing file: sample_654. Total Time: 5.840704
END AT 2024-10-19 22:54:19.617821
