STARTING AT 2024-10-19 22:15:47.007442
[START] processing file: sample_296
*Running tests for: sample_296
 
Result: ['tests_pass']
tests_pass sample_296 /home/yang/Benchmark/dataset/cruxeval/code//sample_296.py
Apply all rules on a single file.
Checking transformation add_datetime
*Running tests for: sample_296
 
Result: ['tests_pass']
Checking transformation add_time
*Running tests for: sample_296
 
Result: ['tests_pass']
Checking transformation add_decorator
*Running tests for: sample_296
 
Result: ['tests_pass']
Checking transformation add_http
*Running tests for: sample_296
 
Result: ['tests_pass']
Checking transformation add_scipy
*Running tests for: sample_296
 
Result: ['tests_pass']
Checking transformation add_base64
*Running tests for: sample_296
 
Result: ['tests_pass']
Checking transformation add_dateutil
*Running tests for: sample_296
 
Result: ['tests_pass']
The file 'reasoning_transformation_cruxeval/CRUXEval/e1f735e05ec0002c7d6ed7d62be776995bf4ddf4/Transformation/sample_296.py' has been formatted successfully.
Checking reasoning_transformation_cruxeval/CRUXEval/e1f735e05ec0002c7d6ed7d62be776995bf4ddf4/Transformation/sample_296.py
*Running tests for: sample_296
 
Result: ['tests_pass']
{ 'applicable_rules': [ 'add_try_except_inside_functions',
                        'add_datetime',
                        'add_time',
                        'add_crypto',
                        'add_sklearn',
                        'add_decorator',
                        'add_http',
                        'add_scipy',
                        'add_base64',
                        'add_dateutil'],
  'diff_output': 'reasoning_transformation_cruxeval/CRUXEval/e1f735e05ec0002c7d6ed7d62be776995bf4ddf4/Transformation/sample_296.patch',
  'evaluation_tests_dir': '/home/yang/Benchmark/dataset/cruxeval/',
  'exception': None,
  'file_id': 'sample_296',
  'genetic_algorithm': None,
  'original_code': "def f(url):\n    return url.removeprefix('http://www.')",
  'patch_path': 'reasoning_transformation_cruxeval/CRUXEval/e1f735e05ec0002c7d6ed7d62be776995bf4ddf4/Transformation/sample_296.patch',
  'single_rule': None,
  'source_file': '/home/yang/Benchmark/dataset/cruxeval/code//sample_296.py',
  'target_file': 'reasoning_transformation_cruxeval/CRUXEval/e1f735e05ec0002c7d6ed7d62be776995bf4ddf4/Transformation/sample_296.py',
  'test_results_after': ['tests_pass'],
  'test_results_before': ['tests_pass'],
  'total_time': 4.093223,
  'transformed_code': 'from dateutil.parser import parse\n'
                      'import base64\n'
                      'from scipy.stats import ttest_ind\n'
                      'from http.client import HTTPConnection\n'
                      '\n'
                      'def my_decorator(func):\n'
                      "    base64.b64encode(b'08857171462910908896')\n"
                      "    parse('2024-10-19 22:15:49')\n"
                      '\n'
                      '    def dec_result(*args, **kwargs):\n'
                      '        res = func(*args, **kwargs)\n'
                      '        return res\n'
                      '    return dec_result\n'
                      'from sklearn.utils import shuffle\n'
                      'from cryptography.fernet import Fernet\n'
                      'import time\n'
                      'import datetime\n'
                      '\n'
                      '@my_decorator\n'
                      'def f(url):\n'
                      '    Fernet.generate_key()\n'
                      '    datetime.datetime.now()\n'
                      '    shuffle([7, 69, 69])\n'
                      '    time.sleep(0.03)\n'
                      '    ttest_ind([1, 20, 28], [72, 5, 59])\n'
                      "    HTTPConnection('google.com', port=80)\n"
                      '    try:\n'
                      "        return url.removeprefix('http://www.')\n"
                      '    except:\n'
                      '        pass'}
[END] processing file: sample_296. Total Time: 4.093223
END AT 2024-10-19 22:15:51.101866
