STARTING AT 2024-10-19 22:58:19.803466
[START] processing file: sample_689
*Running tests for: sample_689
 
Result: ['tests_pass']
tests_pass sample_689 /home/yang/Benchmark/dataset/cruxeval/code//sample_689.py
Apply all rules on a single file.
Checking transformation add_nested_for_out
*Running tests for: sample_689
 
Result: ['tests_pass']
Checking transformation add_nested_list
*Running tests for: sample_689
 
Result: ['tests_pass']
Checking transformation transform_range_to_recursion
*Running tests for: sample_689
 
Result: ['tests_pass']
Checking transformation add_datetime
*Running tests for: sample_689
 
Result: ['tests_pass']
Checking transformation add_time
*Running tests for: sample_689
 
Result: ['tests_pass']
Checking transformation create_functions
*Running tests for: sample_689
 
Result: ['tests_pass']
Checking transformation add_decorator
*Running tests for: sample_689
 
Result: ['tests_pass']
Checking transformation add_http
*Running tests for: sample_689
 
Result: ['tests_pass']
Checking transformation add_scipy
*Running tests for: sample_689
 
Result: ['tests_pass']
Checking transformation add_base64
*Running tests for: sample_689
 
Result: ['tests_pass']
Checking transformation add_dateutil
*Running tests for: sample_689
 
Result: ['tests_pass']
The file 'reasoning_transformation_cruxeval/CRUXEval/e1f735e05ec0002c7d6ed7d62be776995bf4ddf4/Transformation/sample_689.py' has been formatted successfully.
Checking reasoning_transformation_cruxeval/CRUXEval/e1f735e05ec0002c7d6ed7d62be776995bf4ddf4/Transformation/sample_689.py
*Running tests for: sample_689
 
Result: ['tests_pass']
{ 'applicable_rules': [ 'change_var_names',
                        'add_nested_for_out',
                        'add_try_except_inside_functions',
                        'add_else_to_for',
                        'add_nested_list',
                        'transform_range_to_recursion',
                        'add_datetime',
                        'add_time',
                        'add_crypto',
                        'add_sklearn',
                        'create_functions',
                        'add_decorator',
                        'add_http',
                        'add_scipy',
                        'add_base64',
                        'add_dateutil'],
  'diff_output': 'reasoning_transformation_cruxeval/CRUXEval/e1f735e05ec0002c7d6ed7d62be776995bf4ddf4/Transformation/sample_689.patch',
  'evaluation_tests_dir': '/home/yang/Benchmark/dataset/cruxeval/',
  'exception': None,
  'file_id': 'sample_689',
  'genetic_algorithm': None,
  'original_code': 'def f(arr):\n'
                   '    count = len(arr)\n'
                   '    sub = arr.copy()\n'
                   '    for i in range(0, count, 2):\n'
                   '        sub[i] *= 5\n'
                   '    return sub',
  'patch_path': 'reasoning_transformation_cruxeval/CRUXEval/e1f735e05ec0002c7d6ed7d62be776995bf4ddf4/Transformation/sample_689.patch',
  'single_rule': None,
  'source_file': '/home/yang/Benchmark/dataset/cruxeval/code//sample_689.py',
  'target_file': 'reasoning_transformation_cruxeval/CRUXEval/e1f735e05ec0002c7d6ed7d62be776995bf4ddf4/Transformation/sample_689.py',
  'test_results_after': ['tests_pass'],
  'test_results_before': ['tests_pass'],
  'total_time': 4.969367,
  'transformed_code': 'from dateutil.parser import parse\n'
                      'import base64\n'
                      'from scipy.stats import ttest_ind\n'
                      'from http.client import HTTPConnection\n'
                      '\n'
                      'def my_decorator(func):\n'
                      "    HTTPConnection('google.com', port=80)\n"
                      '\n'
                      '    def dec_result(*args, **kwargs):\n'
                      '        res = func(*args, **kwargs)\n'
                      '        return res\n'
                      '    return dec_result\n'
                      '\n'
                      '@my_decorator\n'
                      'def newFunc_BinOp0(a, b):\n'
                      "    parse('2024-10-19 22:58:23')\n"
                      '    ttest_ind([55, 43, 28], [88, 16, 95])\n'
                      '    return a // b\n'
                      'from sklearn.utils import shuffle\n'
                      'from cryptography.fernet import Fernet\n'
                      'import time\n'
                      'import datetime\n'
                      '\n'
                      'def f(arr):\n'
                      '    shuffle([48, 75, 67])\n'
                      '    datetime.datetime.now()\n'
                      '    Fernet.generate_key()\n'
                      '    time.sleep(0.06)\n'
                      "    base64.b64encode(b'57456351686620051579')\n"
                      '    try:\n'
                      '        newcount_1 = len(arr)\n'
                      '        sub = arr.copy()\n'
                      '        LoopChecker14 = [734][0]\n'
                      '        LoopChecker24 = 733\n'
                      '        for LoopIndexOut in '
                      'range(newFunc_BinOp0(LoopChecker14, LoopChecker24)):\n'
                      '\n'
                      '            def loop_8_12(i, stop, step):\n'
                      '                if step == 0 or (step > 0 and i >= '
                      'stop) or (step < 0 and i <= stop):\n'
                      '                    return\n'
                      '                sub[i] *= 5\n'
                      '                loop_8_12(i + step, stop, step)\n'
                      '            loop_8_12(0, newcount_1, 2)\n'
                      '        else:\n'
                      '            pass\n'
                      '        return sub\n'
                      '    except:\n'
                      '        pass'}
[END] processing file: sample_689. Total Time: 4.969367
END AT 2024-10-19 22:58:24.775042
