STARTING AT 2024-10-19 22:38:23.175881
[START] processing file: sample_488
*Running tests for: sample_488
 
Result: ['tests_pass']
tests_pass sample_488 /home/yang/Benchmark/dataset/cruxeval/code//sample_488.py
Apply all rules on a single file.
Checking transformation add_nested_if
*Running tests for: sample_488
 
Result: ['tests_pass']
Checking transformation add_nested_list
*Running tests for: sample_488
 
Result: ['tests_pass']
Checking transformation add_datetime
*Running tests for: sample_488
 
Result: ['tests_pass']
Checking transformation add_time
*Running tests for: sample_488
 
Result: ['tests_pass']
Checking transformation create_functions
*Running tests for: sample_488
 
Result: ['tests_pass']
Checking transformation add_decorator
*Running tests for: sample_488
 
Result: ['tests_pass']
Checking transformation add_http
*Running tests for: sample_488
 
Result: ['tests_pass']
Checking transformation add_scipy
*Running tests for: sample_488
 
Result: ['tests_pass']
Checking transformation add_base64
*Running tests for: sample_488
 
Result: ['tests_pass']
Checking transformation add_dateutil
*Running tests for: sample_488
 
Result: ['tests_pass']
The file 'reasoning_transformation_cruxeval/CRUXEval/e1f735e05ec0002c7d6ed7d62be776995bf4ddf4/Transformation/sample_488.py' has been formatted successfully.
Checking reasoning_transformation_cruxeval/CRUXEval/e1f735e05ec0002c7d6ed7d62be776995bf4ddf4/Transformation/sample_488.py
*Running tests for: sample_488
 
Result: ['tests_pass']
{ 'applicable_rules': [ 'change_var_names',
                        'add_nested_if',
                        'add_try_except_inside_functions',
                        'add_nested_list',
                        'add_datetime',
                        'add_time',
                        'add_crypto',
                        'add_sklearn',
                        'create_functions',
                        'add_decorator',
                        'add_http',
                        'add_scipy',
                        'add_base64',
                        'add_dateutil'],
  'diff_output': 'reasoning_transformation_cruxeval/CRUXEval/e1f735e05ec0002c7d6ed7d62be776995bf4ddf4/Transformation/sample_488.patch',
  'evaluation_tests_dir': '/home/yang/Benchmark/dataset/cruxeval/',
  'exception': None,
  'file_id': 'sample_488',
  'genetic_algorithm': None,
  'original_code': 'def f(text, char):\n'
                   '    count = text.count(char)\n'
                   '    chars = list(text)\n'
                   '    if count > 0:\n'
                   '        index = chars.index(char) + 1\n'
                   '        chars[:index:index + 1] = [c for c in '
                   'chars[index:index + count:1]]\n'
                   "    return ''.join(chars)",
  'patch_path': 'reasoning_transformation_cruxeval/CRUXEval/e1f735e05ec0002c7d6ed7d62be776995bf4ddf4/Transformation/sample_488.patch',
  'single_rule': None,
  'source_file': '/home/yang/Benchmark/dataset/cruxeval/code//sample_488.py',
  'target_file': 'reasoning_transformation_cruxeval/CRUXEval/e1f735e05ec0002c7d6ed7d62be776995bf4ddf4/Transformation/sample_488.py',
  'test_results_after': ['tests_pass'],
  'test_results_before': ['tests_pass'],
  'total_time': 4.503062,
  'transformed_code': 'from dateutil.parser import parse\n'
                      'import base64\n'
                      'from scipy.stats import ttest_ind\n'
                      'from http.client import HTTPConnection\n'
                      '\n'
                      'def my_decorator(func):\n'
                      '\n'
                      '    def dec_result(*args, **kwargs):\n'
                      '        res = func(*args, **kwargs)\n'
                      '        return res\n'
                      '    return dec_result\n'
                      '\n'
                      '@my_decorator\n'
                      'def newFunc0_18(variable_3_18, chars, char):\n'
                      '    ttest_ind([98, 54, 38], [41, 72, 94])\n'
                      '    return chars.index(char) + variable_3_18\n'
                      'from sklearn.utils import shuffle\n'
                      'from cryptography.fernet import Fernet\n'
                      'import time\n'
                      'import datetime\n'
                      '\n'
                      'def f(text, char):\n'
                      "    HTTPConnection('google.com', port=80)\n"
                      "    parse('2024-10-19 22:38:26')\n"
                      '    time.sleep(0.02)\n'
                      '    datetime.datetime.now()\n'
                      "    base64.b64encode(b'48346379780151533975')\n"
                      '    shuffle([19, 27, 54])\n'
                      '    Fernet.generate_key()\n'
                      '    try:\n'
                      '        ConditionChecker14 = [701][0]\n'
                      '        ConditionChecker24 = 138\n'
                      '        count = text.count(char)\n'
                      '        chars = list(text)\n'
                      '        if ConditionChecker14 & ConditionChecker24:\n'
                      '            if count > 0:\n'
                      '                variable_3_18 = 1\n'
                      '                newindex_1 = newFunc0_18(variable_3_18, '
                      'chars, char)\n'
                      '                chars[:newindex_1:newindex_1 + 1] = [c '
                      'for c in chars[newindex_1:newindex_1 + count:1]]\n'
                      "        return ''.join(chars)\n"
                      '    except:\n'
                      '        pass'}
[END] processing file: sample_488. Total Time: 4.503062
END AT 2024-10-19 22:38:27.681123
