STARTING AT 2024-10-19 22:44:25.037009
[START] processing file: sample_549
*Running tests for: sample_549
 
Result: ['tests_pass']
tests_pass sample_549 /home/yang/Benchmark/dataset/cruxeval/code//sample_549.py
Apply all rules on a single file.
Checking transformation add_nested_for_out
*Running tests for: sample_549
 
Result: ['tests_pass']
Checking transformation add_nested_list
*Running tests for: sample_549
 
Result: ['tests_pass']
Checking transformation transform_range_to_recursion
*Running tests for: sample_549
 
Result: ['tests_pass']
Checking transformation replace_with_numpy
*Running tests for: sample_549
 
Result: ['tests_pass']
Checking transformation add_datetime
*Running tests for: sample_549
 
Result: ['tests_pass']
Checking transformation add_time
*Running tests for: sample_549
 
Result: ['tests_pass']
Checking transformation create_functions
*Running tests for: sample_549
 
Result: ['tests_pass']
Checking transformation add_decorator
*Running tests for: sample_549
 
Result: ['tests_pass']
Checking transformation add_http
*Running tests for: sample_549
 
Result: ['tests_pass']
Checking transformation add_scipy
*Running tests for: sample_549
 
Result: ['tests_pass']
Checking transformation add_base64
*Running tests for: sample_549
 
Result: ['tests_pass']
Checking transformation add_dateutil
*Running tests for: sample_549
 
Result: ['tests_pass']
The file 'reasoning_transformation_cruxeval/CRUXEval/e1f735e05ec0002c7d6ed7d62be776995bf4ddf4/Transformation/sample_549.py' has been formatted successfully.
Checking reasoning_transformation_cruxeval/CRUXEval/e1f735e05ec0002c7d6ed7d62be776995bf4ddf4/Transformation/sample_549.py
*Running tests for: sample_549
 
Result: ['tests_pass']
{ 'applicable_rules': [ 'change_var_names',
                        'add_nested_for_out',
                        'add_try_except_inside_functions',
                        'add_else_to_for',
                        'add_nested_list',
                        'transform_range_to_recursion',
                        'replace_with_numpy',
                        'add_datetime',
                        'add_time',
                        'add_crypto',
                        'add_sklearn',
                        'create_functions',
                        'add_decorator',
                        'add_http',
                        'add_scipy',
                        'add_base64',
                        'add_dateutil'],
  'diff_output': 'reasoning_transformation_cruxeval/CRUXEval/e1f735e05ec0002c7d6ed7d62be776995bf4ddf4/Transformation/sample_549.patch',
  'evaluation_tests_dir': '/home/yang/Benchmark/dataset/cruxeval/',
  'exception': None,
  'file_id': 'sample_549',
  'genetic_algorithm': None,
  'original_code': 'def f(matrix):\n'
                   '    matrix.reverse()\n'
                   '    result = []\n'
                   '    for primary in matrix:\n'
                   '        max(primary)\n'
                   '        primary.sort(reverse=True)\n'
                   '        result.append(primary)\n'
                   '    return result',
  'patch_path': 'reasoning_transformation_cruxeval/CRUXEval/e1f735e05ec0002c7d6ed7d62be776995bf4ddf4/Transformation/sample_549.patch',
  'single_rule': None,
  'source_file': '/home/yang/Benchmark/dataset/cruxeval/code//sample_549.py',
  'target_file': 'reasoning_transformation_cruxeval/CRUXEval/e1f735e05ec0002c7d6ed7d62be776995bf4ddf4/Transformation/sample_549.py',
  'test_results_after': ['tests_pass'],
  'test_results_before': ['tests_pass'],
  'total_time': 5.398838,
  'transformed_code': 'from dateutil.parser import parse\n'
                      'import base64\n'
                      'from scipy.stats import ttest_ind\n'
                      'from http.client import HTTPConnection\n'
                      '\n'
                      'def my_decorator(func):\n'
                      "    parse('2024-10-19 22:44:29')\n"
                      "    HTTPConnection('google.com', port=80)\n"
                      '\n'
                      '    def dec_result(*args, **kwargs):\n'
                      '        res = func(*args, **kwargs)\n'
                      '        return res\n'
                      '    return dec_result\n'
                      '\n'
                      '@my_decorator\n'
                      'def newFunc_BinOp0(a, b):\n'
                      "    base64.b64encode(b'66560230734921767133')\n"
                      '    return a + b\n'
                      'from sklearn.utils import shuffle\n'
                      'from cryptography.fernet import Fernet\n'
                      'import time\n'
                      'import datetime\n'
                      'import numpy as np\n'
                      '\n'
                      'def f(matrix):\n'
                      '    Fernet.generate_key()\n'
                      '    datetime.datetime.now()\n'
                      '    ttest_ind([86, 78, 68], [70, 11, 27])\n'
                      '    shuffle([97, 62, 40])\n'
                      '    time.sleep(0.08)\n'
                      '    try:\n'
                      '        matrix.reverse()\n'
                      '        newresult_1 = [[]][0]\n'
                      '        LoopChecker14 = 754\n'
                      '        LoopChecker24 = 753\n'
                      '\n'
                      '        def loop_7_8(LoopIndexOut, stop, step):\n'
                      '            if step == 0 or (step > 0 and LoopIndexOut '
                      '>= stop) or (step < 0 and LoopIndexOut <= stop):\n'
                      '                return\n'
                      '            for primary in matrix:\n'
                      '                np.max(np.array([primary]))\n'
                      '                primary.sort(reverse=True)\n'
                      '                newresult_1.append(primary)\n'
                      '            loop_7_8(newFunc_BinOp0(LoopIndexOut, '
                      'step), stop, step)\n'
                      '        loop_7_8(0, LoopChecker14 // LoopChecker24, 1)\n'
                      '        return newresult_1\n'
                      '    except:\n'
                      '        pass'}
[END] processing file: sample_549. Total Time: 5.398838
END AT 2024-10-19 22:44:30.438001
