STARTING AT 2024-10-19 22:27:15.775795
[START] processing file: sample_394
*Running tests for: sample_394
 
Result: ['tests_pass']
tests_pass sample_394 /home/yang/Benchmark/dataset/cruxeval/code//sample_394.py
Apply all rules on a single file.
Checking transformation add_nested_for_out
*Running tests for: sample_394
 
Result: ['tests_pass']
Checking transformation add_nested_if
*Running tests for: sample_394
 Traceback (most recent call last):
  File "/home/yang/Benchmark/.tmp_test/tmp_test.pysample_394", line 15, in <module>
    assert f("2 m2 \n\nbike") == 1
AssertionError

output_actual, stderr_data: ('', b'Traceback (most recent call last):\n  File "/home/yang/Benchmark/.tmp_test/tmp_test.pysample_394", line 15, in <module>\n    assert f("2 m2 \\n\\nbike") == 1\nAssertionError\n')
Result: ['error_or_timeout']
Drop add_nested_if due to ['error_or_timeout']
Checking transformation add_nested_list
*Running tests for: sample_394
 
Result: ['tests_pass']
Checking transformation transform_range_to_recursion
*Running tests for: sample_394
 Traceback (most recent call last):
  File "/home/yang/Benchmark/.tmp_test/tmp_test.pysample_394", line 21, in <module>
    assert f("2 m2 \n\nbike") == 1
AssertionError

output_actual, stderr_data: ('', b'Traceback (most recent call last):\n  File "/home/yang/Benchmark/.tmp_test/tmp_test.pysample_394", line 21, in <module>\n    assert f("2 m2 \\n\\nbike") == 1\nAssertionError\n')
Result: ['error_or_timeout']
Drop transform_range_to_recursion due to ['error_or_timeout']
Checking transformation add_datetime
*Running tests for: sample_394
 
Result: ['tests_pass']
Checking transformation add_time
*Running tests for: sample_394
 
Result: ['tests_pass']
Checking transformation create_functions
*Running tests for: sample_394
 
Result: ['tests_pass']
Checking transformation add_decorator
*Running tests for: sample_394
 
Result: ['tests_pass']
Checking transformation add_http
*Running tests for: sample_394
 
Result: ['tests_pass']
Checking transformation add_scipy
*Running tests for: sample_394
 
Result: ['tests_pass']
Checking transformation add_base64
*Running tests for: sample_394
 
Result: ['tests_pass']
Checking transformation add_dateutil
*Running tests for: sample_394
 
Result: ['tests_pass']
The file 'reasoning_transformation_cruxeval/CRUXEval/e1f735e05ec0002c7d6ed7d62be776995bf4ddf4/Transformation/sample_394.py' has been formatted successfully.
Checking reasoning_transformation_cruxeval/CRUXEval/e1f735e05ec0002c7d6ed7d62be776995bf4ddf4/Transformation/sample_394.py
*Running tests for: sample_394
 
Result: ['tests_pass']
{ 'applicable_rules': [ 'change_var_names',
                        'add_nested_for_out',
                        'add_try_except_inside_functions',
                        'add_else_to_for',
                        'add_nested_list',
                        'add_datetime',
                        'add_time',
                        'add_crypto',
                        'add_sklearn',
                        'create_functions',
                        'add_decorator',
                        'add_http',
                        'add_scipy',
                        'add_base64',
                        'add_dateutil',
                        'changing_AugAssign'],
  'diff_output': 'reasoning_transformation_cruxeval/CRUXEval/e1f735e05ec0002c7d6ed7d62be776995bf4ddf4/Transformation/sample_394.patch',
  'evaluation_tests_dir': '/home/yang/Benchmark/dataset/cruxeval/',
  'exception': None,
  'file_id': 'sample_394',
  'genetic_algorithm': None,
  'original_code': 'def f(text):\n'
                   '    k = text.splitlines()\n'
                   '    i = 0\n'
                   '    for j in k:\n'
                   '        if len(j) == 0:\n'
                   '            return i\n'
                   '        i += 1\n'
                   '    return -1',
  'patch_path': 'reasoning_transformation_cruxeval/CRUXEval/e1f735e05ec0002c7d6ed7d62be776995bf4ddf4/Transformation/sample_394.patch',
  'single_rule': None,
  'source_file': '/home/yang/Benchmark/dataset/cruxeval/code//sample_394.py',
  'target_file': 'reasoning_transformation_cruxeval/CRUXEval/e1f735e05ec0002c7d6ed7d62be776995bf4ddf4/Transformation/sample_394.py',
  'test_results_after': ['tests_pass'],
  'test_results_before': ['tests_pass'],
  'total_time': 6.191103,
  'transformed_code': 'from dateutil.parser import parse\n'
                      'import base64\n'
                      'from scipy.stats import ttest_ind\n'
                      'from http.client import HTTPConnection\n'
                      '\n'
                      'def my_decorator(func):\n'
                      '\n'
                      '    def dec_result(*args, **kwargs):\n'
                      '        res = func(*args, **kwargs)\n'
                      '        return res\n'
                      '    return dec_result\n'
                      '\n'
                      '@my_decorator\n'
                      'def newFunc_BinOp0(a, b):\n'
                      "    parse('2024-10-19 22:27:20')\n"
                      "    HTTPConnection('google.com', port=80)\n"
                      "    base64.b64encode(b'14482232548222552682')\n"
                      '    return a // b\n'
                      'from sklearn.utils import shuffle\n'
                      'from cryptography.fernet import Fernet\n'
                      'import time\n'
                      'import datetime\n'
                      '\n'
                      'def f(text):\n'
                      '    Fernet.generate_key()\n'
                      '    datetime.datetime.now()\n'
                      '    shuffle([34, 54, 77])\n'
                      '    ttest_ind([8, 58, 54], [54, 52, 99])\n'
                      '    time.sleep(0.18)\n'
                      '    try:\n'
                      '        k = text.splitlines()\n'
                      '        i = [0][0]\n'
                      '        LoopChecker14 = 240\n'
                      '        LoopChecker24 = 239\n'
                      '        for LoopIndexOut in '
                      'range(newFunc_BinOp0(LoopChecker14, LoopChecker24)):\n'
                      '            for newj_1 in k:\n'
                      '                if len(newj_1) == 0:\n'
                      '                    return i\n'
                      '                i = i + 1\n'
                      '        else:\n'
                      '            pass\n'
                      '        return -1\n'
                      '    except:\n'
                      '        pass'}
[END] processing file: sample_394. Total Time: 6.191103
END AT 2024-10-19 22:27:21.968574
