STARTING AT 2024-10-19 23:41:50.488513
[START] processing file: sample_82
*Running tests for: sample_82
 
Result: ['tests_pass']
tests_pass sample_82 /home/yang/Benchmark/dataset/cruxeval/code//sample_82.py
Apply all rules on a single file.
Checking transformation add_datetime
*Running tests for: sample_82
 
Result: ['tests_pass']
Checking transformation add_time
*Running tests for: sample_82
 
Result: ['tests_pass']
Checking transformation add_decorator
*Running tests for: sample_82
 
Result: ['tests_pass']
Checking transformation add_http
*Running tests for: sample_82
 
Result: ['tests_pass']
Checking transformation add_scipy
*Running tests for: sample_82
 
Result: ['tests_pass']
Checking transformation add_base64
*Running tests for: sample_82
 
Result: ['tests_pass']
Checking transformation add_dateutil
*Running tests for: sample_82
 
Result: ['tests_pass']
The file 'reasoning_transformation_cruxeval/CRUXEval/951a917df7397c9cb698ead54386db6d1db4ffb0/Transformation/sample_82.py' has been formatted successfully.
Checking reasoning_transformation_cruxeval/CRUXEval/951a917df7397c9cb698ead54386db6d1db4ffb0/Transformation/sample_82.py
*Running tests for: sample_82
 
Result: ['tests_pass']
{ 'applicable_rules': [ 'add_try_except_inside_functions',
                        'add_datetime',
                        'add_time',
                        'add_crypto',
                        'add_sklearn',
                        'add_decorator',
                        'add_http',
                        'add_scipy',
                        'add_base64',
                        'add_dateutil'],
  'diff_output': 'reasoning_transformation_cruxeval/CRUXEval/951a917df7397c9cb698ead54386db6d1db4ffb0/Transformation/sample_82.patch',
  'evaluation_tests_dir': '/home/yang/Benchmark/dataset/cruxeval/',
  'exception': None,
  'file_id': 'sample_82',
  'genetic_algorithm': None,
  'original_code': 'def f(a, b, c, d):\n    return a and b or (c and d)',
  'patch_path': 'reasoning_transformation_cruxeval/CRUXEval/951a917df7397c9cb698ead54386db6d1db4ffb0/Transformation/sample_82.patch',
  'single_rule': None,
  'source_file': '/home/yang/Benchmark/dataset/cruxeval/code//sample_82.py',
  'target_file': 'reasoning_transformation_cruxeval/CRUXEval/951a917df7397c9cb698ead54386db6d1db4ffb0/Transformation/sample_82.py',
  'test_results_after': ['tests_pass'],
  'test_results_before': ['tests_pass'],
  'total_time': 5.713881,
  'transformed_code': 'from dateutil.parser import parse\n'
                      'import base64\n'
                      'from scipy.stats import ttest_ind\n'
                      'from http.client import HTTPConnection\n'
                      '\n'
                      'def my_decorator(func):\n'
                      '\n'
                      '    def dec_result(*args, **kwargs):\n'
                      '        res = func(*args, **kwargs)\n'
                      '        return res\n'
                      '    return dec_result\n'
                      'from sklearn.utils import shuffle\n'
                      'from cryptography.fernet import Fernet\n'
                      'import time\n'
                      'import datetime\n'
                      '\n'
                      '@my_decorator\n'
                      'def f(a, b, c, d):\n'
                      "    parse('2024-10-19 23:41:54')\n"
                      "    base64.b64encode(b'25169676156063874559')\n"
                      "    HTTPConnection('google.com', port=80)\n"
                      '    shuffle([39, 99, 7])\n'
                      '    datetime.datetime.now()\n'
                      '    Fernet.generate_key()\n'
                      '    time.sleep(0.26)\n'
                      '    ttest_ind([24, 83, 15], [94, 18, 99])\n'
                      '    try:\n'
                      '        return a and b or (c and d)\n'
                      '    except:\n'
                      '        pass'}
[END] processing file: sample_82. Total Time: 5.713881
END AT 2024-10-19 23:41:56.204238
