STARTING AT 2024-10-19 22:19:51.504553
[START] processing file: sample_330
*Running tests for: sample_330
 
Result: ['tests_pass']
tests_pass sample_330 /home/yang/Benchmark/dataset/cruxeval/code//sample_330.py
Apply all rules on a single file.
Checking transformation add_nested_for_out
*Running tests for: sample_330
 
Result: ['tests_pass']
Checking transformation add_nested_if
*Running tests for: sample_330
 
Result: ['tests_pass']
Checking transformation add_nested_list
*Running tests for: sample_330
 
Result: ['tests_pass']
Checking transformation transform_range_to_recursion
*Running tests for: sample_330
 
Result: ['tests_pass']
Checking transformation add_datetime
*Running tests for: sample_330
 
Result: ['tests_pass']
Checking transformation add_time
*Running tests for: sample_330
 
Result: ['tests_pass']
Checking transformation create_functions
*Running tests for: sample_330
 
Result: ['tests_pass']
Checking transformation add_decorator
*Running tests for: sample_330
 
Result: ['tests_pass']
Checking transformation add_http
*Running tests for: sample_330
 
Result: ['tests_pass']
Checking transformation add_scipy
*Running tests for: sample_330
 
Result: ['tests_pass']
Checking transformation add_base64
*Running tests for: sample_330
 
Result: ['tests_pass']
Checking transformation add_dateutil
*Running tests for: sample_330
 
Result: ['tests_pass']
The file 'reasoning_transformation_cruxeval/CRUXEval/e1f735e05ec0002c7d6ed7d62be776995bf4ddf4/Transformation/sample_330.py' has been formatted successfully.
Checking reasoning_transformation_cruxeval/CRUXEval/e1f735e05ec0002c7d6ed7d62be776995bf4ddf4/Transformation/sample_330.py
*Running tests for: sample_330
 
Result: ['tests_pass']
{ 'applicable_rules': [ 'change_var_names',
                        'add_nested_for_out',
                        'add_nested_if',
                        'add_try_except_inside_functions',
                        'add_else_to_for',
                        'add_nested_list',
                        'transform_range_to_recursion',
                        'add_datetime',
                        'add_time',
                        'add_crypto',
                        'add_sklearn',
                        'create_functions',
                        'add_decorator',
                        'add_http',
                        'add_scipy',
                        'add_base64',
                        'add_dateutil'],
  'diff_output': 'reasoning_transformation_cruxeval/CRUXEval/e1f735e05ec0002c7d6ed7d62be776995bf4ddf4/Transformation/sample_330.patch',
  'evaluation_tests_dir': '/home/yang/Benchmark/dataset/cruxeval/',
  'exception': None,
  'file_id': 'sample_330',
  'genetic_algorithm': None,
  'original_code': 'def f(text):\n'
                   '    ans = []\n'
                   '    for char in text:\n'
                   '        if char.isdigit():\n'
                   '            ans.append(char)\n'
                   '        else:\n'
                   "            ans.append(' ')\n"
                   "    return ''.join(ans)",
  'patch_path': 'reasoning_transformation_cruxeval/CRUXEval/e1f735e05ec0002c7d6ed7d62be776995bf4ddf4/Transformation/sample_330.patch',
  'single_rule': None,
  'source_file': '/home/yang/Benchmark/dataset/cruxeval/code//sample_330.py',
  'target_file': 'reasoning_transformation_cruxeval/CRUXEval/e1f735e05ec0002c7d6ed7d62be776995bf4ddf4/Transformation/sample_330.py',
  'test_results_after': ['tests_pass'],
  'test_results_before': ['tests_pass'],
  'total_time': 6.299788,
  'transformed_code': 'from dateutil.parser import parse\n'
                      'import base64\n'
                      'from scipy.stats import ttest_ind\n'
                      'from http.client import HTTPConnection\n'
                      '\n'
                      'def my_decorator(func):\n'
                      '\n'
                      '    def dec_result(*args, **kwargs):\n'
                      '        res = func(*args, **kwargs)\n'
                      '        return res\n'
                      "    base64.b64encode(b'94579874764933725333')\n"
                      '    return dec_result\n'
                      '\n'
                      '@my_decorator\n'
                      'def newFunc_BinOp0(a, b):\n'
                      '    ttest_ind([35, 11, 95], [8, 74, 27])\n'
                      "    parse('2024-10-19 22:19:56')\n"
                      '    return a & b\n'
                      'from sklearn.utils import shuffle\n'
                      'from cryptography.fernet import Fernet\n'
                      'import time\n'
                      'import datetime\n'
                      '\n'
                      'def f(text):\n'
                      '    shuffle([29, 73, 53])\n'
                      '    Fernet.generate_key()\n'
                      '    time.sleep(0.23)\n'
                      '    datetime.datetime.now()\n'
                      "    HTTPConnection('google.com', port=80)\n"
                      '    try:\n'
                      '        ans = [[]][0]\n'
                      '        LoopChecker13 = 153\n'
                      '        LoopChecker23 = 152\n'
                      '        ConditionChecker17 = 966\n'
                      '        ConditionChecker27 = 780\n'
                      '\n'
                      '        def loop_8_8(LoopIndexOut, stop, step):\n'
                      '            if step == 0 or (step > 0 and LoopIndexOut '
                      '>= stop) or (step < 0 and LoopIndexOut <= stop):\n'
                      '                return\n'
                      '            for newchar_1 in text:\n'
                      '                if newFunc_BinOp0(ConditionChecker17, '
                      'ConditionChecker27):\n'
                      '                    if newchar_1.isdigit():\n'
                      '                        ans.append(newchar_1)\n'
                      '                    else:\n'
                      "                        ans.append(' ')\n"
                      '            loop_8_8(LoopIndexOut + step, stop, step)\n'
                      '        loop_8_8(0, LoopChecker13 // LoopChecker23, 1)\n'
                      "        return ''.join(ans)\n"
                      '    except:\n'
                      '        pass'}
[END] processing file: sample_330. Total Time: 6.299788
END AT 2024-10-19 22:19:57.805460
