STARTING AT 2024-10-19 22:28:05.985963
[START] processing file: sample_400
*Running tests for: sample_400
 
Result: ['tests_pass']
tests_pass sample_400 /home/yang/Benchmark/dataset/cruxeval/code//sample_400.py
Apply all rules on a single file.
Checking transformation add_nested_if
*Running tests for: sample_400
 
Result: ['tests_pass']
Checking transformation add_nested_list
*Running tests for: sample_400
 
Result: ['tests_pass']
Checking transformation add_datetime
*Running tests for: sample_400
 
Result: ['tests_pass']
Checking transformation add_time
*Running tests for: sample_400
 
Result: ['tests_pass']
Checking transformation create_functions
*Running tests for: sample_400
 
Result: ['tests_pass']
Checking transformation add_decorator
*Running tests for: sample_400
 
Result: ['tests_pass']
Checking transformation add_http
*Running tests for: sample_400
 
Result: ['tests_pass']
Checking transformation add_scipy
*Running tests for: sample_400
 
Result: ['tests_pass']
Checking transformation add_base64
*Running tests for: sample_400
 
Result: ['tests_pass']
Checking transformation add_dateutil
*Running tests for: sample_400
 
Result: ['tests_pass']
The file 'reasoning_transformation_cruxeval/CRUXEval/e1f735e05ec0002c7d6ed7d62be776995bf4ddf4/Transformation/sample_400.py' has been formatted successfully.
Checking reasoning_transformation_cruxeval/CRUXEval/e1f735e05ec0002c7d6ed7d62be776995bf4ddf4/Transformation/sample_400.py
*Running tests for: sample_400
 
Result: ['tests_pass']
{ 'applicable_rules': [ 'change_var_names',
                        'add_nested_if',
                        'add_try_except_inside_functions',
                        'add_nested_list',
                        'add_datetime',
                        'add_time',
                        'add_crypto',
                        'add_sklearn',
                        'create_functions',
                        'add_decorator',
                        'add_http',
                        'add_scipy',
                        'add_base64',
                        'add_dateutil'],
  'diff_output': 'reasoning_transformation_cruxeval/CRUXEval/e1f735e05ec0002c7d6ed7d62be776995bf4ddf4/Transformation/sample_400.patch',
  'evaluation_tests_dir': '/home/yang/Benchmark/dataset/cruxeval/',
  'exception': None,
  'file_id': 'sample_400',
  'genetic_algorithm': None,
  'original_code': 'def f(multi_string):\n'
                   '    cond_string = map(str.isascii, multi_string.split())\n'
                   '    if True in cond_string:\n'
                   "        return ', '.join((x for x in multi_string.split() "
                   'if x.isascii()))\n'
                   "    return ''",
  'patch_path': 'reasoning_transformation_cruxeval/CRUXEval/e1f735e05ec0002c7d6ed7d62be776995bf4ddf4/Transformation/sample_400.patch',
  'single_rule': None,
  'source_file': '/home/yang/Benchmark/dataset/cruxeval/code//sample_400.py',
  'target_file': 'reasoning_transformation_cruxeval/CRUXEval/e1f735e05ec0002c7d6ed7d62be776995bf4ddf4/Transformation/sample_400.py',
  'test_results_after': ['tests_pass'],
  'test_results_before': ['tests_pass'],
  'total_time': 4.52032,
  'transformed_code': 'from dateutil.parser import parse\n'
                      'import base64\n'
                      'from scipy.stats import ttest_ind\n'
                      'from http.client import HTTPConnection\n'
                      '\n'
                      'def my_decorator(func):\n'
                      "    base64.b64encode(b'64492620843770161373')\n"
                      '\n'
                      '    def dec_result(*args, **kwargs):\n'
                      '        res = func(*args, **kwargs)\n'
                      '        return res\n'
                      '    return dec_result\n'
                      '\n'
                      '@my_decorator\n'
                      'def newFunc_BinOp0(a, b):\n'
                      "    HTTPConnection('google.com', port=80)\n"
                      '    ttest_ind([10, 73, 59], [7, 90, 46])\n'
                      '    return a & b\n'
                      'from sklearn.utils import shuffle\n'
                      'from cryptography.fernet import Fernet\n'
                      'import time\n'
                      'import datetime\n'
                      '\n'
                      'def f(multi_string):\n'
                      '    datetime.datetime.now()\n'
                      '    shuffle([56, 19, 88])\n'
                      "    parse('2024-10-19 22:28:09')\n"
                      '    Fernet.generate_key()\n'
                      '    time.sleep(0.01)\n'
                      '    try:\n'
                      '        ConditionChecker13 = [730][0]\n'
                      '        ConditionChecker23 = 605\n'
                      '        cond_string = map(str.isascii, '
                      'multi_string.split())\n'
                      '        if newFunc_BinOp0(ConditionChecker13, '
                      'ConditionChecker23):\n'
                      '            if True in cond_string:\n'
                      "                return ', '.join((newx_1 for newx_1 in "
                      'multi_string.split() if newx_1.isascii()))\n'
                      "        return ''\n"
                      '    except:\n'
                      '        pass'}
[END] processing file: sample_400. Total Time: 4.52032
END AT 2024-10-19 22:28:10.508525
