STARTING AT 2024-10-19 22:20:38.602116
[START] processing file: sample_337
*Running tests for: sample_337
 
Result: ['tests_pass']
tests_pass sample_337 /home/yang/Benchmark/dataset/cruxeval/code//sample_337.py
Apply all rules on a single file.
Checking transformation add_nested_for_out
*Running tests for: sample_337
 
Result: ['tests_pass']
Checking transformation add_nested_if
*Running tests for: sample_337
 
Result: ['tests_pass']
Checking transformation add_nested_list
*Running tests for: sample_337
 
Result: ['tests_pass']
Checking transformation transform_range_to_recursion
*Running tests for: sample_337
 
Result: ['tests_pass']
Checking transformation add_datetime
*Running tests for: sample_337
 
Result: ['tests_pass']
Checking transformation add_time
*Running tests for: sample_337
 
Result: ['tests_pass']
Checking transformation create_functions
*Running tests for: sample_337
 
Result: ['tests_pass']
Checking transformation add_decorator
*Running tests for: sample_337
 
Result: ['tests_pass']
Checking transformation add_http
*Running tests for: sample_337
 
Result: ['tests_pass']
Checking transformation add_scipy
*Running tests for: sample_337
 
Result: ['tests_pass']
Checking transformation add_base64
*Running tests for: sample_337
 
Result: ['tests_pass']
Checking transformation add_dateutil
*Running tests for: sample_337
 
Result: ['tests_pass']
The file 'reasoning_transformation_cruxeval/CRUXEval/e1f735e05ec0002c7d6ed7d62be776995bf4ddf4/Transformation/sample_337.py' has been formatted successfully.
Checking reasoning_transformation_cruxeval/CRUXEval/e1f735e05ec0002c7d6ed7d62be776995bf4ddf4/Transformation/sample_337.py
*Running tests for: sample_337
 
Result: ['tests_pass']
{ 'applicable_rules': [ 'change_var_names',
                        'add_nested_for_out',
                        'add_nested_if',
                        'add_try_except_inside_functions',
                        'add_else_to_for',
                        'add_nested_list',
                        'transform_range_to_recursion',
                        'add_datetime',
                        'add_time',
                        'add_crypto',
                        'add_sklearn',
                        'create_functions',
                        'add_decorator',
                        'add_http',
                        'add_scipy',
                        'add_base64',
                        'add_dateutil'],
  'diff_output': 'reasoning_transformation_cruxeval/CRUXEval/e1f735e05ec0002c7d6ed7d62be776995bf4ddf4/Transformation/sample_337.patch',
  'evaluation_tests_dir': '/home/yang/Benchmark/dataset/cruxeval/',
  'exception': None,
  'file_id': 'sample_337',
  'genetic_algorithm': None,
  'original_code': 'def f(txt):\n'
                   '    d = []\n'
                   '    for c in txt:\n'
                   '        if c.isdigit():\n'
                   '            continue\n'
                   '        if c.islower():\n'
                   '            d.append(c.upper())\n'
                   '        elif c.isupper():\n'
                   '            d.append(c.lower())\n'
                   "    return ''.join(d)",
  'patch_path': 'reasoning_transformation_cruxeval/CRUXEval/e1f735e05ec0002c7d6ed7d62be776995bf4ddf4/Transformation/sample_337.patch',
  'single_rule': None,
  'source_file': '/home/yang/Benchmark/dataset/cruxeval/code//sample_337.py',
  'target_file': 'reasoning_transformation_cruxeval/CRUXEval/e1f735e05ec0002c7d6ed7d62be776995bf4ddf4/Transformation/sample_337.py',
  'test_results_after': ['tests_pass'],
  'test_results_before': ['tests_pass'],
  'total_time': 6.030822,
  'transformed_code': 'from dateutil.parser import parse\n'
                      'import base64\n'
                      'from scipy.stats import ttest_ind\n'
                      'from http.client import HTTPConnection\n'
                      '\n'
                      'def my_decorator(func):\n'
                      "    HTTPConnection('google.com', port=80)\n"
                      '\n'
                      '    def dec_result(*args, **kwargs):\n'
                      '        res = func(*args, **kwargs)\n'
                      '        return res\n'
                      '    return dec_result\n'
                      '\n'
                      '@my_decorator\n'
                      'def newFunc_BinOp0(a, b):\n'
                      '    ttest_ind([11, 75, 30], [65, 32, 71])\n'
                      '    return a & b\n'
                      'from sklearn.utils import shuffle\n'
                      'from cryptography.fernet import Fernet\n'
                      'import time\n'
                      'import datetime\n'
                      '\n'
                      'def f(txt):\n'
                      '    shuffle([98, 81, 78])\n'
                      '    time.sleep(0.14)\n'
                      '    datetime.datetime.now()\n'
                      "    base64.b64encode(b'59268225220029641608')\n"
                      "    parse('2024-10-19 22:20:43')\n"
                      '    Fernet.generate_key()\n'
                      '    try:\n'
                      '        d = [[]][0]\n'
                      '        LoopChecker13 = 580\n'
                      '        LoopChecker23 = 579\n'
                      '        ConditionChecker17 = 565\n'
                      '        ConditionChecker27 = 788\n'
                      '\n'
                      '        def loop_8_8(LoopIndexOut, stop, step):\n'
                      '            if step == 0 or (step > 0 and LoopIndexOut '
                      '>= stop) or (step < 0 and LoopIndexOut <= stop):\n'
                      '                return\n'
                      '            for newc_1 in txt:\n'
                      '                if newFunc_BinOp0(ConditionChecker17, '
                      'ConditionChecker27):\n'
                      '                    if newc_1.isdigit():\n'
                      '                        continue\n'
                      '                if newc_1.islower():\n'
                      '                    d.append(newc_1.upper())\n'
                      '                elif newc_1.isupper():\n'
                      '                    d.append(newc_1.lower())\n'
                      '            loop_8_8(LoopIndexOut + step, stop, step)\n'
                      '        loop_8_8(0, LoopChecker13 // LoopChecker23, 1)\n'
                      "        return ''.join(d)\n"
                      '    except:\n'
                      '        pass'}
[END] processing file: sample_337. Total Time: 6.030822
END AT 2024-10-19 22:20:44.634126
