STARTING AT 2024-10-19 22:39:48.363238
[START] processing file: sample_50
*Running tests for: sample_50
 
Result: ['tests_pass']
tests_pass sample_50 /home/yang/Benchmark/dataset/cruxeval/code//sample_50.py
Apply all rules on a single file.
Checking transformation add_datetime
*Running tests for: sample_50
 
Result: ['tests_pass']
Checking transformation add_time
*Running tests for: sample_50
 
Result: ['tests_pass']
Checking transformation create_functions
*Running tests for: sample_50
 
Result: ['tests_pass']
Checking transformation add_decorator
*Running tests for: sample_50
 
Result: ['tests_pass']
Checking transformation add_http
*Running tests for: sample_50
 
Result: ['tests_pass']
Checking transformation add_scipy
*Running tests for: sample_50
 
Result: ['tests_pass']
Checking transformation add_base64
*Running tests for: sample_50
 
Result: ['tests_pass']
Checking transformation add_dateutil
*Running tests for: sample_50
 
Result: ['tests_pass']
The file 'reasoning_transformation_cruxeval/CRUXEval/e1f735e05ec0002c7d6ed7d62be776995bf4ddf4/Transformation/sample_50.py' has been formatted successfully.
Checking reasoning_transformation_cruxeval/CRUXEval/e1f735e05ec0002c7d6ed7d62be776995bf4ddf4/Transformation/sample_50.py
*Running tests for: sample_50
 
Result: ['tests_pass']
{ 'applicable_rules': [ 'change_var_names',
                        'add_try_except_inside_functions',
                        'add_datetime',
                        'add_time',
                        'add_crypto',
                        'add_sklearn',
                        'create_functions',
                        'add_decorator',
                        'add_http',
                        'add_scipy',
                        'add_base64',
                        'add_dateutil'],
  'diff_output': 'reasoning_transformation_cruxeval/CRUXEval/e1f735e05ec0002c7d6ed7d62be776995bf4ddf4/Transformation/sample_50.patch',
  'evaluation_tests_dir': '/home/yang/Benchmark/dataset/cruxeval/',
  'exception': None,
  'file_id': 'sample_50',
  'genetic_algorithm': None,
  'original_code': 'def f(lst):\n'
                   '    lst.clear()\n'
                   '    lst += [1] * (len(lst) + 1)\n'
                   '    return lst',
  'patch_path': 'reasoning_transformation_cruxeval/CRUXEval/e1f735e05ec0002c7d6ed7d62be776995bf4ddf4/Transformation/sample_50.patch',
  'single_rule': None,
  'source_file': '/home/yang/Benchmark/dataset/cruxeval/code//sample_50.py',
  'target_file': 'reasoning_transformation_cruxeval/CRUXEval/e1f735e05ec0002c7d6ed7d62be776995bf4ddf4/Transformation/sample_50.py',
  'test_results_after': ['tests_pass'],
  'test_results_before': ['tests_pass'],
  'total_time': 6.462176,
  'transformed_code': 'from dateutil.parser import parse\n'
                      'import base64\n'
                      'from scipy.stats import ttest_ind\n'
                      'from http.client import HTTPConnection\n'
                      '\n'
                      'def my_decorator(func):\n'
                      '    ttest_ind([31, 42, 37], [40, 55, 31])\n'
                      '\n'
                      '    def dec_result(*args, **kwargs):\n'
                      '        res = func(*args, **kwargs)\n'
                      '        return res\n'
                      '    return dec_result\n'
                      '\n'
                      '@my_decorator\n'
                      'def newFunc0_13(variable_1_13, len, variable_7_13, '
                      'newlst_1):\n'
                      "    parse('2024-10-19 22:39:53')\n"
                      '    return variable_1_13 * (len(newlst_1) + '
                      'variable_7_13)\n'
                      'from sklearn.utils import shuffle\n'
                      'from cryptography.fernet import Fernet\n'
                      'import time\n'
                      'import datetime\n'
                      '\n'
                      'def f(newlst_1):\n'
                      '    shuffle([32, 43, 31])\n'
                      "    HTTPConnection('google.com', port=80)\n"
                      '    time.sleep(0.28)\n'
                      "    base64.b64encode(b'80926122352444093066')\n"
                      '    datetime.datetime.now()\n'
                      '    Fernet.generate_key()\n'
                      '    try:\n'
                      '        newlst_1.clear()\n'
                      '        variable_1_13 = [1]\n'
                      '        variable_7_13 = 1\n'
                      '        newlst_1 += newFunc0_13(variable_1_13, len, '
                      'variable_7_13, newlst_1)\n'
                      '        return newlst_1\n'
                      '    except:\n'
                      '        pass'}
[END] processing file: sample_50. Total Time: 6.462176
END AT 2024-10-19 22:39:54.826759
