STARTING AT 2024-10-19 22:42:41.079231
[START] processing file: sample_534
*Running tests for: sample_534
 
Result: ['tests_pass']
tests_pass sample_534 /home/yang/Benchmark/dataset/cruxeval/code//sample_534.py
Apply all rules on a single file.
Checking transformation add_nested_for_out
*Running tests for: sample_534
 
Result: ['tests_pass']
Checking transformation add_nested_if
*Running tests for: sample_534
 
Result: ['tests_pass']
Checking transformation add_nested_list
*Running tests for: sample_534
 
Result: ['tests_pass']
Checking transformation transform_range_to_recursion
*Running tests for: sample_534
 
Result: ['tests_pass']
Checking transformation replace_with_numpy
*Running tests for: sample_534
 
Result: ['tests_pass']
Checking transformation add_datetime
*Running tests for: sample_534
 
Result: ['tests_pass']
Checking transformation add_time
*Running tests for: sample_534
 
Result: ['tests_pass']
Checking transformation create_functions
*Running tests for: sample_534
 
Result: ['tests_pass']
Checking transformation add_decorator
*Running tests for: sample_534
 
Result: ['tests_pass']
Checking transformation add_http
*Running tests for: sample_534
 
Result: ['tests_pass']
Checking transformation add_scipy
*Running tests for: sample_534
 
Result: ['tests_pass']
Checking transformation add_base64
*Running tests for: sample_534
 
Result: ['tests_pass']
Checking transformation add_dateutil
*Running tests for: sample_534
 
Result: ['tests_pass']
The file 'reasoning_transformation_cruxeval/CRUXEval/e1f735e05ec0002c7d6ed7d62be776995bf4ddf4/Transformation/sample_534.py' has been formatted successfully.
Checking reasoning_transformation_cruxeval/CRUXEval/e1f735e05ec0002c7d6ed7d62be776995bf4ddf4/Transformation/sample_534.py
*Running tests for: sample_534
 
Result: ['tests_pass']
{ 'applicable_rules': [ 'change_var_names',
                        'add_nested_for_out',
                        'add_nested_if',
                        'add_try_except_inside_functions',
                        'add_else_to_for',
                        'add_nested_list',
                        'transform_range_to_recursion',
                        'replace_with_numpy',
                        'add_datetime',
                        'add_time',
                        'add_crypto',
                        'add_sklearn',
                        'create_functions',
                        'add_decorator',
                        'add_http',
                        'add_scipy',
                        'add_base64',
                        'add_dateutil',
                        'changing_AugAssign'],
  'diff_output': 'reasoning_transformation_cruxeval/CRUXEval/e1f735e05ec0002c7d6ed7d62be776995bf4ddf4/Transformation/sample_534.patch',
  'evaluation_tests_dir': '/home/yang/Benchmark/dataset/cruxeval/',
  'exception': None,
  'file_id': 'sample_534',
  'genetic_algorithm': None,
  'original_code': 'def f(sequence, value):\n'
                   '    i = max(sequence.index(value) - len(sequence) // 3, '
                   '0)\n'
                   "    result = ''\n"
                   '    for (j, v) in enumerate(sequence[i:]):\n'
                   "        if v == '+':\n"
                   '            result += value\n'
                   '        else:\n'
                   '            result += sequence[i + j]\n'
                   '    return result',
  'patch_path': 'reasoning_transformation_cruxeval/CRUXEval/e1f735e05ec0002c7d6ed7d62be776995bf4ddf4/Transformation/sample_534.patch',
  'single_rule': None,
  'source_file': '/home/yang/Benchmark/dataset/cruxeval/code//sample_534.py',
  'target_file': 'reasoning_transformation_cruxeval/CRUXEval/e1f735e05ec0002c7d6ed7d62be776995bf4ddf4/Transformation/sample_534.py',
  'test_results_after': ['tests_pass'],
  'test_results_before': ['tests_pass'],
  'total_time': 5.576085,
  'transformed_code': 'from dateutil.parser import parse\n'
                      'import base64\n'
                      'from scipy.stats import ttest_ind\n'
                      'from http.client import HTTPConnection\n'
                      '\n'
                      'def my_decorator(func):\n'
                      '    ttest_ind([5, 90, 71], [56, 29, 98])\n'
                      '\n'
                      '    def dec_result(*args, **kwargs):\n'
                      '        res = func(*args, **kwargs)\n'
                      '        return res\n'
                      "    HTTPConnection('google.com', port=80)\n"
                      '    return dec_result\n'
                      '\n'
                      '@my_decorator\n'
                      'def newFunc_BinOp0(a, b):\n'
                      "    parse('2024-10-19 22:42:45')\n"
                      "    base64.b64encode(b'27933195493973055293')\n"
                      '    return a // b\n'
                      'from sklearn.utils import shuffle\n'
                      'from cryptography.fernet import Fernet\n'
                      'import time\n'
                      'import datetime\n'
                      'import numpy as np\n'
                      '\n'
                      'def f(sequence, value):\n'
                      '    Fernet.generate_key()\n'
                      '    time.sleep(0.07)\n'
                      '    datetime.datetime.now()\n'
                      '    shuffle([8, 61, 34])\n'
                      '    try:\n'
                      '        i = np.max(np.array([sequence.index(value) - '
                      'newFunc_BinOp0(len(sequence), 3), 0]))\n'
                      "        result = [''][0]\n"
                      '        LoopChecker14 = 308\n'
                      '        LoopChecker24 = 307\n'
                      '        ConditionChecker18 = 201\n'
                      '        ConditionChecker28 = 531\n'
                      '\n'
                      '        def loop_9_8(LoopIndexOut, stop, step):\n'
                      '            nonlocal result\n'
                      '            if step == 0 or (step > 0 and LoopIndexOut '
                      '>= stop) or (step < 0 and LoopIndexOut <= stop):\n'
                      '                return\n'
                      '            for (newj_1, v) in '
                      'enumerate(sequence[i:]):\n'
                      '                if ConditionChecker18 & '
                      'ConditionChecker28:\n'
                      "                    if v == '+':\n"
                      '                        result = result + value\n'
                      '                    else:\n'
                      '                        result += sequence[i + newj_1]\n'
                      '            loop_9_8(LoopIndexOut + step, stop, step)\n'
                      '        loop_9_8(0, LoopChecker14 // LoopChecker24, 1)\n'
                      '        return result\n'
                      '    except:\n'
                      '        pass'}
[END] processing file: sample_534. Total Time: 5.576085
END AT 2024-10-19 22:42:46.657826
