STARTING AT 2024-10-19 22:22:53.539146
[START] processing file: sample_357
*Running tests for: sample_357
 
Result: ['tests_pass']
tests_pass sample_357 /home/yang/Benchmark/dataset/cruxeval/code//sample_357.py
Apply all rules on a single file.
Checking transformation add_nested_for_out
*Running tests for: sample_357
 
Result: ['tests_pass']
Checking transformation add_nested_list
*Running tests for: sample_357
 
Result: ['tests_pass']
Checking transformation transform_range_to_recursion
*Running tests for: sample_357
 
Result: ['tests_pass']
Checking transformation add_datetime
*Running tests for: sample_357
 
Result: ['tests_pass']
Checking transformation add_time
*Running tests for: sample_357
 
Result: ['tests_pass']
Checking transformation create_functions
*Running tests for: sample_357
 
Result: ['tests_pass']
Checking transformation add_decorator
*Running tests for: sample_357
 
Result: ['tests_pass']
Checking transformation add_http
*Running tests for: sample_357
 
Result: ['tests_pass']
Checking transformation add_scipy
*Running tests for: sample_357
 
Result: ['tests_pass']
Checking transformation add_base64
*Running tests for: sample_357
 
Result: ['tests_pass']
Checking transformation add_dateutil
*Running tests for: sample_357
 
Result: ['tests_pass']
The file 'reasoning_transformation_cruxeval/CRUXEval/e1f735e05ec0002c7d6ed7d62be776995bf4ddf4/Transformation/sample_357.py' has been formatted successfully.
Checking reasoning_transformation_cruxeval/CRUXEval/e1f735e05ec0002c7d6ed7d62be776995bf4ddf4/Transformation/sample_357.py
*Running tests for: sample_357
 
Result: ['tests_pass']
{ 'applicable_rules': [ 'change_var_names',
                        'add_nested_for_out',
                        'add_try_except_inside_functions',
                        'add_else_to_for',
                        'add_nested_list',
                        'transform_range_to_recursion',
                        'add_datetime',
                        'add_time',
                        'add_crypto',
                        'add_sklearn',
                        'create_functions',
                        'add_decorator',
                        'add_http',
                        'add_scipy',
                        'add_base64',
                        'add_dateutil'],
  'diff_output': 'reasoning_transformation_cruxeval/CRUXEval/e1f735e05ec0002c7d6ed7d62be776995bf4ddf4/Transformation/sample_357.patch',
  'evaluation_tests_dir': '/home/yang/Benchmark/dataset/cruxeval/',
  'exception': None,
  'file_id': 'sample_357',
  'genetic_algorithm': None,
  'original_code': 'def f(s):\n'
                   '    r = []\n'
                   '    for i in range(len(s) - 1, 0 - 1, -1):\n'
                   '        r += s[i]\n'
                   "    return ''.join(r)",
  'patch_path': 'reasoning_transformation_cruxeval/CRUXEval/e1f735e05ec0002c7d6ed7d62be776995bf4ddf4/Transformation/sample_357.patch',
  'single_rule': None,
  'source_file': '/home/yang/Benchmark/dataset/cruxeval/code//sample_357.py',
  'target_file': 'reasoning_transformation_cruxeval/CRUXEval/e1f735e05ec0002c7d6ed7d62be776995bf4ddf4/Transformation/sample_357.py',
  'test_results_after': ['tests_pass'],
  'test_results_before': ['tests_pass'],
  'total_time': 5.6807,
  'transformed_code': 'from dateutil.parser import parse\n'
                      'import base64\n'
                      'from scipy.stats import ttest_ind\n'
                      'from http.client import HTTPConnection\n'
                      '\n'
                      'def my_decorator(func):\n'
                      "    base64.b64encode(b'74762421596344599146')\n"
                      '\n'
                      '    def dec_result(*args, **kwargs):\n'
                      '        res = func(*args, **kwargs)\n'
                      '        return res\n'
                      "    HTTPConnection('google.com', port=80)\n"
                      '    return dec_result\n'
                      '\n'
                      '@my_decorator\n'
                      'def newFunc_BinOp0(a, b):\n'
                      "    parse('2024-10-19 22:22:57')\n"
                      '    return a // b\n'
                      'from sklearn.utils import shuffle\n'
                      'from cryptography.fernet import Fernet\n'
                      'import time\n'
                      'import datetime\n'
                      '\n'
                      'def f(s):\n'
                      '    datetime.datetime.now()\n'
                      '    time.sleep(0.14)\n'
                      '    ttest_ind([100, 37, 42], [82, 50, 65])\n'
                      '    Fernet.generate_key()\n'
                      '    shuffle([36, 100, 27])\n'
                      '    try:\n'
                      '        newr_1 = [[]][0]\n'
                      '        LoopChecker13 = 791\n'
                      '        LoopChecker23 = 790\n'
                      '        for LoopIndexOut in '
                      'range(newFunc_BinOp0(LoopChecker13, LoopChecker23)):\n'
                      '\n'
                      '            def loop_7_12(i, stop, step):\n'
                      '                nonlocal newr_1\n'
                      '                if step == 0 or (step > 0 and i >= '
                      'stop) or (step < 0 and i <= stop):\n'
                      '                    return\n'
                      '                newr_1 += s[i]\n'
                      '                loop_7_12(i + step, stop, step)\n'
                      '            loop_7_12(len(s) - 1, 0 - 1, -1)\n'
                      '        else:\n'
                      '            pass\n'
                      "        return ''.join(newr_1)\n"
                      '    except:\n'
                      '        pass'}
[END] processing file: sample_357. Total Time: 5.6807
END AT 2024-10-19 22:22:59.222026
