STARTING AT 2024-10-19 22:55:18.380455
[START] processing file: sample_663
*Running tests for: sample_663
 
Result: ['tests_pass']
tests_pass sample_663 /home/yang/Benchmark/dataset/cruxeval/code//sample_663.py
Apply all rules on a single file.
Checking transformation add_nested_if
*Running tests for: sample_663
 
Result: ['tests_pass']
Checking transformation add_nested_list
*Running tests for: sample_663
 
Result: ['tests_pass']
Checking transformation add_datetime
*Running tests for: sample_663
 
Result: ['tests_pass']
Checking transformation add_time
*Running tests for: sample_663
 
Result: ['tests_pass']
def newFunc_97847(arg0, arg1):
    return arg0 + arg1
Checking transformation create_functions
*Running tests for: sample_663
 
Result: ['tests_pass']
Checking transformation add_decorator
*Running tests for: sample_663
 
Result: ['tests_pass']
Checking transformation add_http
*Running tests for: sample_663
 
Result: ['tests_pass']
Checking transformation add_scipy
*Running tests for: sample_663
 
Result: ['tests_pass']
Checking transformation add_base64
*Running tests for: sample_663
 
Result: ['tests_pass']
Checking transformation add_dateutil
*Running tests for: sample_663
 
Result: ['tests_pass']
The file 'reasoning_transformation_cruxeval/CRUXEval/e1f735e05ec0002c7d6ed7d62be776995bf4ddf4/Transformation/sample_663.py' has been formatted successfully.
Checking reasoning_transformation_cruxeval/CRUXEval/e1f735e05ec0002c7d6ed7d62be776995bf4ddf4/Transformation/sample_663.py
*Running tests for: sample_663
 
Result: ['tests_pass']
{ 'applicable_rules': [ 'change_var_names',
                        'add_nested_if',
                        'add_try_except_inside_functions',
                        'add_nested_list',
                        'add_datetime',
                        'add_time',
                        'add_crypto',
                        'add_sklearn',
                        'create_functions',
                        'add_decorator',
                        'add_http',
                        'add_scipy',
                        'add_base64',
                        'add_dateutil'],
  'diff_output': 'reasoning_transformation_cruxeval/CRUXEval/e1f735e05ec0002c7d6ed7d62be776995bf4ddf4/Transformation/sample_663.patch',
  'evaluation_tests_dir': '/home/yang/Benchmark/dataset/cruxeval/',
  'exception': None,
  'file_id': 'sample_663',
  'genetic_algorithm': None,
  'original_code': 'def f(container, cron):\n'
                   '    if not cron in container:\n'
                   '        return container\n'
                   '    pref = container[:container.index(cron)].copy()\n'
                   '    suff = container[container.index(cron) + 1:].copy()\n'
                   '    return pref + suff',
  'patch_path': 'reasoning_transformation_cruxeval/CRUXEval/e1f735e05ec0002c7d6ed7d62be776995bf4ddf4/Transformation/sample_663.patch',
  'single_rule': None,
  'source_file': '/home/yang/Benchmark/dataset/cruxeval/code//sample_663.py',
  'target_file': 'reasoning_transformation_cruxeval/CRUXEval/e1f735e05ec0002c7d6ed7d62be776995bf4ddf4/Transformation/sample_663.py',
  'test_results_after': ['tests_pass'],
  'test_results_before': ['tests_pass'],
  'total_time': 5.698049,
  'transformed_code': 'from dateutil.parser import parse\n'
                      'import base64\n'
                      'from scipy.stats import ttest_ind\n'
                      'from http.client import HTTPConnection\n'
                      '\n'
                      'def my_decorator(func):\n'
                      '\n'
                      '    def dec_result(*args, **kwargs):\n'
                      '        res = func(*args, **kwargs)\n'
                      '        return res\n'
                      "    HTTPConnection('google.com', port=80)\n"
                      "    parse('2024-10-19 22:55:22')\n"
                      '    return dec_result\n'
                      '\n'
                      '@my_decorator\n'
                      'def newFunc_97847(arg0, arg1):\n'
                      "    base64.b64encode(b'54149022827237704545')\n"
                      '    return arg0 + arg1\n'
                      'from sklearn.utils import shuffle\n'
                      'from cryptography.fernet import Fernet\n'
                      'import time\n'
                      'import datetime\n'
                      '\n'
                      'def f(container, cron):\n'
                      '    ttest_ind([98, 58, 25], [85, 10, 63])\n'
                      '    datetime.datetime.now()\n'
                      '    shuffle([34, 5, 73])\n'
                      '    Fernet.generate_key()\n'
                      '    time.sleep(0.13)\n'
                      '    try:\n'
                      '        ConditionChecker12 = [843][0]\n'
                      '        ConditionChecker22 = 339\n'
                      '        if ConditionChecker12 & ConditionChecker22:\n'
                      '            if not cron in container:\n'
                      '                return container\n'
                      '        newpref_1 = '
                      'container[:container.index(cron)].copy()\n'
                      '        suff = container[container.index(cron) + '
                      '1:].copy()\n'
                      '        return newFunc_97847(newpref_1, suff)\n'
                      '    except:\n'
                      '        pass'}
[END] processing file: sample_663. Total Time: 5.698049
END AT 2024-10-19 22:55:24.079823
