STARTING AT 2024-10-19 22:29:17.485333
[START] processing file: sample_410
*Running tests for: sample_410
 
Result: ['tests_pass']
tests_pass sample_410 /home/yang/Benchmark/dataset/cruxeval/code//sample_410.py
Apply all rules on a single file.
Checking transformation add_nested_for_out
*Running tests for: sample_410
 
Result: ['tests_pass']
Checking transformation add_nested_list
*Running tests for: sample_410
 
Result: ['tests_pass']
Checking transformation transform_range_to_recursion
*Running tests for: sample_410
 
Result: ['tests_pass']
Checking transformation add_datetime
*Running tests for: sample_410
 
Result: ['tests_pass']
Checking transformation add_time
*Running tests for: sample_410
 
Result: ['tests_pass']
Checking transformation create_functions
*Running tests for: sample_410
 
Result: ['tests_pass']
Checking transformation add_decorator
*Running tests for: sample_410
 
Result: ['tests_pass']
Checking transformation add_http
*Running tests for: sample_410
 
Result: ['tests_pass']
Checking transformation add_scipy
*Running tests for: sample_410
 
Result: ['tests_pass']
Checking transformation add_base64
*Running tests for: sample_410
 
Result: ['tests_pass']
Checking transformation add_dateutil
*Running tests for: sample_410
 
Result: ['tests_pass']
The file 'reasoning_transformation_cruxeval/CRUXEval/e1f735e05ec0002c7d6ed7d62be776995bf4ddf4/Transformation/sample_410.py' has been formatted successfully.
Checking reasoning_transformation_cruxeval/CRUXEval/e1f735e05ec0002c7d6ed7d62be776995bf4ddf4/Transformation/sample_410.py
*Running tests for: sample_410
 
Result: ['tests_pass']
{ 'applicable_rules': [ 'change_var_names',
                        'add_nested_for_out',
                        'add_try_except_inside_functions',
                        'add_else_to_for',
                        'add_nested_list',
                        'transform_range_to_recursion',
                        'add_datetime',
                        'add_time',
                        'add_crypto',
                        'add_sklearn',
                        'create_functions',
                        'add_decorator',
                        'add_http',
                        'add_scipy',
                        'add_base64',
                        'add_dateutil',
                        'changing_AugAssign'],
  'diff_output': 'reasoning_transformation_cruxeval/CRUXEval/e1f735e05ec0002c7d6ed7d62be776995bf4ddf4/Transformation/sample_410.patch',
  'evaluation_tests_dir': '/home/yang/Benchmark/dataset/cruxeval/',
  'exception': None,
  'file_id': 'sample_410',
  'genetic_algorithm': None,
  'original_code': 'def f(nums):\n'
                   '    a = 0\n'
                   '    for i in range(len(nums)):\n'
                   '        nums.insert(i, nums[a])\n'
                   '        a += 1\n'
                   '    return nums',
  'patch_path': 'reasoning_transformation_cruxeval/CRUXEval/e1f735e05ec0002c7d6ed7d62be776995bf4ddf4/Transformation/sample_410.patch',
  'single_rule': None,
  'source_file': '/home/yang/Benchmark/dataset/cruxeval/code//sample_410.py',
  'target_file': 'reasoning_transformation_cruxeval/CRUXEval/e1f735e05ec0002c7d6ed7d62be776995bf4ddf4/Transformation/sample_410.py',
  'test_results_after': ['tests_pass'],
  'test_results_before': ['tests_pass'],
  'total_time': 5.247154,
  'transformed_code': 'from dateutil.parser import parse\n'
                      'import base64\n'
                      'from scipy.stats import ttest_ind\n'
                      'from http.client import HTTPConnection\n'
                      '\n'
                      'def my_decorator(func):\n'
                      '    ttest_ind([44, 64, 88], [43, 14, 83])\n'
                      "    base64.b64encode(b'24752747214601696851')\n"
                      '\n'
                      '    def dec_result(*args, **kwargs):\n'
                      '        res = func(*args, **kwargs)\n'
                      '        return res\n'
                      '    return dec_result\n'
                      '\n'
                      '@my_decorator\n'
                      'def newFunc_BinOp0(a, b):\n'
                      "    HTTPConnection('google.com', port=80)\n"
                      '    return a // b\n'
                      'from sklearn.utils import shuffle\n'
                      'from cryptography.fernet import Fernet\n'
                      'import time\n'
                      'import datetime\n'
                      '\n'
                      'def f(nums):\n'
                      '    Fernet.generate_key()\n'
                      '    datetime.datetime.now()\n'
                      "    parse('2024-10-19 22:29:21')\n"
                      '    time.sleep(0.09)\n'
                      '    shuffle([55, 60, 19])\n'
                      '    try:\n'
                      '        a = [0][0]\n'
                      '        LoopChecker13 = 939\n'
                      '        LoopChecker23 = 938\n'
                      '        for LoopIndexOut in '
                      'range(newFunc_BinOp0(LoopChecker13, LoopChecker23)):\n'
                      '\n'
                      '            def loop_7_12(newi_1, stop, step):\n'
                      '                nonlocal a\n'
                      '                if step == 0 or (step > 0 and newi_1 >= '
                      'stop) or (step < 0 and newi_1 <= stop):\n'
                      '                    return\n'
                      '                nums.insert(newi_1, nums[a])\n'
                      '                a = a + 1\n'
                      '                loop_7_12(newi_1 + step, stop, step)\n'
                      '            loop_7_12(0, len(nums), 1)\n'
                      '        else:\n'
                      '            pass\n'
                      '        return nums\n'
                      '    except:\n'
                      '        pass'}
[END] processing file: sample_410. Total Time: 5.247154
END AT 2024-10-19 22:29:22.734606
