STARTING AT 2024-10-19 21:59:48.611850
[START] processing file: sample_162
*Running tests for: sample_162
 
Result: ['tests_pass']
tests_pass sample_162 /home/yang/Benchmark/dataset/cruxeval/code//sample_162.py
Apply all rules on a single file.
Checking transformation add_nested_for_out
*Running tests for: sample_162
 
Result: ['tests_pass']
Checking transformation add_nested_if
*Running tests for: sample_162
 
Result: ['tests_pass']
Checking transformation add_nested_list
*Running tests for: sample_162
 
Result: ['tests_pass']
Checking transformation transform_range_to_recursion
*Running tests for: sample_162
 
Result: ['tests_pass']
Checking transformation add_datetime
*Running tests for: sample_162
 
Result: ['tests_pass']
Checking transformation add_time
*Running tests for: sample_162
 
Result: ['tests_pass']
Checking transformation create_functions
*Running tests for: sample_162
 
Result: ['tests_pass']
Checking transformation add_decorator
*Running tests for: sample_162
 
Result: ['tests_pass']
Checking transformation add_http
*Running tests for: sample_162
 
Result: ['tests_pass']
Checking transformation add_scipy
*Running tests for: sample_162
 
Result: ['tests_pass']
Checking transformation add_base64
*Running tests for: sample_162
 
Result: ['tests_pass']
Checking transformation add_dateutil
*Running tests for: sample_162
 
Result: ['tests_pass']
The file 'reasoning_transformation_cruxeval/CRUXEval/e1f735e05ec0002c7d6ed7d62be776995bf4ddf4/Transformation/sample_162.py' has been formatted successfully.
Checking reasoning_transformation_cruxeval/CRUXEval/e1f735e05ec0002c7d6ed7d62be776995bf4ddf4/Transformation/sample_162.py
*Running tests for: sample_162
 
Result: ['tests_pass']
{ 'applicable_rules': [ 'change_var_names',
                        'add_nested_for_out',
                        'add_nested_if',
                        'add_try_except_inside_functions',
                        'add_else_to_for',
                        'add_nested_list',
                        'transform_range_to_recursion',
                        'add_datetime',
                        'add_time',
                        'add_crypto',
                        'add_sklearn',
                        'create_functions',
                        'add_decorator',
                        'add_http',
                        'add_scipy',
                        'add_base64',
                        'add_dateutil'],
  'diff_output': 'reasoning_transformation_cruxeval/CRUXEval/e1f735e05ec0002c7d6ed7d62be776995bf4ddf4/Transformation/sample_162.patch',
  'evaluation_tests_dir': '/home/yang/Benchmark/dataset/cruxeval/',
  'exception': None,
  'file_id': 'sample_162',
  'genetic_algorithm': None,
  'original_code': 'def f(text):\n'
                   "    result = ''\n"
                   '    for char in text:\n'
                   '        if char.isalnum():\n'
                   '            result += char.upper()\n'
                   '    return result',
  'patch_path': 'reasoning_transformation_cruxeval/CRUXEval/e1f735e05ec0002c7d6ed7d62be776995bf4ddf4/Transformation/sample_162.patch',
  'single_rule': None,
  'source_file': '/home/yang/Benchmark/dataset/cruxeval/code//sample_162.py',
  'target_file': 'reasoning_transformation_cruxeval/CRUXEval/e1f735e05ec0002c7d6ed7d62be776995bf4ddf4/Transformation/sample_162.py',
  'test_results_after': ['tests_pass'],
  'test_results_before': ['tests_pass'],
  'total_time': 6.593321,
  'transformed_code': 'from dateutil.parser import parse\n'
                      'import base64\n'
                      'from scipy.stats import ttest_ind\n'
                      'from http.client import HTTPConnection\n'
                      '\n'
                      'def my_decorator(func):\n'
                      '    ttest_ind([45, 60, 93], [4, 76, 29])\n'
                      '\n'
                      '    def dec_result(*args, **kwargs):\n'
                      '        res = func(*args, **kwargs)\n'
                      '        return res\n'
                      '    return dec_result\n'
                      '\n'
                      '@my_decorator\n'
                      'def newFunc_BinOp0(a, b):\n'
                      "    HTTPConnection('google.com', port=80)\n"
                      '    return a & b\n'
                      'from sklearn.utils import shuffle\n'
                      'from cryptography.fernet import Fernet\n'
                      'import time\n'
                      'import datetime\n'
                      '\n'
                      'def f(text):\n'
                      '    datetime.datetime.now()\n'
                      '    Fernet.generate_key()\n'
                      '    shuffle([33, 57, 44])\n'
                      "    parse('2024-10-19 21:59:53')\n"
                      "    base64.b64encode(b'24898026875448340401')\n"
                      '    time.sleep(0.26)\n'
                      '    try:\n'
                      "        newresult_1 = [''][0]\n"
                      '        LoopChecker13 = 576\n'
                      '        LoopChecker23 = 575\n'
                      '        ConditionChecker17 = 380\n'
                      '        ConditionChecker27 = 722\n'
                      '\n'
                      '        def loop_8_8(LoopIndexOut, stop, step):\n'
                      '            nonlocal newresult_1\n'
                      '            if step == 0 or (step > 0 and LoopIndexOut '
                      '>= stop) or (step < 0 and LoopIndexOut <= stop):\n'
                      '                return\n'
                      '            for char in text:\n'
                      '                if newFunc_BinOp0(ConditionChecker17, '
                      'ConditionChecker27):\n'
                      '                    if char.isalnum():\n'
                      '                        newresult_1 += char.upper()\n'
                      '            loop_8_8(LoopIndexOut + step, stop, step)\n'
                      '        loop_8_8(0, LoopChecker13 // LoopChecker23, 1)\n'
                      '        return newresult_1\n'
                      '    except:\n'
                      '        pass'}
[END] processing file: sample_162. Total Time: 6.593321
END AT 2024-10-19 21:59:55.207459
