STARTING AT 2024-10-19 23:39:43.630578
[START] processing file: sample_727
*Running tests for: sample_727
 
Result: ['tests_pass']
tests_pass sample_727 /home/yang/Benchmark/dataset/cruxeval/code//sample_727.py
Apply all rules on a single file.
Checking transformation replace_with_numpy
*Running tests for: sample_727
 Traceback (most recent call last):
  File "/home/yang/Benchmark/.tmp_test/tmp_test.pysample_727", line 8, in <module>
    assert f(['ix', 'dxh', 'snegi', 'wiubvu'], '') == ['dxh', 'ix', 'snegi', 'wiubvu']
ValueError: The truth value of an array with more than one element is ambiguous. Use a.any() or a.all()

output_actual, stderr_data: ('', b'Traceback (most recent call last):\n  File "/home/yang/Benchmark/.tmp_test/tmp_test.pysample_727", line 8, in <module>\n    assert f([\'ix\', \'dxh\', \'snegi\', \'wiubvu\'], \'\') == [\'dxh\', \'ix\', \'snegi\', \'wiubvu\']\nValueError: The truth value of an array with more than one element is ambiguous. Use a.any() or a.all()\n')
Result: ['error_or_timeout']
Drop replace_with_numpy due to ['error_or_timeout']
Checking transformation add_datetime
*Running tests for: sample_727
 
Result: ['tests_pass']
Checking transformation add_time
*Running tests for: sample_727
 
Result: ['tests_pass']
Checking transformation add_decorator
*Running tests for: sample_727
 
Result: ['tests_pass']
Checking transformation add_http
*Running tests for: sample_727
 
Result: ['tests_pass']
Checking transformation add_scipy
*Running tests for: sample_727
 
Result: ['tests_pass']
Checking transformation add_base64
*Running tests for: sample_727
 
Result: ['tests_pass']
Checking transformation add_dateutil
*Running tests for: sample_727
 
Result: ['tests_pass']
The file 'reasoning_transformation_cruxeval/CRUXEval/951a917df7397c9cb698ead54386db6d1db4ffb0/Transformation/sample_727.py' has been formatted successfully.
Checking reasoning_transformation_cruxeval/CRUXEval/951a917df7397c9cb698ead54386db6d1db4ffb0/Transformation/sample_727.py
*Running tests for: sample_727
 
Result: ['tests_pass']
{ 'applicable_rules': [ 'change_var_names',
                        'add_try_except_inside_functions',
                        'add_datetime',
                        'add_time',
                        'add_crypto',
                        'add_sklearn',
                        'add_decorator',
                        'add_http',
                        'add_scipy',
                        'add_base64',
                        'add_dateutil'],
  'diff_output': 'reasoning_transformation_cruxeval/CRUXEval/951a917df7397c9cb698ead54386db6d1db4ffb0/Transformation/sample_727.patch',
  'evaluation_tests_dir': '/home/yang/Benchmark/dataset/cruxeval/',
  'exception': None,
  'file_id': 'sample_727',
  'genetic_algorithm': None,
  'original_code': 'def f(numbers, prefix):\n'
                   '    return sorted((n[len(prefix):] if len(n) > len(prefix) '
                   'and n.startswith(prefix) else n for n in numbers))',
  'patch_path': 'reasoning_transformation_cruxeval/CRUXEval/951a917df7397c9cb698ead54386db6d1db4ffb0/Transformation/sample_727.patch',
  'single_rule': None,
  'source_file': '/home/yang/Benchmark/dataset/cruxeval/code//sample_727.py',
  'target_file': 'reasoning_transformation_cruxeval/CRUXEval/951a917df7397c9cb698ead54386db6d1db4ffb0/Transformation/sample_727.py',
  'test_results_after': ['tests_pass'],
  'test_results_before': ['tests_pass'],
  'total_time': 4.50692,
  'transformed_code': 'from dateutil.parser import parse\n'
                      'import base64\n'
                      'from scipy.stats import ttest_ind\n'
                      'from http.client import HTTPConnection\n'
                      '\n'
                      'def my_decorator(func):\n'
                      '    ttest_ind([34, 61, 7], [79, 76, 24])\n'
                      "    parse('2024-10-19 23:39:46')\n"
                      '\n'
                      '    def dec_result(*args, **kwargs):\n'
                      '        res = func(*args, **kwargs)\n'
                      '        return res\n'
                      "    HTTPConnection('google.com', port=80)\n"
                      '    return dec_result\n'
                      'from sklearn.utils import shuffle\n'
                      'from cryptography.fernet import Fernet\n'
                      'import time\n'
                      'import datetime\n'
                      '\n'
                      '@my_decorator\n'
                      'def f(numbers, prefix):\n'
                      '    shuffle([80, 75, 25])\n'
                      '    time.sleep(0.05)\n'
                      '    Fernet.generate_key()\n'
                      "    base64.b64encode(b'12100567787138461457')\n"
                      '    datetime.datetime.now()\n'
                      '    try:\n'
                      '        return sorted((newn_1[len(prefix):] if '
                      'len(newn_1) > len(prefix) and newn_1.startswith(prefix) '
                      'else newn_1 for newn_1 in numbers))\n'
                      '    except:\n'
                      '        pass'}
[END] processing file: sample_727. Total Time: 4.50692
END AT 2024-10-19 23:39:48.138635
