STARTING AT 2024-10-19 21:53:17.326722
[START] processing file: sample_108
*Running tests for: sample_108
 
Result: ['tests_pass']
tests_pass sample_108 /home/yang/Benchmark/dataset/cruxeval/code//sample_108.py
Apply all rules on a single file.
Checking transformation add_nested_if
*Running tests for: sample_108
 
Result: ['tests_pass']
Checking transformation add_nested_list
*Running tests for: sample_108
 
Result: ['tests_pass']
Checking transformation add_datetime
*Running tests for: sample_108
 
Result: ['tests_pass']
Checking transformation add_time
*Running tests for: sample_108
 
Result: ['tests_pass']
Checking transformation create_functions
*Running tests for: sample_108
 
Result: ['tests_pass']
Checking transformation add_decorator
*Running tests for: sample_108
 
Result: ['tests_pass']
Checking transformation add_http
*Running tests for: sample_108
 
Result: ['tests_pass']
Checking transformation add_scipy
*Running tests for: sample_108
 
Result: ['tests_pass']
Checking transformation add_base64
*Running tests for: sample_108
 
Result: ['tests_pass']
Checking transformation add_dateutil
*Running tests for: sample_108
 
Result: ['tests_pass']
The file 'reasoning_transformation_cruxeval/CRUXEval/e1f735e05ec0002c7d6ed7d62be776995bf4ddf4/Transformation/sample_108.py' has been formatted successfully.
Checking reasoning_transformation_cruxeval/CRUXEval/e1f735e05ec0002c7d6ed7d62be776995bf4ddf4/Transformation/sample_108.py
*Running tests for: sample_108
 
Result: ['tests_pass']
{ 'applicable_rules': [ 'change_var_names',
                        'add_nested_if',
                        'add_try_except_inside_functions',
                        'add_nested_list',
                        'add_datetime',
                        'add_time',
                        'add_crypto',
                        'add_sklearn',
                        'create_functions',
                        'add_decorator',
                        'add_http',
                        'add_scipy',
                        'add_base64',
                        'add_dateutil'],
  'diff_output': 'reasoning_transformation_cruxeval/CRUXEval/e1f735e05ec0002c7d6ed7d62be776995bf4ddf4/Transformation/sample_108.patch',
  'evaluation_tests_dir': '/home/yang/Benchmark/dataset/cruxeval/',
  'exception': None,
  'file_id': 'sample_108',
  'genetic_algorithm': None,
  'original_code': 'def f(var):\n'
                   '    amount = len(var) if type(var) == list else 0\n'
                   '    if type(var) == dict:\n'
                   '        amount = len(var.keys())\n'
                   '    nonzero = amount if amount > 0 else 0\n'
                   '    return nonzero',
  'patch_path': 'reasoning_transformation_cruxeval/CRUXEval/e1f735e05ec0002c7d6ed7d62be776995bf4ddf4/Transformation/sample_108.patch',
  'single_rule': None,
  'source_file': '/home/yang/Benchmark/dataset/cruxeval/code//sample_108.py',
  'target_file': 'reasoning_transformation_cruxeval/CRUXEval/e1f735e05ec0002c7d6ed7d62be776995bf4ddf4/Transformation/sample_108.py',
  'test_results_after': ['tests_pass'],
  'test_results_before': ['tests_pass'],
  'total_time': 6.510218,
  'transformed_code': 'from dateutil.parser import parse\n'
                      'import base64\n'
                      'from scipy.stats import ttest_ind\n'
                      'from http.client import HTTPConnection\n'
                      '\n'
                      'def my_decorator(func):\n'
                      '\n'
                      '    def dec_result(*args, **kwargs):\n'
                      '        res = func(*args, **kwargs)\n'
                      '        return res\n'
                      '    return dec_result\n'
                      '\n'
                      '@my_decorator\n'
                      'def newFunc_BinOp0(a, b):\n'
                      '    ttest_ind([79, 71, 41], [53, 93, 44])\n'
                      "    parse('2024-10-19 21:53:22')\n"
                      "    HTTPConnection('google.com', port=80)\n"
                      '    return a & b\n'
                      'from sklearn.utils import shuffle\n'
                      'from cryptography.fernet import Fernet\n'
                      'import time\n'
                      'import datetime\n'
                      '\n'
                      'def f(var):\n'
                      "    base64.b64encode(b'46786009383427069309')\n"
                      '    datetime.datetime.now()\n'
                      '    time.sleep(0.24)\n'
                      '    Fernet.generate_key()\n'
                      '    shuffle([17, 74, 98])\n'
                      '    try:\n'
                      '        ConditionChecker13 = [340][0]\n'
                      '        ConditionChecker23 = 807\n'
                      '        newamount_1 = len(var) if type(var) == list '
                      'else 0\n'
                      '        if newFunc_BinOp0(ConditionChecker13, '
                      'ConditionChecker23):\n'
                      '            if type(var) == dict:\n'
                      '                newamount_1 = len(var.keys())\n'
                      '        nonzero = newamount_1 if newamount_1 > 0 else '
                      '0\n'
                      '        return nonzero\n'
                      '    except:\n'
                      '        pass'}
[END] processing file: sample_108. Total Time: 6.510218
END AT 2024-10-19 21:53:23.838209
