STARTING AT 2024-10-19 22:21:39.226010
[START] processing file: sample_346
*Running tests for: sample_346
 
Result: ['tests_pass']
tests_pass sample_346 /home/yang/Benchmark/dataset/cruxeval/code//sample_346.py
Apply all rules on a single file.
Checking transformation add_datetime
*Running tests for: sample_346
 
Result: ['tests_pass']
Checking transformation add_time
*Running tests for: sample_346
 
Result: ['tests_pass']
Checking transformation create_functions
*Running tests for: sample_346
 
Result: ['tests_pass']
Checking transformation add_decorator
*Running tests for: sample_346
 
Result: ['tests_pass']
Checking transformation add_http
*Running tests for: sample_346
 
Result: ['tests_pass']
Checking transformation add_scipy
*Running tests for: sample_346
 
Result: ['tests_pass']
Checking transformation add_base64
*Running tests for: sample_346
 
Result: ['tests_pass']
Checking transformation add_dateutil
*Running tests for: sample_346
 
Result: ['tests_pass']
The file 'reasoning_transformation_cruxeval/CRUXEval/e1f735e05ec0002c7d6ed7d62be776995bf4ddf4/Transformation/sample_346.py' has been formatted successfully.
Checking reasoning_transformation_cruxeval/CRUXEval/e1f735e05ec0002c7d6ed7d62be776995bf4ddf4/Transformation/sample_346.py
*Running tests for: sample_346
 
Result: ['tests_pass']
{ 'applicable_rules': [ 'change_var_names',
                        'add_try_except_inside_functions',
                        'add_datetime',
                        'add_time',
                        'add_crypto',
                        'add_sklearn',
                        'create_functions',
                        'add_decorator',
                        'add_http',
                        'add_scipy',
                        'add_base64',
                        'add_dateutil'],
  'diff_output': 'reasoning_transformation_cruxeval/CRUXEval/e1f735e05ec0002c7d6ed7d62be776995bf4ddf4/Transformation/sample_346.patch',
  'evaluation_tests_dir': '/home/yang/Benchmark/dataset/cruxeval/',
  'exception': None,
  'file_id': 'sample_346',
  'genetic_algorithm': None,
  'original_code': 'def f(filename):\n'
                   "    suffix = filename.split('.')[-1]\n"
                   '    f2 = filename + suffix[::-1]\n'
                   '    return f2.endswith(suffix)',
  'patch_path': 'reasoning_transformation_cruxeval/CRUXEval/e1f735e05ec0002c7d6ed7d62be776995bf4ddf4/Transformation/sample_346.patch',
  'single_rule': None,
  'source_file': '/home/yang/Benchmark/dataset/cruxeval/code//sample_346.py',
  'target_file': 'reasoning_transformation_cruxeval/CRUXEval/e1f735e05ec0002c7d6ed7d62be776995bf4ddf4/Transformation/sample_346.py',
  'test_results_after': ['tests_pass'],
  'test_results_before': ['tests_pass'],
  'total_time': 5.696209,
  'transformed_code': 'from dateutil.parser import parse\n'
                      'import base64\n'
                      'from scipy.stats import ttest_ind\n'
                      'from http.client import HTTPConnection\n'
                      '\n'
                      'def my_decorator(func):\n'
                      '\n'
                      '    def dec_result(*args, **kwargs):\n'
                      '        res = func(*args, **kwargs)\n'
                      '        return res\n'
                      '    ttest_ind([62, 26, 49], [47, 19, 65])\n'
                      "    base64.b64encode(b'90538625521862102750')\n"
                      "    parse('2024-10-19 22:21:43')\n"
                      "    HTTPConnection('google.com', port=80)\n"
                      '    return dec_result\n'
                      '\n'
                      '@my_decorator\n'
                      'def newFunc0_13(variable_3_13, filename):\n'
                      '    return filename + variable_3_13\n'
                      'from sklearn.utils import shuffle\n'
                      'from cryptography.fernet import Fernet\n'
                      'import time\n'
                      'import datetime\n'
                      '\n'
                      'def f(filename):\n'
                      '    shuffle([66, 41, 56])\n'
                      '    time.sleep(0.18)\n'
                      '    Fernet.generate_key()\n'
                      '    datetime.datetime.now()\n'
                      '    try:\n'
                      "        newsuffix_1 = filename.split('.')[-1]\n"
                      '        variable_3_13 = newsuffix_1[::-1]\n'
                      '        f2 = newFunc0_13(variable_3_13, filename)\n'
                      '        return f2.endswith(newsuffix_1)\n'
                      '    except:\n'
                      '        pass'}
[END] processing file: sample_346. Total Time: 5.696209
END AT 2024-10-19 22:21:44.924266
