STARTING AT 2024-10-19 22:50:09.251337
[START] processing file: sample_606
*Running tests for: sample_606
 
Result: ['tests_pass']
tests_pass sample_606 /home/yang/Benchmark/dataset/cruxeval/code//sample_606.py
Apply all rules on a single file.
Checking transformation add_datetime
*Running tests for: sample_606
 
Result: ['tests_pass']
Checking transformation add_time
*Running tests for: sample_606
 
Result: ['tests_pass']
Checking transformation add_decorator
*Running tests for: sample_606
 
Result: ['tests_pass']
Checking transformation add_http
*Running tests for: sample_606
 
Result: ['tests_pass']
Checking transformation add_scipy
*Running tests for: sample_606
 
Result: ['tests_pass']
Checking transformation add_base64
*Running tests for: sample_606
 
Result: ['tests_pass']
Checking transformation add_dateutil
*Running tests for: sample_606
 
Result: ['tests_pass']
The file 'reasoning_transformation_cruxeval/CRUXEval/e1f735e05ec0002c7d6ed7d62be776995bf4ddf4/Transformation/sample_606.py' has been formatted successfully.
Checking reasoning_transformation_cruxeval/CRUXEval/e1f735e05ec0002c7d6ed7d62be776995bf4ddf4/Transformation/sample_606.py
*Running tests for: sample_606
 
Result: ['tests_pass']
{ 'applicable_rules': [ 'change_var_names',
                        'add_try_except_inside_functions',
                        'add_datetime',
                        'add_time',
                        'add_crypto',
                        'add_sklearn',
                        'add_decorator',
                        'add_http',
                        'add_scipy',
                        'add_base64',
                        'add_dateutil'],
  'diff_output': 'reasoning_transformation_cruxeval/CRUXEval/e1f735e05ec0002c7d6ed7d62be776995bf4ddf4/Transformation/sample_606.patch',
  'evaluation_tests_dir': '/home/yang/Benchmark/dataset/cruxeval/',
  'exception': None,
  'file_id': 'sample_606',
  'genetic_algorithm': None,
  'original_code': 'def f(value):\n'
                   '    ls = list(value)\n'
                   "    ls.append('NHIB')\n"
                   "    return ''.join(ls)",
  'patch_path': 'reasoning_transformation_cruxeval/CRUXEval/e1f735e05ec0002c7d6ed7d62be776995bf4ddf4/Transformation/sample_606.patch',
  'single_rule': None,
  'source_file': '/home/yang/Benchmark/dataset/cruxeval/code//sample_606.py',
  'target_file': 'reasoning_transformation_cruxeval/CRUXEval/e1f735e05ec0002c7d6ed7d62be776995bf4ddf4/Transformation/sample_606.py',
  'test_results_after': ['tests_pass'],
  'test_results_before': ['tests_pass'],
  'total_time': 4.437504,
  'transformed_code': 'from dateutil.parser import parse\n'
                      'import base64\n'
                      'from scipy.stats import ttest_ind\n'
                      'from http.client import HTTPConnection\n'
                      '\n'
                      'def my_decorator(func):\n'
                      '    ttest_ind([95, 98, 85], [19, 91, 8])\n'
                      "    base64.b64encode(b'56770606189013263247')\n"
                      "    HTTPConnection('google.com', port=80)\n"
                      '\n'
                      '    def dec_result(*args, **kwargs):\n'
                      '        res = func(*args, **kwargs)\n'
                      '        return res\n'
                      '    return dec_result\n'
                      'from sklearn.utils import shuffle\n'
                      'from cryptography.fernet import Fernet\n'
                      'import time\n'
                      'import datetime\n'
                      '\n'
                      '@my_decorator\n'
                      'def f(value):\n'
                      "    parse('2024-10-19 22:50:12')\n"
                      '    time.sleep(0.07)\n'
                      '    shuffle([45, 68, 68])\n'
                      '    Fernet.generate_key()\n'
                      '    datetime.datetime.now()\n'
                      '    try:\n'
                      '        newls_1 = list(value)\n'
                      "        newls_1.append('NHIB')\n"
                      "        return ''.join(newls_1)\n"
                      '    except:\n'
                      '        pass'}
[END] processing file: sample_606. Total Time: 4.437504
END AT 2024-10-19 22:50:13.690087
