STARTING AT 2024-10-19 22:28:11.403226
[START] processing file: sample_401
*Running tests for: sample_401
 
Result: ['tests_pass']
tests_pass sample_401 /home/yang/Benchmark/dataset/cruxeval/code//sample_401.py
Apply all rules on a single file.
Checking transformation add_nested_if
*Running tests for: sample_401
 
Result: ['tests_pass']
Checking transformation add_nested_list
*Running tests for: sample_401
 
Result: ['tests_pass']
Checking transformation add_datetime
*Running tests for: sample_401
 
Result: ['tests_pass']
Checking transformation add_time
*Running tests for: sample_401
 
Result: ['tests_pass']
Checking transformation create_functions
*Running tests for: sample_401
 
Result: ['tests_pass']
Checking transformation add_decorator
*Running tests for: sample_401
 
Result: ['tests_pass']
Checking transformation add_http
*Running tests for: sample_401
 
Result: ['tests_pass']
Checking transformation add_scipy
*Running tests for: sample_401
 
Result: ['tests_pass']
Checking transformation add_base64
*Running tests for: sample_401
 
Result: ['tests_pass']
Checking transformation add_dateutil
*Running tests for: sample_401
 
Result: ['tests_pass']
The file 'reasoning_transformation_cruxeval/CRUXEval/e1f735e05ec0002c7d6ed7d62be776995bf4ddf4/Transformation/sample_401.py' has been formatted successfully.
Checking reasoning_transformation_cruxeval/CRUXEval/e1f735e05ec0002c7d6ed7d62be776995bf4ddf4/Transformation/sample_401.py
*Running tests for: sample_401
 
Result: ['tests_pass']
{ 'applicable_rules': [ 'add_nested_if',
                        'add_try_except_inside_functions',
                        'add_nested_list',
                        'add_datetime',
                        'add_time',
                        'add_crypto',
                        'add_sklearn',
                        'create_functions',
                        'add_decorator',
                        'add_http',
                        'add_scipy',
                        'add_base64',
                        'add_dateutil'],
  'diff_output': 'reasoning_transformation_cruxeval/CRUXEval/e1f735e05ec0002c7d6ed7d62be776995bf4ddf4/Transformation/sample_401.patch',
  'evaluation_tests_dir': '/home/yang/Benchmark/dataset/cruxeval/',
  'exception': None,
  'file_id': 'sample_401',
  'genetic_algorithm': None,
  'original_code': 'def f(text, suffix):\n'
                   '    if suffix and text.endswith(suffix):\n'
                   '        return text[:-len(suffix)]\n'
                   '    return text',
  'patch_path': 'reasoning_transformation_cruxeval/CRUXEval/e1f735e05ec0002c7d6ed7d62be776995bf4ddf4/Transformation/sample_401.patch',
  'single_rule': None,
  'source_file': '/home/yang/Benchmark/dataset/cruxeval/code//sample_401.py',
  'target_file': 'reasoning_transformation_cruxeval/CRUXEval/e1f735e05ec0002c7d6ed7d62be776995bf4ddf4/Transformation/sample_401.py',
  'test_results_after': ['tests_pass'],
  'test_results_before': ['tests_pass'],
  'total_time': 6.451365,
  'transformed_code': 'from dateutil.parser import parse\n'
                      'import base64\n'
                      'from scipy.stats import ttest_ind\n'
                      'from http.client import HTTPConnection\n'
                      '\n'
                      'def my_decorator(func):\n'
                      "    parse('2024-10-19 22:28:16')\n"
                      '    ttest_ind([25, 75, 86], [47, 96, 60])\n'
                      '\n'
                      '    def dec_result(*args, **kwargs):\n'
                      '        res = func(*args, **kwargs)\n'
                      '        return res\n'
                      "    HTTPConnection('google.com', port=80)\n"
                      '    return dec_result\n'
                      '\n'
                      '@my_decorator\n'
                      'def newFunc_BinOp0(a, b):\n'
                      "    base64.b64encode(b'95352589293521163064')\n"
                      '    return a & b\n'
                      'from sklearn.utils import shuffle\n'
                      'from cryptography.fernet import Fernet\n'
                      'import time\n'
                      'import datetime\n'
                      '\n'
                      'def f(text, suffix):\n'
                      '    time.sleep(0.25)\n'
                      '    datetime.datetime.now()\n'
                      '    shuffle([58, 40, 90])\n'
                      '    Fernet.generate_key()\n'
                      '    try:\n'
                      '        ConditionChecker12 = [111][0]\n'
                      '        ConditionChecker22 = 81\n'
                      '        if newFunc_BinOp0(ConditionChecker12, '
                      'ConditionChecker22):\n'
                      '            if suffix and text.endswith(suffix):\n'
                      '                return text[:-len(suffix)]\n'
                      '        return text\n'
                      '    except:\n'
                      '        pass'}
[END] processing file: sample_401. Total Time: 6.451365
END AT 2024-10-19 22:28:17.855650
