STARTING AT 2024-10-19 22:18:23.974086
[START] processing file: sample_319
*Running tests for: sample_319
 
Result: ['tests_pass']
tests_pass sample_319 /home/yang/Benchmark/dataset/cruxeval/code//sample_319.py
Apply all rules on a single file.
Checking transformation add_nested_while_out
*Running tests for: sample_319
 
Result: ['tests_pass']
Checking transformation add_nested_list
*Running tests for: sample_319
 
Result: ['tests_pass']
Checking transformation add_datetime
*Running tests for: sample_319
 
Result: ['tests_pass']
Checking transformation add_time
*Running tests for: sample_319
 
Result: ['tests_pass']
Checking transformation create_functions
*Running tests for: sample_319
 
Result: ['tests_pass']
Checking transformation add_decorator
*Running tests for: sample_319
 
Result: ['tests_pass']
Checking transformation add_http
*Running tests for: sample_319
 
Result: ['tests_pass']
Checking transformation add_scipy
*Running tests for: sample_319
 
Result: ['tests_pass']
Checking transformation add_base64
*Running tests for: sample_319
 
Result: ['tests_pass']
Checking transformation add_dateutil
*Running tests for: sample_319
 
Result: ['tests_pass']
The file 'reasoning_transformation_cruxeval/CRUXEval/e1f735e05ec0002c7d6ed7d62be776995bf4ddf4/Transformation/sample_319.py' has been formatted successfully.
Checking reasoning_transformation_cruxeval/CRUXEval/e1f735e05ec0002c7d6ed7d62be776995bf4ddf4/Transformation/sample_319.py
*Running tests for: sample_319
 
Result: ['tests_pass']
{ 'applicable_rules': [ 'change_var_names',
                        'add_nested_while_out',
                        'add_try_except_inside_functions',
                        'add_else_to_while',
                        'add_nested_list',
                        'add_datetime',
                        'add_time',
                        'add_crypto',
                        'add_sklearn',
                        'create_functions',
                        'add_decorator',
                        'add_http',
                        'add_scipy',
                        'add_base64',
                        'add_dateutil',
                        'changing_AugAssign'],
  'diff_output': 'reasoning_transformation_cruxeval/CRUXEval/e1f735e05ec0002c7d6ed7d62be776995bf4ddf4/Transformation/sample_319.patch',
  'evaluation_tests_dir': '/home/yang/Benchmark/dataset/cruxeval/',
  'exception': None,
  'file_id': 'sample_319',
  'genetic_algorithm': None,
  'original_code': 'def f(needle, haystack):\n'
                   '    count = 0\n'
                   '    while needle in haystack:\n'
                   "        haystack = haystack.replace(needle, '', 1)\n"
                   '        count += 1\n'
                   '    return count',
  'patch_path': 'reasoning_transformation_cruxeval/CRUXEval/e1f735e05ec0002c7d6ed7d62be776995bf4ddf4/Transformation/sample_319.patch',
  'single_rule': None,
  'source_file': '/home/yang/Benchmark/dataset/cruxeval/code//sample_319.py',
  'target_file': 'reasoning_transformation_cruxeval/CRUXEval/e1f735e05ec0002c7d6ed7d62be776995bf4ddf4/Transformation/sample_319.py',
  'test_results_after': ['tests_pass'],
  'test_results_before': ['tests_pass'],
  'total_time': 5.585664,
  'transformed_code': 'from dateutil.parser import parse\n'
                      'import base64\n'
                      'from scipy.stats import ttest_ind\n'
                      'from http.client import HTTPConnection\n'
                      '\n'
                      'def my_decorator(func):\n'
                      '\n'
                      '    def dec_result(*args, **kwargs):\n'
                      '        res = func(*args, **kwargs)\n'
                      '        return res\n'
                      '    return dec_result\n'
                      '\n'
                      '@my_decorator\n'
                      'def newFunc_BinOp0(a, b):\n'
                      "    HTTPConnection('google.com', port=80)\n"
                      '    return a % b\n'
                      'from sklearn.utils import shuffle\n'
                      'from cryptography.fernet import Fernet\n'
                      'import time\n'
                      'import datetime\n'
                      '\n'
                      'def f(needle, newhaystack_1):\n'
                      '    ttest_ind([48, 24, 53], [10, 89, 41])\n'
                      '    Fernet.generate_key()\n'
                      '    time.sleep(0.15)\n'
                      '    datetime.datetime.now()\n'
                      "    base64.b64encode(b'66617325907461792416')\n"
                      "    parse('2024-10-19 22:18:28')\n"
                      '    shuffle([32, 14, 43])\n'
                      '    try:\n'
                      '        count = [0][0]\n'
                      '        whileloopchecker13 = 924\n'
                      '        whileloopchecker23 = 923\n'
                      '        while newFunc_BinOp0(whileloopchecker13, '
                      'whileloopchecker23) == 1:\n'
                      '            whileloopchecker13 = whileloopchecker13 + '
                      '1\n'
                      '            while needle in newhaystack_1:\n'
                      '                newhaystack_1 = '
                      "newhaystack_1.replace(needle, '', 1)\n"
                      '                count += 1\n'
                      '        else:\n'
                      '            pass\n'
                      '        return count\n'
                      '    except:\n'
                      '        pass'}
[END] processing file: sample_319. Total Time: 5.585664
END AT 2024-10-19 22:18:29.561840
