STARTING AT 2024-10-19 23:04:22.279910
[START] processing file: sample_758
*Running tests for: sample_758
 
Result: ['tests_pass']
tests_pass sample_758 /home/yang/Benchmark/dataset/cruxeval/code//sample_758.py
Apply all rules on a single file.
Checking transformation add_nested_if
*Running tests for: sample_758
 
Result: ['tests_pass']
Checking transformation add_nested_list
*Running tests for: sample_758
 
Result: ['tests_pass']
Checking transformation add_datetime
*Running tests for: sample_758
 
Result: ['tests_pass']
Checking transformation add_time
*Running tests for: sample_758
 
Result: ['tests_pass']
Checking transformation create_functions
*Running tests for: sample_758
 
Result: ['tests_pass']
Checking transformation add_decorator
*Running tests for: sample_758
 
Result: ['tests_pass']
Checking transformation add_http
*Running tests for: sample_758
 
Result: ['tests_pass']
Checking transformation add_scipy
*Running tests for: sample_758
 
Result: ['tests_pass']
Checking transformation add_base64
*Running tests for: sample_758
 
Result: ['tests_pass']
Checking transformation add_dateutil
*Running tests for: sample_758
 
Result: ['tests_pass']
The file 'reasoning_transformation_cruxeval/CRUXEval/e1f735e05ec0002c7d6ed7d62be776995bf4ddf4/Transformation/sample_758.py' has been formatted successfully.
Checking reasoning_transformation_cruxeval/CRUXEval/e1f735e05ec0002c7d6ed7d62be776995bf4ddf4/Transformation/sample_758.py
*Running tests for: sample_758
 
Result: ['tests_pass']
{ 'applicable_rules': [ 'add_nested_if',
                        'add_try_except_inside_functions',
                        'add_nested_list',
                        'add_datetime',
                        'add_time',
                        'add_crypto',
                        'add_sklearn',
                        'create_functions',
                        'add_decorator',
                        'add_http',
                        'add_scipy',
                        'add_base64',
                        'add_dateutil'],
  'diff_output': 'reasoning_transformation_cruxeval/CRUXEval/e1f735e05ec0002c7d6ed7d62be776995bf4ddf4/Transformation/sample_758.patch',
  'evaluation_tests_dir': '/home/yang/Benchmark/dataset/cruxeval/',
  'exception': None,
  'file_id': 'sample_758',
  'genetic_algorithm': None,
  'original_code': 'def f(nums):\n'
                   '    if nums[::-1] == nums:\n'
                   '        return True\n'
                   '    return False',
  'patch_path': 'reasoning_transformation_cruxeval/CRUXEval/e1f735e05ec0002c7d6ed7d62be776995bf4ddf4/Transformation/sample_758.patch',
  'single_rule': None,
  'source_file': '/home/yang/Benchmark/dataset/cruxeval/code//sample_758.py',
  'target_file': 'reasoning_transformation_cruxeval/CRUXEval/e1f735e05ec0002c7d6ed7d62be776995bf4ddf4/Transformation/sample_758.py',
  'test_results_after': ['tests_pass'],
  'test_results_before': ['tests_pass'],
  'total_time': 4.594119,
  'transformed_code': 'from dateutil.parser import parse\n'
                      'import base64\n'
                      'from scipy.stats import ttest_ind\n'
                      'from http.client import HTTPConnection\n'
                      '\n'
                      'def my_decorator(func):\n'
                      '\n'
                      '    def dec_result(*args, **kwargs):\n'
                      '        res = func(*args, **kwargs)\n'
                      '        return res\n'
                      '    ttest_ind([69, 23, 51], [10, 58, 61])\n'
                      '    return dec_result\n'
                      '\n'
                      '@my_decorator\n'
                      'def newFunc_BinOp0(a, b):\n'
                      "    base64.b64encode(b'74996323624727035495')\n"
                      '    return a & b\n'
                      'from sklearn.utils import shuffle\n'
                      'from cryptography.fernet import Fernet\n'
                      'import time\n'
                      'import datetime\n'
                      '\n'
                      'def f(nums):\n'
                      '    time.sleep(0.02)\n'
                      '    datetime.datetime.now()\n'
                      "    parse('2024-10-19 23:04:25')\n"
                      '    shuffle([42, 23, 32])\n'
                      '    Fernet.generate_key()\n'
                      "    HTTPConnection('google.com', port=80)\n"
                      '    try:\n'
                      '        ConditionChecker12 = [78][0]\n'
                      '        ConditionChecker22 = 835\n'
                      '        if newFunc_BinOp0(ConditionChecker12, '
                      'ConditionChecker22):\n'
                      '            if nums[::-1] == nums:\n'
                      '                return True\n'
                      '        return False\n'
                      '    except:\n'
                      '        pass'}
[END] processing file: sample_758. Total Time: 4.594119
END AT 2024-10-19 23:04:26.876003
