STARTING AT 2024-10-19 22:34:13.870777
[START] processing file: sample_452
*Running tests for: sample_452
 
Result: ['tests_pass']
tests_pass sample_452 /home/yang/Benchmark/dataset/cruxeval/code//sample_452.py
Apply all rules on a single file.
Checking transformation add_nested_for_out
*Running tests for: sample_452
 
Result: ['tests_pass']
Checking transformation add_nested_if
*Running tests for: sample_452
 
Result: ['tests_pass']
Checking transformation add_nested_list
*Running tests for: sample_452
 
Result: ['tests_pass']
Checking transformation transform_range_to_recursion
*Running tests for: sample_452
 
Result: ['tests_pass']
Checking transformation add_datetime
*Running tests for: sample_452
 
Result: ['tests_pass']
Checking transformation add_time
*Running tests for: sample_452
 
Result: ['tests_pass']
Checking transformation create_functions
*Running tests for: sample_452
 
Result: ['tests_pass']
Checking transformation add_decorator
*Running tests for: sample_452
 
Result: ['tests_pass']
Checking transformation add_http
*Running tests for: sample_452
 
Result: ['tests_pass']
Checking transformation add_scipy
*Running tests for: sample_452
 
Result: ['tests_pass']
Checking transformation add_base64
*Running tests for: sample_452
 
Result: ['tests_pass']
Checking transformation add_dateutil
*Running tests for: sample_452
 
Result: ['tests_pass']
The file 'reasoning_transformation_cruxeval/CRUXEval/e1f735e05ec0002c7d6ed7d62be776995bf4ddf4/Transformation/sample_452.py' has been formatted successfully.
Checking reasoning_transformation_cruxeval/CRUXEval/e1f735e05ec0002c7d6ed7d62be776995bf4ddf4/Transformation/sample_452.py
*Running tests for: sample_452
 
Result: ['tests_pass']
{ 'applicable_rules': [ 'change_var_names',
                        'add_nested_for_out',
                        'add_nested_if',
                        'add_try_except_inside_functions',
                        'add_else_to_for',
                        'add_nested_list',
                        'transform_range_to_recursion',
                        'add_datetime',
                        'add_time',
                        'add_crypto',
                        'add_sklearn',
                        'create_functions',
                        'add_decorator',
                        'add_http',
                        'add_scipy',
                        'add_base64',
                        'add_dateutil',
                        'changing_AugAssign'],
  'diff_output': 'reasoning_transformation_cruxeval/CRUXEval/e1f735e05ec0002c7d6ed7d62be776995bf4ddf4/Transformation/sample_452.patch',
  'evaluation_tests_dir': '/home/yang/Benchmark/dataset/cruxeval/',
  'exception': None,
  'file_id': 'sample_452',
  'genetic_algorithm': None,
  'original_code': 'def f(text):\n'
                   '    counter = 0\n'
                   '    for char in text:\n'
                   '        if char.isalpha():\n'
                   '            counter += 1\n'
                   '    return counter',
  'patch_path': 'reasoning_transformation_cruxeval/CRUXEval/e1f735e05ec0002c7d6ed7d62be776995bf4ddf4/Transformation/sample_452.patch',
  'single_rule': None,
  'source_file': '/home/yang/Benchmark/dataset/cruxeval/code//sample_452.py',
  'target_file': 'reasoning_transformation_cruxeval/CRUXEval/e1f735e05ec0002c7d6ed7d62be776995bf4ddf4/Transformation/sample_452.py',
  'test_results_after': ['tests_pass'],
  'test_results_before': ['tests_pass'],
  'total_time': 5.701741,
  'transformed_code': 'from dateutil.parser import parse\n'
                      'import base64\n'
                      'from scipy.stats import ttest_ind\n'
                      'from http.client import HTTPConnection\n'
                      '\n'
                      'def my_decorator(func):\n'
                      '\n'
                      '    def dec_result(*args, **kwargs):\n'
                      '        res = func(*args, **kwargs)\n'
                      '        return res\n'
                      "    parse('2024-10-19 22:34:18')\n"
                      '    return dec_result\n'
                      '\n'
                      '@my_decorator\n'
                      'def newFunc_BinOp0(a, b):\n'
                      "    base64.b64encode(b'16724968378140292158')\n"
                      "    HTTPConnection('google.com', port=80)\n"
                      '    return a & b\n'
                      'from sklearn.utils import shuffle\n'
                      'from cryptography.fernet import Fernet\n'
                      'import time\n'
                      'import datetime\n'
                      '\n'
                      'def f(text):\n'
                      '    shuffle([10, 84, 95])\n'
                      '    Fernet.generate_key()\n'
                      '    ttest_ind([7, 73, 6], [91, 21, 70])\n'
                      '    datetime.datetime.now()\n'
                      '    time.sleep(0.17)\n'
                      '    try:\n'
                      '        newcounter_1 = [0][0]\n'
                      '        LoopChecker13 = 758\n'
                      '        LoopChecker23 = 757\n'
                      '        ConditionChecker17 = 118\n'
                      '        ConditionChecker27 = 979\n'
                      '\n'
                      '        def loop_8_8(LoopIndexOut, stop, step):\n'
                      '            nonlocal newcounter_1\n'
                      '            if step == 0 or (step > 0 and LoopIndexOut '
                      '>= stop) or (step < 0 and LoopIndexOut <= stop):\n'
                      '                return\n'
                      '            for char in text:\n'
                      '                if newFunc_BinOp0(ConditionChecker17, '
                      'ConditionChecker27):\n'
                      '                    if char.isalpha():\n'
                      '                        newcounter_1 = newcounter_1 + '
                      '1\n'
                      '            loop_8_8(LoopIndexOut + step, stop, step)\n'
                      '        loop_8_8(0, LoopChecker13 // LoopChecker23, 1)\n'
                      '        return newcounter_1\n'
                      '    except:\n'
                      '        pass'}
[END] processing file: sample_452. Total Time: 5.701741
END AT 2024-10-19 22:34:19.574716
