STARTING AT 2024-10-19 23:00:41.356106
[START] processing file: sample_707
*Running tests for: sample_707
 
Result: ['tests_pass']
tests_pass sample_707 /home/yang/Benchmark/dataset/cruxeval/code//sample_707.py
Apply all rules on a single file.
Checking transformation add_nested_if
*Running tests for: sample_707
 
Result: ['tests_pass']
Checking transformation add_nested_list
*Running tests for: sample_707
 
Result: ['tests_pass']
Checking transformation add_datetime
*Running tests for: sample_707
 
Result: ['tests_pass']
Checking transformation add_time
*Running tests for: sample_707
 
Result: ['tests_pass']
Checking transformation create_functions
*Running tests for: sample_707
 
Result: ['tests_pass']
Checking transformation add_decorator
*Running tests for: sample_707
 
Result: ['tests_pass']
Checking transformation add_http
*Running tests for: sample_707
 
Result: ['tests_pass']
Checking transformation add_scipy
*Running tests for: sample_707
 
Result: ['tests_pass']
Checking transformation add_base64
*Running tests for: sample_707
 
Result: ['tests_pass']
Checking transformation add_dateutil
*Running tests for: sample_707
 
Result: ['tests_pass']
The file 'reasoning_transformation_cruxeval/CRUXEval/e1f735e05ec0002c7d6ed7d62be776995bf4ddf4/Transformation/sample_707.py' has been formatted successfully.
Checking reasoning_transformation_cruxeval/CRUXEval/e1f735e05ec0002c7d6ed7d62be776995bf4ddf4/Transformation/sample_707.py
*Running tests for: sample_707
 
Result: ['tests_pass']
{ 'applicable_rules': [ 'change_var_names',
                        'add_nested_if',
                        'add_try_except_inside_functions',
                        'add_nested_list',
                        'add_datetime',
                        'add_time',
                        'add_crypto',
                        'add_sklearn',
                        'create_functions',
                        'add_decorator',
                        'add_http',
                        'add_scipy',
                        'add_base64',
                        'add_dateutil'],
  'diff_output': 'reasoning_transformation_cruxeval/CRUXEval/e1f735e05ec0002c7d6ed7d62be776995bf4ddf4/Transformation/sample_707.patch',
  'evaluation_tests_dir': '/home/yang/Benchmark/dataset/cruxeval/',
  'exception': None,
  'file_id': 'sample_707',
  'genetic_algorithm': None,
  'original_code': 'def f(text, position):\n'
                   '    length = len(text)\n'
                   '    index = position % (length + 1)\n'
                   '    if position < 0 or index < 0:\n'
                   '        index = -1\n'
                   '    new_text = list(text)\n'
                   '    new_text.pop(index)\n'
                   "    return ''.join(new_text)",
  'patch_path': 'reasoning_transformation_cruxeval/CRUXEval/e1f735e05ec0002c7d6ed7d62be776995bf4ddf4/Transformation/sample_707.patch',
  'single_rule': None,
  'source_file': '/home/yang/Benchmark/dataset/cruxeval/code//sample_707.py',
  'target_file': 'reasoning_transformation_cruxeval/CRUXEval/e1f735e05ec0002c7d6ed7d62be776995bf4ddf4/Transformation/sample_707.py',
  'test_results_after': ['tests_pass'],
  'test_results_before': ['tests_pass'],
  'total_time': 6.154229,
  'transformed_code': 'from dateutil.parser import parse\n'
                      'import base64\n'
                      'from scipy.stats import ttest_ind\n'
                      'from http.client import HTTPConnection\n'
                      '\n'
                      'def my_decorator(func):\n'
                      "    parse('2024-10-19 23:00:45')\n"
                      '\n'
                      '    def dec_result(*args, **kwargs):\n'
                      '        res = func(*args, **kwargs)\n'
                      '        return res\n'
                      '    return dec_result\n'
                      '\n'
                      '@my_decorator\n'
                      'def newFunc0_15(position, newlength_1, variable_7_15):\n'
                      '    ttest_ind([94, 12, 33], [72, 76, 7])\n'
                      '    return position % (newlength_1 + variable_7_15)\n'
                      'from sklearn.utils import shuffle\n'
                      'from cryptography.fernet import Fernet\n'
                      'import time\n'
                      'import datetime\n'
                      '\n'
                      'def f(text, position):\n'
                      '    datetime.datetime.now()\n'
                      '    shuffle([39, 2, 50])\n'
                      "    HTTPConnection('google.com', port=80)\n"
                      "    base64.b64encode(b'03359090014264254980')\n"
                      '    Fernet.generate_key()\n'
                      '    time.sleep(0.2)\n'
                      '    try:\n'
                      '        ConditionChecker14 = [624][0]\n'
                      '        ConditionChecker24 = 997\n'
                      '        newlength_1 = len(text)\n'
                      '        variable_7_15 = 1\n'
                      '        index = newFunc0_15(position, newlength_1, '
                      'variable_7_15)\n'
                      '        if ConditionChecker14 & ConditionChecker24:\n'
                      '            if position < 0 or index < 0:\n'
                      '                index = -1\n'
                      '        new_text = list(text)\n'
                      '        new_text.pop(index)\n'
                      "        return ''.join(new_text)\n"
                      '    except:\n'
                      '        pass'}
[END] processing file: sample_707. Total Time: 6.154229
END AT 2024-10-19 23:00:47.512013
