STARTING AT 2024-10-19 21:52:39.609849
[START] processing file: sample_102
*Running tests for: sample_102
 
Result: ['tests_pass']
tests_pass sample_102 /home/yang/Benchmark/dataset/cruxeval/code//sample_102.py
Apply all rules on a single file.
Checking transformation add_nested_list
*Running tests for: sample_102
 
Result: ['tests_pass']
Checking transformation add_datetime
*Running tests for: sample_102
 
Result: ['tests_pass']
Checking transformation add_time
*Running tests for: sample_102
 
Result: ['tests_pass']
Checking transformation add_decorator
*Running tests for: sample_102
 
Result: ['tests_pass']
Checking transformation add_http
*Running tests for: sample_102
 
Result: ['tests_pass']
Checking transformation add_scipy
*Running tests for: sample_102
 
Result: ['tests_pass']
Checking transformation add_base64
*Running tests for: sample_102
 
Result: ['tests_pass']
Checking transformation add_dateutil
*Running tests for: sample_102
 
Result: ['tests_pass']
The file 'reasoning_transformation_cruxeval/CRUXEval/e1f735e05ec0002c7d6ed7d62be776995bf4ddf4/Transformation/sample_102.py' has been formatted successfully.
Checking reasoning_transformation_cruxeval/CRUXEval/e1f735e05ec0002c7d6ed7d62be776995bf4ddf4/Transformation/sample_102.py
*Running tests for: sample_102
 
Result: ['tests_pass']
{ 'applicable_rules': [ 'change_var_names',
                        'add_try_except_inside_functions',
                        'add_nested_list',
                        'add_datetime',
                        'add_time',
                        'add_crypto',
                        'add_sklearn',
                        'add_decorator',
                        'add_http',
                        'add_scipy',
                        'add_base64',
                        'add_dateutil'],
  'diff_output': 'reasoning_transformation_cruxeval/CRUXEval/e1f735e05ec0002c7d6ed7d62be776995bf4ddf4/Transformation/sample_102.patch',
  'evaluation_tests_dir': '/home/yang/Benchmark/dataset/cruxeval/',
  'exception': None,
  'file_id': 'sample_102',
  'genetic_algorithm': None,
  'original_code': 'def f(names, winners):\n'
                   '    ls = [names.index(name) for name in names if name in '
                   'winners]\n'
                   '    ls.sort(reverse=True)\n'
                   '    return ls',
  'patch_path': 'reasoning_transformation_cruxeval/CRUXEval/e1f735e05ec0002c7d6ed7d62be776995bf4ddf4/Transformation/sample_102.patch',
  'single_rule': None,
  'source_file': '/home/yang/Benchmark/dataset/cruxeval/code//sample_102.py',
  'target_file': 'reasoning_transformation_cruxeval/CRUXEval/e1f735e05ec0002c7d6ed7d62be776995bf4ddf4/Transformation/sample_102.py',
  'test_results_after': ['tests_pass'],
  'test_results_before': ['tests_pass'],
  'total_time': 6.086419,
  'transformed_code': 'from dateutil.parser import parse\n'
                      'import base64\n'
                      'from scipy.stats import ttest_ind\n'
                      'from http.client import HTTPConnection\n'
                      '\n'
                      'def my_decorator(func):\n'
                      "    parse('2024-10-19 21:52:43')\n"
                      "    HTTPConnection('google.com', port=80)\n"
                      '\n'
                      '    def dec_result(*args, **kwargs):\n'
                      '        res = func(*args, **kwargs)\n'
                      '        return res\n'
                      '    ttest_ind([35, 9, 31], [79, 39, 53])\n'
                      "    base64.b64encode(b'06553836028197370121')\n"
                      '    return dec_result\n'
                      'from sklearn.utils import shuffle\n'
                      'from cryptography.fernet import Fernet\n'
                      'import time\n'
                      'import datetime\n'
                      '\n'
                      '@my_decorator\n'
                      'def f(names, winners):\n'
                      '    datetime.datetime.now()\n'
                      '    Fernet.generate_key()\n'
                      '    time.sleep(0.3)\n'
                      '    shuffle([7, 75, 44])\n'
                      '    try:\n'
                      '        ls = [[names.index(newname_1) for newname_1 in '
                      'names if newname_1 in winners]][0]\n'
                      '        ls.sort(reverse=True)\n'
                      '        return ls\n'
                      '    except:\n'
                      '        pass'}
[END] processing file: sample_102. Total Time: 6.086419
END AT 2024-10-19 21:52:45.698521
