STARTING AT 2024-10-19 22:53:36.043073
[START] processing file: sample_649
*Running tests for: sample_649
 
Result: ['tests_pass']
tests_pass sample_649 /home/yang/Benchmark/dataset/cruxeval/code//sample_649.py
Apply all rules on a single file.
Checking transformation add_datetime
*Running tests for: sample_649
 
Result: ['tests_pass']
Checking transformation add_time
*Running tests for: sample_649
 
Result: ['tests_pass']
Checking transformation add_decorator
*Running tests for: sample_649
 
Result: ['tests_pass']
Checking transformation add_http
*Running tests for: sample_649
 
Result: ['tests_pass']
Checking transformation add_scipy
*Running tests for: sample_649
 
Result: ['tests_pass']
Checking transformation add_base64
*Running tests for: sample_649
 
Result: ['tests_pass']
Checking transformation add_dateutil
*Running tests for: sample_649
 
Result: ['tests_pass']
The file 'reasoning_transformation_cruxeval/CRUXEval/e1f735e05ec0002c7d6ed7d62be776995bf4ddf4/Transformation/sample_649.py' has been formatted successfully.
Checking reasoning_transformation_cruxeval/CRUXEval/e1f735e05ec0002c7d6ed7d62be776995bf4ddf4/Transformation/sample_649.py
*Running tests for: sample_649
 
Result: ['tests_pass']
{ 'applicable_rules': [ 'change_var_names',
                        'add_try_except_inside_functions',
                        'add_datetime',
                        'add_time',
                        'add_crypto',
                        'add_sklearn',
                        'add_decorator',
                        'add_http',
                        'add_scipy',
                        'add_base64',
                        'add_dateutil'],
  'diff_output': 'reasoning_transformation_cruxeval/CRUXEval/e1f735e05ec0002c7d6ed7d62be776995bf4ddf4/Transformation/sample_649.patch',
  'evaluation_tests_dir': '/home/yang/Benchmark/dataset/cruxeval/',
  'exception': None,
  'file_id': 'sample_649',
  'genetic_algorithm': None,
  'original_code': 'def f(text, tabsize):\n'
                   "    return '\\n'.join([t.expandtabs(tabsize) for t in "
                   "text.split('\\n')])",
  'patch_path': 'reasoning_transformation_cruxeval/CRUXEval/e1f735e05ec0002c7d6ed7d62be776995bf4ddf4/Transformation/sample_649.patch',
  'single_rule': None,
  'source_file': '/home/yang/Benchmark/dataset/cruxeval/code//sample_649.py',
  'target_file': 'reasoning_transformation_cruxeval/CRUXEval/e1f735e05ec0002c7d6ed7d62be776995bf4ddf4/Transformation/sample_649.py',
  'test_results_after': ['tests_pass'],
  'test_results_before': ['tests_pass'],
  'total_time': 4.852307,
  'transformed_code': 'from dateutil.parser import parse\n'
                      'import base64\n'
                      'from scipy.stats import ttest_ind\n'
                      'from http.client import HTTPConnection\n'
                      '\n'
                      'def my_decorator(func):\n'
                      '\n'
                      '    def dec_result(*args, **kwargs):\n'
                      '        res = func(*args, **kwargs)\n'
                      '        return res\n'
                      "    HTTPConnection('google.com', port=80)\n"
                      '    ttest_ind([96, 33, 84], [42, 98, 16])\n'
                      "    base64.b64encode(b'38837599509106352315')\n"
                      '    return dec_result\n'
                      'from sklearn.utils import shuffle\n'
                      'from cryptography.fernet import Fernet\n'
                      'import time\n'
                      'import datetime\n'
                      '\n'
                      '@my_decorator\n'
                      'def f(text, tabsize):\n'
                      '    shuffle([86, 80, 54])\n'
                      '    Fernet.generate_key()\n'
                      '    datetime.datetime.now()\n'
                      "    parse('2024-10-19 22:53:39')\n"
                      '    time.sleep(0.13)\n'
                      '    try:\n'
                      "        return '\\n'.join([newt_1.expandtabs(tabsize) "
                      "for newt_1 in text.split('\\n')])\n"
                      '    except:\n'
                      '        pass'}
[END] processing file: sample_649. Total Time: 4.852307
END AT 2024-10-19 22:53:40.896736
