STARTING AT 2024-10-19 22:13:37.428125
[START] processing file: sample_278
*Running tests for: sample_278
 
Result: ['tests_pass']
tests_pass sample_278 /home/yang/Benchmark/dataset/cruxeval/code//sample_278.py
Apply all rules on a single file.
Checking transformation add_nested_for_out
*Running tests for: sample_278
 
Result: ['tests_pass']
Checking transformation add_nested_list
*Running tests for: sample_278
 
Result: ['tests_pass']
Checking transformation transform_range_to_recursion
*Running tests for: sample_278
 
Result: ['tests_pass']
Checking transformation add_datetime
*Running tests for: sample_278
 
Result: ['tests_pass']
Checking transformation add_time
*Running tests for: sample_278
 
Result: ['tests_pass']
Checking transformation create_functions
*Running tests for: sample_278
 
Result: ['tests_pass']
Checking transformation add_decorator
*Running tests for: sample_278
 
Result: ['tests_pass']
Checking transformation add_http
*Running tests for: sample_278
 
Result: ['tests_pass']
Checking transformation add_scipy
*Running tests for: sample_278
 
Result: ['tests_pass']
Checking transformation add_base64
*Running tests for: sample_278
 
Result: ['tests_pass']
Checking transformation add_dateutil
*Running tests for: sample_278
 
Result: ['tests_pass']
The file 'reasoning_transformation_cruxeval/CRUXEval/e1f735e05ec0002c7d6ed7d62be776995bf4ddf4/Transformation/sample_278.py' has been formatted successfully.
Checking reasoning_transformation_cruxeval/CRUXEval/e1f735e05ec0002c7d6ed7d62be776995bf4ddf4/Transformation/sample_278.py
*Running tests for: sample_278
 
Result: ['tests_pass']
{ 'applicable_rules': [ 'change_var_names',
                        'add_nested_for_out',
                        'add_try_except_inside_functions',
                        'add_else_to_for',
                        'add_nested_list',
                        'transform_range_to_recursion',
                        'add_datetime',
                        'add_time',
                        'add_crypto',
                        'add_sklearn',
                        'create_functions',
                        'add_decorator',
                        'add_http',
                        'add_scipy',
                        'add_base64',
                        'add_dateutil'],
  'diff_output': 'reasoning_transformation_cruxeval/CRUXEval/e1f735e05ec0002c7d6ed7d62be776995bf4ddf4/Transformation/sample_278.patch',
  'evaluation_tests_dir': '/home/yang/Benchmark/dataset/cruxeval/',
  'exception': None,
  'file_id': 'sample_278',
  'genetic_algorithm': None,
  'original_code': 'def f(array1, array2):\n'
                   '    result = dict.fromkeys(array1)\n'
                   '    for key in result:\n'
                   '        result[key] = [el for el in array2 if key * 2 > '
                   'el]\n'
                   '    return result',
  'patch_path': 'reasoning_transformation_cruxeval/CRUXEval/e1f735e05ec0002c7d6ed7d62be776995bf4ddf4/Transformation/sample_278.patch',
  'single_rule': None,
  'source_file': '/home/yang/Benchmark/dataset/cruxeval/code//sample_278.py',
  'target_file': 'reasoning_transformation_cruxeval/CRUXEval/e1f735e05ec0002c7d6ed7d62be776995bf4ddf4/Transformation/sample_278.py',
  'test_results_after': ['tests_pass'],
  'test_results_before': ['tests_pass'],
  'total_time': 6.570136,
  'transformed_code': 'from dateutil.parser import parse\n'
                      'import base64\n'
                      'from scipy.stats import ttest_ind\n'
                      'from http.client import HTTPConnection\n'
                      '\n'
                      'def my_decorator(func):\n'
                      "    base64.b64encode(b'33693210043965187517')\n"
                      '\n'
                      '    def dec_result(*args, **kwargs):\n'
                      '        res = func(*args, **kwargs)\n'
                      '        return res\n'
                      '    return dec_result\n'
                      '\n'
                      '@my_decorator\n'
                      'def newFunc_BinOp0(a, b):\n'
                      '    ttest_ind([3, 37, 38], [75, 79, 97])\n'
                      '    return a * b\n'
                      'from sklearn.utils import shuffle\n'
                      'from cryptography.fernet import Fernet\n'
                      'import time\n'
                      'import datetime\n'
                      '\n'
                      'def f(array1, array2):\n'
                      "    parse('2024-10-19 22:13:42')\n"
                      '    shuffle([66, 4, 86])\n'
                      '    datetime.datetime.now()\n'
                      '    time.sleep(0.25)\n'
                      "    HTTPConnection('google.com', port=80)\n"
                      '    Fernet.generate_key()\n'
                      '    try:\n'
                      '        newresult_1 = dict.fromkeys(array1)\n'
                      '        LoopChecker13 = [329][0]\n'
                      '        LoopChecker23 = 328\n'
                      '\n'
                      '        def loop_6_8(LoopIndexOut, stop, step):\n'
                      '            if step == 0 or (step > 0 and LoopIndexOut '
                      '>= stop) or (step < 0 and LoopIndexOut <= stop):\n'
                      '                return\n'
                      '            for key in newresult_1:\n'
                      '                newresult_1[key] = [el for el in array2 '
                      'if newFunc_BinOp0(key, 2) > el]\n'
                      '            loop_6_8(LoopIndexOut + step, stop, step)\n'
                      '        loop_6_8(0, LoopChecker13 // LoopChecker23, 1)\n'
                      '        return newresult_1\n'
                      '    except:\n'
                      '        pass'}
[END] processing file: sample_278. Total Time: 6.570136
END AT 2024-10-19 22:13:44.000490
