STARTING AT 2024-10-19 22:30:37.089453
[START] processing file: sample_421
*Running tests for: sample_421
 
Result: ['tests_pass']
tests_pass sample_421 /home/yang/Benchmark/dataset/cruxeval/code//sample_421.py
Apply all rules on a single file.
Checking transformation add_nested_if
*Running tests for: sample_421
 Traceback (most recent call last):
  File "/home/yang/Benchmark/.tmp_test/tmp_test.pysample_421", line 9, in <module>
    assert f("try.", 5) == 'try.'
AssertionError

output_actual, stderr_data: ('', b'Traceback (most recent call last):\n  File "/home/yang/Benchmark/.tmp_test/tmp_test.pysample_421", line 9, in <module>\n    assert f("try.", 5) == \'try.\'\nAssertionError\n')
Result: ['error_or_timeout']
Drop add_nested_if due to ['error_or_timeout']
Checking transformation add_datetime
*Running tests for: sample_421
 
Result: ['tests_pass']
Checking transformation add_time
*Running tests for: sample_421
 
Result: ['tests_pass']
Checking transformation add_decorator
*Running tests for: sample_421
 
Result: ['tests_pass']
Checking transformation add_http
*Running tests for: sample_421
 
Result: ['tests_pass']
Checking transformation add_scipy
*Running tests for: sample_421
 
Result: ['tests_pass']
Checking transformation add_base64
*Running tests for: sample_421
 
Result: ['tests_pass']
Checking transformation add_dateutil
*Running tests for: sample_421
 
Result: ['tests_pass']
The file 'reasoning_transformation_cruxeval/CRUXEval/e1f735e05ec0002c7d6ed7d62be776995bf4ddf4/Transformation/sample_421.py' has been formatted successfully.
Checking reasoning_transformation_cruxeval/CRUXEval/e1f735e05ec0002c7d6ed7d62be776995bf4ddf4/Transformation/sample_421.py
*Running tests for: sample_421
 
Result: ['tests_pass']
{ 'applicable_rules': [ 'add_try_except_inside_functions',
                        'add_datetime',
                        'add_time',
                        'add_crypto',
                        'add_sklearn',
                        'add_decorator',
                        'add_http',
                        'add_scipy',
                        'add_base64',
                        'add_dateutil'],
  'diff_output': 'reasoning_transformation_cruxeval/CRUXEval/e1f735e05ec0002c7d6ed7d62be776995bf4ddf4/Transformation/sample_421.patch',
  'evaluation_tests_dir': '/home/yang/Benchmark/dataset/cruxeval/',
  'exception': None,
  'file_id': 'sample_421',
  'genetic_algorithm': None,
  'original_code': 'def f(str, n):\n'
                   '    if len(str) < n:\n'
                   '        return str\n'
                   '    else:\n'
                   '        return str.removeprefix(str[:n])',
  'patch_path': 'reasoning_transformation_cruxeval/CRUXEval/e1f735e05ec0002c7d6ed7d62be776995bf4ddf4/Transformation/sample_421.patch',
  'single_rule': None,
  'source_file': '/home/yang/Benchmark/dataset/cruxeval/code//sample_421.py',
  'target_file': 'reasoning_transformation_cruxeval/CRUXEval/e1f735e05ec0002c7d6ed7d62be776995bf4ddf4/Transformation/sample_421.py',
  'test_results_after': ['tests_pass'],
  'test_results_before': ['tests_pass'],
  'total_time': 4.202966,
  'transformed_code': 'from dateutil.parser import parse\n'
                      'import base64\n'
                      'from scipy.stats import ttest_ind\n'
                      'from http.client import HTTPConnection\n'
                      '\n'
                      'def my_decorator(func):\n'
                      '\n'
                      '    def dec_result(*args, **kwargs):\n'
                      '        res = func(*args, **kwargs)\n'
                      '        return res\n'
                      "    parse('2024-10-19 22:30:39')\n"
                      "    HTTPConnection('google.com', port=80)\n"
                      '    return dec_result\n'
                      'from sklearn.utils import shuffle\n'
                      'from cryptography.fernet import Fernet\n'
                      'import time\n'
                      'import datetime\n'
                      '\n'
                      '@my_decorator\n'
                      'def f(str, n):\n'
                      '    shuffle([56, 27, 17])\n'
                      '    time.sleep(0.03)\n'
                      '    Fernet.generate_key()\n'
                      "    base64.b64encode(b'48656795807053161118')\n"
                      '    datetime.datetime.now()\n'
                      '    ttest_ind([9, 3, 86], [9, 60, 20])\n'
                      '    try:\n'
                      '        if len(str) < n:\n'
                      '            return str\n'
                      '        else:\n'
                      '            return str.removeprefix(str[:n])\n'
                      '    except:\n'
                      '        pass'}
[END] processing file: sample_421. Total Time: 4.202966
END AT 2024-10-19 22:30:41.294328
