STARTING AT 2024-10-19 22:08:14.998677
[START] processing file: sample_233
*Running tests for: sample_233
 
Result: ['tests_pass']
tests_pass sample_233 /home/yang/Benchmark/dataset/cruxeval/code//sample_233.py
Apply all rules on a single file.
Checking transformation add_nested_for_out
*Running tests for: sample_233
 
Result: ['tests_pass']
Checking transformation add_nested_list
*Running tests for: sample_233
 
Result: ['tests_pass']
Checking transformation transform_range_to_recursion
*Running tests for: sample_233
 
Result: ['tests_pass']
Checking transformation replace_with_numpy
*Running tests for: sample_233
 Traceback (most recent call last):
  File "/home/yang/Benchmark/.tmp_test/tmp_test.pysample_233", line 18, in <module>
    assert f([1, 2, 3]) == [1, 2, 3]
AssertionError

output_actual, stderr_data: ('', b'Traceback (most recent call last):\n  File "/home/yang/Benchmark/.tmp_test/tmp_test.pysample_233", line 18, in <module>\n    assert f([1, 2, 3]) == [1, 2, 3]\nAssertionError\n')
Result: ['error_or_timeout']
Drop replace_with_numpy due to ['error_or_timeout']
Checking transformation add_datetime
*Running tests for: sample_233
 
Result: ['tests_pass']
Checking transformation add_time
*Running tests for: sample_233
 
Result: ['tests_pass']
Checking transformation create_functions
*Running tests for: sample_233
 
Result: ['tests_pass']
Checking transformation add_decorator
*Running tests for: sample_233
 
Result: ['tests_pass']
Checking transformation add_http
*Running tests for: sample_233
 
Result: ['tests_pass']
Checking transformation add_scipy
*Running tests for: sample_233
 
Result: ['tests_pass']
Checking transformation add_base64
*Running tests for: sample_233
 
Result: ['tests_pass']
Checking transformation add_dateutil
*Running tests for: sample_233
 
Result: ['tests_pass']
The file 'reasoning_transformation_cruxeval/CRUXEval/e1f735e05ec0002c7d6ed7d62be776995bf4ddf4/Transformation/sample_233.py' has been formatted successfully.
Checking reasoning_transformation_cruxeval/CRUXEval/e1f735e05ec0002c7d6ed7d62be776995bf4ddf4/Transformation/sample_233.py
*Running tests for: sample_233
 
Result: ['tests_pass']
{ 'applicable_rules': [ 'change_var_names',
                        'add_nested_for_out',
                        'add_try_except_inside_functions',
                        'add_else_to_for',
                        'add_nested_list',
                        'transform_range_to_recursion',
                        'add_datetime',
                        'add_time',
                        'add_crypto',
                        'add_sklearn',
                        'create_functions',
                        'add_decorator',
                        'add_http',
                        'add_scipy',
                        'add_base64',
                        'add_dateutil'],
  'diff_output': 'reasoning_transformation_cruxeval/CRUXEval/e1f735e05ec0002c7d6ed7d62be776995bf4ddf4/Transformation/sample_233.patch',
  'evaluation_tests_dir': '/home/yang/Benchmark/dataset/cruxeval/',
  'exception': None,
  'file_id': 'sample_233',
  'genetic_algorithm': None,
  'original_code': 'def f(xs):\n'
                   '    for idx in reversed(range(-len(xs) - 1, -1)):\n'
                   '        xs.insert(idx, xs.pop(0))\n'
                   '    return xs',
  'patch_path': 'reasoning_transformation_cruxeval/CRUXEval/e1f735e05ec0002c7d6ed7d62be776995bf4ddf4/Transformation/sample_233.patch',
  'single_rule': None,
  'source_file': '/home/yang/Benchmark/dataset/cruxeval/code//sample_233.py',
  'target_file': 'reasoning_transformation_cruxeval/CRUXEval/e1f735e05ec0002c7d6ed7d62be776995bf4ddf4/Transformation/sample_233.py',
  'test_results_after': ['tests_pass'],
  'test_results_before': ['tests_pass'],
  'total_time': 5.709289,
  'transformed_code': 'from dateutil.parser import parse\n'
                      'import base64\n'
                      'from scipy.stats import ttest_ind\n'
                      'from http.client import HTTPConnection\n'
                      '\n'
                      'def my_decorator(func):\n'
                      '\n'
                      '    def dec_result(*args, **kwargs):\n'
                      '        res = func(*args, **kwargs)\n'
                      '        return res\n'
                      "    parse('2024-10-19 22:08:19')\n"
                      '    return dec_result\n'
                      '\n'
                      '@my_decorator\n'
                      'def newFunc_BinOp0(a, b):\n'
                      '    ttest_ind([37, 91, 78], [63, 39, 99])\n'
                      "    base64.b64encode(b'09372999807804861410')\n"
                      '    return a - b\n'
                      'from sklearn.utils import shuffle\n'
                      'from cryptography.fernet import Fernet\n'
                      'import time\n'
                      'import datetime\n'
                      '\n'
                      'def f(xs):\n'
                      '    time.sleep(0.1)\n'
                      '    datetime.datetime.now()\n'
                      '    shuffle([26, 10, 81])\n'
                      '    Fernet.generate_key()\n'
                      "    HTTPConnection('google.com', port=80)\n"
                      '    try:\n'
                      '        LoopChecker12 = [893][0]\n'
                      '        LoopChecker22 = 892\n'
                      '\n'
                      '        def loop_5_8(LoopIndexOut, stop, step):\n'
                      '            if step == 0 or (step > 0 and LoopIndexOut '
                      '>= stop) or (step < 0 and LoopIndexOut <= stop):\n'
                      '                return\n'
                      '            for newidx_1 in '
                      'reversed(range(newFunc_BinOp0(-len(xs), 1), -1)):\n'
                      '                xs.insert(newidx_1, xs.pop(0))\n'
                      '            loop_5_8(LoopIndexOut + step, stop, step)\n'
                      '        loop_5_8(0, LoopChecker12 // LoopChecker22, 1)\n'
                      '        return xs\n'
                      '    except:\n'
                      '        pass'}
[END] processing file: sample_233. Total Time: 5.709289
END AT 2024-10-19 22:08:20.710063
