STARTING AT 2024-10-19 22:14:51.086687
[START] processing file: sample_288
*Running tests for: sample_288
 
Result: ['tests_pass']
tests_pass sample_288 /home/yang/Benchmark/dataset/cruxeval/code//sample_288.py
Apply all rules on a single file.
Checking transformation replace_with_numpy
*Running tests for: sample_288
 Traceback (most recent call last):
  File "/home/yang/Benchmark/.tmp_test/tmp_test.pysample_288", line 10, in <module>
    assert f({55: 4, 4: 555, 1: 3, 99: 21, 499: 4, 71: 7, 12: 6}) == [(1, 3), (4, 555)]
AssertionError

output_actual, stderr_data: ('', b'Traceback (most recent call last):\n  File "/home/yang/Benchmark/.tmp_test/tmp_test.pysample_288", line 10, in <module>\n    assert f({55: 4, 4: 555, 1: 3, 99: 21, 499: 4, 71: 7, 12: 6}) == [(1, 3), (4, 555)]\nAssertionError\n')
Result: ['error_or_timeout']
Drop replace_with_numpy due to ['error_or_timeout']
Checking transformation add_datetime
*Running tests for: sample_288
 
Result: ['tests_pass']
Checking transformation add_time
*Running tests for: sample_288
 
Result: ['tests_pass']
Checking transformation create_functions
*Running tests for: sample_288
 
Result: ['tests_pass']
Checking transformation add_decorator
*Running tests for: sample_288
 
Result: ['tests_pass']
Checking transformation add_http
*Running tests for: sample_288
 
Result: ['tests_pass']
Checking transformation add_scipy
*Running tests for: sample_288
 
Result: ['tests_pass']
Checking transformation add_base64
*Running tests for: sample_288
 
Result: ['tests_pass']
Checking transformation add_dateutil
*Running tests for: sample_288
 
Result: ['tests_pass']
The file 'reasoning_transformation_cruxeval/CRUXEval/e1f735e05ec0002c7d6ed7d62be776995bf4ddf4/Transformation/sample_288.py' has been formatted successfully.
Checking reasoning_transformation_cruxeval/CRUXEval/e1f735e05ec0002c7d6ed7d62be776995bf4ddf4/Transformation/sample_288.py
*Running tests for: sample_288
 
Result: ['tests_pass']
{ 'applicable_rules': [ 'change_var_names',
                        'add_try_except_inside_functions',
                        'add_datetime',
                        'add_time',
                        'add_crypto',
                        'add_sklearn',
                        'create_functions',
                        'add_decorator',
                        'add_http',
                        'add_scipy',
                        'add_base64',
                        'add_dateutil'],
  'diff_output': 'reasoning_transformation_cruxeval/CRUXEval/e1f735e05ec0002c7d6ed7d62be776995bf4ddf4/Transformation/sample_288.patch',
  'evaluation_tests_dir': '/home/yang/Benchmark/dataset/cruxeval/',
  'exception': None,
  'file_id': 'sample_288',
  'genetic_algorithm': None,
  'original_code': 'def f(d):\n'
                   '    sorted_pairs = sorted(list(d.items()), key=lambda x: '
                   'len(str(str(x[0]) + str(x[1]))))\n'
                   '    return [(k, v) for (k, v) in sorted_pairs if k < v]\n'
                   '    return ret',
  'patch_path': 'reasoning_transformation_cruxeval/CRUXEval/e1f735e05ec0002c7d6ed7d62be776995bf4ddf4/Transformation/sample_288.patch',
  'single_rule': None,
  'source_file': '/home/yang/Benchmark/dataset/cruxeval/code//sample_288.py',
  'target_file': 'reasoning_transformation_cruxeval/CRUXEval/e1f735e05ec0002c7d6ed7d62be776995bf4ddf4/Transformation/sample_288.py',
  'test_results_after': ['tests_pass'],
  'test_results_before': ['tests_pass'],
  'total_time': 6.068442,
  'transformed_code': 'from dateutil.parser import parse\n'
                      'import base64\n'
                      'from scipy.stats import ttest_ind\n'
                      'from http.client import HTTPConnection\n'
                      '\n'
                      'def my_decorator(func):\n'
                      "    HTTPConnection('google.com', port=80)\n"
                      '\n'
                      '    def dec_result(*args, **kwargs):\n'
                      '        res = func(*args, **kwargs)\n'
                      '        return res\n'
                      '    return dec_result\n'
                      '\n'
                      '@my_decorator\n'
                      'def newFunc_BinOp0(a, b):\n'
                      "    parse('2024-10-19 22:14:55')\n"
                      '    return a + b\n'
                      'from sklearn.utils import shuffle\n'
                      'from cryptography.fernet import Fernet\n'
                      'import time\n'
                      'import datetime\n'
                      '\n'
                      'def f(d):\n'
                      '    ttest_ind([97, 62, 88], [28, 6, 88])\n'
                      '    datetime.datetime.now()\n'
                      "    base64.b64encode(b'89456739762488131960')\n"
                      '    shuffle([79, 68, 39])\n'
                      '    Fernet.generate_key()\n'
                      '    time.sleep(0.14)\n'
                      '    try:\n'
                      '        sorted_pairs = sorted(list(d.items()), '
                      'key=lambda x: len(str(newFunc_BinOp0(str(x[0]), '
                      'str(x[1])))))\n'
                      '        return [(newk_1, v) for (newk_1, v) in '
                      'sorted_pairs if newk_1 < v]\n'
                      '        return ret\n'
                      '    except:\n'
                      '        pass'}
[END] processing file: sample_288. Total Time: 6.068442
END AT 2024-10-19 22:14:57.156609
