STARTING AT 2024-10-19 21:54:25.350268
[START] processing file: sample_117
*Running tests for: sample_117
 
Result: ['tests_pass']
tests_pass sample_117 /home/yang/Benchmark/dataset/cruxeval/code//sample_117.py
Apply all rules on a single file.
Checking transformation add_nested_for_out
*Running tests for: sample_117
 
Result: ['tests_pass']
Checking transformation add_nested_if
*Running tests for: sample_117
 
Result: ['tests_pass']
Checking transformation add_nested_list
*Running tests for: sample_117
 
Result: ['tests_pass']
Checking transformation transform_range_to_recursion
*Running tests for: sample_117
 
Result: ['tests_pass']
Checking transformation add_datetime
*Running tests for: sample_117
 
Result: ['tests_pass']
Checking transformation add_time
*Running tests for: sample_117
 
Result: ['tests_pass']
Checking transformation create_functions
*Running tests for: sample_117
 
Result: ['tests_pass']
Checking transformation add_decorator
*Running tests for: sample_117
 
Result: ['tests_pass']
Checking transformation add_http
*Running tests for: sample_117
 
Result: ['tests_pass']
Checking transformation add_scipy
*Running tests for: sample_117
 
Result: ['tests_pass']
Checking transformation add_base64
*Running tests for: sample_117
 
Result: ['tests_pass']
Checking transformation add_dateutil
*Running tests for: sample_117
 
Result: ['tests_pass']
The file 'reasoning_transformation_cruxeval/CRUXEval/e1f735e05ec0002c7d6ed7d62be776995bf4ddf4/Transformation/sample_117.py' has been formatted successfully.
Checking reasoning_transformation_cruxeval/CRUXEval/e1f735e05ec0002c7d6ed7d62be776995bf4ddf4/Transformation/sample_117.py
*Running tests for: sample_117
 
Result: ['tests_pass']
{ 'applicable_rules': [ 'change_var_names',
                        'add_nested_for_out',
                        'add_nested_if',
                        'add_try_except_inside_functions',
                        'add_else_to_for',
                        'add_nested_list',
                        'transform_range_to_recursion',
                        'add_datetime',
                        'add_time',
                        'add_crypto',
                        'add_sklearn',
                        'create_functions',
                        'add_decorator',
                        'add_http',
                        'add_scipy',
                        'add_base64',
                        'add_dateutil'],
  'diff_output': 'reasoning_transformation_cruxeval/CRUXEval/e1f735e05ec0002c7d6ed7d62be776995bf4ddf4/Transformation/sample_117.patch',
  'evaluation_tests_dir': '/home/yang/Benchmark/dataset/cruxeval/',
  'exception': None,
  'file_id': 'sample_117',
  'genetic_algorithm': None,
  'original_code': 'def f(numbers):\n'
                   '    for i in range(len(numbers)):\n'
                   "        if numbers.count('3') > 1:\n"
                   '            return i\n'
                   '    return -1',
  'patch_path': 'reasoning_transformation_cruxeval/CRUXEval/e1f735e05ec0002c7d6ed7d62be776995bf4ddf4/Transformation/sample_117.patch',
  'single_rule': None,
  'source_file': '/home/yang/Benchmark/dataset/cruxeval/code//sample_117.py',
  'target_file': 'reasoning_transformation_cruxeval/CRUXEval/e1f735e05ec0002c7d6ed7d62be776995bf4ddf4/Transformation/sample_117.py',
  'test_results_after': ['tests_pass'],
  'test_results_before': ['tests_pass'],
  'total_time': 5.076035,
  'transformed_code': 'from dateutil.parser import parse\n'
                      'import base64\n'
                      'from scipy.stats import ttest_ind\n'
                      'from http.client import HTTPConnection\n'
                      '\n'
                      'def my_decorator(func):\n'
                      '    ttest_ind([74, 61, 46], [93, 41, 36])\n'
                      '\n'
                      '    def dec_result(*args, **kwargs):\n'
                      '        res = func(*args, **kwargs)\n'
                      '        return res\n'
                      '    return dec_result\n'
                      '\n'
                      '@my_decorator\n'
                      'def newFunc_BinOp0(a, b):\n'
                      "    base64.b64encode(b'79334763293533210629')\n"
                      "    parse('2024-10-19 21:54:29')\n"
                      "    HTTPConnection('google.com', port=80)\n"
                      '    return a // b\n'
                      'from sklearn.utils import shuffle\n'
                      'from cryptography.fernet import Fernet\n'
                      'import time\n'
                      'import datetime\n'
                      '\n'
                      'def f(numbers):\n'
                      '    Fernet.generate_key()\n'
                      '    datetime.datetime.now()\n'
                      '    time.sleep(0.06)\n'
                      '    shuffle([20, 34, 73])\n'
                      '    try:\n'
                      '        LoopChecker12 = [858][0]\n'
                      '        LoopChecker22 = 857\n'
                      '        ConditionChecker16 = 246\n'
                      '        ConditionChecker26 = 73\n'
                      '        for LoopIndexOut in '
                      'range(newFunc_BinOp0(LoopChecker12, LoopChecker22)):\n'
                      '\n'
                      '            def loop_8_12(newi_1, stop, step):\n'
                      '                if step == 0 or (step > 0 and newi_1 >= '
                      'stop) or (step < 0 and newi_1 <= stop):\n'
                      '                    return\n'
                      '                if ConditionChecker16 & '
                      'ConditionChecker26:\n'
                      "                    if numbers.count('3') > 1:\n"
                      '                        return newi_1\n'
                      '                loop_8_12(newi_1 + step, stop, step)\n'
                      '            loop_8_12(0, len(numbers), 1)\n'
                      '        else:\n'
                      '            pass\n'
                      '        return -1\n'
                      '    except:\n'
                      '        pass'}
[END] processing file: sample_117. Total Time: 5.076035
END AT 2024-10-19 21:54:30.427473
