STARTING AT 2024-10-19 22:09:23.475949
[START] processing file: sample_242
*Running tests for: sample_242
 
Result: ['tests_pass']
tests_pass sample_242 /home/yang/Benchmark/dataset/cruxeval/code//sample_242.py
Apply all rules on a single file.
Checking transformation add_nested_if
*Running tests for: sample_242
 
Result: ['tests_pass']
Checking transformation add_nested_list
*Running tests for: sample_242
 
Result: ['tests_pass']
Checking transformation add_datetime
*Running tests for: sample_242
 
Result: ['tests_pass']
Checking transformation add_time
*Running tests for: sample_242
 
Result: ['tests_pass']
Checking transformation create_functions
*Running tests for: sample_242
 
Result: ['tests_pass']
Checking transformation add_decorator
*Running tests for: sample_242
 
Result: ['tests_pass']
Checking transformation add_http
*Running tests for: sample_242
 
Result: ['tests_pass']
Checking transformation add_scipy
*Running tests for: sample_242
 
Result: ['tests_pass']
Checking transformation add_base64
*Running tests for: sample_242
 
Result: ['tests_pass']
Checking transformation add_dateutil
*Running tests for: sample_242
 
Result: ['tests_pass']
The file 'reasoning_transformation_cruxeval/CRUXEval/e1f735e05ec0002c7d6ed7d62be776995bf4ddf4/Transformation/sample_242.py' has been formatted successfully.
Checking reasoning_transformation_cruxeval/CRUXEval/e1f735e05ec0002c7d6ed7d62be776995bf4ddf4/Transformation/sample_242.py
*Running tests for: sample_242
 
Result: ['tests_pass']
{ 'applicable_rules': [ 'change_var_names',
                        'add_nested_if',
                        'add_try_except_inside_functions',
                        'add_nested_list',
                        'add_datetime',
                        'add_time',
                        'add_crypto',
                        'add_sklearn',
                        'create_functions',
                        'add_decorator',
                        'add_http',
                        'add_scipy',
                        'add_base64',
                        'add_dateutil'],
  'diff_output': 'reasoning_transformation_cruxeval/CRUXEval/e1f735e05ec0002c7d6ed7d62be776995bf4ddf4/Transformation/sample_242.patch',
  'evaluation_tests_dir': '/home/yang/Benchmark/dataset/cruxeval/',
  'exception': None,
  'file_id': 'sample_242',
  'genetic_algorithm': None,
  'original_code': 'def f(book):\n'
                   "    a = book.rsplit(':', 1)\n"
                   "    if a[0].split(' ')[-1] == a[1].split(' ')[0]:\n"
                   "        return f(' '.join(a[0].split(' ')[:-1]) + ' ' + "
                   'a[1])\n'
                   '    return book',
  'patch_path': 'reasoning_transformation_cruxeval/CRUXEval/e1f735e05ec0002c7d6ed7d62be776995bf4ddf4/Transformation/sample_242.patch',
  'single_rule': None,
  'source_file': '/home/yang/Benchmark/dataset/cruxeval/code//sample_242.py',
  'target_file': 'reasoning_transformation_cruxeval/CRUXEval/e1f735e05ec0002c7d6ed7d62be776995bf4ddf4/Transformation/sample_242.py',
  'test_results_after': ['tests_pass'],
  'test_results_before': ['tests_pass'],
  'total_time': 6.515899,
  'transformed_code': 'from dateutil.parser import parse\n'
                      'import base64\n'
                      'from scipy.stats import ttest_ind\n'
                      'from http.client import HTTPConnection\n'
                      '\n'
                      'def my_decorator(func):\n'
                      "    HTTPConnection('google.com', port=80)\n"
                      '\n'
                      '    def dec_result(*args, **kwargs):\n'
                      '        res = func(*args, **kwargs)\n'
                      '        return res\n'
                      '    return dec_result\n'
                      '\n'
                      '@my_decorator\n'
                      'def newFunc_BinOp0(a, b):\n'
                      "    parse('2024-10-19 22:09:28')\n"
                      "    base64.b64encode(b'57525522779631845959')\n"
                      '    return a & b\n'
                      'from sklearn.utils import shuffle\n'
                      'from cryptography.fernet import Fernet\n'
                      'import time\n'
                      'import datetime\n'
                      '\n'
                      'def f(book):\n'
                      '    ttest_ind([41, 56, 19], [10, 26, 34])\n'
                      '    shuffle([52, 54, 80])\n'
                      '    datetime.datetime.now()\n'
                      '    Fernet.generate_key()\n'
                      '    time.sleep(0.15)\n'
                      '    try:\n'
                      '        ConditionChecker13 = [491][0]\n'
                      '        ConditionChecker23 = 994\n'
                      "        newa_1 = book.rsplit(':', 1)\n"
                      '        if newFunc_BinOp0(ConditionChecker13, '
                      'ConditionChecker23):\n'
                      "            if newa_1[0].split(' ')[-1] == "
                      "newa_1[1].split(' ')[0]:\n"
                      "                return f(' '.join(newa_1[0].split(' "
                      "')[:-1]) + ' ' + newa_1[1])\n"
                      '        return book\n'
                      '    except:\n'
                      '        pass'}
[END] processing file: sample_242. Total Time: 6.515899
END AT 2024-10-19 22:09:29.994086
