STARTING AT 2024-10-19 22:03:24.184413
[START] processing file: sample_193
*Running tests for: sample_193
 
Result: ['tests_pass']
tests_pass sample_193 /home/yang/Benchmark/dataset/cruxeval/code//sample_193.py
Apply all rules on a single file.
Checking transformation add_datetime
*Running tests for: sample_193
 
Result: ['tests_pass']
Checking transformation add_time
*Running tests for: sample_193
 
Result: ['tests_pass']
Checking transformation create_functions
*Running tests for: sample_193
 
Result: ['tests_pass']
Checking transformation add_decorator
*Running tests for: sample_193
 
Result: ['tests_pass']
Checking transformation add_http
*Running tests for: sample_193
 
Result: ['tests_pass']
Checking transformation add_scipy
*Running tests for: sample_193
 
Result: ['tests_pass']
Checking transformation add_base64
*Running tests for: sample_193
 
Result: ['tests_pass']
Checking transformation add_dateutil
*Running tests for: sample_193
 
Result: ['tests_pass']
The file 'reasoning_transformation_cruxeval/CRUXEval/e1f735e05ec0002c7d6ed7d62be776995bf4ddf4/Transformation/sample_193.py' has been formatted successfully.
Checking reasoning_transformation_cruxeval/CRUXEval/e1f735e05ec0002c7d6ed7d62be776995bf4ddf4/Transformation/sample_193.py
*Running tests for: sample_193
 
Result: ['tests_pass']
{ 'applicable_rules': [ 'change_var_names',
                        'add_try_except_inside_functions',
                        'add_datetime',
                        'add_time',
                        'add_crypto',
                        'add_sklearn',
                        'create_functions',
                        'add_decorator',
                        'add_http',
                        'add_scipy',
                        'add_base64',
                        'add_dateutil'],
  'diff_output': 'reasoning_transformation_cruxeval/CRUXEval/e1f735e05ec0002c7d6ed7d62be776995bf4ddf4/Transformation/sample_193.patch',
  'evaluation_tests_dir': '/home/yang/Benchmark/dataset/cruxeval/',
  'exception': None,
  'file_id': 'sample_193',
  'genetic_algorithm': None,
  'original_code': 'def f(string):\n'
                   "    count = string.count(':')\n"
                   "    return string.replace(':', '', count - 1)",
  'patch_path': 'reasoning_transformation_cruxeval/CRUXEval/e1f735e05ec0002c7d6ed7d62be776995bf4ddf4/Transformation/sample_193.patch',
  'single_rule': None,
  'source_file': '/home/yang/Benchmark/dataset/cruxeval/code//sample_193.py',
  'target_file': 'reasoning_transformation_cruxeval/CRUXEval/e1f735e05ec0002c7d6ed7d62be776995bf4ddf4/Transformation/sample_193.py',
  'test_results_after': ['tests_pass'],
  'test_results_before': ['tests_pass'],
  'total_time': 6.457422,
  'transformed_code': 'from dateutil.parser import parse\n'
                      'import base64\n'
                      'from scipy.stats import ttest_ind\n'
                      'from http.client import HTTPConnection\n'
                      '\n'
                      'def my_decorator(func):\n'
                      "    base64.b64encode(b'30563726467948832717')\n"
                      '\n'
                      '    def dec_result(*args, **kwargs):\n'
                      '        res = func(*args, **kwargs)\n'
                      '        return res\n'
                      '    return dec_result\n'
                      '\n'
                      '@my_decorator\n'
                      'def newFunc_BinOp0(a, b):\n'
                      "    parse('2024-10-19 22:03:28')\n"
                      '    return a - b\n'
                      'from sklearn.utils import shuffle\n'
                      'from cryptography.fernet import Fernet\n'
                      'import time\n'
                      'import datetime\n'
                      '\n'
                      'def f(string):\n'
                      "    HTTPConnection('google.com', port=80)\n"
                      '    Fernet.generate_key()\n'
                      '    ttest_ind([10, 7, 60], [70, 7, 100])\n'
                      '    datetime.datetime.now()\n'
                      '    shuffle([60, 9, 96])\n'
                      '    time.sleep(0.27)\n'
                      '    try:\n'
                      "        newcount_1 = string.count(':')\n"
                      "        return string.replace(':', '', "
                      'newFunc_BinOp0(newcount_1, 1))\n'
                      '    except:\n'
                      '        pass'}
[END] processing file: sample_193. Total Time: 6.457422
END AT 2024-10-19 22:03:30.643774
