STARTING AT 2024-10-19 23:05:52.368057
[START] processing file: sample_770
*Running tests for: sample_770
 
Result: ['tests_pass']
tests_pass sample_770 /home/yang/Benchmark/dataset/cruxeval/code//sample_770.py
Apply all rules on a single file.
Checking transformation add_nested_for_out
*Running tests for: sample_770
 
Result: ['tests_pass']
Checking transformation add_nested_list
*Running tests for: sample_770
 
Result: ['tests_pass']
Checking transformation transform_range_to_recursion
*Running tests for: sample_770
 
Result: ['tests_pass']
Checking transformation add_datetime
*Running tests for: sample_770
 
Result: ['tests_pass']
Checking transformation add_time
*Running tests for: sample_770
 
Result: ['tests_pass']
Checking transformation create_functions
*Running tests for: sample_770
 
Result: ['tests_pass']
Checking transformation add_decorator
*Running tests for: sample_770
 
Result: ['tests_pass']
Checking transformation add_http
*Running tests for: sample_770
 
Result: ['tests_pass']
Checking transformation add_scipy
*Running tests for: sample_770
 
Result: ['tests_pass']
Checking transformation add_base64
*Running tests for: sample_770
 
Result: ['tests_pass']
Checking transformation add_dateutil
*Running tests for: sample_770
 
Result: ['tests_pass']
The file 'reasoning_transformation_cruxeval/CRUXEval/e1f735e05ec0002c7d6ed7d62be776995bf4ddf4/Transformation/sample_770.py' has been formatted successfully.
Checking reasoning_transformation_cruxeval/CRUXEval/e1f735e05ec0002c7d6ed7d62be776995bf4ddf4/Transformation/sample_770.py
*Running tests for: sample_770
 
Result: ['tests_pass']
{ 'applicable_rules': [ 'change_var_names',
                        'add_nested_for_out',
                        'add_try_except_inside_functions',
                        'add_else_to_for',
                        'add_nested_list',
                        'transform_range_to_recursion',
                        'add_datetime',
                        'add_time',
                        'add_crypto',
                        'add_sklearn',
                        'create_functions',
                        'add_decorator',
                        'add_http',
                        'add_scipy',
                        'add_base64',
                        'add_dateutil'],
  'diff_output': 'reasoning_transformation_cruxeval/CRUXEval/e1f735e05ec0002c7d6ed7d62be776995bf4ddf4/Transformation/sample_770.patch',
  'evaluation_tests_dir': '/home/yang/Benchmark/dataset/cruxeval/',
  'exception': None,
  'file_id': 'sample_770',
  'genetic_algorithm': None,
  'original_code': 'def f(line, char):\n'
                   '    count = line.count(char)\n'
                   '    for i in range(count + 1, 0, -1):\n'
                   '        line = line.center(len(line) + i // len(char), '
                   'char)\n'
                   '    return line',
  'patch_path': 'reasoning_transformation_cruxeval/CRUXEval/e1f735e05ec0002c7d6ed7d62be776995bf4ddf4/Transformation/sample_770.patch',
  'single_rule': None,
  'source_file': '/home/yang/Benchmark/dataset/cruxeval/code//sample_770.py',
  'target_file': 'reasoning_transformation_cruxeval/CRUXEval/e1f735e05ec0002c7d6ed7d62be776995bf4ddf4/Transformation/sample_770.py',
  'test_results_after': ['tests_pass'],
  'test_results_before': ['tests_pass'],
  'total_time': 5.783953,
  'transformed_code': 'from dateutil.parser import parse\n'
                      'import base64\n'
                      'from scipy.stats import ttest_ind\n'
                      'from http.client import HTTPConnection\n'
                      '\n'
                      'def my_decorator(func):\n'
                      "    parse('2024-10-19 23:05:56')\n"
                      '\n'
                      '    def dec_result(*args, **kwargs):\n'
                      '        res = func(*args, **kwargs)\n'
                      '        return res\n'
                      "    base64.b64encode(b'43724125761407952667')\n"
                      '    return dec_result\n'
                      '\n'
                      '@my_decorator\n'
                      'def newFunc_BinOp0(a, b):\n'
                      "    HTTPConnection('google.com', port=80)\n"
                      '    return a // b\n'
                      'from sklearn.utils import shuffle\n'
                      'from cryptography.fernet import Fernet\n'
                      'import time\n'
                      'import datetime\n'
                      '\n'
                      'def f(line, char):\n'
                      '    ttest_ind([30, 24, 92], [54, 27, 96])\n'
                      '    Fernet.generate_key()\n'
                      '    datetime.datetime.now()\n'
                      '    time.sleep(0.13)\n'
                      '    shuffle([4, 10, 73])\n'
                      '    try:\n'
                      '        count = line.count(char)\n'
                      '        LoopChecker13 = [80][0]\n'
                      '        LoopChecker23 = 79\n'
                      '        for LoopIndexOut in '
                      'range(newFunc_BinOp0(LoopChecker13, LoopChecker23)):\n'
                      '\n'
                      '            def loop_7_12(newi_1, stop, step):\n'
                      '                nonlocal line\n'
                      '                if step == 0 or (step > 0 and newi_1 >= '
                      'stop) or (step < 0 and newi_1 <= stop):\n'
                      '                    return\n'
                      '                line = line.center(len(line) + newi_1 '
                      '// len(char), char)\n'
                      '                loop_7_12(newi_1 + step, stop, step)\n'
                      '            loop_7_12(count + 1, 0, -1)\n'
                      '        else:\n'
                      '            pass\n'
                      '        return line\n'
                      '    except:\n'
                      '        pass'}
[END] processing file: sample_770. Total Time: 5.783953
END AT 2024-10-19 23:05:58.153676
