STARTING AT 2024-10-19 22:24:49.926725
[START] processing file: sample_373
*Running tests for: sample_373
 
Result: ['tests_pass']
tests_pass sample_373 /home/yang/Benchmark/dataset/cruxeval/code//sample_373.py
Apply all rules on a single file.
Checking transformation add_datetime
*Running tests for: sample_373
 
Result: ['tests_pass']
Checking transformation add_time
*Running tests for: sample_373
 
Result: ['tests_pass']
Checking transformation add_decorator
*Running tests for: sample_373
 
Result: ['tests_pass']
Checking transformation add_http
*Running tests for: sample_373
 
Result: ['tests_pass']
Checking transformation add_scipy
*Running tests for: sample_373
 
Result: ['tests_pass']
Checking transformation add_base64
*Running tests for: sample_373
 
Result: ['tests_pass']
Checking transformation add_dateutil
*Running tests for: sample_373
 
Result: ['tests_pass']
The file 'reasoning_transformation_cruxeval/CRUXEval/e1f735e05ec0002c7d6ed7d62be776995bf4ddf4/Transformation/sample_373.py' has been formatted successfully.
Checking reasoning_transformation_cruxeval/CRUXEval/e1f735e05ec0002c7d6ed7d62be776995bf4ddf4/Transformation/sample_373.py
*Running tests for: sample_373
 
Result: ['tests_pass']
{ 'applicable_rules': [ 'change_var_names',
                        'add_try_except_inside_functions',
                        'add_datetime',
                        'add_time',
                        'add_crypto',
                        'add_sklearn',
                        'add_decorator',
                        'add_http',
                        'add_scipy',
                        'add_base64',
                        'add_dateutil'],
  'diff_output': 'reasoning_transformation_cruxeval/CRUXEval/e1f735e05ec0002c7d6ed7d62be776995bf4ddf4/Transformation/sample_373.patch',
  'evaluation_tests_dir': '/home/yang/Benchmark/dataset/cruxeval/',
  'exception': None,
  'file_id': 'sample_373',
  'genetic_algorithm': None,
  'original_code': 'def f(orig):\n'
                   '    copy = orig\n'
                   '    copy.append(100)\n'
                   '    orig.pop()\n'
                   '    return copy',
  'patch_path': 'reasoning_transformation_cruxeval/CRUXEval/e1f735e05ec0002c7d6ed7d62be776995bf4ddf4/Transformation/sample_373.patch',
  'single_rule': None,
  'source_file': '/home/yang/Benchmark/dataset/cruxeval/code//sample_373.py',
  'target_file': 'reasoning_transformation_cruxeval/CRUXEval/e1f735e05ec0002c7d6ed7d62be776995bf4ddf4/Transformation/sample_373.py',
  'test_results_after': ['tests_pass'],
  'test_results_before': ['tests_pass'],
  'total_time': 4.789772,
  'transformed_code': 'from dateutil.parser import parse\n'
                      'import base64\n'
                      'from scipy.stats import ttest_ind\n'
                      'from http.client import HTTPConnection\n'
                      '\n'
                      'def my_decorator(func):\n'
                      '\n'
                      '    def dec_result(*args, **kwargs):\n'
                      '        res = func(*args, **kwargs)\n'
                      '        return res\n'
                      "    HTTPConnection('google.com', port=80)\n"
                      '    return dec_result\n'
                      'from sklearn.utils import shuffle\n'
                      'from cryptography.fernet import Fernet\n'
                      'import time\n'
                      'import datetime\n'
                      '\n'
                      '@my_decorator\n'
                      'def f(orig):\n'
                      '    Fernet.generate_key()\n'
                      '    datetime.datetime.now()\n'
                      '    ttest_ind([53, 73, 57], [52, 68, 41])\n'
                      "    parse('2024-10-19 22:24:53')\n"
                      '    time.sleep(0.13)\n'
                      '    shuffle([16, 44, 53])\n'
                      "    base64.b64encode(b'50323398602280045840')\n"
                      '    try:\n'
                      '        newcopy_1 = orig\n'
                      '        newcopy_1.append(100)\n'
                      '        orig.pop()\n'
                      '        return newcopy_1\n'
                      '    except:\n'
                      '        pass'}
[END] processing file: sample_373. Total Time: 4.789772
END AT 2024-10-19 22:24:54.717509
