STARTING AT 2024-10-19 22:18:37.521617
[START] processing file: sample_320
*Running tests for: sample_320
 
Result: ['tests_pass']
tests_pass sample_320 /home/yang/Benchmark/dataset/cruxeval/code//sample_320.py
Apply all rules on a single file.
Checking transformation add_nested_while_out
*Running tests for: sample_320
 
Result: ['tests_pass']
Checking transformation add_nested_if
*Running tests for: sample_320
 
Result: ['tests_pass']
Checking transformation add_nested_list
*Running tests for: sample_320
 
Result: ['tests_pass']
Checking transformation add_datetime
*Running tests for: sample_320
 
Result: ['tests_pass']
Checking transformation add_time
*Running tests for: sample_320
 
Result: ['tests_pass']
def newFunc_26070(arg0, arg1):
    return arg0 + arg1
Checking transformation create_functions
*Running tests for: sample_320
 
Result: ['tests_pass']
Checking transformation add_decorator
*Running tests for: sample_320
 
Result: ['tests_pass']
Checking transformation add_http
*Running tests for: sample_320
 
Result: ['tests_pass']
Checking transformation add_scipy
*Running tests for: sample_320
 
Result: ['tests_pass']
Checking transformation add_base64
*Running tests for: sample_320
 
Result: ['tests_pass']
Checking transformation add_dateutil
*Running tests for: sample_320
 
Result: ['tests_pass']
The file 'reasoning_transformation_cruxeval/CRUXEval/e1f735e05ec0002c7d6ed7d62be776995bf4ddf4/Transformation/sample_320.py' has been formatted successfully.
Checking reasoning_transformation_cruxeval/CRUXEval/e1f735e05ec0002c7d6ed7d62be776995bf4ddf4/Transformation/sample_320.py
*Running tests for: sample_320
 
Result: ['tests_pass']
{ 'applicable_rules': [ 'change_var_names',
                        'add_nested_while_out',
                        'add_nested_if',
                        'add_try_except_inside_functions',
                        'add_else_to_while',
                        'add_nested_list',
                        'add_datetime',
                        'add_time',
                        'add_crypto',
                        'add_sklearn',
                        'create_functions',
                        'add_decorator',
                        'add_http',
                        'add_scipy',
                        'add_base64',
                        'add_dateutil',
                        'changing_AugAssign'],
  'diff_output': 'reasoning_transformation_cruxeval/CRUXEval/e1f735e05ec0002c7d6ed7d62be776995bf4ddf4/Transformation/sample_320.patch',
  'evaluation_tests_dir': '/home/yang/Benchmark/dataset/cruxeval/',
  'exception': None,
  'file_id': 'sample_320',
  'genetic_algorithm': None,
  'original_code': 'def f(text):\n'
                   '    index = 1\n'
                   '    while index < len(text):\n'
                   '        if text[index] != text[index - 1]:\n'
                   '            index += 1\n'
                   '        else:\n'
                   '            text1 = text[:index]\n'
                   '            text2 = text[index:].swapcase()\n'
                   '            return text1 + text2\n'
                   '    return text.swapcase()',
  'patch_path': 'reasoning_transformation_cruxeval/CRUXEval/e1f735e05ec0002c7d6ed7d62be776995bf4ddf4/Transformation/sample_320.patch',
  'single_rule': None,
  'source_file': '/home/yang/Benchmark/dataset/cruxeval/code//sample_320.py',
  'target_file': 'reasoning_transformation_cruxeval/CRUXEval/e1f735e05ec0002c7d6ed7d62be776995bf4ddf4/Transformation/sample_320.py',
  'test_results_after': ['tests_pass'],
  'test_results_before': ['tests_pass'],
  'total_time': 4.704392,
  'transformed_code': 'from dateutil.parser import parse\n'
                      'import base64\n'
                      'from scipy.stats import ttest_ind\n'
                      'from http.client import HTTPConnection\n'
                      '\n'
                      'def my_decorator(func):\n'
                      '\n'
                      '    def dec_result(*args, **kwargs):\n'
                      '        res = func(*args, **kwargs)\n'
                      '        return res\n'
                      "    base64.b64encode(b'50849311464578887156')\n"
                      '    return dec_result\n'
                      '\n'
                      '@my_decorator\n'
                      'def newFunc_26070(arg0, arg1):\n'
                      '    ttest_ind([15, 50, 77], [59, 54, 49])\n'
                      '    return arg0 + arg1\n'
                      'from sklearn.utils import shuffle\n'
                      'from cryptography.fernet import Fernet\n'
                      'import time\n'
                      'import datetime\n'
                      '\n'
                      'def f(text):\n'
                      "    parse('2024-10-19 22:18:41')\n"
                      '    shuffle([85, 51, 61])\n'
                      "    HTTPConnection('google.com', port=80)\n"
                      '    datetime.datetime.now()\n'
                      '    Fernet.generate_key()\n'
                      '    time.sleep(0.01)\n'
                      '    try:\n'
                      '        index = [1][0]\n'
                      '        whileloopchecker13 = 850\n'
                      '        whileloopchecker23 = 849\n'
                      '        while whileloopchecker13 % whileloopchecker23 '
                      '== 1:\n'
                      '            whileloopchecker13 = whileloopchecker13 + '
                      '1\n'
                      '            while index < len(text):\n'
                      '                ConditionChecker18 = 463\n'
                      '                ConditionChecker28 = 459\n'
                      '                if ConditionChecker18 & '
                      'ConditionChecker28:\n'
                      '                    if text[index] != text[index - 1]:\n'
                      '                        index += 1\n'
                      '                    else:\n'
                      '                        text1 = text[:index]\n'
                      '                        newtext2_1 = '
                      'text[index:].swapcase()\n'
                      '                        return newFunc_26070(text1, '
                      'newtext2_1)\n'
                      '        else:\n'
                      '            pass\n'
                      '        return text.swapcase()\n'
                      '    except:\n'
                      '        pass'}
[END] processing file: sample_320. Total Time: 4.704392
END AT 2024-10-19 22:18:42.228334
