STARTING AT 2024-10-19 22:13:51.957263
[START] processing file: sample_27
*Running tests for: sample_27
 
Result: ['tests_pass']
tests_pass sample_27 /home/yang/Benchmark/dataset/cruxeval/code//sample_27.py
Apply all rules on a single file.
Checking transformation add_nested_while_out
*Running tests for: sample_27
 
Result: ['tests_pass']
Checking transformation add_nested_if
*Running tests for: sample_27
 
Result: ['tests_pass']
Checking transformation add_nested_list
*Running tests for: sample_27
 
Result: ['tests_pass']
Checking transformation add_datetime
*Running tests for: sample_27
 
Result: ['tests_pass']
Checking transformation add_time
*Running tests for: sample_27
 
Result: ['tests_pass']
Checking transformation create_functions
*Running tests for: sample_27
 
Result: ['tests_pass']
Checking transformation add_decorator
*Running tests for: sample_27
 
Result: ['tests_pass']
Checking transformation add_http
*Running tests for: sample_27
 
Result: ['tests_pass']
Checking transformation add_scipy
*Running tests for: sample_27
 
Result: ['tests_pass']
Checking transformation add_base64
*Running tests for: sample_27
 
Result: ['tests_pass']
Checking transformation add_dateutil
*Running tests for: sample_27
 
Result: ['tests_pass']
The file 'reasoning_transformation_cruxeval/CRUXEval/e1f735e05ec0002c7d6ed7d62be776995bf4ddf4/Transformation/sample_27.py' has been formatted successfully.
Checking reasoning_transformation_cruxeval/CRUXEval/e1f735e05ec0002c7d6ed7d62be776995bf4ddf4/Transformation/sample_27.py
*Running tests for: sample_27
 
Result: ['tests_pass']
{ 'applicable_rules': [ 'change_var_names',
                        'add_nested_while_out',
                        'add_nested_if',
                        'add_try_except_inside_functions',
                        'add_else_to_while',
                        'add_nested_list',
                        'add_datetime',
                        'add_time',
                        'add_crypto',
                        'add_sklearn',
                        'create_functions',
                        'add_decorator',
                        'add_http',
                        'add_scipy',
                        'add_base64',
                        'add_dateutil',
                        'changing_AugAssign'],
  'diff_output': 'reasoning_transformation_cruxeval/CRUXEval/e1f735e05ec0002c7d6ed7d62be776995bf4ddf4/Transformation/sample_27.patch',
  'evaluation_tests_dir': '/home/yang/Benchmark/dataset/cruxeval/',
  'exception': None,
  'file_id': 'sample_27',
  'genetic_algorithm': None,
  'original_code': 'def f(w):\n'
                   '    ls = list(w)\n'
                   "    omw = ''\n"
                   '    while len(ls) > 0:\n'
                   '        omw += ls.pop(0)\n'
                   '        if len(ls) * 2 > len(w):\n'
                   '            return w[len(ls):] == omw\n'
                   '    return False',
  'patch_path': 'reasoning_transformation_cruxeval/CRUXEval/e1f735e05ec0002c7d6ed7d62be776995bf4ddf4/Transformation/sample_27.patch',
  'single_rule': None,
  'source_file': '/home/yang/Benchmark/dataset/cruxeval/code//sample_27.py',
  'target_file': 'reasoning_transformation_cruxeval/CRUXEval/e1f735e05ec0002c7d6ed7d62be776995bf4ddf4/Transformation/sample_27.py',
  'test_results_after': ['tests_pass'],
  'test_results_before': ['tests_pass'],
  'total_time': 5.968835,
  'transformed_code': 'from dateutil.parser import parse\n'
                      'import base64\n'
                      'from scipy.stats import ttest_ind\n'
                      'from http.client import HTTPConnection\n'
                      '\n'
                      'def my_decorator(func):\n'
                      '\n'
                      '    def dec_result(*args, **kwargs):\n'
                      '        res = func(*args, **kwargs)\n'
                      '        return res\n'
                      "    HTTPConnection('google.com', port=80)\n"
                      '    return dec_result\n'
                      '\n'
                      '@my_decorator\n'
                      'def newFunc_BinOp0(a, b):\n'
                      "    base64.b64encode(b'19663507846912493538')\n"
                      '    return a % b\n'
                      'from sklearn.utils import shuffle\n'
                      'from cryptography.fernet import Fernet\n'
                      'import time\n'
                      'import datetime\n'
                      '\n'
                      'def f(w):\n'
                      '    datetime.datetime.now()\n'
                      "    parse('2024-10-19 22:13:56')\n"
                      '    shuffle([44, 37, 71])\n'
                      '    ttest_ind([25, 70, 30], [52, 73, 96])\n'
                      '    Fernet.generate_key()\n'
                      '    time.sleep(0.16)\n'
                      '    try:\n'
                      '        ls = list(w)\n'
                      "        newomw_1 = [''][0]\n"
                      '        whileloopchecker14 = 399\n'
                      '        whileloopchecker24 = 398\n'
                      '        while newFunc_BinOp0(whileloopchecker14, '
                      'whileloopchecker24) == 1:\n'
                      '            whileloopchecker14 = whileloopchecker14 + '
                      '1\n'
                      '            while len(ls) > 0:\n'
                      '                ConditionChecker110 = 685\n'
                      '                ConditionChecker210 = 576\n'
                      '                newomw_1 += ls.pop(0)\n'
                      '                if ConditionChecker110 & '
                      'ConditionChecker210:\n'
                      '                    if len(ls) * 2 > len(w):\n'
                      '                        return w[len(ls):] == newomw_1\n'
                      '        else:\n'
                      '            pass\n'
                      '        return False\n'
                      '    except:\n'
                      '        pass'}
[END] processing file: sample_27. Total Time: 5.968835
END AT 2024-10-19 22:13:57.928336
