STARTING AT 2024-10-19 21:59:11.321852
[START] processing file: sample_157
*Running tests for: sample_157
 
Result: ['tests_pass']
tests_pass sample_157 /home/yang/Benchmark/dataset/cruxeval/code//sample_157.py
Apply all rules on a single file.
Checking transformation add_nested_for_out
*Running tests for: sample_157
 
Result: ['tests_pass']
Checking transformation add_nested_if
*Running tests for: sample_157
 
Result: ['tests_pass']
Checking transformation add_nested_list
*Running tests for: sample_157
 
Result: ['tests_pass']
Checking transformation transform_range_to_recursion
*Running tests for: sample_157
 
Result: ['tests_pass']
Checking transformation add_datetime
*Running tests for: sample_157
 
Result: ['tests_pass']
Checking transformation add_time
*Running tests for: sample_157
 
Result: ['tests_pass']
Checking transformation create_functions
*Running tests for: sample_157
 
Result: ['tests_pass']
Checking transformation add_decorator
*Running tests for: sample_157
 
Result: ['tests_pass']
Checking transformation add_http
*Running tests for: sample_157
 
Result: ['tests_pass']
Checking transformation add_scipy
*Running tests for: sample_157
 
Result: ['tests_pass']
Checking transformation add_base64
*Running tests for: sample_157
 
Result: ['tests_pass']
Checking transformation add_dateutil
*Running tests for: sample_157
 
Result: ['tests_pass']
The file 'reasoning_transformation_cruxeval/CRUXEval/e1f735e05ec0002c7d6ed7d62be776995bf4ddf4/Transformation/sample_157.py' has been formatted successfully.
Checking reasoning_transformation_cruxeval/CRUXEval/e1f735e05ec0002c7d6ed7d62be776995bf4ddf4/Transformation/sample_157.py
*Running tests for: sample_157
 
Result: ['tests_pass']
{ 'applicable_rules': [ 'change_var_names',
                        'add_nested_for_out',
                        'add_nested_if',
                        'add_try_except_inside_functions',
                        'add_else_to_for',
                        'add_nested_list',
                        'transform_range_to_recursion',
                        'add_datetime',
                        'add_time',
                        'add_crypto',
                        'add_sklearn',
                        'create_functions',
                        'add_decorator',
                        'add_http',
                        'add_scipy',
                        'add_base64',
                        'add_dateutil',
                        'changing_AugAssign'],
  'diff_output': 'reasoning_transformation_cruxeval/CRUXEval/e1f735e05ec0002c7d6ed7d62be776995bf4ddf4/Transformation/sample_157.patch',
  'evaluation_tests_dir': '/home/yang/Benchmark/dataset/cruxeval/',
  'exception': None,
  'file_id': 'sample_157',
  'genetic_algorithm': None,
  'original_code': 'def f(phrase):\n'
                   '    ans = 0\n'
                   '    for w in phrase.split():\n'
                   '        for ch in w:\n'
                   "            if ch == '0':\n"
                   '                ans += 1\n'
                   '    return ans',
  'patch_path': 'reasoning_transformation_cruxeval/CRUXEval/e1f735e05ec0002c7d6ed7d62be776995bf4ddf4/Transformation/sample_157.patch',
  'single_rule': None,
  'source_file': '/home/yang/Benchmark/dataset/cruxeval/code//sample_157.py',
  'target_file': 'reasoning_transformation_cruxeval/CRUXEval/e1f735e05ec0002c7d6ed7d62be776995bf4ddf4/Transformation/sample_157.py',
  'test_results_after': ['tests_pass'],
  'test_results_before': ['tests_pass'],
  'total_time': 6.19026,
  'transformed_code': 'from dateutil.parser import parse\n'
                      'import base64\n'
                      'from scipy.stats import ttest_ind\n'
                      'from http.client import HTTPConnection\n'
                      '\n'
                      'def my_decorator(func):\n'
                      "    HTTPConnection('google.com', port=80)\n"
                      '\n'
                      '    def dec_result(*args, **kwargs):\n'
                      '        res = func(*args, **kwargs)\n'
                      '        return res\n'
                      '    return dec_result\n'
                      '\n'
                      '@my_decorator\n'
                      'def newFunc_BinOp0(a, b):\n'
                      "    base64.b64encode(b'80369215451165743012')\n"
                      "    parse('2024-10-19 21:59:15')\n"
                      '    ttest_ind([53, 57, 50], [36, 67, 32])\n'
                      '    return a & b\n'
                      'from sklearn.utils import shuffle\n'
                      'from cryptography.fernet import Fernet\n'
                      'import time\n'
                      'import datetime\n'
                      '\n'
                      'def f(phrase):\n'
                      '    datetime.datetime.now()\n'
                      '    Fernet.generate_key()\n'
                      '    time.sleep(0.19)\n'
                      '    shuffle([27, 94, 68])\n'
                      '    try:\n'
                      '        ans = [0][0]\n'
                      '        LoopChecker13 = 918\n'
                      '        LoopChecker23 = 917\n'
                      '        ConditionChecker18 = 413\n'
                      '        ConditionChecker28 = 919\n'
                      '\n'
                      '        def loop_8_8(LoopIndexOut, stop, step):\n'
                      '            nonlocal ans\n'
                      '            if step == 0 or (step > 0 and LoopIndexOut '
                      '>= stop) or (step < 0 and LoopIndexOut <= stop):\n'
                      '                return\n'
                      '            for w in phrase.split():\n'
                      '                for newch_1 in w:\n'
                      '                    if '
                      'newFunc_BinOp0(ConditionChecker18, '
                      'ConditionChecker28):\n'
                      "                        if newch_1 == '0':\n"
                      '                            ans = ans + 1\n'
                      '            loop_8_8(LoopIndexOut + step, stop, step)\n'
                      '        loop_8_8(0, LoopChecker13 // LoopChecker23, 1)\n'
                      '        return ans\n'
                      '    except:\n'
                      '        pass'}
[END] processing file: sample_157. Total Time: 6.19026
END AT 2024-10-19 21:59:17.513330
