STARTING AT 2024-10-19 22:02:38.145101
[START] processing file: sample_187
*Running tests for: sample_187
 
Result: ['tests_pass']
tests_pass sample_187 /home/yang/Benchmark/dataset/cruxeval/code//sample_187.py
Apply all rules on a single file.
Checking transformation add_nested_for_out
*Running tests for: sample_187
 
Result: ['tests_pass']
Checking transformation add_nested_list
*Running tests for: sample_187
 
Result: ['tests_pass']
Checking transformation transform_range_to_recursion
*Running tests for: sample_187
 
Result: ['tests_pass']
Checking transformation add_datetime
*Running tests for: sample_187
 
Result: ['tests_pass']
Checking transformation add_time
*Running tests for: sample_187
 
Result: ['tests_pass']
Checking transformation create_functions
*Running tests for: sample_187
 
Result: ['tests_pass']
Checking transformation add_decorator
*Running tests for: sample_187
 
Result: ['tests_pass']
Checking transformation add_http
*Running tests for: sample_187
 
Result: ['tests_pass']
Checking transformation add_scipy
*Running tests for: sample_187
 
Result: ['tests_pass']
Checking transformation add_base64
*Running tests for: sample_187
 
Result: ['tests_pass']
Checking transformation add_dateutil
*Running tests for: sample_187
 
Result: ['tests_pass']
The file 'reasoning_transformation_cruxeval/CRUXEval/e1f735e05ec0002c7d6ed7d62be776995bf4ddf4/Transformation/sample_187.py' has been formatted successfully.
Checking reasoning_transformation_cruxeval/CRUXEval/e1f735e05ec0002c7d6ed7d62be776995bf4ddf4/Transformation/sample_187.py
*Running tests for: sample_187
 
Result: ['tests_pass']
{ 'applicable_rules': [ 'change_var_names',
                        'add_nested_for_out',
                        'add_try_except_inside_functions',
                        'add_else_to_for',
                        'add_nested_list',
                        'transform_range_to_recursion',
                        'add_datetime',
                        'add_time',
                        'add_crypto',
                        'add_sklearn',
                        'create_functions',
                        'add_decorator',
                        'add_http',
                        'add_scipy',
                        'add_base64',
                        'add_dateutil'],
  'diff_output': 'reasoning_transformation_cruxeval/CRUXEval/e1f735e05ec0002c7d6ed7d62be776995bf4ddf4/Transformation/sample_187.patch',
  'evaluation_tests_dir': '/home/yang/Benchmark/dataset/cruxeval/',
  'exception': None,
  'file_id': 'sample_187',
  'genetic_algorithm': None,
  'original_code': 'def f(d, index):\n'
                   '    length = len(d.items())\n'
                   '    idx = index % length\n'
                   '    v = d.popitem()[1]\n'
                   '    for _ in range(idx):\n'
                   '        d.popitem()\n'
                   '    return v',
  'patch_path': 'reasoning_transformation_cruxeval/CRUXEval/e1f735e05ec0002c7d6ed7d62be776995bf4ddf4/Transformation/sample_187.patch',
  'single_rule': None,
  'source_file': '/home/yang/Benchmark/dataset/cruxeval/code//sample_187.py',
  'target_file': 'reasoning_transformation_cruxeval/CRUXEval/e1f735e05ec0002c7d6ed7d62be776995bf4ddf4/Transformation/sample_187.py',
  'test_results_after': ['tests_pass'],
  'test_results_before': ['tests_pass'],
  'total_time': 5.50345,
  'transformed_code': 'from dateutil.parser import parse\n'
                      'import base64\n'
                      'from scipy.stats import ttest_ind\n'
                      'from http.client import HTTPConnection\n'
                      '\n'
                      'def my_decorator(func):\n'
                      "    HTTPConnection('google.com', port=80)\n"
                      "    parse('2024-10-19 22:02:42')\n"
                      '\n'
                      '    def dec_result(*args, **kwargs):\n'
                      '        res = func(*args, **kwargs)\n'
                      '        return res\n'
                      '    return dec_result\n'
                      '\n'
                      '@my_decorator\n'
                      'def newFunc0_13(length, index):\n'
                      '    ttest_ind([56, 98, 23], [40, 2, 32])\n'
                      "    base64.b64encode(b'33492357011553396215')\n"
                      '    return index % length\n'
                      'from sklearn.utils import shuffle\n'
                      'from cryptography.fernet import Fernet\n'
                      'import time\n'
                      'import datetime\n'
                      '\n'
                      'def f(d, index):\n'
                      '    Fernet.generate_key()\n'
                      '    shuffle([14, 18, 72])\n'
                      '    datetime.datetime.now()\n'
                      '    time.sleep(0.1)\n'
                      '    try:\n'
                      '        length = len(d.items())\n'
                      '        idx = newFunc0_13(length, index)\n'
                      '        newv_1 = d.popitem()[1]\n'
                      '        LoopChecker15 = [250][0]\n'
                      '        LoopChecker25 = 249\n'
                      '\n'
                      '        def loop_8_8(LoopIndexOut, stop, step):\n'
                      '            if step == 0 or (step > 0 and LoopIndexOut '
                      '>= stop) or (step < 0 and LoopIndexOut <= stop):\n'
                      '                return\n'
                      '            for _ in range(idx):\n'
                      '                d.popitem()\n'
                      '            loop_8_8(LoopIndexOut + step, stop, step)\n'
                      '        loop_8_8(0, LoopChecker15 // LoopChecker25, 1)\n'
                      '        return newv_1\n'
                      '    except:\n'
                      '        pass'}
[END] processing file: sample_187. Total Time: 5.50345
END AT 2024-10-19 22:02:43.650632
