STARTING AT 2024-10-19 22:40:52.908304
[START] processing file: sample_519
*Running tests for: sample_519
 
Result: ['tests_pass']
tests_pass sample_519 /home/yang/Benchmark/dataset/cruxeval/code//sample_519.py
Apply all rules on a single file.
Checking transformation add_nested_list
*Running tests for: sample_519
 
Result: ['tests_pass']
Checking transformation add_datetime
*Running tests for: sample_519
 
Result: ['tests_pass']
Checking transformation add_time
*Running tests for: sample_519
 
Result: ['tests_pass']
Checking transformation add_decorator
*Running tests for: sample_519
 
Result: ['tests_pass']
Checking transformation add_http
*Running tests for: sample_519
 
Result: ['tests_pass']
Checking transformation add_scipy
*Running tests for: sample_519
 
Result: ['tests_pass']
Checking transformation add_base64
*Running tests for: sample_519
 
Result: ['tests_pass']
Checking transformation add_dateutil
*Running tests for: sample_519
 
Result: ['tests_pass']
The file 'reasoning_transformation_cruxeval/CRUXEval/e1f735e05ec0002c7d6ed7d62be776995bf4ddf4/Transformation/sample_519.py' has been formatted successfully.
Checking reasoning_transformation_cruxeval/CRUXEval/e1f735e05ec0002c7d6ed7d62be776995bf4ddf4/Transformation/sample_519.py
*Running tests for: sample_519
 
Result: ['tests_pass']
{ 'applicable_rules': [ 'add_try_except_inside_functions',
                        'add_nested_list',
                        'add_datetime',
                        'add_time',
                        'add_crypto',
                        'add_sklearn',
                        'add_decorator',
                        'add_http',
                        'add_scipy',
                        'add_base64',
                        'add_dateutil'],
  'diff_output': 'reasoning_transformation_cruxeval/CRUXEval/e1f735e05ec0002c7d6ed7d62be776995bf4ddf4/Transformation/sample_519.patch',
  'evaluation_tests_dir': '/home/yang/Benchmark/dataset/cruxeval/',
  'exception': None,
  'file_id': 'sample_519',
  'genetic_algorithm': None,
  'original_code': 'def f(d):\n'
                   "    d['luck'] = 42\n"
                   '    d.clear()\n'
                   '    return {1: False, 2: 0}',
  'patch_path': 'reasoning_transformation_cruxeval/CRUXEval/e1f735e05ec0002c7d6ed7d62be776995bf4ddf4/Transformation/sample_519.patch',
  'single_rule': None,
  'source_file': '/home/yang/Benchmark/dataset/cruxeval/code//sample_519.py',
  'target_file': 'reasoning_transformation_cruxeval/CRUXEval/e1f735e05ec0002c7d6ed7d62be776995bf4ddf4/Transformation/sample_519.py',
  'test_results_after': ['tests_pass'],
  'test_results_before': ['tests_pass'],
  'total_time': 5.092671,
  'transformed_code': 'from dateutil.parser import parse\n'
                      'import base64\n'
                      'from scipy.stats import ttest_ind\n'
                      'from http.client import HTTPConnection\n'
                      '\n'
                      'def my_decorator(func):\n'
                      "    HTTPConnection('google.com', port=80)\n"
                      "    parse('2024-10-19 22:40:56')\n"
                      "    base64.b64encode(b'03225810729461528004')\n"
                      '\n'
                      '    def dec_result(*args, **kwargs):\n'
                      '        res = func(*args, **kwargs)\n'
                      '        return res\n'
                      '    return dec_result\n'
                      'from sklearn.utils import shuffle\n'
                      'from cryptography.fernet import Fernet\n'
                      'import time\n'
                      'import datetime\n'
                      '\n'
                      '@my_decorator\n'
                      'def f(d):\n'
                      '    datetime.datetime.now()\n'
                      '    shuffle([25, 77, 83])\n'
                      '    ttest_ind([51, 7, 57], [41, 35, 26])\n'
                      '    Fernet.generate_key()\n'
                      '    time.sleep(0.17)\n'
                      '    try:\n'
                      "        d['luck'] = [42][0]\n"
                      '        d.clear()\n'
                      '        return {1: False, 2: 0}\n'
                      '    except:\n'
                      '        pass'}
[END] processing file: sample_519. Total Time: 5.092671
END AT 2024-10-19 22:40:58.002039
