STARTING AT 2024-10-19 23:03:39.482922
[START] processing file: sample_751
*Running tests for: sample_751
 
Result: ['tests_pass']
tests_pass sample_751 /home/yang/Benchmark/dataset/cruxeval/code//sample_751.py
Apply all rules on a single file.
Checking transformation add_nested_if
*Running tests for: sample_751
 
Result: ['tests_pass']
Checking transformation add_nested_list
*Running tests for: sample_751
 
Result: ['tests_pass']
Checking transformation add_datetime
*Running tests for: sample_751
 
Result: ['tests_pass']
Checking transformation add_time
*Running tests for: sample_751
 
Result: ['tests_pass']
Checking transformation create_functions
*Running tests for: sample_751
 
Result: ['tests_pass']
Checking transformation add_decorator
*Running tests for: sample_751
 
Result: ['tests_pass']
Checking transformation add_http
*Running tests for: sample_751
 
Result: ['tests_pass']
Checking transformation add_scipy
*Running tests for: sample_751
 
Result: ['tests_pass']
Checking transformation add_base64
*Running tests for: sample_751
 
Result: ['tests_pass']
Checking transformation add_dateutil
*Running tests for: sample_751
 
Result: ['tests_pass']
The file 'reasoning_transformation_cruxeval/CRUXEval/e1f735e05ec0002c7d6ed7d62be776995bf4ddf4/Transformation/sample_751.py' has been formatted successfully.
Checking reasoning_transformation_cruxeval/CRUXEval/e1f735e05ec0002c7d6ed7d62be776995bf4ddf4/Transformation/sample_751.py
*Running tests for: sample_751
 
Result: ['tests_pass']
{ 'applicable_rules': [ 'change_var_names',
                        'add_nested_if',
                        'add_try_except_inside_functions',
                        'add_nested_list',
                        'add_datetime',
                        'add_time',
                        'add_crypto',
                        'add_sklearn',
                        'create_functions',
                        'add_decorator',
                        'add_http',
                        'add_scipy',
                        'add_base64',
                        'add_dateutil'],
  'diff_output': 'reasoning_transformation_cruxeval/CRUXEval/e1f735e05ec0002c7d6ed7d62be776995bf4ddf4/Transformation/sample_751.patch',
  'evaluation_tests_dir': '/home/yang/Benchmark/dataset/cruxeval/',
  'exception': None,
  'file_id': 'sample_751',
  'genetic_algorithm': None,
  'original_code': 'def f(text, char, min_count):\n'
                   '    count = text.count(char)\n'
                   '    if count < min_count:\n'
                   '        return text.swapcase()\n'
                   '    return text',
  'patch_path': 'reasoning_transformation_cruxeval/CRUXEval/e1f735e05ec0002c7d6ed7d62be776995bf4ddf4/Transformation/sample_751.patch',
  'single_rule': None,
  'source_file': '/home/yang/Benchmark/dataset/cruxeval/code//sample_751.py',
  'target_file': 'reasoning_transformation_cruxeval/CRUXEval/e1f735e05ec0002c7d6ed7d62be776995bf4ddf4/Transformation/sample_751.py',
  'test_results_after': ['tests_pass'],
  'test_results_before': ['tests_pass'],
  'total_time': 5.440637,
  'transformed_code': 'from dateutil.parser import parse\n'
                      'import base64\n'
                      'from scipy.stats import ttest_ind\n'
                      'from http.client import HTTPConnection\n'
                      '\n'
                      'def my_decorator(func):\n'
                      "    HTTPConnection('google.com', port=80)\n"
                      '\n'
                      '    def dec_result(*args, **kwargs):\n'
                      '        res = func(*args, **kwargs)\n'
                      '        return res\n'
                      '    return dec_result\n'
                      '\n'
                      '@my_decorator\n'
                      'def newFunc_BinOp0(a, b):\n'
                      '    ttest_ind([90, 32, 12], [14, 69, 61])\n'
                      '    return a & b\n'
                      'from sklearn.utils import shuffle\n'
                      'from cryptography.fernet import Fernet\n'
                      'import time\n'
                      'import datetime\n'
                      '\n'
                      'def f(text, char, min_count):\n'
                      '    shuffle([21, 26, 16])\n'
                      '    Fernet.generate_key()\n'
                      "    parse('2024-10-19 23:03:43')\n"
                      '    datetime.datetime.now()\n'
                      '    time.sleep(0.13)\n'
                      "    base64.b64encode(b'54322247150847290876')\n"
                      '    try:\n'
                      '        ConditionChecker13 = [237][0]\n'
                      '        ConditionChecker23 = 798\n'
                      '        newcount_1 = text.count(char)\n'
                      '        if newFunc_BinOp0(ConditionChecker13, '
                      'ConditionChecker23):\n'
                      '            if newcount_1 < min_count:\n'
                      '                return text.swapcase()\n'
                      '        return text\n'
                      '    except:\n'
                      '        pass'}
[END] processing file: sample_751. Total Time: 5.440637
END AT 2024-10-19 23:03:44.925765
