STARTING AT 2024-10-19 21:53:10.906693
[START] processing file: sample_107
*Running tests for: sample_107
 
Result: ['tests_pass']
tests_pass sample_107 /home/yang/Benchmark/dataset/cruxeval/code//sample_107.py
Apply all rules on a single file.
Checking transformation add_nested_for_out
*Running tests for: sample_107
 
Result: ['tests_pass']
Checking transformation add_nested_if
*Running tests for: sample_107
 
Result: ['tests_pass']
Checking transformation add_nested_list
*Running tests for: sample_107
 
Result: ['tests_pass']
Checking transformation transform_range_to_recursion
*Running tests for: sample_107
 
Result: ['tests_pass']
Checking transformation add_datetime
*Running tests for: sample_107
 
Result: ['tests_pass']
Checking transformation add_time
*Running tests for: sample_107
 
Result: ['tests_pass']
Checking transformation create_functions
*Running tests for: sample_107
 
Result: ['tests_pass']
Checking transformation add_decorator
*Running tests for: sample_107
 
Result: ['tests_pass']
Checking transformation add_http
*Running tests for: sample_107
 
Result: ['tests_pass']
Checking transformation add_scipy
*Running tests for: sample_107
 
Result: ['tests_pass']
Checking transformation add_base64
*Running tests for: sample_107
 
Result: ['tests_pass']
Checking transformation add_dateutil
*Running tests for: sample_107
 
Result: ['tests_pass']
The file 'reasoning_transformation_cruxeval/CRUXEval/e1f735e05ec0002c7d6ed7d62be776995bf4ddf4/Transformation/sample_107.py' has been formatted successfully.
Checking reasoning_transformation_cruxeval/CRUXEval/e1f735e05ec0002c7d6ed7d62be776995bf4ddf4/Transformation/sample_107.py
*Running tests for: sample_107
 
Result: ['tests_pass']
{ 'applicable_rules': [ 'change_var_names',
                        'add_nested_for_out',
                        'add_nested_if',
                        'add_try_except_inside_functions',
                        'add_else_to_for',
                        'add_nested_list',
                        'transform_range_to_recursion',
                        'add_datetime',
                        'add_time',
                        'add_crypto',
                        'add_sklearn',
                        'create_functions',
                        'add_decorator',
                        'add_http',
                        'add_scipy',
                        'add_base64',
                        'add_dateutil'],
  'diff_output': 'reasoning_transformation_cruxeval/CRUXEval/e1f735e05ec0002c7d6ed7d62be776995bf4ddf4/Transformation/sample_107.patch',
  'evaluation_tests_dir': '/home/yang/Benchmark/dataset/cruxeval/',
  'exception': None,
  'file_id': 'sample_107',
  'genetic_algorithm': None,
  'original_code': 'def f(text):\n'
                   '    result = []\n'
                   '    for i in range(len(text)):\n'
                   '        if not text[i].isascii():\n'
                   '            return False\n'
                   '        elif text[i].isalnum():\n'
                   '            result.append(text[i].upper())\n'
                   '        else:\n'
                   '            result.append(text[i])\n'
                   "    return ''.join(result)",
  'patch_path': 'reasoning_transformation_cruxeval/CRUXEval/e1f735e05ec0002c7d6ed7d62be776995bf4ddf4/Transformation/sample_107.patch',
  'single_rule': None,
  'source_file': '/home/yang/Benchmark/dataset/cruxeval/code//sample_107.py',
  'target_file': 'reasoning_transformation_cruxeval/CRUXEval/e1f735e05ec0002c7d6ed7d62be776995bf4ddf4/Transformation/sample_107.py',
  'test_results_after': ['tests_pass'],
  'test_results_before': ['tests_pass'],
  'total_time': 5.544966,
  'transformed_code': 'from dateutil.parser import parse\n'
                      'import base64\n'
                      'from scipy.stats import ttest_ind\n'
                      'from http.client import HTTPConnection\n'
                      '\n'
                      'def my_decorator(func):\n'
                      '\n'
                      '    def dec_result(*args, **kwargs):\n'
                      '        res = func(*args, **kwargs)\n'
                      '        return res\n'
                      "    HTTPConnection('google.com', port=80)\n"
                      "    base64.b64encode(b'23871886253132606331')\n"
                      '    return dec_result\n'
                      '\n'
                      '@my_decorator\n'
                      'def newFunc_BinOp0(a, b):\n'
                      '    return a // b\n'
                      'from sklearn.utils import shuffle\n'
                      'from cryptography.fernet import Fernet\n'
                      'import time\n'
                      'import datetime\n'
                      '\n'
                      'def f(text):\n'
                      '    time.sleep(0.05)\n'
                      '    datetime.datetime.now()\n'
                      '    shuffle([37, 95, 76])\n'
                      '    Fernet.generate_key()\n'
                      "    parse('2024-10-19 21:53:15')\n"
                      '    ttest_ind([67, 69, 44], [43, 99, 56])\n'
                      '    try:\n'
                      '        result = [[]][0]\n'
                      '        LoopChecker13 = 423\n'
                      '        LoopChecker23 = 422\n'
                      '        ConditionChecker17 = 450\n'
                      '        ConditionChecker27 = 501\n'
                      '        for LoopIndexOut in '
                      'range(newFunc_BinOp0(LoopChecker13, LoopChecker23)):\n'
                      '\n'
                      '            def loop_9_12(newi_1, stop, step):\n'
                      '                if step == 0 or (step > 0 and newi_1 >= '
                      'stop) or (step < 0 and newi_1 <= stop):\n'
                      '                    return\n'
                      '                if ConditionChecker17 & '
                      'ConditionChecker27:\n'
                      '                    if not text[newi_1].isascii():\n'
                      '                        return False\n'
                      '                    elif text[newi_1].isalnum():\n'
                      '                        '
                      'result.append(text[newi_1].upper())\n'
                      '                    else:\n'
                      '                        result.append(text[newi_1])\n'
                      '                loop_9_12(newi_1 + step, stop, step)\n'
                      '            loop_9_12(0, len(text), 1)\n'
                      '        else:\n'
                      '            pass\n'
                      "        return ''.join(result)\n"
                      '    except:\n'
                      '        pass'}
[END] processing file: sample_107. Total Time: 5.544966
END AT 2024-10-19 21:53:16.453661
