STARTING AT 2024-10-19 23:35:57.042256
[START] processing file: sample_579
*Running tests for: sample_579
 
Result: ['tests_pass']
tests_pass sample_579 /home/yang/Benchmark/dataset/cruxeval/code//sample_579.py
Apply all rules on a single file.
Checking transformation add_nested_if
*Running tests for: sample_579
 
Result: ['tests_pass']
Checking transformation add_nested_list
*Running tests for: sample_579
 
Result: ['tests_pass']
Checking transformation add_datetime
*Running tests for: sample_579
 
Result: ['tests_pass']
Checking transformation add_time
*Running tests for: sample_579
 
Result: ['tests_pass']
def newFunc_99693(arg0, arg1):
    return arg0 + arg1
Checking transformation create_functions
*Running tests for: sample_579
 
Result: ['tests_pass']
Checking transformation add_decorator
*Running tests for: sample_579
 
Result: ['tests_pass']
Checking transformation add_http
*Running tests for: sample_579
 
Result: ['tests_pass']
Checking transformation add_scipy
*Running tests for: sample_579
 
Result: ['tests_pass']
Checking transformation add_base64
*Running tests for: sample_579
 
Result: ['tests_pass']
Checking transformation add_dateutil
*Running tests for: sample_579
 
Result: ['tests_pass']
The file 'reasoning_transformation_cruxeval/CRUXEval/951a917df7397c9cb698ead54386db6d1db4ffb0/Transformation/sample_579.py' has been formatted successfully.
Checking reasoning_transformation_cruxeval/CRUXEval/951a917df7397c9cb698ead54386db6d1db4ffb0/Transformation/sample_579.py
*Running tests for: sample_579
 
Result: ['tests_pass']
{ 'applicable_rules': [ 'add_nested_if',
                        'add_try_except_inside_functions',
                        'add_nested_list',
                        'add_datetime',
                        'add_time',
                        'add_crypto',
                        'add_sklearn',
                        'create_functions',
                        'add_decorator',
                        'add_http',
                        'add_scipy',
                        'add_base64',
                        'add_dateutil'],
  'diff_output': 'reasoning_transformation_cruxeval/CRUXEval/951a917df7397c9cb698ead54386db6d1db4ffb0/Transformation/sample_579.patch',
  'evaluation_tests_dir': '/home/yang/Benchmark/dataset/cruxeval/',
  'exception': None,
  'file_id': 'sample_579',
  'genetic_algorithm': None,
  'original_code': 'def f(text):\n'
                   '    if text.istitle():\n'
                   '        if len(text) > 1 and text.lower() != text:\n'
                   '            return text[0].lower() + text[1:]\n'
                   '    elif text.isalpha():\n'
                   '        return text.capitalize()\n'
                   '    return text',
  'patch_path': 'reasoning_transformation_cruxeval/CRUXEval/951a917df7397c9cb698ead54386db6d1db4ffb0/Transformation/sample_579.patch',
  'single_rule': None,
  'source_file': '/home/yang/Benchmark/dataset/cruxeval/code//sample_579.py',
  'target_file': 'reasoning_transformation_cruxeval/CRUXEval/951a917df7397c9cb698ead54386db6d1db4ffb0/Transformation/sample_579.py',
  'test_results_after': ['tests_pass'],
  'test_results_before': ['tests_pass'],
  'total_time': 5.578374,
  'transformed_code': 'from dateutil.parser import parse\n'
                      'import base64\n'
                      'from scipy.stats import ttest_ind\n'
                      'from http.client import HTTPConnection\n'
                      '\n'
                      'def my_decorator(func):\n'
                      '    ttest_ind([68, 61, 15], [53, 37, 86])\n'
                      '\n'
                      '    def dec_result(*args, **kwargs):\n'
                      '        res = func(*args, **kwargs)\n'
                      '        return res\n'
                      '    return dec_result\n'
                      '\n'
                      '@my_decorator\n'
                      'def newFunc_99693(arg0, arg1):\n'
                      "    parse('2024-10-19 23:36:01')\n"
                      '    return arg0 + arg1\n'
                      'from sklearn.utils import shuffle\n'
                      'from cryptography.fernet import Fernet\n'
                      'import time\n'
                      'import datetime\n'
                      '\n'
                      'def f(text):\n'
                      '    Fernet.generate_key()\n'
                      '    time.sleep(0.14)\n'
                      '    shuffle([93, 21, 57])\n'
                      "    base64.b64encode(b'30486089662938072233')\n"
                      "    HTTPConnection('google.com', port=80)\n"
                      '    datetime.datetime.now()\n'
                      '    try:\n'
                      '        ConditionChecker12 = [321][0]\n'
                      '        ConditionChecker22 = 290\n'
                      '        if ConditionChecker12 & ConditionChecker22:\n'
                      '            if text.istitle():\n'
                      '                if len(text) > 1 and text.lower() != '
                      'text:\n'
                      '                    return '
                      'newFunc_99693(text[0].lower(), text[1:])\n'
                      '            elif text.isalpha():\n'
                      '                return text.capitalize()\n'
                      '        return text\n'
                      '    except:\n'
                      '        pass'}
[END] processing file: sample_579. Total Time: 5.578374
END AT 2024-10-19 23:36:02.622745
