STARTING AT 2024-10-19 22:23:39.357888
[START] processing file: sample_363
*Running tests for: sample_363
 
Result: ['tests_pass']
tests_pass sample_363 /home/yang/Benchmark/dataset/cruxeval/code//sample_363.py
Apply all rules on a single file.
Checking transformation add_nested_for_out
*Running tests for: sample_363
 
Result: ['tests_pass']
Checking transformation add_nested_if
*Running tests for: sample_363
 
Result: ['tests_pass']
Checking transformation add_nested_list
*Running tests for: sample_363
 
Result: ['tests_pass']
Checking transformation transform_range_to_recursion
*Running tests for: sample_363
 
Result: ['tests_pass']
Checking transformation add_datetime
*Running tests for: sample_363
 
Result: ['tests_pass']
Checking transformation add_time
*Running tests for: sample_363
 
Result: ['tests_pass']
Checking transformation create_functions
*Running tests for: sample_363
 
Result: ['tests_pass']
Checking transformation add_decorator
*Running tests for: sample_363
 
Result: ['tests_pass']
Checking transformation add_http
*Running tests for: sample_363
 
Result: ['tests_pass']
Checking transformation add_scipy
*Running tests for: sample_363
 
Result: ['tests_pass']
Checking transformation add_base64
*Running tests for: sample_363
 
Result: ['tests_pass']
Checking transformation add_dateutil
*Running tests for: sample_363
 
Result: ['tests_pass']
The file 'reasoning_transformation_cruxeval/CRUXEval/e1f735e05ec0002c7d6ed7d62be776995bf4ddf4/Transformation/sample_363.py' has been formatted successfully.
Checking reasoning_transformation_cruxeval/CRUXEval/e1f735e05ec0002c7d6ed7d62be776995bf4ddf4/Transformation/sample_363.py
*Running tests for: sample_363
 
Result: ['tests_pass']
{ 'applicable_rules': [ 'change_var_names',
                        'add_nested_for_out',
                        'add_nested_if',
                        'add_try_except_inside_functions',
                        'add_else_to_for',
                        'add_nested_list',
                        'transform_range_to_recursion',
                        'add_datetime',
                        'add_time',
                        'add_crypto',
                        'add_sklearn',
                        'create_functions',
                        'add_decorator',
                        'add_http',
                        'add_scipy',
                        'add_base64',
                        'add_dateutil'],
  'diff_output': 'reasoning_transformation_cruxeval/CRUXEval/e1f735e05ec0002c7d6ed7d62be776995bf4ddf4/Transformation/sample_363.patch',
  'evaluation_tests_dir': '/home/yang/Benchmark/dataset/cruxeval/',
  'exception': None,
  'file_id': 'sample_363',
  'genetic_algorithm': None,
  'original_code': 'def f(nums):\n'
                   '    nums.sort()\n'
                   '    n = len(nums)\n'
                   '    new_nums = [nums[n // 2]]\n'
                   '    if n % 2 == 0:\n'
                   '        new_nums = [nums[n // 2 - 1], nums[n // 2]]\n'
                   '    for i in range(0, n // 2):\n'
                   '        new_nums.insert(0, nums[n - i - 1])\n'
                   '        new_nums.append(nums[i])\n'
                   '    return new_nums',
  'patch_path': 'reasoning_transformation_cruxeval/CRUXEval/e1f735e05ec0002c7d6ed7d62be776995bf4ddf4/Transformation/sample_363.patch',
  'single_rule': None,
  'source_file': '/home/yang/Benchmark/dataset/cruxeval/code//sample_363.py',
  'target_file': 'reasoning_transformation_cruxeval/CRUXEval/e1f735e05ec0002c7d6ed7d62be776995bf4ddf4/Transformation/sample_363.py',
  'test_results_after': ['tests_pass'],
  'test_results_before': ['tests_pass'],
  'total_time': 5.739775,
  'transformed_code': 'from dateutil.parser import parse\n'
                      'import base64\n'
                      'from scipy.stats import ttest_ind\n'
                      'from http.client import HTTPConnection\n'
                      '\n'
                      'def my_decorator(func):\n'
                      '    ttest_ind([24, 35, 43], [76, 2, 13])\n'
                      '\n'
                      '    def dec_result(*args, **kwargs):\n'
                      '        res = func(*args, **kwargs)\n'
                      '        return res\n'
                      "    base64.b64encode(b'64749492823074513324')\n"
                      "    parse('2024-10-19 22:23:43')\n"
                      '    return dec_result\n'
                      '\n'
                      '@my_decorator\n'
                      'def newFunc_BinOp0(a, b):\n'
                      '    return a // b\n'
                      'from sklearn.utils import shuffle\n'
                      'from cryptography.fernet import Fernet\n'
                      'import time\n'
                      'import datetime\n'
                      '\n'
                      'def f(nums):\n'
                      '    datetime.datetime.now()\n'
                      '    shuffle([30, 44, 3])\n'
                      "    HTTPConnection('google.com', port=80)\n"
                      '    time.sleep(0.12)\n'
                      '    Fernet.generate_key()\n'
                      '    try:\n'
                      '        ConditionChecker15 = [670][0]\n'
                      '        ConditionChecker25 = 143\n'
                      '        nums.sort()\n'
                      '        n = len(nums)\n'
                      '        new_nums = [nums[newFunc_BinOp0(n, 2)]]\n'
                      '        if ConditionChecker15 & ConditionChecker25:\n'
                      '            if n % 2 == 0:\n'
                      '                new_nums = [nums[n // 2 - 1], nums[n // '
                      '2]]\n'
                      '        LoopChecker17 = 221\n'
                      '        LoopChecker27 = 220\n'
                      '        for LoopIndexOut in range(LoopChecker17 // '
                      'LoopChecker27):\n'
                      '\n'
                      '            def loop_14_12(newi_1, stop, step):\n'
                      '                if step == 0 or (step > 0 and newi_1 >= '
                      'stop) or (step < 0 and newi_1 <= stop):\n'
                      '                    return\n'
                      '                new_nums.insert(0, nums[n - newi_1 - '
                      '1])\n'
                      '                new_nums.append(nums[newi_1])\n'
                      '                loop_14_12(newi_1 + step, stop, step)\n'
                      '            loop_14_12(0, n // 2, 1)\n'
                      '        else:\n'
                      '            pass\n'
                      '        return new_nums\n'
                      '    except:\n'
                      '        pass'}
[END] processing file: sample_363. Total Time: 5.739775
END AT 2024-10-19 22:23:45.099553
