STARTING AT 2024-10-19 22:37:35.443304
[START] processing file: sample_480
*Running tests for: sample_480
 
Result: ['tests_pass']
tests_pass sample_480 /home/yang/Benchmark/dataset/cruxeval/code//sample_480.py
Apply all rules on a single file.
Checking transformation add_nested_for_out
*Running tests for: sample_480
 
Result: ['tests_pass']
Checking transformation add_nested_if
*Running tests for: sample_480
 
Result: ['tests_pass']
Checking transformation add_nested_list
*Running tests for: sample_480
 
Result: ['tests_pass']
Checking transformation transform_range_to_recursion
*Running tests for: sample_480
 
Result: ['tests_pass']
Checking transformation add_datetime
*Running tests for: sample_480
 
Result: ['tests_pass']
Checking transformation add_time
*Running tests for: sample_480
 
Result: ['tests_pass']
Checking transformation create_functions
*Running tests for: sample_480
 
Result: ['tests_pass']
Checking transformation add_decorator
*Running tests for: sample_480
 
Result: ['tests_pass']
Checking transformation add_http
*Running tests for: sample_480
 
Result: ['tests_pass']
Checking transformation add_scipy
*Running tests for: sample_480
 
Result: ['tests_pass']
Checking transformation add_base64
*Running tests for: sample_480
 
Result: ['tests_pass']
Checking transformation add_dateutil
*Running tests for: sample_480
 
Result: ['tests_pass']
The file 'reasoning_transformation_cruxeval/CRUXEval/e1f735e05ec0002c7d6ed7d62be776995bf4ddf4/Transformation/sample_480.py' has been formatted successfully.
Checking reasoning_transformation_cruxeval/CRUXEval/e1f735e05ec0002c7d6ed7d62be776995bf4ddf4/Transformation/sample_480.py
*Running tests for: sample_480
 
Result: ['tests_pass']
{ 'applicable_rules': [ 'change_var_names',
                        'add_nested_for_out',
                        'add_nested_if',
                        'add_try_except_inside_functions',
                        'add_else_to_for',
                        'add_nested_list',
                        'transform_range_to_recursion',
                        'add_datetime',
                        'add_time',
                        'add_crypto',
                        'add_sklearn',
                        'create_functions',
                        'add_decorator',
                        'add_http',
                        'add_scipy',
                        'add_base64',
                        'add_dateutil'],
  'diff_output': 'reasoning_transformation_cruxeval/CRUXEval/e1f735e05ec0002c7d6ed7d62be776995bf4ddf4/Transformation/sample_480.patch',
  'evaluation_tests_dir': '/home/yang/Benchmark/dataset/cruxeval/',
  'exception': None,
  'file_id': 'sample_480',
  'genetic_algorithm': None,
  'original_code': 'def f(s, c1, c2):\n'
                   "    if s == '':\n"
                   '        return s\n'
                   '    ls = s.split(c1)\n'
                   '    for (index, item) in enumerate(ls):\n'
                   '        if c1 in item:\n'
                   '            ls[index] = item.replace(c1, c2, 1)\n'
                   '    return c1.join(ls)',
  'patch_path': 'reasoning_transformation_cruxeval/CRUXEval/e1f735e05ec0002c7d6ed7d62be776995bf4ddf4/Transformation/sample_480.patch',
  'single_rule': None,
  'source_file': '/home/yang/Benchmark/dataset/cruxeval/code//sample_480.py',
  'target_file': 'reasoning_transformation_cruxeval/CRUXEval/e1f735e05ec0002c7d6ed7d62be776995bf4ddf4/Transformation/sample_480.py',
  'test_results_after': ['tests_pass'],
  'test_results_before': ['tests_pass'],
  'total_time': 5.482391,
  'transformed_code': 'from dateutil.parser import parse\n'
                      'import base64\n'
                      'from scipy.stats import ttest_ind\n'
                      'from http.client import HTTPConnection\n'
                      '\n'
                      'def my_decorator(func):\n'
                      "    parse('2024-10-19 22:37:39')\n"
                      '\n'
                      '    def dec_result(*args, **kwargs):\n'
                      '        res = func(*args, **kwargs)\n'
                      '        return res\n'
                      '    return dec_result\n'
                      '\n'
                      '@my_decorator\n'
                      'def newFunc_BinOp0(a, b):\n'
                      '    ttest_ind([90, 58, 43], [72, 22, 61])\n'
                      '    return a & b\n'
                      'from sklearn.utils import shuffle\n'
                      'from cryptography.fernet import Fernet\n'
                      'import time\n'
                      'import datetime\n'
                      '\n'
                      'def f(s, c1, c2):\n'
                      '    shuffle([93, 25, 88])\n'
                      '    time.sleep(0.11)\n'
                      '    datetime.datetime.now()\n'
                      '    Fernet.generate_key()\n'
                      "    HTTPConnection('google.com', port=80)\n"
                      "    base64.b64encode(b'22040094834514184178')\n"
                      '    try:\n'
                      '        ConditionChecker12 = [797][0]\n'
                      '        ConditionChecker22 = 557\n'
                      '        if newFunc_BinOp0(ConditionChecker12, '
                      'ConditionChecker22):\n'
                      "            if s == '':\n"
                      '                return s\n'
                      '        newls_1 = s.split(c1)\n'
                      '        LoopChecker15 = 340\n'
                      '        LoopChecker25 = 339\n'
                      '\n'
                      '        def loop_11_8(LoopIndexOut, stop, step):\n'
                      '            if step == 0 or (step > 0 and LoopIndexOut '
                      '>= stop) or (step < 0 and LoopIndexOut <= stop):\n'
                      '                return\n'
                      '            for (index, item) in enumerate(newls_1):\n'
                      '                if c1 in item:\n'
                      '                    newls_1[index] = item.replace(c1, '
                      'c2, 1)\n'
                      '            loop_11_8(LoopIndexOut + step, stop, step)\n'
                      '        loop_11_8(0, LoopChecker15 // LoopChecker25, '
                      '1)\n'
                      '        return c1.join(newls_1)\n'
                      '    except:\n'
                      '        pass'}
[END] processing file: sample_480. Total Time: 5.482391
END AT 2024-10-19 22:37:40.927901
