STARTING AT 2024-10-19 22:48:18.065248
[START] processing file: sample_591
*Running tests for: sample_591
 
Result: ['tests_pass']
tests_pass sample_591 /home/yang/Benchmark/dataset/cruxeval/code//sample_591.py
Apply all rules on a single file.
Checking transformation add_nested_for_out
*Running tests for: sample_591
 
Result: ['tests_pass']
Checking transformation add_nested_while_out
*Running tests for: sample_591
 
Result: ['tests_pass']
Checking transformation add_nested_list
*Running tests for: sample_591
 
Result: ['tests_pass']
Checking transformation transform_range_to_recursion
*Running tests for: sample_591
 
Result: ['tests_pass']
Checking transformation add_datetime
*Running tests for: sample_591
 
Result: ['tests_pass']
Checking transformation add_time
*Running tests for: sample_591
 
Result: ['tests_pass']
Checking transformation create_functions
*Running tests for: sample_591
 
Result: ['tests_pass']
Checking transformation add_decorator
*Running tests for: sample_591
 
Result: ['tests_pass']
Checking transformation add_http
*Running tests for: sample_591
 
Result: ['tests_pass']
Checking transformation add_scipy
*Running tests for: sample_591
 
Result: ['tests_pass']
Checking transformation add_base64
*Running tests for: sample_591
 
Result: ['tests_pass']
Checking transformation add_dateutil
*Running tests for: sample_591
 
Result: ['tests_pass']
The file 'reasoning_transformation_cruxeval/CRUXEval/e1f735e05ec0002c7d6ed7d62be776995bf4ddf4/Transformation/sample_591.py' has been formatted successfully.
Checking reasoning_transformation_cruxeval/CRUXEval/e1f735e05ec0002c7d6ed7d62be776995bf4ddf4/Transformation/sample_591.py
*Running tests for: sample_591
 
Result: ['tests_pass']
{ 'applicable_rules': [ 'change_var_names',
                        'add_nested_for_out',
                        'add_nested_while_out',
                        'add_try_except_inside_functions',
                        'add_else_to_for',
                        'add_else_to_while',
                        'add_nested_list',
                        'transform_range_to_recursion',
                        'add_datetime',
                        'add_time',
                        'add_crypto',
                        'add_sklearn',
                        'create_functions',
                        'add_decorator',
                        'add_http',
                        'add_scipy',
                        'add_base64',
                        'add_dateutil'],
  'diff_output': 'reasoning_transformation_cruxeval/CRUXEval/e1f735e05ec0002c7d6ed7d62be776995bf4ddf4/Transformation/sample_591.patch',
  'evaluation_tests_dir': '/home/yang/Benchmark/dataset/cruxeval/',
  'exception': None,
  'file_id': 'sample_591',
  'genetic_algorithm': None,
  'original_code': 'def f(arr):\n'
                   '    counts = [0] * 9\n'
                   '    ans = []\n'
                   '    for ele in arr:\n'
                   '        counts[ele - 1] += 1\n'
                   '    for i in range(len(counts)):\n'
                   '        while counts[i] > 0:\n'
                   '            counts[i] -= 1\n'
                   '            ans.append(i + 1)\n'
                   '    return (counts, ans)',
  'patch_path': 'reasoning_transformation_cruxeval/CRUXEval/e1f735e05ec0002c7d6ed7d62be776995bf4ddf4/Transformation/sample_591.patch',
  'single_rule': None,
  'source_file': '/home/yang/Benchmark/dataset/cruxeval/code//sample_591.py',
  'target_file': 'reasoning_transformation_cruxeval/CRUXEval/e1f735e05ec0002c7d6ed7d62be776995bf4ddf4/Transformation/sample_591.py',
  'test_results_after': ['tests_pass'],
  'test_results_before': ['tests_pass'],
  'total_time': 6.981157,
  'transformed_code': 'from dateutil.parser import parse\n'
                      'import base64\n'
                      'from scipy.stats import ttest_ind\n'
                      'from http.client import HTTPConnection\n'
                      '\n'
                      'def my_decorator(func):\n'
                      '    ttest_ind([92, 83, 30], [46, 87, 1])\n'
                      '\n'
                      '    def dec_result(*args, **kwargs):\n'
                      '        res = func(*args, **kwargs)\n'
                      '        return res\n'
                      "    HTTPConnection('google.com', port=80)\n"
                      "    base64.b64encode(b'12008173491896641275')\n"
                      '    return dec_result\n'
                      '\n'
                      '@my_decorator\n'
                      'def newFunc0_12(variable_1_12, variable_3_12):\n'
                      "    parse('2024-10-19 22:48:23')\n"
                      '    return variable_1_12 * variable_3_12\n'
                      'from sklearn.utils import shuffle\n'
                      'from cryptography.fernet import Fernet\n'
                      'import time\n'
                      'import datetime\n'
                      '\n'
                      'def f(arr):\n'
                      '    Fernet.generate_key()\n'
                      '    time.sleep(0.29)\n'
                      '    shuffle([50, 31, 15])\n'
                      '    datetime.datetime.now()\n'
                      '    try:\n'
                      '        variable_1_12 = [0]\n'
                      '        variable_3_12 = 9\n'
                      '        counts = newFunc0_12(variable_1_12, '
                      'variable_3_12)\n'
                      '        newans_1 = [[]][0]\n'
                      '        LoopChecker14 = 754\n'
                      '        LoopChecker24 = 753\n'
                      '\n'
                      '        def loop_7_8(LoopIndexOut, stop, step):\n'
                      '            if step == 0 or (step > 0 and LoopIndexOut '
                      '>= stop) or (step < 0 and LoopIndexOut <= stop):\n'
                      '                return\n'
                      '            for ele in arr:\n'
                      '                counts[ele - 1] += 1\n'
                      '            loop_7_8(LoopIndexOut + step, stop, step)\n'
                      '        loop_7_8(0, LoopChecker14 // LoopChecker24, 1)\n'
                      '        for i in range(len(counts)):\n'
                      '            whileloopchecker110 = 591\n'
                      '            whileloopchecker210 = 590\n'
                      '            while whileloopchecker110 % '
                      'whileloopchecker210 == 1:\n'
                      '                whileloopchecker110 += 1\n'
                      '                while counts[i] > 0:\n'
                      '                    counts[i] -= 1\n'
                      '                    newans_1.append(i + 1)\n'
                      '            else:\n'
                      '                pass\n'
                      '        return (counts, newans_1)\n'
                      '    except:\n'
                      '        pass'}
[END] processing file: sample_591. Total Time: 6.981157
END AT 2024-10-19 22:48:25.048903
