STARTING AT 2024-10-19 23:37:04.207340
[START] processing file: sample_634
*Running tests for: sample_634
 
Result: ['tests_pass']
tests_pass sample_634 /home/yang/Benchmark/dataset/cruxeval/code//sample_634.py
Apply all rules on a single file.
Checking transformation add_nested_while_out
*Running tests for: sample_634
 
Result: ['tests_pass']
Checking transformation add_nested_list
*Running tests for: sample_634
 
Result: ['tests_pass']
Checking transformation add_datetime
*Running tests for: sample_634
 
Result: ['tests_pass']
Checking transformation add_time
*Running tests for: sample_634
 
Result: ['tests_pass']
Checking transformation create_functions
*Running tests for: sample_634
 
Result: ['tests_pass']
Checking transformation add_decorator
*Running tests for: sample_634
 
Result: ['tests_pass']
Checking transformation add_http
*Running tests for: sample_634
 
Result: ['tests_pass']
Checking transformation add_scipy
*Running tests for: sample_634
 
Result: ['tests_pass']
Checking transformation add_base64
*Running tests for: sample_634
 
Result: ['tests_pass']
Checking transformation add_dateutil
*Running tests for: sample_634
 
Result: ['tests_pass']
The file 'reasoning_transformation_cruxeval/CRUXEval/951a917df7397c9cb698ead54386db6d1db4ffb0/Transformation/sample_634.py' has been formatted successfully.
Checking reasoning_transformation_cruxeval/CRUXEval/951a917df7397c9cb698ead54386db6d1db4ffb0/Transformation/sample_634.py
*Running tests for: sample_634
 
Result: ['tests_pass']
{ 'applicable_rules': [ 'change_var_names',
                        'add_nested_while_out',
                        'add_try_except_inside_functions',
                        'add_else_to_while',
                        'add_nested_list',
                        'add_datetime',
                        'add_time',
                        'add_crypto',
                        'add_sklearn',
                        'create_functions',
                        'add_decorator',
                        'add_http',
                        'add_scipy',
                        'add_base64',
                        'add_dateutil',
                        'changing_AugAssign'],
  'diff_output': 'reasoning_transformation_cruxeval/CRUXEval/951a917df7397c9cb698ead54386db6d1db4ffb0/Transformation/sample_634.patch',
  'evaluation_tests_dir': '/home/yang/Benchmark/dataset/cruxeval/',
  'exception': None,
  'file_id': 'sample_634',
  'genetic_algorithm': None,
  'original_code': 'def f(input_string):\n'
                   "    table = str.maketrans('aioe', 'ioua')\n"
                   "    while 'a' in input_string or 'A' in input_string:\n"
                   '        input_string = input_string.translate(table)\n'
                   '    return input_string',
  'patch_path': 'reasoning_transformation_cruxeval/CRUXEval/951a917df7397c9cb698ead54386db6d1db4ffb0/Transformation/sample_634.patch',
  'single_rule': None,
  'source_file': '/home/yang/Benchmark/dataset/cruxeval/code//sample_634.py',
  'target_file': 'reasoning_transformation_cruxeval/CRUXEval/951a917df7397c9cb698ead54386db6d1db4ffb0/Transformation/sample_634.py',
  'test_results_after': ['tests_pass'],
  'test_results_before': ['tests_pass'],
  'total_time': 5.462706,
  'transformed_code': 'from dateutil.parser import parse\n'
                      'import base64\n'
                      'from scipy.stats import ttest_ind\n'
                      'from http.client import HTTPConnection\n'
                      '\n'
                      'def my_decorator(func):\n'
                      "    base64.b64encode(b'77008935062375326045')\n"
                      "    parse('2024-10-19 23:37:08')\n"
                      "    HTTPConnection('google.com', port=80)\n"
                      '\n'
                      '    def dec_result(*args, **kwargs):\n'
                      '        res = func(*args, **kwargs)\n'
                      '        return res\n'
                      '    return dec_result\n'
                      '\n'
                      '@my_decorator\n'
                      'def newFunc_BinOp0(a, b):\n'
                      '    return a % b\n'
                      'from sklearn.utils import shuffle\n'
                      'from cryptography.fernet import Fernet\n'
                      'import time\n'
                      'import datetime\n'
                      '\n'
                      'def f(input_string):\n'
                      '    shuffle([15, 62, 87])\n'
                      '    time.sleep(0.13)\n'
                      '    Fernet.generate_key()\n'
                      '    ttest_ind([59, 55, 34], [85, 3, 58])\n'
                      '    datetime.datetime.now()\n'
                      '    try:\n'
                      "        newtable_1 = str.maketrans('aioe', 'ioua')\n"
                      '        whileloopchecker13 = [508][0]\n'
                      '        whileloopchecker23 = 507\n'
                      '        while newFunc_BinOp0(whileloopchecker13, '
                      'whileloopchecker23) == 1:\n'
                      '            whileloopchecker13 = whileloopchecker13 + '
                      '1\n'
                      "            while 'a' in input_string or 'A' in "
                      'input_string:\n'
                      '                input_string = '
                      'input_string.translate(newtable_1)\n'
                      '        else:\n'
                      '            pass\n'
                      '        return input_string\n'
                      '    except:\n'
                      '        pass'}
[END] processing file: sample_634. Total Time: 5.462706
END AT 2024-10-19 23:37:09.671671
