STARTING AT 2024-10-19 23:40:04.113702
[START] processing file: sample_73
*Running tests for: sample_73
 
Result: ['tests_pass']
tests_pass sample_73 /home/yang/Benchmark/dataset/cruxeval/code//sample_73.py
Apply all rules on a single file.
Checking transformation add_datetime
*Running tests for: sample_73
 
Result: ['tests_pass']
Checking transformation add_time
*Running tests for: sample_73
 
Result: ['tests_pass']
Checking transformation add_decorator
*Running tests for: sample_73
 
Result: ['tests_pass']
Checking transformation add_http
*Running tests for: sample_73
 
Result: ['tests_pass']
Checking transformation add_scipy
*Running tests for: sample_73
 
Result: ['tests_pass']
Checking transformation add_base64
*Running tests for: sample_73
 
Result: ['tests_pass']
Checking transformation add_dateutil
*Running tests for: sample_73
 
Result: ['tests_pass']
The file 'reasoning_transformation_cruxeval/CRUXEval/951a917df7397c9cb698ead54386db6d1db4ffb0/Transformation/sample_73.py' has been formatted successfully.
Checking reasoning_transformation_cruxeval/CRUXEval/951a917df7397c9cb698ead54386db6d1db4ffb0/Transformation/sample_73.py
*Running tests for: sample_73
 
Result: ['tests_pass']
{ 'applicable_rules': [ 'add_try_except_inside_functions',
                        'add_datetime',
                        'add_time',
                        'add_crypto',
                        'add_sklearn',
                        'add_decorator',
                        'add_http',
                        'add_scipy',
                        'add_base64',
                        'add_dateutil'],
  'diff_output': 'reasoning_transformation_cruxeval/CRUXEval/951a917df7397c9cb698ead54386db6d1db4ffb0/Transformation/sample_73.patch',
  'evaluation_tests_dir': '/home/yang/Benchmark/dataset/cruxeval/',
  'exception': None,
  'file_id': 'sample_73',
  'genetic_algorithm': None,
  'original_code': "def f(row):\n    return (row.count('1'), row.count('0'))",
  'patch_path': 'reasoning_transformation_cruxeval/CRUXEval/951a917df7397c9cb698ead54386db6d1db4ffb0/Transformation/sample_73.patch',
  'single_rule': None,
  'source_file': '/home/yang/Benchmark/dataset/cruxeval/code//sample_73.py',
  'target_file': 'reasoning_transformation_cruxeval/CRUXEval/951a917df7397c9cb698ead54386db6d1db4ffb0/Transformation/sample_73.py',
  'test_results_after': ['tests_pass'],
  'test_results_before': ['tests_pass'],
  'total_time': 4.635474,
  'transformed_code': 'from dateutil.parser import parse\n'
                      'import base64\n'
                      'from scipy.stats import ttest_ind\n'
                      'from http.client import HTTPConnection\n'
                      '\n'
                      'def my_decorator(func):\n'
                      "    base64.b64encode(b'81213194500820944122')\n"
                      '\n'
                      '    def dec_result(*args, **kwargs):\n'
                      '        res = func(*args, **kwargs)\n'
                      '        return res\n'
                      "    HTTPConnection('google.com', port=80)\n"
                      '    return dec_result\n'
                      'from sklearn.utils import shuffle\n'
                      'from cryptography.fernet import Fernet\n'
                      'import time\n'
                      'import datetime\n'
                      '\n'
                      '@my_decorator\n'
                      'def f(row):\n'
                      '    shuffle([43, 63, 70])\n'
                      '    datetime.datetime.now()\n'
                      '    Fernet.generate_key()\n'
                      "    parse('2024-10-19 23:40:07')\n"
                      '    time.sleep(0.11)\n'
                      '    ttest_ind([47, 56, 10], [62, 60, 69])\n'
                      '    try:\n'
                      "        return (row.count('1'), row.count('0'))\n"
                      '    except:\n'
                      '        pass'}
[END] processing file: sample_73. Total Time: 4.635474
END AT 2024-10-19 23:40:08.750634
