STARTING AT 2024-10-19 22:26:26.395941
[START] processing file: sample_387
*Running tests for: sample_387
 
Result: ['tests_pass']
tests_pass sample_387 /home/yang/Benchmark/dataset/cruxeval/code//sample_387.py
Apply all rules on a single file.
Checking transformation add_datetime
*Running tests for: sample_387
 
Result: ['tests_pass']
Checking transformation add_time
*Running tests for: sample_387
 
Result: ['tests_pass']
Checking transformation add_decorator
*Running tests for: sample_387
 
Result: ['tests_pass']
Checking transformation add_http
*Running tests for: sample_387
 
Result: ['tests_pass']
Checking transformation add_scipy
*Running tests for: sample_387
 
Result: ['tests_pass']
Checking transformation add_base64
*Running tests for: sample_387
 
Result: ['tests_pass']
Checking transformation add_dateutil
*Running tests for: sample_387
 
Result: ['tests_pass']
The file 'reasoning_transformation_cruxeval/CRUXEval/e1f735e05ec0002c7d6ed7d62be776995bf4ddf4/Transformation/sample_387.py' has been formatted successfully.
Checking reasoning_transformation_cruxeval/CRUXEval/e1f735e05ec0002c7d6ed7d62be776995bf4ddf4/Transformation/sample_387.py
*Running tests for: sample_387
 
Result: ['tests_pass']
{ 'applicable_rules': [ 'add_try_except_inside_functions',
                        'add_datetime',
                        'add_time',
                        'add_crypto',
                        'add_sklearn',
                        'add_decorator',
                        'add_http',
                        'add_scipy',
                        'add_base64',
                        'add_dateutil'],
  'diff_output': 'reasoning_transformation_cruxeval/CRUXEval/e1f735e05ec0002c7d6ed7d62be776995bf4ddf4/Transformation/sample_387.patch',
  'evaluation_tests_dir': '/home/yang/Benchmark/dataset/cruxeval/',
  'exception': None,
  'file_id': 'sample_387',
  'genetic_algorithm': None,
  'original_code': 'def f(nums, pos, value):\n'
                   '    nums.insert(pos, value)\n'
                   '    return nums',
  'patch_path': 'reasoning_transformation_cruxeval/CRUXEval/e1f735e05ec0002c7d6ed7d62be776995bf4ddf4/Transformation/sample_387.patch',
  'single_rule': None,
  'source_file': '/home/yang/Benchmark/dataset/cruxeval/code//sample_387.py',
  'target_file': 'reasoning_transformation_cruxeval/CRUXEval/e1f735e05ec0002c7d6ed7d62be776995bf4ddf4/Transformation/sample_387.py',
  'test_results_after': ['tests_pass'],
  'test_results_before': ['tests_pass'],
  'total_time': 3.742244,
  'transformed_code': 'from dateutil.parser import parse\n'
                      'import base64\n'
                      'from scipy.stats import ttest_ind\n'
                      'from http.client import HTTPConnection\n'
                      '\n'
                      'def my_decorator(func):\n'
                      '\n'
                      '    def dec_result(*args, **kwargs):\n'
                      '        res = func(*args, **kwargs)\n'
                      '        return res\n'
                      '    ttest_ind([17, 83, 97], [55, 94, 16])\n'
                      '    return dec_result\n'
                      'from sklearn.utils import shuffle\n'
                      'from cryptography.fernet import Fernet\n'
                      'import time\n'
                      'import datetime\n'
                      '\n'
                      '@my_decorator\n'
                      'def f(nums, pos, value):\n'
                      '    datetime.datetime.now()\n'
                      "    HTTPConnection('google.com', port=80)\n"
                      '    shuffle([7, 7, 45])\n'
                      '    Fernet.generate_key()\n'
                      "    parse('2024-10-19 22:26:28')\n"
                      '    time.sleep(0.02)\n'
                      "    base64.b64encode(b'57830581015696125530')\n"
                      '    try:\n'
                      '        nums.insert(pos, value)\n'
                      '        return nums\n'
                      '    except:\n'
                      '        pass'}
[END] processing file: sample_387. Total Time: 3.742244
END AT 2024-10-19 22:26:30.140109
