STARTING AT 2024-10-19 21:57:55.926931
[START] processing file: sample_147
*Running tests for: sample_147
 
Result: ['tests_pass']
tests_pass sample_147 /home/yang/Benchmark/dataset/cruxeval/code//sample_147.py
Apply all rules on a single file.
Checking transformation add_datetime
*Running tests for: sample_147
 
Result: ['tests_pass']
Checking transformation add_time
*Running tests for: sample_147
 
Result: ['tests_pass']
Checking transformation create_functions
*Running tests for: sample_147
 
Result: ['tests_pass']
Checking transformation add_decorator
*Running tests for: sample_147
 
Result: ['tests_pass']
Checking transformation add_http
*Running tests for: sample_147
 
Result: ['tests_pass']
Checking transformation add_scipy
*Running tests for: sample_147
 
Result: ['tests_pass']
Checking transformation add_base64
*Running tests for: sample_147
 
Result: ['tests_pass']
Checking transformation add_dateutil
*Running tests for: sample_147
 
Result: ['tests_pass']
The file 'reasoning_transformation_cruxeval/CRUXEval/e1f735e05ec0002c7d6ed7d62be776995bf4ddf4/Transformation/sample_147.py' has been formatted successfully.
Checking reasoning_transformation_cruxeval/CRUXEval/e1f735e05ec0002c7d6ed7d62be776995bf4ddf4/Transformation/sample_147.py
*Running tests for: sample_147
 
Result: ['tests_pass']
{ 'applicable_rules': [ 'change_var_names',
                        'add_try_except_inside_functions',
                        'add_datetime',
                        'add_time',
                        'add_crypto',
                        'add_sklearn',
                        'create_functions',
                        'add_decorator',
                        'add_http',
                        'add_scipy',
                        'add_base64',
                        'add_dateutil'],
  'diff_output': 'reasoning_transformation_cruxeval/CRUXEval/e1f735e05ec0002c7d6ed7d62be776995bf4ddf4/Transformation/sample_147.patch',
  'evaluation_tests_dir': '/home/yang/Benchmark/dataset/cruxeval/',
  'exception': None,
  'file_id': 'sample_147',
  'genetic_algorithm': None,
  'original_code': 'def f(nums):\n'
                   '    middle = len(nums) // 2\n'
                   '    return nums[middle:] + nums[0:middle]',
  'patch_path': 'reasoning_transformation_cruxeval/CRUXEval/e1f735e05ec0002c7d6ed7d62be776995bf4ddf4/Transformation/sample_147.patch',
  'single_rule': None,
  'source_file': '/home/yang/Benchmark/dataset/cruxeval/code//sample_147.py',
  'target_file': 'reasoning_transformation_cruxeval/CRUXEval/e1f735e05ec0002c7d6ed7d62be776995bf4ddf4/Transformation/sample_147.py',
  'test_results_after': ['tests_pass'],
  'test_results_before': ['tests_pass'],
  'total_time': 6.417296,
  'transformed_code': 'from dateutil.parser import parse\n'
                      'import base64\n'
                      'from scipy.stats import ttest_ind\n'
                      'from http.client import HTTPConnection\n'
                      '\n'
                      'def my_decorator(func):\n'
                      '\n'
                      '    def dec_result(*args, **kwargs):\n'
                      '        res = func(*args, **kwargs)\n'
                      '        return res\n'
                      '    return dec_result\n'
                      '\n'
                      '@my_decorator\n'
                      'def newFunc0_12(variable_3_12, len, nums):\n'
                      "    parse('2024-10-19 21:58:00')\n"
                      '    return len(nums) // variable_3_12\n'
                      'from sklearn.utils import shuffle\n'
                      'from cryptography.fernet import Fernet\n'
                      'import time\n'
                      'import datetime\n'
                      '\n'
                      'def f(nums):\n'
                      '    datetime.datetime.now()\n'
                      '    shuffle([20, 39, 32])\n'
                      "    HTTPConnection('google.com', port=80)\n"
                      '    ttest_ind([65, 45, 3], [67, 48, 98])\n'
                      '    time.sleep(0.24)\n'
                      '    Fernet.generate_key()\n'
                      "    base64.b64encode(b'75352857617319871194')\n"
                      '    try:\n'
                      '        variable_3_12 = 2\n'
                      '        newmiddle_1 = newFunc0_12(variable_3_12, len, '
                      'nums)\n'
                      '        return nums[newmiddle_1:] + '
                      'nums[0:newmiddle_1]\n'
                      '    except:\n'
                      '        pass'}
[END] processing file: sample_147. Total Time: 6.417296
END AT 2024-10-19 21:58:02.345362
