STARTING AT 2024-10-19 23:44:44.631874
[START] processing file: sample_733
*Running tests for: sample_733
 
Result: ['tests_pass']
tests_pass sample_733 /home/yang/Benchmark/dataset/cruxeval/code//sample_733.py
Apply all rules on a single file.
Checking transformation add_datetime
*Running tests for: sample_733
 
Result: ['tests_pass']
Checking transformation add_time
*Running tests for: sample_733
 
Result: ['tests_pass']
Checking transformation create_functions
*Running tests for: sample_733
 
Result: ['tests_pass']
Checking transformation add_decorator
*Running tests for: sample_733
 
Result: ['tests_pass']
Checking transformation add_http
*Running tests for: sample_733
 
Result: ['tests_pass']
Checking transformation add_scipy
*Running tests for: sample_733
 
Result: ['tests_pass']
Checking transformation add_base64
*Running tests for: sample_733
 
Result: ['tests_pass']
Checking transformation add_dateutil
*Running tests for: sample_733
 
Result: ['tests_pass']
The file 'reasoning_transformation_cruxeval/CRUXEval/464e9e956c111b2d9fa4116e6d9f690ffe444235/Transformation/sample_733.py' has been formatted successfully.
Checking reasoning_transformation_cruxeval/CRUXEval/464e9e956c111b2d9fa4116e6d9f690ffe444235/Transformation/sample_733.py
*Running tests for: sample_733
 
Result: ['tests_pass']
{ 'applicable_rules': [ 'change_var_names',
                        'add_try_except_inside_functions',
                        'add_datetime',
                        'add_time',
                        'add_crypto',
                        'add_sklearn',
                        'create_functions',
                        'add_decorator',
                        'add_http',
                        'add_scipy',
                        'add_base64',
                        'add_dateutil'],
  'diff_output': 'reasoning_transformation_cruxeval/CRUXEval/464e9e956c111b2d9fa4116e6d9f690ffe444235/Transformation/sample_733.patch',
  'evaluation_tests_dir': '/home/yang/Benchmark/dataset/cruxeval/',
  'exception': None,
  'file_id': 'sample_733',
  'genetic_algorithm': None,
  'original_code': 'def f(text):\n'
                   '    length = len(text) // 2\n'
                   '    left_half = text[:length]\n'
                   '    right_half = text[length:][::-1]\n'
                   '    return left_half + right_half',
  'patch_path': 'reasoning_transformation_cruxeval/CRUXEval/464e9e956c111b2d9fa4116e6d9f690ffe444235/Transformation/sample_733.patch',
  'single_rule': None,
  'source_file': '/home/yang/Benchmark/dataset/cruxeval/code//sample_733.py',
  'target_file': 'reasoning_transformation_cruxeval/CRUXEval/464e9e956c111b2d9fa4116e6d9f690ffe444235/Transformation/sample_733.py',
  'test_results_after': ['tests_pass'],
  'test_results_before': ['tests_pass'],
  'total_time': 4.496199,
  'transformed_code': 'from dateutil.parser import parse\n'
                      'import base64\n'
                      'from scipy.stats import ttest_ind\n'
                      'from http.client import HTTPConnection\n'
                      '\n'
                      'def my_decorator(func):\n'
                      '    ttest_ind([45, 13, 25], [71, 43, 81])\n'
                      "    HTTPConnection('google.com', port=80)\n"
                      "    parse('2024-10-19 23:44:47')\n"
                      '\n'
                      '    def dec_result(*args, **kwargs):\n'
                      '        res = func(*args, **kwargs)\n'
                      '        return res\n'
                      '    return dec_result\n'
                      '\n'
                      '@my_decorator\n'
                      'def newFunc0_12(text, len, variable_3_12):\n'
                      '    return len(text) // variable_3_12\n'
                      'from sklearn.utils import shuffle\n'
                      'from cryptography.fernet import Fernet\n'
                      'import time\n'
                      'import datetime\n'
                      '\n'
                      'def f(text):\n'
                      "    base64.b64encode(b'46114868558159346301')\n"
                      '    Fernet.generate_key()\n'
                      '    shuffle([53, 30, 58])\n'
                      '    datetime.datetime.now()\n'
                      '    time.sleep(0.01)\n'
                      '    try:\n'
                      '        variable_3_12 = 2\n'
                      '        length = newFunc0_12(text, len, variable_3_12)\n'
                      '        newleft_half_1 = text[:length]\n'
                      '        right_half = text[length:][::-1]\n'
                      '        return newleft_half_1 + right_half\n'
                      '    except:\n'
                      '        pass'}
[END] processing file: sample_733. Total Time: 4.496199
END AT 2024-10-19 23:44:49.129157
