STARTING AT 2024-10-19 22:03:36.577005
[START] processing file: sample_195
*Running tests for: sample_195
 
Result: ['tests_pass']
tests_pass sample_195 /home/yang/Benchmark/dataset/cruxeval/code//sample_195.py
Apply all rules on a single file.
Checking transformation add_nested_for_out
*Running tests for: sample_195
 
Result: ['tests_pass']
Checking transformation add_nested_list
*Running tests for: sample_195
 
Result: ['tests_pass']
Checking transformation transform_range_to_recursion
*Running tests for: sample_195
 
Result: ['tests_pass']
Checking transformation add_datetime
*Running tests for: sample_195
 
Result: ['tests_pass']
Checking transformation add_time
*Running tests for: sample_195
 
Result: ['tests_pass']
Checking transformation create_functions
*Running tests for: sample_195
 
Result: ['tests_pass']
Checking transformation add_decorator
*Running tests for: sample_195
 
Result: ['tests_pass']
Checking transformation add_http
*Running tests for: sample_195
 
Result: ['tests_pass']
Checking transformation add_scipy
*Running tests for: sample_195
 
Result: ['tests_pass']
Checking transformation add_base64
*Running tests for: sample_195
 
Result: ['tests_pass']
Checking transformation add_dateutil
*Running tests for: sample_195
 
Result: ['tests_pass']
The file 'reasoning_transformation_cruxeval/CRUXEval/e1f735e05ec0002c7d6ed7d62be776995bf4ddf4/Transformation/sample_195.py' has been formatted successfully.
Checking reasoning_transformation_cruxeval/CRUXEval/e1f735e05ec0002c7d6ed7d62be776995bf4ddf4/Transformation/sample_195.py
*Running tests for: sample_195
 
Result: ['tests_pass']
{ 'applicable_rules': [ 'change_var_names',
                        'add_nested_for_out',
                        'add_try_except_inside_functions',
                        'add_else_to_for',
                        'add_nested_list',
                        'transform_range_to_recursion',
                        'add_datetime',
                        'add_time',
                        'add_crypto',
                        'add_sklearn',
                        'create_functions',
                        'add_decorator',
                        'add_http',
                        'add_scipy',
                        'add_base64',
                        'add_dateutil'],
  'diff_output': 'reasoning_transformation_cruxeval/CRUXEval/e1f735e05ec0002c7d6ed7d62be776995bf4ddf4/Transformation/sample_195.patch',
  'evaluation_tests_dir': '/home/yang/Benchmark/dataset/cruxeval/',
  'exception': None,
  'file_id': 'sample_195',
  'genetic_algorithm': None,
  'original_code': 'def f(text):\n'
                   "    for p in ['acs', 'asp', 'scn']:\n"
                   "        text = text.removeprefix(p) + ' '\n"
                   "    return text.removeprefix(' ')[:-1]",
  'patch_path': 'reasoning_transformation_cruxeval/CRUXEval/e1f735e05ec0002c7d6ed7d62be776995bf4ddf4/Transformation/sample_195.patch',
  'single_rule': None,
  'source_file': '/home/yang/Benchmark/dataset/cruxeval/code//sample_195.py',
  'target_file': 'reasoning_transformation_cruxeval/CRUXEval/e1f735e05ec0002c7d6ed7d62be776995bf4ddf4/Transformation/sample_195.py',
  'test_results_after': ['tests_pass'],
  'test_results_before': ['tests_pass'],
  'total_time': 6.116975,
  'transformed_code': 'from dateutil.parser import parse\n'
                      'import base64\n'
                      'from scipy.stats import ttest_ind\n'
                      'from http.client import HTTPConnection\n'
                      '\n'
                      'def my_decorator(func):\n'
                      '\n'
                      '    def dec_result(*args, **kwargs):\n'
                      '        res = func(*args, **kwargs)\n'
                      '        return res\n'
                      '    return dec_result\n'
                      '\n'
                      '@my_decorator\n'
                      'def newFunc0_20(p, variable_3_20, newtext_1):\n'
                      '    ttest_ind([68, 31, 76], [91, 26, 11])\n'
                      "    parse('2024-10-19 22:03:41')\n"
                      "    base64.b64encode(b'61912905811211721505')\n"
                      '    return newtext_1.removeprefix(p) + variable_3_20\n'
                      'from sklearn.utils import shuffle\n'
                      'from cryptography.fernet import Fernet\n'
                      'import time\n'
                      'import datetime\n'
                      '\n'
                      'def f(newtext_1):\n'
                      '    shuffle([45, 38, 22])\n'
                      "    HTTPConnection('google.com', port=80)\n"
                      '    Fernet.generate_key()\n'
                      '    datetime.datetime.now()\n'
                      '    time.sleep(0.22)\n'
                      '    try:\n'
                      '        LoopChecker12 = [123][0]\n'
                      '        LoopChecker22 = 122\n'
                      '\n'
                      '        def loop_5_8(LoopIndexOut, stop, step):\n'
                      '            nonlocal newtext_1\n'
                      '            if step == 0 or (step > 0 and LoopIndexOut '
                      '>= stop) or (step < 0 and LoopIndexOut <= stop):\n'
                      '                return\n'
                      "            for p in ['acs', 'asp', 'scn']:\n"
                      "                variable_3_20 = ' '\n"
                      '                newtext_1 = newFunc0_20(p, '
                      'variable_3_20, newtext_1)\n'
                      '            loop_5_8(LoopIndexOut + step, stop, step)\n'
                      '        loop_5_8(0, LoopChecker12 // LoopChecker22, 1)\n'
                      "        return newtext_1.removeprefix(' ')[:-1]\n"
                      '    except:\n'
                      '        pass'}
[END] processing file: sample_195. Total Time: 6.116975
END AT 2024-10-19 22:03:42.696126
