STARTING AT 2024-10-19 23:03:20.886995
[START] processing file: sample_749
*Running tests for: sample_749
 
Result: ['tests_pass']
tests_pass sample_749 /home/yang/Benchmark/dataset/cruxeval/code//sample_749.py
Apply all rules on a single file.
Checking transformation add_nested_for_out
*Running tests for: sample_749
 
Result: ['tests_pass']
Checking transformation add_nested_list
*Running tests for: sample_749
 
Result: ['tests_pass']
Checking transformation transform_range_to_recursion
*Running tests for: sample_749
 
Result: ['tests_pass']
Checking transformation add_datetime
*Running tests for: sample_749
 
Result: ['tests_pass']
Checking transformation add_time
*Running tests for: sample_749
 
Result: ['tests_pass']
Checking transformation create_functions
*Running tests for: sample_749
 
Result: ['tests_pass']
Checking transformation add_decorator
*Running tests for: sample_749
 
Result: ['tests_pass']
Checking transformation add_http
*Running tests for: sample_749
 
Result: ['tests_pass']
Checking transformation add_scipy
*Running tests for: sample_749
 
Result: ['tests_pass']
Checking transformation add_base64
*Running tests for: sample_749
 
Result: ['tests_pass']
Checking transformation add_dateutil
*Running tests for: sample_749
 
Result: ['tests_pass']
The file 'reasoning_transformation_cruxeval/CRUXEval/e1f735e05ec0002c7d6ed7d62be776995bf4ddf4/Transformation/sample_749.py' has been formatted successfully.
Checking reasoning_transformation_cruxeval/CRUXEval/e1f735e05ec0002c7d6ed7d62be776995bf4ddf4/Transformation/sample_749.py
*Running tests for: sample_749
 
Result: ['tests_pass']
{ 'applicable_rules': [ 'change_var_names',
                        'add_nested_for_out',
                        'add_try_except_inside_functions',
                        'add_else_to_for',
                        'add_nested_list',
                        'transform_range_to_recursion',
                        'add_datetime',
                        'add_time',
                        'add_crypto',
                        'add_sklearn',
                        'create_functions',
                        'add_decorator',
                        'add_http',
                        'add_scipy',
                        'add_base64',
                        'add_dateutil',
                        'changing_AugAssign'],
  'diff_output': 'reasoning_transformation_cruxeval/CRUXEval/e1f735e05ec0002c7d6ed7d62be776995bf4ddf4/Transformation/sample_749.patch',
  'evaluation_tests_dir': '/home/yang/Benchmark/dataset/cruxeval/',
  'exception': None,
  'file_id': 'sample_749',
  'genetic_algorithm': None,
  'original_code': 'def f(text, width):\n'
                   "    result = ''\n"
                   "    lines = text.split('\\n')\n"
                   '    for l in lines:\n'
                   '        result += l.center(width)\n'
                   "        result += '\\n'\n"
                   '    result = result[:-1]\n'
                   '    return result',
  'patch_path': 'reasoning_transformation_cruxeval/CRUXEval/e1f735e05ec0002c7d6ed7d62be776995bf4ddf4/Transformation/sample_749.patch',
  'single_rule': None,
  'source_file': '/home/yang/Benchmark/dataset/cruxeval/code//sample_749.py',
  'target_file': 'reasoning_transformation_cruxeval/CRUXEval/e1f735e05ec0002c7d6ed7d62be776995bf4ddf4/Transformation/sample_749.py',
  'test_results_after': ['tests_pass'],
  'test_results_before': ['tests_pass'],
  'total_time': 5.990373,
  'transformed_code': 'from dateutil.parser import parse\n'
                      'import base64\n'
                      'from scipy.stats import ttest_ind\n'
                      'from http.client import HTTPConnection\n'
                      '\n'
                      'def my_decorator(func):\n'
                      '\n'
                      '    def dec_result(*args, **kwargs):\n'
                      '        res = func(*args, **kwargs)\n'
                      '        return res\n'
                      '    return dec_result\n'
                      '\n'
                      '@my_decorator\n'
                      'def newFunc_BinOp0(a, b):\n'
                      "    HTTPConnection('google.com', port=80)\n"
                      '    ttest_ind([20, 95, 64], [9, 58, 55])\n'
                      '    return a + b\n'
                      'from sklearn.utils import shuffle\n'
                      'from cryptography.fernet import Fernet\n'
                      'import time\n'
                      'import datetime\n'
                      '\n'
                      'def f(text, width):\n'
                      '    Fernet.generate_key()\n'
                      '    time.sleep(0.19)\n'
                      '    datetime.datetime.now()\n'
                      "    base64.b64encode(b'62319597649333823966')\n"
                      '    shuffle([83, 87, 57])\n'
                      "    parse('2024-10-19 23:03:25')\n"
                      '    try:\n'
                      "        result = [''][0]\n"
                      "        lines = text.split('\\n')\n"
                      '        LoopChecker14 = 648\n'
                      '        LoopChecker24 = 647\n'
                      '\n'
                      '        def loop_7_8(LoopIndexOut, stop, step):\n'
                      '            nonlocal result\n'
                      '            if step == 0 or (step > 0 and LoopIndexOut '
                      '>= stop) or (step < 0 and LoopIndexOut <= stop):\n'
                      '                return\n'
                      '            for newl_1 in lines:\n'
                      '                result += newl_1.center(width)\n'
                      "                result = result + '\\n'\n"
                      '            loop_7_8(newFunc_BinOp0(LoopIndexOut, '
                      'step), stop, step)\n'
                      '        loop_7_8(0, LoopChecker14 // LoopChecker24, 1)\n'
                      '        result = result[:-1]\n'
                      '        return result\n'
                      '    except:\n'
                      '        pass'}
[END] processing file: sample_749. Total Time: 5.990373
END AT 2024-10-19 23:03:26.878803
