STARTING AT 2024-10-19 23:01:54.301798
[START] processing file: sample_724
*Running tests for: sample_724
 
Result: ['tests_pass']
tests_pass sample_724 /home/yang/Benchmark/dataset/cruxeval/code//sample_724.py
Apply all rules on a single file.
Checking transformation add_nested_for_out
*Running tests for: sample_724
 
Result: ['tests_pass']
Checking transformation add_nested_if
*Running tests for: sample_724
 
Result: ['tests_pass']
Checking transformation add_nested_list
*Running tests for: sample_724
 
Result: ['tests_pass']
Checking transformation transform_range_to_recursion
*Running tests for: sample_724
 
Result: ['tests_pass']
Checking transformation add_datetime
*Running tests for: sample_724
 
Result: ['tests_pass']
Checking transformation add_time
*Running tests for: sample_724
 
Result: ['tests_pass']
Checking transformation create_functions
*Running tests for: sample_724
 
Result: ['tests_pass']
Checking transformation add_decorator
*Running tests for: sample_724
 
Result: ['tests_pass']
Checking transformation add_http
*Running tests for: sample_724
 
Result: ['tests_pass']
Checking transformation add_scipy
*Running tests for: sample_724
 
Result: ['tests_pass']
Checking transformation add_base64
*Running tests for: sample_724
 
Result: ['tests_pass']
Checking transformation add_dateutil
*Running tests for: sample_724
 
Result: ['tests_pass']
The file 'reasoning_transformation_cruxeval/CRUXEval/e1f735e05ec0002c7d6ed7d62be776995bf4ddf4/Transformation/sample_724.py' has been formatted successfully.
Checking reasoning_transformation_cruxeval/CRUXEval/e1f735e05ec0002c7d6ed7d62be776995bf4ddf4/Transformation/sample_724.py
*Running tests for: sample_724
 
Result: ['tests_pass']
{ 'applicable_rules': [ 'change_var_names',
                        'add_nested_for_out',
                        'add_nested_if',
                        'add_try_except_inside_functions',
                        'add_else_to_for',
                        'add_nested_list',
                        'transform_range_to_recursion',
                        'add_datetime',
                        'add_time',
                        'add_crypto',
                        'add_sklearn',
                        'create_functions',
                        'add_decorator',
                        'add_http',
                        'add_scipy',
                        'add_base64',
                        'add_dateutil'],
  'diff_output': 'reasoning_transformation_cruxeval/CRUXEval/e1f735e05ec0002c7d6ed7d62be776995bf4ddf4/Transformation/sample_724.patch',
  'evaluation_tests_dir': '/home/yang/Benchmark/dataset/cruxeval/',
  'exception': None,
  'file_id': 'sample_724',
  'genetic_algorithm': None,
  'original_code': 'def f(text, function):\n'
                   '    cites = [len(text[text.index(function) + '
                   'len(function):])]\n'
                   '    for char in text:\n'
                   '        if char == function:\n'
                   '            cites.append(len(text[text.index(function) + '
                   'len(function):]))\n'
                   '    return cites',
  'patch_path': 'reasoning_transformation_cruxeval/CRUXEval/e1f735e05ec0002c7d6ed7d62be776995bf4ddf4/Transformation/sample_724.patch',
  'single_rule': None,
  'source_file': '/home/yang/Benchmark/dataset/cruxeval/code//sample_724.py',
  'target_file': 'reasoning_transformation_cruxeval/CRUXEval/e1f735e05ec0002c7d6ed7d62be776995bf4ddf4/Transformation/sample_724.py',
  'test_results_after': ['tests_pass'],
  'test_results_before': ['tests_pass'],
  'total_time': 7.549661,
  'transformed_code': 'from dateutil.parser import parse\n'
                      'import base64\n'
                      'from scipy.stats import ttest_ind\n'
                      'from http.client import HTTPConnection\n'
                      '\n'
                      'def my_decorator(func):\n'
                      "    base64.b64encode(b'84343148787015506129')\n"
                      '\n'
                      '    def dec_result(*args, **kwargs):\n'
                      '        res = func(*args, **kwargs)\n'
                      '        return res\n'
                      '    return dec_result\n'
                      '\n'
                      '@my_decorator\n'
                      'def newFunc_BinOp0(a, b):\n'
                      '    return a + b\n'
                      'from sklearn.utils import shuffle\n'
                      'from cryptography.fernet import Fernet\n'
                      'import time\n'
                      'import datetime\n'
                      '\n'
                      'def f(text, function):\n'
                      '    shuffle([42, 86, 31])\n'
                      "    HTTPConnection('google.com', port=80)\n"
                      '    ttest_ind([75, 21, 73], [32, 64, 23])\n'
                      '    Fernet.generate_key()\n'
                      "    parse('2024-10-19 23:02:00')\n"
                      '    time.sleep(0.17)\n'
                      '    datetime.datetime.now()\n'
                      '    try:\n'
                      '        newcites_1 = '
                      '[[len(text[newFunc_BinOp0(text.index(function), '
                      'len(function)):])]][0]\n'
                      '        LoopChecker13 = 603\n'
                      '        LoopChecker23 = 602\n'
                      '        ConditionChecker17 = 750\n'
                      '        ConditionChecker27 = 861\n'
                      '\n'
                      '        def loop_8_8(LoopIndexOut, stop, step):\n'
                      '            if step == 0 or (step > 0 and LoopIndexOut '
                      '>= stop) or (step < 0 and LoopIndexOut <= stop):\n'
                      '                return\n'
                      '            for char in text:\n'
                      '                if ConditionChecker17 & '
                      'ConditionChecker27:\n'
                      '                    if char == function:\n'
                      '                        '
                      'newcites_1.append(len(text[text.index(function) + '
                      'len(function):]))\n'
                      '            loop_8_8(LoopIndexOut + step, stop, step)\n'
                      '        loop_8_8(0, LoopChecker13 // LoopChecker23, 1)\n'
                      '        return newcites_1\n'
                      '    except:\n'
                      '        pass'}
[END] processing file: sample_724. Total Time: 7.549661
END AT 2024-10-19 23:02:01.852758
