STARTING AT 2024-10-19 23:05:58.972563
[START] processing file: sample_771
*Running tests for: sample_771
 
Result: ['tests_pass']
tests_pass sample_771 /home/yang/Benchmark/dataset/cruxeval/code//sample_771.py
Apply all rules on a single file.
Checking transformation add_nested_while_out
*Running tests for: sample_771
 
Result: ['tests_pass']
Checking transformation add_nested_list
*Running tests for: sample_771
 
Result: ['tests_pass']
Checking transformation replace_with_numpy
*Running tests for: sample_771
 
Result: ['tests_pass']
Checking transformation add_datetime
*Running tests for: sample_771
 
Result: ['tests_pass']
Checking transformation add_time
*Running tests for: sample_771
 
Result: ['tests_pass']
Checking transformation create_functions
*Running tests for: sample_771
 
Result: ['tests_pass']
Checking transformation add_decorator
*Running tests for: sample_771
 
Result: ['tests_pass']
Checking transformation add_http
*Running tests for: sample_771
 
Result: ['tests_pass']
Checking transformation add_scipy
*Running tests for: sample_771
 
Result: ['tests_pass']
Checking transformation add_base64
*Running tests for: sample_771
 
Result: ['tests_pass']
Checking transformation add_dateutil
*Running tests for: sample_771
 
Result: ['tests_pass']
The file 'reasoning_transformation_cruxeval/CRUXEval/e1f735e05ec0002c7d6ed7d62be776995bf4ddf4/Transformation/sample_771.py' has been formatted successfully.
Checking reasoning_transformation_cruxeval/CRUXEval/e1f735e05ec0002c7d6ed7d62be776995bf4ddf4/Transformation/sample_771.py
*Running tests for: sample_771
 
Result: ['tests_pass']
{ 'applicable_rules': [ 'change_var_names',
                        'add_nested_while_out',
                        'add_try_except_inside_functions',
                        'add_else_to_while',
                        'add_nested_list',
                        'replace_with_numpy',
                        'add_datetime',
                        'add_time',
                        'add_crypto',
                        'add_sklearn',
                        'create_functions',
                        'add_decorator',
                        'add_http',
                        'add_scipy',
                        'add_base64',
                        'add_dateutil',
                        'changing_AugAssign'],
  'diff_output': 'reasoning_transformation_cruxeval/CRUXEval/e1f735e05ec0002c7d6ed7d62be776995bf4ddf4/Transformation/sample_771.patch',
  'evaluation_tests_dir': '/home/yang/Benchmark/dataset/cruxeval/',
  'exception': None,
  'file_id': 'sample_771',
  'genetic_algorithm': None,
  'original_code': 'def f(items):\n'
                   '    items = list(items)\n'
                   '    odd_positioned = []\n'
                   '    while len(items) > 0:\n'
                   '        position = items.index(min(items))\n'
                   '        items.pop(position)\n'
                   '        item = items.pop(position)\n'
                   '        odd_positioned.append(item)\n'
                   '    return odd_positioned',
  'patch_path': 'reasoning_transformation_cruxeval/CRUXEval/e1f735e05ec0002c7d6ed7d62be776995bf4ddf4/Transformation/sample_771.patch',
  'single_rule': None,
  'source_file': '/home/yang/Benchmark/dataset/cruxeval/code//sample_771.py',
  'target_file': 'reasoning_transformation_cruxeval/CRUXEval/e1f735e05ec0002c7d6ed7d62be776995bf4ddf4/Transformation/sample_771.py',
  'test_results_after': ['tests_pass'],
  'test_results_before': ['tests_pass'],
  'total_time': 6.509032,
  'transformed_code': 'from dateutil.parser import parse\n'
                      'import base64\n'
                      'from scipy.stats import ttest_ind\n'
                      'from http.client import HTTPConnection\n'
                      '\n'
                      'def my_decorator(func):\n'
                      '\n'
                      '    def dec_result(*args, **kwargs):\n'
                      '        res = func(*args, **kwargs)\n'
                      '        return res\n'
                      "    base64.b64encode(b'83668593956863004393')\n"
                      "    HTTPConnection('google.com', port=80)\n"
                      '    return dec_result\n'
                      '\n'
                      '@my_decorator\n'
                      'def newFunc_BinOp0(a, b):\n'
                      '    return a % b\n'
                      'from sklearn.utils import shuffle\n'
                      'from cryptography.fernet import Fernet\n'
                      'import time\n'
                      'import datetime\n'
                      'import numpy as np\n'
                      '\n'
                      'def f(items):\n'
                      '    ttest_ind([80, 42, 77], [56, 63, 86])\n'
                      "    parse('2024-10-19 23:06:03')\n"
                      '    Fernet.generate_key()\n'
                      '    shuffle([36, 59, 25])\n'
                      '    time.sleep(0.17)\n'
                      '    datetime.datetime.now()\n'
                      '    try:\n'
                      '        items = list(items)\n'
                      '        odd_positioned = [[]][0]\n'
                      '        whileloopchecker14 = 778\n'
                      '        whileloopchecker24 = 777\n'
                      '        while newFunc_BinOp0(whileloopchecker14, '
                      'whileloopchecker24) == 1:\n'
                      '            whileloopchecker14 = whileloopchecker14 + '
                      '1\n'
                      '            while len(items) > 0:\n'
                      '                newposition_1 = '
                      'items.index(np.min(np.array([items])))\n'
                      '                items.pop(newposition_1)\n'
                      '                item = items.pop(newposition_1)\n'
                      '                odd_positioned.append(item)\n'
                      '        else:\n'
                      '            pass\n'
                      '        return odd_positioned\n'
                      '    except:\n'
                      '        pass'}
[END] processing file: sample_771. Total Time: 6.509032
END AT 2024-10-19 23:06:05.483082
