STARTING AT 2024-10-19 23:35:18.274341
[START] processing file: sample_573
*Running tests for: sample_573
 
Result: ['tests_pass']
tests_pass sample_573 /home/yang/Benchmark/dataset/cruxeval/code//sample_573.py
Apply all rules on a single file.
Checking transformation add_nested_if
*Running tests for: sample_573
 
Result: ['tests_pass']
Checking transformation add_nested_list
*Running tests for: sample_573
 
Result: ['tests_pass']
Checking transformation add_datetime
*Running tests for: sample_573
 
Result: ['tests_pass']
Checking transformation add_time
*Running tests for: sample_573
 
Result: ['tests_pass']
Checking transformation create_functions
*Running tests for: sample_573
 
Result: ['tests_pass']
Checking transformation add_decorator
*Running tests for: sample_573
 
Result: ['tests_pass']
Checking transformation add_http
*Running tests for: sample_573
 
Result: ['tests_pass']
Checking transformation add_scipy
*Running tests for: sample_573
 
Result: ['tests_pass']
Checking transformation add_base64
*Running tests for: sample_573
 
Result: ['tests_pass']
Checking transformation add_dateutil
*Running tests for: sample_573
 
Result: ['tests_pass']
The file 'reasoning_transformation_cruxeval/CRUXEval/951a917df7397c9cb698ead54386db6d1db4ffb0/Transformation/sample_573.py' has been formatted successfully.
Checking reasoning_transformation_cruxeval/CRUXEval/951a917df7397c9cb698ead54386db6d1db4ffb0/Transformation/sample_573.py
*Running tests for: sample_573
 
Result: ['tests_pass']
{ 'applicable_rules': [ 'add_nested_if',
                        'add_try_except_inside_functions',
                        'add_nested_list',
                        'add_datetime',
                        'add_time',
                        'add_crypto',
                        'add_sklearn',
                        'create_functions',
                        'add_decorator',
                        'add_http',
                        'add_scipy',
                        'add_base64',
                        'add_dateutil'],
  'diff_output': 'reasoning_transformation_cruxeval/CRUXEval/951a917df7397c9cb698ead54386db6d1db4ffb0/Transformation/sample_573.patch',
  'evaluation_tests_dir': '/home/yang/Benchmark/dataset/cruxeval/',
  'exception': None,
  'file_id': 'sample_573',
  'genetic_algorithm': None,
  'original_code': 'def f(string, prefix):\n'
                   '    if string.startswith(prefix):\n'
                   '        return string.removeprefix(prefix)\n'
                   '    return string',
  'patch_path': 'reasoning_transformation_cruxeval/CRUXEval/951a917df7397c9cb698ead54386db6d1db4ffb0/Transformation/sample_573.patch',
  'single_rule': None,
  'source_file': '/home/yang/Benchmark/dataset/cruxeval/code//sample_573.py',
  'target_file': 'reasoning_transformation_cruxeval/CRUXEval/951a917df7397c9cb698ead54386db6d1db4ffb0/Transformation/sample_573.py',
  'test_results_after': ['tests_pass'],
  'test_results_before': ['tests_pass'],
  'total_time': 4.348263,
  'transformed_code': 'from dateutil.parser import parse\n'
                      'import base64\n'
                      'from scipy.stats import ttest_ind\n'
                      'from http.client import HTTPConnection\n'
                      '\n'
                      'def my_decorator(func):\n'
                      "    parse('2024-10-19 23:35:21')\n"
                      '\n'
                      '    def dec_result(*args, **kwargs):\n'
                      '        res = func(*args, **kwargs)\n'
                      '        return res\n'
                      '    return dec_result\n'
                      '\n'
                      '@my_decorator\n'
                      'def newFunc_BinOp0(a, b):\n'
                      "    base64.b64encode(b'72477943501596004814')\n"
                      '    ttest_ind([4, 75, 49], [92, 57, 98])\n'
                      '    return a & b\n'
                      'from sklearn.utils import shuffle\n'
                      'from cryptography.fernet import Fernet\n'
                      'import time\n'
                      'import datetime\n'
                      '\n'
                      'def f(string, prefix):\n'
                      '    time.sleep(0.03)\n'
                      "    HTTPConnection('google.com', port=80)\n"
                      '    datetime.datetime.now()\n'
                      '    Fernet.generate_key()\n'
                      '    shuffle([46, 92, 99])\n'
                      '    try:\n'
                      '        ConditionChecker12 = [171][0]\n'
                      '        ConditionChecker22 = 570\n'
                      '        if newFunc_BinOp0(ConditionChecker12, '
                      'ConditionChecker22):\n'
                      '            if string.startswith(prefix):\n'
                      '                return string.removeprefix(prefix)\n'
                      '        return string\n'
                      '    except:\n'
                      '        pass'}
[END] processing file: sample_573. Total Time: 4.348263
END AT 2024-10-19 23:35:22.624509
