STARTING AT 2024-10-19 23:36:38.633251
[START] processing file: sample_630
*Running tests for: sample_630
 
Result: ['tests_pass']
tests_pass sample_630 /home/yang/Benchmark/dataset/cruxeval/code//sample_630.py
Apply all rules on a single file.
Checking transformation add_nested_for_out
*Running tests for: sample_630
 
Result: ['tests_pass']
Checking transformation add_nested_list
*Running tests for: sample_630
 
Result: ['tests_pass']
Checking transformation transform_range_to_recursion
*Running tests for: sample_630
 
Result: ['tests_pass']
Checking transformation add_datetime
*Running tests for: sample_630
 
Result: ['tests_pass']
Checking transformation add_time
*Running tests for: sample_630
 
Result: ['tests_pass']
Checking transformation create_functions
*Running tests for: sample_630
 
Result: ['tests_pass']
Checking transformation add_decorator
*Running tests for: sample_630
 
Result: ['tests_pass']
Checking transformation add_http
*Running tests for: sample_630
 
Result: ['tests_pass']
Checking transformation add_scipy
*Running tests for: sample_630
 
Result: ['tests_pass']
Checking transformation add_base64
*Running tests for: sample_630
 
Result: ['tests_pass']
Checking transformation add_dateutil
*Running tests for: sample_630
 
Result: ['tests_pass']
The file 'reasoning_transformation_cruxeval/CRUXEval/951a917df7397c9cb698ead54386db6d1db4ffb0/Transformation/sample_630.py' has been formatted successfully.
Checking reasoning_transformation_cruxeval/CRUXEval/951a917df7397c9cb698ead54386db6d1db4ffb0/Transformation/sample_630.py
*Running tests for: sample_630
 
Result: ['tests_pass']
{ 'applicable_rules': [ 'change_var_names',
                        'add_nested_for_out',
                        'add_try_except_inside_functions',
                        'add_else_to_for',
                        'add_nested_list',
                        'transform_range_to_recursion',
                        'add_datetime',
                        'add_time',
                        'add_crypto',
                        'add_sklearn',
                        'create_functions',
                        'add_decorator',
                        'add_http',
                        'add_scipy',
                        'add_base64',
                        'add_dateutil'],
  'diff_output': 'reasoning_transformation_cruxeval/CRUXEval/951a917df7397c9cb698ead54386db6d1db4ffb0/Transformation/sample_630.patch',
  'evaluation_tests_dir': '/home/yang/Benchmark/dataset/cruxeval/',
  'exception': None,
  'file_id': 'sample_630',
  'genetic_algorithm': None,
  'original_code': 'def f(original, string):\n'
                   '    temp = dict(original)\n'
                   '    for (a, b) in string.items():\n'
                   '        temp[b] = a\n'
                   '    return temp',
  'patch_path': 'reasoning_transformation_cruxeval/CRUXEval/951a917df7397c9cb698ead54386db6d1db4ffb0/Transformation/sample_630.patch',
  'single_rule': None,
  'source_file': '/home/yang/Benchmark/dataset/cruxeval/code//sample_630.py',
  'target_file': 'reasoning_transformation_cruxeval/CRUXEval/951a917df7397c9cb698ead54386db6d1db4ffb0/Transformation/sample_630.py',
  'test_results_after': ['tests_pass'],
  'test_results_before': ['tests_pass'],
  'total_time': 5.632228,
  'transformed_code': 'from dateutil.parser import parse\n'
                      'import base64\n'
                      'from scipy.stats import ttest_ind\n'
                      'from http.client import HTTPConnection\n'
                      '\n'
                      'def my_decorator(func):\n'
                      '\n'
                      '    def dec_result(*args, **kwargs):\n'
                      '        res = func(*args, **kwargs)\n'
                      '        return res\n'
                      "    parse('2024-10-19 23:36:42')\n"
                      "    HTTPConnection('google.com', port=80)\n"
                      '    return dec_result\n'
                      '\n'
                      '@my_decorator\n'
                      'def newFunc_BinOp0(a, b):\n'
                      "    base64.b64encode(b'75795724863627511466')\n"
                      '    ttest_ind([41, 60, 100], [93, 93, 9])\n'
                      '    return a + b\n'
                      'from sklearn.utils import shuffle\n'
                      'from cryptography.fernet import Fernet\n'
                      'import time\n'
                      'import datetime\n'
                      '\n'
                      'def f(original, string):\n'
                      '    Fernet.generate_key()\n'
                      '    shuffle([32, 17, 92])\n'
                      '    time.sleep(0.14)\n'
                      '    datetime.datetime.now()\n'
                      '    try:\n'
                      '        temp = dict(original)\n'
                      '        LoopChecker13 = [299][0]\n'
                      '        LoopChecker23 = 298\n'
                      '\n'
                      '        def loop_6_8(LoopIndexOut, stop, step):\n'
                      '            if step == 0 or (step > 0 and LoopIndexOut '
                      '>= stop) or (step < 0 and LoopIndexOut <= stop):\n'
                      '                return\n'
                      '            for (newa_1, b) in string.items():\n'
                      '                temp[b] = newa_1\n'
                      '            loop_6_8(newFunc_BinOp0(LoopIndexOut, '
                      'step), stop, step)\n'
                      '        loop_6_8(0, LoopChecker13 // LoopChecker23, 1)\n'
                      '        return temp\n'
                      '    except:\n'
                      '        pass'}
[END] processing file: sample_630. Total Time: 5.632228
END AT 2024-10-19 23:36:44.267548
