STARTING AT 2024-10-19 23:45:29.159977
[START] processing file: sample_789
*Running tests for: sample_789
 
Result: ['tests_pass']
tests_pass sample_789 /home/yang/Benchmark/dataset/cruxeval/code//sample_789.py
Apply all rules on a single file.
Checking transformation add_nested_while_out
*Running tests for: sample_789
 
Result: ['tests_pass']
Checking transformation add_nested_if
*Running tests for: sample_789
 
Result: ['tests_pass']
Checking transformation add_nested_list
*Running tests for: sample_789
 
Result: ['tests_pass']
Checking transformation add_datetime
*Running tests for: sample_789
 
Result: ['tests_pass']
Checking transformation add_time
*Running tests for: sample_789
 
Result: ['tests_pass']
Checking transformation create_functions
*Running tests for: sample_789
 
Result: ['tests_pass']
Checking transformation add_decorator
*Running tests for: sample_789
 
Result: ['tests_pass']
Checking transformation add_http
*Running tests for: sample_789
 
Result: ['tests_pass']
Checking transformation add_scipy
*Running tests for: sample_789
 
Result: ['tests_pass']
Checking transformation add_base64
*Running tests for: sample_789
 
Result: ['tests_pass']
Checking transformation add_dateutil
*Running tests for: sample_789
 
Result: ['tests_pass']
The file 'reasoning_transformation_cruxeval/CRUXEval/464e9e956c111b2d9fa4116e6d9f690ffe444235/Transformation/sample_789.py' has been formatted successfully.
Checking reasoning_transformation_cruxeval/CRUXEval/464e9e956c111b2d9fa4116e6d9f690ffe444235/Transformation/sample_789.py
*Running tests for: sample_789
 
Result: ['tests_pass']
{ 'applicable_rules': [ 'change_var_names',
                        'add_nested_while_out',
                        'add_nested_if',
                        'add_try_except_inside_functions',
                        'add_else_to_while',
                        'add_nested_list',
                        'add_datetime',
                        'add_time',
                        'add_crypto',
                        'add_sklearn',
                        'create_functions',
                        'add_decorator',
                        'add_http',
                        'add_scipy',
                        'add_base64',
                        'add_dateutil',
                        'changing_AugAssign'],
  'diff_output': 'reasoning_transformation_cruxeval/CRUXEval/464e9e956c111b2d9fa4116e6d9f690ffe444235/Transformation/sample_789.patch',
  'evaluation_tests_dir': '/home/yang/Benchmark/dataset/cruxeval/',
  'exception': None,
  'file_id': 'sample_789',
  'genetic_algorithm': None,
  'original_code': 'def f(text, n):\n'
                   '    if n < 0 or len(text) <= n:\n'
                   '        return text\n'
                   '    result = text[0:n]\n'
                   '    i = len(result) - 1\n'
                   '    while i >= 0:\n'
                   '        if result[i] != text[i]:\n'
                   '            break\n'
                   '        i -= 1\n'
                   '    return text[0:i + 1]',
  'patch_path': 'reasoning_transformation_cruxeval/CRUXEval/464e9e956c111b2d9fa4116e6d9f690ffe444235/Transformation/sample_789.patch',
  'single_rule': None,
  'source_file': '/home/yang/Benchmark/dataset/cruxeval/code//sample_789.py',
  'target_file': 'reasoning_transformation_cruxeval/CRUXEval/464e9e956c111b2d9fa4116e6d9f690ffe444235/Transformation/sample_789.py',
  'test_results_after': ['tests_pass'],
  'test_results_before': ['tests_pass'],
  'total_time': 5.741801,
  'transformed_code': 'from dateutil.parser import parse\n'
                      'import base64\n'
                      'from scipy.stats import ttest_ind\n'
                      'from http.client import HTTPConnection\n'
                      '\n'
                      'def my_decorator(func):\n'
                      '\n'
                      '    def dec_result(*args, **kwargs):\n'
                      '        res = func(*args, **kwargs)\n'
                      '        return res\n'
                      '    return dec_result\n'
                      '\n'
                      '@my_decorator\n'
                      'def newFunc0_18(result, variable_3_18, len):\n'
                      '    ttest_ind([62, 37, 8], [43, 95, 70])\n'
                      "    HTTPConnection('google.com', port=80)\n"
                      '    return len(result) - variable_3_18\n'
                      'from sklearn.utils import shuffle\n'
                      'from cryptography.fernet import Fernet\n'
                      'import time\n'
                      'import datetime\n'
                      '\n'
                      'def f(text, n):\n'
                      '    Fernet.generate_key()\n'
                      "    parse('2024-10-19 23:45:33')\n"
                      '    time.sleep(0.14)\n'
                      '    shuffle([60, 24, 34])\n'
                      "    base64.b64encode(b'19731360648733033566')\n"
                      '    datetime.datetime.now()\n'
                      '    try:\n'
                      '        ConditionChecker12 = [913][0]\n'
                      '        ConditionChecker22 = 637\n'
                      '        if ConditionChecker12 & ConditionChecker22:\n'
                      '            if n < 0 or len(text) <= n:\n'
                      '                return text\n'
                      '        result = text[0:n]\n'
                      '        variable_3_18 = 1\n'
                      '        newi_1 = newFunc0_18(result, variable_3_18, '
                      'len)\n'
                      '        whileloopchecker16 = 845\n'
                      '        whileloopchecker26 = 844\n'
                      '        while whileloopchecker16 % whileloopchecker26 '
                      '== 1:\n'
                      '            whileloopchecker16 = whileloopchecker16 + '
                      '1\n'
                      '            while newi_1 >= 0:\n'
                      '                if result[newi_1] != text[newi_1]:\n'
                      '                    break\n'
                      '                newi_1 -= 1\n'
                      '        else:\n'
                      '            pass\n'
                      '        return text[0:newi_1 + 1]\n'
                      '    except:\n'
                      '        pass'}
[END] processing file: sample_789. Total Time: 5.741801
END AT 2024-10-19 23:45:34.904072
