STARTING AT 2024-10-19 22:44:00.947475
[START] processing file: sample_545
*Running tests for: sample_545
 
Result: ['tests_pass']
tests_pass sample_545 /home/yang/Benchmark/dataset/cruxeval/code//sample_545.py
Apply all rules on a single file.
Checking transformation add_nested_while_out
*Running tests for: sample_545
 
Result: ['tests_pass']
Checking transformation add_nested_list
*Running tests for: sample_545
 
Result: ['tests_pass']
Checking transformation add_datetime
*Running tests for: sample_545
 
Result: ['tests_pass']
Checking transformation add_time
*Running tests for: sample_545
 
Result: ['tests_pass']
Checking transformation create_functions
*Running tests for: sample_545
 
Result: ['tests_pass']
Checking transformation add_decorator
*Running tests for: sample_545
 
Result: ['tests_pass']
Checking transformation add_http
*Running tests for: sample_545
 
Result: ['tests_pass']
Checking transformation add_scipy
*Running tests for: sample_545
 
Result: ['tests_pass']
Checking transformation add_base64
*Running tests for: sample_545
 
Result: ['tests_pass']
Checking transformation add_dateutil
*Running tests for: sample_545
 
Result: ['tests_pass']
The file 'reasoning_transformation_cruxeval/CRUXEval/e1f735e05ec0002c7d6ed7d62be776995bf4ddf4/Transformation/sample_545.py' has been formatted successfully.
Checking reasoning_transformation_cruxeval/CRUXEval/e1f735e05ec0002c7d6ed7d62be776995bf4ddf4/Transformation/sample_545.py
*Running tests for: sample_545
 
Result: ['tests_pass']
{ 'applicable_rules': [ 'change_var_names',
                        'add_nested_while_out',
                        'add_try_except_inside_functions',
                        'add_else_to_while',
                        'add_nested_list',
                        'add_datetime',
                        'add_time',
                        'add_crypto',
                        'add_sklearn',
                        'create_functions',
                        'add_decorator',
                        'add_http',
                        'add_scipy',
                        'add_base64',
                        'add_dateutil',
                        'changing_AugAssign'],
  'diff_output': 'reasoning_transformation_cruxeval/CRUXEval/e1f735e05ec0002c7d6ed7d62be776995bf4ddf4/Transformation/sample_545.patch',
  'evaluation_tests_dir': '/home/yang/Benchmark/dataset/cruxeval/',
  'exception': None,
  'file_id': 'sample_545',
  'genetic_algorithm': None,
  'original_code': 'def f(array):\n'
                   '    result = []\n'
                   '    index = 0\n'
                   '    while index < len(array):\n'
                   '        result.append(array.pop())\n'
                   '        index += 2\n'
                   '    return result',
  'patch_path': 'reasoning_transformation_cruxeval/CRUXEval/e1f735e05ec0002c7d6ed7d62be776995bf4ddf4/Transformation/sample_545.patch',
  'single_rule': None,
  'source_file': '/home/yang/Benchmark/dataset/cruxeval/code//sample_545.py',
  'target_file': 'reasoning_transformation_cruxeval/CRUXEval/e1f735e05ec0002c7d6ed7d62be776995bf4ddf4/Transformation/sample_545.py',
  'test_results_after': ['tests_pass'],
  'test_results_before': ['tests_pass'],
  'total_time': 5.551281,
  'transformed_code': 'from dateutil.parser import parse\n'
                      'import base64\n'
                      'from scipy.stats import ttest_ind\n'
                      'from http.client import HTTPConnection\n'
                      '\n'
                      'def my_decorator(func):\n'
                      '    ttest_ind([73, 68, 38], [71, 48, 72])\n'
                      "    HTTPConnection('google.com', port=80)\n"
                      '\n'
                      '    def dec_result(*args, **kwargs):\n'
                      '        res = func(*args, **kwargs)\n'
                      '        return res\n'
                      '    return dec_result\n'
                      '\n'
                      '@my_decorator\n'
                      'def newFunc_BinOp0(a, b):\n'
                      "    base64.b64encode(b'57387640274826713129')\n"
                      '    return a % b\n'
                      'from sklearn.utils import shuffle\n'
                      'from cryptography.fernet import Fernet\n'
                      'import time\n'
                      'import datetime\n'
                      '\n'
                      'def f(array):\n'
                      "    parse('2024-10-19 22:44:04')\n"
                      '    datetime.datetime.now()\n'
                      '    shuffle([72, 99, 77])\n'
                      '    time.sleep(0.11)\n'
                      '    Fernet.generate_key()\n'
                      '    try:\n'
                      '        newresult_1 = [[]][0]\n'
                      '        index = 0\n'
                      '        whileloopchecker14 = 170\n'
                      '        whileloopchecker24 = 169\n'
                      '        while newFunc_BinOp0(whileloopchecker14, '
                      'whileloopchecker24) == 1:\n'
                      '            whileloopchecker14 = whileloopchecker14 + '
                      '1\n'
                      '            while index < len(array):\n'
                      '                newresult_1.append(array.pop())\n'
                      '                index += 2\n'
                      '        else:\n'
                      '            pass\n'
                      '        return newresult_1\n'
                      '    except:\n'
                      '        pass'}
[END] processing file: sample_545. Total Time: 5.551281
END AT 2024-10-19 22:44:06.499816
