STARTING AT 2024-10-19 21:55:27.816067
[START] processing file: sample_126
*Running tests for: sample_126
 
Result: ['tests_pass']
tests_pass sample_126 /home/yang/Benchmark/dataset/cruxeval/code//sample_126.py
Apply all rules on a single file.
Checking transformation add_datetime
*Running tests for: sample_126
 
Result: ['tests_pass']
Checking transformation add_time
*Running tests for: sample_126
 
Result: ['tests_pass']
def newFunc_16709(arg0, arg1):
    return arg0 + arg1
Checking transformation create_functions
*Running tests for: sample_126
 
Result: ['tests_pass']
Checking transformation add_decorator
*Running tests for: sample_126
 
Result: ['tests_pass']
Checking transformation add_http
*Running tests for: sample_126
 
Result: ['tests_pass']
Checking transformation add_scipy
*Running tests for: sample_126
 
Result: ['tests_pass']
Checking transformation add_base64
*Running tests for: sample_126
 
Result: ['tests_pass']
Checking transformation add_dateutil
*Running tests for: sample_126
 
Result: ['tests_pass']
The file 'reasoning_transformation_cruxeval/CRUXEval/e1f735e05ec0002c7d6ed7d62be776995bf4ddf4/Transformation/sample_126.py' has been formatted successfully.
Checking reasoning_transformation_cruxeval/CRUXEval/e1f735e05ec0002c7d6ed7d62be776995bf4ddf4/Transformation/sample_126.py
*Running tests for: sample_126
 
Result: ['tests_pass']
{ 'applicable_rules': [ 'change_var_names',
                        'add_try_except_inside_functions',
                        'add_datetime',
                        'add_time',
                        'add_crypto',
                        'add_sklearn',
                        'create_functions',
                        'add_decorator',
                        'add_http',
                        'add_scipy',
                        'add_base64',
                        'add_dateutil'],
  'diff_output': 'reasoning_transformation_cruxeval/CRUXEval/e1f735e05ec0002c7d6ed7d62be776995bf4ddf4/Transformation/sample_126.patch',
  'evaluation_tests_dir': '/home/yang/Benchmark/dataset/cruxeval/',
  'exception': None,
  'file_id': 'sample_126',
  'genetic_algorithm': None,
  'original_code': 'def f(text):\n'
                   "    s = text.rpartition('o')\n"
                   "    (div, div2) = (s[0] == '' and '-' or s[0], s[2] == '' "
                   "and '-' or s[2])\n"
                   '    return s[1] + div + s[1] + div2',
  'patch_path': 'reasoning_transformation_cruxeval/CRUXEval/e1f735e05ec0002c7d6ed7d62be776995bf4ddf4/Transformation/sample_126.patch',
  'single_rule': None,
  'source_file': '/home/yang/Benchmark/dataset/cruxeval/code//sample_126.py',
  'target_file': 'reasoning_transformation_cruxeval/CRUXEval/e1f735e05ec0002c7d6ed7d62be776995bf4ddf4/Transformation/sample_126.py',
  'test_results_after': ['tests_pass'],
  'test_results_before': ['tests_pass'],
  'total_time': 4.712992,
  'transformed_code': 'from dateutil.parser import parse\n'
                      'import base64\n'
                      'from scipy.stats import ttest_ind\n'
                      'from http.client import HTTPConnection\n'
                      '\n'
                      'def my_decorator(func):\n'
                      "    parse('2024-10-19 21:55:31')\n"
                      "    base64.b64encode(b'88923331259778364057')\n"
                      "    HTTPConnection('google.com', port=80)\n"
                      '\n'
                      '    def dec_result(*args, **kwargs):\n'
                      '        res = func(*args, **kwargs)\n'
                      '        return res\n'
                      '    return dec_result\n'
                      '\n'
                      '@my_decorator\n'
                      'def newFunc_16709(arg0, arg1):\n'
                      '    ttest_ind([65, 32, 51], [87, 80, 52])\n'
                      '    return arg0 + arg1\n'
                      'from sklearn.utils import shuffle\n'
                      'from cryptography.fernet import Fernet\n'
                      'import time\n'
                      'import datetime\n'
                      '\n'
                      'def f(text):\n'
                      '    time.sleep(0.03)\n'
                      '    datetime.datetime.now()\n'
                      '    shuffle([94, 76, 85])\n'
                      '    Fernet.generate_key()\n'
                      '    try:\n'
                      "        s = text.rpartition('o')\n"
                      "        (newdiv_1, div2) = (s[0] == '' and '-' or s[0], "
                      "s[2] == '' and '-' or s[2])\n"
                      '        return newFunc_16709(s[1] + newdiv_1 + s[1], '
                      'div2)\n'
                      '    except:\n'
                      '        pass'}
[END] processing file: sample_126. Total Time: 4.712992
END AT 2024-10-19 21:55:32.531336
