STARTING AT 2024-10-19 22:15:20.577507
[START] processing file: sample_292
*Running tests for: sample_292
 
Result: ['tests_pass']
tests_pass sample_292 /home/yang/Benchmark/dataset/cruxeval/code//sample_292.py
Apply all rules on a single file.
Checking transformation add_nested_list
*Running tests for: sample_292
 
Result: ['tests_pass']
Checking transformation add_datetime
*Running tests for: sample_292
 
Result: ['tests_pass']
Checking transformation add_time
*Running tests for: sample_292
 
Result: ['tests_pass']
Checking transformation add_decorator
*Running tests for: sample_292
 
Result: ['tests_pass']
Checking transformation add_http
*Running tests for: sample_292
 
Result: ['tests_pass']
Checking transformation add_scipy
*Running tests for: sample_292
 
Result: ['tests_pass']
Checking transformation add_base64
*Running tests for: sample_292
 
Result: ['tests_pass']
Checking transformation add_dateutil
*Running tests for: sample_292
 
Result: ['tests_pass']
The file 'reasoning_transformation_cruxeval/CRUXEval/e1f735e05ec0002c7d6ed7d62be776995bf4ddf4/Transformation/sample_292.py' has been formatted successfully.
Checking reasoning_transformation_cruxeval/CRUXEval/e1f735e05ec0002c7d6ed7d62be776995bf4ddf4/Transformation/sample_292.py
*Running tests for: sample_292
 
Result: ['tests_pass']
{ 'applicable_rules': [ 'change_var_names',
                        'add_try_except_inside_functions',
                        'add_nested_list',
                        'add_datetime',
                        'add_time',
                        'add_crypto',
                        'add_sklearn',
                        'add_decorator',
                        'add_http',
                        'add_scipy',
                        'add_base64',
                        'add_dateutil'],
  'diff_output': 'reasoning_transformation_cruxeval/CRUXEval/e1f735e05ec0002c7d6ed7d62be776995bf4ddf4/Transformation/sample_292.patch',
  'evaluation_tests_dir': '/home/yang/Benchmark/dataset/cruxeval/',
  'exception': None,
  'file_id': 'sample_292',
  'genetic_algorithm': None,
  'original_code': 'def f(text):\n'
                   "    new_text = [c if c.isdigit() else '*' for c in text]\n"
                   "    return ''.join(new_text)",
  'patch_path': 'reasoning_transformation_cruxeval/CRUXEval/e1f735e05ec0002c7d6ed7d62be776995bf4ddf4/Transformation/sample_292.patch',
  'single_rule': None,
  'source_file': '/home/yang/Benchmark/dataset/cruxeval/code//sample_292.py',
  'target_file': 'reasoning_transformation_cruxeval/CRUXEval/e1f735e05ec0002c7d6ed7d62be776995bf4ddf4/Transformation/sample_292.py',
  'test_results_after': ['tests_pass'],
  'test_results_before': ['tests_pass'],
  'total_time': 5.424822,
  'transformed_code': 'from dateutil.parser import parse\n'
                      'import base64\n'
                      'from scipy.stats import ttest_ind\n'
                      'from http.client import HTTPConnection\n'
                      '\n'
                      'def my_decorator(func):\n'
                      '    ttest_ind([59, 93, 99], [2, 96, 50])\n'
                      "    parse('2024-10-19 22:15:24')\n"
                      '\n'
                      '    def dec_result(*args, **kwargs):\n'
                      '        res = func(*args, **kwargs)\n'
                      '        return res\n'
                      "    HTTPConnection('google.com', port=80)\n"
                      '    return dec_result\n'
                      'from sklearn.utils import shuffle\n'
                      'from cryptography.fernet import Fernet\n'
                      'import time\n'
                      'import datetime\n'
                      '\n'
                      '@my_decorator\n'
                      'def f(text):\n'
                      '    time.sleep(0.22)\n'
                      '    Fernet.generate_key()\n'
                      "    base64.b64encode(b'60270826082889180167')\n"
                      '    shuffle([10, 83, 79])\n'
                      '    datetime.datetime.now()\n'
                      '    try:\n'
                      '        new_text = [[newc_1 if newc_1.isdigit() else '
                      "'*' for newc_1 in text]][0]\n"
                      "        return ''.join(new_text)\n"
                      '    except:\n'
                      '        pass'}
[END] processing file: sample_292. Total Time: 5.424822
END AT 2024-10-19 22:15:26.004269
