STARTING AT 2024-10-19 22:49:03.238491
[START] processing file: sample_598
*Running tests for: sample_598
 
Result: ['tests_pass']
tests_pass sample_598 /home/yang/Benchmark/dataset/cruxeval/code//sample_598.py
Apply all rules on a single file.
Checking transformation add_datetime
*Running tests for: sample_598
 
Result: ['tests_pass']
Checking transformation add_time
*Running tests for: sample_598
 
Result: ['tests_pass']
Checking transformation create_functions
*Running tests for: sample_598
 
Result: ['tests_pass']
Checking transformation add_decorator
*Running tests for: sample_598
 
Result: ['tests_pass']
Checking transformation add_http
*Running tests for: sample_598
 
Result: ['tests_pass']
Checking transformation add_scipy
*Running tests for: sample_598
 
Result: ['tests_pass']
Checking transformation add_base64
*Running tests for: sample_598
 
Result: ['tests_pass']
Checking transformation add_dateutil
*Running tests for: sample_598
 
Result: ['tests_pass']
The file 'reasoning_transformation_cruxeval/CRUXEval/e1f735e05ec0002c7d6ed7d62be776995bf4ddf4/Transformation/sample_598.py' has been formatted successfully.
Checking reasoning_transformation_cruxeval/CRUXEval/e1f735e05ec0002c7d6ed7d62be776995bf4ddf4/Transformation/sample_598.py
*Running tests for: sample_598
 
Result: ['tests_pass']
{ 'applicable_rules': [ 'change_var_names',
                        'add_try_except_inside_functions',
                        'add_datetime',
                        'add_time',
                        'add_crypto',
                        'add_sklearn',
                        'create_functions',
                        'add_decorator',
                        'add_http',
                        'add_scipy',
                        'add_base64',
                        'add_dateutil'],
  'diff_output': 'reasoning_transformation_cruxeval/CRUXEval/e1f735e05ec0002c7d6ed7d62be776995bf4ddf4/Transformation/sample_598.patch',
  'evaluation_tests_dir': '/home/yang/Benchmark/dataset/cruxeval/',
  'exception': None,
  'file_id': 'sample_598',
  'genetic_algorithm': None,
  'original_code': 'def f(text, n):\n'
                   '    length = len(text)\n'
                   '    return text[length * (n % 4):length]',
  'patch_path': 'reasoning_transformation_cruxeval/CRUXEval/e1f735e05ec0002c7d6ed7d62be776995bf4ddf4/Transformation/sample_598.patch',
  'single_rule': None,
  'source_file': '/home/yang/Benchmark/dataset/cruxeval/code//sample_598.py',
  'target_file': 'reasoning_transformation_cruxeval/CRUXEval/e1f735e05ec0002c7d6ed7d62be776995bf4ddf4/Transformation/sample_598.py',
  'test_results_after': ['tests_pass'],
  'test_results_before': ['tests_pass'],
  'total_time': 6.825849,
  'transformed_code': 'from dateutil.parser import parse\n'
                      'import base64\n'
                      'from scipy.stats import ttest_ind\n'
                      'from http.client import HTTPConnection\n'
                      '\n'
                      'def my_decorator(func):\n'
                      '\n'
                      '    def dec_result(*args, **kwargs):\n'
                      '        res = func(*args, **kwargs)\n'
                      '        return res\n'
                      "    parse('2024-10-19 22:49:08')\n"
                      '    return dec_result\n'
                      '\n'
                      '@my_decorator\n'
                      'def newFunc_BinOp0(a, b):\n'
                      "    base64.b64encode(b'53971016797107605312')\n"
                      '    return a % b\n'
                      'from sklearn.utils import shuffle\n'
                      'from cryptography.fernet import Fernet\n'
                      'import time\n'
                      'import datetime\n'
                      '\n'
                      'def f(text, n):\n'
                      '    Fernet.generate_key()\n'
                      '    shuffle([10, 93, 83])\n'
                      "    HTTPConnection('google.com', port=80)\n"
                      '    time.sleep(0.28)\n'
                      '    ttest_ind([19, 76, 14], [90, 14, 65])\n'
                      '    datetime.datetime.now()\n'
                      '    try:\n'
                      '        newlength_1 = len(text)\n'
                      '        return text[newlength_1 * newFunc_BinOp0(n, '
                      '4):newlength_1]\n'
                      '    except:\n'
                      '        pass'}
[END] processing file: sample_598. Total Time: 6.825849
END AT 2024-10-19 22:49:10.065405
