STARTING AT 2024-10-19 22:13:58.776019
[START] processing file: sample_280
*Running tests for: sample_280
 
Result: ['tests_pass']
tests_pass sample_280 /home/yang/Benchmark/dataset/cruxeval/code//sample_280.py
Apply all rules on a single file.
Checking transformation add_nested_list
*Running tests for: sample_280
 
Result: ['tests_pass']
Checking transformation add_datetime
*Running tests for: sample_280
 
Result: ['tests_pass']
Checking transformation add_time
*Running tests for: sample_280
 
Result: ['tests_pass']
Checking transformation add_decorator
*Running tests for: sample_280
 
Result: ['tests_pass']
Checking transformation add_http
*Running tests for: sample_280
 
Result: ['tests_pass']
Checking transformation add_scipy
*Running tests for: sample_280
 
Result: ['tests_pass']
Checking transformation add_base64
*Running tests for: sample_280
 
Result: ['tests_pass']
Checking transformation add_dateutil
*Running tests for: sample_280
 
Result: ['tests_pass']
The file 'reasoning_transformation_cruxeval/CRUXEval/e1f735e05ec0002c7d6ed7d62be776995bf4ddf4/Transformation/sample_280.py' has been formatted successfully.
Checking reasoning_transformation_cruxeval/CRUXEval/e1f735e05ec0002c7d6ed7d62be776995bf4ddf4/Transformation/sample_280.py
*Running tests for: sample_280
 
Result: ['tests_pass']
{ 'applicable_rules': [ 'change_var_names',
                        'add_try_except_inside_functions',
                        'add_nested_list',
                        'add_datetime',
                        'add_time',
                        'add_crypto',
                        'add_sklearn',
                        'add_decorator',
                        'add_http',
                        'add_scipy',
                        'add_base64',
                        'add_dateutil'],
  'diff_output': 'reasoning_transformation_cruxeval/CRUXEval/e1f735e05ec0002c7d6ed7d62be776995bf4ddf4/Transformation/sample_280.patch',
  'evaluation_tests_dir': '/home/yang/Benchmark/dataset/cruxeval/',
  'exception': None,
  'file_id': 'sample_280',
  'genetic_algorithm': None,
  'original_code': 'field = 0\n'
                   '\n'
                   'def f(text):\n'
                   '    global g, field\n'
                   "    field = text.replace(' ', '')\n"
                   "    g = text.replace('0', ' ')\n"
                   "    text = text.replace('1', 'i')\n"
                   '    return text',
  'patch_path': 'reasoning_transformation_cruxeval/CRUXEval/e1f735e05ec0002c7d6ed7d62be776995bf4ddf4/Transformation/sample_280.patch',
  'single_rule': None,
  'source_file': '/home/yang/Benchmark/dataset/cruxeval/code//sample_280.py',
  'target_file': 'reasoning_transformation_cruxeval/CRUXEval/e1f735e05ec0002c7d6ed7d62be776995bf4ddf4/Transformation/sample_280.py',
  'test_results_after': ['tests_pass'],
  'test_results_before': ['tests_pass'],
  'total_time': 5.497412,
  'transformed_code': 'from dateutil.parser import parse\n'
                      'import base64\n'
                      'from scipy.stats import ttest_ind\n'
                      'from http.client import HTTPConnection\n'
                      '\n'
                      'def my_decorator(func):\n'
                      '    ttest_ind([71, 18, 41], [31, 19, 67])\n'
                      "    parse('2024-10-19 22:14:02')\n"
                      "    base64.b64encode(b'04475850014431684439')\n"
                      '\n'
                      '    def dec_result(*args, **kwargs):\n'
                      '        res = func(*args, **kwargs)\n'
                      '        return res\n'
                      '    return dec_result\n'
                      'from sklearn.utils import shuffle\n'
                      'from cryptography.fernet import Fernet\n'
                      'import time\n'
                      'import datetime\n'
                      'field = [0][0]\n'
                      '\n'
                      '@my_decorator\n'
                      'def f(text):\n'
                      '    datetime.datetime.now()\n'
                      '    shuffle([43, 71, 24])\n'
                      "    HTTPConnection('google.com', port=80)\n"
                      '    time.sleep(0.22)\n'
                      '    Fernet.generate_key()\n'
                      '    try:\n'
                      '        global g, field\n'
                      "        field = text.replace(' ', '')\n"
                      "        newg_1 = text.replace('0', ' ')\n"
                      "        text = text.replace('1', 'i')\n"
                      '        return text\n'
                      '    except:\n'
                      '        pass'}
[END] processing file: sample_280. Total Time: 5.497412
END AT 2024-10-19 22:14:04.274740
