STARTING AT 2024-10-19 23:04:52.777717
[START] processing file: sample_762
*Running tests for: sample_762
 
Result: ['tests_pass']
tests_pass sample_762 /home/yang/Benchmark/dataset/cruxeval/code//sample_762.py
Apply all rules on a single file.
Checking transformation add_datetime
*Running tests for: sample_762
 
Result: ['tests_pass']
Checking transformation add_time
*Running tests for: sample_762
 
Result: ['tests_pass']
def newFunc_84302(arg0, arg1):
    return arg0 + arg1
Checking transformation create_functions
*Running tests for: sample_762
 
Result: ['tests_pass']
Checking transformation add_decorator
*Running tests for: sample_762
 
Result: ['tests_pass']
Checking transformation add_http
*Running tests for: sample_762
 
Result: ['tests_pass']
Checking transformation add_scipy
*Running tests for: sample_762
 
Result: ['tests_pass']
Checking transformation add_base64
*Running tests for: sample_762
 
Result: ['tests_pass']
Checking transformation add_dateutil
*Running tests for: sample_762
 
Result: ['tests_pass']
The file 'reasoning_transformation_cruxeval/CRUXEval/e1f735e05ec0002c7d6ed7d62be776995bf4ddf4/Transformation/sample_762.py' has been formatted successfully.
Checking reasoning_transformation_cruxeval/CRUXEval/e1f735e05ec0002c7d6ed7d62be776995bf4ddf4/Transformation/sample_762.py
*Running tests for: sample_762
 
Result: ['tests_pass']
{ 'applicable_rules': [ 'change_var_names',
                        'add_try_except_inside_functions',
                        'add_datetime',
                        'add_time',
                        'add_crypto',
                        'add_sklearn',
                        'create_functions',
                        'add_decorator',
                        'add_http',
                        'add_scipy',
                        'add_base64',
                        'add_dateutil'],
  'diff_output': 'reasoning_transformation_cruxeval/CRUXEval/e1f735e05ec0002c7d6ed7d62be776995bf4ddf4/Transformation/sample_762.patch',
  'evaluation_tests_dir': '/home/yang/Benchmark/dataset/cruxeval/',
  'exception': None,
  'file_id': 'sample_762',
  'genetic_algorithm': None,
  'original_code': 'def f(text):\n'
                   '    text = text.lower()\n'
                   '    capitalize = text.capitalize()\n'
                   '    return text[:1] + capitalize[1:]',
  'patch_path': 'reasoning_transformation_cruxeval/CRUXEval/e1f735e05ec0002c7d6ed7d62be776995bf4ddf4/Transformation/sample_762.patch',
  'single_rule': None,
  'source_file': '/home/yang/Benchmark/dataset/cruxeval/code//sample_762.py',
  'target_file': 'reasoning_transformation_cruxeval/CRUXEval/e1f735e05ec0002c7d6ed7d62be776995bf4ddf4/Transformation/sample_762.py',
  'test_results_after': ['tests_pass'],
  'test_results_before': ['tests_pass'],
  'total_time': 6.225636,
  'transformed_code': 'from dateutil.parser import parse\n'
                      'import base64\n'
                      'from scipy.stats import ttest_ind\n'
                      'from http.client import HTTPConnection\n'
                      '\n'
                      'def my_decorator(func):\n'
                      "    HTTPConnection('google.com', port=80)\n"
                      '\n'
                      '    def dec_result(*args, **kwargs):\n'
                      '        res = func(*args, **kwargs)\n'
                      '        return res\n'
                      '    return dec_result\n'
                      '\n'
                      '@my_decorator\n'
                      'def newFunc_84302(arg0, arg1):\n'
                      "    parse('2024-10-19 23:04:57')\n"
                      '    return arg0 + arg1\n'
                      'from sklearn.utils import shuffle\n'
                      'from cryptography.fernet import Fernet\n'
                      'import time\n'
                      'import datetime\n'
                      '\n'
                      'def f(newtext_1):\n'
                      '    ttest_ind([70, 97, 41], [91, 50, 28])\n'
                      '    shuffle([9, 57, 65])\n'
                      "    base64.b64encode(b'09102316587648339128')\n"
                      '    time.sleep(0.23)\n'
                      '    datetime.datetime.now()\n'
                      '    Fernet.generate_key()\n'
                      '    try:\n'
                      '        newtext_1 = newtext_1.lower()\n'
                      '        capitalize = newtext_1.capitalize()\n'
                      '        return newFunc_84302(newtext_1[:1], '
                      'capitalize[1:])\n'
                      '    except:\n'
                      '        pass'}
[END] processing file: sample_762. Total Time: 6.225636
END AT 2024-10-19 23:04:59.005349
