STARTING AT 2024-10-19 23:41:33.716888
[START] processing file: sample_8
*Running tests for: sample_8
 
Result: ['tests_pass']
tests_pass sample_8 /home/yang/Benchmark/dataset/cruxeval/code//sample_8.py
Apply all rules on a single file.
Checking transformation add_nested_if
*Running tests for: sample_8
 
Result: ['tests_pass']
Checking transformation add_nested_list
*Running tests for: sample_8
 
Result: ['tests_pass']
Checking transformation add_datetime
*Running tests for: sample_8
 
Result: ['tests_pass']
Checking transformation add_time
*Running tests for: sample_8
 
Result: ['tests_pass']
Checking transformation create_functions
*Running tests for: sample_8
 
Result: ['tests_pass']
Checking transformation add_decorator
*Running tests for: sample_8
 
Result: ['tests_pass']
Checking transformation add_http
*Running tests for: sample_8
 
Result: ['tests_pass']
Checking transformation add_scipy
*Running tests for: sample_8
 
Result: ['tests_pass']
Checking transformation add_base64
*Running tests for: sample_8
 
Result: ['tests_pass']
Checking transformation add_dateutil
*Running tests for: sample_8
 
Result: ['tests_pass']
The file 'reasoning_transformation_cruxeval/CRUXEval/951a917df7397c9cb698ead54386db6d1db4ffb0/Transformation/sample_8.py' has been formatted successfully.
Checking reasoning_transformation_cruxeval/CRUXEval/951a917df7397c9cb698ead54386db6d1db4ffb0/Transformation/sample_8.py
*Running tests for: sample_8
 
Result: ['tests_pass']
{ 'applicable_rules': [ 'add_nested_if',
                        'add_try_except_inside_functions',
                        'add_nested_list',
                        'add_datetime',
                        'add_time',
                        'add_crypto',
                        'add_sklearn',
                        'create_functions',
                        'add_decorator',
                        'add_http',
                        'add_scipy',
                        'add_base64',
                        'add_dateutil'],
  'diff_output': 'reasoning_transformation_cruxeval/CRUXEval/951a917df7397c9cb698ead54386db6d1db4ffb0/Transformation/sample_8.patch',
  'evaluation_tests_dir': '/home/yang/Benchmark/dataset/cruxeval/',
  'exception': None,
  'file_id': 'sample_8',
  'genetic_algorithm': None,
  'original_code': 'def f(string, encryption):\n'
                   '    if encryption == 0:\n'
                   '        return string\n'
                   '    else:\n'
                   "        return string.upper().encode('rot13')",
  'patch_path': 'reasoning_transformation_cruxeval/CRUXEval/951a917df7397c9cb698ead54386db6d1db4ffb0/Transformation/sample_8.patch',
  'single_rule': None,
  'source_file': '/home/yang/Benchmark/dataset/cruxeval/code//sample_8.py',
  'target_file': 'reasoning_transformation_cruxeval/CRUXEval/951a917df7397c9cb698ead54386db6d1db4ffb0/Transformation/sample_8.py',
  'test_results_after': ['tests_pass'],
  'test_results_before': ['tests_pass'],
  'total_time': 5.676448,
  'transformed_code': 'from dateutil.parser import parse\n'
                      'import base64\n'
                      'from scipy.stats import ttest_ind\n'
                      'from http.client import HTTPConnection\n'
                      '\n'
                      'def my_decorator(func):\n'
                      '\n'
                      '    def dec_result(*args, **kwargs):\n'
                      '        res = func(*args, **kwargs)\n'
                      '        return res\n'
                      '    return dec_result\n'
                      '\n'
                      '@my_decorator\n'
                      'def newFunc_BinOp0(a, b):\n'
                      "    parse('2024-10-19 23:41:37')\n"
                      '    return a & b\n'
                      'from sklearn.utils import shuffle\n'
                      'from cryptography.fernet import Fernet\n'
                      'import time\n'
                      'import datetime\n'
                      '\n'
                      'def f(string, encryption):\n'
                      "    base64.b64encode(b'54107433243094629025')\n"
                      '    Fernet.generate_key()\n'
                      '    datetime.datetime.now()\n'
                      "    HTTPConnection('google.com', port=80)\n"
                      '    time.sleep(0.13)\n'
                      '    shuffle([87, 16, 2])\n'
                      '    ttest_ind([68, 28, 60], [15, 11, 18])\n'
                      '    try:\n'
                      '        ConditionChecker12 = [37][0]\n'
                      '        ConditionChecker22 = 823\n'
                      '        if newFunc_BinOp0(ConditionChecker12, '
                      'ConditionChecker22):\n'
                      '            if encryption == 0:\n'
                      '                return string\n'
                      '            else:\n'
                      "                return string.upper().encode('rot13')\n"
                      '    except:\n'
                      '        pass'}
[END] processing file: sample_8. Total Time: 5.676448
END AT 2024-10-19 23:41:39.394405
