STARTING AT 2024-10-19 22:05:35.341682
[START] processing file: sample_211
*Running tests for: sample_211
 
Result: ['tests_pass']
tests_pass sample_211 /home/yang/Benchmark/dataset/cruxeval/code//sample_211.py
Apply all rules on a single file.
Checking transformation add_nested_for_out
*Running tests for: sample_211
 
Result: ['tests_pass']
Checking transformation add_nested_if
*Running tests for: sample_211
 Traceback (most recent call last):
  File "/home/yang/Benchmark/.tmp_test/tmp_test.pysample_211", line 13, in <module>
    assert f("abca dea ead") == 10
AssertionError

output_actual, stderr_data: ('', b'Traceback (most recent call last):\n  File "/home/yang/Benchmark/.tmp_test/tmp_test.pysample_211", line 13, in <module>\n    assert f("abca dea ead") == 10\nAssertionError\n')
Result: ['error_or_timeout']
Drop add_nested_if due to ['error_or_timeout']
Checking transformation add_nested_list
*Running tests for: sample_211
 
Result: ['tests_pass']
Checking transformation transform_range_to_recursion
*Running tests for: sample_211
 
Result: ['tests_pass']
Checking transformation add_datetime
*Running tests for: sample_211
 
Result: ['tests_pass']
Checking transformation add_time
*Running tests for: sample_211
 
Result: ['tests_pass']
Checking transformation create_functions
*Running tests for: sample_211
 
Result: ['tests_pass']
Checking transformation add_decorator
*Running tests for: sample_211
 
Result: ['tests_pass']
Checking transformation add_http
*Running tests for: sample_211
 
Result: ['tests_pass']
Checking transformation add_scipy
*Running tests for: sample_211
 
Result: ['tests_pass']
Checking transformation add_base64
*Running tests for: sample_211
 
Result: ['tests_pass']
Checking transformation add_dateutil
*Running tests for: sample_211
 
Result: ['tests_pass']
The file 'reasoning_transformation_cruxeval/CRUXEval/e1f735e05ec0002c7d6ed7d62be776995bf4ddf4/Transformation/sample_211.py' has been formatted successfully.
Checking reasoning_transformation_cruxeval/CRUXEval/e1f735e05ec0002c7d6ed7d62be776995bf4ddf4/Transformation/sample_211.py
*Running tests for: sample_211
 
Result: ['tests_pass']
{ 'applicable_rules': [ 'change_var_names',
                        'add_nested_for_out',
                        'add_try_except_inside_functions',
                        'add_else_to_for',
                        'add_nested_list',
                        'transform_range_to_recursion',
                        'add_datetime',
                        'add_time',
                        'add_crypto',
                        'add_sklearn',
                        'create_functions',
                        'add_decorator',
                        'add_http',
                        'add_scipy',
                        'add_base64',
                        'add_dateutil',
                        'changing_AugAssign'],
  'diff_output': 'reasoning_transformation_cruxeval/CRUXEval/e1f735e05ec0002c7d6ed7d62be776995bf4ddf4/Transformation/sample_211.patch',
  'evaluation_tests_dir': '/home/yang/Benchmark/dataset/cruxeval/',
  'exception': None,
  'file_id': 'sample_211',
  'genetic_algorithm': None,
  'original_code': 'def f(s):\n'
                   '    count = 0\n'
                   '    for c in s:\n'
                   '        if s.rindex(c) != s.index(c):\n'
                   '            count += 1\n'
                   '    return count',
  'patch_path': 'reasoning_transformation_cruxeval/CRUXEval/e1f735e05ec0002c7d6ed7d62be776995bf4ddf4/Transformation/sample_211.patch',
  'single_rule': None,
  'source_file': '/home/yang/Benchmark/dataset/cruxeval/code//sample_211.py',
  'target_file': 'reasoning_transformation_cruxeval/CRUXEval/e1f735e05ec0002c7d6ed7d62be776995bf4ddf4/Transformation/sample_211.py',
  'test_results_after': ['tests_pass'],
  'test_results_before': ['tests_pass'],
  'total_time': 6.930306,
  'transformed_code': 'from dateutil.parser import parse\n'
                      'import base64\n'
                      'from scipy.stats import ttest_ind\n'
                      'from http.client import HTTPConnection\n'
                      '\n'
                      'def my_decorator(func):\n'
                      '\n'
                      '    def dec_result(*args, **kwargs):\n'
                      '        res = func(*args, **kwargs)\n'
                      '        return res\n'
                      '    return dec_result\n'
                      '\n'
                      '@my_decorator\n'
                      'def newFunc_BinOp0(a, b):\n'
                      "    HTTPConnection('google.com', port=80)\n"
                      '    ttest_ind([25, 50, 7], [67, 5, 19])\n'
                      "    base64.b64encode(b'79546352497682312742')\n"
                      '    return a + b\n'
                      'from sklearn.utils import shuffle\n'
                      'from cryptography.fernet import Fernet\n'
                      'import time\n'
                      'import datetime\n'
                      '\n'
                      'def f(s):\n'
                      '    shuffle([67, 15, 39])\n'
                      '    datetime.datetime.now()\n'
                      '    time.sleep(0.28)\n'
                      "    parse('2024-10-19 22:05:40')\n"
                      '    Fernet.generate_key()\n'
                      '    try:\n'
                      '        count = [0][0]\n'
                      '        LoopChecker13 = 977\n'
                      '        LoopChecker23 = 976\n'
                      '\n'
                      '        def loop_6_8(LoopIndexOut, stop, step):\n'
                      '            nonlocal count\n'
                      '            if step == 0 or (step > 0 and LoopIndexOut '
                      '>= stop) or (step < 0 and LoopIndexOut <= stop):\n'
                      '                return\n'
                      '            for newc_1 in s:\n'
                      '                if s.rindex(newc_1) != '
                      's.index(newc_1):\n'
                      '                    count = count + 1\n'
                      '            loop_6_8(newFunc_BinOp0(LoopIndexOut, '
                      'step), stop, step)\n'
                      '        loop_6_8(0, LoopChecker13 // LoopChecker23, 1)\n'
                      '        return count\n'
                      '    except:\n'
                      '        pass'}
[END] processing file: sample_211. Total Time: 6.930306
END AT 2024-10-19 22:05:42.274115
