STARTING AT 2024-10-19 23:36:52.289712
[START] processing file: sample_632
*Running tests for: sample_632
 
Result: ['tests_pass']
tests_pass sample_632 /home/yang/Benchmark/dataset/cruxeval/code//sample_632.py
Apply all rules on a single file.
Checking transformation add_nested_for_out
*Running tests for: sample_632
 
Result: ['tests_pass']
Checking transformation add_nested_if
*Running tests for: sample_632
 Traceback (most recent call last):
  File "/home/yang/Benchmark/.tmp_test/tmp_test.pysample_632", line 14, in <module>
    assert f([63, 0, 1, 5, 9, 87, 0, 7, 25, 4]) == [0, 0, 1, 4, 5, 7, 9, 25, 63, 87]
AssertionError

output_actual, stderr_data: ('', b'Traceback (most recent call last):\n  File "/home/yang/Benchmark/.tmp_test/tmp_test.pysample_632", line 14, in <module>\n    assert f([63, 0, 1, 5, 9, 87, 0, 7, 25, 4]) == [0, 0, 1, 4, 5, 7, 9, 25, 63, 87]\nAssertionError\n')
Result: ['error_or_timeout']
Drop add_nested_if due to ['error_or_timeout']
Checking transformation add_nested_list
*Running tests for: sample_632
 
Result: ['tests_pass']
Checking transformation transform_range_to_recursion
*Running tests for: sample_632
 
Result: ['tests_pass']
Checking transformation add_datetime
*Running tests for: sample_632
 
Result: ['tests_pass']
Checking transformation add_time
*Running tests for: sample_632
 
Result: ['tests_pass']
Checking transformation create_functions
*Running tests for: sample_632
 
Result: ['tests_pass']
Checking transformation add_decorator
*Running tests for: sample_632
 
Result: ['tests_pass']
Checking transformation add_http
*Running tests for: sample_632
 
Result: ['tests_pass']
Checking transformation add_scipy
*Running tests for: sample_632
 
Result: ['tests_pass']
Checking transformation add_base64
*Running tests for: sample_632
 
Result: ['tests_pass']
Checking transformation add_dateutil
*Running tests for: sample_632
 
Result: ['tests_pass']
The file 'reasoning_transformation_cruxeval/CRUXEval/951a917df7397c9cb698ead54386db6d1db4ffb0/Transformation/sample_632.py' has been formatted successfully.
Checking reasoning_transformation_cruxeval/CRUXEval/951a917df7397c9cb698ead54386db6d1db4ffb0/Transformation/sample_632.py
*Running tests for: sample_632
 
Result: ['tests_pass']
{ 'applicable_rules': [ 'change_var_names',
                        'add_nested_for_out',
                        'add_try_except_inside_functions',
                        'add_else_to_for',
                        'add_nested_list',
                        'transform_range_to_recursion',
                        'add_datetime',
                        'add_time',
                        'add_crypto',
                        'add_sklearn',
                        'create_functions',
                        'add_decorator',
                        'add_http',
                        'add_scipy',
                        'add_base64',
                        'add_dateutil'],
  'diff_output': 'reasoning_transformation_cruxeval/CRUXEval/951a917df7397c9cb698ead54386db6d1db4ffb0/Transformation/sample_632.patch',
  'evaluation_tests_dir': '/home/yang/Benchmark/dataset/cruxeval/',
  'exception': None,
  'file_id': 'sample_632',
  'genetic_algorithm': None,
  'original_code': 'def f(list):\n'
                   '    for i in range(len(list) - 1, 0, -1):\n'
                   '        for j in range(i):\n'
                   '            if list[j] > list[j + 1]:\n'
                   '                (list[j], list[j + 1]) = (list[j + 1], '
                   'list[j])\n'
                   '                list.sort()\n'
                   '    return list',
  'patch_path': 'reasoning_transformation_cruxeval/CRUXEval/951a917df7397c9cb698ead54386db6d1db4ffb0/Transformation/sample_632.patch',
  'single_rule': None,
  'source_file': '/home/yang/Benchmark/dataset/cruxeval/code//sample_632.py',
  'target_file': 'reasoning_transformation_cruxeval/CRUXEval/951a917df7397c9cb698ead54386db6d1db4ffb0/Transformation/sample_632.py',
  'test_results_after': ['tests_pass'],
  'test_results_before': ['tests_pass'],
  'total_time': 5.191017,
  'transformed_code': 'from dateutil.parser import parse\n'
                      'import base64\n'
                      'from scipy.stats import ttest_ind\n'
                      'from http.client import HTTPConnection\n'
                      '\n'
                      'def my_decorator(func):\n'
                      '\n'
                      '    def dec_result(*args, **kwargs):\n'
                      '        res = func(*args, **kwargs)\n'
                      '        return res\n'
                      '    return dec_result\n'
                      '\n'
                      '@my_decorator\n'
                      'def newFunc_BinOp0(a, b):\n'
                      "    base64.b64encode(b'11176529419146722315')\n"
                      '    ttest_ind([29, 5, 56], [57, 6, 84])\n'
                      '    return a // b\n'
                      'from sklearn.utils import shuffle\n'
                      'from cryptography.fernet import Fernet\n'
                      'import time\n'
                      'import datetime\n'
                      '\n'
                      'def f(list):\n'
                      '    shuffle([55, 49, 88])\n'
                      "    parse('2024-10-19 23:36:56')\n"
                      '    Fernet.generate_key()\n'
                      '    time.sleep(0.05)\n'
                      '    datetime.datetime.now()\n'
                      "    HTTPConnection('google.com', port=80)\n"
                      '    try:\n'
                      '        LoopChecker12 = [943][0]\n'
                      '        LoopChecker22 = 942\n'
                      '        for LoopIndexOut in '
                      'range(newFunc_BinOp0(LoopChecker12, LoopChecker22)):\n'
                      '            for i in range(len(list) - 1, 0, -1):\n'
                      '\n'
                      '                def loop_7_16(newj_1, stop, step):\n'
                      '                    if step == 0 or (step > 0 and '
                      'newj_1 >= stop) or (step < 0 and newj_1 <= stop):\n'
                      '                        return\n'
                      '                    if list[newj_1] > list[newj_1 + '
                      '1]:\n'
                      '                        (list[newj_1], list[newj_1 + '
                      '1]) = (list[newj_1 + 1], list[newj_1])\n'
                      '                        list.sort()\n'
                      '                    loop_7_16(newj_1 + step, stop, '
                      'step)\n'
                      '                loop_7_16(0, i, 1)\n'
                      '        else:\n'
                      '            pass\n'
                      '        return list\n'
                      '    except:\n'
                      '        pass'}
[END] processing file: sample_632. Total Time: 5.191017
END AT 2024-10-19 23:36:57.483118
