STARTING AT 2024-10-19 22:24:55.529819
[START] processing file: sample_374
*Running tests for: sample_374
 
Result: ['tests_pass']
tests_pass sample_374 /home/yang/Benchmark/dataset/cruxeval/code//sample_374.py
Apply all rules on a single file.
Checking transformation add_nested_for_out
*Running tests for: sample_374
 
Result: ['tests_pass']
Checking transformation add_nested_if
*Running tests for: sample_374
 
Result: ['tests_pass']
Checking transformation add_nested_list
*Running tests for: sample_374
 
Result: ['tests_pass']
Checking transformation transform_range_to_recursion
*Running tests for: sample_374
 
Result: ['tests_pass']
Checking transformation add_datetime
*Running tests for: sample_374
 
Result: ['tests_pass']
Checking transformation add_time
*Running tests for: sample_374
 
Result: ['tests_pass']
Checking transformation create_functions
*Running tests for: sample_374
 
Result: ['tests_pass']
Checking transformation add_decorator
*Running tests for: sample_374
 
Result: ['tests_pass']
Checking transformation add_http
*Running tests for: sample_374
 
Result: ['tests_pass']
Checking transformation add_scipy
*Running tests for: sample_374
 
Result: ['tests_pass']
Checking transformation add_base64
*Running tests for: sample_374
 
Result: ['tests_pass']
Checking transformation add_dateutil
*Running tests for: sample_374
 
Result: ['tests_pass']
The file 'reasoning_transformation_cruxeval/CRUXEval/e1f735e05ec0002c7d6ed7d62be776995bf4ddf4/Transformation/sample_374.py' has been formatted successfully.
Checking reasoning_transformation_cruxeval/CRUXEval/e1f735e05ec0002c7d6ed7d62be776995bf4ddf4/Transformation/sample_374.py
*Running tests for: sample_374
 
Result: ['tests_pass']
{ 'applicable_rules': [ 'change_var_names',
                        'add_nested_for_out',
                        'add_nested_if',
                        'add_try_except_inside_functions',
                        'add_else_to_for',
                        'add_nested_list',
                        'transform_range_to_recursion',
                        'add_datetime',
                        'add_time',
                        'add_crypto',
                        'add_sklearn',
                        'create_functions',
                        'add_decorator',
                        'add_http',
                        'add_scipy',
                        'add_base64',
                        'add_dateutil'],
  'diff_output': 'reasoning_transformation_cruxeval/CRUXEval/e1f735e05ec0002c7d6ed7d62be776995bf4ddf4/Transformation/sample_374.patch',
  'evaluation_tests_dir': '/home/yang/Benchmark/dataset/cruxeval/',
  'exception': None,
  'file_id': 'sample_374',
  'genetic_algorithm': None,
  'original_code': 'def f(seq, v):\n'
                   '    a = []\n'
                   '    for i in seq:\n'
                   '        if i.endswith(v):\n'
                   '            a.append(i * 2)\n'
                   '    return a',
  'patch_path': 'reasoning_transformation_cruxeval/CRUXEval/e1f735e05ec0002c7d6ed7d62be776995bf4ddf4/Transformation/sample_374.patch',
  'single_rule': None,
  'source_file': '/home/yang/Benchmark/dataset/cruxeval/code//sample_374.py',
  'target_file': 'reasoning_transformation_cruxeval/CRUXEval/e1f735e05ec0002c7d6ed7d62be776995bf4ddf4/Transformation/sample_374.py',
  'test_results_after': ['tests_pass'],
  'test_results_before': ['tests_pass'],
  'total_time': 5.440564,
  'transformed_code': 'from dateutil.parser import parse\n'
                      'import base64\n'
                      'from scipy.stats import ttest_ind\n'
                      'from http.client import HTTPConnection\n'
                      '\n'
                      'def my_decorator(func):\n'
                      '    ttest_ind([9, 3, 29], [6, 6, 92])\n'
                      '\n'
                      '    def dec_result(*args, **kwargs):\n'
                      '        res = func(*args, **kwargs)\n'
                      '        return res\n'
                      '    return dec_result\n'
                      '\n'
                      '@my_decorator\n'
                      'def newFunc_BinOp0(a, b):\n'
                      "    parse('2024-10-19 22:24:59')\n"
                      "    base64.b64encode(b'25860951193598778054')\n"
                      "    HTTPConnection('google.com', port=80)\n"
                      '    return a & b\n'
                      'from sklearn.utils import shuffle\n'
                      'from cryptography.fernet import Fernet\n'
                      'import time\n'
                      'import datetime\n'
                      '\n'
                      'def f(seq, v):\n'
                      '    time.sleep(0.11)\n'
                      '    shuffle([88, 26, 83])\n'
                      '    datetime.datetime.now()\n'
                      '    Fernet.generate_key()\n'
                      '    try:\n'
                      '        newa_1 = [[]][0]\n'
                      '        LoopChecker13 = 181\n'
                      '        LoopChecker23 = 180\n'
                      '        ConditionChecker17 = 517\n'
                      '        ConditionChecker27 = 259\n'
                      '\n'
                      '        def loop_8_8(LoopIndexOut, stop, step):\n'
                      '            if step == 0 or (step > 0 and LoopIndexOut '
                      '>= stop) or (step < 0 and LoopIndexOut <= stop):\n'
                      '                return\n'
                      '            for i in seq:\n'
                      '                if newFunc_BinOp0(ConditionChecker17, '
                      'ConditionChecker27):\n'
                      '                    if i.endswith(v):\n'
                      '                        newa_1.append(i * 2)\n'
                      '            loop_8_8(LoopIndexOut + step, stop, step)\n'
                      '        loop_8_8(0, LoopChecker13 // LoopChecker23, 1)\n'
                      '        return newa_1\n'
                      '    except:\n'
                      '        pass'}
[END] processing file: sample_374. Total Time: 5.440564
END AT 2024-10-19 22:25:00.971769
