STARTING AT 2024-10-19 22:59:41.418816
[START] processing file: sample_69
*Running tests for: sample_69
 
Result: ['tests_pass']
tests_pass sample_69 /home/yang/Benchmark/dataset/cruxeval/code//sample_69.py
Apply all rules on a single file.
Checking transformation add_nested_if
*Running tests for: sample_69
 
Result: ['tests_pass']
Checking transformation add_nested_list
*Running tests for: sample_69
 
Result: ['tests_pass']
Checking transformation add_datetime
*Running tests for: sample_69
 
Result: ['tests_pass']
Checking transformation add_time
*Running tests for: sample_69
 
Result: ['tests_pass']
Checking transformation create_functions
*Running tests for: sample_69
 
Result: ['tests_pass']
Checking transformation add_decorator
*Running tests for: sample_69
 
Result: ['tests_pass']
Checking transformation add_http
*Running tests for: sample_69
 
Result: ['tests_pass']
Checking transformation add_scipy
*Running tests for: sample_69
 
Result: ['tests_pass']
Checking transformation add_base64
*Running tests for: sample_69
 
Result: ['tests_pass']
Checking transformation add_dateutil
*Running tests for: sample_69
 
Result: ['tests_pass']
The file 'reasoning_transformation_cruxeval/CRUXEval/e1f735e05ec0002c7d6ed7d62be776995bf4ddf4/Transformation/sample_69.py' has been formatted successfully.
Checking reasoning_transformation_cruxeval/CRUXEval/e1f735e05ec0002c7d6ed7d62be776995bf4ddf4/Transformation/sample_69.py
*Running tests for: sample_69
 
Result: ['tests_pass']
{ 'applicable_rules': [ 'change_var_names',
                        'add_nested_if',
                        'add_try_except_inside_functions',
                        'add_nested_list',
                        'add_datetime',
                        'add_time',
                        'add_crypto',
                        'add_sklearn',
                        'create_functions',
                        'add_decorator',
                        'add_http',
                        'add_scipy',
                        'add_base64',
                        'add_dateutil'],
  'diff_output': 'reasoning_transformation_cruxeval/CRUXEval/e1f735e05ec0002c7d6ed7d62be776995bf4ddf4/Transformation/sample_69.patch',
  'evaluation_tests_dir': '/home/yang/Benchmark/dataset/cruxeval/',
  'exception': None,
  'file_id': 'sample_69',
  'genetic_algorithm': None,
  'original_code': 'def f(student_marks, name):\n'
                   '    if name in student_marks:\n'
                   '        value = student_marks.pop(name)\n'
                   '        return value\n'
                   "    return 'Name unknown'",
  'patch_path': 'reasoning_transformation_cruxeval/CRUXEval/e1f735e05ec0002c7d6ed7d62be776995bf4ddf4/Transformation/sample_69.patch',
  'single_rule': None,
  'source_file': '/home/yang/Benchmark/dataset/cruxeval/code//sample_69.py',
  'target_file': 'reasoning_transformation_cruxeval/CRUXEval/e1f735e05ec0002c7d6ed7d62be776995bf4ddf4/Transformation/sample_69.py',
  'test_results_after': ['tests_pass'],
  'test_results_before': ['tests_pass'],
  'total_time': 5.934091,
  'transformed_code': 'from dateutil.parser import parse\n'
                      'import base64\n'
                      'from scipy.stats import ttest_ind\n'
                      'from http.client import HTTPConnection\n'
                      '\n'
                      'def my_decorator(func):\n'
                      '    ttest_ind([45, 62, 55], [61, 56, 92])\n'
                      '\n'
                      '    def dec_result(*args, **kwargs):\n'
                      '        res = func(*args, **kwargs)\n'
                      '        return res\n'
                      "    HTTPConnection('google.com', port=80)\n"
                      '    return dec_result\n'
                      '\n'
                      '@my_decorator\n'
                      'def newFunc_BinOp0(a, b):\n'
                      '    return a & b\n'
                      'from sklearn.utils import shuffle\n'
                      'from cryptography.fernet import Fernet\n'
                      'import time\n'
                      'import datetime\n'
                      '\n'
                      'def f(student_marks, name):\n'
                      '    datetime.datetime.now()\n'
                      "    parse('2024-10-19 22:59:45')\n"
                      '    Fernet.generate_key()\n'
                      "    base64.b64encode(b'25140560311308849702')\n"
                      '    shuffle([90, 34, 37])\n'
                      '    time.sleep(0.2)\n'
                      '    try:\n'
                      '        ConditionChecker12 = [457][0]\n'
                      '        ConditionChecker22 = 722\n'
                      '        if newFunc_BinOp0(ConditionChecker12, '
                      'ConditionChecker22):\n'
                      '            if name in student_marks:\n'
                      '                newvalue_1 = student_marks.pop(name)\n'
                      '                return newvalue_1\n'
                      "        return 'Name unknown'\n"
                      '    except:\n'
                      '        pass'}
[END] processing file: sample_69. Total Time: 5.934091
END AT 2024-10-19 22:59:47.354494
