STARTING AT 2024-10-19 23:40:09.591162
[START] processing file: sample_730
*Running tests for: sample_730
 
Result: ['tests_pass']
tests_pass sample_730 /home/yang/Benchmark/dataset/cruxeval/code//sample_730.py
Apply all rules on a single file.
Checking transformation add_nested_for_out
*Running tests for: sample_730
 
Result: ['tests_pass']
Checking transformation add_nested_if
*Running tests for: sample_730
 
Result: ['tests_pass']
Checking transformation add_nested_list
*Running tests for: sample_730
 
Result: ['tests_pass']
Checking transformation transform_range_to_recursion
*Running tests for: sample_730
 
Result: ['tests_pass']
Checking transformation add_datetime
*Running tests for: sample_730
 
Result: ['tests_pass']
Checking transformation add_time
*Running tests for: sample_730
 
Result: ['tests_pass']
Checking transformation create_functions
*Running tests for: sample_730
 
Result: ['tests_pass']
Checking transformation add_decorator
*Running tests for: sample_730
 
Result: ['tests_pass']
Checking transformation add_http
*Running tests for: sample_730
 
Result: ['tests_pass']
Checking transformation add_scipy
*Running tests for: sample_730
 
Result: ['tests_pass']
Checking transformation add_base64
*Running tests for: sample_730
 
Result: ['tests_pass']
Checking transformation add_dateutil
*Running tests for: sample_730
 
Result: ['tests_pass']
The file 'reasoning_transformation_cruxeval/CRUXEval/951a917df7397c9cb698ead54386db6d1db4ffb0/Transformation/sample_730.py' has been formatted successfully.
Checking reasoning_transformation_cruxeval/CRUXEval/951a917df7397c9cb698ead54386db6d1db4ffb0/Transformation/sample_730.py
*Running tests for: sample_730
 
Result: ['tests_pass']
{ 'applicable_rules': [ 'change_var_names',
                        'add_nested_for_out',
                        'add_nested_if',
                        'add_try_except_inside_functions',
                        'add_else_to_for',
                        'add_nested_list',
                        'transform_range_to_recursion',
                        'add_datetime',
                        'add_time',
                        'add_crypto',
                        'add_sklearn',
                        'create_functions',
                        'add_decorator',
                        'add_http',
                        'add_scipy',
                        'add_base64',
                        'add_dateutil',
                        'changing_AugAssign'],
  'diff_output': 'reasoning_transformation_cruxeval/CRUXEval/951a917df7397c9cb698ead54386db6d1db4ffb0/Transformation/sample_730.patch',
  'evaluation_tests_dir': '/home/yang/Benchmark/dataset/cruxeval/',
  'exception': None,
  'file_id': 'sample_730',
  'genetic_algorithm': None,
  'original_code': 'def f(text):\n'
                   '    m = 0\n'
                   '    cnt = 0\n'
                   '    for i in text.split():\n'
                   '        if len(i) > m:\n'
                   '            cnt += 1\n'
                   '            m = len(i)\n'
                   '    return cnt',
  'patch_path': 'reasoning_transformation_cruxeval/CRUXEval/951a917df7397c9cb698ead54386db6d1db4ffb0/Transformation/sample_730.patch',
  'single_rule': None,
  'source_file': '/home/yang/Benchmark/dataset/cruxeval/code//sample_730.py',
  'target_file': 'reasoning_transformation_cruxeval/CRUXEval/951a917df7397c9cb698ead54386db6d1db4ffb0/Transformation/sample_730.py',
  'test_results_after': ['tests_pass'],
  'test_results_before': ['tests_pass'],
  'total_time': 6.418126,
  'transformed_code': 'from dateutil.parser import parse\n'
                      'import base64\n'
                      'from scipy.stats import ttest_ind\n'
                      'from http.client import HTTPConnection\n'
                      '\n'
                      'def my_decorator(func):\n'
                      "    parse('2024-10-19 23:40:14')\n"
                      '    ttest_ind([77, 6, 21], [21, 7, 100])\n'
                      '\n'
                      '    def dec_result(*args, **kwargs):\n'
                      '        res = func(*args, **kwargs)\n'
                      '        return res\n'
                      "    base64.b64encode(b'87252110676090112332')\n"
                      '    return dec_result\n'
                      '\n'
                      '@my_decorator\n'
                      'def newFunc_BinOp0(a, b):\n'
                      '    return a & b\n'
                      'from sklearn.utils import shuffle\n'
                      'from cryptography.fernet import Fernet\n'
                      'import time\n'
                      'import datetime\n'
                      '\n'
                      'def f(text):\n'
                      '    Fernet.generate_key()\n'
                      '    datetime.datetime.now()\n'
                      "    HTTPConnection('google.com', port=80)\n"
                      '    shuffle([82, 24, 15])\n'
                      '    time.sleep(0.2)\n'
                      '    try:\n'
                      '        m = [0][0]\n'
                      '        cnt = 0\n'
                      '        LoopChecker14 = 379\n'
                      '        LoopChecker24 = 378\n'
                      '        ConditionChecker18 = 725\n'
                      '        ConditionChecker28 = 667\n'
                      '\n'
                      '        def loop_9_8(LoopIndexOut, stop, step):\n'
                      '            nonlocal m, cnt\n'
                      '            if step == 0 or (step > 0 and LoopIndexOut '
                      '>= stop) or (step < 0 and LoopIndexOut <= stop):\n'
                      '                return\n'
                      '            for newi_1 in text.split():\n'
                      '                if newFunc_BinOp0(ConditionChecker18, '
                      'ConditionChecker28):\n'
                      '                    if len(newi_1) > m:\n'
                      '                        cnt = cnt + 1\n'
                      '                        m = len(newi_1)\n'
                      '            loop_9_8(LoopIndexOut + step, stop, step)\n'
                      '        loop_9_8(0, LoopChecker14 // LoopChecker24, 1)\n'
                      '        return cnt\n'
                      '    except:\n'
                      '        pass'}
[END] processing file: sample_730. Total Time: 6.418126
END AT 2024-10-19 23:40:16.010772
