STARTING AT 2024-10-19 22:24:37.731713
[START] processing file: sample_371
*Running tests for: sample_371
 
Result: ['tests_pass']
tests_pass sample_371 /home/yang/Benchmark/dataset/cruxeval/code//sample_371.py
Apply all rules on a single file.
Checking transformation add_nested_for_out
*Running tests for: sample_371
 
Result: ['tests_pass']
Checking transformation add_nested_if
*Running tests for: sample_371
 Traceback (most recent call last):
  File "/home/yang/Benchmark/.tmp_test/tmp_test.pysample_371", line 15, in <module>
    assert f([11, 21, 0, 11]) == 0
AssertionError

output_actual, stderr_data: ('', b'Traceback (most recent call last):\n  File "/home/yang/Benchmark/.tmp_test/tmp_test.pysample_371", line 15, in <module>\n    assert f([11, 21, 0, 11]) == 0\nAssertionError\n')
Result: ['error_or_timeout']
Drop add_nested_if due to ['error_or_timeout']
Checking transformation add_nested_list
*Running tests for: sample_371
 
Result: ['tests_pass']
Checking transformation transform_range_to_recursion
*Running tests for: sample_371
 
Result: ['tests_pass']
Checking transformation add_datetime
*Running tests for: sample_371
 
Result: ['tests_pass']
Checking transformation add_time
*Running tests for: sample_371
 
Result: ['tests_pass']
Checking transformation create_functions
*Running tests for: sample_371
 
Result: ['tests_pass']
Checking transformation add_decorator
*Running tests for: sample_371
 
Result: ['tests_pass']
Checking transformation add_http
*Running tests for: sample_371
 
Result: ['tests_pass']
Checking transformation add_scipy
*Running tests for: sample_371
 
Result: ['tests_pass']
Checking transformation add_base64
*Running tests for: sample_371
 
Result: ['tests_pass']
Checking transformation add_dateutil
*Running tests for: sample_371
 
Result: ['tests_pass']
The file 'reasoning_transformation_cruxeval/CRUXEval/e1f735e05ec0002c7d6ed7d62be776995bf4ddf4/Transformation/sample_371.py' has been formatted successfully.
Checking reasoning_transformation_cruxeval/CRUXEval/e1f735e05ec0002c7d6ed7d62be776995bf4ddf4/Transformation/sample_371.py
*Running tests for: sample_371
 
Result: ['tests_pass']
{ 'applicable_rules': [ 'change_var_names',
                        'add_nested_for_out',
                        'add_try_except_inside_functions',
                        'add_else_to_for',
                        'add_nested_list',
                        'transform_range_to_recursion',
                        'add_datetime',
                        'add_time',
                        'add_crypto',
                        'add_sklearn',
                        'create_functions',
                        'add_decorator',
                        'add_http',
                        'add_scipy',
                        'add_base64',
                        'add_dateutil',
                        'changing_AugAssign'],
  'diff_output': 'reasoning_transformation_cruxeval/CRUXEval/e1f735e05ec0002c7d6ed7d62be776995bf4ddf4/Transformation/sample_371.patch',
  'evaluation_tests_dir': '/home/yang/Benchmark/dataset/cruxeval/',
  'exception': None,
  'file_id': 'sample_371',
  'genetic_algorithm': None,
  'original_code': 'def f(nums):\n'
                   '    for odd in nums[:]:\n'
                   '        if odd % 2 != 0:\n'
                   '            nums.remove(odd)\n'
                   '    sum_ = 0\n'
                   '    for num in nums:\n'
                   '        sum_ += num\n'
                   '    return sum_',
  'patch_path': 'reasoning_transformation_cruxeval/CRUXEval/e1f735e05ec0002c7d6ed7d62be776995bf4ddf4/Transformation/sample_371.patch',
  'single_rule': None,
  'source_file': '/home/yang/Benchmark/dataset/cruxeval/code//sample_371.py',
  'target_file': 'reasoning_transformation_cruxeval/CRUXEval/e1f735e05ec0002c7d6ed7d62be776995bf4ddf4/Transformation/sample_371.py',
  'test_results_after': ['tests_pass'],
  'test_results_before': ['tests_pass'],
  'total_time': 5.141976,
  'transformed_code': 'from dateutil.parser import parse\n'
                      'import base64\n'
                      'from scipy.stats import ttest_ind\n'
                      'from http.client import HTTPConnection\n'
                      '\n'
                      'def my_decorator(func):\n'
                      "    HTTPConnection('google.com', port=80)\n"
                      "    base64.b64encode(b'81050831780401405652')\n"
                      "    parse('2024-10-19 22:24:41')\n"
                      '\n'
                      '    def dec_result(*args, **kwargs):\n'
                      '        res = func(*args, **kwargs)\n'
                      '        return res\n'
                      '    return dec_result\n'
                      '\n'
                      '@my_decorator\n'
                      'def newFunc_BinOp0(a, b):\n'
                      '    return a % b\n'
                      'from sklearn.utils import shuffle\n'
                      'from cryptography.fernet import Fernet\n'
                      'import time\n'
                      'import datetime\n'
                      '\n'
                      'def f(nums):\n'
                      '    time.sleep(0.06)\n'
                      '    datetime.datetime.now()\n'
                      '    Fernet.generate_key()\n'
                      '    ttest_ind([3, 10, 50], [41, 46, 81])\n'
                      '    shuffle([30, 77, 60])\n'
                      '    try:\n'
                      '        LoopChecker12 = [145][0]\n'
                      '        LoopChecker22 = 144\n'
                      '\n'
                      '        def loop_5_8(LoopIndexOut, stop, step):\n'
                      '            if step == 0 or (step > 0 and LoopIndexOut '
                      '>= stop) or (step < 0 and LoopIndexOut <= stop):\n'
                      '                return\n'
                      '            for odd in nums[:]:\n'
                      '                if newFunc_BinOp0(odd, 2) != 0:\n'
                      '                    nums.remove(odd)\n'
                      '            loop_5_8(LoopIndexOut + step, stop, step)\n'
                      '        loop_5_8(0, LoopChecker12 // LoopChecker22, 1)\n'
                      '        newsum__1 = 0\n'
                      '        for num in nums:\n'
                      '            newsum__1 = newsum__1 + num\n'
                      '        return newsum__1\n'
                      '    except:\n'
                      '        pass'}
[END] processing file: sample_371. Total Time: 5.141976
END AT 2024-10-19 22:24:42.874862
