STARTING AT 2024-10-19 22:45:31.816739
[START] processing file: sample_558
*Running tests for: sample_558
 
Result: ['tests_pass']
tests_pass sample_558 /home/yang/Benchmark/dataset/cruxeval/code//sample_558.py
Apply all rules on a single file.
Checking transformation add_nested_for_out
*Running tests for: sample_558
 
Result: ['tests_pass']
Checking transformation add_nested_if
*Running tests for: sample_558
 
Result: ['tests_pass']
Checking transformation add_nested_list
*Running tests for: sample_558
 
Result: ['tests_pass']
Checking transformation transform_range_to_recursion
*Running tests for: sample_558
 
Result: ['tests_pass']
Checking transformation add_datetime
*Running tests for: sample_558
 
Result: ['tests_pass']
Checking transformation add_time
*Running tests for: sample_558
 
Result: ['tests_pass']
Checking transformation create_functions
*Running tests for: sample_558
 
Result: ['tests_pass']
Checking transformation add_decorator
*Running tests for: sample_558
 
Result: ['tests_pass']
Checking transformation add_http
*Running tests for: sample_558
 
Result: ['tests_pass']
Checking transformation add_scipy
*Running tests for: sample_558
 
Result: ['tests_pass']
Checking transformation add_base64
*Running tests for: sample_558
 
Result: ['tests_pass']
Checking transformation add_dateutil
*Running tests for: sample_558
 
Result: ['tests_pass']
The file 'reasoning_transformation_cruxeval/CRUXEval/e1f735e05ec0002c7d6ed7d62be776995bf4ddf4/Transformation/sample_558.py' has been formatted successfully.
Checking reasoning_transformation_cruxeval/CRUXEval/e1f735e05ec0002c7d6ed7d62be776995bf4ddf4/Transformation/sample_558.py
*Running tests for: sample_558
 
Result: ['tests_pass']
{ 'applicable_rules': [ 'change_var_names',
                        'add_nested_for_out',
                        'add_nested_if',
                        'add_try_except_inside_functions',
                        'add_else_to_for',
                        'add_nested_list',
                        'transform_range_to_recursion',
                        'add_datetime',
                        'add_time',
                        'add_crypto',
                        'add_sklearn',
                        'create_functions',
                        'add_decorator',
                        'add_http',
                        'add_scipy',
                        'add_base64',
                        'add_dateutil'],
  'diff_output': 'reasoning_transformation_cruxeval/CRUXEval/e1f735e05ec0002c7d6ed7d62be776995bf4ddf4/Transformation/sample_558.patch',
  'evaluation_tests_dir': '/home/yang/Benchmark/dataset/cruxeval/',
  'exception': None,
  'file_id': 'sample_558',
  'genetic_algorithm': None,
  'original_code': 'def f(nums, mos):\n'
                   '    for num in mos:\n'
                   '        nums.pop(nums.index(num))\n'
                   '    nums.sort()\n'
                   '    for num in mos:\n'
                   '        nums += [num]\n'
                   '    for i in range(len(nums) - 1):\n'
                   '        if nums[i] > nums[i + 1]:\n'
                   '            return False\n'
                   '    return True',
  'patch_path': 'reasoning_transformation_cruxeval/CRUXEval/e1f735e05ec0002c7d6ed7d62be776995bf4ddf4/Transformation/sample_558.patch',
  'single_rule': None,
  'source_file': '/home/yang/Benchmark/dataset/cruxeval/code//sample_558.py',
  'target_file': 'reasoning_transformation_cruxeval/CRUXEval/e1f735e05ec0002c7d6ed7d62be776995bf4ddf4/Transformation/sample_558.py',
  'test_results_after': ['tests_pass'],
  'test_results_before': ['tests_pass'],
  'total_time': 5.928782,
  'transformed_code': 'from dateutil.parser import parse\n'
                      'import base64\n'
                      'from scipy.stats import ttest_ind\n'
                      'from http.client import HTTPConnection\n'
                      '\n'
                      'def my_decorator(func):\n'
                      "    base64.b64encode(b'37455865158270653011')\n"
                      "    HTTPConnection('google.com', port=80)\n"
                      '\n'
                      '    def dec_result(*args, **kwargs):\n'
                      '        res = func(*args, **kwargs)\n'
                      '        return res\n'
                      '    return dec_result\n'
                      '\n'
                      '@my_decorator\n'
                      'def newFunc_BinOp0(a, b):\n'
                      '    ttest_ind([47, 18, 67], [6, 41, 27])\n'
                      '    return a + b\n'
                      'from sklearn.utils import shuffle\n'
                      'from cryptography.fernet import Fernet\n'
                      'import time\n'
                      'import datetime\n'
                      '\n'
                      'def f(newnums_1, mos):\n'
                      '    time.sleep(0.16)\n'
                      '    Fernet.generate_key()\n'
                      '    shuffle([62, 99, 55])\n'
                      '    datetime.datetime.now()\n'
                      "    parse('2024-10-19 22:45:36')\n"
                      '    try:\n'
                      '        LoopChecker12 = [321][0]\n'
                      '        LoopChecker22 = 320\n'
                      '\n'
                      '        def loop_5_8(LoopIndexOut, stop, step):\n'
                      '            if step == 0 or (step > 0 and LoopIndexOut '
                      '>= stop) or (step < 0 and LoopIndexOut <= stop):\n'
                      '                return\n'
                      '            for num in mos:\n'
                      '                newnums_1.pop(newnums_1.index(num))\n'
                      '            loop_5_8(newFunc_BinOp0(LoopIndexOut, '
                      'step), stop, step)\n'
                      '        loop_5_8(0, LoopChecker12 // LoopChecker22, 1)\n'
                      '        newnums_1.sort()\n'
                      '        for num in mos:\n'
                      '            newnums_1 += [num]\n'
                      '        ConditionChecker111 = 140\n'
                      '        ConditionChecker211 = 229\n'
                      '        for i in range(len(newnums_1) - 1):\n'
                      '            if ConditionChecker111 & '
                      'ConditionChecker211:\n'
                      '                if newnums_1[i] > newnums_1[i + 1]:\n'
                      '                    return False\n'
                      '        return True\n'
                      '    except:\n'
                      '        pass'}
[END] processing file: sample_558. Total Time: 5.928782
END AT 2024-10-19 22:45:37.746826
