STARTING AT 2024-10-19 21:52:51.806371
[START] processing file: sample_104
*Running tests for: sample_104
 
Result: ['tests_pass']
tests_pass sample_104 /home/yang/Benchmark/dataset/cruxeval/code//sample_104.py
Apply all rules on a single file.
Checking transformation add_nested_for_out
*Running tests for: sample_104
 
Result: ['tests_pass']
Checking transformation add_nested_if
*Running tests for: sample_104
 
Result: ['tests_pass']
Checking transformation add_nested_list
*Running tests for: sample_104
 
Result: ['tests_pass']
Checking transformation transform_range_to_recursion
*Running tests for: sample_104
 
Result: ['tests_pass']
Checking transformation add_datetime
*Running tests for: sample_104
 
Result: ['tests_pass']
Checking transformation add_time
*Running tests for: sample_104
 
Result: ['tests_pass']
Checking transformation create_functions
*Running tests for: sample_104
 
Result: ['tests_pass']
Checking transformation add_decorator
*Running tests for: sample_104
 
Result: ['tests_pass']
Checking transformation add_http
*Running tests for: sample_104
 
Result: ['tests_pass']
Checking transformation add_scipy
*Running tests for: sample_104
 
Result: ['tests_pass']
Checking transformation add_base64
*Running tests for: sample_104
 
Result: ['tests_pass']
Checking transformation add_dateutil
*Running tests for: sample_104
 
Result: ['tests_pass']
The file 'reasoning_transformation_cruxeval/CRUXEval/e1f735e05ec0002c7d6ed7d62be776995bf4ddf4/Transformation/sample_104.py' has been formatted successfully.
Checking reasoning_transformation_cruxeval/CRUXEval/e1f735e05ec0002c7d6ed7d62be776995bf4ddf4/Transformation/sample_104.py
*Running tests for: sample_104
 
Result: ['tests_pass']
{ 'applicable_rules': [ 'change_var_names',
                        'add_nested_for_out',
                        'add_nested_if',
                        'add_try_except_inside_functions',
                        'add_else_to_for',
                        'add_nested_list',
                        'transform_range_to_recursion',
                        'add_datetime',
                        'add_time',
                        'add_crypto',
                        'add_sklearn',
                        'create_functions',
                        'add_decorator',
                        'add_http',
                        'add_scipy',
                        'add_base64',
                        'add_dateutil'],
  'diff_output': 'reasoning_transformation_cruxeval/CRUXEval/e1f735e05ec0002c7d6ed7d62be776995bf4ddf4/Transformation/sample_104.patch',
  'evaluation_tests_dir': '/home/yang/Benchmark/dataset/cruxeval/',
  'exception': None,
  'file_id': 'sample_104',
  'genetic_algorithm': None,
  'original_code': 'def f(text):\n'
                   '    dic = dict()\n'
                   '    for char in text:\n'
                   '        dic[char] = dic.get(char, 0) + 1\n'
                   '    for key in dic:\n'
                   '        if dic[key] > 1:\n'
                   '            dic[key] = 1\n'
                   '    return dic',
  'patch_path': 'reasoning_transformation_cruxeval/CRUXEval/e1f735e05ec0002c7d6ed7d62be776995bf4ddf4/Transformation/sample_104.patch',
  'single_rule': None,
  'source_file': '/home/yang/Benchmark/dataset/cruxeval/code//sample_104.py',
  'target_file': 'reasoning_transformation_cruxeval/CRUXEval/e1f735e05ec0002c7d6ed7d62be776995bf4ddf4/Transformation/sample_104.py',
  'test_results_after': ['tests_pass'],
  'test_results_before': ['tests_pass'],
  'total_time': 5.340767,
  'transformed_code': 'from dateutil.parser import parse\n'
                      'import base64\n'
                      'from scipy.stats import ttest_ind\n'
                      'from http.client import HTTPConnection\n'
                      '\n'
                      'def my_decorator(func):\n'
                      '\n'
                      '    def dec_result(*args, **kwargs):\n'
                      '        res = func(*args, **kwargs)\n'
                      '        return res\n'
                      '    return dec_result\n'
                      '\n'
                      '@my_decorator\n'
                      'def newFunc0_20(variable_3_20, dic, variable_6_20, '
                      'char):\n'
                      "    HTTPConnection('google.com', port=80)\n"
                      '    ttest_ind([91, 40, 80], [9, 4, 55])\n'
                      '    return dic.get(char, variable_6_20) + '
                      'variable_3_20\n'
                      'from sklearn.utils import shuffle\n'
                      'from cryptography.fernet import Fernet\n'
                      'import time\n'
                      'import datetime\n'
                      '\n'
                      'def f(text):\n'
                      '    datetime.datetime.now()\n'
                      "    base64.b64encode(b'96212679541123556944')\n"
                      '    time.sleep(0.08)\n'
                      '    Fernet.generate_key()\n'
                      '    shuffle([1, 14, 6])\n'
                      "    parse('2024-10-19 21:52:55')\n"
                      '    try:\n'
                      '        dic = dict()\n'
                      '        LoopChecker13 = [960][0]\n'
                      '        LoopChecker23 = 959\n'
                      '\n'
                      '        def loop_6_8(LoopIndexOut, stop, step):\n'
                      '            if step == 0 or (step > 0 and LoopIndexOut '
                      '>= stop) or (step < 0 and LoopIndexOut <= stop):\n'
                      '                return\n'
                      '            for char in text:\n'
                      '                variable_3_20 = 1\n'
                      '                variable_6_20 = 0\n'
                      '                dic[char] = newFunc0_20(variable_3_20, '
                      'dic, variable_6_20, char)\n'
                      '            loop_6_8(LoopIndexOut + step, stop, step)\n'
                      '        loop_6_8(0, LoopChecker13 // LoopChecker23, 1)\n'
                      '        ConditionChecker19 = 249\n'
                      '        ConditionChecker29 = 432\n'
                      '        for newkey_1 in dic:\n'
                      '            if ConditionChecker19 & '
                      'ConditionChecker29:\n'
                      '                if dic[newkey_1] > 1:\n'
                      '                    dic[newkey_1] = 1\n'
                      '        return dic\n'
                      '    except:\n'
                      '        pass'}
[END] processing file: sample_104. Total Time: 5.340767
END AT 2024-10-19 21:52:57.148295
