STARTING AT 2024-10-19 22:06:46.658977
[START] processing file: sample_221
*Running tests for: sample_221
 
Result: ['tests_pass']
tests_pass sample_221 /home/yang/Benchmark/dataset/cruxeval/code//sample_221.py
Apply all rules on a single file.
Checking transformation add_datetime
*Running tests for: sample_221
 
Result: ['tests_pass']
Checking transformation add_time
*Running tests for: sample_221
 
Result: ['tests_pass']
def newFunc_7721(arg0, arg1):
    return arg0 + arg1
Checking transformation create_functions
*Running tests for: sample_221
 
Result: ['tests_pass']
Checking transformation add_decorator
*Running tests for: sample_221
 
Result: ['tests_pass']
Checking transformation add_http
*Running tests for: sample_221
 
Result: ['tests_pass']
Checking transformation add_scipy
*Running tests for: sample_221
 
Result: ['tests_pass']
Checking transformation add_base64
*Running tests for: sample_221
 
Result: ['tests_pass']
Checking transformation add_dateutil
*Running tests for: sample_221
 
Result: ['tests_pass']
The file 'reasoning_transformation_cruxeval/CRUXEval/e1f735e05ec0002c7d6ed7d62be776995bf4ddf4/Transformation/sample_221.py' has been formatted successfully.
Checking reasoning_transformation_cruxeval/CRUXEval/e1f735e05ec0002c7d6ed7d62be776995bf4ddf4/Transformation/sample_221.py
*Running tests for: sample_221
 
Result: ['tests_pass']
{ 'applicable_rules': [ 'change_var_names',
                        'add_try_except_inside_functions',
                        'add_datetime',
                        'add_time',
                        'add_crypto',
                        'add_sklearn',
                        'create_functions',
                        'add_decorator',
                        'add_http',
                        'add_scipy',
                        'add_base64',
                        'add_dateutil'],
  'diff_output': 'reasoning_transformation_cruxeval/CRUXEval/e1f735e05ec0002c7d6ed7d62be776995bf4ddf4/Transformation/sample_221.patch',
  'evaluation_tests_dir': '/home/yang/Benchmark/dataset/cruxeval/',
  'exception': None,
  'file_id': 'sample_221',
  'genetic_algorithm': None,
  'original_code': 'def f(text, delim):\n'
                   '    (first, second) = text.split(delim)\n'
                   '    return second + delim + first',
  'patch_path': 'reasoning_transformation_cruxeval/CRUXEval/e1f735e05ec0002c7d6ed7d62be776995bf4ddf4/Transformation/sample_221.patch',
  'single_rule': None,
  'source_file': '/home/yang/Benchmark/dataset/cruxeval/code//sample_221.py',
  'target_file': 'reasoning_transformation_cruxeval/CRUXEval/e1f735e05ec0002c7d6ed7d62be776995bf4ddf4/Transformation/sample_221.py',
  'test_results_after': ['tests_pass'],
  'test_results_before': ['tests_pass'],
  'total_time': 5.646611,
  'transformed_code': 'from dateutil.parser import parse\n'
                      'import base64\n'
                      'from scipy.stats import ttest_ind\n'
                      'from http.client import HTTPConnection\n'
                      '\n'
                      'def my_decorator(func):\n'
                      '\n'
                      '    def dec_result(*args, **kwargs):\n'
                      '        res = func(*args, **kwargs)\n'
                      '        return res\n'
                      '    return dec_result\n'
                      '\n'
                      '@my_decorator\n'
                      'def newFunc_7721(arg0, arg1):\n'
                      "    HTTPConnection('google.com', port=80)\n"
                      "    base64.b64encode(b'63624321330351274774')\n"
                      '    return arg0 + arg1\n'
                      'from sklearn.utils import shuffle\n'
                      'from cryptography.fernet import Fernet\n'
                      'import time\n'
                      'import datetime\n'
                      '\n'
                      'def f(text, delim):\n'
                      '    ttest_ind([40, 99, 3], [61, 11, 14])\n'
                      "    parse('2024-10-19 22:06:50')\n"
                      '    datetime.datetime.now()\n'
                      '    time.sleep(0.14)\n'
                      '    shuffle([8, 4, 91])\n'
                      '    Fernet.generate_key()\n'
                      '    try:\n'
                      '        (first, newsecond_1) = text.split(delim)\n'
                      '        return newFunc_7721(newsecond_1 + delim, '
                      'first)\n'
                      '    except:\n'
                      '        pass'}
[END] processing file: sample_221. Total Time: 5.646611
END AT 2024-10-19 22:06:52.306765
