STARTING AT 2024-10-19 22:29:50.353259
[START] processing file: sample_415
*Running tests for: sample_415
 
Result: ['tests_pass']
tests_pass sample_415 /home/yang/Benchmark/dataset/cruxeval/code//sample_415.py
Apply all rules on a single file.
Checking transformation add_nested_for_out
*Running tests for: sample_415
 
Result: ['tests_pass']
Checking transformation add_nested_if
*Running tests for: sample_415
 
Result: ['tests_pass']
Checking transformation add_nested_list
*Running tests for: sample_415
 
Result: ['tests_pass']
Checking transformation transform_range_to_recursion
*Running tests for: sample_415
 
Result: ['tests_pass']
Checking transformation add_datetime
*Running tests for: sample_415
 
Result: ['tests_pass']
Checking transformation add_time
*Running tests for: sample_415
 
Result: ['tests_pass']
Checking transformation create_functions
*Running tests for: sample_415
 
Result: ['tests_pass']
Checking transformation add_decorator
*Running tests for: sample_415
 
Result: ['tests_pass']
Checking transformation add_http
*Running tests for: sample_415
 
Result: ['tests_pass']
Checking transformation add_scipy
*Running tests for: sample_415
 
Result: ['tests_pass']
Checking transformation add_base64
*Running tests for: sample_415
 
Result: ['tests_pass']
Checking transformation add_dateutil
*Running tests for: sample_415
 
Result: ['tests_pass']
The file 'reasoning_transformation_cruxeval/CRUXEval/e1f735e05ec0002c7d6ed7d62be776995bf4ddf4/Transformation/sample_415.py' has been formatted successfully.
Checking reasoning_transformation_cruxeval/CRUXEval/e1f735e05ec0002c7d6ed7d62be776995bf4ddf4/Transformation/sample_415.py
*Running tests for: sample_415
 
Result: ['tests_pass']
{ 'applicable_rules': [ 'change_var_names',
                        'add_nested_for_out',
                        'add_nested_if',
                        'add_try_except_inside_functions',
                        'add_else_to_for',
                        'add_nested_list',
                        'transform_range_to_recursion',
                        'add_datetime',
                        'add_time',
                        'add_crypto',
                        'add_sklearn',
                        'create_functions',
                        'add_decorator',
                        'add_http',
                        'add_scipy',
                        'add_base64',
                        'add_dateutil'],
  'diff_output': 'reasoning_transformation_cruxeval/CRUXEval/e1f735e05ec0002c7d6ed7d62be776995bf4ddf4/Transformation/sample_415.patch',
  'evaluation_tests_dir': '/home/yang/Benchmark/dataset/cruxeval/',
  'exception': None,
  'file_id': 'sample_415',
  'genetic_algorithm': None,
  'original_code': 'def f(array):\n'
                   '    d = dict(array)\n'
                   '    for (key, value) in d.items():\n'
                   '        if value < 0 or value > 9:\n'
                   '            return None\n'
                   '    return d',
  'patch_path': 'reasoning_transformation_cruxeval/CRUXEval/e1f735e05ec0002c7d6ed7d62be776995bf4ddf4/Transformation/sample_415.patch',
  'single_rule': None,
  'source_file': '/home/yang/Benchmark/dataset/cruxeval/code//sample_415.py',
  'target_file': 'reasoning_transformation_cruxeval/CRUXEval/e1f735e05ec0002c7d6ed7d62be776995bf4ddf4/Transformation/sample_415.py',
  'test_results_after': ['tests_pass'],
  'test_results_before': ['tests_pass'],
  'total_time': 6.302745,
  'transformed_code': 'from dateutil.parser import parse\n'
                      'import base64\n'
                      'from scipy.stats import ttest_ind\n'
                      'from http.client import HTTPConnection\n'
                      '\n'
                      'def my_decorator(func):\n'
                      "    parse('2024-10-19 22:29:54')\n"
                      '\n'
                      '    def dec_result(*args, **kwargs):\n'
                      '        res = func(*args, **kwargs)\n'
                      '        return res\n'
                      '    return dec_result\n'
                      '\n'
                      '@my_decorator\n'
                      'def newFunc_BinOp0(a, b):\n'
                      "    base64.b64encode(b'35855931518648102823')\n"
                      "    HTTPConnection('google.com', port=80)\n"
                      '    return a & b\n'
                      'from sklearn.utils import shuffle\n'
                      'from cryptography.fernet import Fernet\n'
                      'import time\n'
                      'import datetime\n'
                      '\n'
                      'def f(array):\n'
                      '    shuffle([5, 32, 48])\n'
                      '    datetime.datetime.now()\n'
                      '    time.sleep(0.21)\n'
                      '    ttest_ind([72, 90, 3], [54, 52, 82])\n'
                      '    Fernet.generate_key()\n'
                      '    try:\n'
                      '        newd_1 = dict(array)\n'
                      '        LoopChecker13 = [141][0]\n'
                      '        LoopChecker23 = 140\n'
                      '        ConditionChecker17 = 813\n'
                      '        ConditionChecker27 = 200\n'
                      '\n'
                      '        def loop_8_8(LoopIndexOut, stop, step):\n'
                      '            if step == 0 or (step > 0 and LoopIndexOut '
                      '>= stop) or (step < 0 and LoopIndexOut <= stop):\n'
                      '                return\n'
                      '            for (key, value) in newd_1.items():\n'
                      '                if newFunc_BinOp0(ConditionChecker17, '
                      'ConditionChecker27):\n'
                      '                    if value < 0 or value > 9:\n'
                      '                        return None\n'
                      '            loop_8_8(LoopIndexOut + step, stop, step)\n'
                      '        loop_8_8(0, LoopChecker13 // LoopChecker23, 1)\n'
                      '        return newd_1\n'
                      '    except:\n'
                      '        pass'}
[END] processing file: sample_415. Total Time: 6.302745
END AT 2024-10-19 22:29:56.657160
