STARTING AT 2024-10-19 22:09:02.638744
[START] processing file: sample_23
*Running tests for: sample_23
 
Result: ['tests_pass']
tests_pass sample_23 /home/yang/Benchmark/dataset/cruxeval/code//sample_23.py
Apply all rules on a single file.
Checking transformation add_nested_if
*Running tests for: sample_23
 
Result: ['tests_pass']
Checking transformation add_nested_list
*Running tests for: sample_23
 
Result: ['tests_pass']
Checking transformation add_datetime
*Running tests for: sample_23
 
Result: ['tests_pass']
Checking transformation add_time
*Running tests for: sample_23
 
Result: ['tests_pass']
Checking transformation create_functions
*Running tests for: sample_23
 
Result: ['tests_pass']
Checking transformation add_decorator
*Running tests for: sample_23
 
Result: ['tests_pass']
Checking transformation add_http
*Running tests for: sample_23
 
Result: ['tests_pass']
Checking transformation add_scipy
*Running tests for: sample_23
 
Result: ['tests_pass']
Checking transformation add_base64
*Running tests for: sample_23
 
Result: ['tests_pass']
Checking transformation add_dateutil
*Running tests for: sample_23
 
Result: ['tests_pass']
The file 'reasoning_transformation_cruxeval/CRUXEval/e1f735e05ec0002c7d6ed7d62be776995bf4ddf4/Transformation/sample_23.py' has been formatted successfully.
Checking reasoning_transformation_cruxeval/CRUXEval/e1f735e05ec0002c7d6ed7d62be776995bf4ddf4/Transformation/sample_23.py
*Running tests for: sample_23
 
Result: ['tests_pass']
{ 'applicable_rules': [ 'change_var_names',
                        'add_nested_if',
                        'add_try_except_inside_functions',
                        'add_nested_list',
                        'add_datetime',
                        'add_time',
                        'add_crypto',
                        'add_sklearn',
                        'create_functions',
                        'add_decorator',
                        'add_http',
                        'add_scipy',
                        'add_base64',
                        'add_dateutil'],
  'diff_output': 'reasoning_transformation_cruxeval/CRUXEval/e1f735e05ec0002c7d6ed7d62be776995bf4ddf4/Transformation/sample_23.patch',
  'evaluation_tests_dir': '/home/yang/Benchmark/dataset/cruxeval/',
  'exception': None,
  'file_id': 'sample_23',
  'genetic_algorithm': None,
  'original_code': 'def f(text, chars):\n'
                   '    if chars:\n'
                   '        text = text.rstrip(chars)\n'
                   '    else:\n'
                   "        text = text.rstrip(' ')\n"
                   "    if text == '':\n"
                   "        return '-'\n"
                   '    return text',
  'patch_path': 'reasoning_transformation_cruxeval/CRUXEval/e1f735e05ec0002c7d6ed7d62be776995bf4ddf4/Transformation/sample_23.patch',
  'single_rule': None,
  'source_file': '/home/yang/Benchmark/dataset/cruxeval/code//sample_23.py',
  'target_file': 'reasoning_transformation_cruxeval/CRUXEval/e1f735e05ec0002c7d6ed7d62be776995bf4ddf4/Transformation/sample_23.py',
  'test_results_after': ['tests_pass'],
  'test_results_before': ['tests_pass'],
  'total_time': 6.151273,
  'transformed_code': 'from dateutil.parser import parse\n'
                      'import base64\n'
                      'from scipy.stats import ttest_ind\n'
                      'from http.client import HTTPConnection\n'
                      '\n'
                      'def my_decorator(func):\n'
                      '    ttest_ind([28, 94, 99], [3, 49, 90])\n'
                      '\n'
                      '    def dec_result(*args, **kwargs):\n'
                      '        res = func(*args, **kwargs)\n'
                      '        return res\n'
                      "    base64.b64encode(b'90430092489806644190')\n"
                      "    HTTPConnection('google.com', port=80)\n"
                      '    return dec_result\n'
                      '\n'
                      '@my_decorator\n'
                      'def newFunc_BinOp0(a, b):\n'
                      '    return a & b\n'
                      'from sklearn.utils import shuffle\n'
                      'from cryptography.fernet import Fernet\n'
                      'import time\n'
                      'import datetime\n'
                      '\n'
                      'def f(newtext_1, chars):\n'
                      '    shuffle([52, 76, 27])\n'
                      "    parse('2024-10-19 22:09:07')\n"
                      '    datetime.datetime.now()\n'
                      '    time.sleep(0.17)\n'
                      '    Fernet.generate_key()\n'
                      '    try:\n'
                      '        ConditionChecker12 = [487][0]\n'
                      '        ConditionChecker22 = 657\n'
                      '        if newFunc_BinOp0(ConditionChecker12, '
                      'ConditionChecker22):\n'
                      '            if chars:\n'
                      '                newtext_1 = newtext_1.rstrip(chars)\n'
                      '            else:\n'
                      "                newtext_1 = newtext_1.rstrip(' ')\n"
                      "        if newtext_1 == '':\n"
                      "            return '-'\n"
                      '        return newtext_1\n'
                      '    except:\n'
                      '        pass'}
[END] processing file: sample_23. Total Time: 6.151273
END AT 2024-10-19 22:09:08.791574
