STARTING AT 2024-10-19 22:32:46.704517
[START] processing file: sample_440
*Running tests for: sample_440
 
Result: ['tests_pass']
tests_pass sample_440 /home/yang/Benchmark/dataset/cruxeval/code//sample_440.py
Apply all rules on a single file.
Checking transformation add_nested_if
*Running tests for: sample_440
 
Result: ['tests_pass']
Checking transformation add_nested_list
*Running tests for: sample_440
 
Result: ['tests_pass']
Checking transformation add_datetime
*Running tests for: sample_440
 
Result: ['tests_pass']
Checking transformation add_time
*Running tests for: sample_440
 
Result: ['tests_pass']
Checking transformation create_functions
*Running tests for: sample_440
 
Result: ['tests_pass']
Checking transformation add_decorator
*Running tests for: sample_440
 
Result: ['tests_pass']
Checking transformation add_http
*Running tests for: sample_440
 
Result: ['tests_pass']
Checking transformation add_scipy
*Running tests for: sample_440
 
Result: ['tests_pass']
Checking transformation add_base64
*Running tests for: sample_440
 
Result: ['tests_pass']
Checking transformation add_dateutil
*Running tests for: sample_440
 
Result: ['tests_pass']
The file 'reasoning_transformation_cruxeval/CRUXEval/e1f735e05ec0002c7d6ed7d62be776995bf4ddf4/Transformation/sample_440.py' has been formatted successfully.
Checking reasoning_transformation_cruxeval/CRUXEval/e1f735e05ec0002c7d6ed7d62be776995bf4ddf4/Transformation/sample_440.py
*Running tests for: sample_440
 
Result: ['tests_pass']
{ 'applicable_rules': [ 'add_nested_if',
                        'add_try_except_inside_functions',
                        'add_nested_list',
                        'add_datetime',
                        'add_time',
                        'add_crypto',
                        'add_sklearn',
                        'create_functions',
                        'add_decorator',
                        'add_http',
                        'add_scipy',
                        'add_base64',
                        'add_dateutil'],
  'diff_output': 'reasoning_transformation_cruxeval/CRUXEval/e1f735e05ec0002c7d6ed7d62be776995bf4ddf4/Transformation/sample_440.patch',
  'evaluation_tests_dir': '/home/yang/Benchmark/dataset/cruxeval/',
  'exception': None,
  'file_id': 'sample_440',
  'genetic_algorithm': None,
  'original_code': 'def f(text):\n'
                   '    if text.isdecimal():\n'
                   "        return 'yes'\n"
                   '    else:\n'
                   "        return 'no'",
  'patch_path': 'reasoning_transformation_cruxeval/CRUXEval/e1f735e05ec0002c7d6ed7d62be776995bf4ddf4/Transformation/sample_440.patch',
  'single_rule': None,
  'source_file': '/home/yang/Benchmark/dataset/cruxeval/code//sample_440.py',
  'target_file': 'reasoning_transformation_cruxeval/CRUXEval/e1f735e05ec0002c7d6ed7d62be776995bf4ddf4/Transformation/sample_440.py',
  'test_results_after': ['tests_pass'],
  'test_results_before': ['tests_pass'],
  'total_time': 6.889801,
  'transformed_code': 'from dateutil.parser import parse\n'
                      'import base64\n'
                      'from scipy.stats import ttest_ind\n'
                      'from http.client import HTTPConnection\n'
                      '\n'
                      'def my_decorator(func):\n'
                      '    ttest_ind([61, 66, 33], [92, 5, 40])\n'
                      '\n'
                      '    def dec_result(*args, **kwargs):\n'
                      '        res = func(*args, **kwargs)\n'
                      '        return res\n'
                      '    return dec_result\n'
                      '\n'
                      '@my_decorator\n'
                      'def newFunc_BinOp0(a, b):\n'
                      "    parse('2024-10-19 22:32:51')\n"
                      "    HTTPConnection('google.com', port=80)\n"
                      '    return a & b\n'
                      'from sklearn.utils import shuffle\n'
                      'from cryptography.fernet import Fernet\n'
                      'import time\n'
                      'import datetime\n'
                      '\n'
                      'def f(text):\n'
                      '    time.sleep(0.3)\n'
                      '    Fernet.generate_key()\n'
                      '    datetime.datetime.now()\n'
                      "    base64.b64encode(b'02711543768782189611')\n"
                      '    shuffle([79, 43, 70])\n'
                      '    try:\n'
                      '        ConditionChecker12 = [189][0]\n'
                      '        ConditionChecker22 = 442\n'
                      '        if newFunc_BinOp0(ConditionChecker12, '
                      'ConditionChecker22):\n'
                      '            if text.isdecimal():\n'
                      "                return 'yes'\n"
                      '            else:\n'
                      "                return 'no'\n"
                      '    except:\n'
                      '        pass'}
[END] processing file: sample_440. Total Time: 6.889801
END AT 2024-10-19 22:32:53.596406
