STARTING AT 2024-10-19 22:10:59.021649
[START] processing file: sample_256
*Running tests for: sample_256
 
Result: ['tests_pass']
tests_pass sample_256 /home/yang/Benchmark/dataset/cruxeval/code//sample_256.py
Apply all rules on a single file.
Checking transformation add_nested_while_out
*Running tests for: sample_256
 
Result: ['tests_pass']
Checking transformation add_nested_if
*Running tests for: sample_256
 
Result: ['tests_pass']
Checking transformation add_nested_list
*Running tests for: sample_256
 
Result: ['tests_pass']
Checking transformation add_datetime
*Running tests for: sample_256
 
Result: ['tests_pass']
Checking transformation add_time
*Running tests for: sample_256
 
Result: ['tests_pass']
Checking transformation create_functions
*Running tests for: sample_256
 
Result: ['tests_pass']
Checking transformation add_decorator
*Running tests for: sample_256
 
Result: ['tests_pass']
Checking transformation add_http
*Running tests for: sample_256
 
Result: ['tests_pass']
Checking transformation add_scipy
*Running tests for: sample_256
 
Result: ['tests_pass']
Checking transformation add_base64
*Running tests for: sample_256
 
Result: ['tests_pass']
Checking transformation add_dateutil
*Running tests for: sample_256
 
Result: ['tests_pass']
The file 'reasoning_transformation_cruxeval/CRUXEval/e1f735e05ec0002c7d6ed7d62be776995bf4ddf4/Transformation/sample_256.py' has been formatted successfully.
Checking reasoning_transformation_cruxeval/CRUXEval/e1f735e05ec0002c7d6ed7d62be776995bf4ddf4/Transformation/sample_256.py
*Running tests for: sample_256
 
Result: ['tests_pass']
{ 'applicable_rules': [ 'change_var_names',
                        'add_nested_while_out',
                        'add_nested_if',
                        'add_try_except_inside_functions',
                        'add_else_to_while',
                        'add_nested_list',
                        'add_datetime',
                        'add_time',
                        'add_crypto',
                        'add_sklearn',
                        'create_functions',
                        'add_decorator',
                        'add_http',
                        'add_scipy',
                        'add_base64',
                        'add_dateutil',
                        'changing_AugAssign'],
  'diff_output': 'reasoning_transformation_cruxeval/CRUXEval/e1f735e05ec0002c7d6ed7d62be776995bf4ddf4/Transformation/sample_256.patch',
  'evaluation_tests_dir': '/home/yang/Benchmark/dataset/cruxeval/',
  'exception': None,
  'file_id': 'sample_256',
  'genetic_algorithm': None,
  'original_code': 'def f(text, sub):\n'
                   '    a = 0\n'
                   '    b = len(text) - 1\n'
                   '    while a <= b:\n'
                   '        c = (a + b) // 2\n'
                   '        if text.rfind(sub) >= c:\n'
                   '            a = c + 1\n'
                   '        else:\n'
                   '            b = c - 1\n'
                   '    return a',
  'patch_path': 'reasoning_transformation_cruxeval/CRUXEval/e1f735e05ec0002c7d6ed7d62be776995bf4ddf4/Transformation/sample_256.patch',
  'single_rule': None,
  'source_file': '/home/yang/Benchmark/dataset/cruxeval/code//sample_256.py',
  'target_file': 'reasoning_transformation_cruxeval/CRUXEval/e1f735e05ec0002c7d6ed7d62be776995bf4ddf4/Transformation/sample_256.py',
  'test_results_after': ['tests_pass'],
  'test_results_before': ['tests_pass'],
  'total_time': 6.723576,
  'transformed_code': 'from dateutil.parser import parse\n'
                      'import base64\n'
                      'from scipy.stats import ttest_ind\n'
                      'from http.client import HTTPConnection\n'
                      '\n'
                      'def my_decorator(func):\n'
                      "    base64.b64encode(b'05061904623346958450')\n"
                      '\n'
                      '    def dec_result(*args, **kwargs):\n'
                      '        res = func(*args, **kwargs)\n'
                      '        return res\n'
                      '    return dec_result\n'
                      '\n'
                      '@my_decorator\n'
                      'def newFunc0_13(variable_3_13, len, text):\n'
                      '    return len(text) - variable_3_13\n'
                      'from sklearn.utils import shuffle\n'
                      'from cryptography.fernet import Fernet\n'
                      'import time\n'
                      'import datetime\n'
                      '\n'
                      'def f(text, sub):\n'
                      '    shuffle([89, 47, 81])\n'
                      '    Fernet.generate_key()\n'
                      '    time.sleep(0.27)\n'
                      '    datetime.datetime.now()\n'
                      "    HTTPConnection('google.com', port=80)\n"
                      "    parse('2024-10-19 22:11:03')\n"
                      '    ttest_ind([17, 58, 65], [13, 16, 60])\n'
                      '    try:\n'
                      '        a = [0][0]\n'
                      '        variable_3_13 = 1\n'
                      '        newb_1 = newFunc0_13(variable_3_13, len, text)\n'
                      '        whileloopchecker14 = 746\n'
                      '        whileloopchecker24 = 745\n'
                      '        while whileloopchecker14 % whileloopchecker24 '
                      '== 1:\n'
                      '            whileloopchecker14 = whileloopchecker14 + '
                      '1\n'
                      '            while a <= newb_1:\n'
                      '                ConditionChecker110 = 32\n'
                      '                ConditionChecker210 = 942\n'
                      '                c = (a + newb_1) // 2\n'
                      '                if ConditionChecker110 & '
                      'ConditionChecker210:\n'
                      '                    if text.rfind(sub) >= c:\n'
                      '                        a = c + 1\n'
                      '                    else:\n'
                      '                        newb_1 = c - 1\n'
                      '        else:\n'
                      '            pass\n'
                      '        return a\n'
                      '    except:\n'
                      '        pass'}
[END] processing file: sample_256. Total Time: 6.723576
END AT 2024-10-19 22:11:05.746403
