STARTING AT 2024-10-19 22:17:22.527150
[START] processing file: sample_30
*Running tests for: sample_30
 
Result: ['tests_pass']
tests_pass sample_30 /home/yang/Benchmark/dataset/cruxeval/code//sample_30.py
Apply all rules on a single file.
Checking transformation add_nested_for_out
*Running tests for: sample_30
 
Result: ['tests_pass']
Checking transformation add_nested_if
*Running tests for: sample_30
 Traceback (most recent call last):
  File "/home/yang/Benchmark/.tmp_test/tmp_test.pysample_30", line 13, in <module>
    assert f(["a", "b", "c"]) == ['a', 'b', 'c']
AssertionError

output_actual, stderr_data: ('', b'Traceback (most recent call last):\n  File "/home/yang/Benchmark/.tmp_test/tmp_test.pysample_30", line 13, in <module>\n    assert f(["a", "b", "c"]) == [\'a\', \'b\', \'c\']\nAssertionError\n')
Result: ['error_or_timeout']
Drop add_nested_if due to ['error_or_timeout']
Checking transformation add_nested_list
*Running tests for: sample_30
 
Result: ['tests_pass']
Checking transformation transform_range_to_recursion
*Running tests for: sample_30
 
Result: ['tests_pass']
Checking transformation replace_with_numpy
*Running tests for: sample_30
 
Result: ['tests_pass']
Checking transformation add_datetime
*Running tests for: sample_30
 
Result: ['tests_pass']
Checking transformation add_time
*Running tests for: sample_30
 
Result: ['tests_pass']
Checking transformation create_functions
*Running tests for: sample_30
 
Result: ['tests_pass']
Checking transformation add_decorator
*Running tests for: sample_30
 
Result: ['tests_pass']
Checking transformation add_http
*Running tests for: sample_30
 
Result: ['tests_pass']
Checking transformation add_scipy
*Running tests for: sample_30
 
Result: ['tests_pass']
Checking transformation add_base64
*Running tests for: sample_30
 
Result: ['tests_pass']
Checking transformation add_dateutil
*Running tests for: sample_30
 
Result: ['tests_pass']
The file 'reasoning_transformation_cruxeval/CRUXEval/e1f735e05ec0002c7d6ed7d62be776995bf4ddf4/Transformation/sample_30.py' has been formatted successfully.
Checking reasoning_transformation_cruxeval/CRUXEval/e1f735e05ec0002c7d6ed7d62be776995bf4ddf4/Transformation/sample_30.py
*Running tests for: sample_30
 
Result: ['tests_pass']
{ 'applicable_rules': [ 'change_var_names',
                        'add_nested_for_out',
                        'add_try_except_inside_functions',
                        'add_else_to_for',
                        'add_nested_list',
                        'transform_range_to_recursion',
                        'replace_with_numpy',
                        'add_datetime',
                        'add_time',
                        'add_crypto',
                        'add_sklearn',
                        'create_functions',
                        'add_decorator',
                        'add_http',
                        'add_scipy',
                        'add_base64',
                        'add_dateutil'],
  'diff_output': 'reasoning_transformation_cruxeval/CRUXEval/e1f735e05ec0002c7d6ed7d62be776995bf4ddf4/Transformation/sample_30.patch',
  'evaluation_tests_dir': '/home/yang/Benchmark/dataset/cruxeval/',
  'exception': None,
  'file_id': 'sample_30',
  'genetic_algorithm': None,
  'original_code': 'def f(array):\n'
                   '    result = []\n'
                   '    for elem in array:\n'
                   '        if elem.isascii() or (isinstance(elem, int) and '
                   '(not str(abs(elem)).isascii())):\n'
                   '            result.append(elem)\n'
                   '    return result',
  'patch_path': 'reasoning_transformation_cruxeval/CRUXEval/e1f735e05ec0002c7d6ed7d62be776995bf4ddf4/Transformation/sample_30.patch',
  'single_rule': None,
  'source_file': '/home/yang/Benchmark/dataset/cruxeval/code//sample_30.py',
  'target_file': 'reasoning_transformation_cruxeval/CRUXEval/e1f735e05ec0002c7d6ed7d62be776995bf4ddf4/Transformation/sample_30.py',
  'test_results_after': ['tests_pass'],
  'test_results_before': ['tests_pass'],
  'total_time': 6.865839,
  'transformed_code': 'from dateutil.parser import parse\n'
                      'import base64\n'
                      'from scipy.stats import ttest_ind\n'
                      'from http.client import HTTPConnection\n'
                      '\n'
                      'def my_decorator(func):\n'
                      "    HTTPConnection('google.com', port=80)\n"
                      "    parse('2024-10-19 22:17:27')\n"
                      '\n'
                      '    def dec_result(*args, **kwargs):\n'
                      '        res = func(*args, **kwargs)\n'
                      '        return res\n'
                      '    return dec_result\n'
                      '\n'
                      '@my_decorator\n'
                      'def newFunc_BinOp0(a, b):\n'
                      '    ttest_ind([56, 76, 5], [22, 41, 57])\n'
                      '    return a + b\n'
                      'from sklearn.utils import shuffle\n'
                      'from cryptography.fernet import Fernet\n'
                      'import time\n'
                      'import datetime\n'
                      'import numpy as np\n'
                      '\n'
                      'def f(array):\n'
                      '    time.sleep(0.11)\n'
                      '    datetime.datetime.now()\n'
                      '    Fernet.generate_key()\n'
                      "    base64.b64encode(b'61357222407468230197')\n"
                      '    shuffle([34, 30, 59])\n'
                      '    try:\n'
                      '        newresult_1 = [[]][0]\n'
                      '        LoopChecker13 = 780\n'
                      '        LoopChecker23 = 779\n'
                      '\n'
                      '        def loop_6_8(LoopIndexOut, stop, step):\n'
                      '            if step == 0 or (step > 0 and LoopIndexOut '
                      '>= stop) or (step < 0 and LoopIndexOut <= stop):\n'
                      '                return\n'
                      '            for elem in array:\n'
                      '                if elem.isascii() or (isinstance(elem, '
                      'int) and (not '
                      'str(np.abs(np.array([elem]))).isascii())):\n'
                      '                    newresult_1.append(elem)\n'
                      '            loop_6_8(newFunc_BinOp0(LoopIndexOut, '
                      'step), stop, step)\n'
                      '        loop_6_8(0, LoopChecker13 // LoopChecker23, 1)\n'
                      '        return newresult_1\n'
                      '    except:\n'
                      '        pass'}
[END] processing file: sample_30. Total Time: 6.865839
END AT 2024-10-19 22:17:29.395233
