STARTING AT 2024-10-19 22:30:30.534979
[START] processing file: sample_420
*Running tests for: sample_420
 
Result: ['tests_pass']
tests_pass sample_420 /home/yang/Benchmark/dataset/cruxeval/code//sample_420.py
Apply all rules on a single file.
Checking transformation add_datetime
*Running tests for: sample_420
 
Result: ['tests_pass']
Checking transformation add_time
*Running tests for: sample_420
 
Result: ['tests_pass']
Checking transformation add_decorator
*Running tests for: sample_420
 
Result: ['tests_pass']
Checking transformation add_http
*Running tests for: sample_420
 
Result: ['tests_pass']
Checking transformation add_scipy
*Running tests for: sample_420
 
Result: ['tests_pass']
Checking transformation add_base64
*Running tests for: sample_420
 
Result: ['tests_pass']
Checking transformation add_dateutil
*Running tests for: sample_420
 
Result: ['tests_pass']
The file 'reasoning_transformation_cruxeval/CRUXEval/e1f735e05ec0002c7d6ed7d62be776995bf4ddf4/Transformation/sample_420.py' has been formatted successfully.
Checking reasoning_transformation_cruxeval/CRUXEval/e1f735e05ec0002c7d6ed7d62be776995bf4ddf4/Transformation/sample_420.py
*Running tests for: sample_420
 
Result: ['tests_pass']
{ 'applicable_rules': [ 'add_datetime',
                        'add_time',
                        'add_crypto',
                        'add_sklearn',
                        'add_decorator',
                        'add_http',
                        'add_scipy',
                        'add_base64',
                        'add_dateutil'],
  'diff_output': 'reasoning_transformation_cruxeval/CRUXEval/e1f735e05ec0002c7d6ed7d62be776995bf4ddf4/Transformation/sample_420.patch',
  'evaluation_tests_dir': '/home/yang/Benchmark/dataset/cruxeval/',
  'exception': None,
  'file_id': 'sample_420',
  'genetic_algorithm': None,
  'original_code': 'def f(text):\n'
                   '    try:\n'
                   '        return text.isalpha()\n'
                   '    except:\n'
                   '        return False',
  'patch_path': 'reasoning_transformation_cruxeval/CRUXEval/e1f735e05ec0002c7d6ed7d62be776995bf4ddf4/Transformation/sample_420.patch',
  'single_rule': None,
  'source_file': '/home/yang/Benchmark/dataset/cruxeval/code//sample_420.py',
  'target_file': 'reasoning_transformation_cruxeval/CRUXEval/e1f735e05ec0002c7d6ed7d62be776995bf4ddf4/Transformation/sample_420.py',
  'test_results_after': ['tests_pass'],
  'test_results_before': ['tests_pass'],
  'total_time': 5.748022,
  'transformed_code': 'from dateutil.parser import parse\n'
                      'import base64\n'
                      'from scipy.stats import ttest_ind\n'
                      'from http.client import HTTPConnection\n'
                      '\n'
                      'def my_decorator(func):\n'
                      "    parse('2024-10-19 22:30:34')\n"
                      '\n'
                      '    def dec_result(*args, **kwargs):\n'
                      '        res = func(*args, **kwargs)\n'
                      '        return res\n'
                      '    return dec_result\n'
                      'from sklearn.utils import shuffle\n'
                      'from cryptography.fernet import Fernet\n'
                      'import time\n'
                      'import datetime\n'
                      '\n'
                      '@my_decorator\n'
                      'def f(text):\n'
                      '    ttest_ind([68, 3, 95], [3, 74, 35])\n'
                      '    time.sleep(0.26)\n'
                      '    Fernet.generate_key()\n'
                      "    base64.b64encode(b'80907895650978024221')\n"
                      '    datetime.datetime.now()\n'
                      '    shuffle([83, 44, 69])\n'
                      "    HTTPConnection('google.com', port=80)\n"
                      '    try:\n'
                      '        return text.isalpha()\n'
                      '    except:\n'
                      '        return False'}
[END] processing file: sample_420. Total Time: 5.748022
END AT 2024-10-19 22:30:36.284847
