STARTING AT 2024-10-19 22:22:06.975814
[START] processing file: sample_350
*Running tests for: sample_350
 
Result: ['tests_pass']
tests_pass sample_350 /home/yang/Benchmark/dataset/cruxeval/code//sample_350.py
Apply all rules on a single file.
Checking transformation add_nested_for_out
*Running tests for: sample_350
 
Result: ['tests_pass']
Checking transformation add_nested_if
*Running tests for: sample_350
 
Result: ['tests_pass']
Checking transformation add_nested_list
*Running tests for: sample_350
 
Result: ['tests_pass']
Checking transformation transform_range_to_recursion
*Running tests for: sample_350
 
Result: ['tests_pass']
Checking transformation add_datetime
*Running tests for: sample_350
 
Result: ['tests_pass']
Checking transformation add_time
*Running tests for: sample_350
 
Result: ['tests_pass']
Checking transformation create_functions
*Running tests for: sample_350
 
Result: ['tests_pass']
Checking transformation add_decorator
*Running tests for: sample_350
 
Result: ['tests_pass']
Checking transformation add_http
*Running tests for: sample_350
 
Result: ['tests_pass']
Checking transformation add_scipy
*Running tests for: sample_350
 
Result: ['tests_pass']
Checking transformation add_base64
*Running tests for: sample_350
 
Result: ['tests_pass']
Checking transformation add_dateutil
*Running tests for: sample_350
 
Result: ['tests_pass']
The file 'reasoning_transformation_cruxeval/CRUXEval/e1f735e05ec0002c7d6ed7d62be776995bf4ddf4/Transformation/sample_350.py' has been formatted successfully.
Checking reasoning_transformation_cruxeval/CRUXEval/e1f735e05ec0002c7d6ed7d62be776995bf4ddf4/Transformation/sample_350.py
*Running tests for: sample_350
 
Result: ['tests_pass']
{ 'applicable_rules': [ 'change_var_names',
                        'add_nested_for_out',
                        'add_nested_if',
                        'add_try_except_inside_functions',
                        'add_else_to_for',
                        'add_nested_list',
                        'transform_range_to_recursion',
                        'add_datetime',
                        'add_time',
                        'add_crypto',
                        'add_sklearn',
                        'create_functions',
                        'add_decorator',
                        'add_http',
                        'add_scipy',
                        'add_base64',
                        'add_dateutil'],
  'diff_output': 'reasoning_transformation_cruxeval/CRUXEval/e1f735e05ec0002c7d6ed7d62be776995bf4ddf4/Transformation/sample_350.patch',
  'evaluation_tests_dir': '/home/yang/Benchmark/dataset/cruxeval/',
  'exception': None,
  'file_id': 'sample_350',
  'genetic_algorithm': None,
  'original_code': 'def f(d):\n'
                   '    size = len(d)\n'
                   '    v = [0] * size\n'
                   '    if size == 0:\n'
                   '        return v\n'
                   '    for (i, e) in enumerate(d.values()):\n'
                   '        v[i] = e\n'
                   '    return v',
  'patch_path': 'reasoning_transformation_cruxeval/CRUXEval/e1f735e05ec0002c7d6ed7d62be776995bf4ddf4/Transformation/sample_350.patch',
  'single_rule': None,
  'source_file': '/home/yang/Benchmark/dataset/cruxeval/code//sample_350.py',
  'target_file': 'reasoning_transformation_cruxeval/CRUXEval/e1f735e05ec0002c7d6ed7d62be776995bf4ddf4/Transformation/sample_350.py',
  'test_results_after': ['tests_pass'],
  'test_results_before': ['tests_pass'],
  'total_time': 6.531693,
  'transformed_code': 'from dateutil.parser import parse\n'
                      'import base64\n'
                      'from scipy.stats import ttest_ind\n'
                      'from http.client import HTTPConnection\n'
                      '\n'
                      'def my_decorator(func):\n'
                      '\n'
                      '    def dec_result(*args, **kwargs):\n'
                      '        res = func(*args, **kwargs)\n'
                      '        return res\n'
                      '    return dec_result\n'
                      '\n'
                      '@my_decorator\n'
                      'def newFunc0_15(size, variable_1_15):\n'
                      "    HTTPConnection('google.com', port=80)\n"
                      '    ttest_ind([76, 66, 24], [53, 11, 42])\n'
                      "    parse('2024-10-19 22:22:11')\n"
                      '    return variable_1_15 * size\n'
                      'from sklearn.utils import shuffle\n'
                      'from cryptography.fernet import Fernet\n'
                      'import time\n'
                      'import datetime\n'
                      '\n'
                      'def f(d):\n'
                      '    Fernet.generate_key()\n'
                      "    base64.b64encode(b'83405792887870240131')\n"
                      '    shuffle([47, 50, 73])\n'
                      '    datetime.datetime.now()\n'
                      '    time.sleep(0.26)\n'
                      '    try:\n'
                      '        ConditionChecker14 = [360][0]\n'
                      '        ConditionChecker24 = 128\n'
                      '        size = len(d)\n'
                      '        variable_1_15 = [0]\n'
                      '        newv_1 = newFunc0_15(size, variable_1_15)\n'
                      '        if ConditionChecker14 & ConditionChecker24:\n'
                      '            if size == 0:\n'
                      '                return newv_1\n'
                      '        LoopChecker16 = 66\n'
                      '        LoopChecker26 = 65\n'
                      '\n'
                      '        def loop_12_8(LoopIndexOut, stop, step):\n'
                      '            if step == 0 or (step > 0 and LoopIndexOut '
                      '>= stop) or (step < 0 and LoopIndexOut <= stop):\n'
                      '                return\n'
                      '            for (i, e) in enumerate(d.values()):\n'
                      '                newv_1[i] = e\n'
                      '            loop_12_8(LoopIndexOut + step, stop, step)\n'
                      '        loop_12_8(0, LoopChecker16 // LoopChecker26, '
                      '1)\n'
                      '        return newv_1\n'
                      '    except:\n'
                      '        pass'}
[END] processing file: sample_350. Total Time: 6.531693
END AT 2024-10-19 22:22:13.509747
