STARTING AT 2024-10-19 22:14:45.258795
[START] processing file: sample_287
*Running tests for: sample_287
 
Result: ['tests_pass']
tests_pass sample_287 /home/yang/Benchmark/dataset/cruxeval/code//sample_287.py
Apply all rules on a single file.
Checking transformation add_nested_if
*Running tests for: sample_287
 
Result: ['tests_pass']
Checking transformation add_nested_list
*Running tests for: sample_287
 
Result: ['tests_pass']
Checking transformation add_datetime
*Running tests for: sample_287
 
Result: ['tests_pass']
Checking transformation add_time
*Running tests for: sample_287
 
Result: ['tests_pass']
Checking transformation create_functions
*Running tests for: sample_287
 
Result: ['tests_pass']
Checking transformation add_decorator
*Running tests for: sample_287
 
Result: ['tests_pass']
Checking transformation add_http
*Running tests for: sample_287
 
Result: ['tests_pass']
Checking transformation add_scipy
*Running tests for: sample_287
 
Result: ['tests_pass']
Checking transformation add_base64
*Running tests for: sample_287
 
Result: ['tests_pass']
Checking transformation add_dateutil
*Running tests for: sample_287
 
Result: ['tests_pass']
The file 'reasoning_transformation_cruxeval/CRUXEval/e1f735e05ec0002c7d6ed7d62be776995bf4ddf4/Transformation/sample_287.py' has been formatted successfully.
Checking reasoning_transformation_cruxeval/CRUXEval/e1f735e05ec0002c7d6ed7d62be776995bf4ddf4/Transformation/sample_287.py
*Running tests for: sample_287
 
Result: ['tests_pass']
{ 'applicable_rules': [ 'change_var_names',
                        'add_nested_if',
                        'add_try_except_inside_functions',
                        'add_nested_list',
                        'add_datetime',
                        'add_time',
                        'add_crypto',
                        'add_sklearn',
                        'create_functions',
                        'add_decorator',
                        'add_http',
                        'add_scipy',
                        'add_base64',
                        'add_dateutil'],
  'diff_output': 'reasoning_transformation_cruxeval/CRUXEval/e1f735e05ec0002c7d6ed7d62be776995bf4ddf4/Transformation/sample_287.patch',
  'evaluation_tests_dir': '/home/yang/Benchmark/dataset/cruxeval/',
  'exception': None,
  'file_id': 'sample_287',
  'genetic_algorithm': None,
  'original_code': 'def f(name):\n'
                   '    if name.islower():\n'
                   '        name = name.upper()\n'
                   '    else:\n'
                   '        name = name.lower()\n'
                   '    return name',
  'patch_path': 'reasoning_transformation_cruxeval/CRUXEval/e1f735e05ec0002c7d6ed7d62be776995bf4ddf4/Transformation/sample_287.patch',
  'single_rule': None,
  'source_file': '/home/yang/Benchmark/dataset/cruxeval/code//sample_287.py',
  'target_file': 'reasoning_transformation_cruxeval/CRUXEval/e1f735e05ec0002c7d6ed7d62be776995bf4ddf4/Transformation/sample_287.py',
  'test_results_after': ['tests_pass'],
  'test_results_before': ['tests_pass'],
  'total_time': 4.979909,
  'transformed_code': 'from dateutil.parser import parse\n'
                      'import base64\n'
                      'from scipy.stats import ttest_ind\n'
                      'from http.client import HTTPConnection\n'
                      '\n'
                      'def my_decorator(func):\n'
                      '\n'
                      '    def dec_result(*args, **kwargs):\n'
                      '        res = func(*args, **kwargs)\n'
                      '        return res\n'
                      "    base64.b64encode(b'71438306111911182530')\n"
                      '    return dec_result\n'
                      '\n'
                      '@my_decorator\n'
                      'def newFunc_BinOp0(a, b):\n'
                      '    return a & b\n'
                      'from sklearn.utils import shuffle\n'
                      'from cryptography.fernet import Fernet\n'
                      'import time\n'
                      'import datetime\n'
                      '\n'
                      'def f(newname_1):\n'
                      "    parse('2024-10-19 22:14:48')\n"
                      '    ttest_ind([28, 85, 98], [59, 52, 11])\n'
                      "    HTTPConnection('google.com', port=80)\n"
                      '    Fernet.generate_key()\n'
                      '    shuffle([85, 8, 49])\n'
                      '    time.sleep(0.05)\n'
                      '    datetime.datetime.now()\n'
                      '    try:\n'
                      '        ConditionChecker12 = [149][0]\n'
                      '        ConditionChecker22 = 856\n'
                      '        if newFunc_BinOp0(ConditionChecker12, '
                      'ConditionChecker22):\n'
                      '            if newname_1.islower():\n'
                      '                newname_1 = newname_1.upper()\n'
                      '            else:\n'
                      '                newname_1 = newname_1.lower()\n'
                      '        return newname_1\n'
                      '    except:\n'
                      '        pass'}
[END] processing file: sample_287. Total Time: 4.979909
END AT 2024-10-19 22:14:50.240496
