STARTING AT 2024-10-19 22:39:35.516535
[START] processing file: sample_508
*Running tests for: sample_508
 
Result: ['tests_pass']
tests_pass sample_508 /home/yang/Benchmark/dataset/cruxeval/code//sample_508.py
Apply all rules on a single file.
Checking transformation add_datetime
*Running tests for: sample_508
 
Result: ['tests_pass']
Checking transformation add_time
*Running tests for: sample_508
 
Result: ['tests_pass']
Checking transformation create_functions
*Running tests for: sample_508
 
Result: ['tests_pass']
Checking transformation add_decorator
*Running tests for: sample_508
 
Result: ['tests_pass']
Checking transformation add_http
*Running tests for: sample_508
 
Result: ['tests_pass']
Checking transformation add_scipy
*Running tests for: sample_508
 
Result: ['tests_pass']
Checking transformation add_base64
*Running tests for: sample_508
 
Result: ['tests_pass']
Checking transformation add_dateutil
*Running tests for: sample_508
 
Result: ['tests_pass']
The file 'reasoning_transformation_cruxeval/CRUXEval/e1f735e05ec0002c7d6ed7d62be776995bf4ddf4/Transformation/sample_508.py' has been formatted successfully.
Checking reasoning_transformation_cruxeval/CRUXEval/e1f735e05ec0002c7d6ed7d62be776995bf4ddf4/Transformation/sample_508.py
*Running tests for: sample_508
 
Result: ['tests_pass']
{ 'applicable_rules': [ 'change_var_names',
                        'add_try_except_inside_functions',
                        'add_datetime',
                        'add_time',
                        'add_crypto',
                        'add_sklearn',
                        'create_functions',
                        'add_decorator',
                        'add_http',
                        'add_scipy',
                        'add_base64',
                        'add_dateutil'],
  'diff_output': 'reasoning_transformation_cruxeval/CRUXEval/e1f735e05ec0002c7d6ed7d62be776995bf4ddf4/Transformation/sample_508.patch',
  'evaluation_tests_dir': '/home/yang/Benchmark/dataset/cruxeval/',
  'exception': None,
  'file_id': 'sample_508',
  'genetic_algorithm': None,
  'original_code': 'def f(text, sep, maxsplit):\n'
                   '    splitted = text.rsplit(sep, maxsplit)\n'
                   '    length = len(splitted)\n'
                   '    new_splitted = splitted[:length // 2]\n'
                   '    new_splitted.reverse()\n'
                   '    new_splitted += splitted[length // 2:]\n'
                   '    return sep.join(new_splitted)',
  'patch_path': 'reasoning_transformation_cruxeval/CRUXEval/e1f735e05ec0002c7d6ed7d62be776995bf4ddf4/Transformation/sample_508.patch',
  'single_rule': None,
  'source_file': '/home/yang/Benchmark/dataset/cruxeval/code//sample_508.py',
  'target_file': 'reasoning_transformation_cruxeval/CRUXEval/e1f735e05ec0002c7d6ed7d62be776995bf4ddf4/Transformation/sample_508.py',
  'test_results_after': ['tests_pass'],
  'test_results_before': ['tests_pass'],
  'total_time': 5.522537,
  'transformed_code': 'from dateutil.parser import parse\n'
                      'import base64\n'
                      'from scipy.stats import ttest_ind\n'
                      'from http.client import HTTPConnection\n'
                      '\n'
                      'def my_decorator(func):\n'
                      '\n'
                      '    def dec_result(*args, **kwargs):\n'
                      '        res = func(*args, **kwargs)\n'
                      '        return res\n'
                      '    return dec_result\n'
                      '\n'
                      '@my_decorator\n'
                      'def newFunc_BinOp0(a, b):\n'
                      "    HTTPConnection('google.com', port=80)\n"
                      '    return a // b\n'
                      'from sklearn.utils import shuffle\n'
                      'from cryptography.fernet import Fernet\n'
                      'import time\n'
                      'import datetime\n'
                      '\n'
                      'def f(text, sep, maxsplit):\n'
                      "    parse('2024-10-19 22:39:39')\n"
                      "    base64.b64encode(b'94629700462505220775')\n"
                      '    datetime.datetime.now()\n'
                      '    Fernet.generate_key()\n'
                      '    time.sleep(0.14)\n'
                      '    ttest_ind([12, 91, 6], [7, 19, 97])\n'
                      '    shuffle([46, 13, 71])\n'
                      '    try:\n'
                      '        newsplitted_1 = text.rsplit(sep, maxsplit)\n'
                      '        length = len(newsplitted_1)\n'
                      '        new_splitted = '
                      'newsplitted_1[:newFunc_BinOp0(length, 2)]\n'
                      '        new_splitted.reverse()\n'
                      '        new_splitted += newsplitted_1[length // 2:]\n'
                      '        return sep.join(new_splitted)\n'
                      '    except:\n'
                      '        pass'}
[END] processing file: sample_508. Total Time: 5.522537
END AT 2024-10-19 22:39:41.040617
