STARTING AT 2024-10-19 22:13:31.299888
[START] processing file: sample_277
*Running tests for: sample_277
 
Result: ['tests_pass']
tests_pass sample_277 /home/yang/Benchmark/dataset/cruxeval/code//sample_277.py
Apply all rules on a single file.
Checking transformation add_nested_if
*Running tests for: sample_277
 
Result: ['tests_pass']
Checking transformation add_nested_list
*Running tests for: sample_277
 
Result: ['tests_pass']
Checking transformation add_datetime
*Running tests for: sample_277
 
Result: ['tests_pass']
Checking transformation add_time
*Running tests for: sample_277
 
Result: ['tests_pass']
Checking transformation create_functions
*Running tests for: sample_277
 
Result: ['tests_pass']
Checking transformation add_decorator
*Running tests for: sample_277
 
Result: ['tests_pass']
Checking transformation add_http
*Running tests for: sample_277
 
Result: ['tests_pass']
Checking transformation add_scipy
*Running tests for: sample_277
 
Result: ['tests_pass']
Checking transformation add_base64
*Running tests for: sample_277
 
Result: ['tests_pass']
Checking transformation add_dateutil
*Running tests for: sample_277
 
Result: ['tests_pass']
The file 'reasoning_transformation_cruxeval/CRUXEval/e1f735e05ec0002c7d6ed7d62be776995bf4ddf4/Transformation/sample_277.py' has been formatted successfully.
Checking reasoning_transformation_cruxeval/CRUXEval/e1f735e05ec0002c7d6ed7d62be776995bf4ddf4/Transformation/sample_277.py
*Running tests for: sample_277
 
Result: ['tests_pass']
{ 'applicable_rules': [ 'change_var_names',
                        'add_nested_if',
                        'add_try_except_inside_functions',
                        'add_nested_list',
                        'add_datetime',
                        'add_time',
                        'add_crypto',
                        'add_sklearn',
                        'create_functions',
                        'add_decorator',
                        'add_http',
                        'add_scipy',
                        'add_base64',
                        'add_dateutil'],
  'diff_output': 'reasoning_transformation_cruxeval/CRUXEval/e1f735e05ec0002c7d6ed7d62be776995bf4ddf4/Transformation/sample_277.patch',
  'evaluation_tests_dir': '/home/yang/Benchmark/dataset/cruxeval/',
  'exception': None,
  'file_id': 'sample_277',
  'genetic_algorithm': None,
  'original_code': 'def f(lst, mode):\n'
                   '    result = [el for el in lst]\n'
                   '    if mode:\n'
                   '        result.reverse()\n'
                   '    return result',
  'patch_path': 'reasoning_transformation_cruxeval/CRUXEval/e1f735e05ec0002c7d6ed7d62be776995bf4ddf4/Transformation/sample_277.patch',
  'single_rule': None,
  'source_file': '/home/yang/Benchmark/dataset/cruxeval/code//sample_277.py',
  'target_file': 'reasoning_transformation_cruxeval/CRUXEval/e1f735e05ec0002c7d6ed7d62be776995bf4ddf4/Transformation/sample_277.py',
  'test_results_after': ['tests_pass'],
  'test_results_before': ['tests_pass'],
  'total_time': 5.362908,
  'transformed_code': 'from dateutil.parser import parse\n'
                      'import base64\n'
                      'from scipy.stats import ttest_ind\n'
                      'from http.client import HTTPConnection\n'
                      '\n'
                      'def my_decorator(func):\n'
                      '\n'
                      '    def dec_result(*args, **kwargs):\n'
                      '        res = func(*args, **kwargs)\n'
                      '        return res\n'
                      '    return dec_result\n'
                      '\n'
                      '@my_decorator\n'
                      'def newFunc_BinOp0(a, b):\n'
                      "    base64.b64encode(b'00997240546505037204')\n"
                      '    return a & b\n'
                      'from sklearn.utils import shuffle\n'
                      'from cryptography.fernet import Fernet\n'
                      'import time\n'
                      'import datetime\n'
                      '\n'
                      'def f(lst, mode):\n'
                      '    time.sleep(0.11)\n'
                      '    ttest_ind([84, 87, 56], [81, 75, 8])\n'
                      "    parse('2024-10-19 22:13:35')\n"
                      "    HTTPConnection('google.com', port=80)\n"
                      '    datetime.datetime.now()\n'
                      '    Fernet.generate_key()\n'
                      '    shuffle([12, 49, 39])\n'
                      '    try:\n'
                      '        ConditionChecker13 = [42][0]\n'
                      '        ConditionChecker23 = 271\n'
                      '        result = [newel_1 for newel_1 in lst]\n'
                      '        if newFunc_BinOp0(ConditionChecker13, '
                      'ConditionChecker23):\n'
                      '            if mode:\n'
                      '                result.reverse()\n'
                      '        return result\n'
                      '    except:\n'
                      '        pass'}
[END] processing file: sample_277. Total Time: 5.362908
END AT 2024-10-19 22:13:36.664027
