STARTING AT 2024-10-19 22:36:21.120267
[START] processing file: sample_470
*Running tests for: sample_470
 
Result: ['tests_pass']
tests_pass sample_470 /home/yang/Benchmark/dataset/cruxeval/code//sample_470.py
Apply all rules on a single file.
Checking transformation add_nested_for_out
*Running tests for: sample_470
 
Result: ['tests_pass']
Checking transformation add_nested_if
*Running tests for: sample_470
 
Result: ['tests_pass']
Checking transformation add_nested_list
*Running tests for: sample_470
 
Result: ['tests_pass']
Checking transformation transform_range_to_recursion
*Running tests for: sample_470
 
Result: ['tests_pass']
Checking transformation add_datetime
*Running tests for: sample_470
 
Result: ['tests_pass']
Checking transformation add_time
*Running tests for: sample_470
 
Result: ['tests_pass']
Checking transformation create_functions
*Running tests for: sample_470
 
Result: ['tests_pass']
Checking transformation add_decorator
*Running tests for: sample_470
 
Result: ['tests_pass']
Checking transformation add_http
*Running tests for: sample_470
 
Result: ['tests_pass']
Checking transformation add_scipy
*Running tests for: sample_470
 
Result: ['tests_pass']
Checking transformation add_base64
*Running tests for: sample_470
 
Result: ['tests_pass']
Checking transformation add_dateutil
*Running tests for: sample_470
 
Result: ['tests_pass']
The file 'reasoning_transformation_cruxeval/CRUXEval/e1f735e05ec0002c7d6ed7d62be776995bf4ddf4/Transformation/sample_470.py' has been formatted successfully.
Checking reasoning_transformation_cruxeval/CRUXEval/e1f735e05ec0002c7d6ed7d62be776995bf4ddf4/Transformation/sample_470.py
*Running tests for: sample_470
 
Result: ['tests_pass']
{ 'applicable_rules': [ 'change_var_names',
                        'add_nested_for_out',
                        'add_nested_if',
                        'add_try_except_inside_functions',
                        'add_else_to_for',
                        'add_nested_list',
                        'transform_range_to_recursion',
                        'add_datetime',
                        'add_time',
                        'add_crypto',
                        'add_sklearn',
                        'create_functions',
                        'add_decorator',
                        'add_http',
                        'add_scipy',
                        'add_base64',
                        'add_dateutil'],
  'diff_output': 'reasoning_transformation_cruxeval/CRUXEval/e1f735e05ec0002c7d6ed7d62be776995bf4ddf4/Transformation/sample_470.patch',
  'evaluation_tests_dir': '/home/yang/Benchmark/dataset/cruxeval/',
  'exception': None,
  'file_id': 'sample_470',
  'genetic_algorithm': None,
  'original_code': 'def f(number):\n'
                   "    transl = {'A': 1, 'B': 2, 'C': 3, 'D': 4, 'E': 5}\n"
                   '    result = []\n'
                   '    for (key, value) in transl.items():\n'
                   '        if value % number == 0:\n'
                   '            result.append(key)\n'
                   '    return result',
  'patch_path': 'reasoning_transformation_cruxeval/CRUXEval/e1f735e05ec0002c7d6ed7d62be776995bf4ddf4/Transformation/sample_470.patch',
  'single_rule': None,
  'source_file': '/home/yang/Benchmark/dataset/cruxeval/code//sample_470.py',
  'target_file': 'reasoning_transformation_cruxeval/CRUXEval/e1f735e05ec0002c7d6ed7d62be776995bf4ddf4/Transformation/sample_470.py',
  'test_results_after': ['tests_pass'],
  'test_results_before': ['tests_pass'],
  'total_time': 6.545204,
  'transformed_code': 'from dateutil.parser import parse\n'
                      'import base64\n'
                      'from scipy.stats import ttest_ind\n'
                      'from http.client import HTTPConnection\n'
                      '\n'
                      'def my_decorator(func):\n'
                      "    HTTPConnection('google.com', port=80)\n"
                      '\n'
                      '    def dec_result(*args, **kwargs):\n'
                      '        res = func(*args, **kwargs)\n'
                      '        return res\n'
                      "    parse('2024-10-19 22:36:25')\n"
                      '    ttest_ind([1, 74, 86], [21, 53, 53])\n'
                      '    return dec_result\n'
                      '\n'
                      '@my_decorator\n'
                      'def newFunc_BinOp0(a, b):\n'
                      "    base64.b64encode(b'02740739515439665693')\n"
                      '    return a & b\n'
                      'from sklearn.utils import shuffle\n'
                      'from cryptography.fernet import Fernet\n'
                      'import time\n'
                      'import datetime\n'
                      '\n'
                      'def f(number):\n'
                      '    datetime.datetime.now()\n'
                      '    shuffle([15, 94, 6])\n'
                      '    Fernet.generate_key()\n'
                      '    time.sleep(0.26)\n'
                      '    try:\n'
                      "        transl = {'A': 1, 'B': 2, 'C': 3, 'D': 4, 'E': "
                      '5}\n'
                      '        newresult_1 = [[]][0]\n'
                      '        LoopChecker14 = 301\n'
                      '        LoopChecker24 = 300\n'
                      '        ConditionChecker18 = 731\n'
                      '        ConditionChecker28 = 603\n'
                      '\n'
                      '        def loop_9_8(LoopIndexOut, stop, step):\n'
                      '            if step == 0 or (step > 0 and LoopIndexOut '
                      '>= stop) or (step < 0 and LoopIndexOut <= stop):\n'
                      '                return\n'
                      '            for (key, value) in transl.items():\n'
                      '                if newFunc_BinOp0(ConditionChecker18, '
                      'ConditionChecker28):\n'
                      '                    if value % number == 0:\n'
                      '                        newresult_1.append(key)\n'
                      '            loop_9_8(LoopIndexOut + step, stop, step)\n'
                      '        loop_9_8(0, LoopChecker14 // LoopChecker24, 1)\n'
                      '        return newresult_1\n'
                      '    except:\n'
                      '        pass'}
[END] processing file: sample_470. Total Time: 6.545204
END AT 2024-10-19 22:36:27.667706
