STARTING AT 2024-10-19 22:17:30.187192
[START] processing file: sample_310
*Running tests for: sample_310
 
Result: ['tests_pass']
tests_pass sample_310 /home/yang/Benchmark/dataset/cruxeval/code//sample_310.py
Apply all rules on a single file.
Checking transformation add_nested_for_out
*Running tests for: sample_310
 
Result: ['tests_pass']
Checking transformation add_nested_list
*Running tests for: sample_310
 
Result: ['tests_pass']
Checking transformation transform_range_to_recursion
*Running tests for: sample_310
 
Result: ['tests_pass']
Checking transformation add_datetime
*Running tests for: sample_310
 
Result: ['tests_pass']
Checking transformation add_time
*Running tests for: sample_310
 
Result: ['tests_pass']
Checking transformation create_functions
*Running tests for: sample_310
 
Result: ['tests_pass']
Checking transformation add_decorator
*Running tests for: sample_310
 
Result: ['tests_pass']
Checking transformation add_http
*Running tests for: sample_310
 
Result: ['tests_pass']
Checking transformation add_scipy
*Running tests for: sample_310
 
Result: ['tests_pass']
Checking transformation add_base64
*Running tests for: sample_310
 
Result: ['tests_pass']
Checking transformation add_dateutil
*Running tests for: sample_310
 
Result: ['tests_pass']
The file 'reasoning_transformation_cruxeval/CRUXEval/e1f735e05ec0002c7d6ed7d62be776995bf4ddf4/Transformation/sample_310.py' has been formatted successfully.
Checking reasoning_transformation_cruxeval/CRUXEval/e1f735e05ec0002c7d6ed7d62be776995bf4ddf4/Transformation/sample_310.py
*Running tests for: sample_310
 
Result: ['tests_pass']
{ 'applicable_rules': [ 'change_var_names',
                        'add_nested_for_out',
                        'add_try_except_inside_functions',
                        'add_else_to_for',
                        'add_nested_list',
                        'transform_range_to_recursion',
                        'add_datetime',
                        'add_time',
                        'add_crypto',
                        'add_sklearn',
                        'create_functions',
                        'add_decorator',
                        'add_http',
                        'add_scipy',
                        'add_base64',
                        'add_dateutil'],
  'diff_output': 'reasoning_transformation_cruxeval/CRUXEval/e1f735e05ec0002c7d6ed7d62be776995bf4ddf4/Transformation/sample_310.patch',
  'evaluation_tests_dir': '/home/yang/Benchmark/dataset/cruxeval/',
  'exception': None,
  'file_id': 'sample_310',
  'genetic_algorithm': None,
  'original_code': 'def f(strands):\n'
                   '    subs = strands\n'
                   '    for (i, j) in enumerate(subs):\n'
                   '        for _ in range(len(j) // 2):\n'
                   '            subs[i] = subs[i][-1:] + subs[i][1:-1] + '
                   'subs[i][0]\n'
                   "    return ''.join(subs)",
  'patch_path': 'reasoning_transformation_cruxeval/CRUXEval/e1f735e05ec0002c7d6ed7d62be776995bf4ddf4/Transformation/sample_310.patch',
  'single_rule': None,
  'source_file': '/home/yang/Benchmark/dataset/cruxeval/code//sample_310.py',
  'target_file': 'reasoning_transformation_cruxeval/CRUXEval/e1f735e05ec0002c7d6ed7d62be776995bf4ddf4/Transformation/sample_310.py',
  'test_results_after': ['tests_pass'],
  'test_results_before': ['tests_pass'],
  'total_time': 5.400689,
  'transformed_code': 'from dateutil.parser import parse\n'
                      'import base64\n'
                      'from scipy.stats import ttest_ind\n'
                      'from http.client import HTTPConnection\n'
                      '\n'
                      'def my_decorator(func):\n'
                      "    base64.b64encode(b'25331180024960400747')\n"
                      '\n'
                      '    def dec_result(*args, **kwargs):\n'
                      '        res = func(*args, **kwargs)\n'
                      '        return res\n'
                      "    HTTPConnection('google.com', port=80)\n"
                      '    return dec_result\n'
                      '\n'
                      '@my_decorator\n'
                      'def newFunc0_21(variable_3_21, variable_6_21, '
                      'variable_4_21):\n'
                      "    parse('2024-10-19 22:17:34')\n"
                      '    return variable_4_21 + variable_6_21 + '
                      'variable_3_21\n'
                      'from sklearn.utils import shuffle\n'
                      'from cryptography.fernet import Fernet\n'
                      'import time\n'
                      'import datetime\n'
                      '\n'
                      'def f(strands):\n'
                      '    shuffle([33, 13, 63])\n'
                      '    Fernet.generate_key()\n'
                      '    ttest_ind([67, 1, 39], [79, 25, 94])\n'
                      '    datetime.datetime.now()\n'
                      '    time.sleep(0.08)\n'
                      '    try:\n'
                      '        subs = strands\n'
                      '        LoopChecker13 = [262][0]\n'
                      '        LoopChecker23 = 261\n'
                      '        for LoopIndexOut in range(LoopChecker13 // '
                      'LoopChecker23):\n'
                      '            for (i, j) in enumerate(subs):\n'
                      '\n'
                      '                def loop_8_16(new__1, stop, step):\n'
                      '                    if step == 0 or (step > 0 and '
                      'new__1 >= stop) or (step < 0 and new__1 <= stop):\n'
                      '                        return\n'
                      '                    variable_3_21 = subs[i][0]\n'
                      '                    variable_4_21 = subs[i][-1:]\n'
                      '                    variable_6_21 = subs[i][1:-1]\n'
                      '                    variable_7_21 = subs[i]\n'
                      '                    variable_10_21 = subs[i]\n'
                      '                    variable_13_21 = subs[i]\n'
                      '                    subs[i] = '
                      'newFunc0_21(variable_3_21, variable_6_21, '
                      'variable_4_21)\n'
                      '                    loop_8_16(new__1 + step, stop, '
                      'step)\n'
                      '                loop_8_16(0, len(j) // 2, 1)\n'
                      '        else:\n'
                      '            pass\n'
                      "        return ''.join(subs)\n"
                      '    except:\n'
                      '        pass'}
[END] processing file: sample_310. Total Time: 5.400689
END AT 2024-10-19 22:17:35.590267
