STARTING AT 2024-10-19 22:51:09.901194
[START] processing file: sample_615
*Running tests for: sample_615
 
Result: ['tests_pass']
tests_pass sample_615 /home/yang/Benchmark/dataset/cruxeval/code//sample_615.py
Apply all rules on a single file.
Checking transformation replace_with_numpy
*Running tests for: sample_615
 
Result: ['tests_pass']
Checking transformation add_datetime
*Running tests for: sample_615
 
Result: ['tests_pass']
Checking transformation add_time
*Running tests for: sample_615
 
Result: ['tests_pass']
Checking transformation add_decorator
*Running tests for: sample_615
 
Result: ['tests_pass']
Checking transformation add_http
*Running tests for: sample_615
 
Result: ['tests_pass']
Checking transformation add_scipy
*Running tests for: sample_615
 
Result: ['tests_pass']
Checking transformation add_base64
*Running tests for: sample_615
 
Result: ['tests_pass']
Checking transformation add_dateutil
*Running tests for: sample_615
 
Result: ['tests_pass']
The file 'reasoning_transformation_cruxeval/CRUXEval/e1f735e05ec0002c7d6ed7d62be776995bf4ddf4/Transformation/sample_615.py' has been formatted successfully.
Checking reasoning_transformation_cruxeval/CRUXEval/e1f735e05ec0002c7d6ed7d62be776995bf4ddf4/Transformation/sample_615.py
*Running tests for: sample_615
 
Result: ['tests_pass']
{ 'applicable_rules': [ 'add_try_except_inside_functions',
                        'replace_with_numpy',
                        'add_datetime',
                        'add_time',
                        'add_crypto',
                        'add_sklearn',
                        'add_decorator',
                        'add_http',
                        'add_scipy',
                        'add_base64',
                        'add_dateutil'],
  'diff_output': 'reasoning_transformation_cruxeval/CRUXEval/e1f735e05ec0002c7d6ed7d62be776995bf4ddf4/Transformation/sample_615.patch',
  'evaluation_tests_dir': '/home/yang/Benchmark/dataset/cruxeval/',
  'exception': None,
  'file_id': 'sample_615',
  'genetic_algorithm': None,
  'original_code': 'def f(in_list, num):\n'
                   '    in_list.append(num)\n'
                   '    return in_list.index(max(in_list[:-1]))',
  'patch_path': 'reasoning_transformation_cruxeval/CRUXEval/e1f735e05ec0002c7d6ed7d62be776995bf4ddf4/Transformation/sample_615.patch',
  'single_rule': None,
  'source_file': '/home/yang/Benchmark/dataset/cruxeval/code//sample_615.py',
  'target_file': 'reasoning_transformation_cruxeval/CRUXEval/e1f735e05ec0002c7d6ed7d62be776995bf4ddf4/Transformation/sample_615.py',
  'test_results_after': ['tests_pass'],
  'test_results_before': ['tests_pass'],
  'total_time': 5.876059,
  'transformed_code': 'from dateutil.parser import parse\n'
                      'import base64\n'
                      'from scipy.stats import ttest_ind\n'
                      'from http.client import HTTPConnection\n'
                      '\n'
                      'def my_decorator(func):\n'
                      '\n'
                      '    def dec_result(*args, **kwargs):\n'
                      '        res = func(*args, **kwargs)\n'
                      '        return res\n'
                      "    base64.b64encode(b'98692146354457168886')\n"
                      '    ttest_ind([99, 3, 99], [82, 6, 65])\n'
                      '    return dec_result\n'
                      'from sklearn.utils import shuffle\n'
                      'from cryptography.fernet import Fernet\n'
                      'import time\n'
                      'import datetime\n'
                      'import numpy as np\n'
                      '\n'
                      '@my_decorator\n'
                      'def f(in_list, num):\n'
                      '    datetime.datetime.now()\n'
                      "    HTTPConnection('google.com', port=80)\n"
                      '    shuffle([19, 53, 100])\n'
                      '    time.sleep(0.22)\n'
                      "    parse('2024-10-19 22:51:14')\n"
                      '    Fernet.generate_key()\n'
                      '    try:\n'
                      '        in_list.append(num)\n'
                      '        return '
                      'in_list.index(np.max(np.array([in_list[:-1]])))\n'
                      '    except:\n'
                      '        pass'}
[END] processing file: sample_615. Total Time: 5.876059
END AT 2024-10-19 22:51:15.779264
