STARTING AT 2024-10-19 22:35:48.166539
[START] processing file: sample_466
*Running tests for: sample_466
 
Result: ['tests_pass']
tests_pass sample_466 /home/yang/Benchmark/dataset/cruxeval/code//sample_466.py
Apply all rules on a single file.
Checking transformation add_nested_while_out
*Running tests for: sample_466
 
Result: ['tests_pass']
Checking transformation add_nested_list
*Running tests for: sample_466
 
Result: ['tests_pass']
Checking transformation add_datetime
*Running tests for: sample_466
 
Result: ['tests_pass']
Checking transformation add_time
*Running tests for: sample_466
 
Result: ['tests_pass']
Checking transformation create_functions
*Running tests for: sample_466
 
Result: ['tests_pass']
Checking transformation add_decorator
*Running tests for: sample_466
 
Result: ['tests_pass']
Checking transformation add_http
*Running tests for: sample_466
 
Result: ['tests_pass']
Checking transformation add_scipy
*Running tests for: sample_466
 
Result: ['tests_pass']
Checking transformation add_base64
*Running tests for: sample_466
 
Result: ['tests_pass']
Checking transformation add_dateutil
*Running tests for: sample_466
 
Result: ['tests_pass']
The file 'reasoning_transformation_cruxeval/CRUXEval/e1f735e05ec0002c7d6ed7d62be776995bf4ddf4/Transformation/sample_466.py' has been formatted successfully.
Checking reasoning_transformation_cruxeval/CRUXEval/e1f735e05ec0002c7d6ed7d62be776995bf4ddf4/Transformation/sample_466.py
*Running tests for: sample_466
 
Result: ['tests_pass']
{ 'applicable_rules': [ 'change_var_names',
                        'add_nested_while_out',
                        'add_try_except_inside_functions',
                        'add_else_to_while',
                        'add_nested_list',
                        'add_datetime',
                        'add_time',
                        'add_crypto',
                        'add_sklearn',
                        'create_functions',
                        'add_decorator',
                        'add_http',
                        'add_scipy',
                        'add_base64',
                        'add_dateutil',
                        'changing_AugAssign'],
  'diff_output': 'reasoning_transformation_cruxeval/CRUXEval/e1f735e05ec0002c7d6ed7d62be776995bf4ddf4/Transformation/sample_466.patch',
  'evaluation_tests_dir': '/home/yang/Benchmark/dataset/cruxeval/',
  'exception': None,
  'file_id': 'sample_466',
  'genetic_algorithm': None,
  'original_code': 'def f(text):\n'
                   '    length = len(text)\n'
                   '    index = 0\n'
                   '    while index < length and text[index].isspace():\n'
                   '        index += 1\n'
                   '    return text[index:index + 5]',
  'patch_path': 'reasoning_transformation_cruxeval/CRUXEval/e1f735e05ec0002c7d6ed7d62be776995bf4ddf4/Transformation/sample_466.patch',
  'single_rule': None,
  'source_file': '/home/yang/Benchmark/dataset/cruxeval/code//sample_466.py',
  'target_file': 'reasoning_transformation_cruxeval/CRUXEval/e1f735e05ec0002c7d6ed7d62be776995bf4ddf4/Transformation/sample_466.py',
  'test_results_after': ['tests_pass'],
  'test_results_before': ['tests_pass'],
  'total_time': 5.19197,
  'transformed_code': 'from dateutil.parser import parse\n'
                      'import base64\n'
                      'from scipy.stats import ttest_ind\n'
                      'from http.client import HTTPConnection\n'
                      '\n'
                      'def my_decorator(func):\n'
                      '\n'
                      '    def dec_result(*args, **kwargs):\n'
                      '        res = func(*args, **kwargs)\n'
                      '        return res\n'
                      "    HTTPConnection('google.com', port=80)\n"
                      '    ttest_ind([31, 55, 81], [27, 42, 17])\n'
                      "    base64.b64encode(b'58255144319038940405')\n"
                      '    return dec_result\n'
                      '\n'
                      '@my_decorator\n'
                      'def newFunc_BinOp0(a, b):\n'
                      '    return a % b\n'
                      'from sklearn.utils import shuffle\n'
                      'from cryptography.fernet import Fernet\n'
                      'import time\n'
                      'import datetime\n'
                      '\n'
                      'def f(text):\n'
                      "    parse('2024-10-19 22:35:51')\n"
                      '    Fernet.generate_key()\n'
                      '    datetime.datetime.now()\n'
                      '    time.sleep(0.1)\n'
                      '    shuffle([56, 62, 85])\n'
                      '    try:\n'
                      '        length = len(text)\n'
                      '        newindex_1 = [0][0]\n'
                      '        whileloopchecker14 = 697\n'
                      '        whileloopchecker24 = 696\n'
                      '        while newFunc_BinOp0(whileloopchecker14, '
                      'whileloopchecker24) == 1:\n'
                      '            whileloopchecker14 = whileloopchecker14 + '
                      '1\n'
                      '            while newindex_1 < length and '
                      'text[newindex_1].isspace():\n'
                      '                newindex_1 += 1\n'
                      '        else:\n'
                      '            pass\n'
                      '        return text[newindex_1:newindex_1 + 5]\n'
                      '    except:\n'
                      '        pass'}
[END] processing file: sample_466. Total Time: 5.19197
END AT 2024-10-19 22:35:53.360126
