STARTING AT 2024-10-19 23:42:29.986398
[START] processing file: sample_88
*Running tests for: sample_88
 
Result: ['tests_pass']
tests_pass sample_88 /home/yang/Benchmark/dataset/cruxeval/code//sample_88.py
Apply all rules on a single file.
Checking transformation add_nested_if
*Running tests for: sample_88
 
Result: ['tests_pass']
Checking transformation add_nested_list
*Running tests for: sample_88
 
Result: ['tests_pass']
Checking transformation add_datetime
*Running tests for: sample_88
 
Result: ['tests_pass']
Checking transformation add_time
*Running tests for: sample_88
 
Result: ['tests_pass']
Checking transformation create_functions
*Running tests for: sample_88
 
Result: ['tests_pass']
Checking transformation add_decorator
*Running tests for: sample_88
 
Result: ['tests_pass']
Checking transformation add_http
*Running tests for: sample_88
 
Result: ['tests_pass']
Checking transformation add_scipy
*Running tests for: sample_88
 
Result: ['tests_pass']
Checking transformation add_base64
*Running tests for: sample_88
 
Result: ['tests_pass']
Checking transformation add_dateutil
*Running tests for: sample_88
 
Result: ['tests_pass']
The file 'reasoning_transformation_cruxeval/CRUXEval/951a917df7397c9cb698ead54386db6d1db4ffb0/Transformation/sample_88.py' has been formatted successfully.
Checking reasoning_transformation_cruxeval/CRUXEval/951a917df7397c9cb698ead54386db6d1db4ffb0/Transformation/sample_88.py
*Running tests for: sample_88
 
Result: ['tests_pass']
{ 'applicable_rules': [ 'change_var_names',
                        'add_nested_if',
                        'add_try_except_inside_functions',
                        'add_nested_list',
                        'add_datetime',
                        'add_time',
                        'add_crypto',
                        'add_sklearn',
                        'create_functions',
                        'add_decorator',
                        'add_http',
                        'add_scipy',
                        'add_base64',
                        'add_dateutil'],
  'diff_output': 'reasoning_transformation_cruxeval/CRUXEval/951a917df7397c9cb698ead54386db6d1db4ffb0/Transformation/sample_88.patch',
  'evaluation_tests_dir': '/home/yang/Benchmark/dataset/cruxeval/',
  'exception': None,
  'file_id': 'sample_88',
  'genetic_algorithm': None,
  'original_code': 'def f(s1, s2):\n'
                   '    if s2.endswith(s1):\n'
                   '        s2 = s2[:len(s1) * -1]\n'
                   '    return s2',
  'patch_path': 'reasoning_transformation_cruxeval/CRUXEval/951a917df7397c9cb698ead54386db6d1db4ffb0/Transformation/sample_88.patch',
  'single_rule': None,
  'source_file': '/home/yang/Benchmark/dataset/cruxeval/code//sample_88.py',
  'target_file': 'reasoning_transformation_cruxeval/CRUXEval/951a917df7397c9cb698ead54386db6d1db4ffb0/Transformation/sample_88.py',
  'test_results_after': ['tests_pass'],
  'test_results_before': ['tests_pass'],
  'total_time': 6.218216,
  'transformed_code': 'from dateutil.parser import parse\n'
                      'import base64\n'
                      'from scipy.stats import ttest_ind\n'
                      'from http.client import HTTPConnection\n'
                      '\n'
                      'def my_decorator(func):\n'
                      '\n'
                      '    def dec_result(*args, **kwargs):\n'
                      '        res = func(*args, **kwargs)\n'
                      '        return res\n'
                      "    base64.b64encode(b'37678332175066126988')\n"
                      '    return dec_result\n'
                      '\n'
                      '@my_decorator\n'
                      'def newFunc_BinOp0(a, b):\n'
                      "    HTTPConnection('google.com', port=80)\n"
                      "    parse('2024-10-19 23:42:34')\n"
                      '    return a & b\n'
                      'from sklearn.utils import shuffle\n'
                      'from cryptography.fernet import Fernet\n'
                      'import time\n'
                      'import datetime\n'
                      '\n'
                      'def f(s1, news2_1):\n'
                      '    Fernet.generate_key()\n'
                      '    shuffle([37, 22, 75])\n'
                      '    datetime.datetime.now()\n'
                      '    time.sleep(0.21)\n'
                      '    ttest_ind([2, 60, 39], [62, 2, 12])\n'
                      '    try:\n'
                      '        ConditionChecker12 = [799][0]\n'
                      '        ConditionChecker22 = 136\n'
                      '        if newFunc_BinOp0(ConditionChecker12, '
                      'ConditionChecker22):\n'
                      '            if news2_1.endswith(s1):\n'
                      '                news2_1 = news2_1[:len(s1) * -1]\n'
                      '        return news2_1\n'
                      '    except:\n'
                      '        pass'}
[END] processing file: sample_88. Total Time: 6.218216
END AT 2024-10-19 23:42:36.205827
