STARTING AT 2024-10-19 22:56:12.593106
[START] processing file: sample_670
*Running tests for: sample_670
 
Result: ['tests_pass']
tests_pass sample_670 /home/yang/Benchmark/dataset/cruxeval/code//sample_670.py
Apply all rules on a single file.
Checking transformation add_datetime
*Running tests for: sample_670
 
Result: ['tests_pass']
Checking transformation add_time
*Running tests for: sample_670
 
Result: ['tests_pass']
Checking transformation add_decorator
*Running tests for: sample_670
 
Result: ['tests_pass']
Checking transformation add_http
*Running tests for: sample_670
 
Result: ['tests_pass']
Checking transformation add_scipy
*Running tests for: sample_670
 
Result: ['tests_pass']
Checking transformation add_base64
*Running tests for: sample_670
 
Result: ['tests_pass']
Checking transformation add_dateutil
*Running tests for: sample_670
 
Result: ['tests_pass']
The file 'reasoning_transformation_cruxeval/CRUXEval/e1f735e05ec0002c7d6ed7d62be776995bf4ddf4/Transformation/sample_670.py' has been formatted successfully.
Checking reasoning_transformation_cruxeval/CRUXEval/e1f735e05ec0002c7d6ed7d62be776995bf4ddf4/Transformation/sample_670.py
*Running tests for: sample_670
 
Result: ['tests_pass']
{ 'applicable_rules': [ 'change_var_names',
                        'add_try_except_inside_functions',
                        'add_datetime',
                        'add_time',
                        'add_crypto',
                        'add_sklearn',
                        'add_decorator',
                        'add_http',
                        'add_scipy',
                        'add_base64',
                        'add_dateutil'],
  'diff_output': 'reasoning_transformation_cruxeval/CRUXEval/e1f735e05ec0002c7d6ed7d62be776995bf4ddf4/Transformation/sample_670.patch',
  'evaluation_tests_dir': '/home/yang/Benchmark/dataset/cruxeval/',
  'exception': None,
  'file_id': 'sample_670',
  'genetic_algorithm': None,
  'original_code': 'def f(a, b):\n'
                   '    d = dict(zip(a, b))\n'
                   '    a.sort(key=d.get, reverse=True)\n'
                   '    return [d.pop(x) for x in a]',
  'patch_path': 'reasoning_transformation_cruxeval/CRUXEval/e1f735e05ec0002c7d6ed7d62be776995bf4ddf4/Transformation/sample_670.patch',
  'single_rule': None,
  'source_file': '/home/yang/Benchmark/dataset/cruxeval/code//sample_670.py',
  'target_file': 'reasoning_transformation_cruxeval/CRUXEval/e1f735e05ec0002c7d6ed7d62be776995bf4ddf4/Transformation/sample_670.py',
  'test_results_after': ['tests_pass'],
  'test_results_before': ['tests_pass'],
  'total_time': 4.402268,
  'transformed_code': 'from dateutil.parser import parse\n'
                      'import base64\n'
                      'from scipy.stats import ttest_ind\n'
                      'from http.client import HTTPConnection\n'
                      '\n'
                      'def my_decorator(func):\n'
                      '\n'
                      '    def dec_result(*args, **kwargs):\n'
                      '        res = func(*args, **kwargs)\n'
                      '        return res\n'
                      "    HTTPConnection('google.com', port=80)\n"
                      "    base64.b64encode(b'27483707524658708048')\n"
                      '    return dec_result\n'
                      'from sklearn.utils import shuffle\n'
                      'from cryptography.fernet import Fernet\n'
                      'import time\n'
                      'import datetime\n'
                      '\n'
                      '@my_decorator\n'
                      'def f(a, b):\n'
                      '    shuffle([39, 70, 46])\n'
                      "    parse('2024-10-19 22:56:15')\n"
                      '    Fernet.generate_key()\n'
                      '    time.sleep(0.06)\n'
                      '    ttest_ind([14, 63, 100], [11, 93, 84])\n'
                      '    datetime.datetime.now()\n'
                      '    try:\n'
                      '        newd_1 = dict(zip(a, b))\n'
                      '        a.sort(key=newd_1.get, reverse=True)\n'
                      '        return [newd_1.pop(x) for x in a]\n'
                      '    except:\n'
                      '        pass'}
[END] processing file: sample_670. Total Time: 4.402268
END AT 2024-10-19 22:56:16.996489
