STARTING AT 2024-10-19 23:34:01.912442
[START] processing file: sample_49
*Running tests for: sample_49
 
Result: ['tests_pass']
tests_pass sample_49 /home/yang/Benchmark/dataset/cruxeval/code//sample_49.py
Apply all rules on a single file.
Checking transformation add_nested_if
*Running tests for: sample_49
 
Result: ['tests_pass']
Checking transformation add_nested_list
*Running tests for: sample_49
 
Result: ['tests_pass']
Checking transformation add_datetime
*Running tests for: sample_49
 
Result: ['tests_pass']
Checking transformation add_time
*Running tests for: sample_49
 
Result: ['tests_pass']
Checking transformation create_functions
*Running tests for: sample_49
 
Result: ['tests_pass']
Checking transformation add_decorator
*Running tests for: sample_49
 
Result: ['tests_pass']
Checking transformation add_http
*Running tests for: sample_49
 
Result: ['tests_pass']
Checking transformation add_scipy
*Running tests for: sample_49
 
Result: ['tests_pass']
Checking transformation add_base64
*Running tests for: sample_49
 
Result: ['tests_pass']
Checking transformation add_dateutil
*Running tests for: sample_49
 
Result: ['tests_pass']
The file 'reasoning_transformation_cruxeval/CRUXEval/951a917df7397c9cb698ead54386db6d1db4ffb0/Transformation/sample_49.py' has been formatted successfully.
Checking reasoning_transformation_cruxeval/CRUXEval/951a917df7397c9cb698ead54386db6d1db4ffb0/Transformation/sample_49.py
*Running tests for: sample_49
 
Result: ['tests_pass']
{ 'applicable_rules': [ 'change_var_names',
                        'add_nested_if',
                        'add_try_except_inside_functions',
                        'add_nested_list',
                        'add_datetime',
                        'add_time',
                        'add_crypto',
                        'add_sklearn',
                        'create_functions',
                        'add_decorator',
                        'add_http',
                        'add_scipy',
                        'add_base64',
                        'add_dateutil'],
  'diff_output': 'reasoning_transformation_cruxeval/CRUXEval/951a917df7397c9cb698ead54386db6d1db4ffb0/Transformation/sample_49.patch',
  'evaluation_tests_dir': '/home/yang/Benchmark/dataset/cruxeval/',
  'exception': None,
  'file_id': 'sample_49',
  'genetic_algorithm': None,
  'original_code': 'def f(text):\n'
                   '    if text.isidentifier():\n'
                   "        return ''.join((c for c in text if c.isdigit()))\n"
                   '    else:\n'
                   "        return ''.join(text)",
  'patch_path': 'reasoning_transformation_cruxeval/CRUXEval/951a917df7397c9cb698ead54386db6d1db4ffb0/Transformation/sample_49.patch',
  'single_rule': None,
  'source_file': '/home/yang/Benchmark/dataset/cruxeval/code//sample_49.py',
  'target_file': 'reasoning_transformation_cruxeval/CRUXEval/951a917df7397c9cb698ead54386db6d1db4ffb0/Transformation/sample_49.py',
  'test_results_after': ['tests_pass'],
  'test_results_before': ['tests_pass'],
  'total_time': 5.731125,
  'transformed_code': 'from dateutil.parser import parse\n'
                      'import base64\n'
                      'from scipy.stats import ttest_ind\n'
                      'from http.client import HTTPConnection\n'
                      '\n'
                      'def my_decorator(func):\n'
                      "    HTTPConnection('google.com', port=80)\n"
                      "    parse('2024-10-19 23:34:06')\n"
                      '\n'
                      '    def dec_result(*args, **kwargs):\n'
                      '        res = func(*args, **kwargs)\n'
                      '        return res\n'
                      '    return dec_result\n'
                      '\n'
                      '@my_decorator\n'
                      'def newFunc_BinOp0(a, b):\n'
                      '    ttest_ind([96, 60, 35], [63, 43, 2])\n'
                      '    return a & b\n'
                      'from sklearn.utils import shuffle\n'
                      'from cryptography.fernet import Fernet\n'
                      'import time\n'
                      'import datetime\n'
                      '\n'
                      'def f(text):\n'
                      "    base64.b64encode(b'63574654710126103532')\n"
                      '    shuffle([100, 58, 48])\n'
                      '    Fernet.generate_key()\n'
                      '    time.sleep(0.13)\n'
                      '    datetime.datetime.now()\n'
                      '    try:\n'
                      '        ConditionChecker12 = [69][0]\n'
                      '        ConditionChecker22 = 675\n'
                      '        if newFunc_BinOp0(ConditionChecker12, '
                      'ConditionChecker22):\n'
                      '            if text.isidentifier():\n'
                      "                return ''.join((newc_1 for newc_1 in "
                      'text if newc_1.isdigit()))\n'
                      '            else:\n'
                      "                return ''.join(text)\n"
                      '    except:\n'
                      '        pass'}
[END] processing file: sample_49. Total Time: 5.731125
END AT 2024-10-19 23:34:07.645588
