STARTING AT 2024-10-19 23:02:50.200862
[START] processing file: sample_744
*Running tests for: sample_744
 
Result: ['tests_pass']
tests_pass sample_744 /home/yang/Benchmark/dataset/cruxeval/code//sample_744.py
Apply all rules on a single file.
Checking transformation add_datetime
*Running tests for: sample_744
 
Result: ['tests_pass']
Checking transformation add_time
*Running tests for: sample_744
 
Result: ['tests_pass']
Checking transformation add_decorator
*Running tests for: sample_744
 
Result: ['tests_pass']
Checking transformation add_http
*Running tests for: sample_744
 
Result: ['tests_pass']
Checking transformation add_scipy
*Running tests for: sample_744
 
Result: ['tests_pass']
Checking transformation add_base64
*Running tests for: sample_744
 
Result: ['tests_pass']
Checking transformation add_dateutil
*Running tests for: sample_744
 
Result: ['tests_pass']
The file 'reasoning_transformation_cruxeval/CRUXEval/e1f735e05ec0002c7d6ed7d62be776995bf4ddf4/Transformation/sample_744.py' has been formatted successfully.
Checking reasoning_transformation_cruxeval/CRUXEval/e1f735e05ec0002c7d6ed7d62be776995bf4ddf4/Transformation/sample_744.py
*Running tests for: sample_744
 
Result: ['tests_pass']
{ 'applicable_rules': [ 'change_var_names',
                        'add_try_except_inside_functions',
                        'add_datetime',
                        'add_time',
                        'add_crypto',
                        'add_sklearn',
                        'add_decorator',
                        'add_http',
                        'add_scipy',
                        'add_base64',
                        'add_dateutil'],
  'diff_output': 'reasoning_transformation_cruxeval/CRUXEval/e1f735e05ec0002c7d6ed7d62be776995bf4ddf4/Transformation/sample_744.patch',
  'evaluation_tests_dir': '/home/yang/Benchmark/dataset/cruxeval/',
  'exception': None,
  'file_id': 'sample_744',
  'genetic_algorithm': None,
  'original_code': 'def f(text, new_ending):\n'
                   '    result = list(text)\n'
                   '    result.extend(new_ending)\n'
                   "    return ''.join(result)",
  'patch_path': 'reasoning_transformation_cruxeval/CRUXEval/e1f735e05ec0002c7d6ed7d62be776995bf4ddf4/Transformation/sample_744.patch',
  'single_rule': None,
  'source_file': '/home/yang/Benchmark/dataset/cruxeval/code//sample_744.py',
  'target_file': 'reasoning_transformation_cruxeval/CRUXEval/e1f735e05ec0002c7d6ed7d62be776995bf4ddf4/Transformation/sample_744.py',
  'test_results_after': ['tests_pass'],
  'test_results_before': ['tests_pass'],
  'total_time': 3.79616,
  'transformed_code': 'from dateutil.parser import parse\n'
                      'import base64\n'
                      'from scipy.stats import ttest_ind\n'
                      'from http.client import HTTPConnection\n'
                      '\n'
                      'def my_decorator(func):\n'
                      "    HTTPConnection('google.com', port=80)\n"
                      "    parse('2024-10-19 23:02:52')\n"
                      '\n'
                      '    def dec_result(*args, **kwargs):\n'
                      '        res = func(*args, **kwargs)\n'
                      '        return res\n'
                      "    base64.b64encode(b'01795121458721573596')\n"
                      '    ttest_ind([88, 89, 2], [13, 24, 40])\n'
                      '    return dec_result\n'
                      'from sklearn.utils import shuffle\n'
                      'from cryptography.fernet import Fernet\n'
                      'import time\n'
                      'import datetime\n'
                      '\n'
                      '@my_decorator\n'
                      'def f(text, new_ending):\n'
                      '    Fernet.generate_key()\n'
                      '    datetime.datetime.now()\n'
                      '    time.sleep(0.03)\n'
                      '    shuffle([36, 87, 83])\n'
                      '    try:\n'
                      '        newresult_1 = list(text)\n'
                      '        newresult_1.extend(new_ending)\n'
                      "        return ''.join(newresult_1)\n"
                      '    except:\n'
                      '        pass'}
[END] processing file: sample_744. Total Time: 3.79616
END AT 2024-10-19 23:02:53.998884
