STARTING AT 2024-10-19 22:56:50.367595
[START] processing file: sample_676
*Running tests for: sample_676
 
Result: ['tests_pass']
tests_pass sample_676 /home/yang/Benchmark/dataset/cruxeval/code//sample_676.py
Apply all rules on a single file.
Checking transformation add_datetime
*Running tests for: sample_676
 
Result: ['tests_pass']
Checking transformation add_time
*Running tests for: sample_676
 
Result: ['tests_pass']
Checking transformation create_functions
*Running tests for: sample_676
 
Result: ['tests_pass']
Checking transformation add_decorator
*Running tests for: sample_676
 
Result: ['tests_pass']
Checking transformation add_http
*Running tests for: sample_676
 
Result: ['tests_pass']
Checking transformation add_scipy
*Running tests for: sample_676
 
Result: ['tests_pass']
Checking transformation add_base64
*Running tests for: sample_676
 
Result: ['tests_pass']
Checking transformation add_dateutil
*Running tests for: sample_676
 
Result: ['tests_pass']
The file 'reasoning_transformation_cruxeval/CRUXEval/e1f735e05ec0002c7d6ed7d62be776995bf4ddf4/Transformation/sample_676.py' has been formatted successfully.
Checking reasoning_transformation_cruxeval/CRUXEval/e1f735e05ec0002c7d6ed7d62be776995bf4ddf4/Transformation/sample_676.py
*Running tests for: sample_676
 
Result: ['tests_pass']
{ 'applicable_rules': [ 'add_try_except_inside_functions',
                        'add_datetime',
                        'add_time',
                        'add_crypto',
                        'add_sklearn',
                        'create_functions',
                        'add_decorator',
                        'add_http',
                        'add_scipy',
                        'add_base64',
                        'add_dateutil'],
  'diff_output': 'reasoning_transformation_cruxeval/CRUXEval/e1f735e05ec0002c7d6ed7d62be776995bf4ddf4/Transformation/sample_676.patch',
  'evaluation_tests_dir': '/home/yang/Benchmark/dataset/cruxeval/',
  'exception': None,
  'file_id': 'sample_676',
  'genetic_algorithm': None,
  'original_code': 'def f(text, tab_size):\n'
                   "    return text.replace('\\t', ' ' * tab_size)",
  'patch_path': 'reasoning_transformation_cruxeval/CRUXEval/e1f735e05ec0002c7d6ed7d62be776995bf4ddf4/Transformation/sample_676.patch',
  'single_rule': None,
  'source_file': '/home/yang/Benchmark/dataset/cruxeval/code//sample_676.py',
  'target_file': 'reasoning_transformation_cruxeval/CRUXEval/e1f735e05ec0002c7d6ed7d62be776995bf4ddf4/Transformation/sample_676.py',
  'test_results_after': ['tests_pass'],
  'test_results_before': ['tests_pass'],
  'total_time': 6.881842,
  'transformed_code': 'from dateutil.parser import parse\n'
                      'import base64\n'
                      'from scipy.stats import ttest_ind\n'
                      'from http.client import HTTPConnection\n'
                      '\n'
                      'def my_decorator(func):\n'
                      '\n'
                      '    def dec_result(*args, **kwargs):\n'
                      '        res = func(*args, **kwargs)\n'
                      '        return res\n'
                      '    return dec_result\n'
                      '\n'
                      '@my_decorator\n'
                      'def newFunc_BinOp0(a, b):\n'
                      "    base64.b64encode(b'74437431684939569541')\n"
                      '    return a * b\n'
                      'from sklearn.utils import shuffle\n'
                      'from cryptography.fernet import Fernet\n'
                      'import time\n'
                      'import datetime\n'
                      '\n'
                      'def f(text, tab_size):\n'
                      "    HTTPConnection('google.com', port=80)\n"
                      '    time.sleep(0.3)\n'
                      '    shuffle([29, 40, 61])\n'
                      '    Fernet.generate_key()\n'
                      '    datetime.datetime.now()\n'
                      "    parse('2024-10-19 22:56:55')\n"
                      '    ttest_ind([62, 63, 52], [3, 43, 41])\n'
                      '    try:\n'
                      "        return text.replace('\\t', newFunc_BinOp0(' ', "
                      'tab_size))\n'
                      '    except:\n'
                      '        pass'}
[END] processing file: sample_676. Total Time: 6.881842
END AT 2024-10-19 22:56:57.251376
