STARTING AT 2024-10-19 23:37:24.721005
[START] processing file: sample_637
*Running tests for: sample_637
 
Result: ['tests_pass']
tests_pass sample_637 /home/yang/Benchmark/dataset/cruxeval/code//sample_637.py
Apply all rules on a single file.
Checking transformation add_nested_for_out
*Running tests for: sample_637
 
Result: ['tests_pass']
Checking transformation add_nested_if
*Running tests for: sample_637
 
Result: ['tests_pass']
Checking transformation add_nested_list
*Running tests for: sample_637
 
Result: ['tests_pass']
Checking transformation transform_range_to_recursion
*Running tests for: sample_637
 Traceback (most recent call last):
  File "/home/yang/Benchmark/.tmp_test/tmp_test.pysample_637", line 21, in <module>
    assert f('03625163633 d') == 'no'
AssertionError

output_actual, stderr_data: ('', b'Traceback (most recent call last):\n  File "/home/yang/Benchmark/.tmp_test/tmp_test.pysample_637", line 21, in <module>\n    assert f(\'03625163633 d\') == \'no\'\nAssertionError\n')
Result: ['error_or_timeout']
Drop transform_range_to_recursion due to ['error_or_timeout']
Checking transformation add_datetime
*Running tests for: sample_637
 
Result: ['tests_pass']
Checking transformation add_time
*Running tests for: sample_637
 
Result: ['tests_pass']
Checking transformation create_functions
*Running tests for: sample_637
 
Result: ['tests_pass']
Checking transformation add_decorator
*Running tests for: sample_637
 
Result: ['tests_pass']
Checking transformation add_http
*Running tests for: sample_637
 
Result: ['tests_pass']
Checking transformation add_scipy
*Running tests for: sample_637
 
Result: ['tests_pass']
Checking transformation add_base64
*Running tests for: sample_637
 
Result: ['tests_pass']
Checking transformation add_dateutil
*Running tests for: sample_637
 
Result: ['tests_pass']
The file 'reasoning_transformation_cruxeval/CRUXEval/951a917df7397c9cb698ead54386db6d1db4ffb0/Transformation/sample_637.py' has been formatted successfully.
Checking reasoning_transformation_cruxeval/CRUXEval/951a917df7397c9cb698ead54386db6d1db4ffb0/Transformation/sample_637.py
*Running tests for: sample_637
 
Result: ['tests_pass']
{ 'applicable_rules': [ 'change_var_names',
                        'add_nested_for_out',
                        'add_nested_if',
                        'add_try_except_inside_functions',
                        'add_else_to_for',
                        'add_nested_list',
                        'add_datetime',
                        'add_time',
                        'add_crypto',
                        'add_sklearn',
                        'create_functions',
                        'add_decorator',
                        'add_http',
                        'add_scipy',
                        'add_base64',
                        'add_dateutil'],
  'diff_output': 'reasoning_transformation_cruxeval/CRUXEval/951a917df7397c9cb698ead54386db6d1db4ffb0/Transformation/sample_637.patch',
  'evaluation_tests_dir': '/home/yang/Benchmark/dataset/cruxeval/',
  'exception': None,
  'file_id': 'sample_637',
  'genetic_algorithm': None,
  'original_code': 'def f(text):\n'
                   "    text = text.split(' ')\n"
                   '    for t in text:\n'
                   '        if not t.isnumeric():\n'
                   "            return 'no'\n"
                   "    return 'yes'",
  'patch_path': 'reasoning_transformation_cruxeval/CRUXEval/951a917df7397c9cb698ead54386db6d1db4ffb0/Transformation/sample_637.patch',
  'single_rule': None,
  'source_file': '/home/yang/Benchmark/dataset/cruxeval/code//sample_637.py',
  'target_file': 'reasoning_transformation_cruxeval/CRUXEval/951a917df7397c9cb698ead54386db6d1db4ffb0/Transformation/sample_637.py',
  'test_results_after': ['tests_pass'],
  'test_results_before': ['tests_pass'],
  'total_time': 6.024066,
  'transformed_code': 'from dateutil.parser import parse\n'
                      'import base64\n'
                      'from scipy.stats import ttest_ind\n'
                      'from http.client import HTTPConnection\n'
                      '\n'
                      'def my_decorator(func):\n'
                      '\n'
                      '    def dec_result(*args, **kwargs):\n'
                      '        res = func(*args, **kwargs)\n'
                      '        return res\n'
                      "    HTTPConnection('google.com', port=80)\n"
                      '    return dec_result\n'
                      '\n'
                      '@my_decorator\n'
                      'def newFunc_BinOp0(a, b):\n'
                      "    base64.b64encode(b'43959827654001106041')\n"
                      '    return a // b\n'
                      'from sklearn.utils import shuffle\n'
                      'from cryptography.fernet import Fernet\n'
                      'import time\n'
                      'import datetime\n'
                      '\n'
                      'def f(text):\n'
                      "    parse('2024-10-19 23:37:29')\n"
                      '    shuffle([29, 64, 79])\n'
                      '    time.sleep(0.17)\n'
                      '    ttest_ind([21, 77, 94], [8, 41, 12])\n'
                      '    Fernet.generate_key()\n'
                      '    datetime.datetime.now()\n'
                      '    try:\n'
                      "        text = text.split(' ')\n"
                      '        LoopChecker13 = [15][0]\n'
                      '        LoopChecker23 = 14\n'
                      '        ConditionChecker17 = 2\n'
                      '        ConditionChecker27 = 186\n'
                      '        for LoopIndexOut in '
                      'range(newFunc_BinOp0(LoopChecker13, LoopChecker23)):\n'
                      '            for newt_1 in text:\n'
                      '                if ConditionChecker17 & '
                      'ConditionChecker27:\n'
                      '                    if not newt_1.isnumeric():\n'
                      "                        return 'no'\n"
                      '        else:\n'
                      '            pass\n'
                      "        return 'yes'\n"
                      '    except:\n'
                      '        pass'}
[END] processing file: sample_637. Total Time: 6.024066
END AT 2024-10-19 23:37:30.747173
