STARTING AT 2024-10-19 22:25:40.798735
[START] processing file: sample_380
*Running tests for: sample_380
 
Result: ['tests_pass']
tests_pass sample_380 /home/yang/Benchmark/dataset/cruxeval/code//sample_380.py
Apply all rules on a single file.
Checking transformation add_datetime
*Running tests for: sample_380
 
Result: ['tests_pass']
Checking transformation add_time
*Running tests for: sample_380
 
Result: ['tests_pass']
def newFunc_61807(arg0, arg1):
    return arg0 + arg1
Checking transformation create_functions
*Running tests for: sample_380
 
Result: ['tests_pass']
Checking transformation add_decorator
*Running tests for: sample_380
 
Result: ['tests_pass']
Checking transformation add_http
*Running tests for: sample_380
 
Result: ['tests_pass']
Checking transformation add_scipy
*Running tests for: sample_380
 
Result: ['tests_pass']
Checking transformation add_base64
*Running tests for: sample_380
 
Result: ['tests_pass']
Checking transformation add_dateutil
*Running tests for: sample_380
 
Result: ['tests_pass']
The file 'reasoning_transformation_cruxeval/CRUXEval/e1f735e05ec0002c7d6ed7d62be776995bf4ddf4/Transformation/sample_380.py' has been formatted successfully.
Checking reasoning_transformation_cruxeval/CRUXEval/e1f735e05ec0002c7d6ed7d62be776995bf4ddf4/Transformation/sample_380.py
*Running tests for: sample_380
 
Result: ['tests_pass']
{ 'applicable_rules': [ 'change_var_names',
                        'add_try_except_inside_functions',
                        'add_datetime',
                        'add_time',
                        'add_crypto',
                        'add_sklearn',
                        'create_functions',
                        'add_decorator',
                        'add_http',
                        'add_scipy',
                        'add_base64',
                        'add_dateutil'],
  'diff_output': 'reasoning_transformation_cruxeval/CRUXEval/e1f735e05ec0002c7d6ed7d62be776995bf4ddf4/Transformation/sample_380.patch',
  'evaluation_tests_dir': '/home/yang/Benchmark/dataset/cruxeval/',
  'exception': None,
  'file_id': 'sample_380',
  'genetic_algorithm': None,
  'original_code': 'def f(text, delimiter):\n'
                   '    text = text.rpartition(delimiter)\n'
                   '    return text[0] + text[-1]',
  'patch_path': 'reasoning_transformation_cruxeval/CRUXEval/e1f735e05ec0002c7d6ed7d62be776995bf4ddf4/Transformation/sample_380.patch',
  'single_rule': None,
  'source_file': '/home/yang/Benchmark/dataset/cruxeval/code//sample_380.py',
  'target_file': 'reasoning_transformation_cruxeval/CRUXEval/e1f735e05ec0002c7d6ed7d62be776995bf4ddf4/Transformation/sample_380.py',
  'test_results_after': ['tests_pass'],
  'test_results_before': ['tests_pass'],
  'total_time': 5.613281,
  'transformed_code': 'from dateutil.parser import parse\n'
                      'import base64\n'
                      'from scipy.stats import ttest_ind\n'
                      'from http.client import HTTPConnection\n'
                      '\n'
                      'def my_decorator(func):\n'
                      '\n'
                      '    def dec_result(*args, **kwargs):\n'
                      '        res = func(*args, **kwargs)\n'
                      '        return res\n'
                      "    parse('2024-10-19 22:25:44')\n"
                      "    base64.b64encode(b'72197615590778162992')\n"
                      '    return dec_result\n'
                      '\n'
                      '@my_decorator\n'
                      'def newFunc_61807(arg0, arg1):\n'
                      '    return arg0 + arg1\n'
                      'from sklearn.utils import shuffle\n'
                      'from cryptography.fernet import Fernet\n'
                      'import time\n'
                      'import datetime\n'
                      '\n'
                      'def f(newtext_1, delimiter):\n'
                      '    Fernet.generate_key()\n'
                      '    datetime.datetime.now()\n'
                      '    shuffle([72, 13, 1])\n'
                      "    HTTPConnection('google.com', port=80)\n"
                      '    ttest_ind([13, 89, 85], [97, 41, 69])\n'
                      '    time.sleep(0.15)\n'
                      '    try:\n'
                      '        newtext_1 = newtext_1.rpartition(delimiter)\n'
                      '        return newFunc_61807(newtext_1[0], '
                      'newtext_1[-1])\n'
                      '    except:\n'
                      '        pass'}
[END] processing file: sample_380. Total Time: 5.613281
END AT 2024-10-19 22:25:46.413981
