STARTING AT 2024-10-19 22:07:40.479288
[START] processing file: sample_229
*Running tests for: sample_229
 
Result: ['tests_pass']
tests_pass sample_229 /home/yang/Benchmark/dataset/cruxeval/code//sample_229.py
Apply all rules on a single file.
Checking transformation add_nested_for_out
*Running tests for: sample_229
 
Result: ['tests_pass']
Checking transformation add_nested_if
*Running tests for: sample_229
 
Result: ['tests_pass']
Checking transformation add_nested_list
*Running tests for: sample_229
 
Result: ['tests_pass']
Checking transformation transform_range_to_recursion
*Running tests for: sample_229
 
Result: ['tests_pass']
Checking transformation add_datetime
*Running tests for: sample_229
 
Result: ['tests_pass']
Checking transformation add_time
*Running tests for: sample_229
 
Result: ['tests_pass']
Checking transformation create_functions
*Running tests for: sample_229
 
Result: ['tests_pass']
Checking transformation add_decorator
*Running tests for: sample_229
 
Result: ['tests_pass']
Checking transformation add_http
*Running tests for: sample_229
 
Result: ['tests_pass']
Checking transformation add_scipy
*Running tests for: sample_229
 
Result: ['tests_pass']
Checking transformation add_base64
*Running tests for: sample_229
 
Result: ['tests_pass']
Checking transformation add_dateutil
*Running tests for: sample_229
 
Result: ['tests_pass']
The file 'reasoning_transformation_cruxeval/CRUXEval/e1f735e05ec0002c7d6ed7d62be776995bf4ddf4/Transformation/sample_229.py' has been formatted successfully.
Checking reasoning_transformation_cruxeval/CRUXEval/e1f735e05ec0002c7d6ed7d62be776995bf4ddf4/Transformation/sample_229.py
*Running tests for: sample_229
 
Result: ['tests_pass']
{ 'applicable_rules': [ 'change_var_names',
                        'add_nested_for_out',
                        'add_nested_if',
                        'add_try_except_inside_functions',
                        'add_else_to_for',
                        'add_nested_list',
                        'transform_range_to_recursion',
                        'add_datetime',
                        'add_time',
                        'add_crypto',
                        'add_sklearn',
                        'create_functions',
                        'add_decorator',
                        'add_http',
                        'add_scipy',
                        'add_base64',
                        'add_dateutil'],
  'diff_output': 'reasoning_transformation_cruxeval/CRUXEval/e1f735e05ec0002c7d6ed7d62be776995bf4ddf4/Transformation/sample_229.patch',
  'evaluation_tests_dir': '/home/yang/Benchmark/dataset/cruxeval/',
  'exception': None,
  'file_id': 'sample_229',
  'genetic_algorithm': None,
  'original_code': 'def f(dic, value):\n'
                   '    result = []\n'
                   '    for e in dic:\n'
                   '        result.append(e[0])\n'
                   '        if e[1] == value:\n'
                   '            result.reverse()\n'
                   '        else:\n'
                   '            result.append(e[1])\n'
                   '    return result',
  'patch_path': 'reasoning_transformation_cruxeval/CRUXEval/e1f735e05ec0002c7d6ed7d62be776995bf4ddf4/Transformation/sample_229.patch',
  'single_rule': None,
  'source_file': '/home/yang/Benchmark/dataset/cruxeval/code//sample_229.py',
  'target_file': 'reasoning_transformation_cruxeval/CRUXEval/e1f735e05ec0002c7d6ed7d62be776995bf4ddf4/Transformation/sample_229.py',
  'test_results_after': ['tests_pass'],
  'test_results_before': ['tests_pass'],
  'total_time': 6.238294,
  'transformed_code': 'from dateutil.parser import parse\n'
                      'import base64\n'
                      'from scipy.stats import ttest_ind\n'
                      'from http.client import HTTPConnection\n'
                      '\n'
                      'def my_decorator(func):\n'
                      '\n'
                      '    def dec_result(*args, **kwargs):\n'
                      '        res = func(*args, **kwargs)\n'
                      '        return res\n'
                      "    parse('2024-10-19 22:07:44')\n"
                      '    return dec_result\n'
                      '\n'
                      '@my_decorator\n'
                      'def newFunc_BinOp0(a, b):\n'
                      "    HTTPConnection('google.com', port=80)\n"
                      '    return a & b\n'
                      'from sklearn.utils import shuffle\n'
                      'from cryptography.fernet import Fernet\n'
                      'import time\n'
                      'import datetime\n'
                      '\n'
                      'def f(dic, value):\n'
                      '    ttest_ind([63, 30, 29], [75, 88, 45])\n'
                      '    datetime.datetime.now()\n'
                      '    Fernet.generate_key()\n'
                      '    shuffle([27, 30, 78])\n'
                      "    base64.b64encode(b'42565992582689036542')\n"
                      '    time.sleep(0.2)\n'
                      '    try:\n'
                      '        result = [[]][0]\n'
                      '        LoopChecker13 = 192\n'
                      '        LoopChecker23 = 191\n'
                      '        ConditionChecker18 = 152\n'
                      '        ConditionChecker28 = 961\n'
                      '\n'
                      '        def loop_8_8(LoopIndexOut, stop, step):\n'
                      '            if step == 0 or (step > 0 and LoopIndexOut '
                      '>= stop) or (step < 0 and LoopIndexOut <= stop):\n'
                      '                return\n'
                      '            for newe_1 in dic:\n'
                      '                result.append(newe_1[0])\n'
                      '                if newFunc_BinOp0(ConditionChecker18, '
                      'ConditionChecker28):\n'
                      '                    if newe_1[1] == value:\n'
                      '                        result.reverse()\n'
                      '                    else:\n'
                      '                        result.append(newe_1[1])\n'
                      '            loop_8_8(LoopIndexOut + step, stop, step)\n'
                      '        loop_8_8(0, LoopChecker13 // LoopChecker23, 1)\n'
                      '        return result\n'
                      '    except:\n'
                      '        pass'}
[END] processing file: sample_229. Total Time: 6.238294
END AT 2024-10-19 22:07:46.718770
