STARTING AT 2024-10-19 23:01:39.987999
[START] processing file: sample_722
*Running tests for: sample_722
 
Result: ['tests_pass']
tests_pass sample_722 /home/yang/Benchmark/dataset/cruxeval/code//sample_722.py
Apply all rules on a single file.
Checking transformation add_nested_for_out
*Running tests for: sample_722
 
Result: ['tests_pass']
Checking transformation add_nested_if
*Running tests for: sample_722
 
Result: ['tests_pass']
Checking transformation add_nested_list
*Running tests for: sample_722
 
Result: ['tests_pass']
Checking transformation transform_range_to_recursion
*Running tests for: sample_722
 
Result: ['tests_pass']
Checking transformation add_datetime
*Running tests for: sample_722
 
Result: ['tests_pass']
Checking transformation add_time
*Running tests for: sample_722
 
Result: ['tests_pass']
Checking transformation create_functions
*Running tests for: sample_722
 
Result: ['tests_pass']
Checking transformation add_decorator
*Running tests for: sample_722
 
Result: ['tests_pass']
Checking transformation add_http
*Running tests for: sample_722
 
Result: ['tests_pass']
Checking transformation add_scipy
*Running tests for: sample_722
 
Result: ['tests_pass']
Checking transformation add_base64
*Running tests for: sample_722
 
Result: ['tests_pass']
Checking transformation add_dateutil
*Running tests for: sample_722
 
Result: ['tests_pass']
The file 'reasoning_transformation_cruxeval/CRUXEval/e1f735e05ec0002c7d6ed7d62be776995bf4ddf4/Transformation/sample_722.py' has been formatted successfully.
Checking reasoning_transformation_cruxeval/CRUXEval/e1f735e05ec0002c7d6ed7d62be776995bf4ddf4/Transformation/sample_722.py
*Running tests for: sample_722
 
Result: ['tests_pass']
{ 'applicable_rules': [ 'change_var_names',
                        'add_nested_for_out',
                        'add_nested_if',
                        'add_try_except_inside_functions',
                        'add_else_to_for',
                        'add_nested_list',
                        'transform_range_to_recursion',
                        'add_datetime',
                        'add_time',
                        'add_crypto',
                        'add_sklearn',
                        'create_functions',
                        'add_decorator',
                        'add_http',
                        'add_scipy',
                        'add_base64',
                        'add_dateutil'],
  'diff_output': 'reasoning_transformation_cruxeval/CRUXEval/e1f735e05ec0002c7d6ed7d62be776995bf4ddf4/Transformation/sample_722.patch',
  'evaluation_tests_dir': '/home/yang/Benchmark/dataset/cruxeval/',
  'exception': None,
  'file_id': 'sample_722',
  'genetic_algorithm': None,
  'original_code': 'def f(text):\n'
                   "    out = ''\n"
                   '    for i in range(len(text)):\n'
                   '        if text[i].isupper():\n'
                   '            out += text[i].lower()\n'
                   '        else:\n'
                   '            out += text[i].upper()\n'
                   '    return out',
  'patch_path': 'reasoning_transformation_cruxeval/CRUXEval/e1f735e05ec0002c7d6ed7d62be776995bf4ddf4/Transformation/sample_722.patch',
  'single_rule': None,
  'source_file': '/home/yang/Benchmark/dataset/cruxeval/code//sample_722.py',
  'target_file': 'reasoning_transformation_cruxeval/CRUXEval/e1f735e05ec0002c7d6ed7d62be776995bf4ddf4/Transformation/sample_722.py',
  'test_results_after': ['tests_pass'],
  'test_results_before': ['tests_pass'],
  'total_time': 6.091187,
  'transformed_code': 'from dateutil.parser import parse\n'
                      'import base64\n'
                      'from scipy.stats import ttest_ind\n'
                      'from http.client import HTTPConnection\n'
                      '\n'
                      'def my_decorator(func):\n'
                      '\n'
                      '    def dec_result(*args, **kwargs):\n'
                      '        res = func(*args, **kwargs)\n'
                      '        return res\n'
                      "    base64.b64encode(b'94465247400916129207')\n"
                      '    return dec_result\n'
                      '\n'
                      '@my_decorator\n'
                      'def newFunc_BinOp0(a, b):\n'
                      "    parse('2024-10-19 23:01:44')\n"
                      '    ttest_ind([85, 84, 25], [96, 52, 94])\n'
                      "    HTTPConnection('google.com', port=80)\n"
                      '    return a // b\n'
                      'from sklearn.utils import shuffle\n'
                      'from cryptography.fernet import Fernet\n'
                      'import time\n'
                      'import datetime\n'
                      '\n'
                      'def f(text):\n'
                      '    time.sleep(0.18)\n'
                      '    shuffle([75, 25, 90])\n'
                      '    datetime.datetime.now()\n'
                      '    Fernet.generate_key()\n'
                      '    try:\n'
                      "        out = [''][0]\n"
                      '        LoopChecker13 = 404\n'
                      '        LoopChecker23 = 403\n'
                      '        ConditionChecker17 = 820\n'
                      '        ConditionChecker27 = 872\n'
                      '        for LoopIndexOut in '
                      'range(newFunc_BinOp0(LoopChecker13, LoopChecker23)):\n'
                      '\n'
                      '            def loop_9_12(newi_1, stop, step):\n'
                      '                nonlocal out\n'
                      '                if step == 0 or (step > 0 and newi_1 >= '
                      'stop) or (step < 0 and newi_1 <= stop):\n'
                      '                    return\n'
                      '                if ConditionChecker17 & '
                      'ConditionChecker27:\n'
                      '                    if text[newi_1].isupper():\n'
                      '                        out += text[newi_1].lower()\n'
                      '                    else:\n'
                      '                        out += text[newi_1].upper()\n'
                      '                loop_9_12(newi_1 + step, stop, step)\n'
                      '            loop_9_12(0, len(text), 1)\n'
                      '        else:\n'
                      '            pass\n'
                      '        return out\n'
                      '    except:\n'
                      '        pass'}
[END] processing file: sample_722. Total Time: 6.091187
END AT 2024-10-19 23:01:46.081517
