STARTING AT 2024-10-19 22:39:29.203230
[START] processing file: sample_507
*Running tests for: sample_507
 
Result: ['tests_pass']
tests_pass sample_507 /home/yang/Benchmark/dataset/cruxeval/code//sample_507.py
Apply all rules on a single file.
Checking transformation add_datetime
*Running tests for: sample_507
 
Result: ['tests_pass']
Checking transformation add_time
*Running tests for: sample_507
 
Result: ['tests_pass']
Checking transformation add_decorator
*Running tests for: sample_507
 
Result: ['tests_pass']
Checking transformation add_http
*Running tests for: sample_507
 
Result: ['tests_pass']
Checking transformation add_scipy
*Running tests for: sample_507
 
Result: ['tests_pass']
Checking transformation add_base64
*Running tests for: sample_507
 
Result: ['tests_pass']
Checking transformation add_dateutil
*Running tests for: sample_507
 
Result: ['tests_pass']
The file 'reasoning_transformation_cruxeval/CRUXEval/e1f735e05ec0002c7d6ed7d62be776995bf4ddf4/Transformation/sample_507.py' has been formatted successfully.
Checking reasoning_transformation_cruxeval/CRUXEval/e1f735e05ec0002c7d6ed7d62be776995bf4ddf4/Transformation/sample_507.py
*Running tests for: sample_507
 
Result: ['tests_pass']
{ 'applicable_rules': [ 'change_var_names',
                        'add_try_except_inside_functions',
                        'add_datetime',
                        'add_time',
                        'add_crypto',
                        'add_sklearn',
                        'add_decorator',
                        'add_http',
                        'add_scipy',
                        'add_base64',
                        'add_dateutil'],
  'diff_output': 'reasoning_transformation_cruxeval/CRUXEval/e1f735e05ec0002c7d6ed7d62be776995bf4ddf4/Transformation/sample_507.patch',
  'evaluation_tests_dir': '/home/yang/Benchmark/dataset/cruxeval/',
  'exception': None,
  'file_id': 'sample_507',
  'genetic_algorithm': None,
  'original_code': 'def f(text, search):\n'
                   '    result = text.lower()\n'
                   '    return result.find(search.lower())',
  'patch_path': 'reasoning_transformation_cruxeval/CRUXEval/e1f735e05ec0002c7d6ed7d62be776995bf4ddf4/Transformation/sample_507.patch',
  'single_rule': None,
  'source_file': '/home/yang/Benchmark/dataset/cruxeval/code//sample_507.py',
  'target_file': 'reasoning_transformation_cruxeval/CRUXEval/e1f735e05ec0002c7d6ed7d62be776995bf4ddf4/Transformation/sample_507.py',
  'test_results_after': ['tests_pass'],
  'test_results_before': ['tests_pass'],
  'total_time': 5.471132,
  'transformed_code': 'from dateutil.parser import parse\n'
                      'import base64\n'
                      'from scipy.stats import ttest_ind\n'
                      'from http.client import HTTPConnection\n'
                      '\n'
                      'def my_decorator(func):\n'
                      "    HTTPConnection('google.com', port=80)\n"
                      '    ttest_ind([90, 31, 52], [4, 15, 40])\n'
                      '\n'
                      '    def dec_result(*args, **kwargs):\n'
                      '        res = func(*args, **kwargs)\n'
                      '        return res\n'
                      "    base64.b64encode(b'52749197512009620598')\n"
                      "    parse('2024-10-19 22:39:32')\n"
                      '    return dec_result\n'
                      'from sklearn.utils import shuffle\n'
                      'from cryptography.fernet import Fernet\n'
                      'import time\n'
                      'import datetime\n'
                      '\n'
                      '@my_decorator\n'
                      'def f(text, search):\n'
                      '    Fernet.generate_key()\n'
                      '    datetime.datetime.now()\n'
                      '    shuffle([97, 43, 73])\n'
                      '    time.sleep(0.22)\n'
                      '    try:\n'
                      '        newresult_1 = text.lower()\n'
                      '        return newresult_1.find(search.lower())\n'
                      '    except:\n'
                      '        pass'}
[END] processing file: sample_507. Total Time: 5.471132
END AT 2024-10-19 22:39:34.675343
