STARTING AT 2024-10-19 22:51:50.262003
[START] processing file: sample_620
*Running tests for: sample_620
 
Result: ['tests_pass']
tests_pass sample_620 /home/yang/Benchmark/dataset/cruxeval/code//sample_620.py
Apply all rules on a single file.
Checking transformation add_datetime
*Running tests for: sample_620
 
Result: ['tests_pass']
Checking transformation add_time
*Running tests for: sample_620
 
Result: ['tests_pass']
Checking transformation add_decorator
*Running tests for: sample_620
 
Result: ['tests_pass']
Checking transformation add_http
*Running tests for: sample_620
 
Result: ['tests_pass']
Checking transformation add_scipy
*Running tests for: sample_620
 
Result: ['tests_pass']
Checking transformation add_base64
*Running tests for: sample_620
 
Result: ['tests_pass']
Checking transformation add_dateutil
*Running tests for: sample_620
 
Result: ['tests_pass']
The file 'reasoning_transformation_cruxeval/CRUXEval/e1f735e05ec0002c7d6ed7d62be776995bf4ddf4/Transformation/sample_620.py' has been formatted successfully.
Checking reasoning_transformation_cruxeval/CRUXEval/e1f735e05ec0002c7d6ed7d62be776995bf4ddf4/Transformation/sample_620.py
*Running tests for: sample_620
 
Result: ['tests_pass']
{ 'applicable_rules': [ 'add_try_except_inside_functions',
                        'add_datetime',
                        'add_time',
                        'add_crypto',
                        'add_sklearn',
                        'add_decorator',
                        'add_http',
                        'add_scipy',
                        'add_base64',
                        'add_dateutil'],
  'diff_output': 'reasoning_transformation_cruxeval/CRUXEval/e1f735e05ec0002c7d6ed7d62be776995bf4ddf4/Transformation/sample_620.patch',
  'evaluation_tests_dir': '/home/yang/Benchmark/dataset/cruxeval/',
  'exception': None,
  'file_id': 'sample_620',
  'genetic_algorithm': None,
  'original_code': "def f(x):\n    return ' '.join(list(x)[::-1])",
  'patch_path': 'reasoning_transformation_cruxeval/CRUXEval/e1f735e05ec0002c7d6ed7d62be776995bf4ddf4/Transformation/sample_620.patch',
  'single_rule': None,
  'source_file': '/home/yang/Benchmark/dataset/cruxeval/code//sample_620.py',
  'target_file': 'reasoning_transformation_cruxeval/CRUXEval/e1f735e05ec0002c7d6ed7d62be776995bf4ddf4/Transformation/sample_620.py',
  'test_results_after': ['tests_pass'],
  'test_results_before': ['tests_pass'],
  'total_time': 5.44534,
  'transformed_code': 'from dateutil.parser import parse\n'
                      'import base64\n'
                      'from scipy.stats import ttest_ind\n'
                      'from http.client import HTTPConnection\n'
                      '\n'
                      'def my_decorator(func):\n'
                      "    parse('2024-10-19 22:51:53')\n"
                      "    HTTPConnection('google.com', port=80)\n"
                      '\n'
                      '    def dec_result(*args, **kwargs):\n'
                      '        res = func(*args, **kwargs)\n'
                      '        return res\n'
                      '    return dec_result\n'
                      'from sklearn.utils import shuffle\n'
                      'from cryptography.fernet import Fernet\n'
                      'import time\n'
                      'import datetime\n'
                      '\n'
                      '@my_decorator\n'
                      'def f(x):\n'
                      '    time.sleep(0.23)\n'
                      '    shuffle([11, 95, 57])\n'
                      "    base64.b64encode(b'57484037574881443673')\n"
                      '    Fernet.generate_key()\n'
                      '    datetime.datetime.now()\n'
                      '    ttest_ind([61, 49, 13], [68, 56, 32])\n'
                      '    try:\n'
                      "        return ' '.join(list(x)[::-1])\n"
                      '    except:\n'
                      '        pass'}
[END] processing file: sample_620. Total Time: 5.44534
END AT 2024-10-19 22:51:55.708356
