STARTING AT 2024-10-19 22:46:48.239963
[START] processing file: sample_569
*Running tests for: sample_569
 
Result: ['tests_pass']
tests_pass sample_569 /home/yang/Benchmark/dataset/cruxeval/code//sample_569.py
Apply all rules on a single file.
Checking transformation add_nested_for_out
*Running tests for: sample_569
 
Result: ['tests_pass']
Checking transformation add_nested_if
*Running tests for: sample_569
 
Result: ['tests_pass']
Checking transformation add_nested_list
*Running tests for: sample_569
 
Result: ['tests_pass']
Checking transformation transform_range_to_recursion
*Running tests for: sample_569
 
Result: ['tests_pass']
Checking transformation replace_with_numpy
*Running tests for: sample_569
 Traceback (most recent call last):
  File "/home/yang/Benchmark/.tmp_test/tmp_test.pysample_569", line 25, in <module>
    assert f("11 1 1") == 6
AssertionError

output_actual, stderr_data: ('', b'Traceback (most recent call last):\n  File "/home/yang/Benchmark/.tmp_test/tmp_test.pysample_569", line 25, in <module>\n    assert f("11 1 1") == 6\nAssertionError\n')
Result: ['error_or_timeout']
Drop replace_with_numpy due to ['error_or_timeout']
Checking transformation add_datetime
*Running tests for: sample_569
 
Result: ['tests_pass']
Checking transformation add_time
*Running tests for: sample_569
 
Result: ['tests_pass']
Checking transformation create_functions
*Running tests for: sample_569
 
Result: ['tests_pass']
Checking transformation add_decorator
*Running tests for: sample_569
 
Result: ['tests_pass']
Checking transformation add_http
*Running tests for: sample_569
 
Result: ['tests_pass']
Checking transformation add_scipy
*Running tests for: sample_569
 
Result: ['tests_pass']
Checking transformation add_base64
*Running tests for: sample_569
 
Result: ['tests_pass']
Checking transformation add_dateutil
*Running tests for: sample_569
 
Result: ['tests_pass']
The file 'reasoning_transformation_cruxeval/CRUXEval/e1f735e05ec0002c7d6ed7d62be776995bf4ddf4/Transformation/sample_569.py' has been formatted successfully.
Checking reasoning_transformation_cruxeval/CRUXEval/e1f735e05ec0002c7d6ed7d62be776995bf4ddf4/Transformation/sample_569.py
*Running tests for: sample_569
 
Result: ['tests_pass']
{ 'applicable_rules': [ 'change_var_names',
                        'add_nested_for_out',
                        'add_nested_if',
                        'add_try_except_inside_functions',
                        'add_else_to_for',
                        'add_nested_list',
                        'transform_range_to_recursion',
                        'add_datetime',
                        'add_time',
                        'add_crypto',
                        'add_sklearn',
                        'create_functions',
                        'add_decorator',
                        'add_http',
                        'add_scipy',
                        'add_base64',
                        'add_dateutil'],
  'diff_output': 'reasoning_transformation_cruxeval/CRUXEval/e1f735e05ec0002c7d6ed7d62be776995bf4ddf4/Transformation/sample_569.patch',
  'evaluation_tests_dir': '/home/yang/Benchmark/dataset/cruxeval/',
  'exception': None,
  'file_id': 'sample_569',
  'genetic_algorithm': None,
  'original_code': 'def f(txt):\n'
                   '    coincidences = {}\n'
                   '    for c in txt:\n'
                   '        if c in coincidences:\n'
                   '            coincidences[c] += 1\n'
                   '        else:\n'
                   '            coincidences[c] = 1\n'
                   '    return sum(coincidences.values())',
  'patch_path': 'reasoning_transformation_cruxeval/CRUXEval/e1f735e05ec0002c7d6ed7d62be776995bf4ddf4/Transformation/sample_569.patch',
  'single_rule': None,
  'source_file': '/home/yang/Benchmark/dataset/cruxeval/code//sample_569.py',
  'target_file': 'reasoning_transformation_cruxeval/CRUXEval/e1f735e05ec0002c7d6ed7d62be776995bf4ddf4/Transformation/sample_569.py',
  'test_results_after': ['tests_pass'],
  'test_results_before': ['tests_pass'],
  'total_time': 6.960183,
  'transformed_code': 'from dateutil.parser import parse\n'
                      'import base64\n'
                      'from scipy.stats import ttest_ind\n'
                      'from http.client import HTTPConnection\n'
                      '\n'
                      'def my_decorator(func):\n'
                      '\n'
                      '    def dec_result(*args, **kwargs):\n'
                      '        res = func(*args, **kwargs)\n'
                      '        return res\n'
                      '    ttest_ind([93, 75, 62], [23, 61, 25])\n'
                      '    return dec_result\n'
                      '\n'
                      '@my_decorator\n'
                      'def newFunc_BinOp0(a, b):\n'
                      "    parse('2024-10-19 22:46:53')\n"
                      "    HTTPConnection('google.com', port=80)\n"
                      "    base64.b64encode(b'20334360404281145712')\n"
                      '    return a & b\n'
                      'from sklearn.utils import shuffle\n'
                      'from cryptography.fernet import Fernet\n'
                      'import time\n'
                      'import datetime\n'
                      '\n'
                      'def f(txt):\n'
                      '    shuffle([30, 76, 36])\n'
                      '    Fernet.generate_key()\n'
                      '    datetime.datetime.now()\n'
                      '    time.sleep(0.26)\n'
                      '    try:\n'
                      '        newcoincidences_1 = {}\n'
                      '        LoopChecker13 = [44][0]\n'
                      '        LoopChecker23 = 43\n'
                      '        ConditionChecker17 = 206\n'
                      '        ConditionChecker27 = 565\n'
                      '\n'
                      '        def loop_8_8(LoopIndexOut, stop, step):\n'
                      '            if step == 0 or (step > 0 and LoopIndexOut '
                      '>= stop) or (step < 0 and LoopIndexOut <= stop):\n'
                      '                return\n'
                      '            for c in txt:\n'
                      '                if newFunc_BinOp0(ConditionChecker17, '
                      'ConditionChecker27):\n'
                      '                    if c in newcoincidences_1:\n'
                      '                        newcoincidences_1[c] += 1\n'
                      '                    else:\n'
                      '                        newcoincidences_1[c] = 1\n'
                      '            loop_8_8(LoopIndexOut + step, stop, step)\n'
                      '        loop_8_8(0, LoopChecker13 // LoopChecker23, 1)\n'
                      '        return sum(newcoincidences_1.values())\n'
                      '    except:\n'
                      '        pass'}
[END] processing file: sample_569. Total Time: 6.960183
END AT 2024-10-19 22:46:55.201280
