STARTING AT 2024-10-19 22:31:12.860679
[START] processing file: sample_427
*Running tests for: sample_427
 
Result: ['tests_pass']
tests_pass sample_427 /home/yang/Benchmark/dataset/cruxeval/code//sample_427.py
Apply all rules on a single file.
Checking transformation add_nested_while_out
*Running tests for: sample_427
 
Result: ['tests_pass']
Checking transformation add_nested_list
*Running tests for: sample_427
 
Result: ['tests_pass']
Checking transformation add_datetime
*Running tests for: sample_427
 
Result: ['tests_pass']
Checking transformation add_time
*Running tests for: sample_427
 
Result: ['tests_pass']
Checking transformation create_functions
*Running tests for: sample_427
 
Result: ['tests_pass']
Checking transformation add_decorator
*Running tests for: sample_427
 
Result: ['tests_pass']
Checking transformation add_http
*Running tests for: sample_427
 
Result: ['tests_pass']
Checking transformation add_scipy
*Running tests for: sample_427
 
Result: ['tests_pass']
Checking transformation add_base64
*Running tests for: sample_427
 
Result: ['tests_pass']
Checking transformation add_dateutil
*Running tests for: sample_427
 
Result: ['tests_pass']
The file 'reasoning_transformation_cruxeval/CRUXEval/e1f735e05ec0002c7d6ed7d62be776995bf4ddf4/Transformation/sample_427.py' has been formatted successfully.
Checking reasoning_transformation_cruxeval/CRUXEval/e1f735e05ec0002c7d6ed7d62be776995bf4ddf4/Transformation/sample_427.py
*Running tests for: sample_427
 
Result: ['tests_pass']
{ 'applicable_rules': [ 'change_var_names',
                        'add_nested_while_out',
                        'add_try_except_inside_functions',
                        'add_else_to_while',
                        'add_nested_list',
                        'add_datetime',
                        'add_time',
                        'add_crypto',
                        'add_sklearn',
                        'create_functions',
                        'add_decorator',
                        'add_http',
                        'add_scipy',
                        'add_base64',
                        'add_dateutil',
                        'changing_AugAssign'],
  'diff_output': 'reasoning_transformation_cruxeval/CRUXEval/e1f735e05ec0002c7d6ed7d62be776995bf4ddf4/Transformation/sample_427.patch',
  'evaluation_tests_dir': '/home/yang/Benchmark/dataset/cruxeval/',
  'exception': None,
  'file_id': 'sample_427',
  'genetic_algorithm': None,
  'original_code': 'def f(s):\n'
                   '    count = len(s) - 1\n'
                   '    reverse_s = s[::-1]\n'
                   "    while count > 0 and reverse_s[::2].rfind('sea') == "
                   '-1:\n'
                   '        count -= 1\n'
                   '        reverse_s = reverse_s[:count]\n'
                   '    return reverse_s[count:]',
  'patch_path': 'reasoning_transformation_cruxeval/CRUXEval/e1f735e05ec0002c7d6ed7d62be776995bf4ddf4/Transformation/sample_427.patch',
  'single_rule': None,
  'source_file': '/home/yang/Benchmark/dataset/cruxeval/code//sample_427.py',
  'target_file': 'reasoning_transformation_cruxeval/CRUXEval/e1f735e05ec0002c7d6ed7d62be776995bf4ddf4/Transformation/sample_427.py',
  'test_results_after': ['tests_pass'],
  'test_results_before': ['tests_pass'],
  'total_time': 4.559362,
  'transformed_code': 'from dateutil.parser import parse\n'
                      'import base64\n'
                      'from scipy.stats import ttest_ind\n'
                      'from http.client import HTTPConnection\n'
                      '\n'
                      'def my_decorator(func):\n'
                      '\n'
                      '    def dec_result(*args, **kwargs):\n'
                      '        res = func(*args, **kwargs)\n'
                      '        return res\n'
                      '    return dec_result\n'
                      '\n'
                      '@my_decorator\n'
                      'def newFunc0_12(s, len, variable_3_12):\n'
                      "    parse('2024-10-19 22:31:16')\n"
                      '    ttest_ind([43, 83, 99], [73, 49, 85])\n'
                      '    return len(s) - variable_3_12\n'
                      'from sklearn.utils import shuffle\n'
                      'from cryptography.fernet import Fernet\n'
                      'import time\n'
                      'import datetime\n'
                      '\n'
                      'def f(s):\n'
                      '    datetime.datetime.now()\n'
                      '    Fernet.generate_key()\n'
                      "    HTTPConnection('google.com', port=80)\n"
                      '    time.sleep(0.01)\n'
                      '    shuffle([74, 48, 69])\n'
                      "    base64.b64encode(b'84674425718723280703')\n"
                      '    try:\n'
                      '        variable_3_12 = 1\n'
                      '        newcount_1 = newFunc0_12(s, len, '
                      'variable_3_12)\n'
                      '        reverse_s = s[::-1]\n'
                      '        whileloopchecker14 = [678][0]\n'
                      '        whileloopchecker24 = 677\n'
                      '        while whileloopchecker14 % whileloopchecker24 '
                      '== 1:\n'
                      '            whileloopchecker14 = whileloopchecker14 + '
                      '1\n'
                      '            while newcount_1 > 0 and '
                      "reverse_s[::2].rfind('sea') == -1:\n"
                      '                newcount_1 -= 1\n'
                      '                reverse_s = reverse_s[:newcount_1]\n'
                      '        else:\n'
                      '            pass\n'
                      '        return reverse_s[newcount_1:]\n'
                      '    except:\n'
                      '        pass'}
[END] processing file: sample_427. Total Time: 4.559362
END AT 2024-10-19 22:31:17.421719
