STARTING AT 2024-10-13 02:03:27.808371
[START] processing file: ClassEval_57
*Running tests for: ClassEval_57
....................
----------------------------------------------------------------------
Ran 20 tests in 0.001s

OK

Result: ['tests_pass']
tests_pass ClassEval_57 /home/yang/Benchmark/dataset/classeval/code//ClassEval_57.py
Apply all rules on a single file.
Checking transformation add_nested_for_out
*Running tests for: ClassEval_57
....................
----------------------------------------------------------------------
Ran 20 tests in 0.001s

OK

Result: ['tests_pass']
Checking transformation add_nested_if
*Running tests for: ClassEval_57
....................
----------------------------------------------------------------------
Ran 20 tests in 0.001s

OK

Result: ['tests_pass']
Checking transformation create_functions
*Running tests for: ClassEval_57
....................
----------------------------------------------------------------------
Ran 20 tests in 0.001s

OK

Result: ['tests_pass']
Checking transformation add_nested_list
*Running tests for: ClassEval_57
....................
----------------------------------------------------------------------
Ran 20 tests in 0.001s

OK

Result: ['tests_pass']
Checking transformation transform_range_to_recursion
*Running tests for: ClassEval_57
....................
----------------------------------------------------------------------
Ran 20 tests in 0.001s

OK

Result: ['tests_pass']
Checking transformation add_thread
*Running tests for: ClassEval_57
....................
----------------------------------------------------------------------
Ran 20 tests in 0.002s

OK

Result: ['tests_pass']
Checking transformation add_decorator
*Running tests for: ClassEval_57
....................
----------------------------------------------------------------------
Ran 20 tests in 0.002s

OK

Result: ['tests_pass']
Checking transformation add_datetime
*Running tests for: ClassEval_57
....................
----------------------------------------------------------------------
Ran 20 tests in 0.002s

OK

Result: ['tests_pass']
Checking transformation add_time
*Running tests for: ClassEval_57
....................
----------------------------------------------------------------------
Ran 20 tests in 0.336s

OK

Result: ['tests_pass']
Checking transformation add_http
*Running tests for: ClassEval_57
....................
----------------------------------------------------------------------
Ran 20 tests in 0.336s

OK

Result: ['tests_pass']
Checking transformation add_scipy
*Running tests for: ClassEval_57
....................
----------------------------------------------------------------------
Ran 20 tests in 0.335s

OK

Result: ['tests_pass']
Checking transformation add_base64
*Running tests for: ClassEval_57
....................
----------------------------------------------------------------------
Ran 20 tests in 0.336s

OK

Result: ['tests_pass']
Checking transformation add_dateutil
*Running tests for: ClassEval_57
....................
----------------------------------------------------------------------
Ran 20 tests in 0.337s

OK

Result: ['tests_pass']
The file 'reasoning_transformation/ClassEval/16f2cf44d2a3ae4989e322b7529f0a8dce9b4d54/Transformation/ClassEval_57.py' has been formatted successfully.
Checking reasoning_transformation/ClassEval/16f2cf44d2a3ae4989e322b7529f0a8dce9b4d54/Transformation/ClassEval_57.py
*Running tests for: ClassEval_57
....................
----------------------------------------------------------------------
Ran 20 tests in 0.337s

OK

Result: ['tests_pass']
{ 'applicable_rules': [ 'change_var_names',
                        'add_nested_for_out',
                        'add_nested_if',
                        'create_functions',
                        'add_try_except_inside_functions',
                        'add_else_to_for',
                        'add_nested_list',
                        'transform_range_to_recursion',
                        'add_thread',
                        'add_decorator',
                        'add_datetime',
                        'add_time',
                        'add_crypto',
                        'add_sklearn',
                        'add_http',
                        'add_scipy',
                        'add_base64',
                        'add_dateutil',
                        'changing_AugAssign'],
  'diff_output': 'reasoning_transformation/ClassEval/16f2cf44d2a3ae4989e322b7529f0a8dce9b4d54/Transformation/ClassEval_57.patch',
  'evaluation_tests_dir': '/home/yang/Benchmark/dataset/classeval/',
  'exception': None,
  'file_id': 'ClassEval_57',
  'genetic_algorithm': None,
  'original_code': 'import numpy as np\n'
                   '\n'
                   'class MetricsCalculator2:\n'
                   '\n'
                   '    def __init__(self):\n'
                   '        pass\n'
                   '\n'
                   '    @staticmethod\n'
                   '    def mrr(data):\n'
                   '        if type(data) != list and type(data) != tuple:\n'
                   "            raise Exception('the input must be a "
                   'tuple([0,...,1,...],int) or a iteration of list of '
                   "tuple')\n"
                   '        if len(data) == 0:\n'
                   '            return (0.0, [0.0])\n'
                   '        if type(data) == tuple:\n'
                   '            (sub_list, total_num) = data\n'
                   '            sub_list = np.array(sub_list)\n'
                   '            if total_num == 0:\n'
                   '                return (0.0, [0.0])\n'
                   '            else:\n'
                   '                ranking_array = 1.0 / '
                   '(np.array(list(range(len(sub_list)))) + 1)\n'
                   '                mr_np = sub_list * ranking_array\n'
                   '                mr = 0.0\n'
                   '                for team in mr_np:\n'
                   '                    if team > 0:\n'
                   '                        mr = team\n'
                   '                        break\n'
                   '                return (mr, [mr])\n'
                   '        if type(data) == list:\n'
                   '            separate_result = []\n'
                   '            for (sub_list, total_num) in data:\n'
                   '                sub_list = np.array(sub_list)\n'
                   '                if total_num == 0:\n'
                   '                    mr = 0.0\n'
                   '                else:\n'
                   '                    ranking_array = 1.0 / '
                   '(np.array(list(range(len(sub_list)))) + 1)\n'
                   '                    mr_np = sub_list * ranking_array\n'
                   '                    mr = 0.0\n'
                   '                    for team in mr_np:\n'
                   '                        if team > 0:\n'
                   '                            mr = team\n'
                   '                            break\n'
                   '                separate_result.append(mr)\n'
                   '            return (np.mean(separate_result), '
                   'separate_result)\n'
                   '\n'
                   '    @staticmethod\n'
                   '    def map(data):\n'
                   '        if type(data) != list and type(data) != tuple:\n'
                   "            raise Exception('the input must be a "
                   'tuple([0,...,1,...],int) or a iteration of list of '
                   "tuple')\n"
                   '        if len(data) == 0:\n'
                   '            return (0.0, [0.0])\n'
                   '        if type(data) == tuple:\n'
                   '            (sub_list, total_num) = data\n'
                   '            sub_list = np.array(sub_list)\n'
                   '            if total_num == 0:\n'
                   '                return (0.0, [0.0])\n'
                   '            else:\n'
                   '                ranking_array = 1.0 / '
                   '(np.array(list(range(len(sub_list)))) + 1)\n'
                   '                right_ranking_list = []\n'
                   '                count = 1\n'
                   '                for t in sub_list:\n'
                   '                    if t == 0:\n'
                   '                        right_ranking_list.append(0)\n'
                   '                    else:\n'
                   '                        right_ranking_list.append(count)\n'
                   '                        count += 1\n'
                   '                ap = np.sum(np.array(right_ranking_list) * '
                   'ranking_array) / total_num\n'
                   '                return (ap, [ap])\n'
                   '        if type(data) == list:\n'
                   '            separate_result = []\n'
                   '            for (sub_list, total_num) in data:\n'
                   '                sub_list = np.array(sub_list)\n'
                   '                if total_num == 0:\n'
                   '                    ap = 0.0\n'
                   '                else:\n'
                   '                    ranking_array = 1.0 / '
                   '(np.array(list(range(len(sub_list)))) + 1)\n'
                   '                    right_ranking_list = []\n'
                   '                    count = 1\n'
                   '                    for t in sub_list:\n'
                   '                        if t == 0:\n'
                   '                            right_ranking_list.append(0)\n'
                   '                        else:\n'
                   '                            '
                   'right_ranking_list.append(count)\n'
                   '                            count += 1\n'
                   '                    ap = '
                   'np.sum(np.array(right_ranking_list) * ranking_array) / '
                   'total_num\n'
                   '                separate_result.append(ap)\n'
                   '            return (np.mean(separate_result), '
                   'separate_result)',
  'patch_path': 'reasoning_transformation/ClassEval/16f2cf44d2a3ae4989e322b7529f0a8dce9b4d54/Transformation/ClassEval_57.patch',
  'single_rule': None,
  'source_file': '/home/yang/Benchmark/dataset/classeval/code//ClassEval_57.py',
  'target_file': 'reasoning_transformation/ClassEval/16f2cf44d2a3ae4989e322b7529f0a8dce9b4d54/Transformation/ClassEval_57.py',
  'test_results_after': ['tests_pass'],
  'test_results_before': ['tests_pass'],
  'total_time': 11.844085,
  'transformed_code': 'from dateutil.parser import parse\n'
                      'import base64\n'
                      'from scipy.stats import ttest_ind\n'
                      'from http.client import HTTPConnection\n'
                      'from sklearn.utils import shuffle\n'
                      'from cryptography.fernet import Fernet\n'
                      'import time\n'
                      'import datetime\n'
                      '\n'
                      'def my_decorator(func):\n'
                      "    HTTPConnection('google.com', port=80)\n"
                      '    shuffle([58, 93, 9])\n'
                      '    Fernet.generate_key()\n'
                      '    ttest_ind([69, 60, 76], [73, 73, 85])\n'
                      "    base64.b64encode(b'43139889215546662387')\n"
                      '\n'
                      '    def dec_result(*args, **kwargs):\n'
                      '        res = func(*args, **kwargs)\n'
                      '        return res\n'
                      '    return dec_result\n'
                      'import threading\n'
                      'import queue\n'
                      '\n'
                      '@my_decorator\n'
                      'def newFunc0_23(sub_list, np, range, len, '
                      'variable_6_23, list, variable_1_23):\n'
                      '    datetime.datetime.now()\n'
                      '    time.sleep(0.11)\n'
                      "    parse('2024-10-13 02:03:37')\n"
                      '    try:\n'
                      '        return variable_1_23 / '
                      '(np.array(list(range(len(sub_list)))) + variable_6_23)\n'
                      '    except:\n'
                      '        pass\n'
                      'import numpy as np\n'
                      '\n'
                      'class MetricsCalculator2:\n'
                      '\n'
                      '    def __init__(self):\n'
                      '        pass\n'
                      '\n'
                      '    @staticmethod\n'
                      '    def mrr(data):\n'
                      '        ConditionChecker110 = [47][0]\n'
                      '        ConditionChecker210 = 7\n'
                      '        if ConditionChecker110 & ConditionChecker210:\n'
                      '            if type(data) != list and type(data) != '
                      'tuple:\n'
                      "                raise Exception('the input must be a "
                      'tuple([0,...,1,...],int) or a iteration of list of '
                      "tuple')\n"
                      '        if len(data) == 0:\n'
                      '            return (0.0, [0.0])\n'
                      '        variable_1_23 = 1.0\n'
                      '        variable_6_23 = 1\n'
                      '        if type(data) == tuple:\n'
                      '            (sub_list, total_num) = data\n'
                      '            sub_list = np.array(sub_list)\n'
                      '            if total_num == 0:\n'
                      '                return (0.0, [0.0])\n'
                      '            else:\n'
                      '                queue_newFunc0_230 = queue.Queue()\n'
                      '\n'
                      '                def newFunc0_23_thread(queue):\n'
                      '                    result = newFunc0_23(sub_list, np, '
                      'range, len, variable_6_23, list, variable_1_23)\n'
                      '                    queue.put(result)\n'
                      '                thread_newFunc0_230 = '
                      'threading.Thread(target=newFunc0_23_thread, '
                      'args=(queue_newFunc0_230,))\n'
                      '                thread_newFunc0_230.start()\n'
                      '                thread_newFunc0_230.join()\n'
                      '                result_newFunc0_230 = '
                      'queue_newFunc0_230.get()\n'
                      '                ranking_array = result_newFunc0_230\n'
                      '                mr_np = sub_list * ranking_array\n'
                      '                mr = 0.0\n'
                      '                for team in mr_np:\n'
                      '                    if team > 0:\n'
                      '                        mr = team\n'
                      '                        break\n'
                      '                return (mr, [mr])\n'
                      '        if type(data) == list:\n'
                      '            separate_result = []\n'
                      '            LoopChecker130 = 677\n'
                      '            LoopChecker230 = 676\n'
                      '\n'
                      '            def loop_42_12(LoopIndexOut, stop, step):\n'
                      '                nonlocal sub_list, ranking_array, '
                      'mr_np, mr\n'
                      '                if step == 0 or (step > 0 and '
                      'LoopIndexOut >= stop) or (step < 0 and LoopIndexOut <= '
                      'stop):\n'
                      '                    return\n'
                      '                for (sub_list, total_num) in data:\n'
                      '                    sub_list = np.array(sub_list)\n'
                      '                    if total_num == 0:\n'
                      '                        mr = 0.0\n'
                      '                    else:\n'
                      '                        ranking_array = 1.0 / '
                      '(np.array(list(range(len(sub_list)))) + 1)\n'
                      '                        mr_np = sub_list * '
                      'ranking_array\n'
                      '                        mr = 0.0\n'
                      '                        for team in mr_np:\n'
                      '                            if team > 0:\n'
                      '                                mr = team\n'
                      '                                break\n'
                      '                    separate_result.append(mr)\n'
                      '                loop_42_12(LoopIndexOut + step, stop, '
                      'step)\n'
                      '            loop_42_12(0, LoopChecker130 // '
                      'LoopChecker230, 1)\n'
                      '            return (np.mean(separate_result), '
                      'separate_result)\n'
                      '\n'
                      '    @staticmethod\n'
                      '    def map(data):\n'
                      '        if type(data) != list and type(data) != tuple:\n'
                      "            raise Exception('the input must be a "
                      'tuple([0,...,1,...],int) or a iteration of list of '
                      "tuple')\n"
                      '        if len(data) == 0:\n'
                      '            return (0.0, [0.0])\n'
                      '        if type(data) == tuple:\n'
                      '            (sub_list, total_num) = data\n'
                      '            sub_list = np.array(sub_list)\n'
                      '            if total_num == 0:\n'
                      '                return (0.0, [0.0])\n'
                      '            else:\n'
                      '                ranking_array = 1.0 / '
                      '(np.array(list(range(len(sub_list)))) + 1)\n'
                      '                right_ranking_list = []\n'
                      '                newcount_1 = 1\n'
                      '                for t in sub_list:\n'
                      '                    if t == 0:\n'
                      '                        right_ranking_list.append(0)\n'
                      '                    else:\n'
                      '                        '
                      'right_ranking_list.append(newcount_1)\n'
                      '                        newcount_1 = newcount_1 + 1\n'
                      '                ap = '
                      'np.sum(np.array(right_ranking_list) * ranking_array) / '
                      'total_num\n'
                      '                return (ap, [ap])\n'
                      '        if type(data) == list:\n'
                      '            separate_result = []\n'
                      '            for (sub_list, total_num) in data:\n'
                      '                sub_list = np.array(sub_list)\n'
                      '                if total_num == 0:\n'
                      '                    ap = 0.0\n'
                      '                else:\n'
                      '                    ranking_array = 1.0 / '
                      '(np.array(list(range(len(sub_list)))) + 1)\n'
                      '                    right_ranking_list = []\n'
                      '                    newcount_1 = 1\n'
                      '                    for t in sub_list:\n'
                      '                        if t == 0:\n'
                      '                            '
                      'right_ranking_list.append(0)\n'
                      '                        else:\n'
                      '                            '
                      'right_ranking_list.append(newcount_1)\n'
                      '                            newcount_1 += 1\n'
                      '                    ap = '
                      'np.sum(np.array(right_ranking_list) * ranking_array) / '
                      'total_num\n'
                      '                separate_result.append(ap)\n'
                      '            return (np.mean(separate_result), '
                      'separate_result)'}
[END] processing file: ClassEval_57. Total Time: 11.844085
END AT 2024-10-13 02:03:39.658685
