STARTING AT 2024-10-13 01:53:50.164922
[START] processing file: ClassEval_28
*Running tests for: ClassEval_28
.....................
----------------------------------------------------------------------
Ran 21 tests in 0.030s

OK

Result: ['tests_pass']
tests_pass ClassEval_28 /home/yang/Benchmark/dataset/classeval/code//ClassEval_28.py
Apply all rules on a single file.
Checking transformation add_nested_for_out
*Running tests for: ClassEval_28
.....................
----------------------------------------------------------------------
Ran 21 tests in 0.028s

OK

Result: ['tests_pass']
Checking transformation add_nested_if
*Running tests for: ClassEval_28
.....................
----------------------------------------------------------------------
Ran 21 tests in 0.046s

OK

Result: ['tests_pass']
Checking transformation add_nested_list
*Running tests for: ClassEval_28
.....................
----------------------------------------------------------------------
Ran 21 tests in 0.028s

OK

Result: ['tests_pass']
Checking transformation transform_range_to_recursion
*Running tests for: ClassEval_28
  File "/home/yang/Benchmark/tmp_test.py", line 24
    nonlocal insert_query
    ^^^^^^^^^^^^^^^^^^^^^
SyntaxError: no binding for nonlocal 'insert_query' found

Result: ['error_or_timeout']
Drop transform_range_to_recursion due to ['error_or_timeout']
Checking transformation add_decorator
*Running tests for: ClassEval_28
.....................
----------------------------------------------------------------------
Ran 21 tests in 0.028s

OK

Result: ['tests_pass']
Checking transformation add_datetime
*Running tests for: ClassEval_28
.....................
----------------------------------------------------------------------
Ran 21 tests in 0.026s

OK

Result: ['tests_pass']
Checking transformation add_time
*Running tests for: ClassEval_28
.....................
----------------------------------------------------------------------
Ran 21 tests in 0.030s

OK

Result: ['tests_pass']
Checking transformation add_http
*Running tests for: ClassEval_28
.....................
----------------------------------------------------------------------
Ran 21 tests in 0.043s

OK

Result: ['tests_pass']
Checking transformation add_scipy
*Running tests for: ClassEval_28
.....................
----------------------------------------------------------------------
Ran 21 tests in 0.038s

OK

Result: ['tests_pass']
Checking transformation add_base64
*Running tests for: ClassEval_28
.....................
----------------------------------------------------------------------
Ran 21 tests in 0.050s

OK

Result: ['tests_pass']
Checking transformation add_dateutil
*Running tests for: ClassEval_28
.....................
----------------------------------------------------------------------
Ran 21 tests in 0.045s

OK

Result: ['tests_pass']
The file 'reasoning_transformation/ClassEval/16f2cf44d2a3ae4989e322b7529f0a8dce9b4d54/Transformation/ClassEval_28.py' has been formatted successfully.
Checking reasoning_transformation/ClassEval/16f2cf44d2a3ae4989e322b7529f0a8dce9b4d54/Transformation/ClassEval_28.py
*Running tests for: ClassEval_28
.....................
----------------------------------------------------------------------
Ran 21 tests in 0.053s

OK

Result: ['tests_pass']
{ 'applicable_rules': [ 'change_var_names',
                        'add_nested_for_out',
                        'add_nested_if',
                        'add_else_to_for',
                        'add_nested_list',
                        'add_decorator',
                        'add_datetime',
                        'add_time',
                        'add_crypto',
                        'add_sklearn',
                        'add_http',
                        'add_scipy',
                        'add_base64',
                        'add_dateutil'],
  'diff_output': 'reasoning_transformation/ClassEval/16f2cf44d2a3ae4989e322b7529f0a8dce9b4d54/Transformation/ClassEval_28.patch',
  'evaluation_tests_dir': '/home/yang/Benchmark/dataset/classeval/',
  'exception': None,
  'file_id': 'ClassEval_28',
  'genetic_algorithm': None,
  'original_code': 'import sqlite3\n'
                   'import pandas as pd\n'
                   '\n'
                   'class DatabaseProcessor:\n'
                   '\n'
                   '    def __init__(self, database_name):\n'
                   '        self.database_name = database_name\n'
                   '\n'
                   '    def create_table(self, table_name, key1, key2):\n'
                   '        conn = sqlite3.connect(self.database_name)\n'
                   '        cursor = conn.cursor()\n'
                   "        create_table_query = f'CREATE TABLE IF NOT EXISTS "
                   '{table_name} (id INTEGER PRIMARY KEY, {key1} TEXT, {key2} '
                   "INTEGER)'\n"
                   '        cursor.execute(create_table_query)\n'
                   '        conn.commit()\n'
                   '        conn.close()\n'
                   '\n'
                   '    def insert_into_database(self, table_name, data):\n'
                   '        conn = sqlite3.connect(self.database_name)\n'
                   '        cursor = conn.cursor()\n'
                   '        for item in data:\n'
                   "            insert_query = f'INSERT INTO {table_name} "
                   "(name, age) VALUES (?, ?)'\n"
                   "            cursor.execute(insert_query, (item['name'], "
                   "item['age']))\n"
                   '        conn.commit()\n'
                   '        conn.close()\n'
                   '\n'
                   '    def search_database(self, table_name, name):\n'
                   '        conn = sqlite3.connect(self.database_name)\n'
                   '        cursor = conn.cursor()\n'
                   "        select_query = f'SELECT * FROM {table_name} WHERE "
                   "name = ?'\n"
                   '        cursor.execute(select_query, (name,))\n'
                   '        result = cursor.fetchall()\n'
                   '        if result:\n'
                   '            return result\n'
                   '        else:\n'
                   '            return None\n'
                   '\n'
                   '    def delete_from_database(self, table_name, name):\n'
                   '        conn = sqlite3.connect(self.database_name)\n'
                   '        cursor = conn.cursor()\n'
                   "        delete_query = f'DELETE FROM {table_name} WHERE "
                   "name = ?'\n"
                   '        cursor.execute(delete_query, (name,))\n'
                   '        conn.commit()\n'
                   '        conn.close()',
  'patch_path': 'reasoning_transformation/ClassEval/16f2cf44d2a3ae4989e322b7529f0a8dce9b4d54/Transformation/ClassEval_28.patch',
  'single_rule': None,
  'source_file': '/home/yang/Benchmark/dataset/classeval/code//ClassEval_28.py',
  'target_file': 'reasoning_transformation/ClassEval/16f2cf44d2a3ae4989e322b7529f0a8dce9b4d54/Transformation/ClassEval_28.py',
  'test_results_after': ['tests_pass'],
  'test_results_before': ['tests_pass'],
  'total_time': 9.131397,
  'transformed_code': 'from dateutil.parser import parse\n'
                      'import base64\n'
                      'from scipy.stats import ttest_ind\n'
                      'from http.client import HTTPConnection\n'
                      'from sklearn.utils import shuffle\n'
                      'from cryptography.fernet import Fernet\n'
                      'import time\n'
                      'import datetime\n'
                      '\n'
                      'def my_decorator(func):\n'
                      '    ttest_ind([58, 30, 19], [1, 30, 4])\n'
                      '    datetime.datetime.now()\n'
                      '\n'
                      '    def dec_result(*args, **kwargs):\n'
                      '        res = func(*args, **kwargs)\n'
                      '        return res\n'
                      "    HTTPConnection('google.com', port=80)\n"
                      '    shuffle([2, 36, 83])\n'
                      '    time.sleep(0.18)\n'
                      '    Fernet.generate_key()\n'
                      "    parse('2024-10-13 01:53:57')\n"
                      "    base64.b64encode(b'95610378267111920953')\n"
                      '    return dec_result\n'
                      'import sqlite3\n'
                      'import pandas as pd\n'
                      '\n'
                      'class DatabaseProcessor:\n'
                      '\n'
                      '    @my_decorator\n'
                      '    def __init__(self, database_name):\n'
                      '        self.database_name = database_name\n'
                      '\n'
                      '    def create_table(self, table_name, key1, key2):\n'
                      '        conn = sqlite3.connect(self.database_name)\n'
                      '        cursor = conn.cursor()\n'
                      "        create_table_query = f'CREATE TABLE IF NOT "
                      'EXISTS {table_name} (id INTEGER PRIMARY KEY, {key1} '
                      "TEXT, {key2} INTEGER)'\n"
                      '        cursor.execute(create_table_query)\n'
                      '        conn.commit()\n'
                      '        conn.close()\n'
                      '\n'
                      '    def insert_into_database(self, table_name, data):\n'
                      '        conn = sqlite3.connect(self.database_name)\n'
                      '        cursor = conn.cursor()\n'
                      '        LoopChecker120 = [369][0]\n'
                      '        LoopChecker220 = 368\n'
                      '        for LoopIndexOut in range(LoopChecker120 // '
                      'LoopChecker220):\n'
                      '            for item in data:\n'
                      "                insert_query = f'INSERT INTO "
                      "{table_name} (name, age) VALUES (?, ?)'\n"
                      '                cursor.execute(insert_query, '
                      "(item['name'], item['age']))\n"
                      '        else:\n'
                      '            pass\n'
                      '        conn.commit()\n'
                      '        conn.close()\n'
                      '\n'
                      '    def search_database(self, table_name, name):\n'
                      '        ConditionChecker135 = 534\n'
                      '        ConditionChecker235 = 760\n'
                      '        conn = sqlite3.connect(self.database_name)\n'
                      '        cursor = conn.cursor()\n'
                      "        select_query = f'SELECT * FROM {table_name} "
                      "WHERE name = ?'\n"
                      '        cursor.execute(select_query, (name,))\n'
                      '        result = cursor.fetchall()\n'
                      '        if ConditionChecker135 & ConditionChecker235:\n'
                      '            if result:\n'
                      '                return result\n'
                      '            else:\n'
                      '                return None\n'
                      '\n'
                      '    def delete_from_database(self, table_name, name):\n'
                      '        conn = sqlite3.connect(self.database_name)\n'
                      '        cursor = conn.cursor()\n'
                      "        newdelete_query_1 = f'DELETE FROM {table_name} "
                      "WHERE name = ?'\n"
                      '        cursor.execute(newdelete_query_1, (name,))\n'
                      '        conn.commit()\n'
                      '        conn.close()'}
[END] processing file: ClassEval_28. Total Time: 9.131397
END AT 2024-10-13 01:53:59.298740
