STARTING AT 2024-10-15 01:59:20.459365
[START] processing file: ClassEval_32
*Running tests for: ClassEval_32
...................
----------------------------------------------------------------------
Ran 19 tests in 0.001s

OK

Result: ['tests_pass']
tests_pass ClassEval_32 /home/yang/Benchmark/dataset/classeval/code//ClassEval_32.py
Apply all rules on a single file.
Checking transformation add_nested_for_out
*Running tests for: ClassEval_32
...................
----------------------------------------------------------------------
Ran 19 tests in 0.001s

OK

Result: ['tests_pass']
Checking transformation add_nested_if
*Running tests for: ClassEval_32
...................
----------------------------------------------------------------------
Ran 19 tests in 0.001s

OK

Result: ['tests_pass']
Checking transformation add_nested_list
*Running tests for: ClassEval_32
...................
----------------------------------------------------------------------
Ran 19 tests in 0.001s

OK

Result: ['tests_pass']
Checking transformation transform_range_to_recursion
*Running tests for: ClassEval_32
  File "/home/yang/Benchmark/.tmp_test/tmp_test.py", line 12
    nonlocal plaintext, shifted_char, ascii_offset
    ^^^^^^^^^^^^^^^^^^^^^^^^^^^^^^^^^^^^^^^^^^^^^^
SyntaxError: no binding for nonlocal 'shifted_char' found

Result: ['error_or_timeout']
Drop transform_range_to_recursion due to ['error_or_timeout']
Checking transformation add_decorator
*Running tests for: ClassEval_32
...................
----------------------------------------------------------------------
Ran 19 tests in 0.001s

OK

Result: ['tests_pass']
Checking transformation add_datetime
*Running tests for: ClassEval_32
...................
----------------------------------------------------------------------
Ran 19 tests in 0.001s

OK

Result: ['tests_pass']
Checking transformation add_time
*Running tests for: ClassEval_32
...................
----------------------------------------------------------------------
Ran 19 tests in 1.525s

OK

Result: ['tests_pass']
Checking transformation create_functions
*Running tests for: ClassEval_32
...................
----------------------------------------------------------------------
Ran 19 tests in 1.529s

OK

Result: ['tests_pass']
Checking transformation add_http
*Running tests for: ClassEval_32
...................
----------------------------------------------------------------------
Ran 19 tests in 1.529s

OK

Result: ['tests_pass']
Checking transformation add_scipy
*Running tests for: ClassEval_32
...................
----------------------------------------------------------------------
Ran 19 tests in 1.562s

OK

Result: ['tests_pass']
Checking transformation add_base64
*Running tests for: ClassEval_32
...................
----------------------------------------------------------------------
Ran 19 tests in 1.559s

OK

Result: ['tests_pass']
Checking transformation add_dateutil
*Running tests for: ClassEval_32
...................
----------------------------------------------------------------------
Ran 19 tests in 1.559s

OK

Result: ['tests_pass']
The file 'reasoning_transformation_classeval/ClassEval/3ad1e93cfed65451f71dd1d0768a262e7e4afa36/Transformation/ClassEval_32.py' has been formatted successfully.
Checking reasoning_transformation_classeval/ClassEval/3ad1e93cfed65451f71dd1d0768a262e7e4afa36/Transformation/ClassEval_32.py
*Running tests for: ClassEval_32
...................
----------------------------------------------------------------------
Ran 19 tests in 1.558s

OK

Result: ['tests_pass']
{ 'applicable_rules': [ 'change_var_names',
                        'add_nested_for_out',
                        'add_nested_if',
                        'add_else_to_for',
                        'add_nested_list',
                        'add_decorator',
                        'add_datetime',
                        'add_time',
                        'add_crypto',
                        'add_sklearn',
                        'create_functions',
                        'add_http',
                        'add_scipy',
                        'add_base64',
                        'add_dateutil',
                        'changing_AugAssign'],
  'diff_output': 'reasoning_transformation_classeval/ClassEval/3ad1e93cfed65451f71dd1d0768a262e7e4afa36/Transformation/ClassEval_32.patch',
  'evaluation_tests_dir': '/home/yang/Benchmark/dataset/classeval/',
  'exception': None,
  'file_id': 'ClassEval_32',
  'genetic_algorithm': None,
  'original_code': 'class DecryptionUtils:\n'
                   '\n'
                   '    def __init__(self, key):\n'
                   '        self.key = key\n'
                   '\n'
                   '    def caesar_decipher(self, ciphertext, shift):\n'
                   "        plaintext = ''\n"
                   '        for char in ciphertext:\n'
                   '            if char.isalpha():\n'
                   '                if char.isupper():\n'
                   '                    ascii_offset = 65\n'
                   '                else:\n'
                   '                    ascii_offset = 97\n'
                   '                shifted_char = chr((ord(char) - '
                   'ascii_offset - shift) % 26 + ascii_offset)\n'
                   '                plaintext += shifted_char\n'
                   '            else:\n'
                   '                plaintext += char\n'
                   '        return plaintext\n'
                   '\n'
                   '    def vigenere_decipher(self, ciphertext):\n'
                   "        decrypted_text = ''\n"
                   '        key_index = 0\n'
                   '        for char in ciphertext:\n'
                   '            if char.isalpha():\n'
                   '                shift = ord(self.key[key_index % '
                   "len(self.key)].lower()) - ord('a')\n"
                   '                decrypted_char = chr((ord(char.lower()) - '
                   "ord('a') - shift) % 26 + ord('a'))\n"
                   '                decrypted_text += decrypted_char.upper() '
                   'if char.isupper() else decrypted_char\n'
                   '                key_index += 1\n'
                   '            else:\n'
                   '                decrypted_text += char\n'
                   '        return decrypted_text\n'
                   '\n'
                   '    def rail_fence_decipher(self, encrypted_text, rails):\n'
                   "        fence = [['\\n' for _ in "
                   'range(len(encrypted_text))] for _ in range(rails)]\n'
                   '        direction = -1\n'
                   '        (row, col) = (0, 0)\n'
                   '        for _ in range(len(encrypted_text)):\n'
                   '            if row == 0 or row == rails - 1:\n'
                   '                direction = -direction\n'
                   "            fence[row][col] = ''\n"
                   '            col += 1\n'
                   '            row += direction\n'
                   '        index = 0\n'
                   '        for i in range(rails):\n'
                   '            for j in range(len(encrypted_text)):\n'
                   "                if fence[i][j] == '':\n"
                   '                    fence[i][j] = encrypted_text[index]\n'
                   '                    index += 1\n'
                   "        plain_text = ''\n"
                   '        direction = -1\n'
                   '        (row, col) = (0, 0)\n'
                   '        for _ in range(len(encrypted_text)):\n'
                   '            if row == 0 or row == rails - 1:\n'
                   '                direction = -direction\n'
                   '            plain_text += fence[row][col]\n'
                   '            col += 1\n'
                   '            row += direction\n'
                   '        return plain_text',
  'patch_path': 'reasoning_transformation_classeval/ClassEval/3ad1e93cfed65451f71dd1d0768a262e7e4afa36/Transformation/ClassEval_32.patch',
  'single_rule': None,
  'source_file': '/home/yang/Benchmark/dataset/classeval/code//ClassEval_32.py',
  'target_file': 'reasoning_transformation_classeval/ClassEval/3ad1e93cfed65451f71dd1d0768a262e7e4afa36/Transformation/ClassEval_32.py',
  'test_results_after': ['tests_pass'],
  'test_results_before': ['tests_pass'],
  'total_time': 20.137572,
  'transformed_code': 'from dateutil.parser import parse\n'
                      'import base64\n'
                      'from scipy.stats import ttest_ind\n'
                      'from http.client import HTTPConnection\n'
                      '\n'
                      'def newFunc0_49(ord, variable_11_49, variable_7_49):\n'
                      '    return ord(variable_11_49.lower()) - '
                      'ord(variable_7_49)\n'
                      'from sklearn.utils import shuffle\n'
                      'from cryptography.fernet import Fernet\n'
                      'import time\n'
                      'import datetime\n'
                      '\n'
                      'def my_decorator(func):\n'
                      "    parse('2024-10-15 01:59:36')\n"
                      '\n'
                      '    def dec_result(*args, **kwargs):\n'
                      '        res = func(*args, **kwargs)\n'
                      '        return res\n'
                      '    return dec_result\n'
                      '\n'
                      'class DecryptionUtils:\n'
                      '\n'
                      '    @my_decorator\n'
                      '    def __init__(self, key):\n'
                      '        ttest_ind([10, 83, 92], [3, 87, 12])\n'
                      '        self.key = key\n'
                      '\n'
                      '    def caesar_decipher(self, ciphertext, shift):\n'
                      "        plaintext = [''][0]\n"
                      "        base64.b64encode(b'47114225318326764549')\n"
                      '        LoopChecker18 = 552\n'
                      '        LoopChecker28 = 551\n'
                      '        for LoopIndexOut in range(LoopChecker18 // '
                      'LoopChecker28):\n'
                      '            for char in ciphertext:\n'
                      '                if char.isalpha():\n'
                      '                    if char.isupper():\n'
                      '                        ascii_offset = 65\n'
                      '                    else:\n'
                      '                        ascii_offset = 97\n'
                      '                    shifted_char = chr((ord(char) - '
                      'ascii_offset - shift) % 26 + ascii_offset)\n'
                      '                    plaintext = plaintext + '
                      'shifted_char\n'
                      '                else:\n'
                      '                    plaintext += char\n'
                      '        else:\n'
                      '            pass\n'
                      '        time.sleep(0.19)\n'
                      '        return plaintext\n'
                      '\n'
                      '    def vigenere_decipher(self, ciphertext):\n'
                      "        decrypted_text = ''\n"
                      '        datetime.datetime.now()\n'
                      '        shuffle([30, 54, 30])\n'
                      '        key_index = 0\n'
                      '        ConditionChecker127 = 808\n'
                      '        ConditionChecker227 = 541\n'
                      '        for char in ciphertext:\n'
                      '            if ConditionChecker127 & '
                      'ConditionChecker227:\n'
                      '                if char.isalpha():\n'
                      '                    variable_11_49 = self.key[key_index '
                      '% len(self.key)]\n'
                      "                    variable_7_49 = 'a'\n"
                      '                    shift = newFunc0_49(ord, '
                      'variable_11_49, variable_7_49)\n'
                      '                    newdecrypted_char_1 = '
                      "chr((ord(char.lower()) - ord('a') - shift) % 26 + "
                      "ord('a'))\n"
                      '                    decrypted_text += '
                      'newdecrypted_char_1.upper() if char.isupper() else '
                      'newdecrypted_char_1\n'
                      '                    key_index += 1\n'
                      '                else:\n'
                      '                    decrypted_text += char\n'
                      "        HTTPConnection('google.com', port=80)\n"
                      '        Fernet.generate_key()\n'
                      '        return decrypted_text\n'
                      '\n'
                      '    def rail_fence_decipher(self, encrypted_text, '
                      'rails):\n'
                      "        fence = [['\\n' for _ in "
                      'range(len(encrypted_text))] for _ in range(rails)]\n'
                      '        direction = -1\n'
                      '        (row, col) = (0, 0)\n'
                      '        for _ in range(len(encrypted_text)):\n'
                      '            if row == 0 or row == rails - 1:\n'
                      '                direction = -direction\n'
                      "            fence[row][col] = ''\n"
                      '            col += 1\n'
                      '            row += direction\n'
                      '        index = 0\n'
                      '        for i in range(rails):\n'
                      '            for j in range(len(encrypted_text)):\n'
                      "                if fence[i][j] == '':\n"
                      '                    fence[i][j] = '
                      'encrypted_text[index]\n'
                      '                    index += 1\n'
                      "        plain_text = ''\n"
                      '        direction = -1\n'
                      '        (row, col) = (0, 0)\n'
                      '        for _ in range(len(encrypted_text)):\n'
                      '            if row == 0 or row == rails - 1:\n'
                      '                direction = -direction\n'
                      '            plain_text += fence[row][col]\n'
                      '            col += 1\n'
                      '            row += direction\n'
                      '        return plain_text'}
[END] processing file: ClassEval_32. Total Time: 20.137572
END AT 2024-10-15 01:59:40.601330
