STARTING AT 2024-10-13 02:04:55.798138
[START] processing file: ClassEval_67
*Running tests for: ClassEval_67
.................
----------------------------------------------------------------------
Ran 17 tests in 0.000s

OK

Result: ['tests_pass']
tests_pass ClassEval_67 /home/yang/Benchmark/dataset/classeval/code//ClassEval_67.py
Apply all rules on a single file.
Checking transformation add_nested_for_out
*Running tests for: ClassEval_67
.................
----------------------------------------------------------------------
Ran 17 tests in 0.000s

OK

Result: ['tests_pass']
Checking transformation add_nested_if
*Running tests for: ClassEval_67
.................
----------------------------------------------------------------------
Ran 17 tests in 0.000s

OK

Result: ['tests_pass']
Checking transformation create_functions
*Running tests for: ClassEval_67
.................
----------------------------------------------------------------------
Ran 17 tests in 0.000s

OK

Result: ['tests_pass']
Checking transformation add_nested_list
*Running tests for: ClassEval_67
.................
----------------------------------------------------------------------
Ran 17 tests in 0.000s

OK

Result: ['tests_pass']
Checking transformation transform_range_to_recursion
*Running tests for: ClassEval_67
..F..............
======================================================================
FAIL: test_add_dish_2 (__main__.OrderTestAddDish)
----------------------------------------------------------------------
Traceback (most recent call last):
  File "/home/yang/Benchmark/tmp_test.py", line 83, in test_add_dish_2
    self.assertFalse(result)
AssertionError: True is not false

----------------------------------------------------------------------
Ran 17 tests in 0.001s

FAILED (failures=1)

Result: ['failure']
Drop transform_range_to_recursion due to ['failure']
Checking transformation add_decorator
*Running tests for: ClassEval_67
.................
----------------------------------------------------------------------
Ran 17 tests in 0.000s

OK

Result: ['tests_pass']
Checking transformation add_datetime
*Running tests for: ClassEval_67
.................
----------------------------------------------------------------------
Ran 17 tests in 0.000s

OK

Result: ['tests_pass']
Checking transformation add_time
*Running tests for: ClassEval_67
.................
----------------------------------------------------------------------
Ran 17 tests in 1.806s

OK

Result: ['tests_pass']
Checking transformation add_http
*Running tests for: ClassEval_67
.................
----------------------------------------------------------------------
Ran 17 tests in 1.809s

OK

Result: ['tests_pass']
Checking transformation add_scipy
*Running tests for: ClassEval_67
.................
----------------------------------------------------------------------
Ran 17 tests in 1.816s

OK

Result: ['tests_pass']
Checking transformation add_base64
*Running tests for: ClassEval_67
.................
----------------------------------------------------------------------
Ran 17 tests in 1.819s

OK

Result: ['tests_pass']
Checking transformation add_dateutil
*Running tests for: ClassEval_67
.................
----------------------------------------------------------------------
Ran 17 tests in 1.818s

OK

Result: ['tests_pass']
The file 'reasoning_transformation/ClassEval/16f2cf44d2a3ae4989e322b7529f0a8dce9b4d54/Transformation/ClassEval_67.py' has been formatted successfully.
Checking reasoning_transformation/ClassEval/16f2cf44d2a3ae4989e322b7529f0a8dce9b4d54/Transformation/ClassEval_67.py
*Running tests for: ClassEval_67
.................
----------------------------------------------------------------------
Ran 17 tests in 1.817s

OK

Result: ['tests_pass']
{ 'applicable_rules': [ 'change_var_names',
                        'add_nested_for_out',
                        'add_nested_if',
                        'create_functions',
                        'add_try_except_inside_functions',
                        'add_else_to_for',
                        'add_nested_list',
                        'add_decorator',
                        'add_datetime',
                        'add_time',
                        'add_crypto',
                        'add_sklearn',
                        'add_http',
                        'add_scipy',
                        'add_base64',
                        'add_dateutil'],
  'diff_output': 'reasoning_transformation/ClassEval/16f2cf44d2a3ae4989e322b7529f0a8dce9b4d54/Transformation/ClassEval_67.patch',
  'evaluation_tests_dir': '/home/yang/Benchmark/dataset/classeval/',
  'exception': None,
  'file_id': 'ClassEval_67',
  'genetic_algorithm': None,
  'original_code': 'class Order:\n'
                   '\n'
                   '    def __init__(self):\n'
                   '        self.menu = []\n'
                   '        self.selected_dishes = []\n'
                   '        self.sales = {}\n'
                   '\n'
                   '    def add_dish(self, dish):\n'
                   '        for menu_dish in self.menu:\n'
                   "            if dish['dish'] == menu_dish['dish']:\n"
                   "                if menu_dish['count'] < dish['count']:\n"
                   '                    return False\n'
                   '                else:\n'
                   "                    menu_dish['count'] -= dish['count']\n"
                   '                    break\n'
                   '        self.selected_dishes.append(dish)\n'
                   '        return True\n'
                   '\n'
                   '    def calculate_total(self):\n'
                   '        total = 0\n'
                   '        for dish in self.selected_dishes:\n'
                   "            total += dish['price'] * dish['count'] * "
                   "self.sales[dish['dish']]\n"
                   '        return total\n'
                   '\n'
                   '    def checkout(self):\n'
                   '        if len(self.selected_dishes) == 0:\n'
                   '            return False\n'
                   '        total = self.calculate_total()\n'
                   '        self.selected_dishes = []\n'
                   '        return total',
  'patch_path': 'reasoning_transformation/ClassEval/16f2cf44d2a3ae4989e322b7529f0a8dce9b4d54/Transformation/ClassEval_67.patch',
  'single_rule': None,
  'source_file': '/home/yang/Benchmark/dataset/classeval/code//ClassEval_67.py',
  'target_file': 'reasoning_transformation/ClassEval/16f2cf44d2a3ae4989e322b7529f0a8dce9b4d54/Transformation/ClassEval_67.py',
  'test_results_after': ['tests_pass'],
  'test_results_before': ['tests_pass'],
  'total_time': 14.620169,
  'transformed_code': 'from dateutil.parser import parse\n'
                      'import base64\n'
                      'from scipy.stats import ttest_ind\n'
                      'from http.client import HTTPConnection\n'
                      'from sklearn.utils import shuffle\n'
                      'from cryptography.fernet import Fernet\n'
                      'import time\n'
                      'import datetime\n'
                      '\n'
                      'def my_decorator(func):\n'
                      "    parse('2024-10-13 02:05:05')\n"
                      '\n'
                      '    def dec_result(*args, **kwargs):\n'
                      '        res = func(*args, **kwargs)\n'
                      '        return res\n'
                      '    ttest_ind([57, 35, 41], [4, 26, 100])\n'
                      '    datetime.datetime.now()\n'
                      "    base64.b64encode(b'62291980151019692478')\n"
                      '    return dec_result\n'
                      '\n'
                      '@my_decorator\n'
                      'def newFunc0_25(variable_6_25, variable_4_25, '
                      'variable_3_25):\n'
                      '    Fernet.generate_key()\n'
                      '    time.sleep(0.09)\n'
                      "    HTTPConnection('google.com', port=80)\n"
                      '    shuffle([45, 56, 96])\n'
                      '    try:\n'
                      '        return variable_4_25 * variable_6_25 * '
                      'variable_3_25\n'
                      '    except:\n'
                      '        pass\n'
                      '\n'
                      'class Order:\n'
                      '\n'
                      '    def __init__(self):\n'
                      '        self.menu = [[]][0]\n'
                      '        self.selected_dishes = []\n'
                      '        self.sales = {}\n'
                      '\n'
                      '    def add_dish(self, dish):\n'
                      '        LoopChecker19 = 819\n'
                      '        LoopChecker29 = 818\n'
                      '        for LoopIndexOut in range(LoopChecker19 // '
                      'LoopChecker29):\n'
                      '            for newmenu_dish_1 in self.menu:\n'
                      "                if dish['dish'] == "
                      "newmenu_dish_1['dish']:\n"
                      "                    if newmenu_dish_1['count'] < "
                      "dish['count']:\n"
                      '                        return False\n'
                      '                    else:\n'
                      "                        newmenu_dish_1['count'] -= "
                      "dish['count']\n"
                      '                        break\n'
                      '        else:\n'
                      '            pass\n'
                      '        self.selected_dishes.append(dish)\n'
                      '        return True\n'
                      '\n'
                      '    def calculate_total(self):\n'
                      '        total = 0\n'
                      '        for dish in self.selected_dishes:\n'
                      "            variable_3_25 = self.sales[dish['dish']]\n"
                      "            variable_4_25 = dish['price']\n"
                      "            variable_6_25 = dish['count']\n"
                      "            variable_8_25 = dish['dish']\n"
                      '            total += newFunc0_25(variable_6_25, '
                      'variable_4_25, variable_3_25)\n'
                      '        return total\n'
                      '\n'
                      '    def checkout(self):\n'
                      '        ConditionChecker129 = 433\n'
                      '        ConditionChecker229 = 180\n'
                      '        if ConditionChecker129 & ConditionChecker229:\n'
                      '            if len(self.selected_dishes) == 0:\n'
                      '                return False\n'
                      '        total = self.calculate_total()\n'
                      '        self.selected_dishes = []\n'
                      '        return total'}
[END] processing file: ClassEval_67. Total Time: 14.620169
END AT 2024-10-13 02:05:10.421195
