STARTING AT 2024-10-15 02:06:56.212927
[START] processing file: ClassEval_49
*Running tests for: ClassEval_49
....................................
----------------------------------------------------------------------
Ran 36 tests in 0.001s

OK

Result: ['tests_pass']
tests_pass ClassEval_49 /home/yang/Benchmark/dataset/classeval/code//ClassEval_49.py
Apply all rules on a single file.
Checking transformation add_nested_for_out
*Running tests for: ClassEval_49
....................................
----------------------------------------------------------------------
Ran 36 tests in 0.001s

OK

Result: ['tests_pass']
Checking transformation add_nested_if
*Running tests for: ClassEval_49
....................................
----------------------------------------------------------------------
Ran 36 tests in 0.001s

OK

Result: ['tests_pass']
Checking transformation add_nested_list
*Running tests for: ClassEval_49
....................................
----------------------------------------------------------------------
Ran 36 tests in 0.001s

OK

Result: ['tests_pass']
Checking transformation transform_range_to_recursion
*Running tests for: ClassEval_49
....................................
----------------------------------------------------------------------
Ran 36 tests in 0.001s

OK

Result: ['tests_pass']
Checking transformation add_decorator
*Running tests for: ClassEval_49
....................................
----------------------------------------------------------------------
Ran 36 tests in 0.001s

OK

Result: ['tests_pass']
Checking transformation add_datetime
*Running tests for: ClassEval_49
....................................
----------------------------------------------------------------------
Ran 36 tests in 0.001s

OK

Result: ['tests_pass']
Checking transformation add_time
*Running tests for: ClassEval_49
....................................
----------------------------------------------------------------------
Ran 36 tests in 1.446s

OK

Result: ['tests_pass']
Checking transformation add_http
*Running tests for: ClassEval_49
....................................
----------------------------------------------------------------------
Ran 36 tests in 1.450s

OK

Result: ['tests_pass']
Checking transformation add_scipy
*Running tests for: ClassEval_49
....................................
----------------------------------------------------------------------
Ran 36 tests in 1.491s

OK

Result: ['tests_pass']
Checking transformation add_base64
*Running tests for: ClassEval_49
....................................
----------------------------------------------------------------------
Ran 36 tests in 1.475s

OK

Result: ['tests_pass']
Checking transformation add_dateutil
*Running tests for: ClassEval_49
....................................
----------------------------------------------------------------------
Ran 36 tests in 1.483s

OK

Result: ['tests_pass']
The file 'reasoning_transformation_classeval/ClassEval/3ad1e93cfed65451f71dd1d0768a262e7e4afa36/Transformation/ClassEval_49.py' has been formatted successfully.
Checking reasoning_transformation_classeval/ClassEval/3ad1e93cfed65451f71dd1d0768a262e7e4afa36/Transformation/ClassEval_49.py
*Running tests for: ClassEval_49
....................................
----------------------------------------------------------------------
Ran 36 tests in 1.480s

OK

Result: ['tests_pass']
{ 'applicable_rules': [ 'change_var_names',
                        'add_nested_for_out',
                        'add_nested_if',
                        'add_else_to_for',
                        'add_nested_list',
                        'transform_range_to_recursion',
                        'add_decorator',
                        'add_datetime',
                        'add_time',
                        'add_crypto',
                        'add_sklearn',
                        'add_http',
                        'add_scipy',
                        'add_base64',
                        'add_dateutil'],
  'diff_output': 'reasoning_transformation_classeval/ClassEval/3ad1e93cfed65451f71dd1d0768a262e7e4afa36/Transformation/ClassEval_49.patch',
  'evaluation_tests_dir': '/home/yang/Benchmark/dataset/classeval/',
  'exception': None,
  'file_id': 'ClassEval_49',
  'genetic_algorithm': None,
  'original_code': 'class JobMarketplace:\n'
                   '\n'
                   '    def __init__(self):\n'
                   '        self.job_listings = []\n'
                   '        self.resumes = []\n'
                   '\n'
                   '    def post_job(self, job_title, company, requirements):\n'
                   "        job = {'job_title': job_title, 'company': company, "
                   "'requirements': requirements}\n"
                   '        self.job_listings.append(job)\n'
                   '\n'
                   '    def remove_job(self, job):\n'
                   '        self.job_listings.remove(job)\n'
                   '\n'
                   '    def submit_resume(self, name, skills, experience):\n'
                   "        resume = {'name': name, 'skills': skills, "
                   "'experience': experience}\n"
                   '        self.resumes.append(resume)\n'
                   '\n'
                   '    def withdraw_resume(self, resume):\n'
                   '        self.resumes.remove(resume)\n'
                   '\n'
                   '    def search_jobs(self, criteria):\n'
                   '        matching_jobs = []\n'
                   '        for job_listing in self.job_listings:\n'
                   '            if criteria.lower() in '
                   "job_listing['job_title'].lower() or criteria.lower() in "
                   "[r.lower() for r in job_listing['requirements']]:\n"
                   '                matching_jobs.append(job_listing)\n'
                   '        return matching_jobs\n'
                   '\n'
                   '    def get_job_applicants(self, job):\n'
                   '        applicants = []\n'
                   '        for resume in self.resumes:\n'
                   '            if self.matches_requirements(resume, '
                   "job['requirements']):\n"
                   '                applicants.append(resume)\n'
                   '        return applicants\n'
                   '\n'
                   '    @staticmethod\n'
                   '    def matches_requirements(resume, requirements):\n'
                   "        for skill in resume['skills']:\n"
                   '            if skill not in requirements:\n'
                   '                return False\n'
                   '        return True',
  'patch_path': 'reasoning_transformation_classeval/ClassEval/3ad1e93cfed65451f71dd1d0768a262e7e4afa36/Transformation/ClassEval_49.patch',
  'single_rule': None,
  'source_file': '/home/yang/Benchmark/dataset/classeval/code//ClassEval_49.py',
  'target_file': 'reasoning_transformation_classeval/ClassEval/3ad1e93cfed65451f71dd1d0768a262e7e4afa36/Transformation/ClassEval_49.py',
  'test_results_after': ['tests_pass'],
  'test_results_before': ['tests_pass'],
  'total_time': 13.70278,
  'transformed_code': 'from dateutil.parser import parse\n'
                      'import base64\n'
                      'from scipy.stats import ttest_ind\n'
                      'from http.client import HTTPConnection\n'
                      'from sklearn.utils import shuffle\n'
                      'from cryptography.fernet import Fernet\n'
                      'import time\n'
                      'import datetime\n'
                      '\n'
                      'def my_decorator(func):\n'
                      '\n'
                      '    def dec_result(*args, **kwargs):\n'
                      '        res = func(*args, **kwargs)\n'
                      '        return res\n'
                      '    return dec_result\n'
                      '\n'
                      'class JobMarketplace:\n'
                      '\n'
                      '    @my_decorator\n'
                      '    def __init__(self):\n'
                      '        ttest_ind([84, 18, 22], [78, 2, 36])\n'
                      '        self.job_listings = [[]][0]\n'
                      "        HTTPConnection('google.com', port=80)\n"
                      '        self.resumes = []\n'
                      '\n'
                      '    def post_job(self, job_title, company, '
                      'requirements):\n'
                      '        Fernet.generate_key()\n'
                      "        newjob_1 = {'job_title': job_title, 'company': "
                      "company, 'requirements': requirements}\n"
                      '        datetime.datetime.now()\n'
                      '        self.job_listings.append(newjob_1)\n'
                      '\n'
                      '    def remove_job(self, newjob_1):\n'
                      "        parse('2024-10-15 02:07:05')\n"
                      '        self.job_listings.remove(newjob_1)\n'
                      '\n'
                      '    def submit_resume(self, name, skills, experience):\n'
                      '        shuffle([76, 39, 80])\n'
                      "        resume = {'name': name, 'skills': skills, "
                      "'experience': experience}\n"
                      '        self.resumes.append(resume)\n'
                      '\n'
                      '    def withdraw_resume(self, resume):\n'
                      '        time.sleep(0.18)\n'
                      '        self.resumes.remove(resume)\n'
                      '\n'
                      '    def search_jobs(self, criteria):\n'
                      '        matching_jobs = []\n'
                      "        base64.b64encode(b'73987147010376167566')\n"
                      '        LoopChecker123 = 692\n'
                      '        LoopChecker223 = 691\n'
                      '\n'
                      '        def loop_25_8(LoopIndexOut, stop, step):\n'
                      '            if step == 0 or (step > 0 and LoopIndexOut '
                      '>= stop) or (step < 0 and LoopIndexOut <= stop):\n'
                      '                return\n'
                      '            for job_listing in self.job_listings:\n'
                      '                if criteria.lower() in '
                      "job_listing['job_title'].lower() or criteria.lower() in "
                      "[r.lower() for r in job_listing['requirements']]:\n"
                      '                    matching_jobs.append(job_listing)\n'
                      '            loop_25_8(LoopIndexOut + step, stop, step)\n'
                      '        loop_25_8(0, LoopChecker123 // LoopChecker223, '
                      '1)\n'
                      '        return matching_jobs\n'
                      '\n'
                      '    def get_job_applicants(self, newjob_1):\n'
                      '        applicants = []\n'
                      '        ConditionChecker134 = 942\n'
                      '        ConditionChecker234 = 279\n'
                      '        for resume in self.resumes:\n'
                      '            if ConditionChecker134 & '
                      'ConditionChecker234:\n'
                      '                if self.matches_requirements(resume, '
                      "newjob_1['requirements']):\n"
                      '                    applicants.append(resume)\n'
                      '        return applicants\n'
                      '\n'
                      '    @staticmethod\n'
                      '    def matches_requirements(resume, requirements):\n'
                      "        for skill in resume['skills']:\n"
                      '            if skill not in requirements:\n'
                      '                return False\n'
                      '        return True'}
[END] processing file: ClassEval_49. Total Time: 13.70278
END AT 2024-10-15 02:07:09.919093
