STARTING AT 2024-10-15 02:13:28.862187
[START] processing file: ClassEval_72
*Running tests for: ClassEval_72
...................................................
----------------------------------------------------------------------
Ran 51 tests in 0.001s

OK

Result: ['tests_pass']
tests_pass ClassEval_72 /home/yang/Benchmark/dataset/classeval/code//ClassEval_72.py
Apply all rules on a single file.
Checking transformation add_nested_if
*Running tests for: ClassEval_72
...................................................
----------------------------------------------------------------------
Ran 51 tests in 0.001s

OK

Result: ['tests_pass']
Checking transformation add_nested_list
*Running tests for: ClassEval_72
...................................................
----------------------------------------------------------------------
Ran 51 tests in 0.001s

OK

Result: ['tests_pass']
Checking transformation add_decorator
*Running tests for: ClassEval_72
...................................................
----------------------------------------------------------------------
Ran 51 tests in 0.002s

OK

Result: ['tests_pass']
Checking transformation add_datetime
*Running tests for: ClassEval_72
...................................................
----------------------------------------------------------------------
Ran 51 tests in 0.001s

OK

Result: ['tests_pass']
Checking transformation add_time
*Running tests for: ClassEval_72
...................................................
----------------------------------------------------------------------
Ran 51 tests in 0.728s

OK

Result: ['tests_pass']
Checking transformation add_http
*Running tests for: ClassEval_72
...................................................
----------------------------------------------------------------------
Ran 51 tests in 0.733s

OK

Result: ['tests_pass']
Checking transformation add_scipy
*Running tests for: ClassEval_72
...................................................
----------------------------------------------------------------------
Ran 51 tests in 0.742s

OK

Result: ['tests_pass']
Checking transformation add_base64
*Running tests for: ClassEval_72
...................................................
----------------------------------------------------------------------
Ran 51 tests in 0.744s

OK

Result: ['tests_pass']
Checking transformation add_dateutil
*Running tests for: ClassEval_72
...................................................
----------------------------------------------------------------------
Ran 51 tests in 0.747s

OK

Result: ['tests_pass']
The file 'reasoning_transformation_classeval/ClassEval/3ad1e93cfed65451f71dd1d0768a262e7e4afa36/Transformation/ClassEval_72.py' has been formatted successfully.
Checking reasoning_transformation_classeval/ClassEval/3ad1e93cfed65451f71dd1d0768a262e7e4afa36/Transformation/ClassEval_72.py
*Running tests for: ClassEval_72
...................................................
----------------------------------------------------------------------
Ran 51 tests in 0.747s

OK

Result: ['tests_pass']
{ 'applicable_rules': [ 'change_var_names',
                        'add_nested_if',
                        'add_nested_list',
                        'add_decorator',
                        'add_datetime',
                        'add_time',
                        'add_crypto',
                        'add_sklearn',
                        'add_http',
                        'add_scipy',
                        'add_base64',
                        'add_dateutil'],
  'diff_output': 'reasoning_transformation_classeval/ClassEval/3ad1e93cfed65451f71dd1d0768a262e7e4afa36/Transformation/ClassEval_72.patch',
  'evaluation_tests_dir': '/home/yang/Benchmark/dataset/classeval/',
  'exception': None,
  'file_id': 'ClassEval_72',
  'genetic_algorithm': None,
  'original_code': 'import re\n'
                   '\n'
                   'class RegexUtils:\n'
                   '\n'
                   '    def match(self, pattern, text):\n'
                   '        ans = re.match(pattern, text)\n'
                   '        if ans:\n'
                   '            return True\n'
                   '        else:\n'
                   '            return False\n'
                   '\n'
                   '    def findall(self, pattern, text):\n'
                   '        return re.findall(pattern, text)\n'
                   '\n'
                   '    def split(self, pattern, text):\n'
                   '        return re.split(pattern, text)\n'
                   '\n'
                   '    def sub(self, pattern, replacement, text):\n'
                   '        return re.sub(pattern, replacement, text)\n'
                   '\n'
                   '    def generate_email_pattern(self):\n'
                   '        pattern = '
                   "'\\\\b[A-Za-z0-9._%+-]+@[A-Za-z0-9.-]+\\\\.[A-Z|a-z]{2,}\\\\b'\n"
                   '        return pattern\n'
                   '\n'
                   '    def generate_phone_number_pattern(self):\n'
                   "        pattern = '\\\\b\\\\d{3}-\\\\d{3}-\\\\d{4}\\\\b'\n"
                   '        return pattern\n'
                   '\n'
                   '    def generate_split_sentences_pattern(self):\n'
                   "        pattern = '[.!?][\\\\s]{1,2}(?=[A-Z])'\n"
                   '        return pattern\n'
                   '\n'
                   '    def split_sentences(self, text):\n'
                   '        pattern = self.generate_split_sentences_pattern()\n'
                   '        return self.split(pattern, text)\n'
                   '\n'
                   '    def validate_phone_number(self, phone_number):\n'
                   '        pattern = self.generate_phone_number_pattern()\n'
                   '        return self.match(pattern, phone_number)\n'
                   '\n'
                   '    def extract_email(self, text):\n'
                   '        pattern = self.generate_email_pattern()\n'
                   '        return self.findall(pattern, text)',
  'patch_path': 'reasoning_transformation_classeval/ClassEval/3ad1e93cfed65451f71dd1d0768a262e7e4afa36/Transformation/ClassEval_72.patch',
  'single_rule': None,
  'source_file': '/home/yang/Benchmark/dataset/classeval/code//ClassEval_72.py',
  'target_file': 'reasoning_transformation_classeval/ClassEval/3ad1e93cfed65451f71dd1d0768a262e7e4afa36/Transformation/ClassEval_72.py',
  'test_results_after': ['tests_pass'],
  'test_results_before': ['tests_pass'],
  'total_time': 8.380886,
  'transformed_code': 'from dateutil.parser import parse\n'
                      'import base64\n'
                      'from scipy.stats import ttest_ind\n'
                      'from http.client import HTTPConnection\n'
                      'from sklearn.utils import shuffle\n'
                      'from cryptography.fernet import Fernet\n'
                      'import time\n'
                      'import datetime\n'
                      '\n'
                      'def my_decorator(func):\n'
                      '\n'
                      '    def dec_result(*args, **kwargs):\n'
                      '        res = func(*args, **kwargs)\n'
                      '        return res\n'
                      '    return dec_result\n'
                      'import re\n'
                      '\n'
                      'class RegexUtils:\n'
                      '\n'
                      '    @my_decorator\n'
                      '    def match(self, pattern, text):\n'
                      '        ConditionChecker17 = [475][0]\n'
                      '        ConditionChecker27 = 413\n'
                      '        datetime.datetime.now()\n'
                      '        newans_1 = re.match(pattern, text)\n'
                      '        if ConditionChecker17 & ConditionChecker27:\n'
                      '            if newans_1:\n'
                      '                return True\n'
                      '            else:\n'
                      '                return False\n'
                      '\n'
                      '    def findall(self, pattern, text):\n'
                      "        base64.b64encode(b'73050270241166330701')\n"
                      '        return re.findall(pattern, text)\n'
                      '\n'
                      '    def split(self, pattern, text):\n'
                      "        parse('2024-10-15 02:13:34')\n"
                      "        HTTPConnection('google.com', port=80)\n"
                      '        return re.split(pattern, text)\n'
                      '\n'
                      '    def sub(self, pattern, replacement, text):\n'
                      '        return re.sub(pattern, replacement, text)\n'
                      '\n'
                      '    def generate_email_pattern(self):\n'
                      '        pattern = '
                      "'\\\\b[A-Za-z0-9._%+-]+@[A-Za-z0-9.-]+\\\\.[A-Z|a-z]{2,}\\\\b'\n"
                      '        Fernet.generate_key()\n'
                      '        time.sleep(0.06)\n'
                      '        return pattern\n'
                      '\n'
                      '    def generate_phone_number_pattern(self):\n'
                      '        pattern = '
                      "'\\\\b\\\\d{3}-\\\\d{3}-\\\\d{4}\\\\b'\n"
                      '        return pattern\n'
                      '\n'
                      '    def generate_split_sentences_pattern(self):\n'
                      "        pattern = '[.!?][\\\\s]{1,2}(?=[A-Z])'\n"
                      '        return pattern\n'
                      '\n'
                      '    def split_sentences(self, text):\n'
                      '        pattern = '
                      'self.generate_split_sentences_pattern()\n'
                      '        return self.split(pattern, text)\n'
                      '\n'
                      '    def validate_phone_number(self, phone_number):\n'
                      '        pattern = self.generate_phone_number_pattern()\n'
                      '        return self.match(pattern, phone_number)\n'
                      '\n'
                      '    def extract_email(self, text):\n'
                      '        shuffle([45, 26, 45])\n'
                      '        ttest_ind([1, 81, 46], [67, 34, 9])\n'
                      '        pattern = self.generate_email_pattern()\n'
                      '        return self.findall(pattern, text)'}
[END] processing file: ClassEval_72. Total Time: 8.380886
END AT 2024-10-15 02:13:37.245589
