STARTING AT 2024-10-15 02:07:44.589655
[START] processing file: ClassEval_52
*Running tests for: ClassEval_52
[nltk_data] Downloading package averaged_perceptron_tagger to
[nltk_data]     /home/yang/nltk_data...
[nltk_data]   Package averaged_perceptron_tagger is already up-to-
[nltk_data]       date!
[nltk_data] Downloading package punkt to /home/yang/nltk_data...
[nltk_data]   Package punkt is already up-to-date!
[nltk_data] Downloading package wordnet to /home/yang/nltk_data...
[nltk_data]   Package wordnet is already up-to-date!
................
----------------------------------------------------------------------
Ran 16 tests in 0.949s

OK

Result: ['tests_pass']
tests_pass ClassEval_52 /home/yang/Benchmark/dataset/classeval/code//ClassEval_52.py
Apply all rules on a single file.
Checking transformation add_nested_for_out
*Running tests for: ClassEval_52
[nltk_data] Downloading package averaged_perceptron_tagger to
[nltk_data]     /home/yang/nltk_data...
[nltk_data]   Package averaged_perceptron_tagger is already up-to-
[nltk_data]       date!
[nltk_data] Downloading package punkt to /home/yang/nltk_data...
[nltk_data]   Package punkt is already up-to-date!
[nltk_data] Downloading package wordnet to /home/yang/nltk_data...
[nltk_data]   Package wordnet is already up-to-date!
................
----------------------------------------------------------------------
Ran 16 tests in 0.946s

OK

Result: ['tests_pass']
Checking transformation add_nested_if
*Running tests for: ClassEval_52
[nltk_data] Downloading package averaged_perceptron_tagger to
[nltk_data]     /home/yang/nltk_data...
[nltk_data]   Package averaged_perceptron_tagger is already up-to-
[nltk_data]       date!
[nltk_data] Downloading package punkt to /home/yang/nltk_data...
[nltk_data]   Package punkt is already up-to-date!
[nltk_data] Downloading package wordnet to /home/yang/nltk_data...
[nltk_data]   Package wordnet is already up-to-date!
................
----------------------------------------------------------------------
Ran 16 tests in 0.943s

OK

Result: ['tests_pass']
Checking transformation add_nested_list
*Running tests for: ClassEval_52
[nltk_data] Downloading package averaged_perceptron_tagger to
[nltk_data]     /home/yang/nltk_data...
[nltk_data]   Package averaged_perceptron_tagger is already up-to-
[nltk_data]       date!
[nltk_data] Downloading package punkt to /home/yang/nltk_data...
[nltk_data]   Package punkt is already up-to-date!
[nltk_data] Downloading package wordnet to /home/yang/nltk_data...
[nltk_data]   Package wordnet is already up-to-date!
................
----------------------------------------------------------------------
Ran 16 tests in 0.967s

OK

Result: ['tests_pass']
Checking transformation transform_range_to_recursion
*Running tests for: ClassEval_52
  File "/home/yang/Benchmark/.tmp_test/tmp_test.py", line 25
    nonlocal lemmatized_word
    ^^^^^^^^^^^^^^^^^^^^^^^^
SyntaxError: no binding for nonlocal 'lemmatized_word' found

Result: ['error_or_timeout']
Drop transform_range_to_recursion due to ['error_or_timeout']
Checking transformation add_decorator
*Running tests for: ClassEval_52
[nltk_data] Downloading package averaged_perceptron_tagger to
[nltk_data]     /home/yang/nltk_data...
[nltk_data]   Package averaged_perceptron_tagger is already up-to-
[nltk_data]       date!
[nltk_data] Downloading package punkt to /home/yang/nltk_data...
[nltk_data]   Package punkt is already up-to-date!
[nltk_data] Downloading package wordnet to /home/yang/nltk_data...
[nltk_data]   Package wordnet is already up-to-date!
................
----------------------------------------------------------------------
Ran 16 tests in 0.959s

OK

Result: ['tests_pass']
Checking transformation add_datetime
*Running tests for: ClassEval_52
[nltk_data] Downloading package averaged_perceptron_tagger to
[nltk_data]     /home/yang/nltk_data...
[nltk_data]   Package averaged_perceptron_tagger is already up-to-
[nltk_data]       date!
[nltk_data] Downloading package punkt to /home/yang/nltk_data...
[nltk_data]   Package punkt is already up-to-date!
[nltk_data] Downloading package wordnet to /home/yang/nltk_data...
[nltk_data]   Package wordnet is already up-to-date!
................
----------------------------------------------------------------------
Ran 16 tests in 0.963s

OK

Result: ['tests_pass']
Checking transformation add_time
*Running tests for: ClassEval_52
[nltk_data] Downloading package averaged_perceptron_tagger to
[nltk_data]     /home/yang/nltk_data...
[nltk_data]   Package averaged_perceptron_tagger is already up-to-
[nltk_data]       date!
[nltk_data] Downloading package punkt to /home/yang/nltk_data...
[nltk_data]   Package punkt is already up-to-date!
[nltk_data] Downloading package wordnet to /home/yang/nltk_data...
[nltk_data]   Package wordnet is already up-to-date!
................
----------------------------------------------------------------------
Ran 16 tests in 2.027s

OK

Result: ['tests_pass']
Checking transformation add_http
*Running tests for: ClassEval_52
[nltk_data] Downloading package averaged_perceptron_tagger to
[nltk_data]     /home/yang/nltk_data...
[nltk_data]   Package averaged_perceptron_tagger is already up-to-
[nltk_data]       date!
[nltk_data] Downloading package punkt to /home/yang/nltk_data...
[nltk_data]   Package punkt is already up-to-date!
[nltk_data] Downloading package wordnet to /home/yang/nltk_data...
[nltk_data]   Package wordnet is already up-to-date!
................
----------------------------------------------------------------------
Ran 16 tests in 2.036s

OK

Result: ['tests_pass']
Checking transformation add_scipy
*Running tests for: ClassEval_52
[nltk_data] Downloading package averaged_perceptron_tagger to
[nltk_data]     /home/yang/nltk_data...
[nltk_data]   Package averaged_perceptron_tagger is already up-to-
[nltk_data]       date!
[nltk_data] Downloading package punkt to /home/yang/nltk_data...
[nltk_data]   Package punkt is already up-to-date!
[nltk_data] Downloading package wordnet to /home/yang/nltk_data...
[nltk_data]   Package wordnet is already up-to-date!
................
----------------------------------------------------------------------
Ran 16 tests in 2.082s

OK

Result: ['tests_pass']
Checking transformation add_base64
*Running tests for: ClassEval_52
[nltk_data] Downloading package averaged_perceptron_tagger to
[nltk_data]     /home/yang/nltk_data...
[nltk_data]   Package averaged_perceptron_tagger is already up-to-
[nltk_data]       date!
[nltk_data] Downloading package punkt to /home/yang/nltk_data...
[nltk_data]   Package punkt is already up-to-date!
[nltk_data] Downloading package wordnet to /home/yang/nltk_data...
[nltk_data]   Package wordnet is already up-to-date!
................
----------------------------------------------------------------------
Ran 16 tests in 2.047s

OK

Result: ['tests_pass']
Checking transformation add_dateutil
*Running tests for: ClassEval_52
[nltk_data] Downloading package averaged_perceptron_tagger to
[nltk_data]     /home/yang/nltk_data...
[nltk_data]   Package averaged_perceptron_tagger is already up-to-
[nltk_data]       date!
[nltk_data] Downloading package punkt to /home/yang/nltk_data...
[nltk_data]   Package punkt is already up-to-date!
[nltk_data] Downloading package wordnet to /home/yang/nltk_data...
[nltk_data]   Package wordnet is already up-to-date!
................
----------------------------------------------------------------------
Ran 16 tests in 2.052s

OK

Result: ['tests_pass']
The file 'reasoning_transformation_classeval/ClassEval/3ad1e93cfed65451f71dd1d0768a262e7e4afa36/Transformation/ClassEval_52.py' has been formatted successfully.
Checking reasoning_transformation_classeval/ClassEval/3ad1e93cfed65451f71dd1d0768a262e7e4afa36/Transformation/ClassEval_52.py
*Running tests for: ClassEval_52
[nltk_data] Downloading package averaged_perceptron_tagger to
[nltk_data]     /home/yang/nltk_data...
[nltk_data]   Package averaged_perceptron_tagger is already up-to-
[nltk_data]       date!
[nltk_data] Downloading package punkt to /home/yang/nltk_data...
[nltk_data]   Package punkt is already up-to-date!
[nltk_data] Downloading package wordnet to /home/yang/nltk_data...
[nltk_data]   Package wordnet is already up-to-date!
................
----------------------------------------------------------------------
Ran 16 tests in 2.097s

OK

Result: ['tests_pass']
{ 'applicable_rules': [ 'change_var_names',
                        'add_nested_for_out',
                        'add_nested_if',
                        'add_else_to_for',
                        'add_nested_list',
                        'add_decorator',
                        'add_datetime',
                        'add_time',
                        'add_crypto',
                        'add_sklearn',
                        'add_http',
                        'add_scipy',
                        'add_base64',
                        'add_dateutil'],
  'diff_output': 'reasoning_transformation_classeval/ClassEval/3ad1e93cfed65451f71dd1d0768a262e7e4afa36/Transformation/ClassEval_52.patch',
  'evaluation_tests_dir': '/home/yang/Benchmark/dataset/classeval/',
  'exception': None,
  'file_id': 'ClassEval_52',
  'genetic_algorithm': None,
  'original_code': 'import nltk\n'
                   'from nltk.stem import WordNetLemmatizer\n'
                   'from nltk import pos_tag, word_tokenize\n'
                   'import string\n'
                   "nltk.download('averaged_perceptron_tagger')\n"
                   "nltk.download('punkt')\n"
                   "nltk.download('wordnet')\n"
                   '\n'
                   'class Lemmatization:\n'
                   '\n'
                   '    def __init__(self):\n'
                   '        self.lemmatizer = WordNetLemmatizer()\n'
                   '\n'
                   '    def lemmatize_sentence(self, sentence):\n'
                   '        lemmatized_words = []\n'
                   '        sentence = self.remove_punctuation(sentence)\n'
                   '        words = word_tokenize(sentence)\n'
                   '        tagged_words = pos_tag(words)\n'
                   '        for (word, tag) in tagged_words:\n'
                   "            if tag.startswith('V'):\n"
                   '                lemmatized_word = '
                   "self.lemmatizer.lemmatize(word, pos='v')\n"
                   "            elif tag.startswith('J'):\n"
                   '                lemmatized_word = '
                   "self.lemmatizer.lemmatize(word, pos='a')\n"
                   "            elif tag.startswith('R'):\n"
                   '                lemmatized_word = '
                   "self.lemmatizer.lemmatize(word, pos='r')\n"
                   '            else:\n'
                   '                lemmatized_word = '
                   'self.lemmatizer.lemmatize(word)\n'
                   '            lemmatized_words.append(lemmatized_word)\n'
                   '        return lemmatized_words\n'
                   '\n'
                   '    def get_pos_tag(self, sentence):\n'
                   '        pos_tags = []\n'
                   '        sentence = self.remove_punctuation(sentence)\n'
                   '        words = word_tokenize(sentence)\n'
                   '        tagged_words = pos_tag(words)\n'
                   '        for tagged_word in tagged_words:\n'
                   '            pos_tags.append(tagged_word[1])\n'
                   '        return pos_tags\n'
                   '\n'
                   '    def remove_punctuation(self, sentence):\n'
                   "        return sentence.translate(str.maketrans('', '', "
                   'string.punctuation))',
  'patch_path': 'reasoning_transformation_classeval/ClassEval/3ad1e93cfed65451f71dd1d0768a262e7e4afa36/Transformation/ClassEval_52.patch',
  'single_rule': None,
  'source_file': '/home/yang/Benchmark/dataset/classeval/code//ClassEval_52.py',
  'target_file': 'reasoning_transformation_classeval/ClassEval/3ad1e93cfed65451f71dd1d0768a262e7e4afa36/Transformation/ClassEval_52.py',
  'test_results_after': ['tests_pass'],
  'test_results_before': ['tests_pass'],
  'total_time': 32.691137,
  'transformed_code': 'from dateutil.parser import parse\n'
                      'import base64\n'
                      'from scipy.stats import ttest_ind\n'
                      'from http.client import HTTPConnection\n'
                      'from sklearn.utils import shuffle\n'
                      'from cryptography.fernet import Fernet\n'
                      'import time\n'
                      'import datetime\n'
                      '\n'
                      'def my_decorator(func):\n'
                      '\n'
                      '    def dec_result(*args, **kwargs):\n'
                      '        res = func(*args, **kwargs)\n'
                      '        return res\n'
                      '    return dec_result\n'
                      'import nltk\n'
                      'from nltk.stem import WordNetLemmatizer\n'
                      'from nltk import pos_tag, word_tokenize\n'
                      'import string\n'
                      "nltk.download('averaged_perceptron_tagger')\n"
                      "nltk.download('punkt')\n"
                      "nltk.download('wordnet')\n"
                      '\n'
                      'class Lemmatization:\n'
                      '\n'
                      '    @my_decorator\n'
                      '    def __init__(self):\n'
                      '        datetime.datetime.now()\n'
                      "        HTTPConnection('google.com', port=80)\n"
                      "        parse('2024-10-15 02:08:10')\n"
                      '        self.lemmatizer = WordNetLemmatizer()\n'
                      '\n'
                      '    def lemmatize_sentence(self, sentence):\n'
                      "        base64.b64encode(b'66847248499880563146')\n"
                      '        lemmatized_words = [[]][0]\n'
                      '        Fernet.generate_key()\n'
                      '        sentence = self.remove_punctuation(sentence)\n'
                      '        words = word_tokenize(sentence)\n'
                      '        tagged_words = pos_tag(words)\n'
                      '        LoopChecker119 = 471\n'
                      '        LoopChecker219 = 470\n'
                      '        ConditionChecker123 = 88\n'
                      '        ConditionChecker223 = 705\n'
                      '        shuffle([30, 2, 5])\n'
                      '        for LoopIndexOut in range(LoopChecker119 // '
                      'LoopChecker219):\n'
                      '            for (word, tag) in tagged_words:\n'
                      '                if ConditionChecker123 & '
                      'ConditionChecker223:\n'
                      "                    if tag.startswith('V'):\n"
                      '                        lemmatized_word = '
                      "self.lemmatizer.lemmatize(word, pos='v')\n"
                      "                    elif tag.startswith('J'):\n"
                      '                        lemmatized_word = '
                      "self.lemmatizer.lemmatize(word, pos='a')\n"
                      "                    elif tag.startswith('R'):\n"
                      '                        lemmatized_word = '
                      "self.lemmatizer.lemmatize(word, pos='r')\n"
                      '                    else:\n'
                      '                        lemmatized_word = '
                      'self.lemmatizer.lemmatize(word)\n'
                      '                '
                      'lemmatized_words.append(lemmatized_word)\n'
                      '        else:\n'
                      '            pass\n'
                      '        return lemmatized_words\n'
                      '\n'
                      '    def get_pos_tag(self, sentence):\n'
                      '        ttest_ind([32, 83, 48], [20, 10, 61])\n'
                      '        pos_tags = []\n'
                      '        sentence = self.remove_punctuation(sentence)\n'
                      '        words = word_tokenize(sentence)\n'
                      '        tagged_words = pos_tag(words)\n'
                      '        for newtagged_word_1 in tagged_words:\n'
                      '            pos_tags.append(newtagged_word_1[1])\n'
                      '        return pos_tags\n'
                      '\n'
                      '    def remove_punctuation(self, sentence):\n'
                      '        time.sleep(0.06)\n'
                      "        return sentence.translate(str.maketrans('', '', "
                      'string.punctuation))'}
[END] processing file: ClassEval_52. Total Time: 32.691137
END AT 2024-10-15 02:08:17.282960
