STARTING AT 2024-10-15 01:54:30.134713
[START] processing file: ClassEval_1
*Running tests for: ClassEval_1
..........................
----------------------------------------------------------------------
Ran 26 tests in 0.001s

OK

Result: ['tests_pass']
tests_pass ClassEval_1 /home/yang/Benchmark/dataset/classeval/code//ClassEval_1.py
Apply all rules on a single file.
Checking transformation add_decorator
*Running tests for: ClassEval_1
..........................
----------------------------------------------------------------------
Ran 26 tests in 0.001s

OK

Result: ['tests_pass']
Checking transformation add_datetime
*Running tests for: ClassEval_1
..........................
----------------------------------------------------------------------
Ran 26 tests in 0.001s

OK

Result: ['tests_pass']
Checking transformation add_time
*Running tests for: ClassEval_1
..........................
----------------------------------------------------------------------
Ran 26 tests in 1.144s

OK

Result: ['tests_pass']
def newFunc_36656(arg0, arg1):
    return arg0 * arg1
def newFunc_38008(arg1, arg2):
    return arg1 * arg2
Checking transformation create_functions
*Running tests for: ClassEval_1
..........................
----------------------------------------------------------------------
Ran 26 tests in 1.148s

OK

Result: ['tests_pass']
Checking transformation add_http
*Running tests for: ClassEval_1
..........................
----------------------------------------------------------------------
Ran 26 tests in 1.147s

OK

Result: ['tests_pass']
Checking transformation add_scipy
*Running tests for: ClassEval_1
..........................
----------------------------------------------------------------------
Ran 26 tests in 1.150s

OK

Result: ['tests_pass']
Checking transformation add_base64
*Running tests for: ClassEval_1
..........................
----------------------------------------------------------------------
Ran 26 tests in 1.148s

OK

Result: ['tests_pass']
Checking transformation add_dateutil
*Running tests for: ClassEval_1
..........................
----------------------------------------------------------------------
Ran 26 tests in 1.154s

OK

Result: ['tests_pass']
The file 'reasoning_transformation_classeval/ClassEval/3ad1e93cfed65451f71dd1d0768a262e7e4afa36/Transformation/ClassEval_1.py' has been formatted successfully.
Checking reasoning_transformation_classeval/ClassEval/3ad1e93cfed65451f71dd1d0768a262e7e4afa36/Transformation/ClassEval_1.py
*Running tests for: ClassEval_1
..........................
----------------------------------------------------------------------
Ran 26 tests in 1.151s

OK

Result: ['tests_pass']
{ 'applicable_rules': [ 'add_decorator',
                        'add_datetime',
                        'add_time',
                        'add_crypto',
                        'add_sklearn',
                        'create_functions',
                        'add_http',
                        'add_scipy',
                        'add_base64',
                        'add_dateutil'],
  'diff_output': 'reasoning_transformation_classeval/ClassEval/3ad1e93cfed65451f71dd1d0768a262e7e4afa36/Transformation/ClassEval_1.patch',
  'evaluation_tests_dir': '/home/yang/Benchmark/dataset/classeval/',
  'exception': None,
  'file_id': 'ClassEval_1',
  'genetic_algorithm': None,
  'original_code': 'import math\n'
                   '\n'
                   'class AreaCalculator:\n'
                   '\n'
                   '    def __init__(self, radius):\n'
                   '        self.radius = radius\n'
                   '\n'
                   '    def calculate_circle_area(self):\n'
                   '        return math.pi * self.radius ** 2\n'
                   '\n'
                   '    def calculate_sphere_area(self):\n'
                   '        return 4 * math.pi * self.radius ** 2\n'
                   '\n'
                   '    def calculate_cylinder_area(self, height):\n'
                   '        return 2 * math.pi * self.radius * (self.radius + '
                   'height)\n'
                   '\n'
                   '    def calculate_sector_area(self, angle):\n'
                   '        return self.radius ** 2 * angle / 2\n'
                   '\n'
                   '    def calculate_annulus_area(self, inner_radius, '
                   'outer_radius):\n'
                   '        return math.pi * (outer_radius ** 2 - inner_radius '
                   '** 2)',
  'patch_path': 'reasoning_transformation_classeval/ClassEval/3ad1e93cfed65451f71dd1d0768a262e7e4afa36/Transformation/ClassEval_1.patch',
  'single_rule': None,
  'source_file': '/home/yang/Benchmark/dataset/classeval/code//ClassEval_1.py',
  'target_file': 'reasoning_transformation_classeval/ClassEval/3ad1e93cfed65451f71dd1d0768a262e7e4afa36/Transformation/ClassEval_1.py',
  'test_results_after': ['tests_pass'],
  'test_results_before': ['tests_pass'],
  'total_time': 12.49045,
  'transformed_code': 'from dateutil.parser import parse\n'
                      'import base64\n'
                      'from scipy.stats import ttest_ind\n'
                      'from http.client import HTTPConnection\n'
                      '\n'
                      'def newFunc_36656(arg0, arg1):\n'
                      '    return arg0 * arg1\n'
                      '\n'
                      'def newFunc_38008(arg1, arg2):\n'
                      '    return arg1 * arg2\n'
                      'from sklearn.utils import shuffle\n'
                      'from cryptography.fernet import Fernet\n'
                      'import time\n'
                      'import datetime\n'
                      '\n'
                      'def my_decorator(func):\n'
                      '\n'
                      '    def dec_result(*args, **kwargs):\n'
                      '        res = func(*args, **kwargs)\n'
                      '        return res\n'
                      "    HTTPConnection('google.com', port=80)\n"
                      '    return dec_result\n'
                      'import math\n'
                      '\n'
                      'class AreaCalculator:\n'
                      '\n'
                      '    @my_decorator\n'
                      '    def __init__(self, radius):\n'
                      '        Fernet.generate_key()\n'
                      '        self.radius = radius\n'
                      '\n'
                      '    def calculate_circle_area(self):\n'
                      '        shuffle([77, 100, 59])\n'
                      '        return newFunc_36656(math.pi, self.radius ** '
                      '2)\n'
                      '\n'
                      '    def calculate_sphere_area(self):\n'
                      '        ttest_ind([53, 14, 78], [10, 91, 65])\n'
                      "        parse('2024-10-15 01:54:38')\n"
                      '        return newFunc_38008(4 * math.pi, self.radius '
                      '** 2)\n'
                      '\n'
                      '    def calculate_cylinder_area(self, height):\n'
                      '        time.sleep(0.19)\n'
                      '        return 2 * math.pi * self.radius * (self.radius '
                      '+ height)\n'
                      '\n'
                      '    def calculate_sector_area(self, angle):\n'
                      '        datetime.datetime.now()\n'
                      '        return self.radius ** 2 * angle / 2\n'
                      '\n'
                      '    def calculate_annulus_area(self, inner_radius, '
                      'outer_radius):\n'
                      "        base64.b64encode(b'53060396835577031385')\n"
                      '        return math.pi * (outer_radius ** 2 - '
                      'inner_radius ** 2)'}
[END] processing file: ClassEval_1. Total Time: 12.49045
END AT 2024-10-15 01:54:42.626594
