STARTING AT 2024-10-15 02:08:18.135193
[START] processing file: ClassEval_53
*Running tests for: ClassEval_53
..........
----------------------------------------------------------------------
Ran 10 tests in 0.000s

OK

Result: ['tests_pass']
tests_pass ClassEval_53 /home/yang/Benchmark/dataset/classeval/code//ClassEval_53.py
Apply all rules on a single file.
Checking transformation add_nested_for_out
*Running tests for: ClassEval_53
..........
----------------------------------------------------------------------
Ran 10 tests in 0.000s

OK

Result: ['tests_pass']
Checking transformation add_nested_if
*Running tests for: ClassEval_53
..........
----------------------------------------------------------------------
Ran 10 tests in 0.000s

OK

Result: ['tests_pass']
Checking transformation add_nested_list
*Running tests for: ClassEval_53
..........
----------------------------------------------------------------------
Ran 10 tests in 0.000s

OK

Result: ['tests_pass']
Checking transformation transform_range_to_recursion
*Running tests for: ClassEval_53
..........
----------------------------------------------------------------------
Ran 10 tests in 0.000s

OK

Result: ['tests_pass']
Checking transformation add_decorator
*Running tests for: ClassEval_53
..........
----------------------------------------------------------------------
Ran 10 tests in 0.001s

OK

Result: ['tests_pass']
Checking transformation add_datetime
*Running tests for: ClassEval_53
..........
----------------------------------------------------------------------
Ran 10 tests in 0.000s

OK

Result: ['tests_pass']
Checking transformation add_time
*Running tests for: ClassEval_53
..........
----------------------------------------------------------------------
Ran 10 tests in 2.207s

OK

Result: ['tests_pass']
Checking transformation add_http
*Running tests for: ClassEval_53
..........
----------------------------------------------------------------------
Ran 10 tests in 2.207s

OK

Result: ['tests_pass']
Checking transformation add_scipy
*Running tests for: ClassEval_53
..........
----------------------------------------------------------------------
Ran 10 tests in 2.247s

OK

Result: ['tests_pass']
Checking transformation add_base64
*Running tests for: ClassEval_53
..........
----------------------------------------------------------------------
Ran 10 tests in 2.246s

OK

Result: ['tests_pass']
Checking transformation add_dateutil
*Running tests for: ClassEval_53
..........
----------------------------------------------------------------------
Ran 10 tests in 2.251s

OK

Result: ['tests_pass']
The file 'reasoning_transformation_classeval/ClassEval/3ad1e93cfed65451f71dd1d0768a262e7e4afa36/Transformation/ClassEval_53.py' has been formatted successfully.
Checking reasoning_transformation_classeval/ClassEval/3ad1e93cfed65451f71dd1d0768a262e7e4afa36/Transformation/ClassEval_53.py
*Running tests for: ClassEval_53
..........
----------------------------------------------------------------------
Ran 10 tests in 2.249s

OK

Result: ['tests_pass']
{ 'applicable_rules': [ 'change_var_names',
                        'add_nested_for_out',
                        'add_nested_if',
                        'add_else_to_for',
                        'add_nested_list',
                        'transform_range_to_recursion',
                        'add_decorator',
                        'add_datetime',
                        'add_time',
                        'add_crypto',
                        'add_sklearn',
                        'add_http',
                        'add_scipy',
                        'add_base64',
                        'add_dateutil'],
  'diff_output': 'reasoning_transformation_classeval/ClassEval/3ad1e93cfed65451f71dd1d0768a262e7e4afa36/Transformation/ClassEval_53.patch',
  'evaluation_tests_dir': '/home/yang/Benchmark/dataset/classeval/',
  'exception': None,
  'file_id': 'ClassEval_53',
  'genetic_algorithm': None,
  'original_code': 'import re\n'
                   'import string\n'
                   '\n'
                   'class LongestWord:\n'
                   '\n'
                   '    def __init__(self):\n'
                   '        self.word_list = []\n'
                   '\n'
                   '    def add_word(self, word):\n'
                   '        self.word_list.append(word)\n'
                   '\n'
                   '    def find_longest_word(self, sentence):\n'
                   "        longest_word = ''\n"
                   '        sentence = sentence.lower()\n'
                   "        sentence = re.sub('[%s]' % "
                   "re.escape(string.punctuation), '', sentence)\n"
                   "        sentence = re.split(' ', sentence)\n"
                   '        for word in sentence:\n'
                   '            if word in self.word_list and len(word) > '
                   'len(longest_word):\n'
                   '                longest_word = word\n'
                   '        return longest_word',
  'patch_path': 'reasoning_transformation_classeval/ClassEval/3ad1e93cfed65451f71dd1d0768a262e7e4afa36/Transformation/ClassEval_53.patch',
  'single_rule': None,
  'source_file': '/home/yang/Benchmark/dataset/classeval/code//ClassEval_53.py',
  'target_file': 'reasoning_transformation_classeval/ClassEval/3ad1e93cfed65451f71dd1d0768a262e7e4afa36/Transformation/ClassEval_53.py',
  'test_results_after': ['tests_pass'],
  'test_results_before': ['tests_pass'],
  'total_time': 17.899232,
  'transformed_code': 'from dateutil.parser import parse\n'
                      'import base64\n'
                      'from scipy.stats import ttest_ind\n'
                      'from http.client import HTTPConnection\n'
                      'from sklearn.utils import shuffle\n'
                      'from cryptography.fernet import Fernet\n'
                      'import time\n'
                      'import datetime\n'
                      '\n'
                      'def my_decorator(func):\n'
                      '    Fernet.generate_key()\n'
                      '\n'
                      '    def dec_result(*args, **kwargs):\n'
                      '        res = func(*args, **kwargs)\n'
                      '        return res\n'
                      '    shuffle([80, 57, 74])\n'
                      '    return dec_result\n'
                      'import re\n'
                      'import string\n'
                      '\n'
                      'class LongestWord:\n'
                      '\n'
                      '    @my_decorator\n'
                      '    def __init__(self):\n'
                      "        base64.b64encode(b'25124751047085771270')\n"
                      "        parse('2024-10-15 02:08:30')\n"
                      '        self.word_list = [[]][0]\n'
                      '\n'
                      '    def add_word(self, word):\n'
                      '        time.sleep(0.11)\n'
                      '        ttest_ind([25, 70, 61], [95, 28, 97])\n'
                      '        self.word_list.append(word)\n'
                      '\n'
                      '    def find_longest_word(self, sentence):\n'
                      '        datetime.datetime.now()\n'
                      "        newlongest_word_1 = ''\n"
                      '        sentence = sentence.lower()\n'
                      "        sentence = re.sub('[%s]' % "
                      "re.escape(string.punctuation), '', sentence)\n"
                      "        sentence = re.split(' ', sentence)\n"
                      '        LoopChecker117 = 300\n'
                      '        LoopChecker217 = 299\n'
                      '        ConditionChecker121 = 34\n'
                      '        ConditionChecker221 = 106\n'
                      '\n'
                      '        def loop_21_8(LoopIndexOut, stop, step):\n'
                      '            nonlocal newlongest_word_1\n'
                      '            if step == 0 or (step > 0 and LoopIndexOut '
                      '>= stop) or (step < 0 and LoopIndexOut <= stop):\n'
                      '                return\n'
                      '            for word in sentence:\n'
                      '                if ConditionChecker121 & '
                      'ConditionChecker221:\n'
                      '                    if word in self.word_list and '
                      'len(word) > len(newlongest_word_1):\n'
                      '                        newlongest_word_1 = word\n'
                      '            loop_21_8(LoopIndexOut + step, stop, step)\n'
                      '        loop_21_8(0, LoopChecker117 // LoopChecker217, '
                      '1)\n'
                      "        HTTPConnection('google.com', port=80)\n"
                      '        return newlongest_word_1'}
[END] processing file: ClassEval_53. Total Time: 17.899232
END AT 2024-10-15 02:08:36.036346
