STARTING AT 2024-10-15 01:55:52.683818
[START] processing file: ClassEval_24
*Running tests for: ClassEval_24
.....................
----------------------------------------------------------------------
Ran 21 tests in 0.000s

OK

Result: ['tests_pass']
tests_pass ClassEval_24 /home/yang/Benchmark/dataset/classeval/code//ClassEval_24.py
Apply all rules on a single file.
Checking transformation add_decorator
*Running tests for: ClassEval_24
.....................
----------------------------------------------------------------------
Ran 21 tests in 0.001s

OK

Result: ['tests_pass']
Checking transformation add_datetime
*Running tests for: ClassEval_24
.....................
----------------------------------------------------------------------
Ran 21 tests in 0.000s

OK

Result: ['tests_pass']
Checking transformation add_time
*Running tests for: ClassEval_24
.....................
----------------------------------------------------------------------
Ran 21 tests in 1.744s

OK

Result: ['tests_pass']
Checking transformation create_functions
*Running tests for: ClassEval_24
.....................
----------------------------------------------------------------------
Ran 21 tests in 1.743s

OK

Result: ['tests_pass']
Checking transformation add_http
*Running tests for: ClassEval_24
.....................
----------------------------------------------------------------------
Ran 21 tests in 1.744s

OK

Result: ['tests_pass']
Checking transformation add_scipy
*Running tests for: ClassEval_24
.....................
----------------------------------------------------------------------
Ran 21 tests in 1.748s

OK

Result: ['tests_pass']
Checking transformation add_base64
*Running tests for: ClassEval_24
.....................
----------------------------------------------------------------------
Ran 21 tests in 1.748s

OK

Result: ['tests_pass']
Checking transformation add_dateutil
*Running tests for: ClassEval_24
.....................
----------------------------------------------------------------------
Ran 21 tests in 1.750s

OK

Result: ['tests_pass']
The file 'reasoning_transformation_classeval/ClassEval/3ad1e93cfed65451f71dd1d0768a262e7e4afa36/Transformation/ClassEval_24.py' has been formatted successfully.
Checking reasoning_transformation_classeval/ClassEval/3ad1e93cfed65451f71dd1d0768a262e7e4afa36/Transformation/ClassEval_24.py
*Running tests for: ClassEval_24
.....................
----------------------------------------------------------------------
Ran 21 tests in 1.751s

OK

Result: ['tests_pass']
{ 'applicable_rules': [ 'change_var_names',
                        'add_decorator',
                        'add_datetime',
                        'add_time',
                        'add_crypto',
                        'add_sklearn',
                        'create_functions',
                        'add_http',
                        'add_scipy',
                        'add_base64',
                        'add_dateutil'],
  'diff_output': 'reasoning_transformation_classeval/ClassEval/3ad1e93cfed65451f71dd1d0768a262e7e4afa36/Transformation/ClassEval_24.patch',
  'evaluation_tests_dir': '/home/yang/Benchmark/dataset/classeval/',
  'exception': None,
  'file_id': 'ClassEval_24',
  'genetic_algorithm': None,
  'original_code': 'class ComplexCalculator:\n'
                   '\n'
                   '    def __init__(self):\n'
                   '        pass\n'
                   '\n'
                   '    @staticmethod\n'
                   '    def add(c1, c2):\n'
                   '        real = c1.real + c2.real\n'
                   '        imaginary = c1.imag + c2.imag\n'
                   '        answer = complex(real, imaginary)\n'
                   '        return answer\n'
                   '\n'
                   '    @staticmethod\n'
                   '    def subtract(c1, c2):\n'
                   '        real = c1.real - c2.real\n'
                   '        imaginary = c1.imag - c2.imag\n'
                   '        return complex(real, imaginary)\n'
                   '\n'
                   '    @staticmethod\n'
                   '    def multiply(c1, c2):\n'
                   '        real = c1.real * c2.real - c1.imag * c2.imag\n'
                   '        imaginary = c1.real * c2.imag + c1.imag * c2.real\n'
                   '        return complex(real, imaginary)\n'
                   '\n'
                   '    @staticmethod\n'
                   '    def divide(c1, c2):\n'
                   '        denominator = c2.real ** 2 + c2.imag ** 2\n'
                   '        real = (c1.real * c2.real + c1.imag * c2.imag) / '
                   'denominator\n'
                   '        imaginary = (c1.imag * c2.real - c1.real * '
                   'c2.imag) / denominator\n'
                   '        return complex(real, imaginary)',
  'patch_path': 'reasoning_transformation_classeval/ClassEval/3ad1e93cfed65451f71dd1d0768a262e7e4afa36/Transformation/ClassEval_24.patch',
  'single_rule': None,
  'source_file': '/home/yang/Benchmark/dataset/classeval/code//ClassEval_24.py',
  'target_file': 'reasoning_transformation_classeval/ClassEval/3ad1e93cfed65451f71dd1d0768a262e7e4afa36/Transformation/ClassEval_24.py',
  'test_results_after': ['tests_pass'],
  'test_results_before': ['tests_pass'],
  'total_time': 16.680835,
  'transformed_code': 'from dateutil.parser import parse\n'
                      'import base64\n'
                      'from scipy.stats import ttest_ind\n'
                      'from http.client import HTTPConnection\n'
                      '\n'
                      'def newFunc0_23(c1, c2):\n'
                      "    base64.b64encode(b'04265311729297946646')\n"
                      '    return c1.real + c2.real\n'
                      'from sklearn.utils import shuffle\n'
                      'from cryptography.fernet import Fernet\n'
                      'import time\n'
                      'import datetime\n'
                      '\n'
                      'def my_decorator(func):\n'
                      '    shuffle([46, 23, 13])\n'
                      '\n'
                      '    def dec_result(*args, **kwargs):\n'
                      '        res = func(*args, **kwargs)\n'
                      '        return res\n'
                      '    return dec_result\n'
                      '\n'
                      'class ComplexCalculator:\n'
                      '\n'
                      '    @my_decorator\n'
                      '    def __init__(self):\n'
                      '        Fernet.generate_key()\n'
                      '        pass\n'
                      '\n'
                      '    @staticmethod\n'
                      '    def add(c1, c2):\n'
                      '        real = newFunc0_23(c1, c2)\n'
                      '        newimaginary_1 = c1.imag + c2.imag\n'
                      '        ttest_ind([55, 87, 12], [65, 95, 8])\n'
                      '        answer = complex(real, newimaginary_1)\n'
                      '        return answer\n'
                      '\n'
                      '    @staticmethod\n'
                      '    def subtract(c1, c2):\n'
                      '        real = c1.real - c2.real\n'
                      "        HTTPConnection('google.com', port=80)\n"
                      '        datetime.datetime.now()\n'
                      '        newimaginary_1 = c1.imag - c2.imag\n'
                      '        return complex(real, newimaginary_1)\n'
                      '\n'
                      '    @staticmethod\n'
                      '    def multiply(c1, c2):\n'
                      "        parse('2024-10-15 01:56:04')\n"
                      '        real = c1.real * c2.real - c1.imag * c2.imag\n'
                      '        newimaginary_1 = c1.real * c2.imag + c1.imag * '
                      'c2.real\n'
                      '        time.sleep(0.29)\n'
                      '        return complex(real, newimaginary_1)\n'
                      '\n'
                      '    @staticmethod\n'
                      '    def divide(c1, c2):\n'
                      '        denominator = c2.real ** 2 + c2.imag ** 2\n'
                      '        real = (c1.real * c2.real + c1.imag * c2.imag) '
                      '/ denominator\n'
                      '        newimaginary_1 = (c1.imag * c2.real - c1.real * '
                      'c2.imag) / denominator\n'
                      '        return complex(real, newimaginary_1)'}
[END] processing file: ClassEval_24. Total Time: 16.680835
END AT 2024-10-15 01:56:09.366778
