STARTING AT 2024-10-15 02:15:20.413350
[START] processing file: ClassEval_79
*Running tests for: ClassEval_79
................................
----------------------------------------------------------------------
Ran 32 tests in 0.001s

OK

Result: ['tests_pass']
tests_pass ClassEval_79 /home/yang/Benchmark/dataset/classeval/code//ClassEval_79.py
Apply all rules on a single file.
Checking transformation add_nested_if
*Running tests for: ClassEval_79
................................
----------------------------------------------------------------------
Ran 32 tests in 0.001s

OK

Result: ['tests_pass']
Checking transformation add_nested_list
*Running tests for: ClassEval_79
................................
----------------------------------------------------------------------
Ran 32 tests in 0.001s

OK

Result: ['tests_pass']
Checking transformation add_decorator
*Running tests for: ClassEval_79
................................
----------------------------------------------------------------------
Ran 32 tests in 0.001s

OK

Result: ['tests_pass']
Checking transformation add_datetime
*Running tests for: ClassEval_79
................................
----------------------------------------------------------------------
Ran 32 tests in 0.001s

OK

Result: ['tests_pass']
Checking transformation add_time
*Running tests for: ClassEval_79
................................
----------------------------------------------------------------------
Ran 32 tests in 0.244s

OK

Result: ['tests_pass']
def newFunc_4897(arg0, arg1):
    return arg0 + arg1
def newFunc_98450(arg1, arg2):
    return arg1 + arg2
Checking transformation create_functions
*Running tests for: ClassEval_79
................................
----------------------------------------------------------------------
Ran 32 tests in 0.243s

OK

Result: ['tests_pass']
Checking transformation add_http
*Running tests for: ClassEval_79
................................
----------------------------------------------------------------------
Ran 32 tests in 0.244s

OK

Result: ['tests_pass']
Checking transformation add_scipy
*Running tests for: ClassEval_79
................................
----------------------------------------------------------------------
Ran 32 tests in 0.256s

OK

Result: ['tests_pass']
Checking transformation add_base64
*Running tests for: ClassEval_79
................................
----------------------------------------------------------------------
Ran 32 tests in 0.253s

OK

Result: ['tests_pass']
Checking transformation add_dateutil
*Running tests for: ClassEval_79
................................
----------------------------------------------------------------------
Ran 32 tests in 0.260s

OK

Result: ['tests_pass']
The file 'reasoning_transformation_classeval/ClassEval/3ad1e93cfed65451f71dd1d0768a262e7e4afa36/Transformation/ClassEval_79.py' has been formatted successfully.
Checking reasoning_transformation_classeval/ClassEval/3ad1e93cfed65451f71dd1d0768a262e7e4afa36/Transformation/ClassEval_79.py
*Running tests for: ClassEval_79
................................
----------------------------------------------------------------------
Ran 32 tests in 0.259s

OK

Result: ['tests_pass']
{ 'applicable_rules': [ 'change_var_names',
                        'add_nested_if',
                        'add_nested_list',
                        'add_decorator',
                        'add_datetime',
                        'add_time',
                        'add_crypto',
                        'add_sklearn',
                        'create_functions',
                        'add_http',
                        'add_scipy',
                        'add_base64',
                        'add_dateutil'],
  'diff_output': 'reasoning_transformation_classeval/ClassEval/3ad1e93cfed65451f71dd1d0768a262e7e4afa36/Transformation/ClassEval_79.patch',
  'evaluation_tests_dir': '/home/yang/Benchmark/dataset/classeval/',
  'exception': None,
  'file_id': 'ClassEval_79',
  'genetic_algorithm': None,
  'original_code': 'class SQLGenerator:\n'
                   '\n'
                   '    def __init__(self, table_name):\n'
                   '        self.table_name = table_name\n'
                   '\n'
                   '    def select(self, fields=None, condition=None):\n'
                   '        if fields is None:\n'
                   "            fields = '*'\n"
                   '        else:\n'
                   "            fields = ', '.join(fields)\n"
                   "        sql = f'SELECT {fields} FROM {self.table_name}'\n"
                   '        if condition is not None:\n'
                   "            sql += f' WHERE {condition}'\n"
                   "        return sql + ';'\n"
                   '\n'
                   '    def insert(self, data):\n'
                   "        fields = ', '.join(data.keys())\n"
                   '        values = \', \'.join([f"\'{value}\'" for value in '
                   'data.values()])\n'
                   "        sql = f'INSERT INTO {self.table_name} ({fields}) "
                   "VALUES ({values})'\n"
                   "        return sql + ';'\n"
                   '\n'
                   '    def update(self, data, condition):\n'
                   '        set_clause = \', \'.join([f"{field} = \'{value}\'" '
                   'for (field, value) in data.items()])\n'
                   "        sql = f'UPDATE {self.table_name} SET {set_clause} "
                   "WHERE {condition}'\n"
                   "        return sql + ';'\n"
                   '\n'
                   '    def delete(self, condition):\n'
                   "        sql = f'DELETE FROM {self.table_name} WHERE "
                   "{condition}'\n"
                   "        return sql + ';'\n"
                   '\n'
                   '    def select_female_under_age(self, age):\n'
                   '        condition = f"age < {age} AND gender = '
                   '\'female\'"\n'
                   '        return self.select(condition=condition)\n'
                   '\n'
                   '    def select_by_age_range(self, min_age, max_age):\n'
                   "        condition = f'age BETWEEN {min_age} AND "
                   "{max_age}'\n"
                   '        return self.select(condition=condition)',
  'patch_path': 'reasoning_transformation_classeval/ClassEval/3ad1e93cfed65451f71dd1d0768a262e7e4afa36/Transformation/ClassEval_79.patch',
  'single_rule': None,
  'source_file': '/home/yang/Benchmark/dataset/classeval/code//ClassEval_79.py',
  'target_file': 'reasoning_transformation_classeval/ClassEval/3ad1e93cfed65451f71dd1d0768a262e7e4afa36/Transformation/ClassEval_79.py',
  'test_results_after': ['tests_pass'],
  'test_results_before': ['tests_pass'],
  'total_time': 6.592072,
  'transformed_code': 'from dateutil.parser import parse\n'
                      'import base64\n'
                      'from scipy.stats import ttest_ind\n'
                      'from http.client import HTTPConnection\n'
                      '\n'
                      'def newFunc_4897(arg0, arg1):\n'
                      '    return arg0 + arg1\n'
                      '\n'
                      'def newFunc_98450(arg1, arg2):\n'
                      '    return arg1 + arg2\n'
                      'from sklearn.utils import shuffle\n'
                      'from cryptography.fernet import Fernet\n'
                      'import time\n'
                      'import datetime\n'
                      '\n'
                      'def my_decorator(func):\n'
                      '\n'
                      '    def dec_result(*args, **kwargs):\n'
                      '        res = func(*args, **kwargs)\n'
                      '        return res\n'
                      "    HTTPConnection('google.com', port=80)\n"
                      '    shuffle([17, 60, 40])\n'
                      '    return dec_result\n'
                      '\n'
                      'class SQLGenerator:\n'
                      '\n'
                      '    @my_decorator\n'
                      '    def __init__(self, table_name):\n'
                      '        self.table_name = table_name\n'
                      '\n'
                      '    def select(self, newfields_1=None, '
                      'condition=None):\n'
                      '        ConditionChecker17 = [582][0]\n'
                      '        ConditionChecker27 = 347\n'
                      '        if ConditionChecker17 & ConditionChecker27:\n'
                      '            if newfields_1 is None:\n'
                      "                newfields_1 = '*'\n"
                      '            else:\n'
                      "                newfields_1 = ', '.join(newfields_1)\n"
                      "        sql = f'SELECT {newfields_1} FROM "
                      "{self.table_name}'\n"
                      '        if condition is not None:\n'
                      "            sql += f' WHERE {condition}'\n"
                      "        return newFunc_4897(sql, ';')\n"
                      '\n'
                      '    def insert(self, data):\n'
                      "        newfields_1 = ', '.join(data.keys())\n"
                      '        values = \', \'.join([f"\'{value}\'" for value '
                      'in data.values()])\n'
                      '        time.sleep(0.04)\n'
                      '        ttest_ind([30, 9, 29], [44, 23, 94])\n'
                      "        sql = f'INSERT INTO {self.table_name} "
                      "({newfields_1}) VALUES ({values})'\n"
                      "        return newFunc_98450(sql, ';')\n"
                      '\n'
                      '    def update(self, data, condition):\n'
                      '        set_clause = \', \'.join([f"{field} = '
                      '\'{value}\'" for (field, value) in data.items()])\n'
                      "        sql = f'UPDATE {self.table_name} SET "
                      "{set_clause} WHERE {condition}'\n"
                      "        return sql + ';'\n"
                      '\n'
                      '    def delete(self, condition):\n'
                      "        sql = f'DELETE FROM {self.table_name} WHERE "
                      "{condition}'\n"
                      "        return sql + ';'\n"
                      '\n'
                      '    def select_female_under_age(self, age):\n'
                      "        base64.b64encode(b'01916057759122079816')\n"
                      '        condition = f"age < {age} AND gender = '
                      '\'female\'"\n'
                      '        Fernet.generate_key()\n'
                      '        return self.select(condition=condition)\n'
                      '\n'
                      '    def select_by_age_range(self, min_age, max_age):\n'
                      "        condition = f'age BETWEEN {min_age} AND "
                      "{max_age}'\n"
                      "        parse('2024-10-15 02:15:25')\n"
                      '        datetime.datetime.now()\n'
                      '        return self.select(condition=condition)'}
[END] processing file: ClassEval_79. Total Time: 6.592072
END AT 2024-10-15 02:15:27.009121
