STARTING AT 2024-10-13 01:54:00.190712
[START] processing file: ClassEval_29
*Running tests for: ClassEval_29
................
----------------------------------------------------------------------
Ran 16 tests in 0.000s

OK

Result: ['tests_pass']
tests_pass ClassEval_29 /home/yang/Benchmark/dataset/classeval/code//ClassEval_29.py
Apply all rules on a single file.
Checking transformation add_nested_if
*Running tests for: ClassEval_29
................
----------------------------------------------------------------------
Ran 16 tests in 0.000s

OK

Result: ['tests_pass']
Checking transformation create_functions
*Running tests for: ClassEval_29
................
----------------------------------------------------------------------
Ran 16 tests in 0.000s

OK

Result: ['tests_pass']
Checking transformation add_nested_list
*Running tests for: ClassEval_29
................
----------------------------------------------------------------------
Ran 16 tests in 0.000s

OK

Result: ['tests_pass']
Checking transformation add_thread
*Running tests for: ClassEval_29
................
----------------------------------------------------------------------
Ran 16 tests in 0.001s

OK

Result: ['tests_pass']
Checking transformation add_decorator
*Running tests for: ClassEval_29
................
----------------------------------------------------------------------
Ran 16 tests in 0.001s

OK

Result: ['tests_pass']
Checking transformation replace_with_numpy
*Running tests for: ClassEval_29
................
----------------------------------------------------------------------
Ran 16 tests in 0.001s

OK

Result: ['tests_pass']
Checking transformation add_datetime
*Running tests for: ClassEval_29
................
----------------------------------------------------------------------
Ran 16 tests in 0.001s

OK

Result: ['tests_pass']
Checking transformation add_time
*Running tests for: ClassEval_29
................
----------------------------------------------------------------------
Ran 16 tests in 0.694s

OK

Result: ['tests_pass']
Checking transformation add_http
*Running tests for: ClassEval_29
................
----------------------------------------------------------------------
Ran 16 tests in 0.694s

OK

Result: ['tests_pass']
Checking transformation add_scipy
*Running tests for: ClassEval_29
................
----------------------------------------------------------------------
Ran 16 tests in 0.694s

OK

Result: ['tests_pass']
Checking transformation add_base64
*Running tests for: ClassEval_29
................
----------------------------------------------------------------------
Ran 16 tests in 0.693s

OK

Result: ['tests_pass']
Checking transformation add_dateutil
*Running tests for: ClassEval_29
................
----------------------------------------------------------------------
Ran 16 tests in 0.694s

OK

Result: ['tests_pass']
The file 'reasoning_transformation/ClassEval/16f2cf44d2a3ae4989e322b7529f0a8dce9b4d54/Transformation/ClassEval_29.py' has been formatted successfully.
Checking reasoning_transformation/ClassEval/16f2cf44d2a3ae4989e322b7529f0a8dce9b4d54/Transformation/ClassEval_29.py
*Running tests for: ClassEval_29
................
----------------------------------------------------------------------
Ran 16 tests in 0.696s

OK

Result: ['tests_pass']
{ 'applicable_rules': [ 'change_var_names',
                        'add_nested_if',
                        'create_functions',
                        'add_try_except_inside_functions',
                        'add_nested_list',
                        'add_thread',
                        'add_decorator',
                        'replace_with_numpy',
                        'add_datetime',
                        'add_time',
                        'add_crypto',
                        'add_sklearn',
                        'add_http',
                        'add_scipy',
                        'add_base64',
                        'add_dateutil'],
  'diff_output': 'reasoning_transformation/ClassEval/16f2cf44d2a3ae4989e322b7529f0a8dce9b4d54/Transformation/ClassEval_29.patch',
  'evaluation_tests_dir': '/home/yang/Benchmark/dataset/classeval/',
  'exception': None,
  'file_id': 'ClassEval_29',
  'genetic_algorithm': None,
  'original_code': 'from collections import Counter\n'
                   '\n'
                   'class DataStatistics:\n'
                   '\n'
                   '    def mean(self, data):\n'
                   '        return round(sum(data) / len(data), 2)\n'
                   '\n'
                   '    def median(self, data):\n'
                   '        sorted_data = sorted(data)\n'
                   '        n = len(sorted_data)\n'
                   '        if n % 2 == 0:\n'
                   '            middle = n // 2\n'
                   '            return round((sorted_data[middle - 1] + '
                   'sorted_data[middle]) / 2, 2)\n'
                   '        else:\n'
                   '            middle = n // 2\n'
                   '            return sorted_data[middle]\n'
                   '\n'
                   '    def mode(self, data):\n'
                   '        counter = Counter(data)\n'
                   '        mode_count = max(counter.values())\n'
                   '        mode = [x for (x, count) in counter.items() if '
                   'count == mode_count]\n'
                   '        return mode',
  'patch_path': 'reasoning_transformation/ClassEval/16f2cf44d2a3ae4989e322b7529f0a8dce9b4d54/Transformation/ClassEval_29.patch',
  'single_rule': None,
  'source_file': '/home/yang/Benchmark/dataset/classeval/code//ClassEval_29.py',
  'target_file': 'reasoning_transformation/ClassEval/16f2cf44d2a3ae4989e322b7529f0a8dce9b4d54/Transformation/ClassEval_29.py',
  'test_results_after': ['tests_pass'],
  'test_results_before': ['tests_pass'],
  'total_time': 8.280455,
  'transformed_code': 'from dateutil.parser import parse\n'
                      'import base64\n'
                      'from scipy.stats import ttest_ind\n'
                      'from http.client import HTTPConnection\n'
                      'from sklearn.utils import shuffle\n'
                      'from cryptography.fernet import Fernet\n'
                      'import time\n'
                      'import datetime\n'
                      'import numpy as np\n'
                      '\n'
                      'def my_decorator(func):\n'
                      '    Fernet.generate_key()\n'
                      '\n'
                      '    def dec_result(*args, **kwargs):\n'
                      '        res = func(*args, **kwargs)\n'
                      '        return res\n'
                      '    shuffle([82, 55, 12])\n'
                      "    base64.b64encode(b'93726645585289616688')\n"
                      '    ttest_ind([13, 13, 75], [47, 18, 8])\n'
                      '    return dec_result\n'
                      'import threading\n'
                      'import queue\n'
                      '\n'
                      '@my_decorator\n'
                      'def newFunc0_15(n, variable_3_15):\n'
                      "    HTTPConnection('google.com', port=80)\n"
                      '    time.sleep(0.23)\n'
                      '    datetime.datetime.now()\n'
                      "    parse('2024-10-13 01:54:05')\n"
                      '    try:\n'
                      '        return n // variable_3_15\n'
                      '    except:\n'
                      '        pass\n'
                      'from collections import Counter\n'
                      '\n'
                      'class DataStatistics:\n'
                      '\n'
                      '    def mean(self, data):\n'
                      '        return round(np.sum(np.array([data])) / '
                      'len(data), 2)\n'
                      '\n'
                      '    def median(self, data):\n'
                      '        ConditionChecker111 = [502][0]\n'
                      '        ConditionChecker211 = 252\n'
                      '        newsorted_data_1 = sorted(data)\n'
                      '        n = len(newsorted_data_1)\n'
                      '        if ConditionChecker111 & ConditionChecker211:\n'
                      '            if n % 2 == 0:\n'
                      '                variable_3_15 = 2\n'
                      '                queue_newFunc0_150 = queue.Queue()\n'
                      '\n'
                      '                def newFunc0_15_thread(queue):\n'
                      '                    result = newFunc0_15(n, '
                      'variable_3_15)\n'
                      '                    queue.put(result)\n'
                      '                thread_newFunc0_150 = '
                      'threading.Thread(target=newFunc0_15_thread, '
                      'args=(queue_newFunc0_150,))\n'
                      '                thread_newFunc0_150.start()\n'
                      '                thread_newFunc0_150.join()\n'
                      '                result_newFunc0_150 = '
                      'queue_newFunc0_150.get()\n'
                      '                middle = result_newFunc0_150\n'
                      '                return round((newsorted_data_1[middle - '
                      '1] + newsorted_data_1[middle]) / 2, 2)\n'
                      '            else:\n'
                      '                middle = n // 2\n'
                      '                return newsorted_data_1[middle]\n'
                      '\n'
                      '    def mode(self, data):\n'
                      '        counter = Counter(data)\n'
                      '        mode_count = max(counter.values())\n'
                      '        mode = [x for (x, count) in counter.items() if '
                      'count == mode_count]\n'
                      '        return mode'}
[END] processing file: ClassEval_29. Total Time: 8.280455
END AT 2024-10-13 01:54:08.473952
