STARTING AT 2024-10-15 02:07:25.784084
[START] processing file: ClassEval_50
*Running tests for: ClassEval_50
................
----------------------------------------------------------------------
Ran 16 tests in 0.002s

OK

Result: ['tests_pass']
tests_pass ClassEval_50 /home/yang/Benchmark/dataset/classeval/code//ClassEval_50.py
Apply all rules on a single file.
Checking transformation add_nested_if
*Running tests for: ClassEval_50
................
----------------------------------------------------------------------
Ran 16 tests in 0.002s

OK

Result: ['tests_pass']
Checking transformation add_nested_list
*Running tests for: ClassEval_50
................
----------------------------------------------------------------------
Ran 16 tests in 0.002s

OK

Result: ['tests_pass']
Checking transformation add_decorator
*Running tests for: ClassEval_50
................
----------------------------------------------------------------------
Ran 16 tests in 0.002s

OK

Result: ['tests_pass']
Checking transformation add_datetime
*Running tests for: ClassEval_50
................
----------------------------------------------------------------------
Ran 16 tests in 0.002s

OK

Result: ['tests_pass']
Checking transformation add_time
*Running tests for: ClassEval_50
................
----------------------------------------------------------------------
Ran 16 tests in 0.003s

OK

Result: ['tests_pass']
Checking transformation add_http
*Running tests for: ClassEval_50
................
----------------------------------------------------------------------
Ran 16 tests in 0.011s

OK

Result: ['tests_pass']
Checking transformation add_scipy
*Running tests for: ClassEval_50
................
----------------------------------------------------------------------
Ran 16 tests in 0.018s

OK

Result: ['tests_pass']
Checking transformation add_base64
*Running tests for: ClassEval_50
................
----------------------------------------------------------------------
Ran 16 tests in 0.021s

OK

Result: ['tests_pass']
Checking transformation add_dateutil
*Running tests for: ClassEval_50
................
----------------------------------------------------------------------
Ran 16 tests in 0.017s

OK

Result: ['tests_pass']
The file 'reasoning_transformation_classeval/ClassEval/3ad1e93cfed65451f71dd1d0768a262e7e4afa36/Transformation/ClassEval_50.py' has been formatted successfully.
Checking reasoning_transformation_classeval/ClassEval/3ad1e93cfed65451f71dd1d0768a262e7e4afa36/Transformation/ClassEval_50.py
*Running tests for: ClassEval_50
................
----------------------------------------------------------------------
Ran 16 tests in 0.016s

OK

Result: ['tests_pass']
{ 'applicable_rules': [ 'change_var_names',
                        'add_nested_if',
                        'add_nested_list',
                        'add_decorator',
                        'add_datetime',
                        'add_time',
                        'add_crypto',
                        'add_sklearn',
                        'add_http',
                        'add_scipy',
                        'add_base64',
                        'add_dateutil'],
  'diff_output': 'reasoning_transformation_classeval/ClassEval/3ad1e93cfed65451f71dd1d0768a262e7e4afa36/Transformation/ClassEval_50.patch',
  'evaluation_tests_dir': '/home/yang/Benchmark/dataset/classeval/',
  'exception': None,
  'file_id': 'ClassEval_50',
  'genetic_algorithm': None,
  'original_code': 'import json\n'
                   'import os\n'
                   '\n'
                   'class JSONProcessor:\n'
                   '\n'
                   '    def read_json(self, file_path):\n'
                   '        if not os.path.exists(file_path):\n'
                   '            return 0\n'
                   '        try:\n'
                   "            with open(file_path, 'r') as file:\n"
                   '                data = json.load(file)\n'
                   '            return data\n'
                   '        except:\n'
                   '            return -1\n'
                   '\n'
                   '    def write_json(self, data, file_path):\n'
                   '        try:\n'
                   "            with open(file_path, 'w') as file:\n"
                   '                json.dump(data, file)\n'
                   '            return 1\n'
                   '        except:\n'
                   '            return -1\n'
                   '\n'
                   '    def process_json(self, file_path, remove_key):\n'
                   '        data = self.read_json(file_path)\n'
                   '        if data == 0 or data == -1:\n'
                   '            return 0\n'
                   '        if remove_key in data:\n'
                   '            del data[remove_key]\n'
                   '            self.write_json(data, file_path)\n'
                   '            return 1\n'
                   '        else:\n'
                   '            return 0',
  'patch_path': 'reasoning_transformation_classeval/ClassEval/3ad1e93cfed65451f71dd1d0768a262e7e4afa36/Transformation/ClassEval_50.patch',
  'single_rule': None,
  'source_file': '/home/yang/Benchmark/dataset/classeval/code//ClassEval_50.py',
  'target_file': 'reasoning_transformation_classeval/ClassEval/3ad1e93cfed65451f71dd1d0768a262e7e4afa36/Transformation/ClassEval_50.py',
  'test_results_after': ['tests_pass'],
  'test_results_before': ['tests_pass'],
  'total_time': 4.752239,
  'transformed_code': 'from dateutil.parser import parse\n'
                      'import base64\n'
                      'from scipy.stats import ttest_ind\n'
                      'from http.client import HTTPConnection\n'
                      'from sklearn.utils import shuffle\n'
                      'from cryptography.fernet import Fernet\n'
                      'import time\n'
                      'import datetime\n'
                      '\n'
                      'def my_decorator(func):\n'
                      '\n'
                      '    def dec_result(*args, **kwargs):\n'
                      '        res = func(*args, **kwargs)\n'
                      '        return res\n'
                      '    time.sleep(0.11)\n'
                      '    return dec_result\n'
                      'import json\n'
                      'import os\n'
                      '\n'
                      'class JSONProcessor:\n'
                      '\n'
                      '    @my_decorator\n'
                      '    def read_json(self, file_path):\n'
                      '        ConditionChecker17 = [975][0]\n'
                      '        ConditionChecker27 = 494\n'
                      "        base64.b64encode(b'97401818935864011785')\n"
                      '        if ConditionChecker17 & ConditionChecker27:\n'
                      '            if not os.path.exists(file_path):\n'
                      '                return 0\n'
                      "        parse('2024-10-15 02:07:28')\n"
                      '        try:\n'
                      "            with open(file_path, 'r') as newfile_1:\n"
                      '                data = json.load(newfile_1)\n'
                      '            return data\n'
                      '        except:\n'
                      '            return -1\n'
                      '\n'
                      '    def write_json(self, data, file_path):\n'
                      "        HTTPConnection('google.com', port=80)\n"
                      '        ttest_ind([39, 75, 11], [19, 46, 55])\n'
                      '        Fernet.generate_key()\n'
                      '        shuffle([71, 40, 7])\n'
                      '        try:\n'
                      "            with open(file_path, 'w') as newfile_1:\n"
                      '                json.dump(data, newfile_1)\n'
                      '            return 1\n'
                      '        except:\n'
                      '            return -1\n'
                      '\n'
                      '    def process_json(self, file_path, remove_key):\n'
                      '        datetime.datetime.now()\n'
                      '        data = self.read_json(file_path)\n'
                      '        if data == 0 or data == -1:\n'
                      '            return 0\n'
                      '        if remove_key in data:\n'
                      '            del data[remove_key]\n'
                      '            self.write_json(data, file_path)\n'
                      '            return 1\n'
                      '        else:\n'
                      '            return 0'}
[END] processing file: ClassEval_50. Total Time: 4.752239
END AT 2024-10-15 02:07:30.539124
