STARTING AT 2024-10-15 02:02:02.740181
[START] processing file: ClassEval_39
*Running tests for: ClassEval_39
.....................................
----------------------------------------------------------------------
Ran 37 tests in 0.003s

OK

Result: ['tests_pass']
tests_pass ClassEval_39 /home/yang/Benchmark/dataset/classeval/code//ClassEval_39.py
Apply all rules on a single file.
Checking transformation add_nested_for_out
*Running tests for: ClassEval_39
.....................................
----------------------------------------------------------------------
Ran 37 tests in 0.001s

OK

Result: ['tests_pass']
Checking transformation add_nested_while_out
*Running tests for: ClassEval_39
.....................................
----------------------------------------------------------------------
Ran 37 tests in 0.001s

OK

Result: ['tests_pass']
Checking transformation add_nested_if
*Running tests for: ClassEval_39
.....................................
----------------------------------------------------------------------
Ran 37 tests in 0.001s

OK

Result: ['tests_pass']
Checking transformation add_nested_list
*Running tests for: ClassEval_39
.....................................
----------------------------------------------------------------------
Ran 37 tests in 0.001s

OK

Result: ['tests_pass']
Checking transformation transform_range_to_recursion
*Running tests for: ClassEval_39
  File "/home/yang/Benchmark/.tmp_test/tmp_test.py", line 46
    nonlocal count, peek_op, current_index
    ^^^^^^^^^^^^^^^^^^^^^^^^^^^^^^^^^^^^^^
SyntaxError: no binding for nonlocal 'peek_op' found

Result: ['error_or_timeout']
Drop transform_range_to_recursion due to ['error_or_timeout']
Checking transformation add_decorator
*Running tests for: ClassEval_39
.....................................
----------------------------------------------------------------------
Ran 37 tests in 0.001s

OK

Result: ['tests_pass']
Checking transformation add_datetime
*Running tests for: ClassEval_39
.....................................
----------------------------------------------------------------------
Ran 37 tests in 0.001s

OK

Result: ['tests_pass']
Checking transformation add_time
*Running tests for: ClassEval_39
.....................................
----------------------------------------------------------------------
Ran 37 tests in 1.210s

OK

Result: ['tests_pass']
Checking transformation create_functions
*Running tests for: ClassEval_39
.....................................
----------------------------------------------------------------------
Ran 37 tests in 1.215s

OK

Result: ['tests_pass']
Checking transformation add_http
*Running tests for: ClassEval_39
.....................................
----------------------------------------------------------------------
Ran 37 tests in 1.213s

OK

Result: ['tests_pass']
Checking transformation add_scipy
*Running tests for: ClassEval_39
.....................................
----------------------------------------------------------------------
Ran 37 tests in 1.264s

OK

Result: ['tests_pass']
Checking transformation add_base64
*Running tests for: ClassEval_39
.....................................
----------------------------------------------------------------------
Ran 37 tests in 1.266s

OK

Result: ['tests_pass']
Checking transformation add_dateutil
*Running tests for: ClassEval_39
.....................................
----------------------------------------------------------------------
Ran 37 tests in 1.272s

OK

Result: ['tests_pass']
The file 'reasoning_transformation_classeval/ClassEval/3ad1e93cfed65451f71dd1d0768a262e7e4afa36/Transformation/ClassEval_39.py' has been formatted successfully.
Checking reasoning_transformation_classeval/ClassEval/3ad1e93cfed65451f71dd1d0768a262e7e4afa36/Transformation/ClassEval_39.py
*Running tests for: ClassEval_39
.....................................
----------------------------------------------------------------------
Ran 37 tests in 1.276s

OK

Result: ['tests_pass']
{ 'applicable_rules': [ 'change_var_names',
                        'add_nested_for_out',
                        'add_nested_while_out',
                        'add_nested_if',
                        'add_else_to_for',
                        'add_else_to_while',
                        'add_nested_list',
                        'add_decorator',
                        'add_datetime',
                        'add_time',
                        'add_crypto',
                        'add_sklearn',
                        'create_functions',
                        'add_http',
                        'add_scipy',
                        'add_base64',
                        'add_dateutil',
                        'changing_AugAssign'],
  'diff_output': 'reasoning_transformation_classeval/ClassEval/3ad1e93cfed65451f71dd1d0768a262e7e4afa36/Transformation/ClassEval_39.patch',
  'evaluation_tests_dir': '/home/yang/Benchmark/dataset/classeval/',
  'exception': None,
  'file_id': 'ClassEval_39',
  'genetic_algorithm': None,
  'original_code': 'import re\n'
                   'from collections import deque\n'
                   'from decimal import Decimal\n'
                   '\n'
                   'class ExpressionCalculator:\n'
                   '\n'
                   '    def __init__(self):\n'
                   '        self.postfix_stack = deque()\n'
                   '        self.operat_priority = [0, 3, 2, 1, -1, 1, 0, 2]\n'
                   '\n'
                   '    def calculate(self, expression):\n'
                   '        self.prepare(self.transform(expression))\n'
                   '        result_stack = deque()\n'
                   '        self.postfix_stack.reverse()\n'
                   '        while self.postfix_stack:\n'
                   '            current_op = self.postfix_stack.pop()\n'
                   '            if not self.is_operator(current_op):\n'
                   "                current_op = current_op.replace('~', '-')\n"
                   '                result_stack.append(current_op)\n'
                   '            else:\n'
                   '                second_value = result_stack.pop()\n'
                   '                first_value = result_stack.pop()\n'
                   "                first_value = first_value.replace('~', "
                   "'-')\n"
                   "                second_value = second_value.replace('~', "
                   "'-')\n"
                   '                temp_result = self._calculate(first_value, '
                   'second_value, current_op)\n'
                   '                result_stack.append(str(temp_result))\n'
                   "        return float(eval('*'.join(result_stack)))\n"
                   '\n'
                   '    def prepare(self, expression):\n'
                   "        op_stack = deque([','])\n"
                   '        arr = list(expression)\n'
                   '        current_index = 0\n'
                   '        count = 0\n'
                   '        for (i, current_op) in enumerate(arr):\n'
                   '            if self.is_operator(current_op):\n'
                   '                if count > 0:\n'
                   '                    '
                   "self.postfix_stack.append(''.join(arr[current_index:current_index "
                   '+ count]))\n'
                   '                peek_op = op_stack[-1]\n'
                   "                if current_op == ')':\n"
                   "                    while op_stack[-1] != '(':\n"
                   '                        '
                   'self.postfix_stack.append(str(op_stack.pop()))\n'
                   '                    op_stack.pop()\n'
                   '                else:\n'
                   "                    while current_op != '(' and peek_op != "
                   "',' and self.compare(current_op, peek_op):\n"
                   '                        '
                   'self.postfix_stack.append(str(op_stack.pop()))\n'
                   '                        peek_op = op_stack[-1]\n'
                   '                    op_stack.append(current_op)\n'
                   '                count = 0\n'
                   '                current_index = i + 1\n'
                   '            else:\n'
                   '                count += 1\n'
                   '        if count > 1 or (count == 1 and (not '
                   'self.is_operator(arr[current_index]))):\n'
                   '            '
                   "self.postfix_stack.append(''.join(arr[current_index:current_index "
                   '+ count]))\n'
                   "        while op_stack[-1] != ',':\n"
                   '            '
                   'self.postfix_stack.append(str(op_stack.pop()))\n'
                   '\n'
                   '    @staticmethod\n'
                   '    def is_operator(c):\n'
                   "        return c in {'+', '-', '*', '/', '(', ')', '%'}\n"
                   '\n'
                   '    def compare(self, cur, peek):\n'
                   "        if cur == '%':\n"
                   "            cur = '/'\n"
                   "        if peek == '%':\n"
                   "            peek = '/'\n"
                   '        return self.operat_priority[ord(peek) - 40] >= '
                   'self.operat_priority[ord(cur) - 40]\n'
                   '\n'
                   '    @staticmethod\n'
                   '    def _calculate(first_value, second_value, '
                   'current_op):\n'
                   "        if current_op == '+':\n"
                   '            return Decimal(first_value) + '
                   'Decimal(second_value)\n'
                   "        elif current_op == '-':\n"
                   '            return Decimal(first_value) - '
                   'Decimal(second_value)\n'
                   "        elif current_op == '*':\n"
                   '            return Decimal(first_value) * '
                   'Decimal(second_value)\n'
                   "        elif current_op == '/':\n"
                   '            return Decimal(first_value) / '
                   'Decimal(second_value)\n'
                   "        elif current_op == '%':\n"
                   '            return Decimal(first_value) % '
                   'Decimal(second_value)\n'
                   '        else:\n'
                   "            raise ValueError('Unexpected operator: "
                   "{}'.format(current_op))\n"
                   '\n'
                   '    @staticmethod\n'
                   '    def transform(expression):\n'
                   "        expression = re.sub('\\\\s+', '', expression)\n"
                   "        expression = re.sub('=$', '', expression)\n"
                   '        arr = list(expression)\n'
                   '        for (i, c) in enumerate(arr):\n'
                   "            if c == '-':\n"
                   '                if i == 0:\n'
                   "                    arr[i] = '~'\n"
                   '                else:\n'
                   '                    prev_c = arr[i - 1]\n'
                   "                    if prev_c in {'+', '-', '*', '/', '(', "
                   "'E', 'e'}:\n"
                   "                        arr[i] = '~'\n"
                   "        if arr[0] == '~' and (len(arr) > 1 and arr[1] == "
                   "'('):\n"
                   "            arr[0] = '-'\n"
                   "            return '0' + ''.join(arr)\n"
                   '        else:\n'
                   "            return ''.join(arr)",
  'patch_path': 'reasoning_transformation_classeval/ClassEval/3ad1e93cfed65451f71dd1d0768a262e7e4afa36/Transformation/ClassEval_39.patch',
  'single_rule': None,
  'source_file': '/home/yang/Benchmark/dataset/classeval/code//ClassEval_39.py',
  'target_file': 'reasoning_transformation_classeval/ClassEval/3ad1e93cfed65451f71dd1d0768a262e7e4afa36/Transformation/ClassEval_39.py',
  'test_results_after': ['tests_pass'],
  'test_results_before': ['tests_pass'],
  'total_time': 18.246847,
  'transformed_code': 'from dateutil.parser import parse\n'
                      'import base64\n'
                      'from scipy.stats import ttest_ind\n'
                      'from http.client import HTTPConnection\n'
                      '\n'
                      'def newFunc0_73(variable_3_73, i):\n'
                      '    ttest_ind([77, 98, 84], [51, 21, 6])\n'
                      '    return i + variable_3_73\n'
                      'from sklearn.utils import shuffle\n'
                      'from cryptography.fernet import Fernet\n'
                      'import time\n'
                      'import datetime\n'
                      '\n'
                      'def my_decorator(func):\n'
                      '\n'
                      '    def dec_result(*args, **kwargs):\n'
                      '        res = func(*args, **kwargs)\n'
                      '        return res\n'
                      '    return dec_result\n'
                      'import re\n'
                      'from collections import deque\n'
                      'from decimal import Decimal\n'
                      '\n'
                      'class ExpressionCalculator:\n'
                      '\n'
                      '    @my_decorator\n'
                      '    def __init__(self):\n'
                      "        parse('2024-10-15 02:02:17')\n"
                      '        self.postfix_stack = deque()\n'
                      '        self.operat_priority = [[0, 3, 2, 1, -1, 1, 0, '
                      '2]][0]\n'
                      '\n'
                      '    def calculate(self, expression):\n'
                      '        self.prepare(self.transform(expression))\n'
                      '        result_stack = deque()\n'
                      '        self.postfix_stack.reverse()\n'
                      "        base64.b64encode(b'40460595674186175589')\n"
                      '        whileloopchecker115 = 975\n'
                      '        whileloopchecker215 = 974\n'
                      '        while whileloopchecker115 % whileloopchecker215 '
                      '== 1:\n'
                      '            whileloopchecker115 = whileloopchecker115 + '
                      '1\n'
                      '            while self.postfix_stack:\n'
                      '                current_op = self.postfix_stack.pop()\n'
                      '                if not self.is_operator(current_op):\n'
                      '                    current_op = '
                      "current_op.replace('~', '-')\n"
                      '                    result_stack.append(current_op)\n'
                      '                else:\n'
                      '                    newsecond_value_1 = '
                      'result_stack.pop()\n'
                      '                    first_value = result_stack.pop()\n'
                      '                    first_value = '
                      "first_value.replace('~', '-')\n"
                      '                    newsecond_value_1 = '
                      "newsecond_value_1.replace('~', '-')\n"
                      '                    temp_result = '
                      'self._calculate(first_value, newsecond_value_1, '
                      'current_op)\n'
                      '                    '
                      'result_stack.append(str(temp_result))\n'
                      '        else:\n'
                      '            pass\n'
                      "        return float(eval('*'.join(result_stack)))\n"
                      '\n'
                      '    def prepare(self, expression):\n'
                      '        ConditionChecker159 = 199\n'
                      '        ConditionChecker259 = 864\n'
                      "        op_stack = deque([','])\n"
                      '        arr = list(expression)\n'
                      '        current_index = 0\n'
                      '        count = 0\n'
                      '        LoopChecker134 = 856\n'
                      '        LoopChecker234 = 855\n'
                      '        shuffle([17, 81, 16])\n'
                      '        for LoopIndexOut in range(LoopChecker134 // '
                      'LoopChecker234):\n'
                      '            for (i, current_op) in enumerate(arr):\n'
                      '                if self.is_operator(current_op):\n'
                      '                    if count > 0:\n'
                      '                        '
                      "self.postfix_stack.append(''.join(arr[current_index:current_index "
                      '+ count]))\n'
                      '                    peek_op = op_stack[-1]\n'
                      "                    if current_op == ')':\n"
                      "                        while op_stack[-1] != '(':\n"
                      '                            '
                      'self.postfix_stack.append(str(op_stack.pop()))\n'
                      '                        op_stack.pop()\n'
                      '                    else:\n'
                      "                        while current_op != '(' and "
                      "peek_op != ',' and self.compare(current_op, peek_op):\n"
                      '                            '
                      'self.postfix_stack.append(str(op_stack.pop()))\n'
                      '                            peek_op = op_stack[-1]\n'
                      '                        op_stack.append(current_op)\n'
                      '                    count = 0\n'
                      '                    variable_3_73 = 1\n'
                      '                    current_index = '
                      'newFunc0_73(variable_3_73, i)\n'
                      '                else:\n'
                      '                    count += 1\n'
                      '        else:\n'
                      '            pass\n'
                      '        if ConditionChecker159 & ConditionChecker259:\n'
                      '            if count > 1 or (count == 1 and (not '
                      'self.is_operator(arr[current_index]))):\n'
                      '                '
                      "self.postfix_stack.append(''.join(arr[current_index:current_index "
                      '+ count]))\n'
                      "        HTTPConnection('google.com', port=80)\n"
                      "        while op_stack[-1] != ',':\n"
                      '            '
                      'self.postfix_stack.append(str(op_stack.pop()))\n'
                      '\n'
                      '    @staticmethod\n'
                      '    def is_operator(c):\n'
                      "        return c in {'+', '-', '*', '/', '(', ')', "
                      "'%'}\n"
                      '\n'
                      '    def compare(self, cur, peek):\n'
                      '        time.sleep(0.06)\n'
                      "        if cur == '%':\n"
                      "            cur = '/'\n"
                      "        if peek == '%':\n"
                      "            peek = '/'\n"
                      '        return self.operat_priority[ord(peek) - 40] >= '
                      'self.operat_priority[ord(cur) - 40]\n'
                      '\n'
                      '    @staticmethod\n'
                      '    def _calculate(first_value, newsecond_value_1, '
                      'current_op):\n'
                      '        datetime.datetime.now()\n'
                      "        if current_op == '+':\n"
                      '            return Decimal(first_value) + '
                      'Decimal(newsecond_value_1)\n'
                      "        elif current_op == '-':\n"
                      '            return Decimal(first_value) - '
                      'Decimal(newsecond_value_1)\n'
                      "        elif current_op == '*':\n"
                      '            return Decimal(first_value) * '
                      'Decimal(newsecond_value_1)\n'
                      "        elif current_op == '/':\n"
                      '            return Decimal(first_value) / '
                      'Decimal(newsecond_value_1)\n'
                      "        elif current_op == '%':\n"
                      '            return Decimal(first_value) % '
                      'Decimal(newsecond_value_1)\n'
                      '        else:\n'
                      "            raise ValueError('Unexpected operator: "
                      "{}'.format(current_op))\n"
                      '\n'
                      '    @staticmethod\n'
                      '    def transform(expression):\n'
                      "        expression = re.sub('\\\\s+', '', expression)\n"
                      "        expression = re.sub('=$', '', expression)\n"
                      '        arr = list(expression)\n'
                      '        for (i, c) in enumerate(arr):\n'
                      "            if c == '-':\n"
                      '                if i == 0:\n'
                      "                    arr[i] = '~'\n"
                      '                else:\n'
                      '                    prev_c = arr[i - 1]\n'
                      "                    if prev_c in {'+', '-', '*', '/', "
                      "'(', 'E', 'e'}:\n"
                      "                        arr[i] = '~'\n"
                      '        Fernet.generate_key()\n'
                      "        if arr[0] == '~' and (len(arr) > 1 and arr[1] "
                      "== '('):\n"
                      "            arr[0] = '-'\n"
                      "            return '0' + ''.join(arr)\n"
                      '        else:\n'
                      "            return ''.join(arr)"}
[END] processing file: ClassEval_39. Total Time: 18.246847
END AT 2024-10-15 02:02:20.993415
