STARTING AT 2024-10-13 02:05:34.338665
[START] processing file: ClassEval_71
*Running tests for: ClassEval_71
................
----------------------------------------------------------------------
Ran 16 tests in 0.001s

OK

Result: ['tests_pass']
tests_pass ClassEval_71 /home/yang/Benchmark/dataset/classeval/code//ClassEval_71.py
Apply all rules on a single file.
Checking transformation add_nested_for_out
*Running tests for: ClassEval_71
................
----------------------------------------------------------------------
Ran 16 tests in 0.001s

OK

Result: ['tests_pass']
Checking transformation add_nested_if
*Running tests for: ClassEval_71
................
----------------------------------------------------------------------
Ran 16 tests in 0.001s

OK

Result: ['tests_pass']
Checking transformation create_functions
*Running tests for: ClassEval_71
................
----------------------------------------------------------------------
Ran 16 tests in 0.001s

OK

Result: ['tests_pass']
Checking transformation add_nested_list
*Running tests for: ClassEval_71
................
----------------------------------------------------------------------
Ran 16 tests in 0.001s

OK

Result: ['tests_pass']
Checking transformation transform_range_to_recursion
*Running tests for: ClassEval_71
................
----------------------------------------------------------------------
Ran 16 tests in 0.001s

OK

Result: ['tests_pass']
Checking transformation add_thread
*Running tests for: ClassEval_71
................
----------------------------------------------------------------------
Ran 16 tests in 0.001s

OK

Result: ['tests_pass']
Checking transformation add_decorator
*Running tests for: ClassEval_71
................
----------------------------------------------------------------------
Ran 16 tests in 0.001s

OK

Result: ['tests_pass']
Checking transformation add_datetime
*Running tests for: ClassEval_71
................
----------------------------------------------------------------------
Ran 16 tests in 0.001s

OK

Result: ['tests_pass']
Checking transformation add_time
*Running tests for: ClassEval_71
................
----------------------------------------------------------------------
Ran 16 tests in 0.001s

OK

Result: ['tests_pass']
Checking transformation add_http
*Running tests for: ClassEval_71
................
----------------------------------------------------------------------
Ran 16 tests in 0.006s

OK

Result: ['tests_pass']
Checking transformation add_scipy
*Running tests for: ClassEval_71
................
----------------------------------------------------------------------
Ran 16 tests in 0.006s

OK

Result: ['tests_pass']
Checking transformation add_base64
*Running tests for: ClassEval_71
................
----------------------------------------------------------------------
Ran 16 tests in 0.006s

OK

Result: ['tests_pass']
Checking transformation add_dateutil
*Running tests for: ClassEval_71
................
----------------------------------------------------------------------
Ran 16 tests in 0.006s

OK

Result: ['tests_pass']
The file 'reasoning_transformation/ClassEval/16f2cf44d2a3ae4989e322b7529f0a8dce9b4d54/Transformation/ClassEval_71.py' has been formatted successfully.
Checking reasoning_transformation/ClassEval/16f2cf44d2a3ae4989e322b7529f0a8dce9b4d54/Transformation/ClassEval_71.py
*Running tests for: ClassEval_71
................
----------------------------------------------------------------------
Ran 16 tests in 0.010s

OK

Result: ['tests_pass']
{ 'applicable_rules': [ 'change_var_names',
                        'add_nested_for_out',
                        'add_nested_if',
                        'create_functions',
                        'add_try_except_inside_functions',
                        'add_else_to_for',
                        'add_nested_list',
                        'transform_range_to_recursion',
                        'add_thread',
                        'add_decorator',
                        'add_datetime',
                        'add_time',
                        'add_crypto',
                        'add_sklearn',
                        'add_http',
                        'add_scipy',
                        'add_base64',
                        'add_dateutil'],
  'diff_output': 'reasoning_transformation/ClassEval/16f2cf44d2a3ae4989e322b7529f0a8dce9b4d54/Transformation/ClassEval_71.patch',
  'evaluation_tests_dir': '/home/yang/Benchmark/dataset/classeval/',
  'exception': None,
  'file_id': 'ClassEval_71',
  'genetic_algorithm': None,
  'original_code': 'class PushBoxGame:\n'
                   '\n'
                   '    def __init__(self, map):\n'
                   '        self.map = map\n'
                   '        self.player_row = 0\n'
                   '        self.player_col = 0\n'
                   '        self.targets = []\n'
                   '        self.boxes = []\n'
                   '        self.target_count = 0\n'
                   '        self.is_game_over = False\n'
                   '        self.init_game()\n'
                   '\n'
                   '    def init_game(self):\n'
                   '        for row in range(len(self.map)):\n'
                   '            for col in range(len(self.map[row])):\n'
                   "                if self.map[row][col] == 'O':\n"
                   '                    self.player_row = row\n'
                   '                    self.player_col = col\n'
                   "                elif self.map[row][col] == 'G':\n"
                   '                    self.targets.append((row, col))\n'
                   '                    self.target_count += 1\n'
                   "                elif self.map[row][col] == 'X':\n"
                   '                    self.boxes.append((row, col))\n'
                   '\n'
                   '    def check_win(self):\n'
                   '        box_on_target_count = 0\n'
                   '        for box in self.boxes:\n'
                   '            if box in self.targets:\n'
                   '                box_on_target_count += 1\n'
                   '        if box_on_target_count == self.target_count:\n'
                   '            self.is_game_over = True\n'
                   '        return self.is_game_over\n'
                   '\n'
                   '    def move(self, direction):\n'
                   '        new_player_row = self.player_row\n'
                   '        new_player_col = self.player_col\n'
                   "        if direction == 'w':\n"
                   '            new_player_row -= 1\n'
                   "        elif direction == 's':\n"
                   '            new_player_row += 1\n'
                   "        elif direction == 'a':\n"
                   '            new_player_col -= 1\n'
                   "        elif direction == 'd':\n"
                   '            new_player_col += 1\n'
                   '        if self.map[new_player_row][new_player_col] != '
                   "'#':\n"
                   '            if (new_player_row, new_player_col) in '
                   'self.boxes:\n'
                   '                new_box_row = new_player_row + '
                   '(new_player_row - self.player_row)\n'
                   '                new_box_col = new_player_col + '
                   '(new_player_col - self.player_col)\n'
                   '                if self.map[new_box_row][new_box_col] != '
                   "'#':\n"
                   '                    self.boxes.remove((new_player_row, '
                   'new_player_col))\n'
                   '                    self.boxes.append((new_box_row, '
                   'new_box_col))\n'
                   '                    self.player_row = new_player_row\n'
                   '                    self.player_col = new_player_col\n'
                   '            else:\n'
                   '                self.player_row = new_player_row\n'
                   '                self.player_col = new_player_col\n'
                   '        return self.check_win()',
  'patch_path': 'reasoning_transformation/ClassEval/16f2cf44d2a3ae4989e322b7529f0a8dce9b4d54/Transformation/ClassEval_71.patch',
  'single_rule': None,
  'source_file': '/home/yang/Benchmark/dataset/classeval/code//ClassEval_71.py',
  'target_file': 'reasoning_transformation/ClassEval/16f2cf44d2a3ae4989e322b7529f0a8dce9b4d54/Transformation/ClassEval_71.py',
  'test_results_after': ['tests_pass'],
  'test_results_before': ['tests_pass'],
  'total_time': 7.777489,
  'transformed_code': 'from dateutil.parser import parse\n'
                      'import base64\n'
                      'from scipy.stats import ttest_ind\n'
                      'from http.client import HTTPConnection\n'
                      'from sklearn.utils import shuffle\n'
                      'from cryptography.fernet import Fernet\n'
                      'import time\n'
                      'import datetime\n'
                      '\n'
                      'def my_decorator(func):\n'
                      '\n'
                      '    def dec_result(*args, **kwargs):\n'
                      '        res = func(*args, **kwargs)\n'
                      '        return res\n'
                      "    HTTPConnection('google.com', port=80)\n"
                      "    base64.b64encode(b'45648066829909220544')\n"
                      '    Fernet.generate_key()\n'
                      '    datetime.datetime.now()\n'
                      '    ttest_ind([7, 47, 54], [1, 53, 43])\n'
                      '    time.sleep(0.22)\n'
                      '    return dec_result\n'
                      'import threading\n'
                      'import queue\n'
                      '\n'
                      '@my_decorator\n'
                      'def newFunc0_53(new_player_row, self):\n'
                      "    parse('2024-10-13 02:05:40')\n"
                      '    shuffle([100, 86, 43])\n'
                      '    try:\n'
                      '        return new_player_row + (new_player_row - '
                      'self.player_row)\n'
                      '    except:\n'
                      '        pass\n'
                      '\n'
                      'class PushBoxGame:\n'
                      '\n'
                      '    def __init__(self, map):\n'
                      '        self.map = map\n'
                      '        self.player_row = [0][0]\n'
                      '        self.player_col = 0\n'
                      '        self.targets = []\n'
                      '        self.boxes = []\n'
                      '        self.target_count = 0\n'
                      '        self.is_game_over = False\n'
                      '        self.init_game()\n'
                      '\n'
                      '    def init_game(self):\n'
                      '        LoopChecker114 = 369\n'
                      '        LoopChecker214 = 368\n'
                      '        for LoopIndexOut in range(LoopChecker114 // '
                      'LoopChecker214):\n'
                      '            for row in range(len(self.map)):\n'
                      '\n'
                      '                def loop_24_16(col, stop, step):\n'
                      '                    if step == 0 or (step > 0 and col '
                      '>= stop) or (step < 0 and col <= stop):\n'
                      '                        return\n'
                      "                    if self.map[row][col] == 'O':\n"
                      '                        self.player_row = row\n'
                      '                        self.player_col = col\n'
                      "                    elif self.map[row][col] == 'G':\n"
                      '                        self.targets.append((row, '
                      'col))\n'
                      '                        self.target_count += 1\n'
                      "                    elif self.map[row][col] == 'X':\n"
                      '                        self.boxes.append((row, col))\n'
                      '                    loop_24_16(col + step, stop, step)\n'
                      '                loop_24_16(0, len(self.map[row]), 1)\n'
                      '        else:\n'
                      '            pass\n'
                      '\n'
                      '    def check_win(self):\n'
                      '        ConditionChecker133 = 168\n'
                      '        ConditionChecker233 = 807\n'
                      '        newbox_on_target_count_1 = 0\n'
                      '        for box in self.boxes:\n'
                      '            if box in self.targets:\n'
                      '                newbox_on_target_count_1 += 1\n'
                      '        if ConditionChecker133 & ConditionChecker233:\n'
                      '            if newbox_on_target_count_1 == '
                      'self.target_count:\n'
                      '                self.is_game_over = True\n'
                      '        return self.is_game_over\n'
                      '\n'
                      '    def move(self, direction):\n'
                      '        new_player_row = self.player_row\n'
                      '        new_player_col = self.player_col\n'
                      "        if direction == 'w':\n"
                      '            new_player_row -= 1\n'
                      "        elif direction == 's':\n"
                      '            new_player_row += 1\n'
                      "        elif direction == 'a':\n"
                      '            new_player_col -= 1\n'
                      "        elif direction == 'd':\n"
                      '            new_player_col += 1\n'
                      '        if self.map[new_player_row][new_player_col] != '
                      "'#':\n"
                      '            if (new_player_row, new_player_col) in '
                      'self.boxes:\n'
                      '                queue_newFunc0_530 = queue.Queue()\n'
                      '\n'
                      '                def newFunc0_53_thread(queue):\n'
                      '                    result = '
                      'newFunc0_53(new_player_row, self)\n'
                      '                    queue.put(result)\n'
                      '                thread_newFunc0_530 = '
                      'threading.Thread(target=newFunc0_53_thread, '
                      'args=(queue_newFunc0_530,))\n'
                      '                thread_newFunc0_530.start()\n'
                      '                thread_newFunc0_530.join()\n'
                      '                result_newFunc0_530 = '
                      'queue_newFunc0_530.get()\n'
                      '                new_box_row = result_newFunc0_530\n'
                      '                new_box_col = new_player_col + '
                      '(new_player_col - self.player_col)\n'
                      '                if self.map[new_box_row][new_box_col] '
                      "!= '#':\n"
                      '                    self.boxes.remove((new_player_row, '
                      'new_player_col))\n'
                      '                    self.boxes.append((new_box_row, '
                      'new_box_col))\n'
                      '                    self.player_row = new_player_row\n'
                      '                    self.player_col = new_player_col\n'
                      '            else:\n'
                      '                self.player_row = new_player_row\n'
                      '                self.player_col = new_player_col\n'
                      '        return self.check_win()'}
[END] processing file: ClassEval_71. Total Time: 7.777489
END AT 2024-10-13 02:05:42.118488
