STARTING AT 2024-10-13 01:53:39.943146
[START] processing file: ClassEval_26
*Running tests for: ClassEval_26
.................
----------------------------------------------------------------------
Ran 17 tests in 0.002s

OK

Result: ['tests_pass']
tests_pass ClassEval_26 /home/yang/Benchmark/dataset/classeval/code//ClassEval_26.py
Apply all rules on a single file.
Checking transformation add_nested_for_out
*Running tests for: ClassEval_26
.................
----------------------------------------------------------------------
Ran 17 tests in 0.002s

OK

Result: ['tests_pass']
Checking transformation add_nested_list
*Running tests for: ClassEval_26
.................
----------------------------------------------------------------------
Ran 17 tests in 0.002s

OK

Result: ['tests_pass']
Checking transformation transform_range_to_recursion
*Running tests for: ClassEval_26
.................
----------------------------------------------------------------------
Ran 17 tests in 0.002s

OK

Result: ['tests_pass']
Checking transformation add_decorator
*Running tests for: ClassEval_26
.................
----------------------------------------------------------------------
Ran 17 tests in 0.003s

OK

Result: ['tests_pass']
Checking transformation add_datetime
*Running tests for: ClassEval_26
.................
----------------------------------------------------------------------
Ran 17 tests in 0.008s

OK

Result: ['tests_pass']
Checking transformation add_time
*Running tests for: ClassEval_26
.................
----------------------------------------------------------------------
Ran 17 tests in 0.003s

OK

Result: ['tests_pass']
Checking transformation add_http
*Running tests for: ClassEval_26
.................
----------------------------------------------------------------------
Ran 17 tests in 0.007s

OK

Result: ['tests_pass']
Checking transformation add_scipy
*Running tests for: ClassEval_26
.................
----------------------------------------------------------------------
Ran 17 tests in 0.006s

OK

Result: ['tests_pass']
Checking transformation add_base64
*Running tests for: ClassEval_26
.................
----------------------------------------------------------------------
Ran 17 tests in 0.006s

OK

Result: ['tests_pass']
Checking transformation add_dateutil
*Running tests for: ClassEval_26
.................
----------------------------------------------------------------------
Ran 17 tests in 0.008s

OK

Result: ['tests_pass']
The file 'reasoning_transformation/ClassEval/16f2cf44d2a3ae4989e322b7529f0a8dce9b4d54/Transformation/ClassEval_26.py' has been formatted successfully.
Checking reasoning_transformation/ClassEval/16f2cf44d2a3ae4989e322b7529f0a8dce9b4d54/Transformation/ClassEval_26.py
*Running tests for: ClassEval_26
.................
----------------------------------------------------------------------
Ran 17 tests in 0.006s

OK

Result: ['tests_pass']
{ 'applicable_rules': [ 'change_var_names',
                        'add_nested_for_out',
                        'add_else_to_for',
                        'add_nested_list',
                        'transform_range_to_recursion',
                        'add_decorator',
                        'add_datetime',
                        'add_time',
                        'add_crypto',
                        'add_sklearn',
                        'add_http',
                        'add_scipy',
                        'add_base64',
                        'add_dateutil'],
  'diff_output': 'reasoning_transformation/ClassEval/16f2cf44d2a3ae4989e322b7529f0a8dce9b4d54/Transformation/ClassEval_26.patch',
  'evaluation_tests_dir': '/home/yang/Benchmark/dataset/classeval/',
  'exception': None,
  'file_id': 'ClassEval_26',
  'genetic_algorithm': None,
  'original_code': 'import csv\n'
                   '\n'
                   'class CSVProcessor:\n'
                   '\n'
                   '    def __init__(self):\n'
                   '        pass\n'
                   '\n'
                   '    def read_csv(self, file_name):\n'
                   '        data = []\n'
                   "        with open(file_name, 'r') as file:\n"
                   '            reader = csv.reader(file)\n'
                   '            title = next(reader)\n'
                   '            for row in reader:\n'
                   '                data.append(row)\n'
                   '        return (title, data)\n'
                   '\n'
                   '    def write_csv(self, data, file_name):\n'
                   '        try:\n'
                   "            with open(file_name, 'w', newline='') as "
                   'file:\n'
                   '                writer = csv.writer(file)\n'
                   '                writer.writerows(data)\n'
                   '            return 1\n'
                   '        except:\n'
                   '            return 0\n'
                   '\n'
                   '    def process_csv_data(self, N, save_file_name):\n'
                   '        (title, data) = self.read_csv(save_file_name)\n'
                   '        column_data = [row[N] for row in data]\n'
                   '        column_data = [row.upper() for row in '
                   'column_data]\n'
                   '        new_data = [title, column_data]\n'
                   '        return self.write_csv(new_data, '
                   "save_file_name.split('.')[0] + '_process.csv')",
  'patch_path': 'reasoning_transformation/ClassEval/16f2cf44d2a3ae4989e322b7529f0a8dce9b4d54/Transformation/ClassEval_26.patch',
  'single_rule': None,
  'source_file': '/home/yang/Benchmark/dataset/classeval/code//ClassEval_26.py',
  'target_file': 'reasoning_transformation/ClassEval/16f2cf44d2a3ae4989e322b7529f0a8dce9b4d54/Transformation/ClassEval_26.py',
  'test_results_after': ['tests_pass'],
  'test_results_before': ['tests_pass'],
  'total_time': 4.154481,
  'transformed_code': 'from dateutil.parser import parse\n'
                      'import base64\n'
                      'from scipy.stats import ttest_ind\n'
                      'from http.client import HTTPConnection\n'
                      'from sklearn.utils import shuffle\n'
                      'from cryptography.fernet import Fernet\n'
                      'import time\n'
                      'import datetime\n'
                      '\n'
                      'def my_decorator(func):\n'
                      "    HTTPConnection('google.com', port=80)\n"
                      "    parse('2024-10-13 01:53:42')\n"
                      '    datetime.datetime.now()\n'
                      '\n'
                      '    def dec_result(*args, **kwargs):\n'
                      '        res = func(*args, **kwargs)\n'
                      '        return res\n'
                      '    Fernet.generate_key()\n'
                      '    shuffle([81, 65, 11])\n'
                      "    base64.b64encode(b'36637315603041281811')\n"
                      '    time.sleep(0.08)\n'
                      '    ttest_ind([15, 49, 81], [10, 42, 1])\n'
                      '    return dec_result\n'
                      'import csv\n'
                      '\n'
                      'class CSVProcessor:\n'
                      '\n'
                      '    @my_decorator\n'
                      '    def __init__(self):\n'
                      '        pass\n'
                      '\n'
                      '    def read_csv(self, file_name):\n'
                      '        data = [[]][0]\n'
                      "        with open(file_name, 'r') as file:\n"
                      '            reader = csv.reader(file)\n'
                      '            newtitle_1 = next(reader)\n'
                      '            LoopChecker113 = 637\n'
                      '            LoopChecker213 = 636\n'
                      '\n'
                      '            def loop_15_12(LoopIndexOut, stop, step):\n'
                      '                if step == 0 or (step > 0 and '
                      'LoopIndexOut >= stop) or (step < 0 and LoopIndexOut <= '
                      'stop):\n'
                      '                    return\n'
                      '                for row in reader:\n'
                      '                    data.append(row)\n'
                      '                loop_15_12(LoopIndexOut + step, stop, '
                      'step)\n'
                      '            loop_15_12(0, LoopChecker113 // '
                      'LoopChecker213, 1)\n'
                      '        return (newtitle_1, data)\n'
                      '\n'
                      '    def write_csv(self, data, file_name):\n'
                      '        try:\n'
                      "            with open(file_name, 'w', newline='') as "
                      'file:\n'
                      '                writer = csv.writer(file)\n'
                      '                writer.writerows(data)\n'
                      '            return 1\n'
                      '        except:\n'
                      '            return 0\n'
                      '\n'
                      '    def process_csv_data(self, N, save_file_name):\n'
                      '        (newtitle_1, data) = '
                      'self.read_csv(save_file_name)\n'
                      '        column_data = [row[N] for row in data]\n'
                      '        column_data = [row.upper() for row in '
                      'column_data]\n'
                      '        new_data = [newtitle_1, column_data]\n'
                      '        return self.write_csv(new_data, '
                      "save_file_name.split('.')[0] + '_process.csv')"}
[END] processing file: ClassEval_26. Total Time: 4.154481
END AT 2024-10-13 01:53:44.099323
