STARTING AT 2024-10-13 01:53:35.221570
[START] processing file: ClassEval_25
*Running tests for: ClassEval_25
...................
----------------------------------------------------------------------
Ran 19 tests in 0.001s

OK

Result: ['tests_pass']
tests_pass ClassEval_25 /home/yang/Benchmark/dataset/classeval/code//ClassEval_25.py
Apply all rules on a single file.
Checking transformation add_nested_list
*Running tests for: ClassEval_25
...................
----------------------------------------------------------------------
Ran 19 tests in 0.005s

OK

Result: ['tests_pass']
Checking transformation add_decorator
*Running tests for: ClassEval_25
...................
----------------------------------------------------------------------
Ran 19 tests in 0.001s

OK

Result: ['tests_pass']
Checking transformation add_datetime
*Running tests for: ClassEval_25
...................
----------------------------------------------------------------------
Ran 19 tests in 0.001s

OK

Result: ['tests_pass']
Checking transformation add_time
*Running tests for: ClassEval_25
...................
----------------------------------------------------------------------
Ran 19 tests in 0.002s

OK

Result: ['tests_pass']
Checking transformation add_http
*Running tests for: ClassEval_25
...................
----------------------------------------------------------------------
Ran 19 tests in 0.003s

OK

Result: ['tests_pass']
Checking transformation add_scipy
*Running tests for: ClassEval_25
...................
----------------------------------------------------------------------
Ran 19 tests in 0.005s

OK

Result: ['tests_pass']
Checking transformation add_base64
*Running tests for: ClassEval_25
...................
----------------------------------------------------------------------
Ran 19 tests in 0.003s

OK

Result: ['tests_pass']
Checking transformation add_dateutil
*Running tests for: ClassEval_25
...................
----------------------------------------------------------------------
Ran 19 tests in 0.004s

OK

Result: ['tests_pass']
The file 'reasoning_transformation/ClassEval/16f2cf44d2a3ae4989e322b7529f0a8dce9b4d54/Transformation/ClassEval_25.py' has been formatted successfully.
Checking reasoning_transformation/ClassEval/16f2cf44d2a3ae4989e322b7529f0a8dce9b4d54/Transformation/ClassEval_25.py
*Running tests for: ClassEval_25
...................
----------------------------------------------------------------------
Ran 19 tests in 0.007s

OK

Result: ['tests_pass']
{ 'applicable_rules': [ 'change_var_names',
                        'add_nested_list',
                        'add_decorator',
                        'add_datetime',
                        'add_time',
                        'add_crypto',
                        'add_sklearn',
                        'add_http',
                        'add_scipy',
                        'add_base64',
                        'add_dateutil'],
  'diff_output': 'reasoning_transformation/ClassEval/16f2cf44d2a3ae4989e322b7529f0a8dce9b4d54/Transformation/ClassEval_25.patch',
  'evaluation_tests_dir': '/home/yang/Benchmark/dataset/classeval/',
  'exception': None,
  'file_id': 'ClassEval_25',
  'genetic_algorithm': None,
  'original_code': 'import json\n'
                   '\n'
                   'class CookiesUtil:\n'
                   '\n'
                   '    def __init__(self, cookies_file):\n'
                   '        self.cookies_file = cookies_file\n'
                   '        self.cookies = None\n'
                   '\n'
                   '    def get_cookies(self, reponse):\n'
                   "        self.cookies = reponse['cookies']\n"
                   '        self._save_cookies()\n'
                   '\n'
                   '    def load_cookies(self):\n'
                   '        try:\n'
                   "            with open(self.cookies_file, 'r') as file:\n"
                   '                cookies_data = json.load(file)\n'
                   '                return cookies_data\n'
                   '        except FileNotFoundError:\n'
                   '            return {}\n'
                   '\n'
                   '    def _save_cookies(self):\n'
                   '        try:\n'
                   "            with open(self.cookies_file, 'w') as file:\n"
                   '                json.dump(self.cookies, file)\n'
                   '            return True\n'
                   '        except:\n'
                   '            return False\n'
                   '\n'
                   '    def set_cookies(self, request):\n'
                   "        request['cookies'] = '; '.join([f'{key}={value}' "
                   'for (key, value) in self.cookies.items()])',
  'patch_path': 'reasoning_transformation/ClassEval/16f2cf44d2a3ae4989e322b7529f0a8dce9b4d54/Transformation/ClassEval_25.patch',
  'single_rule': None,
  'source_file': '/home/yang/Benchmark/dataset/classeval/code//ClassEval_25.py',
  'target_file': 'reasoning_transformation/ClassEval/16f2cf44d2a3ae4989e322b7529f0a8dce9b4d54/Transformation/ClassEval_25.py',
  'test_results_after': ['tests_pass'],
  'test_results_before': ['tests_pass'],
  'total_time': 3.79719,
  'transformed_code': 'from dateutil.parser import parse\n'
                      'import base64\n'
                      'from scipy.stats import ttest_ind\n'
                      'from http.client import HTTPConnection\n'
                      'from sklearn.utils import shuffle\n'
                      'from cryptography.fernet import Fernet\n'
                      'import time\n'
                      'import datetime\n'
                      '\n'
                      'def my_decorator(func):\n'
                      '    datetime.datetime.now()\n'
                      '    shuffle([85, 65, 21])\n'
                      "    HTTPConnection('google.com', port=80)\n"
                      '\n'
                      '    def dec_result(*args, **kwargs):\n'
                      '        res = func(*args, **kwargs)\n'
                      '        return res\n'
                      '    Fernet.generate_key()\n'
                      '    time.sleep(0.05)\n'
                      '    ttest_ind([79, 46, 31], [29, 68, 45])\n'
                      "    base64.b64encode(b'78959992230566395007')\n"
                      "    parse('2024-10-13 01:53:37')\n"
                      '    return dec_result\n'
                      'import json\n'
                      '\n'
                      'class CookiesUtil:\n'
                      '\n'
                      '    @my_decorator\n'
                      '    def __init__(self, cookies_file):\n'
                      '        self.cookies_file = cookies_file\n'
                      '        self.cookies = [None][0]\n'
                      '\n'
                      '    def get_cookies(self, reponse):\n'
                      "        self.cookies = reponse['cookies']\n"
                      '        self._save_cookies()\n'
                      '\n'
                      '    def load_cookies(self):\n'
                      '        try:\n'
                      "            with open(self.cookies_file, 'r') as file:\n"
                      '                cookies_data = json.load(file)\n'
                      '                return cookies_data\n'
                      '        except FileNotFoundError:\n'
                      '            return {}\n'
                      '\n'
                      '    def _save_cookies(self):\n'
                      '        try:\n'
                      "            with open(self.cookies_file, 'w') as file:\n"
                      '                json.dump(self.cookies, file)\n'
                      '            return True\n'
                      '        except:\n'
                      '            return False\n'
                      '\n'
                      '    def set_cookies(self, request):\n'
                      "        request['cookies'] = '; "
                      "'.join([f'{newkey_1}={value}' for (newkey_1, value) in "
                      'self.cookies.items()])'}
[END] processing file: ClassEval_25. Total Time: 3.79719
END AT 2024-10-13 01:53:39.020719
