STARTING AT 2024-10-15 02:34:38.825043
[START] processing file: ClassEval_93
*Running tests for: ClassEval_93
......................
----------------------------------------------------------------------
Ran 22 tests in 0.001s

OK

Result: ['tests_pass']
tests_pass ClassEval_93 /home/yang/Benchmark/dataset/classeval/code//ClassEval_93.py
Apply all rules on a single file.
Checking transformation add_nested_for_out
*Running tests for: ClassEval_93
......................
----------------------------------------------------------------------
Ran 22 tests in 0.001s

OK

Result: ['tests_pass']
Checking transformation add_nested_if
*Running tests for: ClassEval_93
......................
----------------------------------------------------------------------
Ran 22 tests in 0.001s

OK

Result: ['tests_pass']
Checking transformation add_nested_list
*Running tests for: ClassEval_93
......................
----------------------------------------------------------------------
Ran 22 tests in 0.001s

OK

Result: ['tests_pass']
Checking transformation transform_range_to_recursion
*Running tests for: ClassEval_93
......................
----------------------------------------------------------------------
Ran 22 tests in 0.001s

OK

Result: ['tests_pass']
Checking transformation add_decorator
*Running tests for: ClassEval_93
......................
----------------------------------------------------------------------
Ran 22 tests in 0.001s

OK

Result: ['tests_pass']
Checking transformation add_datetime
*Running tests for: ClassEval_93
......................
----------------------------------------------------------------------
Ran 22 tests in 0.002s

OK

Result: ['tests_pass']
Checking transformation add_time
*Running tests for: ClassEval_93
......................
----------------------------------------------------------------------
Ran 22 tests in 1.387s

OK

Result: ['tests_pass']
Checking transformation create_functions
*Running tests for: ClassEval_93
......................
----------------------------------------------------------------------
Ran 22 tests in 1.390s

OK

Result: ['tests_pass']
Checking transformation add_http
*Running tests for: ClassEval_93
......................
----------------------------------------------------------------------
Ran 22 tests in 1.390s

OK

Result: ['tests_pass']
Checking transformation add_scipy
*Running tests for: ClassEval_93
......................
----------------------------------------------------------------------
Ran 22 tests in 1.399s

OK

Result: ['tests_pass']
Checking transformation add_base64
*Running tests for: ClassEval_93
......................
----------------------------------------------------------------------
Ran 22 tests in 1.390s

OK

Result: ['tests_pass']
Checking transformation add_dateutil
*Running tests for: ClassEval_93
......................
----------------------------------------------------------------------
Ran 22 tests in 1.399s

OK

Result: ['tests_pass']
The file 'reasoning_transformation_classeval/ClassEval/3ad1e93cfed65451f71dd1d0768a262e7e4afa36/Transformation/ClassEval_93.py' has been formatted successfully.
Checking reasoning_transformation_classeval/ClassEval/3ad1e93cfed65451f71dd1d0768a262e7e4afa36/Transformation/ClassEval_93.py
*Running tests for: ClassEval_93
......................
----------------------------------------------------------------------
Ran 22 tests in 1.401s

OK

Result: ['tests_pass']
{ 'applicable_rules': [ 'change_var_names',
                        'add_nested_for_out',
                        'add_nested_if',
                        'add_else_to_for',
                        'add_nested_list',
                        'transform_range_to_recursion',
                        'add_decorator',
                        'add_datetime',
                        'add_time',
                        'add_crypto',
                        'add_sklearn',
                        'create_functions',
                        'add_http',
                        'add_scipy',
                        'add_base64',
                        'add_dateutil'],
  'diff_output': 'reasoning_transformation_classeval/ClassEval/3ad1e93cfed65451f71dd1d0768a262e7e4afa36/Transformation/ClassEval_93.patch',
  'evaluation_tests_dir': '/home/yang/Benchmark/dataset/classeval/',
  'exception': None,
  'file_id': 'ClassEval_93',
  'genetic_algorithm': None,
  'original_code': 'import numpy as np\n'
                   'from gensim import matutils\n'
                   'from numpy import dot, array\n'
                   '\n'
                   'class VectorUtil:\n'
                   '\n'
                   '    @staticmethod\n'
                   '    def similarity(vector_1, vector_2):\n'
                   '        return dot(matutils.unitvec(vector_1), '
                   'matutils.unitvec(vector_2))\n'
                   '\n'
                   '    @staticmethod\n'
                   '    def cosine_similarities(vector_1, vectors_all):\n'
                   '        norm = np.linalg.norm(vector_1)\n'
                   '        all_norms = np.linalg.norm(vectors_all, axis=1)\n'
                   '        dot_products = dot(vectors_all, vector_1)\n'
                   '        similarities = dot_products / (norm * all_norms)\n'
                   '        return similarities\n'
                   '\n'
                   '    @staticmethod\n'
                   '    def n_similarity(vector_list_1, vector_list_2):\n'
                   '        if not (len(vector_list_1) and '
                   'len(vector_list_2)):\n'
                   "            raise ZeroDivisionError('At least one of the "
                   "passed list is empty.')\n"
                   '        return '
                   'dot(matutils.unitvec(array(vector_list_1).mean(axis=0)), '
                   'matutils.unitvec(array(vector_list_2).mean(axis=0)))\n'
                   '\n'
                   '    @staticmethod\n'
                   '    def compute_idf_weight_dict(total_num, number_dict):\n'
                   '        index_2_key_map = {}\n'
                   '        index = 0\n'
                   '        count_list = []\n'
                   '        for (key, count) in number_dict.items():\n'
                   '            index_2_key_map[index] = key\n'
                   '            count_list.append(count)\n'
                   '            index = index + 1\n'
                   '        a = np.array(count_list)\n'
                   '        a = np.log((total_num + 1) / (a + 1))\n'
                   '        result = {}\n'
                   '        for (index, w) in enumerate(a):\n'
                   '            key = index_2_key_map[index]\n'
                   '            result[key] = w\n'
                   '        return result',
  'patch_path': 'reasoning_transformation_classeval/ClassEval/3ad1e93cfed65451f71dd1d0768a262e7e4afa36/Transformation/ClassEval_93.patch',
  'single_rule': None,
  'source_file': '/home/yang/Benchmark/dataset/classeval/code//ClassEval_93.py',
  'target_file': 'reasoning_transformation_classeval/ClassEval/3ad1e93cfed65451f71dd1d0768a262e7e4afa36/Transformation/ClassEval_93.py',
  'test_results_after': ['tests_pass'],
  'test_results_before': ['tests_pass'],
  'total_time': 20.335233,
  'transformed_code': 'from dateutil.parser import parse\n'
                      'import base64\n'
                      'from scipy.stats import ttest_ind\n'
                      'from http.client import HTTPConnection\n'
                      '\n'
                      'def newFunc0_30(newdot_products_1, norm, all_norms):\n'
                      '    return newdot_products_1 / (norm * all_norms)\n'
                      'from sklearn.utils import shuffle\n'
                      'from cryptography.fernet import Fernet\n'
                      'import time\n'
                      'import datetime\n'
                      '\n'
                      'def my_decorator(func):\n'
                      '\n'
                      '    def dec_result(*args, **kwargs):\n'
                      '        res = func(*args, **kwargs)\n'
                      '        return res\n'
                      '    return dec_result\n'
                      'import numpy as np\n'
                      'from gensim import matutils\n'
                      'from numpy import dot, array\n'
                      '\n'
                      'class VectorUtil:\n'
                      '\n'
                      '    @my_decorator\n'
                      '    @staticmethod\n'
                      '    def similarity(vector_1, vector_2):\n'
                      '        Fernet.generate_key()\n'
                      '        time.sleep(0.23)\n'
                      '        return dot(matutils.unitvec(vector_1), '
                      'matutils.unitvec(vector_2))\n'
                      '\n'
                      '    @staticmethod\n'
                      '    def cosine_similarities(vector_1, vectors_all):\n'
                      '        norm = np.linalg.norm(vector_1)\n'
                      '        all_norms = np.linalg.norm(vectors_all, '
                      'axis=1)\n'
                      "        parse('2024-10-15 02:34:54')\n"
                      '        newdot_products_1 = dot(vectors_all, vector_1)\n'
                      '        similarities = newFunc0_30(newdot_products_1, '
                      'norm, all_norms)\n'
                      '        return similarities\n'
                      '\n'
                      '    @staticmethod\n'
                      '    def n_similarity(vector_list_1, vector_list_2):\n'
                      '        ConditionChecker121 = [360][0]\n'
                      '        ConditionChecker221 = 164\n'
                      "        base64.b64encode(b'23383885263119014942')\n"
                      '        if ConditionChecker121 & ConditionChecker221:\n'
                      '            if not (len(vector_list_1) and '
                      'len(vector_list_2)):\n'
                      "                raise ZeroDivisionError('At least one "
                      "of the passed list is empty.')\n"
                      "        HTTPConnection('google.com', port=80)\n"
                      '        return '
                      'dot(matutils.unitvec(array(vector_list_1).mean(axis=0)), '
                      'matutils.unitvec(array(vector_list_2).mean(axis=0)))\n'
                      '\n'
                      '    @staticmethod\n'
                      '    def compute_idf_weight_dict(total_num, '
                      'number_dict):\n'
                      '        datetime.datetime.now()\n'
                      '        index_2_key_map = {}\n'
                      '        index = 0\n'
                      '        count_list = []\n'
                      '        ttest_ind([34, 68, 72], [63, 79, 65])\n'
                      '        LoopChecker130 = 386\n'
                      '        LoopChecker230 = 385\n'
                      '\n'
                      '        def loop_35_8(LoopIndexOut, stop, step):\n'
                      '            nonlocal index\n'
                      '            if step == 0 or (step > 0 and LoopIndexOut '
                      '>= stop) or (step < 0 and LoopIndexOut <= stop):\n'
                      '                return\n'
                      '            for (key, count) in number_dict.items():\n'
                      '                index_2_key_map[index] = key\n'
                      '                count_list.append(count)\n'
                      '                index = index + 1\n'
                      '            loop_35_8(LoopIndexOut + step, stop, step)\n'
                      '        loop_35_8(0, LoopChecker130 // LoopChecker230, '
                      '1)\n'
                      '        a = np.array(count_list)\n'
                      '        a = np.log((total_num + 1) / (a + 1))\n'
                      '        result = {}\n'
                      '        shuffle([12, 9, 30])\n'
                      '        for (index, w) in enumerate(a):\n'
                      '            key = index_2_key_map[index]\n'
                      '            result[key] = w\n'
                      '        return result'}
[END] processing file: ClassEval_93. Total Time: 20.335233
END AT 2024-10-15 02:34:59.162534
