STARTING AT 2024-10-15 01:57:47.504751
[START] processing file: ClassEval_2
*Running tests for: ClassEval_2
.....................
----------------------------------------------------------------------
Ran 21 tests in 0.001s

OK

Result: ['tests_pass']
tests_pass ClassEval_2 /home/yang/Benchmark/dataset/classeval/code//ClassEval_2.py
Apply all rules on a single file.
Checking transformation add_nested_for_out
*Running tests for: ClassEval_2
.....................
----------------------------------------------------------------------
Ran 21 tests in 0.001s

OK

Result: ['tests_pass']
Checking transformation add_nested_if
*Running tests for: ClassEval_2
.....................
----------------------------------------------------------------------
Ran 21 tests in 0.001s

OK

Result: ['tests_pass']
Checking transformation add_nested_list
*Running tests for: ClassEval_2
.....................
----------------------------------------------------------------------
Ran 21 tests in 0.001s

OK

Result: ['tests_pass']
Checking transformation transform_range_to_recursion
*Running tests for: ClassEval_2
  File "/home/yang/Benchmark/.tmp_test/tmp_test.py", line 17
    nonlocal arg, key_value, key
    ^^^^^^^^^^^^^^^^^^^^^^^^^^^^
SyntaxError: no binding for nonlocal 'arg' found

Result: ['error_or_timeout']
Drop transform_range_to_recursion due to ['error_or_timeout']
Checking transformation add_decorator
*Running tests for: ClassEval_2
.....................
----------------------------------------------------------------------
Ran 21 tests in 0.001s

OK

Result: ['tests_pass']
Checking transformation add_datetime
*Running tests for: ClassEval_2
.....................
----------------------------------------------------------------------
Ran 21 tests in 0.001s

OK

Result: ['tests_pass']
Checking transformation add_time
*Running tests for: ClassEval_2
.....................
----------------------------------------------------------------------
Ran 21 tests in 8.335s

OK

Result: ['tests_pass']
Checking transformation create_functions
*Running tests for: ClassEval_2
.....................
----------------------------------------------------------------------
Ran 21 tests in 8.342s

OK

Result: ['tests_pass']
Checking transformation add_http
*Running tests for: ClassEval_2
.....................
----------------------------------------------------------------------
Ran 21 tests in 8.341s

OK

Result: ['tests_pass']
Checking transformation add_scipy
*Running tests for: ClassEval_2
.....................
----------------------------------------------------------------------
Ran 21 tests in 8.342s

OK

Result: ['tests_pass']
Checking transformation add_base64
*Running tests for: ClassEval_2
.....................
----------------------------------------------------------------------
Ran 21 tests in 8.341s

OK

Result: ['tests_pass']
Checking transformation add_dateutil
*Running tests for: ClassEval_2
.....................
----------------------------------------------------------------------
Ran 21 tests in 8.344s

OK

Result: ['tests_pass']
The file 'reasoning_transformation_classeval/ClassEval/3ad1e93cfed65451f71dd1d0768a262e7e4afa36/Transformation/ClassEval_2.py' has been formatted successfully.
Checking reasoning_transformation_classeval/ClassEval/3ad1e93cfed65451f71dd1d0768a262e7e4afa36/Transformation/ClassEval_2.py
*Running tests for: ClassEval_2
.....................
----------------------------------------------------------------------
Ran 21 tests in 8.345s

OK

Result: ['tests_pass']
{ 'applicable_rules': [ 'change_var_names',
                        'add_nested_for_out',
                        'add_nested_if',
                        'add_else_to_for',
                        'add_nested_list',
                        'add_decorator',
                        'add_datetime',
                        'add_time',
                        'add_crypto',
                        'add_sklearn',
                        'create_functions',
                        'add_http',
                        'add_scipy',
                        'add_base64',
                        'add_dateutil'],
  'diff_output': 'reasoning_transformation_classeval/ClassEval/3ad1e93cfed65451f71dd1d0768a262e7e4afa36/Transformation/ClassEval_2.patch',
  'evaluation_tests_dir': '/home/yang/Benchmark/dataset/classeval/',
  'exception': None,
  'file_id': 'ClassEval_2',
  'genetic_algorithm': None,
  'original_code': 'class ArgumentParser:\n'
                   '\n'
                   '    def __init__(self):\n'
                   '        self.arguments = {}\n'
                   '        self.required = set()\n'
                   '        self.types = {}\n'
                   '\n'
                   '    def parse_arguments(self, command_string):\n'
                   '        args = command_string.split()[1:]\n'
                   '        for i in range(len(args)):\n'
                   '            arg = args[i]\n'
                   "            if arg.startswith('--'):\n"
                   "                key_value = arg[2:].split('=')\n"
                   '                if len(key_value) == 2:\n'
                   '                    self.arguments[key_value[0]] = '
                   'self._convert_type(key_value[0], key_value[1])\n'
                   '                else:\n'
                   '                    self.arguments[key_value[0]] = True\n'
                   "            elif arg.startswith('-'):\n"
                   '                key = arg[1:]\n'
                   '                if i + 1 < len(args) and (not args[i + '
                   "1].startswith('-')):\n"
                   '                    self.arguments[key] = '
                   'self._convert_type(key, args[i + 1])\n'
                   '                else:\n'
                   '                    self.arguments[key] = True\n'
                   '        missing_args = self.required - '
                   'set(self.arguments.keys())\n'
                   '        if missing_args:\n'
                   '            return (False, missing_args)\n'
                   '        return (True, None)\n'
                   '\n'
                   '    def get_argument(self, key):\n'
                   '        return self.arguments.get(key)\n'
                   '\n'
                   '    def add_argument(self, arg, required=False, '
                   'arg_type=str):\n'
                   '        if required:\n'
                   '            self.required.add(arg)\n'
                   '        self.types[arg] = arg_type\n'
                   '\n'
                   '    def _convert_type(self, arg, value):\n'
                   '        try:\n'
                   '            return self.types[arg](value)\n'
                   '        except (ValueError, KeyError):\n'
                   '            return value',
  'patch_path': 'reasoning_transformation_classeval/ClassEval/3ad1e93cfed65451f71dd1d0768a262e7e4afa36/Transformation/ClassEval_2.patch',
  'single_rule': None,
  'source_file': '/home/yang/Benchmark/dataset/classeval/code//ClassEval_2.py',
  'target_file': 'reasoning_transformation_classeval/ClassEval/3ad1e93cfed65451f71dd1d0768a262e7e4afa36/Transformation/ClassEval_2.py',
  'test_results_after': ['tests_pass'],
  'test_results_before': ['tests_pass'],
  'total_time': 65.952272,
  'transformed_code': 'from dateutil.parser import parse\n'
                      'import base64\n'
                      'from scipy.stats import ttest_ind\n'
                      'from http.client import HTTPConnection\n'
                      '\n'
                      'def newFunc0_44(self, set):\n'
                      '    return self.required - set(self.arguments.keys())\n'
                      'from sklearn.utils import shuffle\n'
                      'from cryptography.fernet import Fernet\n'
                      'import time\n'
                      'import datetime\n'
                      '\n'
                      'def my_decorator(func):\n'
                      '    ttest_ind([5, 86, 85], [93, 10, 32])\n'
                      '\n'
                      '    def dec_result(*args, **kwargs):\n'
                      '        res = func(*args, **kwargs)\n'
                      '        return res\n'
                      '    return dec_result\n'
                      '\n'
                      'class ArgumentParser:\n'
                      '\n'
                      '    @my_decorator\n'
                      '    def __init__(self):\n'
                      '        self.arguments = {}\n'
                      '        self.required = set()\n'
                      '        self.types = {}\n'
                      '\n'
                      '    def parse_arguments(self, command_string):\n'
                      '        ConditionChecker128 = [586][0]\n'
                      '        ConditionChecker228 = 559\n'
                      "        parse('2024-10-15 01:58:35')\n"
                      '        args = command_string.split()[1:]\n'
                      '        LoopChecker110 = 939\n'
                      '        LoopChecker210 = 938\n'
                      '        for LoopIndexOut in range(LoopChecker110 // '
                      'LoopChecker210):\n'
                      '            for newi_1 in range(len(args)):\n'
                      '                arg = args[newi_1]\n'
                      "                if arg.startswith('--'):\n"
                      "                    key_value = arg[2:].split('=')\n"
                      '                    if len(key_value) == 2:\n'
                      '                        self.arguments[key_value[0]] = '
                      'self._convert_type(key_value[0], key_value[1])\n'
                      '                    else:\n'
                      '                        self.arguments[key_value[0]] = '
                      'True\n'
                      "                elif arg.startswith('-'):\n"
                      '                    key = arg[1:]\n'
                      '                    if newi_1 + 1 < len(args) and (not '
                      "args[newi_1 + 1].startswith('-')):\n"
                      '                        self.arguments[key] = '
                      'self._convert_type(key, args[newi_1 + 1])\n'
                      '                    else:\n'
                      '                        self.arguments[key] = True\n'
                      '        else:\n'
                      '            pass\n'
                      '        missing_args = newFunc0_44(self, set)\n'
                      '        if ConditionChecker128 & ConditionChecker228:\n'
                      '            if missing_args:\n'
                      '                return (False, missing_args)\n'
                      '        return (True, None)\n'
                      '\n'
                      '    def get_argument(self, key):\n'
                      "        HTTPConnection('google.com', port=80)\n"
                      '        return self.arguments.get(key)\n'
                      '\n'
                      '    def add_argument(self, arg, required=False, '
                      'arg_type=str):\n'
                      '        if required:\n'
                      '            self.required.add(arg)\n'
                      '        Fernet.generate_key()\n'
                      '        time.sleep(0.26)\n'
                      '        self.types[arg] = arg_type\n'
                      '\n'
                      '    def _convert_type(self, arg, value):\n'
                      "        base64.b64encode(b'35144580575741373255')\n"
                      '        datetime.datetime.now()\n'
                      '        shuffle([8, 58, 84])\n'
                      '        try:\n'
                      '            return self.types[arg](value)\n'
                      '        except (ValueError, KeyError):\n'
                      '            return value'}
[END] processing file: ClassEval_2. Total Time: 65.952272
END AT 2024-10-15 01:58:53.460477
