STARTING AT 2024-10-13 02:05:47.695164
[START] processing file: ClassEval_73
*Running tests for: ClassEval_73
..........................
----------------------------------------------------------------------
Ran 26 tests in 0.001s

OK

Result: ['tests_pass']
tests_pass ClassEval_73 /home/yang/Benchmark/dataset/classeval/code//ClassEval_73.py
Apply all rules on a single file.
Checking transformation add_nested_while_out
*Running tests for: ClassEval_73
..........................
----------------------------------------------------------------------
Ran 26 tests in 0.001s

OK

Result: ['tests_pass']
Checking transformation add_nested_if
*Running tests for: ClassEval_73
..........................
----------------------------------------------------------------------
Ran 26 tests in 0.001s

OK

Result: ['tests_pass']
Checking transformation create_functions
*Running tests for: ClassEval_73
..........................
----------------------------------------------------------------------
Ran 26 tests in 0.001s

OK

Result: ['tests_pass']
Checking transformation add_nested_list
*Running tests for: ClassEval_73
..........................
----------------------------------------------------------------------
Ran 26 tests in 0.002s

OK

Result: ['tests_pass']
Checking transformation add_decorator
*Running tests for: ClassEval_73
..........................
----------------------------------------------------------------------
Ran 26 tests in 0.001s

OK

Result: ['tests_pass']
Checking transformation replace_with_numpy
*Running tests for: ClassEval_73
..........................
----------------------------------------------------------------------
Ran 26 tests in 0.001s

OK

Result: ['tests_pass']
Checking transformation add_datetime
*Running tests for: ClassEval_73
..........................
----------------------------------------------------------------------
Ran 26 tests in 0.001s

OK

Result: ['tests_pass']
Checking transformation add_time
*Running tests for: ClassEval_73
..........................
----------------------------------------------------------------------
Ran 26 tests in 0.001s

OK

Result: ['tests_pass']
Checking transformation add_http
*Running tests for: ClassEval_73
..........................
----------------------------------------------------------------------
Ran 26 tests in 0.005s

OK

Result: ['tests_pass']
Checking transformation add_scipy
*Running tests for: ClassEval_73
..........................
----------------------------------------------------------------------
Ran 26 tests in 0.007s

OK

Result: ['tests_pass']
Checking transformation add_base64
*Running tests for: ClassEval_73
..........................
----------------------------------------------------------------------
Ran 26 tests in 0.007s

OK

Result: ['tests_pass']
Checking transformation add_dateutil
*Running tests for: ClassEval_73
..........................
----------------------------------------------------------------------
Ran 26 tests in 0.006s

OK

Result: ['tests_pass']
The file 'reasoning_transformation/ClassEval/16f2cf44d2a3ae4989e322b7529f0a8dce9b4d54/Transformation/ClassEval_73.py' has been formatted successfully.
Checking reasoning_transformation/ClassEval/16f2cf44d2a3ae4989e322b7529f0a8dce9b4d54/Transformation/ClassEval_73.py
*Running tests for: ClassEval_73
..........................
----------------------------------------------------------------------
Ran 26 tests in 0.003s

OK

Result: ['tests_pass']
{ 'applicable_rules': [ 'change_var_names',
                        'add_nested_while_out',
                        'add_nested_if',
                        'create_functions',
                        'add_try_except_inside_functions',
                        'add_else_to_while',
                        'add_nested_list',
                        'add_decorator',
                        'replace_with_numpy',
                        'add_datetime',
                        'add_time',
                        'add_crypto',
                        'add_sklearn',
                        'add_http',
                        'add_scipy',
                        'add_base64',
                        'add_dateutil'],
  'diff_output': 'reasoning_transformation/ClassEval/16f2cf44d2a3ae4989e322b7529f0a8dce9b4d54/Transformation/ClassEval_73.patch',
  'evaluation_tests_dir': '/home/yang/Benchmark/dataset/classeval/',
  'exception': None,
  'file_id': 'ClassEval_73',
  'genetic_algorithm': None,
  'original_code': 'class RPGCharacter:\n'
                   '\n'
                   '    def __init__(self, name, hp, attack_power, defense, '
                   'level=1):\n'
                   '        self.name = name\n'
                   '        self.hp = hp\n'
                   '        self.attack_power = attack_power\n'
                   '        self.defense = defense\n'
                   '        self.level = level\n'
                   '        self.exp = 0\n'
                   '\n'
                   '    def attack(self, other_character):\n'
                   '        damage = max(self.attack_power - '
                   'other_character.defense, 1)\n'
                   '        other_character.hp -= damage\n'
                   '\n'
                   '    def heal(self):\n'
                   '        self.hp += 10\n'
                   '        if self.hp > 100:\n'
                   '            self.hp = 100\n'
                   '        return self.hp\n'
                   '\n'
                   '    def gain_exp(self, amount):\n'
                   '        while amount != 0:\n'
                   '            if self.exp + amount >= self.level * 100:\n'
                   '                amount -= self.level * 100 - self.exp\n'
                   '                self.level_up()\n'
                   '            else:\n'
                   '                self.exp += amount\n'
                   '                amount = 0\n'
                   '\n'
                   '    def level_up(self):\n'
                   '        if self.level < 100:\n'
                   '            self.level += 1\n'
                   '            self.exp = 0\n'
                   '            self.hp += 20\n'
                   '            self.attack_power += 5\n'
                   '            self.defense += 5\n'
                   '        return (self.level, self.hp, self.attack_power, '
                   'self.defense)\n'
                   '\n'
                   '    def is_alive(self):\n'
                   '        return self.hp > 0',
  'patch_path': 'reasoning_transformation/ClassEval/16f2cf44d2a3ae4989e322b7529f0a8dce9b4d54/Transformation/ClassEval_73.patch',
  'single_rule': None,
  'source_file': '/home/yang/Benchmark/dataset/classeval/code//ClassEval_73.py',
  'target_file': 'reasoning_transformation/ClassEval/16f2cf44d2a3ae4989e322b7529f0a8dce9b4d54/Transformation/ClassEval_73.py',
  'test_results_after': ['tests_pass'],
  'test_results_before': ['tests_pass'],
  'total_time': 5.307447,
  'transformed_code': 'from dateutil.parser import parse\n'
                      'import base64\n'
                      'from scipy.stats import ttest_ind\n'
                      'from http.client import HTTPConnection\n'
                      'from sklearn.utils import shuffle\n'
                      'from cryptography.fernet import Fernet\n'
                      'import time\n'
                      'import datetime\n'
                      'import numpy as np\n'
                      '\n'
                      'def my_decorator(func):\n'
                      "    base64.b64encode(b'66116512276062160073')\n"
                      '\n'
                      '    def dec_result(*args, **kwargs):\n'
                      '        res = func(*args, **kwargs)\n'
                      '        return res\n'
                      '    Fernet.generate_key()\n'
                      '    time.sleep(0.19)\n'
                      '    ttest_ind([88, 86, 20], [14, 59, 83])\n'
                      "    parse('2024-10-13 02:05:51')\n"
                      '    return dec_result\n'
                      '\n'
                      '@my_decorator\n'
                      'def newFunc0_31(self, variable_6_31):\n'
                      '    datetime.datetime.now()\n'
                      "    HTTPConnection('google.com', port=80)\n"
                      '    shuffle([41, 100, 87])\n'
                      '    try:\n'
                      '        return self.level * variable_6_31 - self.exp\n'
                      '    except:\n'
                      '        pass\n'
                      '\n'
                      'class RPGCharacter:\n'
                      '\n'
                      '    def __init__(self, name, hp, attack_power, defense, '
                      'level=1):\n'
                      '        self.name = name\n'
                      '        self.hp = hp\n'
                      '        self.attack_power = attack_power\n'
                      '        self.defense = defense\n'
                      '        self.level = level\n'
                      '        self.exp = [0][0]\n'
                      '\n'
                      '    def attack(self, other_character):\n'
                      '        newdamage_1 = '
                      'np.max(np.array([self.attack_power - '
                      'other_character.defense, 1]))\n'
                      '        other_character.hp -= newdamage_1\n'
                      '\n'
                      '    def heal(self):\n'
                      '        ConditionChecker117 = 88\n'
                      '        ConditionChecker217 = 588\n'
                      '        self.hp += 10\n'
                      '        if ConditionChecker117 & ConditionChecker217:\n'
                      '            if self.hp > 100:\n'
                      '                self.hp = 100\n'
                      '        return self.hp\n'
                      '\n'
                      '    def gain_exp(self, amount):\n'
                      '        whileloopchecker122 = 686\n'
                      '        whileloopchecker222 = 685\n'
                      '        while whileloopchecker122 % whileloopchecker222 '
                      '== 1:\n'
                      '            whileloopchecker122 += 1\n'
                      '            while amount != 0:\n'
                      '                if self.exp + amount >= self.level * '
                      '100:\n'
                      '                    variable_6_31 = 100\n'
                      '                    amount -= newFunc0_31(self, '
                      'variable_6_31)\n'
                      '                    self.level_up()\n'
                      '                else:\n'
                      '                    self.exp += amount\n'
                      '                    amount = 0\n'
                      '        else:\n'
                      '            pass\n'
                      '\n'
                      '    def level_up(self):\n'
                      '        if self.level < 100:\n'
                      '            self.level += 1\n'
                      '            self.exp = 0\n'
                      '            self.hp += 20\n'
                      '            self.attack_power += 5\n'
                      '            self.defense += 5\n'
                      '        return (self.level, self.hp, self.attack_power, '
                      'self.defense)\n'
                      '\n'
                      '    def is_alive(self):\n'
                      '        return self.hp > 0'}
[END] processing file: ClassEval_73. Total Time: 5.307447
END AT 2024-10-13 02:05:53.005830
