STARTING AT 2024-10-13 01:50:26.031972
[START] processing file: ClassEval_22
*Running tests for: ClassEval_22
................
----------------------------------------------------------------------
Ran 16 tests in 0.000s

OK

Result: ['tests_pass']
tests_pass ClassEval_22 /home/yang/Benchmark/dataset/classeval/code//ClassEval_22.py
Apply all rules on a single file.
Checking transformation add_nested_for_out
*Running tests for: ClassEval_22
................
----------------------------------------------------------------------
Ran 16 tests in 0.000s

OK

Result: ['tests_pass']
Checking transformation add_nested_if
*Running tests for: ClassEval_22
................
----------------------------------------------------------------------
Ran 16 tests in 0.001s

OK

Result: ['tests_pass']
Checking transformation add_nested_list
*Running tests for: ClassEval_22
................
----------------------------------------------------------------------
Ran 16 tests in 0.001s

OK

Result: ['tests_pass']
Checking transformation transform_range_to_recursion
*Running tests for: ClassEval_22
................
----------------------------------------------------------------------
Ran 16 tests in 0.001s

OK

Result: ['tests_pass']
Checking transformation add_decorator
*Running tests for: ClassEval_22
................
----------------------------------------------------------------------
Ran 16 tests in 0.001s

OK

Result: ['tests_pass']
Checking transformation replace_with_numpy
*Running tests for: ClassEval_22
E.......EE......
======================================================================
ERROR: test (__main__.ClassRegistrationSystemTest)
----------------------------------------------------------------------
Traceback (most recent call last):
  File "/home/yang/Benchmark/tmp_test.py", line 246, in test
    self.assertEqual(self.registration_system.get_most_popular_class_in_major("Computer Science"), "Data Structures")
  File "/home/yang/Benchmark/tmp_test.py", line 61, in get_most_popular_class_in_major
    most_popular_class = np.max(np.array([set(newclass_list_1)]), key=newclass_list_1.count)
TypeError: max() got an unexpected keyword argument 'key'

======================================================================
ERROR: test_get_most_popular_class_in_major (__main__.ClassRegistrationSystemTestPopularClass)
----------------------------------------------------------------------
Traceback (most recent call last):
  File "/home/yang/Benchmark/tmp_test.py", line 201, in test_get_most_popular_class_in_major
    cs_most_popular_class = self.registration_system.get_most_popular_class_in_major("Computer Science")
  File "/home/yang/Benchmark/tmp_test.py", line 61, in get_most_popular_class_in_major
    most_popular_class = np.max(np.array([set(newclass_list_1)]), key=newclass_list_1.count)
TypeError: max() got an unexpected keyword argument 'key'

======================================================================
ERROR: test_get_most_popular_class_in_major2 (__main__.ClassRegistrationSystemTestPopularClass)
----------------------------------------------------------------------
Traceback (most recent call last):
  File "/home/yang/Benchmark/tmp_test.py", line 220, in test_get_most_popular_class_in_major2
    cs_most_popular_class = self.registration_system.get_most_popular_class_in_major("Computer Science")
  File "/home/yang/Benchmark/tmp_test.py", line 61, in get_most_popular_class_in_major
    most_popular_class = np.max(np.array([set(newclass_list_1)]), key=newclass_list_1.count)
TypeError: max() got an unexpected keyword argument 'key'

----------------------------------------------------------------------
Ran 16 tests in 0.001s

FAILED (errors=3)

Result: ['failure']
Drop replace_with_numpy due to ['failure']
Checking transformation add_datetime
*Running tests for: ClassEval_22
................
----------------------------------------------------------------------
Ran 16 tests in 0.000s

OK

Result: ['tests_pass']
Checking transformation add_time
*Running tests for: ClassEval_22
................
----------------------------------------------------------------------
Ran 16 tests in 0.000s

OK

Result: ['tests_pass']
Checking transformation add_http
*Running tests for: ClassEval_22
................
----------------------------------------------------------------------
Ran 16 tests in 0.002s

OK

Result: ['tests_pass']
Checking transformation add_scipy
*Running tests for: ClassEval_22
................
----------------------------------------------------------------------
Ran 16 tests in 0.002s

OK

Result: ['tests_pass']
Checking transformation add_base64
*Running tests for: ClassEval_22
................
----------------------------------------------------------------------
Ran 16 tests in 0.002s

OK

Result: ['tests_pass']
Checking transformation add_dateutil
*Running tests for: ClassEval_22
................
----------------------------------------------------------------------
Ran 16 tests in 0.003s

OK

Result: ['tests_pass']
The file 'reasoning_transformation/ClassEval/16f2cf44d2a3ae4989e322b7529f0a8dce9b4d54/Transformation/ClassEval_22.py' has been formatted successfully.
Checking reasoning_transformation/ClassEval/16f2cf44d2a3ae4989e322b7529f0a8dce9b4d54/Transformation/ClassEval_22.py
*Running tests for: ClassEval_22
................
----------------------------------------------------------------------
Ran 16 tests in 0.003s

OK

Result: ['tests_pass']
{ 'applicable_rules': [ 'change_var_names',
                        'add_nested_for_out',
                        'add_nested_if',
                        'add_else_to_for',
                        'add_nested_list',
                        'transform_range_to_recursion',
                        'add_decorator',
                        'add_datetime',
                        'add_time',
                        'add_crypto',
                        'add_sklearn',
                        'add_http',
                        'add_scipy',
                        'add_base64',
                        'add_dateutil'],
  'diff_output': 'reasoning_transformation/ClassEval/16f2cf44d2a3ae4989e322b7529f0a8dce9b4d54/Transformation/ClassEval_22.patch',
  'evaluation_tests_dir': '/home/yang/Benchmark/dataset/classeval/',
  'exception': None,
  'file_id': 'ClassEval_22',
  'genetic_algorithm': None,
  'original_code': 'class ClassRegistrationSystem:\n'
                   '\n'
                   '    def __init__(self):\n'
                   '        self.students = []\n'
                   '        self.students_registration_classes = {}\n'
                   '\n'
                   '    def register_student(self, student):\n'
                   '        if student in self.students:\n'
                   '            return 0\n'
                   '        else:\n'
                   '            self.students.append(student)\n'
                   '            return 1\n'
                   '\n'
                   '    def register_class(self, student_name, class_name):\n'
                   '        if student_name in '
                   'self.students_registration_classes:\n'
                   '            '
                   'self.students_registration_classes[student_name].append(class_name)\n'
                   '        else:\n'
                   '            '
                   'self.students_registration_classes[student_name] = '
                   '[class_name]\n'
                   '        return '
                   'self.students_registration_classes[student_name]\n'
                   '\n'
                   '    def get_students_by_major(self, major):\n'
                   '        student_list = []\n'
                   '        for student in self.students:\n'
                   "            if student['major'] == major:\n"
                   "                student_list.append(student['name'])\n"
                   '        return student_list\n'
                   '\n'
                   '    def get_all_major(self):\n'
                   '        major_list = []\n'
                   '        for student in self.students:\n'
                   "            if student['major'] not in major_list:\n"
                   "                major_list.append(student['major'])\n"
                   '        return major_list\n'
                   '\n'
                   '    def get_most_popular_class_in_major(self, major):\n'
                   '        class_list = []\n'
                   '        for student in self.students:\n'
                   "            if student['major'] == major:\n"
                   '                class_list += '
                   "self.students_registration_classes[student['name']]\n"
                   '        most_popular_class = max(set(class_list), '
                   'key=class_list.count)\n'
                   '        return most_popular_class',
  'patch_path': 'reasoning_transformation/ClassEval/16f2cf44d2a3ae4989e322b7529f0a8dce9b4d54/Transformation/ClassEval_22.patch',
  'single_rule': None,
  'source_file': '/home/yang/Benchmark/dataset/classeval/code//ClassEval_22.py',
  'target_file': 'reasoning_transformation/ClassEval/16f2cf44d2a3ae4989e322b7529f0a8dce9b4d54/Transformation/ClassEval_22.py',
  'test_results_after': ['tests_pass'],
  'test_results_before': ['tests_pass'],
  'total_time': 4.664089,
  'transformed_code': 'from dateutil.parser import parse\n'
                      'import base64\n'
                      'from scipy.stats import ttest_ind\n'
                      'from http.client import HTTPConnection\n'
                      'from sklearn.utils import shuffle\n'
                      'from cryptography.fernet import Fernet\n'
                      'import time\n'
                      'import datetime\n'
                      '\n'
                      'def my_decorator(func):\n'
                      '    time.sleep(0.12)\n'
                      '\n'
                      '    def dec_result(*args, **kwargs):\n'
                      '        res = func(*args, **kwargs)\n'
                      '        return res\n'
                      '    shuffle([49, 98, 51])\n'
                      '    datetime.datetime.now()\n'
                      '    ttest_ind([95, 41, 52], [36, 66, 74])\n'
                      '    Fernet.generate_key()\n'
                      "    HTTPConnection('google.com', port=80)\n"
                      "    parse('2024-10-13 01:50:29')\n"
                      "    base64.b64encode(b'77695658900256615931')\n"
                      '    return dec_result\n'
                      '\n'
                      'class ClassRegistrationSystem:\n'
                      '\n'
                      '    @my_decorator\n'
                      '    def __init__(self):\n'
                      '        self.students = [[]][0]\n'
                      '        self.students_registration_classes = {}\n'
                      '\n'
                      '    def register_student(self, student):\n'
                      '        ConditionChecker18 = 6\n'
                      '        ConditionChecker28 = 741\n'
                      '        if ConditionChecker18 & ConditionChecker28:\n'
                      '            if student in self.students:\n'
                      '                return 0\n'
                      '            else:\n'
                      '                self.students.append(student)\n'
                      '                return 1\n'
                      '\n'
                      '    def register_class(self, student_name, '
                      'class_name):\n'
                      '        if student_name in '
                      'self.students_registration_classes:\n'
                      '            '
                      'self.students_registration_classes[student_name].append(class_name)\n'
                      '        else:\n'
                      '            '
                      'self.students_registration_classes[student_name] = '
                      '[class_name]\n'
                      '        return '
                      'self.students_registration_classes[student_name]\n'
                      '\n'
                      '    def get_students_by_major(self, major):\n'
                      '        student_list = []\n'
                      '        LoopChecker123 = 412\n'
                      '        LoopChecker223 = 411\n'
                      '\n'
                      '        def loop_28_8(LoopIndexOut, stop, step):\n'
                      '            if step == 0 or (step > 0 and LoopIndexOut '
                      '>= stop) or (step < 0 and LoopIndexOut <= stop):\n'
                      '                return\n'
                      '            for student in self.students:\n'
                      "                if student['major'] == major:\n"
                      '                    '
                      "student_list.append(student['name'])\n"
                      '            loop_28_8(LoopIndexOut + step, stop, step)\n'
                      '        loop_28_8(0, LoopChecker123 // LoopChecker223, '
                      '1)\n'
                      '        return student_list\n'
                      '\n'
                      '    def get_all_major(self):\n'
                      '        major_list = []\n'
                      '        for student in self.students:\n'
                      "            if student['major'] not in major_list:\n"
                      "                major_list.append(student['major'])\n"
                      '        return major_list\n'
                      '\n'
                      '    def get_most_popular_class_in_major(self, major):\n'
                      '        newclass_list_1 = []\n'
                      '        for student in self.students:\n'
                      "            if student['major'] == major:\n"
                      '                newclass_list_1 += '
                      "self.students_registration_classes[student['name']]\n"
                      '        most_popular_class = max(set(newclass_list_1), '
                      'key=newclass_list_1.count)\n'
                      '        return most_popular_class'}
[END] processing file: ClassEval_22. Total Time: 4.664089
END AT 2024-10-13 01:50:30.698376
