STARTING AT 2024-10-15 02:12:23.308984
[START] processing file: ClassEval_68
*Running tests for: ClassEval_68
................
----------------------------------------------------------------------
Ran 16 tests in 0.000s

OK

Result: ['tests_pass']
tests_pass ClassEval_68 /home/yang/Benchmark/dataset/classeval/code//ClassEval_68.py
Apply all rules on a single file.
Checking transformation add_nested_if
*Running tests for: ClassEval_68
................
----------------------------------------------------------------------
Ran 16 tests in 0.000s

OK

Result: ['tests_pass']
Checking transformation add_nested_list
*Running tests for: ClassEval_68
................
----------------------------------------------------------------------
Ran 16 tests in 0.000s

OK

Result: ['tests_pass']
Checking transformation add_decorator
*Running tests for: ClassEval_68
................
----------------------------------------------------------------------
Ran 16 tests in 0.000s

OK

Result: ['tests_pass']
Checking transformation replace_with_numpy
*Running tests for: ClassEval_68
................
----------------------------------------------------------------------
Ran 16 tests in 0.001s

OK

Result: ['tests_pass']
Checking transformation add_datetime
*Running tests for: ClassEval_68
................
----------------------------------------------------------------------
Ran 16 tests in 0.001s

OK

Result: ['tests_pass']
Checking transformation add_time
*Running tests for: ClassEval_68
................
----------------------------------------------------------------------
Ran 16 tests in 0.754s

OK

Result: ['tests_pass']
Checking transformation create_functions
*Running tests for: ClassEval_68
................
----------------------------------------------------------------------
Ran 16 tests in 0.756s

OK

Result: ['tests_pass']
Checking transformation add_http
*Running tests for: ClassEval_68
................
----------------------------------------------------------------------
Ran 16 tests in 0.755s

OK

Result: ['tests_pass']
Checking transformation add_scipy
*Running tests for: ClassEval_68
................
----------------------------------------------------------------------
Ran 16 tests in 0.778s

OK

Result: ['tests_pass']
Checking transformation add_base64
*Running tests for: ClassEval_68
................
----------------------------------------------------------------------
Ran 16 tests in 0.782s

OK

Result: ['tests_pass']
Checking transformation add_dateutil
*Running tests for: ClassEval_68
................
----------------------------------------------------------------------
Ran 16 tests in 0.785s

OK

Result: ['tests_pass']
The file 'reasoning_transformation_classeval/ClassEval/3ad1e93cfed65451f71dd1d0768a262e7e4afa36/Transformation/ClassEval_68.py' has been formatted successfully.
Checking reasoning_transformation_classeval/ClassEval/3ad1e93cfed65451f71dd1d0768a262e7e4afa36/Transformation/ClassEval_68.py
*Running tests for: ClassEval_68
................
----------------------------------------------------------------------
Ran 16 tests in 0.785s

OK

Result: ['tests_pass']
{ 'applicable_rules': [ 'change_var_names',
                        'add_nested_if',
                        'add_nested_list',
                        'add_decorator',
                        'replace_with_numpy',
                        'add_datetime',
                        'add_time',
                        'add_crypto',
                        'add_sklearn',
                        'create_functions',
                        'add_http',
                        'add_scipy',
                        'add_base64',
                        'add_dateutil'],
  'diff_output': 'reasoning_transformation_classeval/ClassEval/3ad1e93cfed65451f71dd1d0768a262e7e4afa36/Transformation/ClassEval_68.patch',
  'evaluation_tests_dir': '/home/yang/Benchmark/dataset/classeval/',
  'exception': None,
  'file_id': 'ClassEval_68',
  'genetic_algorithm': None,
  'original_code': 'class PageUtil:\n'
                   '\n'
                   '    def __init__(self, data, page_size):\n'
                   '        self.data = data\n'
                   '        self.page_size = page_size\n'
                   '        self.total_items = len(data)\n'
                   '        self.total_pages = (self.total_items + page_size - '
                   '1) // page_size\n'
                   '\n'
                   '    def get_page(self, page_number):\n'
                   '        if page_number < 1 or page_number > '
                   'self.total_pages:\n'
                   '            return []\n'
                   '        start_index = (page_number - 1) * self.page_size\n'
                   '        end_index = start_index + self.page_size\n'
                   '        return self.data[start_index:end_index]\n'
                   '\n'
                   '    def get_page_info(self, page_number):\n'
                   '        if page_number < 1 or page_number > '
                   'self.total_pages:\n'
                   '            return {}\n'
                   '        start_index = (page_number - 1) * self.page_size\n'
                   '        end_index = min(start_index + self.page_size, '
                   'self.total_items)\n'
                   '        page_data = self.data[start_index:end_index]\n'
                   "        page_info = {'current_page': page_number, "
                   "'per_page': self.page_size, 'total_pages': "
                   "self.total_pages, 'total_items': self.total_items, "
                   "'has_previous': page_number > 1, 'has_next': page_number < "
                   "self.total_pages, 'data': page_data}\n"
                   '        return page_info\n'
                   '\n'
                   '    def search(self, keyword):\n'
                   '        results = [item for item in self.data if keyword '
                   'in str(item)]\n'
                   '        num_results = len(results)\n'
                   '        num_pages = (num_results + self.page_size - 1) // '
                   'self.page_size\n'
                   "        search_info = {'keyword': keyword, "
                   "'total_results': num_results, 'total_pages': num_pages, "
                   "'results': results}\n"
                   '        return search_info',
  'patch_path': 'reasoning_transformation_classeval/ClassEval/3ad1e93cfed65451f71dd1d0768a262e7e4afa36/Transformation/ClassEval_68.patch',
  'single_rule': None,
  'source_file': '/home/yang/Benchmark/dataset/classeval/code//ClassEval_68.py',
  'target_file': 'reasoning_transformation_classeval/ClassEval/3ad1e93cfed65451f71dd1d0768a262e7e4afa36/Transformation/ClassEval_68.py',
  'test_results_after': ['tests_pass'],
  'test_results_before': ['tests_pass'],
  'total_time': 10.551433,
  'transformed_code': 'from dateutil.parser import parse\n'
                      'import base64\n'
                      'from scipy.stats import ttest_ind\n'
                      'from http.client import HTTPConnection\n'
                      '\n'
                      'def newFunc0_23(variable_6_23, page_size, self):\n'
                      "    HTTPConnection('google.com', port=80)\n"
                      "    base64.b64encode(b'37071996997167155008')\n"
                      '    return (self.total_items + page_size - '
                      'variable_6_23) // page_size\n'
                      'from sklearn.utils import shuffle\n'
                      'from cryptography.fernet import Fernet\n'
                      'import time\n'
                      'import datetime\n'
                      'import numpy as np\n'
                      '\n'
                      'def my_decorator(func):\n'
                      '    Fernet.generate_key()\n'
                      '\n'
                      '    def dec_result(*args, **kwargs):\n'
                      '        res = func(*args, **kwargs)\n'
                      '        return res\n'
                      '    datetime.datetime.now()\n'
                      '    return dec_result\n'
                      '\n'
                      'class PageUtil:\n'
                      '\n'
                      '    @my_decorator\n'
                      '    def __init__(self, data, page_size):\n'
                      '        self.data = data\n'
                      '        self.page_size = page_size\n'
                      '        self.total_items = len(data)\n'
                      '        ttest_ind([24, 23, 6], [61, 91, 69])\n'
                      '        variable_6_23 = 1\n'
                      '        self.total_pages = newFunc0_23(variable_6_23, '
                      'page_size, self)\n'
                      '\n'
                      '    def get_page(self, page_number):\n'
                      '        ConditionChecker110 = [93][0]\n'
                      '        shuffle([82, 24, 30])\n'
                      '        ConditionChecker210 = 443\n'
                      '        if ConditionChecker110 & ConditionChecker210:\n'
                      '            if page_number < 1 or page_number > '
                      'self.total_pages:\n'
                      '                return []\n'
                      '        start_index = (page_number - 1) * '
                      'self.page_size\n'
                      "        parse('2024-10-15 02:12:30')\n"
                      '        end_index = start_index + self.page_size\n'
                      '        return self.data[start_index:end_index]\n'
                      '\n'
                      '    def get_page_info(self, page_number):\n'
                      '        if page_number < 1 or page_number > '
                      'self.total_pages:\n'
                      '            return {}\n'
                      '        time.sleep(0.15)\n'
                      '        start_index = (page_number - 1) * '
                      'self.page_size\n'
                      '        end_index = np.min(np.array([start_index + '
                      'self.page_size, self.total_items]))\n'
                      '        page_data = self.data[start_index:end_index]\n'
                      "        page_info = {'current_page': page_number, "
                      "'per_page': self.page_size, 'total_pages': "
                      "self.total_pages, 'total_items': self.total_items, "
                      "'has_previous': page_number > 1, 'has_next': "
                      "page_number < self.total_pages, 'data': page_data}\n"
                      '        return page_info\n'
                      '\n'
                      '    def search(self, keyword):\n'
                      '        results = [item for item in self.data if '
                      'keyword in str(item)]\n'
                      '        newnum_results_1 = len(results)\n'
                      '        num_pages = (newnum_results_1 + self.page_size '
                      '- 1) // self.page_size\n'
                      "        search_info = {'keyword': keyword, "
                      "'total_results': newnum_results_1, 'total_pages': "
                      "num_pages, 'results': results}\n"
                      '        return search_info'}
[END] processing file: ClassEval_68. Total Time: 10.551433
END AT 2024-10-15 02:12:33.862925
