STARTING AT 2024-10-15 02:02:31.830099
[START] processing file: ClassEval_40
*Running tests for: ClassEval_40
................
----------------------------------------------------------------------
Ran 16 tests in 0.000s

OK

Result: ['tests_pass']
tests_pass ClassEval_40 /home/yang/Benchmark/dataset/classeval/code//ClassEval_40.py
Apply all rules on a single file.
Checking transformation add_nested_if
*Running tests for: ClassEval_40
................
----------------------------------------------------------------------
Ran 16 tests in 0.000s

OK

Result: ['tests_pass']
Checking transformation add_nested_list
*Running tests for: ClassEval_40
................
----------------------------------------------------------------------
Ran 16 tests in 0.001s

OK

Result: ['tests_pass']
Checking transformation add_decorator
*Running tests for: ClassEval_40
................
----------------------------------------------------------------------
Ran 16 tests in 0.001s

OK

Result: ['tests_pass']
Checking transformation add_datetime
*Running tests for: ClassEval_40
................
----------------------------------------------------------------------
Ran 16 tests in 0.000s

OK

Result: ['tests_pass']
Checking transformation add_time
*Running tests for: ClassEval_40
................
----------------------------------------------------------------------
Ran 16 tests in 3.369s

OK

Result: ['tests_pass']
Checking transformation create_functions
*Running tests for: ClassEval_40
................
----------------------------------------------------------------------
Ran 16 tests in 3.379s

OK

Result: ['tests_pass']
Checking transformation add_http
*Running tests for: ClassEval_40
................
----------------------------------------------------------------------
Ran 16 tests in 3.375s

OK

Result: ['tests_pass']
Checking transformation add_scipy
*Running tests for: ClassEval_40
................
----------------------------------------------------------------------
Ran 16 tests in 3.405s

OK

Result: ['tests_pass']
Checking transformation add_base64
*Running tests for: ClassEval_40
................
----------------------------------------------------------------------
Ran 16 tests in 3.405s

OK

Result: ['tests_pass']
Checking transformation add_dateutil
*Running tests for: ClassEval_40
................
----------------------------------------------------------------------
Ran 16 tests in 3.415s

OK

Result: ['tests_pass']
The file 'reasoning_transformation_classeval/ClassEval/3ad1e93cfed65451f71dd1d0768a262e7e4afa36/Transformation/ClassEval_40.py' has been formatted successfully.
Checking reasoning_transformation_classeval/ClassEval/3ad1e93cfed65451f71dd1d0768a262e7e4afa36/Transformation/ClassEval_40.py
*Running tests for: ClassEval_40
................
----------------------------------------------------------------------
Ran 16 tests in 3.414s

OK

Result: ['tests_pass']
{ 'applicable_rules': [ 'change_var_names',
                        'add_nested_if',
                        'add_nested_list',
                        'add_decorator',
                        'add_datetime',
                        'add_time',
                        'add_crypto',
                        'add_sklearn',
                        'create_functions',
                        'add_http',
                        'add_scipy',
                        'add_base64',
                        'add_dateutil'],
  'diff_output': 'reasoning_transformation_classeval/ClassEval/3ad1e93cfed65451f71dd1d0768a262e7e4afa36/Transformation/ClassEval_40.patch',
  'evaluation_tests_dir': '/home/yang/Benchmark/dataset/classeval/',
  'exception': None,
  'file_id': 'ClassEval_40',
  'genetic_algorithm': None,
  'original_code': 'class FitnessTracker:\n'
                   '\n'
                   '    def __init__(self, height, weight, age, sex) -> None:\n'
                   '        self.height = height\n'
                   '        self.weight = weight\n'
                   '        self.age = age\n'
                   '        self.sex = sex\n'
                   "        self.BMI_std = [{'male': [20, 25]}, {'female': "
                   '[19, 24]}]\n'
                   '\n'
                   '    def get_BMI(self):\n'
                   '        return self.weight / self.height ** 2\n'
                   '\n'
                   '    def condition_judge(self):\n'
                   '        BMI = self.get_BMI()\n'
                   "        if self.sex == 'male':\n"
                   "            BMI_range = self.BMI_std[0]['male']\n"
                   '        else:\n'
                   "            BMI_range = self.BMI_std[1]['female']\n"
                   '        if BMI > BMI_range[1]:\n'
                   '            return 1\n'
                   '        elif BMI < BMI_range[0]:\n'
                   '            return -1\n'
                   '        else:\n'
                   '            return 0\n'
                   '\n'
                   '    def calculate_calorie_intake(self):\n'
                   "        if self.sex == 'male':\n"
                   '            BMR = 10 * self.weight + 6.25 * self.height - '
                   '5 * self.age + 5\n'
                   '        else:\n'
                   '            BMR = 10 * self.weight + 6.25 * self.height - '
                   '5 * self.age - 161\n'
                   '        if self.condition_judge() == 1:\n'
                   '            calorie_intake = BMR * 1.2\n'
                   '        elif self.condition_judge() == -1:\n'
                   '            calorie_intake = BMR * 1.6\n'
                   '        else:\n'
                   '            calorie_intake = BMR * 1.4\n'
                   '        return calorie_intake',
  'patch_path': 'reasoning_transformation_classeval/ClassEval/3ad1e93cfed65451f71dd1d0768a262e7e4afa36/Transformation/ClassEval_40.patch',
  'single_rule': None,
  'source_file': '/home/yang/Benchmark/dataset/classeval/code//ClassEval_40.py',
  'target_file': 'reasoning_transformation_classeval/ClassEval/3ad1e93cfed65451f71dd1d0768a262e7e4afa36/Transformation/ClassEval_40.py',
  'test_results_after': ['tests_pass'],
  'test_results_before': ['tests_pass'],
  'total_time': 28.763045,
  'transformed_code': 'from dateutil.parser import parse\n'
                      'import base64\n'
                      'from scipy.stats import ttest_ind\n'
                      'from http.client import HTTPConnection\n'
                      '\n'
                      'def newFunc0_48(variable_13_48, self, variable_16_48, '
                      'variable_3_48, variable_10_48):\n'
                      '    return variable_13_48 * self.weight + '
                      'variable_16_48 * self.height - variable_10_48 * '
                      'self.age + variable_3_48\n'
                      'from sklearn.utils import shuffle\n'
                      'from cryptography.fernet import Fernet\n'
                      'import time\n'
                      'import datetime\n'
                      '\n'
                      'def my_decorator(func):\n'
                      '\n'
                      '    def dec_result(*args, **kwargs):\n'
                      '        res = func(*args, **kwargs)\n'
                      '        return res\n'
                      '    Fernet.generate_key()\n'
                      '    return dec_result\n'
                      '\n'
                      'class FitnessTracker:\n'
                      '\n'
                      '    @my_decorator\n'
                      '    def __init__(self, height, weight, age, sex) -> '
                      'None:\n'
                      '        self.height = height\n'
                      '        self.weight = weight\n'
                      '        self.age = age\n'
                      '        self.sex = sex\n'
                      "        self.BMI_std = [[{'male': [20, 25]}, {'female': "
                      '[19, 24]}]][0]\n'
                      '\n'
                      '    def get_BMI(self):\n'
                      "        parse('2024-10-15 02:02:52')\n"
                      '        datetime.datetime.now()\n'
                      "        HTTPConnection('google.com', port=80)\n"
                      '        return self.weight / self.height ** 2\n'
                      '\n'
                      '    def condition_judge(self):\n'
                      '        ConditionChecker115 = 951\n'
                      '        ttest_ind([82, 53, 44], [18, 6, 12])\n'
                      '        ConditionChecker215 = 892\n'
                      '        time.sleep(0.21)\n'
                      '        shuffle([97, 3, 85])\n'
                      '        BMI = self.get_BMI()\n'
                      '        if ConditionChecker115 & ConditionChecker215:\n'
                      "            if self.sex == 'male':\n"
                      '                newBMI_range_1 = '
                      "self.BMI_std[0]['male']\n"
                      '            else:\n'
                      '                newBMI_range_1 = '
                      "self.BMI_std[1]['female']\n"
                      '        if BMI > newBMI_range_1[1]:\n'
                      '            return 1\n'
                      '        elif BMI < newBMI_range_1[0]:\n'
                      '            return -1\n'
                      '        else:\n'
                      '            return 0\n'
                      '\n'
                      '    def calculate_calorie_intake(self):\n'
                      "        if self.sex == 'male':\n"
                      '            variable_3_48 = 5\n'
                      '            variable_10_48 = 5\n'
                      '            variable_13_48 = 10\n'
                      '            variable_16_48 = 6.25\n'
                      '            BMR = newFunc0_48(variable_13_48, self, '
                      'variable_16_48, variable_3_48, variable_10_48)\n'
                      '        else:\n'
                      '            BMR = 10 * self.weight + 6.25 * self.height '
                      '- 5 * self.age - 161\n'
                      '        if self.condition_judge() == 1:\n'
                      '            calorie_intake = BMR * 1.2\n'
                      '        elif self.condition_judge() == -1:\n'
                      '            calorie_intake = BMR * 1.6\n'
                      '        else:\n'
                      '            calorie_intake = BMR * 1.4\n'
                      "        base64.b64encode(b'85205106317964333757')\n"
                      '        return calorie_intake'}
[END] processing file: ClassEval_40. Total Time: 28.763045
END AT 2024-10-15 02:03:00.596561
