STARTING AT 2024-10-13 01:54:17.115852
[START] processing file: ClassEval_30
*Running tests for: ClassEval_30
...............................
----------------------------------------------------------------------
Ran 31 tests in 0.002s

OK

Result: ['tests_pass']
tests_pass ClassEval_30 /home/yang/Benchmark/dataset/classeval/code//ClassEval_30.py
Apply all rules on a single file.
Checking transformation add_decorator
*Running tests for: ClassEval_30
...............................
----------------------------------------------------------------------
Ran 31 tests in 0.002s

OK

Result: ['tests_pass']
Checking transformation add_datetime
*Running tests for: ClassEval_30
...............................
----------------------------------------------------------------------
Ran 31 tests in 0.002s

OK

Result: ['tests_pass']
Checking transformation add_time
*Running tests for: ClassEval_30
...............................
----------------------------------------------------------------------
Ran 31 tests in 0.002s

OK

Result: ['tests_pass']
Checking transformation add_http
*Running tests for: ClassEval_30
...............................
----------------------------------------------------------------------
Ran 31 tests in 0.002s

OK

Result: ['tests_pass']
Checking transformation add_scipy
*Running tests for: ClassEval_30
...............................
----------------------------------------------------------------------
Ran 31 tests in 0.002s

OK

Result: ['tests_pass']
Checking transformation add_base64
*Running tests for: ClassEval_30
...............................
----------------------------------------------------------------------
Ran 31 tests in 0.002s

OK

Result: ['tests_pass']
Checking transformation add_dateutil
*Running tests for: ClassEval_30
...............................
----------------------------------------------------------------------
Ran 31 tests in 0.002s

OK

Result: ['tests_pass']
The file 'reasoning_transformation/ClassEval/16f2cf44d2a3ae4989e322b7529f0a8dce9b4d54/Transformation/ClassEval_30.py' has been formatted successfully.
Checking reasoning_transformation/ClassEval/16f2cf44d2a3ae4989e322b7529f0a8dce9b4d54/Transformation/ClassEval_30.py
*Running tests for: ClassEval_30
...............................
----------------------------------------------------------------------
Ran 31 tests in 0.002s

OK

Result: ['tests_pass']
{ 'applicable_rules': [ 'add_decorator',
                        'add_datetime',
                        'add_time',
                        'add_crypto',
                        'add_sklearn',
                        'add_http',
                        'add_scipy',
                        'add_base64',
                        'add_dateutil'],
  'diff_output': 'reasoning_transformation/ClassEval/16f2cf44d2a3ae4989e322b7529f0a8dce9b4d54/Transformation/ClassEval_30.patch',
  'evaluation_tests_dir': '/home/yang/Benchmark/dataset/classeval/',
  'exception': None,
  'file_id': 'ClassEval_30',
  'genetic_algorithm': None,
  'original_code': 'import numpy as np\n'
                   '\n'
                   'class DataStatistics2:\n'
                   '\n'
                   '    def __init__(self, data):\n'
                   '        self.data = np.array(data)\n'
                   '\n'
                   '    def get_sum(self):\n'
                   '        return np.sum(self.data)\n'
                   '\n'
                   '    def get_min(self):\n'
                   '        return np.min(self.data)\n'
                   '\n'
                   '    def get_max(self):\n'
                   '        return np.max(self.data)\n'
                   '\n'
                   '    def get_variance(self):\n'
                   '        return round(np.var(self.data), 2)\n'
                   '\n'
                   '    def get_std_deviation(self):\n'
                   '        return round(np.std(self.data), 2)\n'
                   '\n'
                   '    def get_correlation(self):\n'
                   '        return np.corrcoef(self.data, rowvar=False)',
  'patch_path': 'reasoning_transformation/ClassEval/16f2cf44d2a3ae4989e322b7529f0a8dce9b4d54/Transformation/ClassEval_30.patch',
  'single_rule': None,
  'source_file': '/home/yang/Benchmark/dataset/classeval/code//ClassEval_30.py',
  'target_file': 'reasoning_transformation/ClassEval/16f2cf44d2a3ae4989e322b7529f0a8dce9b4d54/Transformation/ClassEval_30.py',
  'test_results_after': ['tests_pass'],
  'test_results_before': ['tests_pass'],
  'total_time': 3.767146,
  'transformed_code': 'from dateutil.parser import parse\n'
                      'import base64\n'
                      'from scipy.stats import ttest_ind\n'
                      'from http.client import HTTPConnection\n'
                      'from sklearn.utils import shuffle\n'
                      'from cryptography.fernet import Fernet\n'
                      'import time\n'
                      'import datetime\n'
                      '\n'
                      'def my_decorator(func):\n'
                      "    parse('2024-10-13 01:54:19')\n"
                      "    base64.b64encode(b'55497990147296657126')\n"
                      "    HTTPConnection('google.com', port=80)\n"
                      '    time.sleep(0.01)\n'
                      '    Fernet.generate_key()\n'
                      '    ttest_ind([30, 18, 96], [53, 98, 6])\n'
                      '    datetime.datetime.now()\n'
                      '    shuffle([25, 27, 83])\n'
                      '\n'
                      '    def dec_result(*args, **kwargs):\n'
                      '        res = func(*args, **kwargs)\n'
                      '        return res\n'
                      '    return dec_result\n'
                      'import numpy as np\n'
                      '\n'
                      'class DataStatistics2:\n'
                      '\n'
                      '    @my_decorator\n'
                      '    def __init__(self, data):\n'
                      '        self.data = np.array(data)\n'
                      '\n'
                      '    def get_sum(self):\n'
                      '        return np.sum(self.data)\n'
                      '\n'
                      '    def get_min(self):\n'
                      '        return np.min(self.data)\n'
                      '\n'
                      '    def get_max(self):\n'
                      '        return np.max(self.data)\n'
                      '\n'
                      '    def get_variance(self):\n'
                      '        return round(np.var(self.data), 2)\n'
                      '\n'
                      '    def get_std_deviation(self):\n'
                      '        return round(np.std(self.data), 2)\n'
                      '\n'
                      '    def get_correlation(self):\n'
                      '        return np.corrcoef(self.data, rowvar=False)'}
[END] processing file: ClassEval_30. Total Time: 3.767146
END AT 2024-10-13 01:54:20.886097
