STARTING AT 2024-10-13 01:59:51.389546
[START] processing file: ClassEval_46
*Running tests for: ClassEval_46
.............
----------------------------------------------------------------------
Ran 13 tests in 0.000s

OK

Result: ['tests_pass']
tests_pass ClassEval_46 /home/yang/Benchmark/dataset/classeval/code//ClassEval_46.py
Apply all rules on a single file.
Checking transformation add_nested_for_out
*Running tests for: ClassEval_46
.............
----------------------------------------------------------------------
Ran 13 tests in 0.000s

OK

Result: ['tests_pass']
Checking transformation add_nested_if
*Running tests for: ClassEval_46
.............
----------------------------------------------------------------------
Ran 13 tests in 0.000s

OK

Result: ['tests_pass']
Checking transformation create_functions
*Running tests for: ClassEval_46
.............
----------------------------------------------------------------------
Ran 13 tests in 0.000s

OK

Result: ['tests_pass']
Checking transformation add_nested_list
*Running tests for: ClassEval_46
.............
----------------------------------------------------------------------
Ran 13 tests in 0.000s

OK

Result: ['tests_pass']
Checking transformation transform_range_to_recursion
*Running tests for: ClassEval_46
  File "/home/yang/Benchmark/tmp_test.py", line 21
    nonlocal variable_18_15, variable_17_15, variable_1_15, variable_23_15, variable_20_15, variable_15_15, yi
    ^^^^^^^^^^^^^^^^^^^^^^^^^^^^^^^^^^^^^^^^^^^^^^^^^^^^^^^^^^^^^^^^^^^^^^^^^^^^^^^^^^^^^^^^^^^^^^^^^^^^^^^^^^
SyntaxError: no binding for nonlocal 'variable_18_15' found

Result: ['error_or_timeout']
Drop transform_range_to_recursion due to ['error_or_timeout']
Checking transformation add_thread
*Running tests for: ClassEval_46
.............
----------------------------------------------------------------------
Ran 13 tests in 0.002s

OK

Result: ['tests_pass']
Checking transformation add_decorator
*Running tests for: ClassEval_46
.............
----------------------------------------------------------------------
Ran 13 tests in 0.002s

OK

Result: ['tests_pass']
Checking transformation add_datetime
*Running tests for: ClassEval_46
.............
----------------------------------------------------------------------
Ran 13 tests in 0.002s

OK

Result: ['tests_pass']
Checking transformation add_time
*Running tests for: ClassEval_46
.............
----------------------------------------------------------------------
Ran 13 tests in 1.089s

OK

Result: ['tests_pass']
Checking transformation add_http
*Running tests for: ClassEval_46
.............
----------------------------------------------------------------------
Ran 13 tests in 1.090s

OK

Result: ['tests_pass']
Checking transformation add_scipy
*Running tests for: ClassEval_46
.............
----------------------------------------------------------------------
Ran 13 tests in 1.109s

OK

Result: ['tests_pass']
Checking transformation add_base64
*Running tests for: ClassEval_46
.............
----------------------------------------------------------------------
Ran 13 tests in 1.113s

OK

Result: ['tests_pass']
Checking transformation add_dateutil
*Running tests for: ClassEval_46
.............
----------------------------------------------------------------------
Ran 13 tests in 1.116s

OK

Result: ['tests_pass']
The file 'reasoning_transformation/ClassEval/16f2cf44d2a3ae4989e322b7529f0a8dce9b4d54/Transformation/ClassEval_46.py' has been formatted successfully.
Checking reasoning_transformation/ClassEval/16f2cf44d2a3ae4989e322b7529f0a8dce9b4d54/Transformation/ClassEval_46.py
*Running tests for: ClassEval_46
.............
----------------------------------------------------------------------
Ran 13 tests in 1.118s

OK

Result: ['tests_pass']
{ 'applicable_rules': [ 'change_var_names',
                        'add_nested_for_out',
                        'add_nested_if',
                        'create_functions',
                        'add_try_except_inside_functions',
                        'add_else_to_for',
                        'add_nested_list',
                        'add_thread',
                        'add_decorator',
                        'add_datetime',
                        'add_time',
                        'add_crypto',
                        'add_sklearn',
                        'add_http',
                        'add_scipy',
                        'add_base64',
                        'add_dateutil'],
  'diff_output': 'reasoning_transformation/ClassEval/16f2cf44d2a3ae4989e322b7529f0a8dce9b4d54/Transformation/ClassEval_46.patch',
  'evaluation_tests_dir': '/home/yang/Benchmark/dataset/classeval/',
  'exception': None,
  'file_id': 'ClassEval_46',
  'genetic_algorithm': None,
  'original_code': 'class Interpolation:\n'
                   '\n'
                   '    def __init__(self):\n'
                   '        pass\n'
                   '\n'
                   '    @staticmethod\n'
                   '    def interpolate_1d(x, y, x_interp):\n'
                   '        y_interp = []\n'
                   '        for xi in x_interp:\n'
                   '            for i in range(len(x) - 1):\n'
                   '                if x[i] <= xi <= x[i + 1]:\n'
                   '                    yi = y[i] + (y[i + 1] - y[i]) * (xi - '
                   'x[i]) / (x[i + 1] - x[i])\n'
                   '                    y_interp.append(yi)\n'
                   '                    break\n'
                   '        return y_interp\n'
                   '\n'
                   '    @staticmethod\n'
                   '    def interpolate_2d(x, y, z, x_interp, y_interp):\n'
                   '        z_interp = []\n'
                   '        for (xi, yi) in zip(x_interp, y_interp):\n'
                   '            for i in range(len(x) - 1):\n'
                   '                if x[i] <= xi <= x[i + 1]:\n'
                   '                    for j in range(len(y) - 1):\n'
                   '                        if y[j] <= yi <= y[j + 1]:\n'
                   '                            z00 = z[i][j]\n'
                   '                            z01 = z[i][j + 1]\n'
                   '                            z10 = z[i + 1][j]\n'
                   '                            z11 = z[i + 1][j + 1]\n'
                   '                            zi = (z00 * (x[i + 1] - xi) * '
                   '(y[j + 1] - yi) + z10 * (xi - x[i]) * (y[j + 1] - yi) + '
                   'z01 * (x[i + 1] - xi) * (yi - y[j]) + z11 * (xi - x[i]) * '
                   '(yi - y[j])) / ((x[i + 1] - x[i]) * (y[j + 1] - y[j]))\n'
                   '                            z_interp.append(zi)\n'
                   '                            break\n'
                   '                    break\n'
                   '        return z_interp',
  'patch_path': 'reasoning_transformation/ClassEval/16f2cf44d2a3ae4989e322b7529f0a8dce9b4d54/Transformation/ClassEval_46.patch',
  'single_rule': None,
  'source_file': '/home/yang/Benchmark/dataset/classeval/code//ClassEval_46.py',
  'target_file': 'reasoning_transformation/ClassEval/16f2cf44d2a3ae4989e322b7529f0a8dce9b4d54/Transformation/ClassEval_46.py',
  'test_results_after': ['tests_pass'],
  'test_results_before': ['tests_pass'],
  'total_time': 128.148207,
  'transformed_code': 'from dateutil.parser import parse\n'
                      'import base64\n'
                      'from scipy.stats import ttest_ind\n'
                      'from http.client import HTTPConnection\n'
                      'from sklearn.utils import shuffle\n'
                      'from cryptography.fernet import Fernet\n'
                      'import time\n'
                      'import datetime\n'
                      '\n'
                      'def my_decorator(func):\n'
                      "    HTTPConnection('google.com', port=80)\n"
                      '    shuffle([54, 90, 8])\n'
                      '\n'
                      '    def dec_result(*args, **kwargs):\n'
                      '        res = func(*args, **kwargs)\n'
                      '        return res\n'
                      '    return dec_result\n'
                      'import threading\n'
                      'import queue\n'
                      '\n'
                      '@my_decorator\n'
                      'def newFunc0_15(variable_18_15, variable_15_15, xi, '
                      'variable_23_15, variable_1_15, variable_20_15, '
                      'variable_17_15):\n'
                      "    base64.b64encode(b'39740910854310968864')\n"
                      '    time.sleep(0.09)\n'
                      '    ttest_ind([66, 42, 78], [48, 53, 32])\n'
                      '    Fernet.generate_key()\n'
                      '    datetime.datetime.now()\n'
                      "    parse('2024-10-13 02:01:56')\n"
                      '    try:\n'
                      '        return variable_1_15 + (variable_18_15 - '
                      'variable_20_15) * (xi - variable_23_15) / '
                      '(variable_15_15 - variable_17_15)\n'
                      '    except:\n'
                      '        pass\n'
                      '\n'
                      'class Interpolation:\n'
                      '\n'
                      '    def __init__(self):\n'
                      '        pass\n'
                      '\n'
                      '    @staticmethod\n'
                      '    def interpolate_1d(x, y, x_interp):\n'
                      '        newy_interp_1 = [[]][0]\n'
                      '        LoopChecker19 = 782\n'
                      '        LoopChecker29 = 781\n'
                      '        for LoopIndexOut in range(LoopChecker19 // '
                      'LoopChecker29):\n'
                      '            for xi in x_interp:\n'
                      '                for i in range(len(x) - 1):\n'
                      '                    if x[i] <= xi <= x[i + 1]:\n'
                      '                        variable_1_15 = y[i]\n'
                      '                        variable_15_15 = x[i + 1]\n'
                      '                        variable_17_15 = x[i]\n'
                      '                        variable_18_15 = y[i + 1]\n'
                      '                        variable_20_15 = y[i]\n'
                      '                        variable_23_15 = x[i]\n'
                      '                        queue_newFunc0_150 = '
                      'queue.Queue()\n'
                      '\n'
                      '                        def newFunc0_15_thread(queue):\n'
                      '                            result = '
                      'newFunc0_15(variable_18_15, variable_15_15, xi, '
                      'variable_23_15, variable_1_15, variable_20_15, '
                      'variable_17_15)\n'
                      '                            queue.put(result)\n'
                      '                        thread_newFunc0_150 = '
                      'threading.Thread(target=newFunc0_15_thread, '
                      'args=(queue_newFunc0_150,))\n'
                      '                        thread_newFunc0_150.start()\n'
                      '                        thread_newFunc0_150.join()\n'
                      '                        result_newFunc0_150 = '
                      'queue_newFunc0_150.get()\n'
                      '                        yi = result_newFunc0_150\n'
                      '                        newy_interp_1.append(yi)\n'
                      '                        break\n'
                      '        else:\n'
                      '            pass\n'
                      '        return newy_interp_1\n'
                      '\n'
                      '    @staticmethod\n'
                      '    def interpolate_2d(x, y, z, x_interp, '
                      'newy_interp_1):\n'
                      '        z_interp = []\n'
                      '        ConditionChecker125 = 268\n'
                      '        ConditionChecker225 = 354\n'
                      '        for (xi, yi) in zip(x_interp, newy_interp_1):\n'
                      '            for i in range(len(x) - 1):\n'
                      '                if ConditionChecker125 & '
                      'ConditionChecker225:\n'
                      '                    if x[i] <= xi <= x[i + 1]:\n'
                      '                        for j in range(len(y) - 1):\n'
                      '                            if y[j] <= yi <= y[j + 1]:\n'
                      '                                z00 = z[i][j]\n'
                      '                                z01 = z[i][j + 1]\n'
                      '                                z10 = z[i + 1][j]\n'
                      '                                z11 = z[i + 1][j + 1]\n'
                      '                                zi = (z00 * (x[i + 1] - '
                      'xi) * (y[j + 1] - yi) + z10 * (xi - x[i]) * (y[j + 1] - '
                      'yi) + z01 * (x[i + 1] - xi) * (yi - y[j]) + z11 * (xi - '
                      'x[i]) * (yi - y[j])) / ((x[i + 1] - x[i]) * (y[j + 1] - '
                      'y[j]))\n'
                      '                                z_interp.append(zi)\n'
                      '                                break\n'
                      '                        break\n'
                      '        return z_interp'}
[END] processing file: ClassEval_46. Total Time: 128.148207
END AT 2024-10-13 02:01:59.540162
