STARTING AT 2024-10-15 01:51:40.234909
[START] processing file: ClassEval_10
*Running tests for: ClassEval_10
.....................
----------------------------------------------------------------------
Ran 21 tests in 0.001s

OK

Result: ['tests_pass']
tests_pass ClassEval_10 /home/yang/Benchmark/dataset/classeval/code//ClassEval_10.py
Apply all rules on a single file.
Checking transformation add_nested_for_out
*Running tests for: ClassEval_10
.....................
----------------------------------------------------------------------
Ran 21 tests in 0.001s

OK

Result: ['tests_pass']
Checking transformation add_nested_list
*Running tests for: ClassEval_10
.....................
----------------------------------------------------------------------
Ran 21 tests in 0.001s

OK

Result: ['tests_pass']
Checking transformation transform_range_to_recursion
*Running tests for: ClassEval_10
  File "/home/yang/Benchmark/.tmp_test/tmp_test.py", line 25
    nonlocal decimal, newbyte_1
    ^^^^^^^^^^^^^^^^^^^^^^^^^^^
SyntaxError: no binding for nonlocal 'decimal' found

Result: ['error_or_timeout']
Drop transform_range_to_recursion due to ['error_or_timeout']
Checking transformation add_decorator
*Running tests for: ClassEval_10
.....................
----------------------------------------------------------------------
Ran 21 tests in 0.001s

OK

Result: ['tests_pass']
Checking transformation add_datetime
*Running tests for: ClassEval_10
.....................
----------------------------------------------------------------------
Ran 21 tests in 0.001s

OK

Result: ['tests_pass']
Checking transformation add_time
*Running tests for: ClassEval_10
.....................
----------------------------------------------------------------------
Ran 21 tests in 1.325s

OK

Result: ['tests_pass']
Checking transformation create_functions
*Running tests for: ClassEval_10
.....................
----------------------------------------------------------------------
Ran 21 tests in 1.332s

OK

Result: ['tests_pass']
Checking transformation add_http
*Running tests for: ClassEval_10
.....................
----------------------------------------------------------------------
Ran 21 tests in 1.335s

OK

Result: ['tests_pass']
Checking transformation add_scipy
*Running tests for: ClassEval_10
.....................
----------------------------------------------------------------------
Ran 21 tests in 1.344s

OK

Result: ['tests_pass']
Checking transformation add_base64
*Running tests for: ClassEval_10
.....................
----------------------------------------------------------------------
Ran 21 tests in 1.345s

OK

Result: ['tests_pass']
Checking transformation add_dateutil
*Running tests for: ClassEval_10
.....................
----------------------------------------------------------------------
Ran 21 tests in 1.336s

OK

Result: ['tests_pass']
The file 'reasoning_transformation_classeval/ClassEval/3ad1e93cfed65451f71dd1d0768a262e7e4afa36/Transformation/ClassEval_10.py' has been formatted successfully.
Checking reasoning_transformation_classeval/ClassEval/3ad1e93cfed65451f71dd1d0768a262e7e4afa36/Transformation/ClassEval_10.py
*Running tests for: ClassEval_10
.....................
----------------------------------------------------------------------
Ran 21 tests in 1.349s

OK

Result: ['tests_pass']
{ 'applicable_rules': [ 'change_var_names',
                        'add_nested_for_out',
                        'add_else_to_for',
                        'add_nested_list',
                        'add_decorator',
                        'add_datetime',
                        'add_time',
                        'add_crypto',
                        'add_sklearn',
                        'create_functions',
                        'add_http',
                        'add_scipy',
                        'add_base64',
                        'add_dateutil'],
  'diff_output': 'reasoning_transformation_classeval/ClassEval/3ad1e93cfed65451f71dd1d0768a262e7e4afa36/Transformation/ClassEval_10.patch',
  'evaluation_tests_dir': '/home/yang/Benchmark/dataset/classeval/',
  'exception': None,
  'file_id': 'ClassEval_10',
  'genetic_algorithm': None,
  'original_code': 'class BinaryDataProcessor:\n'
                   '\n'
                   '    def __init__(self, binary_string):\n'
                   '        self.binary_string = binary_string\n'
                   '        self.clean_non_binary_chars()\n'
                   '\n'
                   '    def clean_non_binary_chars(self):\n'
                   "        self.binary_string = ''.join(filter(lambda x: x in "
                   "'01', self.binary_string))\n"
                   '\n'
                   '    def calculate_binary_info(self):\n'
                   "        zeroes_count = self.binary_string.count('0')\n"
                   "        ones_count = self.binary_string.count('1')\n"
                   '        total_length = len(self.binary_string)\n'
                   '        zeroes_percentage = zeroes_count / total_length\n'
                   '        ones_percentage = ones_count / total_length\n'
                   "        return {'Zeroes': zeroes_percentage, 'Ones': "
                   "ones_percentage, 'Bit length': total_length}\n"
                   '\n'
                   '    def convert_to_ascii(self):\n'
                   '        byte_array = bytearray()\n'
                   '        for i in range(0, len(self.binary_string), 8):\n'
                   '            byte = self.binary_string[i:i + 8]\n'
                   '            decimal = int(byte, 2)\n'
                   '            byte_array.append(decimal)\n'
                   "        return byte_array.decode('ascii')\n"
                   '\n'
                   '    def convert_to_utf8(self):\n'
                   '        byte_array = bytearray()\n'
                   '        for i in range(0, len(self.binary_string), 8):\n'
                   '            byte = self.binary_string[i:i + 8]\n'
                   '            decimal = int(byte, 2)\n'
                   '            byte_array.append(decimal)\n'
                   "        return byte_array.decode('utf-8')",
  'patch_path': 'reasoning_transformation_classeval/ClassEval/3ad1e93cfed65451f71dd1d0768a262e7e4afa36/Transformation/ClassEval_10.patch',
  'single_rule': None,
  'source_file': '/home/yang/Benchmark/dataset/classeval/code//ClassEval_10.py',
  'target_file': 'reasoning_transformation_classeval/ClassEval/3ad1e93cfed65451f71dd1d0768a262e7e4afa36/Transformation/ClassEval_10.py',
  'test_results_after': ['tests_pass'],
  'test_results_before': ['tests_pass'],
  'total_time': 14.239049,
  'transformed_code': 'from dateutil.parser import parse\n'
                      'import base64\n'
                      'from scipy.stats import ttest_ind\n'
                      'from http.client import HTTPConnection\n'
                      '\n'
                      'def newFunc0_29(total_length, zeroes_count):\n'
                      '    return zeroes_count / total_length\n'
                      'from sklearn.utils import shuffle\n'
                      'from cryptography.fernet import Fernet\n'
                      'import time\n'
                      'import datetime\n'
                      '\n'
                      'def my_decorator(func):\n'
                      '\n'
                      '    def dec_result(*args, **kwargs):\n'
                      '        res = func(*args, **kwargs)\n'
                      '        return res\n'
                      '    return dec_result\n'
                      '\n'
                      'class BinaryDataProcessor:\n'
                      '\n'
                      '    @my_decorator\n'
                      '    def __init__(self, binary_string):\n'
                      "        parse('2024-10-15 01:51:50')\n"
                      '        self.binary_string = binary_string\n'
                      "        HTTPConnection('google.com', port=80)\n"
                      '        Fernet.generate_key()\n'
                      '        self.clean_non_binary_chars()\n'
                      '\n'
                      '    def clean_non_binary_chars(self):\n'
                      '        shuffle([16, 38, 25])\n'
                      "        self.binary_string = ''.join(filter(lambda x: x "
                      "in '01', self.binary_string))\n"
                      '\n'
                      '    def calculate_binary_info(self):\n'
                      "        zeroes_count = self.binary_string.count('0')\n"
                      "        ones_count = self.binary_string.count('1')\n"
                      '        total_length = len(self.binary_string)\n'
                      '        zeroes_percentage = newFunc0_29(total_length, '
                      'zeroes_count)\n'
                      '        time.sleep(0.22)\n'
                      '        ones_percentage = ones_count / total_length\n'
                      "        return {'Zeroes': zeroes_percentage, 'Ones': "
                      "ones_percentage, 'Bit length': total_length}\n"
                      '\n'
                      '    def convert_to_ascii(self):\n'
                      "        base64.b64encode(b'38195052960791908681')\n"
                      '        datetime.datetime.now()\n'
                      '        byte_array = bytearray()\n'
                      '        LoopChecker120 = [716][0]\n'
                      '        LoopChecker220 = 715\n'
                      '        for LoopIndexOut in range(LoopChecker120 // '
                      'LoopChecker220):\n'
                      '            for i in range(0, len(self.binary_string), '
                      '8):\n'
                      '                newbyte_1 = self.binary_string[i:i + '
                      '8]\n'
                      '                decimal = int(newbyte_1, 2)\n'
                      '                byte_array.append(decimal)\n'
                      '        else:\n'
                      '            pass\n'
                      "        return byte_array.decode('ascii')\n"
                      '\n'
                      '    def convert_to_utf8(self):\n'
                      '        byte_array = bytearray()\n'
                      '        ttest_ind([86, 67, 53], [9, 23, 41])\n'
                      '        for i in range(0, len(self.binary_string), 8):\n'
                      '            newbyte_1 = self.binary_string[i:i + 8]\n'
                      '            decimal = int(newbyte_1, 2)\n'
                      '            byte_array.append(decimal)\n'
                      "        return byte_array.decode('utf-8')"}
[END] processing file: ClassEval_10. Total Time: 14.239049
END AT 2024-10-15 01:51:54.477099
