STARTING AT 2024-10-15 02:36:32.052227
[START] processing file: ClassEval_9
*Running tests for: ClassEval_9
.................
----------------------------------------------------------------------
Ran 17 tests in 0.001s

OK

Result: ['tests_pass']
tests_pass ClassEval_9 /home/yang/Benchmark/dataset/classeval/code//ClassEval_9.py
Apply all rules on a single file.
Checking transformation add_nested_for_out
*Running tests for: ClassEval_9
.................
----------------------------------------------------------------------
Ran 17 tests in 0.001s

OK

Result: ['tests_pass']
Checking transformation add_nested_while_out
*Running tests for: ClassEval_9
.................
----------------------------------------------------------------------
Ran 17 tests in 0.001s

OK

Result: ['tests_pass']
Checking transformation add_nested_if
*Running tests for: ClassEval_9
.................
----------------------------------------------------------------------
Ran 17 tests in 0.001s

OK

Result: ['tests_pass']
Checking transformation add_nested_list
*Running tests for: ClassEval_9
.................
----------------------------------------------------------------------
Ran 17 tests in 0.001s

OK

Result: ['tests_pass']
Checking transformation transform_range_to_recursion
*Running tests for: ClassEval_9
  File "/home/yang/Benchmark/.tmp_test/tmp_test.py", line 17
    nonlocal digit, carry, digit_sum
    ^^^^^^^^^^^^^^^^^^^^^^^^^^^^^^^^
SyntaxError: no binding for nonlocal 'digit' found

Result: ['error_or_timeout']
Drop transform_range_to_recursion due to ['error_or_timeout']
Checking transformation add_decorator
*Running tests for: ClassEval_9
EEEEEE...........
======================================================================
ERROR: test_add (__main__.BigNumCalculatorTestAdd)
----------------------------------------------------------------------
Traceback (most recent call last):
  File "/home/yang/Benchmark/.tmp_test/tmp_test.py", line 92, in test_add
    self.assertEqual(bigNum.add("12345678901234567890", "98765432109876543210"), "111111111011111111100")
  File "/home/yang/Benchmark/.tmp_test/tmp_test.py", line 4, in dec_result
    res = func(*args, **kwargs)
TypeError: BigNumCalculator.add() takes 2 positional arguments but 3 were given

======================================================================
ERROR: test_add_2 (__main__.BigNumCalculatorTestAdd)
----------------------------------------------------------------------
Traceback (most recent call last):
  File "/home/yang/Benchmark/.tmp_test/tmp_test.py", line 96, in test_add_2
    self.assertEqual(bigNum.add("123456789012345678922", "98765432109876543210"), "222222221122222222132")
  File "/home/yang/Benchmark/.tmp_test/tmp_test.py", line 4, in dec_result
    res = func(*args, **kwargs)
TypeError: BigNumCalculator.add() takes 2 positional arguments but 3 were given

======================================================================
ERROR: test_add_3 (__main__.BigNumCalculatorTestAdd)
----------------------------------------------------------------------
Traceback (most recent call last):
  File "/home/yang/Benchmark/.tmp_test/tmp_test.py", line 100, in test_add_3
    self.assertEqual(bigNum.add("123456789012345678934", "98765432109876543210"), "222222221122222222144")
  File "/home/yang/Benchmark/.tmp_test/tmp_test.py", line 4, in dec_result
    res = func(*args, **kwargs)
TypeError: BigNumCalculator.add() takes 2 positional arguments but 3 were given

======================================================================
ERROR: test_add_4 (__main__.BigNumCalculatorTestAdd)
----------------------------------------------------------------------
Traceback (most recent call last):
  File "/home/yang/Benchmark/.tmp_test/tmp_test.py", line 104, in test_add_4
    self.assertEqual(bigNum.add("123456789012345678946", "98765432109876543210"), "222222221122222222156")
  File "/home/yang/Benchmark/.tmp_test/tmp_test.py", line 4, in dec_result
    res = func(*args, **kwargs)
TypeError: BigNumCalculator.add() takes 2 positional arguments but 3 were given

======================================================================
ERROR: test_add_5 (__main__.BigNumCalculatorTestAdd)
----------------------------------------------------------------------
Traceback (most recent call last):
  File "/home/yang/Benchmark/.tmp_test/tmp_test.py", line 108, in test_add_5
    self.assertEqual(bigNum.add("123456789012345678958", "98765432109876543210"), "222222221122222222168")
  File "/home/yang/Benchmark/.tmp_test/tmp_test.py", line 4, in dec_result
    res = func(*args, **kwargs)
TypeError: BigNumCalculator.add() takes 2 positional arguments but 3 were given

======================================================================
ERROR: test_main (__main__.BigNumCalculatorTestMain)
----------------------------------------------------------------------
Traceback (most recent call last):
  File "/home/yang/Benchmark/.tmp_test/tmp_test.py", line 159, in test_main
    self.assertEqual(bigNum.add("12345678901234567890", "98765432109876543210"), "111111111011111111100")
  File "/home/yang/Benchmark/.tmp_test/tmp_test.py", line 4, in dec_result
    res = func(*args, **kwargs)
TypeError: BigNumCalculator.add() takes 2 positional arguments but 3 were given

----------------------------------------------------------------------
Ran 17 tests in 0.001s

FAILED (errors=6)

Result: ['failure']
Drop add_decorator due to ['failure']
Checking transformation replace_with_numpy
*Running tests for: ClassEval_9
.................
----------------------------------------------------------------------
Ran 17 tests in 0.002s

OK

Result: ['tests_pass']
Checking transformation add_datetime
*Running tests for: ClassEval_9
.................
----------------------------------------------------------------------
Ran 17 tests in 0.002s

OK

Result: ['tests_pass']
Checking transformation add_time
*Running tests for: ClassEval_9
.................
----------------------------------------------------------------------
Ran 17 tests in 0.777s

OK

Result: ['tests_pass']
Checking transformation create_functions
*Running tests for: ClassEval_9
.................
----------------------------------------------------------------------
Ran 17 tests in 0.782s

OK

Result: ['tests_pass']
Checking transformation add_http
*Running tests for: ClassEval_9
.................
----------------------------------------------------------------------
Ran 17 tests in 0.781s

OK

Result: ['tests_pass']
Checking transformation add_scipy
*Running tests for: ClassEval_9
.................
----------------------------------------------------------------------
Ran 17 tests in 0.782s

OK

Result: ['tests_pass']
Checking transformation add_base64
*Running tests for: ClassEval_9
.................
----------------------------------------------------------------------
Ran 17 tests in 0.788s

OK

Result: ['tests_pass']
Checking transformation add_dateutil
*Running tests for: ClassEval_9
.................
----------------------------------------------------------------------
Ran 17 tests in 0.783s

OK

Result: ['tests_pass']
The file 'reasoning_transformation_classeval/ClassEval/3ad1e93cfed65451f71dd1d0768a262e7e4afa36/Transformation/ClassEval_9.py' has been formatted successfully.
Checking reasoning_transformation_classeval/ClassEval/3ad1e93cfed65451f71dd1d0768a262e7e4afa36/Transformation/ClassEval_9.py
*Running tests for: ClassEval_9
.................
----------------------------------------------------------------------
Ran 17 tests in 0.792s

OK

Result: ['tests_pass']
{ 'applicable_rules': [ 'change_var_names',
                        'add_nested_for_out',
                        'add_nested_while_out',
                        'add_nested_if',
                        'add_else_to_for',
                        'add_else_to_while',
                        'add_nested_list',
                        'replace_with_numpy',
                        'add_datetime',
                        'add_time',
                        'add_crypto',
                        'add_sklearn',
                        'create_functions',
                        'add_http',
                        'add_scipy',
                        'add_base64',
                        'add_dateutil',
                        'changing_AugAssign'],
  'diff_output': 'reasoning_transformation_classeval/ClassEval/3ad1e93cfed65451f71dd1d0768a262e7e4afa36/Transformation/ClassEval_9.patch',
  'evaluation_tests_dir': '/home/yang/Benchmark/dataset/classeval/',
  'exception': None,
  'file_id': 'ClassEval_9',
  'genetic_algorithm': None,
  'original_code': 'class BigNumCalculator:\n'
                   '\n'
                   '    @staticmethod\n'
                   '    def add(num1, num2):\n'
                   '        max_length = max(len(num1), len(num2))\n'
                   '        num1 = num1.zfill(max_length)\n'
                   '        num2 = num2.zfill(max_length)\n'
                   '        carry = 0\n'
                   '        result = []\n'
                   '        for i in range(max_length - 1, -1, -1):\n'
                   '            digit_sum = int(num1[i]) + int(num2[i]) + '
                   'carry\n'
                   '            carry = digit_sum // 10\n'
                   '            digit = digit_sum % 10\n'
                   '            result.insert(0, str(digit))\n'
                   '        if carry > 0:\n'
                   '            result.insert(0, str(carry))\n'
                   "        return ''.join(result)\n"
                   '\n'
                   '    @staticmethod\n'
                   '    def subtract(num1, num2):\n'
                   '        if len(num1) < len(num2):\n'
                   '            (num1, num2) = (num2, num1)\n'
                   '            negative = True\n'
                   '        elif len(num1) > len(num2):\n'
                   '            negative = False\n'
                   '        elif num1 < num2:\n'
                   '            (num1, num2) = (num2, num1)\n'
                   '            negative = True\n'
                   '        else:\n'
                   '            negative = False\n'
                   '        max_length = max(len(num1), len(num2))\n'
                   '        num1 = num1.zfill(max_length)\n'
                   '        num2 = num2.zfill(max_length)\n'
                   '        borrow = 0\n'
                   '        result = []\n'
                   '        for i in range(max_length - 1, -1, -1):\n'
                   '            digit_diff = int(num1[i]) - int(num2[i]) - '
                   'borrow\n'
                   '            if digit_diff < 0:\n'
                   '                digit_diff += 10\n'
                   '                borrow = 1\n'
                   '            else:\n'
                   '                borrow = 0\n'
                   '            result.insert(0, str(digit_diff))\n'
                   "        while len(result) > 1 and result[0] == '0':\n"
                   '            result.pop(0)\n'
                   '        if negative:\n'
                   "            result.insert(0, '-')\n"
                   "        return ''.join(result)\n"
                   '\n'
                   '    @staticmethod\n'
                   '    def multiply(num1, num2):\n'
                   '        (len1, len2) = (len(num1), len(num2))\n'
                   '        result = [0] * (len1 + len2)\n'
                   '        for i in range(len1 - 1, -1, -1):\n'
                   '            for j in range(len2 - 1, -1, -1):\n'
                   '                mul = int(num1[i]) * int(num2[j])\n'
                   '                (p1, p2) = (i + j, i + j + 1)\n'
                   '                total = mul + result[p2]\n'
                   '                result[p1] += total // 10\n'
                   '                result[p2] = total % 10\n'
                   '        start = 0\n'
                   '        while start < len(result) - 1 and result[start] == '
                   '0:\n'
                   '            start += 1\n'
                   "        return ''.join(map(str, result[start:]))",
  'patch_path': 'reasoning_transformation_classeval/ClassEval/3ad1e93cfed65451f71dd1d0768a262e7e4afa36/Transformation/ClassEval_9.patch',
  'single_rule': None,
  'source_file': '/home/yang/Benchmark/dataset/classeval/code//ClassEval_9.py',
  'target_file': 'reasoning_transformation_classeval/ClassEval/3ad1e93cfed65451f71dd1d0768a262e7e4afa36/Transformation/ClassEval_9.py',
  'test_results_after': ['tests_pass'],
  'test_results_before': ['tests_pass'],
  'total_time': 11.697327,
  'transformed_code': 'from dateutil.parser import parse\n'
                      'import base64\n'
                      'from scipy.stats import ttest_ind\n'
                      'from http.client import HTTPConnection\n'
                      '\n'
                      'def newFunc0_76(len2, variable_1_76, len1):\n'
                      "    HTTPConnection('google.com', port=80)\n"
                      "    base64.b64encode(b'90304291030873802494')\n"
                      "    parse('2024-10-15 02:36:40')\n"
                      '    return variable_1_76 * (len1 + len2)\n'
                      'from sklearn.utils import shuffle\n'
                      'from cryptography.fernet import Fernet\n'
                      'import time\n'
                      'import datetime\n'
                      'import numpy as np\n'
                      '\n'
                      'class BigNumCalculator:\n'
                      '\n'
                      '    @staticmethod\n'
                      '    def add(num1, num2):\n'
                      '        ConditionChecker118 = [200][0]\n'
                      '        ConditionChecker218 = 267\n'
                      '        max_length = np.max(np.array([len(num1), '
                      'len(num2)]))\n'
                      '        num1 = num1.zfill(max_length)\n'
                      '        num2 = num2.zfill(max_length)\n'
                      '        datetime.datetime.now()\n'
                      '        carry = 0\n'
                      '        result = []\n'
                      '        LoopChecker110 = 106\n'
                      '        LoopChecker210 = 105\n'
                      '        for LoopIndexOut in range(LoopChecker110 // '
                      'LoopChecker210):\n'
                      '            for i in range(max_length - 1, -1, -1):\n'
                      '                digit_sum = int(num1[i]) + int(num2[i]) '
                      '+ carry\n'
                      '                carry = digit_sum // 10\n'
                      '                digit = digit_sum % 10\n'
                      '                result.insert(0, str(digit))\n'
                      '        else:\n'
                      '            pass\n'
                      '        if ConditionChecker118 & ConditionChecker218:\n'
                      '            if carry > 0:\n'
                      '                result.insert(0, str(carry))\n'
                      "        return ''.join(result)\n"
                      '\n'
                      '    @staticmethod\n'
                      '    def subtract(num1, num2):\n'
                      '        if len(num1) < len(num2):\n'
                      '            (num1, num2) = (num2, num1)\n'
                      '            negative = True\n'
                      '        elif len(num1) > len(num2):\n'
                      '            negative = False\n'
                      '        elif num1 < num2:\n'
                      '            (num1, num2) = (num2, num1)\n'
                      '            negative = True\n'
                      '        else:\n'
                      '            negative = False\n'
                      '        max_length = max(len(num1), len(num2))\n'
                      '        num1 = num1.zfill(max_length)\n'
                      '        num2 = num2.zfill(max_length)\n'
                      '        borrow = 0\n'
                      '        result = []\n'
                      '        for i in range(max_length - 1, -1, -1):\n'
                      '            digit_diff = int(num1[i]) - int(num2[i]) - '
                      'borrow\n'
                      '            if digit_diff < 0:\n'
                      '                digit_diff = digit_diff + 10\n'
                      '                borrow = 1\n'
                      '            else:\n'
                      '                borrow = 0\n'
                      '            result.insert(0, str(digit_diff))\n'
                      '        whileloopchecker147 = 351\n'
                      '        whileloopchecker247 = 350\n'
                      '        while whileloopchecker147 % whileloopchecker247 '
                      '== 1:\n'
                      '            whileloopchecker147 += 1\n'
                      '            while len(result) > 1 and result[0] == '
                      "'0':\n"
                      '                result.pop(0)\n'
                      '        else:\n'
                      '            pass\n'
                      '        ttest_ind([62, 74, 65], [61, 66, 28])\n'
                      '        if negative:\n'
                      "            result.insert(0, '-')\n"
                      "        return ''.join(result)\n"
                      '\n'
                      '    @staticmethod\n'
                      '    def multiply(num1, num2):\n'
                      '        (len1, len2) = (len(num1), len(num2))\n'
                      '        Fernet.generate_key()\n'
                      '        time.sleep(0.11)\n'
                      '        variable_1_76 = [0]\n'
                      '        result = newFunc0_76(len2, variable_1_76, '
                      'len1)\n'
                      '        for i in range(len1 - 1, -1, -1):\n'
                      '            for j in range(len2 - 1, -1, -1):\n'
                      '                mul = int(num1[i]) * int(num2[j])\n'
                      '                (newp1_1, p2) = (i + j, i + j + 1)\n'
                      '                total = mul + result[p2]\n'
                      '                result[newp1_1] += total // 10\n'
                      '                result[p2] = total % 10\n'
                      '        start = 0\n'
                      '        shuffle([95, 22, 92])\n'
                      '        while start < len(result) - 1 and result[start] '
                      '== 0:\n'
                      '            start += 1\n'
                      "        return ''.join(map(str, result[start:]))"}
[END] processing file: ClassEval_9. Total Time: 11.697327
END AT 2024-10-15 02:36:43.752514
