STARTING AT 2024-10-15 02:08:36.885661
[START] processing file: ClassEval_54
*Running tests for: ClassEval_54
............................
----------------------------------------------------------------------
Ran 28 tests in 0.001s

OK

Result: ['tests_pass']
tests_pass ClassEval_54 /home/yang/Benchmark/dataset/classeval/code//ClassEval_54.py
Apply all rules on a single file.
Checking transformation add_nested_for_out
*Running tests for: ClassEval_54
............................
----------------------------------------------------------------------
Ran 28 tests in 0.001s

OK

Result: ['tests_pass']
Checking transformation add_nested_while_out
*Running tests for: ClassEval_54
............................
----------------------------------------------------------------------
Ran 28 tests in 0.001s

OK

Result: ['tests_pass']
Checking transformation add_nested_if
*Running tests for: ClassEval_54
............................
----------------------------------------------------------------------
Ran 28 tests in 0.001s

OK

Result: ['tests_pass']
Checking transformation add_nested_list
*Running tests for: ClassEval_54
............................
----------------------------------------------------------------------
Ran 28 tests in 0.001s

OK

Result: ['tests_pass']
Checking transformation transform_range_to_recursion
*Running tests for: ClassEval_54
.............FFFF...........
======================================================================
FAIL: test_is_game_over_2 (__main__.MahjongConnectTestIsGameOver)
----------------------------------------------------------------------
Traceback (most recent call last):
  File "/home/yang/Benchmark/.tmp_test/tmp_test.py", line 309, in test_is_game_over_2
    self.assertEqual(res, False)
AssertionError: True != False

======================================================================
FAIL: test_is_game_over_3 (__main__.MahjongConnectTestIsGameOver)
----------------------------------------------------------------------
Traceback (most recent call last):
  File "/home/yang/Benchmark/.tmp_test/tmp_test.py", line 318, in test_is_game_over_3
    self.assertEqual(res, False)
AssertionError: True != False

======================================================================
FAIL: test_is_game_over_4 (__main__.MahjongConnectTestIsGameOver)
----------------------------------------------------------------------
Traceback (most recent call last):
  File "/home/yang/Benchmark/.tmp_test/tmp_test.py", line 327, in test_is_game_over_4
    self.assertEqual(res, False)
AssertionError: True != False

======================================================================
FAIL: test_is_game_over_5 (__main__.MahjongConnectTestIsGameOver)
----------------------------------------------------------------------
Traceback (most recent call last):
  File "/home/yang/Benchmark/.tmp_test/tmp_test.py", line 336, in test_is_game_over_5
    self.assertEqual(res, False)
AssertionError: True != False

----------------------------------------------------------------------
Ran 28 tests in 0.001s

FAILED (failures=4)

Result: ['failure']
Drop transform_range_to_recursion due to ['failure']
Checking transformation add_decorator
*Running tests for: ClassEval_54
............................
----------------------------------------------------------------------
Ran 28 tests in 0.001s

OK

Result: ['tests_pass']
Checking transformation add_datetime
*Running tests for: ClassEval_54
............................
----------------------------------------------------------------------
Ran 28 tests in 0.001s

OK

Result: ['tests_pass']
Checking transformation add_time
*Running tests for: ClassEval_54
............................
----------------------------------------------------------------------
Ran 28 tests in 1.326s

OK

Result: ['tests_pass']
Checking transformation add_http
*Running tests for: ClassEval_54
............................
----------------------------------------------------------------------
Ran 28 tests in 1.326s

OK

Result: ['tests_pass']
Checking transformation add_scipy
*Running tests for: ClassEval_54
............................
----------------------------------------------------------------------
Ran 28 tests in 1.339s

OK

Result: ['tests_pass']
Checking transformation add_base64
*Running tests for: ClassEval_54
............................
----------------------------------------------------------------------
Ran 28 tests in 1.338s

OK

Result: ['tests_pass']
Checking transformation add_dateutil
*Running tests for: ClassEval_54
............................
----------------------------------------------------------------------
Ran 28 tests in 1.340s

OK

Result: ['tests_pass']
The file 'reasoning_transformation_classeval/ClassEval/3ad1e93cfed65451f71dd1d0768a262e7e4afa36/Transformation/ClassEval_54.py' has been formatted successfully.
Checking reasoning_transformation_classeval/ClassEval/3ad1e93cfed65451f71dd1d0768a262e7e4afa36/Transformation/ClassEval_54.py
*Running tests for: ClassEval_54
............................
----------------------------------------------------------------------
Ran 28 tests in 1.331s

OK

Result: ['tests_pass']
{ 'applicable_rules': [ 'change_var_names',
                        'add_nested_for_out',
                        'add_nested_while_out',
                        'add_nested_if',
                        'add_else_to_for',
                        'add_else_to_while',
                        'add_nested_list',
                        'add_decorator',
                        'add_datetime',
                        'add_time',
                        'add_crypto',
                        'add_sklearn',
                        'add_http',
                        'add_scipy',
                        'add_base64',
                        'add_dateutil',
                        'changing_AugAssign'],
  'diff_output': 'reasoning_transformation_classeval/ClassEval/3ad1e93cfed65451f71dd1d0768a262e7e4afa36/Transformation/ClassEval_54.patch',
  'evaluation_tests_dir': '/home/yang/Benchmark/dataset/classeval/',
  'exception': None,
  'file_id': 'ClassEval_54',
  'genetic_algorithm': None,
  'original_code': 'import random\n'
                   '\n'
                   'class MahjongConnect:\n'
                   '\n'
                   '    def __init__(self, BOARD_SIZE, ICONS):\n'
                   '        self.BOARD_SIZE = BOARD_SIZE\n'
                   '        self.ICONS = ICONS\n'
                   '        self.board = self.create_board()\n'
                   '\n'
                   '    def create_board(self):\n'
                   '        board = [[random.choice(self.ICONS) for _ in '
                   'range(self.BOARD_SIZE[1])] for _ in '
                   'range(self.BOARD_SIZE[0])]\n'
                   '        return board\n'
                   '\n'
                   '    def is_valid_move(self, pos1, pos2):\n'
                   '        (x1, y1) = pos1\n'
                   '        (x2, y2) = pos2\n'
                   '        if not (0 <= x1 < self.BOARD_SIZE[0] and 0 <= y1 < '
                   'self.BOARD_SIZE[1] and (0 <= x2 < self.BOARD_SIZE[0]) and '
                   '(0 <= y2 < self.BOARD_SIZE[1])):\n'
                   '            return False\n'
                   '        if pos1 == pos2:\n'
                   '            return False\n'
                   '        if self.board[x1][y1] != self.board[x2][y2]:\n'
                   '            return False\n'
                   '        if not self.has_path(pos1, pos2):\n'
                   '            return False\n'
                   '        return True\n'
                   '\n'
                   '    def has_path(self, pos1, pos2):\n'
                   '        visited = set()\n'
                   '        stack = [pos1]\n'
                   '        while stack:\n'
                   '            current_pos = stack.pop()\n'
                   '            if current_pos == pos2:\n'
                   '                return True\n'
                   '            if current_pos in visited:\n'
                   '                continue\n'
                   '            visited.add(current_pos)\n'
                   '            (x, y) = current_pos\n'
                   '            for (dx, dy) in [(0, 1), (0, -1), (1, 0), (-1, '
                   '0)]:\n'
                   '                (new_x, new_y) = (x + dx, y + dy)\n'
                   '                if 0 <= new_x < self.BOARD_SIZE[0] and 0 '
                   '<= new_y < self.BOARD_SIZE[1]:\n'
                   '                    if (new_x, new_y) not in visited and '
                   'self.board[new_x][new_y] == self.board[x][y]:\n'
                   '                        stack.append((new_x, new_y))\n'
                   '        return False\n'
                   '\n'
                   '    def remove_icons(self, pos1, pos2):\n'
                   '        (x1, y1) = pos1\n'
                   '        (x2, y2) = pos2\n'
                   "        self.board[x1][y1] = ' '\n"
                   "        self.board[x2][y2] = ' '\n"
                   '\n'
                   '    def is_game_over(self):\n'
                   '        for row in self.board:\n'
                   "            if any((icon != ' ' for icon in row)):\n"
                   '                return False\n'
                   '        return True',
  'patch_path': 'reasoning_transformation_classeval/ClassEval/3ad1e93cfed65451f71dd1d0768a262e7e4afa36/Transformation/ClassEval_54.patch',
  'single_rule': None,
  'source_file': '/home/yang/Benchmark/dataset/classeval/code//ClassEval_54.py',
  'target_file': 'reasoning_transformation_classeval/ClassEval/3ad1e93cfed65451f71dd1d0768a262e7e4afa36/Transformation/ClassEval_54.py',
  'test_results_after': ['tests_pass'],
  'test_results_before': ['tests_pass'],
  'total_time': 14.327138,
  'transformed_code': 'from dateutil.parser import parse\n'
                      'import base64\n'
                      'from scipy.stats import ttest_ind\n'
                      'from http.client import HTTPConnection\n'
                      'from sklearn.utils import shuffle\n'
                      'from cryptography.fernet import Fernet\n'
                      'import time\n'
                      'import datetime\n'
                      '\n'
                      'def my_decorator(func):\n'
                      '\n'
                      '    def dec_result(*args, **kwargs):\n'
                      '        res = func(*args, **kwargs)\n'
                      '        return res\n'
                      '    return dec_result\n'
                      'import random\n'
                      '\n'
                      'class MahjongConnect:\n'
                      '\n'
                      '    @my_decorator\n'
                      '    def __init__(self, BOARD_SIZE, ICONS):\n'
                      '        self.BOARD_SIZE = BOARD_SIZE\n'
                      '        self.ICONS = ICONS\n'
                      '        self.board = self.create_board()\n'
                      '\n'
                      '    def create_board(self):\n'
                      '        Fernet.generate_key()\n'
                      '        board = [[[random.choice(self.ICONS) for _ in '
                      'range(self.BOARD_SIZE[1])] for _ in '
                      'range(self.BOARD_SIZE[0])]][0]\n'
                      '        datetime.datetime.now()\n'
                      '        return board\n'
                      '\n'
                      '    def is_valid_move(self, pos1, pos2):\n'
                      '        ConditionChecker117 = 776\n'
                      '        ConditionChecker217 = 881\n'
                      '        (x1, y1) = pos1\n'
                      '        (x2, y2) = pos2\n'
                      "        HTTPConnection('google.com', port=80)\n"
                      '        if ConditionChecker117 & ConditionChecker217:\n'
                      '            if not (0 <= x1 < self.BOARD_SIZE[0] and 0 '
                      '<= y1 < self.BOARD_SIZE[1] and (0 <= x2 < '
                      'self.BOARD_SIZE[0]) and (0 <= y2 < '
                      'self.BOARD_SIZE[1])):\n'
                      '                return False\n'
                      '        if pos1 == pos2:\n'
                      '            return False\n'
                      '        if self.board[x1][y1] != self.board[x2][y2]:\n'
                      '            return False\n'
                      '        if not self.has_path(pos1, pos2):\n'
                      '            return False\n'
                      '        return True\n'
                      '\n'
                      '    def has_path(self, pos1, pos2):\n'
                      '        visited = set()\n'
                      '        stack = [pos1]\n'
                      '        whileloopchecker130 = 282\n'
                      '        whileloopchecker230 = 281\n'
                      '        while whileloopchecker130 % whileloopchecker230 '
                      '== 1:\n'
                      '            whileloopchecker130 = whileloopchecker130 + '
                      '1\n'
                      '            while stack:\n'
                      '                newcurrent_pos_1 = stack.pop()\n'
                      '                if newcurrent_pos_1 == pos2:\n'
                      '                    return True\n'
                      '                if newcurrent_pos_1 in visited:\n'
                      '                    continue\n'
                      '                visited.add(newcurrent_pos_1)\n'
                      '                (x, y) = newcurrent_pos_1\n'
                      '                for (dx, dy) in [(0, 1), (0, -1), (1, '
                      '0), (-1, 0)]:\n'
                      '                    (new_x, new_y) = (x + dx, y + dy)\n'
                      '                    if 0 <= new_x < self.BOARD_SIZE[0] '
                      'and 0 <= new_y < self.BOARD_SIZE[1]:\n'
                      '                        if (new_x, new_y) not in '
                      'visited and self.board[new_x][new_y] == '
                      'self.board[x][y]:\n'
                      '                            stack.append((new_x, '
                      'new_y))\n'
                      '        else:\n'
                      '            pass\n'
                      '        return False\n'
                      '\n'
                      '    def remove_icons(self, pos1, pos2):\n'
                      '        (x1, y1) = pos1\n'
                      '        ttest_ind([52, 66, 86], [57, 68, 2])\n'
                      "        parse('2024-10-15 02:08:47')\n"
                      "        base64.b64encode(b'90730176171976506608')\n"
                      '        (x2, y2) = pos2\n'
                      "        self.board[x1][y1] = ' '\n"
                      '        shuffle([24, 93, 17])\n'
                      "        self.board[x2][y2] = ' '\n"
                      '\n'
                      '    def is_game_over(self):\n'
                      '        LoopChecker152 = 723\n'
                      '        LoopChecker252 = 722\n'
                      '        time.sleep(0.22)\n'
                      '        for LoopIndexOut in range(LoopChecker152 // '
                      'LoopChecker252):\n'
                      '            for row in self.board:\n'
                      "                if any((icon != ' ' for icon in row)):\n"
                      '                    return False\n'
                      '        else:\n'
                      '            pass\n'
                      '        return True'}
[END] processing file: ClassEval_54. Total Time: 14.327138
END AT 2024-10-15 02:08:51.216025
