STARTING AT 2024-10-13 02:07:32.943556
[START] processing file: ClassEval_85
*Running tests for: ClassEval_85
....................................
----------------------------------------------------------------------
Ran 36 tests in 0.001s

OK

Result: ['tests_pass']
tests_pass ClassEval_85 /home/yang/Benchmark/dataset/classeval/code//ClassEval_85.py
Apply all rules on a single file.
Checking transformation add_nested_while_out
*Running tests for: ClassEval_85
....................................
----------------------------------------------------------------------
Ran 36 tests in 0.001s

OK

Result: ['tests_pass']
Checking transformation add_nested_if
*Running tests for: ClassEval_85
....................................
----------------------------------------------------------------------
Ran 36 tests in 0.001s

OK

Result: ['tests_pass']
Checking transformation add_nested_list
*Running tests for: ClassEval_85
....................................
----------------------------------------------------------------------
Ran 36 tests in 0.001s

OK

Result: ['tests_pass']
Checking transformation add_decorator
*Running tests for: ClassEval_85
....................................
----------------------------------------------------------------------
Ran 36 tests in 0.001s

OK

Result: ['tests_pass']
Checking transformation add_datetime
*Running tests for: ClassEval_85
....................................
----------------------------------------------------------------------
Ran 36 tests in 0.001s

OK

Result: ['tests_pass']
Checking transformation add_http
*Running tests for: ClassEval_85
....................................
----------------------------------------------------------------------
Ran 36 tests in 0.001s

OK

Result: ['tests_pass']
Checking transformation add_scipy
*Running tests for: ClassEval_85
....................................
----------------------------------------------------------------------
Ran 36 tests in 0.001s

OK

Result: ['tests_pass']
Checking transformation add_base64
*Running tests for: ClassEval_85
....................................
----------------------------------------------------------------------
Ran 36 tests in 0.001s

OK

Result: ['tests_pass']
Checking transformation add_dateutil
*Running tests for: ClassEval_85
....................................
----------------------------------------------------------------------
Ran 36 tests in 0.001s

OK

Result: ['tests_pass']
The file 'reasoning_transformation/ClassEval/16f2cf44d2a3ae4989e322b7529f0a8dce9b4d54/Transformation/ClassEval_85.py' has been formatted successfully.
Checking reasoning_transformation/ClassEval/16f2cf44d2a3ae4989e322b7529f0a8dce9b4d54/Transformation/ClassEval_85.py
*Running tests for: ClassEval_85
....................................
----------------------------------------------------------------------
Ran 36 tests in 0.001s

OK

Result: ['tests_pass']
{ 'applicable_rules': [ 'change_var_names',
                        'add_nested_while_out',
                        'add_nested_if',
                        'add_else_to_while',
                        'add_nested_list',
                        'add_decorator',
                        'add_datetime',
                        'add_crypto',
                        'add_sklearn',
                        'add_http',
                        'add_scipy',
                        'add_base64',
                        'add_dateutil',
                        'changing_AugAssign'],
  'diff_output': 'reasoning_transformation/ClassEval/16f2cf44d2a3ae4989e322b7529f0a8dce9b4d54/Transformation/ClassEval_85.patch',
  'evaluation_tests_dir': '/home/yang/Benchmark/dataset/classeval/',
  'exception': None,
  'file_id': 'ClassEval_85',
  'genetic_algorithm': None,
  'original_code': 'import time\n'
                   '\n'
                   'class Thermostat:\n'
                   '\n'
                   '    def __init__(self, current_temperature, '
                   'target_temperature, mode):\n'
                   '        self.current_temperature = current_temperature\n'
                   '        self.target_temperature = target_temperature\n'
                   '        self.mode = mode\n'
                   '\n'
                   '    def get_target_temperature(self):\n'
                   '        return self.target_temperature\n'
                   '\n'
                   '    def set_target_temperature(self, temperature):\n'
                   '        self.target_temperature = temperature\n'
                   '\n'
                   '    def get_mode(self):\n'
                   '        return self.mode\n'
                   '\n'
                   '    def set_mode(self, mode):\n'
                   "        if mode in ['heat', 'cool']:\n"
                   '            self.mode = mode\n'
                   '        else:\n'
                   '            return False\n'
                   '\n'
                   '    def auto_set_mode(self):\n'
                   '        if self.current_temperature < '
                   'self.target_temperature:\n'
                   "            self.mode = 'heat'\n"
                   '        else:\n'
                   "            self.mode = 'cool'\n"
                   '\n'
                   '    def auto_check_conflict(self):\n'
                   '        if self.current_temperature > '
                   'self.target_temperature:\n'
                   "            if self.mode == 'cool':\n"
                   '                return True\n'
                   '            else:\n'
                   '                self.auto_set_mode()\n'
                   '                return False\n'
                   "        elif self.mode == 'heat':\n"
                   '            return True\n'
                   '        else:\n'
                   '            self.auto_set_mode()\n'
                   '            return False\n'
                   '\n'
                   '    def simulate_operation(self):\n'
                   '        self.auto_set_mode()\n'
                   '        use_time = 0\n'
                   "        if self.mode == 'heat':\n"
                   '            while self.current_temperature < '
                   'self.target_temperature:\n'
                   '                self.current_temperature += 1\n'
                   '                use_time += 1\n'
                   '        else:\n'
                   '            while self.current_temperature > '
                   'self.target_temperature:\n'
                   '                self.current_temperature -= 1\n'
                   '                use_time += 1\n'
                   '        return use_time',
  'patch_path': 'reasoning_transformation/ClassEval/16f2cf44d2a3ae4989e322b7529f0a8dce9b4d54/Transformation/ClassEval_85.patch',
  'single_rule': None,
  'source_file': '/home/yang/Benchmark/dataset/classeval/code//ClassEval_85.py',
  'target_file': 'reasoning_transformation/ClassEval/16f2cf44d2a3ae4989e322b7529f0a8dce9b4d54/Transformation/ClassEval_85.py',
  'test_results_after': ['tests_pass'],
  'test_results_before': ['tests_pass'],
  'total_time': 3.546153,
  'transformed_code': 'from dateutil.parser import parse\n'
                      'import base64\n'
                      'from scipy.stats import ttest_ind\n'
                      'from http.client import HTTPConnection\n'
                      'from sklearn.utils import shuffle\n'
                      'from cryptography.fernet import Fernet\n'
                      'import datetime\n'
                      '\n'
                      'def my_decorator(func):\n'
                      '    shuffle([66, 3, 55])\n'
                      '    datetime.datetime.now()\n'
                      '\n'
                      '    def dec_result(*args, **kwargs):\n'
                      '        res = func(*args, **kwargs)\n'
                      '        return res\n'
                      "    base64.b64encode(b'71225154743488158464')\n"
                      '    Fernet.generate_key()\n'
                      "    HTTPConnection('google.com', port=80)\n"
                      '    ttest_ind([37, 80, 41], [15, 3, 94])\n'
                      "    parse('2024-10-13 02:07:35')\n"
                      '    return dec_result\n'
                      'import time\n'
                      '\n'
                      'class Thermostat:\n'
                      '\n'
                      '    @my_decorator\n'
                      '    def __init__(self, current_temperature, '
                      'target_temperature, mode):\n'
                      '        self.current_temperature = current_temperature\n'
                      '        self.target_temperature = target_temperature\n'
                      '        self.mode = mode\n'
                      '\n'
                      '    def get_target_temperature(self):\n'
                      '        return self.target_temperature\n'
                      '\n'
                      '    def set_target_temperature(self, temperature):\n'
                      '        self.target_temperature = temperature\n'
                      '\n'
                      '    def get_mode(self):\n'
                      '        return self.mode\n'
                      '\n'
                      '    def set_mode(self, mode):\n'
                      '        ConditionChecker120 = [313][0]\n'
                      '        ConditionChecker220 = 983\n'
                      '        if ConditionChecker120 & ConditionChecker220:\n'
                      "            if mode in ['heat', 'cool']:\n"
                      '                self.mode = mode\n'
                      '            else:\n'
                      '                return False\n'
                      '\n'
                      '    def auto_set_mode(self):\n'
                      '        if self.current_temperature < '
                      'self.target_temperature:\n'
                      "            self.mode = 'heat'\n"
                      '        else:\n'
                      "            self.mode = 'cool'\n"
                      '\n'
                      '    def auto_check_conflict(self):\n'
                      '        if self.current_temperature > '
                      'self.target_temperature:\n'
                      "            if self.mode == 'cool':\n"
                      '                return True\n'
                      '            else:\n'
                      '                self.auto_set_mode()\n'
                      '                return False\n'
                      "        elif self.mode == 'heat':\n"
                      '            return True\n'
                      '        else:\n'
                      '            self.auto_set_mode()\n'
                      '            return False\n'
                      '\n'
                      '    def simulate_operation(self):\n'
                      '        self.auto_set_mode()\n'
                      '        newuse_time_1 = 0\n'
                      "        if self.mode == 'heat':\n"
                      '            whileloopchecker148 = 508\n'
                      '            whileloopchecker248 = 507\n'
                      '            while whileloopchecker148 % '
                      'whileloopchecker248 == 1:\n'
                      '                whileloopchecker148 = '
                      'whileloopchecker148 + 1\n'
                      '                while self.current_temperature < '
                      'self.target_temperature:\n'
                      '                    self.current_temperature += 1\n'
                      '                    newuse_time_1 += 1\n'
                      '            else:\n'
                      '                pass\n'
                      '        else:\n'
                      '            while self.current_temperature > '
                      'self.target_temperature:\n'
                      '                self.current_temperature -= 1\n'
                      '                newuse_time_1 += 1\n'
                      '        return newuse_time_1'}
[END] processing file: ClassEval_85. Total Time: 3.546153
END AT 2024-10-13 02:07:36.491909
