STARTING AT 2024-10-15 02:33:50.124548
[START] processing file: ClassEval_89
*Running tests for: ClassEval_89
..................
----------------------------------------------------------------------
Ran 18 tests in 0.001s

OK

Result: ['tests_pass']
tests_pass ClassEval_89 /home/yang/Benchmark/dataset/classeval/code//ClassEval_89.py
Apply all rules on a single file.
Checking transformation add_nested_for_out
*Running tests for: ClassEval_89
..................
----------------------------------------------------------------------
Ran 18 tests in 0.001s

OK

Result: ['tests_pass']
Checking transformation add_nested_if
*Running tests for: ClassEval_89
..................
----------------------------------------------------------------------
Ran 18 tests in 0.001s

OK

Result: ['tests_pass']
Checking transformation add_nested_list
*Running tests for: ClassEval_89
..................
----------------------------------------------------------------------
Ran 18 tests in 0.001s

OK

Result: ['tests_pass']
Checking transformation transform_range_to_recursion
*Running tests for: ClassEval_89
..................
----------------------------------------------------------------------
Ran 18 tests in 0.001s

OK

Result: ['tests_pass']
Checking transformation add_decorator
*Running tests for: ClassEval_89
..................
----------------------------------------------------------------------
Ran 18 tests in 0.001s

OK

Result: ['tests_pass']
Checking transformation add_datetime
*Running tests for: ClassEval_89
..................
----------------------------------------------------------------------
Ran 18 tests in 0.001s

OK

Result: ['tests_pass']
Checking transformation add_time
*Running tests for: ClassEval_89
..................
----------------------------------------------------------------------
Ran 18 tests in 0.985s

OK

Result: ['tests_pass']
Checking transformation create_functions
*Running tests for: ClassEval_89
..................
----------------------------------------------------------------------
Ran 18 tests in 0.985s

OK

Result: ['tests_pass']
Checking transformation add_http
*Running tests for: ClassEval_89
..................
----------------------------------------------------------------------
Ran 18 tests in 0.990s

OK

Result: ['tests_pass']
Checking transformation add_scipy
*Running tests for: ClassEval_89
..................
----------------------------------------------------------------------
Ran 18 tests in 1.014s

OK

Result: ['tests_pass']
Checking transformation add_base64
*Running tests for: ClassEval_89
..................
----------------------------------------------------------------------
Ran 18 tests in 1.016s

OK

Result: ['tests_pass']
Checking transformation add_dateutil
*Running tests for: ClassEval_89
..................
----------------------------------------------------------------------
Ran 18 tests in 1.019s

OK

Result: ['tests_pass']
The file 'reasoning_transformation_classeval/ClassEval/3ad1e93cfed65451f71dd1d0768a262e7e4afa36/Transformation/ClassEval_89.py' has been formatted successfully.
Checking reasoning_transformation_classeval/ClassEval/3ad1e93cfed65451f71dd1d0768a262e7e4afa36/Transformation/ClassEval_89.py
*Running tests for: ClassEval_89
..................
----------------------------------------------------------------------
Ran 18 tests in 1.019s

OK

Result: ['tests_pass']
{ 'applicable_rules': [ 'change_var_names',
                        'add_nested_for_out',
                        'add_nested_if',
                        'add_else_to_for',
                        'add_nested_list',
                        'transform_range_to_recursion',
                        'add_decorator',
                        'add_datetime',
                        'add_time',
                        'add_crypto',
                        'add_sklearn',
                        'create_functions',
                        'add_http',
                        'add_scipy',
                        'add_base64',
                        'add_dateutil'],
  'diff_output': 'reasoning_transformation_classeval/ClassEval/3ad1e93cfed65451f71dd1d0768a262e7e4afa36/Transformation/ClassEval_89.patch',
  'evaluation_tests_dir': '/home/yang/Benchmark/dataset/classeval/',
  'exception': None,
  'file_id': 'ClassEval_89',
  'genetic_algorithm': None,
  'original_code': 'import random\n'
                   '\n'
                   'class TwentyFourPointGame:\n'
                   '\n'
                   '    def __init__(self) -> None:\n'
                   '        self.nums = []\n'
                   '\n'
                   '    def _generate_cards(self):\n'
                   '        for i in range(4):\n'
                   '            self.nums.append(random.randint(1, 9))\n'
                   '        assert len(self.nums) == 4\n'
                   '\n'
                   '    def get_my_cards(self):\n'
                   '        self.nums = []\n'
                   '        self._generate_cards()\n'
                   '        return self.nums\n'
                   '\n'
                   '    def answer(self, expression):\n'
                   "        if expression == 'pass':\n"
                   '            return self.get_my_cards()\n'
                   '        statistic = {}\n'
                   '        for c in expression:\n'
                   '            if c.isdigit() and int(c) in self.nums:\n'
                   '                statistic[c] = statistic.get(c, 0) + 1\n'
                   '        nums_used = statistic.copy()\n'
                   '        for num in self.nums:\n'
                   '            if nums_used.get(str(num), -100) != -100 and '
                   'nums_used[str(num)] > 0:\n'
                   '                nums_used[str(num)] -= 1\n'
                   '            else:\n'
                   '                return False\n'
                   '        if all((count == 0 for count in '
                   'nums_used.values())) == True:\n'
                   '            return self.evaluate_expression(expression)\n'
                   '        else:\n'
                   '            return False\n'
                   '\n'
                   '    def evaluate_expression(self, expression):\n'
                   '        try:\n'
                   '            if eval(expression) == 24:\n'
                   '                return True\n'
                   '            else:\n'
                   '                return False\n'
                   '        except Exception as e:\n'
                   '            return False',
  'patch_path': 'reasoning_transformation_classeval/ClassEval/3ad1e93cfed65451f71dd1d0768a262e7e4afa36/Transformation/ClassEval_89.patch',
  'single_rule': None,
  'source_file': '/home/yang/Benchmark/dataset/classeval/code//ClassEval_89.py',
  'target_file': 'reasoning_transformation_classeval/ClassEval/3ad1e93cfed65451f71dd1d0768a262e7e4afa36/Transformation/ClassEval_89.py',
  'test_results_after': ['tests_pass'],
  'test_results_before': ['tests_pass'],
  'total_time': 12.234836,
  'transformed_code': 'from dateutil.parser import parse\n'
                      'import base64\n'
                      'from scipy.stats import ttest_ind\n'
                      'from http.client import HTTPConnection\n'
                      '\n'
                      'def newFunc0_52(variable_3_52, statistic, c, '
                      'variable_6_52):\n'
                      '    return statistic.get(c, variable_6_52) + '
                      'variable_3_52\n'
                      'from sklearn.utils import shuffle\n'
                      'from cryptography.fernet import Fernet\n'
                      'import time\n'
                      'import datetime\n'
                      '\n'
                      'def my_decorator(func):\n'
                      '\n'
                      '    def dec_result(*args, **kwargs):\n'
                      '        res = func(*args, **kwargs)\n'
                      '        return res\n'
                      '    Fernet.generate_key()\n'
                      "    base64.b64encode(b'32495285214019591835')\n"
                      '    return dec_result\n'
                      'import random\n'
                      '\n'
                      'class TwentyFourPointGame:\n'
                      '\n'
                      '    @my_decorator\n'
                      '    def __init__(self) -> None:\n'
                      '        ttest_ind([44, 28, 100], [3, 90, 67])\n'
                      "        parse('2024-10-15 02:33:58')\n"
                      '        self.nums = [[]][0]\n'
                      '\n'
                      '    def _generate_cards(self):\n'
                      '        LoopChecker19 = 937\n'
                      '        datetime.datetime.now()\n'
                      '        LoopChecker29 = 936\n'
                      '        for LoopIndexOut in range(LoopChecker19 // '
                      'LoopChecker29):\n'
                      '\n'
                      '            def loop_12_12(newi_1, stop, step):\n'
                      '                if step == 0 or (step > 0 and newi_1 >= '
                      'stop) or (step < 0 and newi_1 <= stop):\n'
                      '                    return\n'
                      '                self.nums.append(random.randint(1, 9))\n'
                      '                loop_12_12(newi_1 + step, stop, step)\n'
                      '            loop_12_12(0, 4, 1)\n'
                      '        else:\n'
                      '            pass\n'
                      '        assert len(self.nums) == 4\n'
                      '\n'
                      '    def get_my_cards(self):\n'
                      "        HTTPConnection('google.com', port=80)\n"
                      '        time.sleep(0.14)\n'
                      '        self.nums = []\n'
                      '        self._generate_cards()\n'
                      '        return self.nums\n'
                      '\n'
                      '    def answer(self, expression):\n'
                      '        ConditionChecker122 = 863\n'
                      '        ConditionChecker222 = 684\n'
                      '        if ConditionChecker122 & ConditionChecker222:\n'
                      "            if expression == 'pass':\n"
                      '                return self.get_my_cards()\n'
                      '        statistic = {}\n'
                      '        for c in expression:\n'
                      '            if c.isdigit() and int(c) in self.nums:\n'
                      '                variable_3_52 = 1\n'
                      '                variable_6_52 = 0\n'
                      '                statistic[c] = '
                      'newFunc0_52(variable_3_52, statistic, c, '
                      'variable_6_52)\n'
                      '        nums_used = statistic.copy()\n'
                      '        for num in self.nums:\n'
                      '            if nums_used.get(str(num), -100) != -100 '
                      'and nums_used[str(num)] > 0:\n'
                      '                nums_used[str(num)] -= 1\n'
                      '            else:\n'
                      '                return False\n'
                      '        if all((count == 0 for count in '
                      'nums_used.values())) == True:\n'
                      '            return '
                      'self.evaluate_expression(expression)\n'
                      '        else:\n'
                      '            return False\n'
                      '\n'
                      '    def evaluate_expression(self, expression):\n'
                      '        shuffle([81, 26, 83])\n'
                      '        try:\n'
                      '            if eval(expression) == 24:\n'
                      '                return True\n'
                      '            else:\n'
                      '                return False\n'
                      '        except Exception as e:\n'
                      '            return False'}
[END] processing file: ClassEval_89. Total Time: 12.234836
END AT 2024-10-15 02:34:02.361371
