STARTING AT 2024-10-15 01:52:21.542142
[START] processing file: ClassEval_12
*Running tests for: ClassEval_12
..................
----------------------------------------------------------------------
Ran 18 tests in 0.001s

OK

Result: ['tests_pass']
tests_pass ClassEval_12 /home/yang/Benchmark/dataset/classeval/code//ClassEval_12.py
Apply all rules on a single file.
Checking transformation add_nested_for_out
*Running tests for: ClassEval_12
..................
----------------------------------------------------------------------
Ran 18 tests in 0.001s

OK

Result: ['tests_pass']
Checking transformation add_nested_while_out
*Running tests for: ClassEval_12
..................
----------------------------------------------------------------------
Ran 18 tests in 0.001s

OK

Result: ['tests_pass']
Checking transformation add_nested_if
*Running tests for: ClassEval_12
..................
----------------------------------------------------------------------
Ran 18 tests in 0.001s

OK

Result: ['tests_pass']
Checking transformation add_nested_list
*Running tests for: ClassEval_12
..................
----------------------------------------------------------------------
Ran 18 tests in 0.001s

OK

Result: ['tests_pass']
Checking transformation transform_range_to_recursion
*Running tests for: ClassEval_12
..................
----------------------------------------------------------------------
Ran 18 tests in 0.001s

OK

Result: ['tests_pass']
Checking transformation add_decorator
*Running tests for: ClassEval_12
..................
----------------------------------------------------------------------
Ran 18 tests in 0.001s

OK

Result: ['tests_pass']
Checking transformation add_datetime
*Running tests for: ClassEval_12
..................
----------------------------------------------------------------------
Ran 18 tests in 0.001s

OK

Result: ['tests_pass']
Checking transformation add_time
*Running tests for: ClassEval_12
..................
----------------------------------------------------------------------
Ran 18 tests in 2.010s

OK

Result: ['tests_pass']
Checking transformation add_http
*Running tests for: ClassEval_12
..................
----------------------------------------------------------------------
Ran 18 tests in 2.020s

OK

Result: ['tests_pass']
Checking transformation add_scipy
*Running tests for: ClassEval_12
..................
----------------------------------------------------------------------
Ran 18 tests in 2.051s

OK

Result: ['tests_pass']
Checking transformation add_base64
*Running tests for: ClassEval_12
..................
----------------------------------------------------------------------
Ran 18 tests in 2.052s

OK

Result: ['tests_pass']
Checking transformation add_dateutil
*Running tests for: ClassEval_12
..................
----------------------------------------------------------------------
Ran 18 tests in 2.053s

OK

Result: ['tests_pass']
The file 'reasoning_transformation_classeval/ClassEval/3ad1e93cfed65451f71dd1d0768a262e7e4afa36/Transformation/ClassEval_12.py' has been formatted successfully.
Checking reasoning_transformation_classeval/ClassEval/3ad1e93cfed65451f71dd1d0768a262e7e4afa36/Transformation/ClassEval_12.py
*Running tests for: ClassEval_12
..................
----------------------------------------------------------------------
Ran 18 tests in 2.048s

OK

Result: ['tests_pass']
{ 'applicable_rules': [ 'change_var_names',
                        'add_nested_for_out',
                        'add_nested_while_out',
                        'add_nested_if',
                        'add_else_to_for',
                        'add_else_to_while',
                        'add_nested_list',
                        'transform_range_to_recursion',
                        'add_decorator',
                        'add_datetime',
                        'add_time',
                        'add_crypto',
                        'add_sklearn',
                        'add_http',
                        'add_scipy',
                        'add_base64',
                        'add_dateutil',
                        'changing_AugAssign'],
  'diff_output': 'reasoning_transformation_classeval/ClassEval/3ad1e93cfed65451f71dd1d0768a262e7e4afa36/Transformation/ClassEval_12.patch',
  'evaluation_tests_dir': '/home/yang/Benchmark/dataset/classeval/',
  'exception': None,
  'file_id': 'ClassEval_12',
  'genetic_algorithm': None,
  'original_code': 'import random\n'
                   '\n'
                   'class BlackjackGame:\n'
                   '\n'
                   '    def __init__(self):\n'
                   '        self.deck = self.create_deck()\n'
                   '        self.player_hand = []\n'
                   '        self.dealer_hand = []\n'
                   '\n'
                   '    def create_deck(self):\n'
                   '        deck = []\n'
                   "        suits = ['S', 'C', 'D', 'H']\n"
                   "        ranks = ['A', '2', '3', '4', '5', '6', '7', '8', "
                   "'9', '10', 'J', 'Q', 'K']\n"
                   '        for suit in suits:\n'
                   '            for rank in ranks:\n'
                   '                deck.append(rank + suit)\n'
                   '        random.shuffle(deck)\n'
                   '        return deck\n'
                   '\n'
                   '    def calculate_hand_value(self, hand):\n'
                   '        value = 0\n'
                   '        num_aces = 0\n'
                   '        for card in hand:\n'
                   '            rank = card[:-1]\n'
                   '            if rank.isdigit():\n'
                   '                value += int(rank)\n'
                   "            elif rank in ['J', 'Q', 'K']:\n"
                   '                value += 10\n'
                   "            elif rank == 'A':\n"
                   '                value += 11\n'
                   '                num_aces += 1\n'
                   '        while value > 21 and num_aces > 0:\n'
                   '            value -= 10\n'
                   '            num_aces -= 1\n'
                   '        return value\n'
                   '\n'
                   '    def check_winner(self, player_hand, dealer_hand):\n'
                   '        player_value = '
                   'self.calculate_hand_value(player_hand)\n'
                   '        dealer_value = '
                   'self.calculate_hand_value(dealer_hand)\n'
                   '        if player_value > 21 and dealer_value > 21:\n'
                   '            if player_value <= dealer_value:\n'
                   "                return 'Player wins'\n"
                   '            else:\n'
                   "                return 'Dealer wins'\n"
                   '        elif player_value > 21:\n'
                   "            return 'Dealer wins'\n"
                   '        elif dealer_value > 21:\n'
                   "            return 'Player wins'\n"
                   '        elif player_value <= dealer_value:\n'
                   "            return 'Dealer wins'\n"
                   '        else:\n'
                   "            return 'Player wins'",
  'patch_path': 'reasoning_transformation_classeval/ClassEval/3ad1e93cfed65451f71dd1d0768a262e7e4afa36/Transformation/ClassEval_12.patch',
  'single_rule': None,
  'source_file': '/home/yang/Benchmark/dataset/classeval/code//ClassEval_12.py',
  'target_file': 'reasoning_transformation_classeval/ClassEval/3ad1e93cfed65451f71dd1d0768a262e7e4afa36/Transformation/ClassEval_12.py',
  'test_results_after': ['tests_pass'],
  'test_results_before': ['tests_pass'],
  'total_time': 16.985281,
  'transformed_code': 'from dateutil.parser import parse\n'
                      'import base64\n'
                      'from scipy.stats import ttest_ind\n'
                      'from http.client import HTTPConnection\n'
                      'from sklearn.utils import shuffle\n'
                      'from cryptography.fernet import Fernet\n'
                      'import time\n'
                      'import datetime\n'
                      '\n'
                      'def my_decorator(func):\n'
                      '\n'
                      '    def dec_result(*args, **kwargs):\n'
                      '        res = func(*args, **kwargs)\n'
                      '        return res\n'
                      '    return dec_result\n'
                      'import random\n'
                      '\n'
                      'class BlackjackGame:\n'
                      '\n'
                      '    @my_decorator\n'
                      '    def __init__(self):\n'
                      '        self.deck = self.create_deck()\n'
                      '        shuffle([33, 7, 74])\n'
                      '        self.player_hand = [[]][0]\n'
                      '        self.dealer_hand = []\n'
                      '\n'
                      '    def create_deck(self):\n'
                      '        newdeck_1 = []\n'
                      "        suits = ['S', 'C', 'D', 'H']\n"
                      "        ranks = ['A', '2', '3', '4', '5', '6', '7', "
                      "'8', '9', '10', 'J', 'Q', 'K']\n"
                      '        LoopChecker114 = 364\n'
                      '        LoopChecker214 = 363\n'
                      '\n'
                      '        def loop_16_8(LoopIndexOut, stop, step):\n'
                      '            if step == 0 or (step > 0 and LoopIndexOut '
                      '>= stop) or (step < 0 and LoopIndexOut <= stop):\n'
                      '                return\n'
                      '            for suit in suits:\n'
                      '                for rank in ranks:\n'
                      '                    newdeck_1.append(rank + suit)\n'
                      '            loop_16_8(LoopIndexOut + step, stop, step)\n'
                      '        loop_16_8(0, LoopChecker114 // LoopChecker214, '
                      '1)\n'
                      "        base64.b64encode(b'30076233852900002585')\n"
                      '        random.shuffle(newdeck_1)\n'
                      '        datetime.datetime.now()\n'
                      '        ttest_ind([42, 76, 73], [20, 91, 33])\n'
                      '        return newdeck_1\n'
                      '\n'
                      '    def calculate_hand_value(self, hand):\n'
                      '        value = 0\n'
                      '        num_aces = 0\n'
                      '        time.sleep(0.1)\n'
                      '        ConditionChecker128 = 699\n'
                      '        ConditionChecker228 = 773\n'
                      '        for card in hand:\n'
                      '            rank = card[:-1]\n'
                      '            if ConditionChecker128 & '
                      'ConditionChecker228:\n'
                      '                if rank.isdigit():\n'
                      '                    value += int(rank)\n'
                      "                elif rank in ['J', 'Q', 'K']:\n"
                      '                    value = value + 10\n'
                      "                elif rank == 'A':\n"
                      '                    value += 11\n'
                      '                    num_aces += 1\n'
                      '        Fernet.generate_key()\n'
                      '        whileloopchecker135 = 920\n'
                      '        whileloopchecker235 = 919\n'
                      '        while whileloopchecker135 % whileloopchecker235 '
                      '== 1:\n'
                      '            whileloopchecker135 += 1\n'
                      '            while value > 21 and num_aces > 0:\n'
                      '                value -= 10\n'
                      '                num_aces -= 1\n'
                      '        else:\n'
                      '            pass\n'
                      '        return value\n'
                      '\n'
                      '    def check_winner(self, player_hand, dealer_hand):\n'
                      "        parse('2024-10-15 01:52:32')\n"
                      "        HTTPConnection('google.com', port=80)\n"
                      '        player_value = '
                      'self.calculate_hand_value(player_hand)\n'
                      '        dealer_value = '
                      'self.calculate_hand_value(dealer_hand)\n'
                      '        if player_value > 21 and dealer_value > 21:\n'
                      '            if player_value <= dealer_value:\n'
                      "                return 'Player wins'\n"
                      '            else:\n'
                      "                return 'Dealer wins'\n"
                      '        elif player_value > 21:\n'
                      "            return 'Dealer wins'\n"
                      '        elif dealer_value > 21:\n'
                      "            return 'Player wins'\n"
                      '        elif player_value <= dealer_value:\n'
                      "            return 'Dealer wins'\n"
                      '        else:\n'
                      "            return 'Player wins'"}
[END] processing file: ClassEval_12. Total Time: 16.985281
END AT 2024-10-15 01:52:38.530878
