STARTING AT 2024-10-13 02:07:16.399369
[START] processing file: ClassEval_82
*Running tests for: ClassEval_82
......................................
----------------------------------------------------------------------
Ran 38 tests in 0.001s

OK

Result: ['tests_pass']
tests_pass ClassEval_82 /home/yang/Benchmark/dataset/classeval/code//ClassEval_82.py
Apply all rules on a single file.
Checking transformation add_nested_for_out
*Running tests for: ClassEval_82
......................................
----------------------------------------------------------------------
Ran 38 tests in 0.001s

OK

Result: ['tests_pass']
Checking transformation add_nested_if
*Running tests for: ClassEval_82
......................................
----------------------------------------------------------------------
Ran 38 tests in 0.001s

OK

Result: ['tests_pass']
Checking transformation create_functions
*Running tests for: ClassEval_82
......................................
----------------------------------------------------------------------
Ran 38 tests in 0.001s

OK

Result: ['tests_pass']
Checking transformation add_nested_list
*Running tests for: ClassEval_82
......................................
----------------------------------------------------------------------
Ran 38 tests in 0.001s

OK

Result: ['tests_pass']
Checking transformation transform_range_to_recursion
*Running tests for: ClassEval_82
.F.FF..FFF.................F..........
======================================================================
FAIL: test_add_stock_2 (__main__.StockPortfolioTrackerTestAddStock)
----------------------------------------------------------------------
Traceback (most recent call last):
  File "/home/yang/Benchmark/tmp_test.py", line 85, in test_add_stock_2
    self.assertEqual(tracker.portfolio, [{'name': 'AAPL', 'price': 150.0, 'quantity': 20}])
AssertionError: Lists differ: [{'na[32 chars]antity': 20}, {'name': 'AAPL', 'price': 150.0, 'quantity': 10}] != [{'na[32 chars]antity': 20}]

First list contains 1 additional elements.
First extra element 1:
{'name': 'AAPL', 'price': 150.0, 'quantity': 10}

- [{'name': 'AAPL', 'price': 150.0, 'quantity': 20},
?                                                  ^

+ [{'name': 'AAPL', 'price': 150.0, 'quantity': 20}]
?                                                  ^

-  {'name': 'AAPL', 'price': 150.0, 'quantity': 10}]

======================================================================
FAIL: test_add_stock_4 (__main__.StockPortfolioTrackerTestAddStock)
----------------------------------------------------------------------
Traceback (most recent call last):
  File "/home/yang/Benchmark/tmp_test.py", line 99, in test_add_stock_4
    self.assertEqual(tracker.portfolio, [{'name': 'AAPL', 'price': 150.0, 'quantity': 20},
AssertionError: Lists differ: [{'na[51 chars]e': 'AAPL', 'price': 150.0, 'quantity': 10}, {[43 chars] 10}] != [{'na[51 chars]e': 'MSFT', 'price': 150.0, 'quantity': 10}]

First differing element 1:
{'name': 'AAPL', 'price': 150.0, 'quantity': 10}
{'name': 'MSFT', 'price': 150.0, 'quantity': 10}

First list contains 1 additional elements.
First extra element 2:
{'name': 'MSFT', 'price': 150.0, 'quantity': 10}

  [{'name': 'AAPL', 'price': 150.0, 'quantity': 20},
-  {'name': 'AAPL', 'price': 150.0, 'quantity': 10},
   {'name': 'MSFT', 'price': 150.0, 'quantity': 10}]

======================================================================
FAIL: test_add_stock_5 (__main__.StockPortfolioTrackerTestAddStock)
----------------------------------------------------------------------
Traceback (most recent call last):
  File "/home/yang/Benchmark/tmp_test.py", line 108, in test_add_stock_5
    self.assertEqual(tracker.portfolio, [{'name': 'AAPL', 'price': 150.0, 'quantity': 20},
AssertionError: Lists differ: [{'na[51 chars]e': 'AAPL', 'price': 150.0, 'quantity': 10}, {[93 chars] 10}] != [{'na[51 chars]e': 'MSFT', 'price': 150.0, 'quantity': 20}]

First differing element 1:
{'name': 'AAPL', 'price': 150.0, 'quantity': 10}
{'name': 'MSFT', 'price': 150.0, 'quantity': 20}

First list contains 2 additional elements.
First extra element 2:
{'name': 'MSFT', 'price': 150.0, 'quantity': 20}

  [{'name': 'AAPL', 'price': 150.0, 'quantity': 20},
-  {'name': 'AAPL', 'price': 150.0, 'quantity': 10},
-  {'name': 'MSFT', 'price': 150.0, 'quantity': 20},
?                                                  ^

+  {'name': 'MSFT', 'price': 150.0, 'quantity': 20}]
?                                                  ^

-  {'name': 'MSFT', 'price': 150.0, 'quantity': 10}]

======================================================================
FAIL: test_buy_stock_3 (__main__.StockPortfolioTrackerTestBuyStock)
----------------------------------------------------------------------
Traceback (most recent call last):
  File "/home/yang/Benchmark/tmp_test.py", line 165, in test_buy_stock_3
    self.assertEqual(tracker.portfolio, [{'name': 'AAPL', 'price': 150.0, 'quantity': 20}])
AssertionError: Lists differ: [{'na[32 chars]antity': 20}, {'name': 'AAPL', 'price': 150.0, 'quantity': 10}] != [{'na[32 chars]antity': 20}]

First list contains 1 additional elements.
First extra element 1:
{'name': 'AAPL', 'price': 150.0, 'quantity': 10}

- [{'name': 'AAPL', 'price': 150.0, 'quantity': 20},
?                                                  ^

+ [{'name': 'AAPL', 'price': 150.0, 'quantity': 20}]
?                                                  ^

-  {'name': 'AAPL', 'price': 150.0, 'quantity': 10}]

======================================================================
FAIL: test_buy_stock_4 (__main__.StockPortfolioTrackerTestBuyStock)
----------------------------------------------------------------------
Traceback (most recent call last):
  File "/home/yang/Benchmark/tmp_test.py", line 173, in test_buy_stock_4
    self.assertEqual(tracker.portfolio, [{'name': 'AAPL', 'price': 150.0, 'quantity': 10},
AssertionError: Lists differ: [{'na[82 chars]antity': 20}, {'name': 'MSFT', 'price': 150.0, 'quantity': 10}] != [{'na[82 chars]antity': 20}]

First list contains 1 additional elements.
First extra element 2:
{'name': 'MSFT', 'price': 150.0, 'quantity': 10}

  [{'name': 'AAPL', 'price': 150.0, 'quantity': 10},
-  {'name': 'MSFT', 'price': 150.0, 'quantity': 20},
?                                                  ^

+  {'name': 'MSFT', 'price': 150.0, 'quantity': 20}]
?                                                  ^

-  {'name': 'MSFT', 'price': 150.0, 'quantity': 10}]

======================================================================
FAIL: test_buy_stock_5 (__main__.StockPortfolioTrackerTestBuyStock)
----------------------------------------------------------------------
Traceback (most recent call last):
  File "/home/yang/Benchmark/tmp_test.py", line 182, in test_buy_stock_5
    self.assertEqual(tracker.portfolio, [{'name': 'AAPL', 'price': 150.0, 'quantity': 20},
AssertionError: Lists differ: [{'na[51 chars]e': 'AAPL', 'price': 150.0, 'quantity': 10}, {[43 chars] 10}] != [{'na[51 chars]e': 'MSFT', 'price': 150.0, 'quantity': 10}]

First differing element 1:
{'name': 'AAPL', 'price': 150.0, 'quantity': 10}
{'name': 'MSFT', 'price': 150.0, 'quantity': 10}

First list contains 1 additional elements.
First extra element 2:
{'name': 'MSFT', 'price': 150.0, 'quantity': 10}

  [{'name': 'AAPL', 'price': 150.0, 'quantity': 20},
-  {'name': 'AAPL', 'price': 150.0, 'quantity': 10},
   {'name': 'MSFT', 'price': 150.0, 'quantity': 10}]

======================================================================
FAIL: test_main_3 (__main__.StockPortfolioTrackerTestMain)
----------------------------------------------------------------------
Traceback (most recent call last):
  File "/home/yang/Benchmark/tmp_test.py", line 342, in test_main_3
    self.assertEqual(tracker.portfolio, [{'name': 'AAPL', 'price': 150.0, 'quantity': 20},
AssertionError: Lists differ: [{'na[82 chars]antity': 10}, {'name': 'AAPL', 'price': 150.0, 'quantity': 10}] != [{'na[82 chars]antity': 10}]

First list contains 1 additional elements.
First extra element 2:
{'name': 'AAPL', 'price': 150.0, 'quantity': 10}

  [{'name': 'AAPL', 'price': 150.0, 'quantity': 20},
-  {'name': 'MSFT', 'price': 150.0, 'quantity': 10},
?                                                  ^

+  {'name': 'MSFT', 'price': 150.0, 'quantity': 10}]
?                                                  ^

-  {'name': 'AAPL', 'price': 150.0, 'quantity': 10}]

----------------------------------------------------------------------
Ran 38 tests in 0.004s

FAILED (failures=7)

Result: ['failure']
Drop transform_range_to_recursion due to ['failure']
Checking transformation add_decorator
*Running tests for: ClassEval_82
......................................
----------------------------------------------------------------------
Ran 38 tests in 0.001s

OK

Result: ['tests_pass']
Checking transformation add_datetime
*Running tests for: ClassEval_82
......................................
----------------------------------------------------------------------
Ran 38 tests in 0.001s

OK

Result: ['tests_pass']
Checking transformation add_time
*Running tests for: ClassEval_82
......................................
----------------------------------------------------------------------
Ran 38 tests in 0.001s

OK

Result: ['tests_pass']
Checking transformation add_http
*Running tests for: ClassEval_82
......................................
----------------------------------------------------------------------
Ran 38 tests in 0.002s

OK

Result: ['tests_pass']
Checking transformation add_scipy
*Running tests for: ClassEval_82
......................................
----------------------------------------------------------------------
Ran 38 tests in 0.006s

OK

Result: ['tests_pass']
Checking transformation add_base64
*Running tests for: ClassEval_82
......................................
----------------------------------------------------------------------
Ran 38 tests in 0.006s

OK

Result: ['tests_pass']
Checking transformation add_dateutil
*Running tests for: ClassEval_82
......................................
----------------------------------------------------------------------
Ran 38 tests in 0.007s

OK

Result: ['tests_pass']
The file 'reasoning_transformation/ClassEval/16f2cf44d2a3ae4989e322b7529f0a8dce9b4d54/Transformation/ClassEval_82.py' has been formatted successfully.
Checking reasoning_transformation/ClassEval/16f2cf44d2a3ae4989e322b7529f0a8dce9b4d54/Transformation/ClassEval_82.py
*Running tests for: ClassEval_82
......................................
----------------------------------------------------------------------
Ran 38 tests in 0.007s

OK

Result: ['tests_pass']
{ 'applicable_rules': [ 'change_var_names',
                        'add_nested_for_out',
                        'add_nested_if',
                        'create_functions',
                        'add_try_except_inside_functions',
                        'add_else_to_for',
                        'add_nested_list',
                        'add_decorator',
                        'add_datetime',
                        'add_time',
                        'add_crypto',
                        'add_sklearn',
                        'add_http',
                        'add_scipy',
                        'add_base64',
                        'add_dateutil'],
  'diff_output': 'reasoning_transformation/ClassEval/16f2cf44d2a3ae4989e322b7529f0a8dce9b4d54/Transformation/ClassEval_82.patch',
  'evaluation_tests_dir': '/home/yang/Benchmark/dataset/classeval/',
  'exception': None,
  'file_id': 'ClassEval_82',
  'genetic_algorithm': None,
  'original_code': 'class StockPortfolioTracker:\n'
                   '\n'
                   '    def __init__(self, cash_balance):\n'
                   '        self.portfolio = []\n'
                   '        self.cash_balance = cash_balance\n'
                   '\n'
                   '    def add_stock(self, stock):\n'
                   '        for pf in self.portfolio:\n'
                   "            if pf['name'] == stock['name']:\n"
                   "                pf['quantity'] += stock['quantity']\n"
                   '                return\n'
                   '        self.portfolio.append(stock)\n'
                   '\n'
                   '    def remove_stock(self, stock):\n'
                   '        for pf in self.portfolio:\n'
                   "            if pf['name'] == stock['name'] and "
                   "pf['quantity'] >= stock['quantity']:\n"
                   "                pf['quantity'] -= stock['quantity']\n"
                   "                if pf['quantity'] == 0:\n"
                   '                    self.portfolio.remove(pf)\n'
                   '                return True\n'
                   '        return False\n'
                   '\n'
                   '    def buy_stock(self, stock):\n'
                   "        if stock['price'] * stock['quantity'] > "
                   'self.cash_balance:\n'
                   '            return False\n'
                   '        else:\n'
                   '            self.add_stock(stock)\n'
                   "            self.cash_balance -= stock['price'] * "
                   "stock['quantity']\n"
                   '            return True\n'
                   '\n'
                   '    def sell_stock(self, stock):\n'
                   '        if self.remove_stock(stock) == False:\n'
                   '            return False\n'
                   "        self.cash_balance += stock['price'] * "
                   "stock['quantity']\n"
                   '        return True\n'
                   '\n'
                   '    def calculate_portfolio_value(self):\n'
                   '        total_value = self.cash_balance\n'
                   '        for stock in self.portfolio:\n'
                   "            total_value += stock['price'] * "
                   "stock['quantity']\n"
                   '        return total_value\n'
                   '\n'
                   '    def get_portfolio_summary(self):\n'
                   '        summary = []\n'
                   '        for stock in self.portfolio:\n'
                   '            value = self.get_stock_value(stock)\n'
                   "            summary.append({'name': stock['name'], "
                   "'value': value})\n"
                   '        portfolio_value = '
                   'self.calculate_portfolio_value()\n'
                   '        return (portfolio_value, summary)\n'
                   '\n'
                   '    def get_stock_value(self, stock):\n'
                   "        return stock['price'] * stock['quantity']",
  'patch_path': 'reasoning_transformation/ClassEval/16f2cf44d2a3ae4989e322b7529f0a8dce9b4d54/Transformation/ClassEval_82.patch',
  'single_rule': None,
  'source_file': '/home/yang/Benchmark/dataset/classeval/code//ClassEval_82.py',
  'target_file': 'reasoning_transformation/ClassEval/16f2cf44d2a3ae4989e322b7529f0a8dce9b4d54/Transformation/ClassEval_82.py',
  'test_results_after': ['tests_pass'],
  'test_results_before': ['tests_pass'],
  'total_time': 4.017457,
  'transformed_code': 'from dateutil.parser import parse\n'
                      'import base64\n'
                      'from scipy.stats import ttest_ind\n'
                      'from http.client import HTTPConnection\n'
                      'from sklearn.utils import shuffle\n'
                      'from cryptography.fernet import Fernet\n'
                      'import time\n'
                      'import datetime\n'
                      '\n'
                      'def my_decorator(func):\n'
                      '\n'
                      '    def dec_result(*args, **kwargs):\n'
                      '        res = func(*args, **kwargs)\n'
                      '        return res\n'
                      '    time.sleep(0.01)\n'
                      "    base64.b64encode(b'48661535318986014444')\n"
                      "    HTTPConnection('google.com', port=80)\n"
                      '    return dec_result\n'
                      '\n'
                      '@my_decorator\n'
                      'def newFunc0_40(variable_1_40, variable_3_40):\n'
                      '    Fernet.generate_key()\n'
                      "    parse('2024-10-13 02:07:19')\n"
                      '    ttest_ind([67, 20, 49], [66, 20, 94])\n'
                      '    datetime.datetime.now()\n'
                      '    shuffle([39, 25, 47])\n'
                      '    try:\n'
                      '        return variable_1_40 * variable_3_40\n'
                      '    except:\n'
                      '        pass\n'
                      '\n'
                      'class StockPortfolioTracker:\n'
                      '\n'
                      '    def __init__(self, cash_balance):\n'
                      '        self.portfolio = [[]][0]\n'
                      '        self.cash_balance = cash_balance\n'
                      '\n'
                      '    def add_stock(self, stock):\n'
                      '        LoopChecker18 = 153\n'
                      '        LoopChecker28 = 152\n'
                      '        for LoopIndexOut in range(LoopChecker18 // '
                      'LoopChecker28):\n'
                      '            for pf in self.portfolio:\n'
                      "                if pf['name'] == stock['name']:\n"
                      "                    pf['quantity'] += "
                      "stock['quantity']\n"
                      '                    return\n'
                      '        else:\n'
                      '            pass\n'
                      '        self.portfolio.append(stock)\n'
                      '\n'
                      '    def remove_stock(self, stock):\n'
                      '        for pf in self.portfolio:\n'
                      "            if pf['name'] == stock['name'] and "
                      "pf['quantity'] >= stock['quantity']:\n"
                      "                pf['quantity'] -= stock['quantity']\n"
                      "                if pf['quantity'] == 0:\n"
                      '                    self.portfolio.remove(pf)\n'
                      '                return True\n'
                      '        return False\n'
                      '\n'
                      '    def buy_stock(self, stock):\n'
                      '        ConditionChecker127 = 637\n'
                      '        ConditionChecker227 = 300\n'
                      '        if ConditionChecker127 & ConditionChecker227:\n'
                      "            if stock['price'] * stock['quantity'] > "
                      'self.cash_balance:\n'
                      '                return False\n'
                      '            else:\n'
                      '                self.add_stock(stock)\n'
                      "                self.cash_balance -= stock['price'] * "
                      "stock['quantity']\n"
                      '                return True\n'
                      '\n'
                      '    def sell_stock(self, stock):\n'
                      '        if self.remove_stock(stock) == False:\n'
                      '            return False\n'
                      "        variable_1_40 = stock['price']\n"
                      "        variable_3_40 = stock['quantity']\n"
                      '        self.cash_balance += newFunc0_40(variable_1_40, '
                      'variable_3_40)\n'
                      '        return True\n'
                      '\n'
                      '    def calculate_portfolio_value(self):\n'
                      '        newtotal_value_1 = self.cash_balance\n'
                      '        for stock in self.portfolio:\n'
                      "            newtotal_value_1 += stock['price'] * "
                      "stock['quantity']\n"
                      '        return newtotal_value_1\n'
                      '\n'
                      '    def get_portfolio_summary(self):\n'
                      '        summary = []\n'
                      '        for stock in self.portfolio:\n'
                      '            value = self.get_stock_value(stock)\n'
                      "            summary.append({'name': stock['name'], "
                      "'value': value})\n"
                      '        portfolio_value = '
                      'self.calculate_portfolio_value()\n'
                      '        return (portfolio_value, summary)\n'
                      '\n'
                      '    def get_stock_value(self, stock):\n'
                      "        return stock['price'] * stock['quantity']"}
[END] processing file: ClassEval_82. Total Time: 4.017457
END AT 2024-10-13 02:07:20.419447
