STARTING AT 2024-10-13 02:07:37.407043
[START] processing file: ClassEval_86
*Running tests for: ClassEval_86
................
----------------------------------------------------------------------
Ran 16 tests in 0.001s

OK

Result: ['tests_pass']
tests_pass ClassEval_86 /home/yang/Benchmark/dataset/classeval/code//ClassEval_86.py
Apply all rules on a single file.
Checking transformation add_nested_for_out
*Running tests for: ClassEval_86
................
----------------------------------------------------------------------
Ran 16 tests in 0.001s

OK

Result: ['tests_pass']
Checking transformation add_nested_if
*Running tests for: ClassEval_86
................
----------------------------------------------------------------------
Ran 16 tests in 0.001s

OK

Result: ['tests_pass']
Checking transformation add_nested_list
*Running tests for: ClassEval_86
................
----------------------------------------------------------------------
Ran 16 tests in 0.001s

OK

Result: ['tests_pass']
Checking transformation transform_range_to_recursion
*Running tests for: ClassEval_86
F...............
======================================================================
FAIL: test_check_winner_1 (__main__.TicTacToeTestCheckWinner)
----------------------------------------------------------------------
Traceback (most recent call last):
  File "/home/yang/Benchmark/tmp_test.py", line 97, in test_check_winner_1
    self.assertEqual(ttt.check_winner(), 'X')
AssertionError: None != 'X'

----------------------------------------------------------------------
Ran 16 tests in 0.001s

FAILED (failures=1)

Result: ['failure']
Drop transform_range_to_recursion due to ['failure']
Checking transformation add_decorator
*Running tests for: ClassEval_86
................
----------------------------------------------------------------------
Ran 16 tests in 0.001s

OK

Result: ['tests_pass']
Checking transformation add_datetime
*Running tests for: ClassEval_86
................
----------------------------------------------------------------------
Ran 16 tests in 0.000s

OK

Result: ['tests_pass']
Checking transformation add_time
*Running tests for: ClassEval_86
................
----------------------------------------------------------------------
Ran 16 tests in 0.001s

OK

Result: ['tests_pass']
Checking transformation add_http
*Running tests for: ClassEval_86
................
----------------------------------------------------------------------
Ran 16 tests in 0.002s

OK

Result: ['tests_pass']
Checking transformation add_scipy
*Running tests for: ClassEval_86
................
----------------------------------------------------------------------
Ran 16 tests in 0.002s

OK

Result: ['tests_pass']
Checking transformation add_base64
*Running tests for: ClassEval_86
................
----------------------------------------------------------------------
Ran 16 tests in 0.002s

OK

Result: ['tests_pass']
Checking transformation add_dateutil
*Running tests for: ClassEval_86
................
----------------------------------------------------------------------
Ran 16 tests in 0.002s

OK

Result: ['tests_pass']
The file 'reasoning_transformation/ClassEval/16f2cf44d2a3ae4989e322b7529f0a8dce9b4d54/Transformation/ClassEval_86.py' has been formatted successfully.
Checking reasoning_transformation/ClassEval/16f2cf44d2a3ae4989e322b7529f0a8dce9b4d54/Transformation/ClassEval_86.py
*Running tests for: ClassEval_86
................
----------------------------------------------------------------------
Ran 16 tests in 0.002s

OK

Result: ['tests_pass']
{ 'applicable_rules': [ 'change_var_names',
                        'add_nested_for_out',
                        'add_nested_if',
                        'add_else_to_for',
                        'add_nested_list',
                        'add_decorator',
                        'add_datetime',
                        'add_time',
                        'add_crypto',
                        'add_sklearn',
                        'add_http',
                        'add_scipy',
                        'add_base64',
                        'add_dateutil'],
  'diff_output': 'reasoning_transformation/ClassEval/16f2cf44d2a3ae4989e322b7529f0a8dce9b4d54/Transformation/ClassEval_86.patch',
  'evaluation_tests_dir': '/home/yang/Benchmark/dataset/classeval/',
  'exception': None,
  'file_id': 'ClassEval_86',
  'genetic_algorithm': None,
  'original_code': 'class TicTacToe:\n'
                   '\n'
                   '    def __init__(self, N=3):\n'
                   "        self.board = [[' ' for _ in range(N)] for _ in "
                   'range(3)]\n'
                   "        self.current_player = 'X'\n"
                   '\n'
                   '    def make_move(self, row, col):\n'
                   "        if self.board[row][col] == ' ':\n"
                   '            self.board[row][col] = self.current_player\n'
                   "            self.current_player = 'O' if "
                   "self.current_player == 'X' else 'X'\n"
                   '            return True\n'
                   '        else:\n'
                   '            return False\n'
                   '\n'
                   '    def check_winner(self):\n'
                   '        for row in self.board:\n'
                   "            if row[0] == row[1] == row[2] != ' ':\n"
                   '                return row[0]\n'
                   '        for col in range(3):\n'
                   '            if self.board[0][col] == self.board[1][col] == '
                   "self.board[2][col] != ' ':\n"
                   '                return self.board[0][col]\n'
                   '        if self.board[0][0] == self.board[1][1] == '
                   "self.board[2][2] != ' ':\n"
                   '            return self.board[0][0]\n'
                   '        if self.board[0][2] == self.board[1][1] == '
                   "self.board[2][0] != ' ':\n"
                   '            return self.board[0][2]\n'
                   '        return None\n'
                   '\n'
                   '    def is_board_full(self):\n'
                   '        for row in self.board:\n'
                   "            if ' ' in row:\n"
                   '                return False\n'
                   '        return True',
  'patch_path': 'reasoning_transformation/ClassEval/16f2cf44d2a3ae4989e322b7529f0a8dce9b4d54/Transformation/ClassEval_86.patch',
  'single_rule': None,
  'source_file': '/home/yang/Benchmark/dataset/classeval/code//ClassEval_86.py',
  'target_file': 'reasoning_transformation/ClassEval/16f2cf44d2a3ae4989e322b7529f0a8dce9b4d54/Transformation/ClassEval_86.py',
  'test_results_after': ['tests_pass'],
  'test_results_before': ['tests_pass'],
  'total_time': 5.719008,
  'transformed_code': 'from dateutil.parser import parse\n'
                      'import base64\n'
                      'from scipy.stats import ttest_ind\n'
                      'from http.client import HTTPConnection\n'
                      'from sklearn.utils import shuffle\n'
                      'from cryptography.fernet import Fernet\n'
                      'import time\n'
                      'import datetime\n'
                      '\n'
                      'def my_decorator(func):\n'
                      "    base64.b64encode(b'90667642247946767256')\n"
                      '    time.sleep(0.3)\n'
                      '\n'
                      '    def dec_result(*args, **kwargs):\n'
                      '        res = func(*args, **kwargs)\n'
                      '        return res\n'
                      '    shuffle([60, 46, 47])\n'
                      "    parse('2024-10-13 02:07:41')\n"
                      '    Fernet.generate_key()\n'
                      "    HTTPConnection('google.com', port=80)\n"
                      '    ttest_ind([87, 36, 86], [66, 2, 66])\n'
                      '    datetime.datetime.now()\n'
                      '    return dec_result\n'
                      '\n'
                      'class TicTacToe:\n'
                      '\n'
                      '    @my_decorator\n'
                      '    def __init__(self, N=3):\n'
                      "        self.board = [[[' ' for _ in range(N)] for _ in "
                      'range(3)]][0]\n'
                      "        self.current_player = 'X'\n"
                      '\n'
                      '    def make_move(self, row, newcol_1):\n'
                      '        ConditionChecker18 = 130\n'
                      '        ConditionChecker28 = 830\n'
                      '        if ConditionChecker18 & ConditionChecker28:\n'
                      "            if self.board[row][newcol_1] == ' ':\n"
                      '                self.board[row][newcol_1] = '
                      'self.current_player\n'
                      "                self.current_player = 'O' if "
                      "self.current_player == 'X' else 'X'\n"
                      '                return True\n'
                      '            else:\n'
                      '                return False\n'
                      '\n'
                      '    def check_winner(self):\n'
                      '        LoopChecker116 = 213\n'
                      '        LoopChecker216 = 212\n'
                      '        for LoopIndexOut in range(LoopChecker116 // '
                      'LoopChecker216):\n'
                      '            for row in self.board:\n'
                      "                if row[0] == row[1] == row[2] != ' ':\n"
                      '                    return row[0]\n'
                      '        else:\n'
                      '            pass\n'
                      '        for newcol_1 in range(3):\n'
                      '            if self.board[0][newcol_1] == '
                      "self.board[1][newcol_1] == self.board[2][newcol_1] != ' "
                      "':\n"
                      '                return self.board[0][newcol_1]\n'
                      '        if self.board[0][0] == self.board[1][1] == '
                      "self.board[2][2] != ' ':\n"
                      '            return self.board[0][0]\n'
                      '        if self.board[0][2] == self.board[1][1] == '
                      "self.board[2][0] != ' ':\n"
                      '            return self.board[0][2]\n'
                      '        return None\n'
                      '\n'
                      '    def is_board_full(self):\n'
                      '        for row in self.board:\n'
                      "            if ' ' in row:\n"
                      '                return False\n'
                      '        return True'}
[END] processing file: ClassEval_86. Total Time: 5.719008
END AT 2024-10-13 02:07:43.128435
