STARTING AT 2024-10-15 02:03:09.882397
[START] processing file: ClassEval_42
*Running tests for: ClassEval_42
.......................
----------------------------------------------------------------------
Ran 23 tests in 0.001s

OK

Result: ['tests_pass']
tests_pass ClassEval_42 /home/yang/Benchmark/dataset/classeval/code//ClassEval_42.py
Apply all rules on a single file.
Checking transformation add_nested_if
*Running tests for: ClassEval_42
......E................
======================================================================
ERROR: test_book_room_2 (__main__.HotelTestBookRoom)
----------------------------------------------------------------------
Traceback (most recent call last):
  File "/home/yang/Benchmark/.tmp_test/tmp_test.py", line 58, in test_book_room_2
    result = self.hotel.book_room('triple', 2, 'guest 1')
  File "/home/yang/Benchmark/.tmp_test/tmp_test.py", line 14, in book_room
    if room_number <= self.available_rooms[room_type]:
KeyError: 'triple'

----------------------------------------------------------------------
Ran 23 tests in 0.001s

FAILED (errors=1)

Result: ['failure']
Drop add_nested_if due to ['failure']
Checking transformation add_decorator
*Running tests for: ClassEval_42
.......................
----------------------------------------------------------------------
Ran 23 tests in 0.001s

OK

Result: ['tests_pass']
Checking transformation add_datetime
*Running tests for: ClassEval_42
.......................
----------------------------------------------------------------------
Ran 23 tests in 0.001s

OK

Result: ['tests_pass']
Checking transformation add_time
*Running tests for: ClassEval_42
.......................
----------------------------------------------------------------------
Ran 23 tests in 4.510s

OK

Result: ['tests_pass']
Checking transformation add_http
*Running tests for: ClassEval_42
.......................
----------------------------------------------------------------------
Ran 23 tests in 4.513s

OK

Result: ['tests_pass']
Checking transformation add_scipy
*Running tests for: ClassEval_42
.......................
----------------------------------------------------------------------
Ran 23 tests in 4.525s

OK

Result: ['tests_pass']
Checking transformation add_base64
*Running tests for: ClassEval_42
.......................
----------------------------------------------------------------------
Ran 23 tests in 4.524s

OK

Result: ['tests_pass']
Checking transformation add_dateutil
*Running tests for: ClassEval_42
.......................
----------------------------------------------------------------------
Ran 23 tests in 4.527s

OK

Result: ['tests_pass']
The file 'reasoning_transformation_classeval/ClassEval/3ad1e93cfed65451f71dd1d0768a262e7e4afa36/Transformation/ClassEval_42.py' has been formatted successfully.
Checking reasoning_transformation_classeval/ClassEval/3ad1e93cfed65451f71dd1d0768a262e7e4afa36/Transformation/ClassEval_42.py
*Running tests for: ClassEval_42
.......................
----------------------------------------------------------------------
Ran 23 tests in 4.525s

OK

Result: ['tests_pass']
{ 'applicable_rules': [ 'add_decorator',
                        'add_datetime',
                        'add_time',
                        'add_crypto',
                        'add_sklearn',
                        'add_http',
                        'add_scipy',
                        'add_base64',
                        'add_dateutil'],
  'diff_output': 'reasoning_transformation_classeval/ClassEval/3ad1e93cfed65451f71dd1d0768a262e7e4afa36/Transformation/ClassEval_42.patch',
  'evaluation_tests_dir': '/home/yang/Benchmark/dataset/classeval/',
  'exception': None,
  'file_id': 'ClassEval_42',
  'genetic_algorithm': None,
  'original_code': 'class Hotel:\n'
                   '\n'
                   '    def __init__(self, name, rooms):\n'
                   '        self.name = name\n'
                   '        self.available_rooms = rooms\n'
                   '        self.booked_rooms = {}\n'
                   '\n'
                   '    def book_room(self, room_type, room_number, name):\n'
                   '        if room_type not in self.available_rooms.keys():\n'
                   '            return False\n'
                   '        if room_number <= '
                   'self.available_rooms[room_type]:\n'
                   '            if room_type not in self.booked_rooms.keys():\n'
                   '                self.booked_rooms[room_type] = {}\n'
                   '            self.booked_rooms[room_type][name] = '
                   'room_number\n'
                   '            self.available_rooms[room_type] -= '
                   'room_number\n'
                   "            return 'Success!'\n"
                   '        elif self.available_rooms[room_type] != 0:\n'
                   '            return self.available_rooms[room_type]\n'
                   '        else:\n'
                   '            return False\n'
                   '\n'
                   '    def check_in(self, room_type, room_number, name):\n'
                   '        if room_type not in self.booked_rooms.keys():\n'
                   '            return False\n'
                   '        if name in self.booked_rooms[room_type]:\n'
                   '            if room_number > '
                   'self.booked_rooms[room_type][name]:\n'
                   '                return False\n'
                   '            elif room_number == '
                   'self.booked_rooms[room_type][name]:\n'
                   '                self.booked_rooms[room_type].pop(name)\n'
                   '            else:\n'
                   '                self.booked_rooms[room_type][name] -= '
                   'room_number\n'
                   '\n'
                   '    def check_out(self, room_type, room_number):\n'
                   '        if room_type in self.available_rooms:\n'
                   '            self.available_rooms[room_type] += '
                   'room_number\n'
                   '        else:\n'
                   '            self.available_rooms[room_type] = room_number\n'
                   '\n'
                   '    def get_available_rooms(self, room_type):\n'
                   '        return self.available_rooms[room_type]',
  'patch_path': 'reasoning_transformation_classeval/ClassEval/3ad1e93cfed65451f71dd1d0768a262e7e4afa36/Transformation/ClassEval_42.patch',
  'single_rule': None,
  'source_file': '/home/yang/Benchmark/dataset/classeval/code//ClassEval_42.py',
  'target_file': 'reasoning_transformation_classeval/ClassEval/3ad1e93cfed65451f71dd1d0768a262e7e4afa36/Transformation/ClassEval_42.py',
  'test_results_after': ['tests_pass'],
  'test_results_before': ['tests_pass'],
  'total_time': 31.452264,
  'transformed_code': 'from dateutil.parser import parse\n'
                      'import base64\n'
                      'from scipy.stats import ttest_ind\n'
                      'from http.client import HTTPConnection\n'
                      'from sklearn.utils import shuffle\n'
                      'from cryptography.fernet import Fernet\n'
                      'import time\n'
                      'import datetime\n'
                      '\n'
                      'def my_decorator(func):\n'
                      '\n'
                      '    def dec_result(*args, **kwargs):\n'
                      '        res = func(*args, **kwargs)\n'
                      '        return res\n'
                      '    Fernet.generate_key()\n'
                      "    parse('2024-10-15 02:03:30')\n"
                      '    return dec_result\n'
                      '\n'
                      'class Hotel:\n'
                      '\n'
                      '    @my_decorator\n'
                      '    def __init__(self, name, rooms):\n'
                      "        base64.b64encode(b'73351236829459958200')\n"
                      '        self.name = name\n'
                      '        self.available_rooms = rooms\n'
                      '        self.booked_rooms = {}\n'
                      '\n'
                      '    def book_room(self, room_type, room_number, name):\n'
                      '        time.sleep(0.3)\n'
                      '        if room_type not in '
                      'self.available_rooms.keys():\n'
                      '            return False\n'
                      '        if room_number <= '
                      'self.available_rooms[room_type]:\n'
                      '            if room_type not in '
                      'self.booked_rooms.keys():\n'
                      '                self.booked_rooms[room_type] = {}\n'
                      '            self.booked_rooms[room_type][name] = '
                      'room_number\n'
                      '            self.available_rooms[room_type] -= '
                      'room_number\n'
                      "            return 'Success!'\n"
                      '        elif self.available_rooms[room_type] != 0:\n'
                      '            return self.available_rooms[room_type]\n'
                      '        else:\n'
                      '            return False\n'
                      '\n'
                      '    def check_in(self, room_type, room_number, name):\n'
                      '        shuffle([86, 52, 89])\n'
                      '        ttest_ind([37, 4, 67], [15, 63, 28])\n'
                      "        HTTPConnection('google.com', port=80)\n"
                      '        if room_type not in self.booked_rooms.keys():\n'
                      '            return False\n'
                      '        if name in self.booked_rooms[room_type]:\n'
                      '            if room_number > '
                      'self.booked_rooms[room_type][name]:\n'
                      '                return False\n'
                      '            elif room_number == '
                      'self.booked_rooms[room_type][name]:\n'
                      '                self.booked_rooms[room_type].pop(name)\n'
                      '            else:\n'
                      '                self.booked_rooms[room_type][name] -= '
                      'room_number\n'
                      '\n'
                      '    def check_out(self, room_type, room_number):\n'
                      '        datetime.datetime.now()\n'
                      '        if room_type in self.available_rooms:\n'
                      '            self.available_rooms[room_type] += '
                      'room_number\n'
                      '        else:\n'
                      '            self.available_rooms[room_type] = '
                      'room_number\n'
                      '\n'
                      '    def get_available_rooms(self, room_type):\n'
                      '        return self.available_rooms[room_type]'}
[END] processing file: ClassEval_42. Total Time: 31.452264
END AT 2024-10-15 02:03:41.337862
