STARTING AT 2024-10-15 01:55:04.475520
[START] processing file: ClassEval_21
*Running tests for: ClassEval_21
........................
----------------------------------------------------------------------
Ran 24 tests in 0.002s

OK

Result: ['tests_pass']
tests_pass ClassEval_21 /home/yang/Benchmark/dataset/classeval/code//ClassEval_21.py
Apply all rules on a single file.
Checking transformation add_nested_for_out
*Running tests for: ClassEval_21
........................
----------------------------------------------------------------------
Ran 24 tests in 0.002s

OK

Result: ['tests_pass']
Checking transformation add_nested_if
*Running tests for: ClassEval_21
........................
----------------------------------------------------------------------
Ran 24 tests in 0.002s

OK

Result: ['tests_pass']
Checking transformation add_nested_list
*Running tests for: ClassEval_21
........................
----------------------------------------------------------------------
Ran 24 tests in 0.002s

OK

Result: ['tests_pass']
Checking transformation transform_range_to_recursion
*Running tests for: ClassEval_21
.............F..FF......
======================================================================
FAIL: test_is_free_at_2 (__main__.ClassroomTestIsFreeAt)
----------------------------------------------------------------------
Traceback (most recent call last):
  File "/home/yang/Benchmark/.tmp_test/tmp_test.py", line 148, in test_is_free_at_2
    self.assertFalse(result)
AssertionError: True is not false

======================================================================
FAIL: test_is_free_at_5 (__main__.ClassroomTestIsFreeAt)
----------------------------------------------------------------------
Traceback (most recent call last):
  File "/home/yang/Benchmark/.tmp_test/tmp_test.py", line 172, in test_is_free_at_5
    self.assertFalse(result)
AssertionError: True is not false

======================================================================
FAIL: test_main (__main__.ClassroomTestMain)
----------------------------------------------------------------------
Traceback (most recent call last):
  File "/home/yang/Benchmark/.tmp_test/tmp_test.py", line 241, in test_main
    self.assertFalse(result)
AssertionError: True is not false

----------------------------------------------------------------------
Ran 24 tests in 0.002s

FAILED (failures=3)

Result: ['failure']
Drop transform_range_to_recursion due to ['failure']
Checking transformation add_decorator
*Running tests for: ClassEval_21
........................
----------------------------------------------------------------------
Ran 24 tests in 0.002s

OK

Result: ['tests_pass']
Checking transformation add_datetime
*Running tests for: ClassEval_21
............EEEEEE......
======================================================================
ERROR: test_is_free_at_1 (__main__.ClassroomTestIsFreeAt)
----------------------------------------------------------------------
Traceback (most recent call last):
  File "/home/yang/Benchmark/.tmp_test/tmp_test.py", line 146, in test_is_free_at_1
    result = classroom.is_free_at(check_time)
  File "/home/yang/Benchmark/.tmp_test/tmp_test.py", line 30, in is_free_at
    datetime.datetime.now()
AttributeError: type object 'datetime.datetime' has no attribute 'datetime'

======================================================================
ERROR: test_is_free_at_2 (__main__.ClassroomTestIsFreeAt)
----------------------------------------------------------------------
Traceback (most recent call last):
  File "/home/yang/Benchmark/.tmp_test/tmp_test.py", line 154, in test_is_free_at_2
    result = classroom.is_free_at(check_time)
  File "/home/yang/Benchmark/.tmp_test/tmp_test.py", line 30, in is_free_at
    datetime.datetime.now()
AttributeError: type object 'datetime.datetime' has no attribute 'datetime'

======================================================================
ERROR: test_is_free_at_3 (__main__.ClassroomTestIsFreeAt)
----------------------------------------------------------------------
Traceback (most recent call last):
  File "/home/yang/Benchmark/.tmp_test/tmp_test.py", line 162, in test_is_free_at_3
    result = classroom.is_free_at(check_time)
  File "/home/yang/Benchmark/.tmp_test/tmp_test.py", line 30, in is_free_at
    datetime.datetime.now()
AttributeError: type object 'datetime.datetime' has no attribute 'datetime'

======================================================================
ERROR: test_is_free_at_4 (__main__.ClassroomTestIsFreeAt)
----------------------------------------------------------------------
Traceback (most recent call last):
  File "/home/yang/Benchmark/.tmp_test/tmp_test.py", line 170, in test_is_free_at_4
    result = classroom.is_free_at(check_time)
  File "/home/yang/Benchmark/.tmp_test/tmp_test.py", line 30, in is_free_at
    datetime.datetime.now()
AttributeError: type object 'datetime.datetime' has no attribute 'datetime'

======================================================================
ERROR: test_is_free_at_5 (__main__.ClassroomTestIsFreeAt)
----------------------------------------------------------------------
Traceback (most recent call last):
  File "/home/yang/Benchmark/.tmp_test/tmp_test.py", line 178, in test_is_free_at_5
    result = classroom.is_free_at(check_time)
  File "/home/yang/Benchmark/.tmp_test/tmp_test.py", line 30, in is_free_at
    datetime.datetime.now()
AttributeError: type object 'datetime.datetime' has no attribute 'datetime'

======================================================================
ERROR: test_main (__main__.ClassroomTestMain)
----------------------------------------------------------------------
Traceback (most recent call last):
  File "/home/yang/Benchmark/.tmp_test/tmp_test.py", line 247, in test_main
    result = classroom.is_free_at(check_time)
  File "/home/yang/Benchmark/.tmp_test/tmp_test.py", line 30, in is_free_at
    datetime.datetime.now()
AttributeError: type object 'datetime.datetime' has no attribute 'datetime'

----------------------------------------------------------------------
Ran 24 tests in 0.002s

FAILED (errors=6)

Result: ['failure']
Drop add_datetime due to ['failure']
Checking transformation add_time
*Running tests for: ClassEval_21
........................
----------------------------------------------------------------------
Ran 24 tests in 1.765s

OK

Result: ['tests_pass']
Checking transformation add_http
*Running tests for: ClassEval_21
........................
----------------------------------------------------------------------
Ran 24 tests in 1.765s

OK

Result: ['tests_pass']
Checking transformation add_scipy
*Running tests for: ClassEval_21
........................
----------------------------------------------------------------------
Ran 24 tests in 1.764s

OK

Result: ['tests_pass']
Checking transformation add_base64
*Running tests for: ClassEval_21
........................
----------------------------------------------------------------------
Ran 24 tests in 1.764s

OK

Result: ['tests_pass']
Checking transformation add_dateutil
*Running tests for: ClassEval_21
........................
----------------------------------------------------------------------
Ran 24 tests in 1.766s

OK

Result: ['tests_pass']
The file 'reasoning_transformation_classeval/ClassEval/3ad1e93cfed65451f71dd1d0768a262e7e4afa36/Transformation/ClassEval_21.py' has been formatted successfully.
Checking reasoning_transformation_classeval/ClassEval/3ad1e93cfed65451f71dd1d0768a262e7e4afa36/Transformation/ClassEval_21.py
*Running tests for: ClassEval_21
........................
----------------------------------------------------------------------
Ran 24 tests in 1.772s

OK

Result: ['tests_pass']
{ 'applicable_rules': [ 'change_var_names',
                        'add_nested_for_out',
                        'add_nested_if',
                        'add_else_to_for',
                        'add_nested_list',
                        'add_decorator',
                        'add_time',
                        'add_crypto',
                        'add_sklearn',
                        'add_http',
                        'add_scipy',
                        'add_base64',
                        'add_dateutil'],
  'diff_output': 'reasoning_transformation_classeval/ClassEval/3ad1e93cfed65451f71dd1d0768a262e7e4afa36/Transformation/ClassEval_21.patch',
  'evaluation_tests_dir': '/home/yang/Benchmark/dataset/classeval/',
  'exception': None,
  'file_id': 'ClassEval_21',
  'genetic_algorithm': None,
  'original_code': 'from datetime import datetime\n'
                   '\n'
                   'class Classroom:\n'
                   '\n'
                   '    def __init__(self, id):\n'
                   '        self.id = id\n'
                   '        self.courses = []\n'
                   '\n'
                   '    def add_course(self, course):\n'
                   '        if course not in self.courses:\n'
                   '            self.courses.append(course)\n'
                   '\n'
                   '    def remove_course(self, course):\n'
                   '        if course in self.courses:\n'
                   '            self.courses.remove(course)\n'
                   '\n'
                   '    def is_free_at(self, check_time):\n'
                   '        check_time = datetime.strptime(check_time, '
                   "'%H:%M')\n"
                   '        for course in self.courses:\n'
                   "            if datetime.strptime(course['start_time'], "
                   "'%H:%M') <= check_time <= "
                   "datetime.strptime(course['end_time'], '%H:%M'):\n"
                   '                return False\n'
                   '        return True\n'
                   '\n'
                   '    def check_course_conflict(self, new_course):\n'
                   '        new_start_time = '
                   "datetime.strptime(new_course['start_time'], '%H:%M')\n"
                   '        new_end_time = '
                   "datetime.strptime(new_course['end_time'], '%H:%M')\n"
                   '        flag = True\n'
                   '        for course in self.courses:\n'
                   '            start_time = '
                   "datetime.strptime(course['start_time'], '%H:%M')\n"
                   '            end_time = '
                   "datetime.strptime(course['end_time'], '%H:%M')\n"
                   '            if start_time <= new_start_time and end_time '
                   '>= new_start_time:\n'
                   '                flag = False\n'
                   '            if start_time <= new_end_time and end_time >= '
                   'new_end_time:\n'
                   '                flag = False\n'
                   '        return flag',
  'patch_path': 'reasoning_transformation_classeval/ClassEval/3ad1e93cfed65451f71dd1d0768a262e7e4afa36/Transformation/ClassEval_21.patch',
  'single_rule': None,
  'source_file': '/home/yang/Benchmark/dataset/classeval/code//ClassEval_21.py',
  'target_file': 'reasoning_transformation_classeval/ClassEval/3ad1e93cfed65451f71dd1d0768a262e7e4afa36/Transformation/ClassEval_21.py',
  'test_results_after': ['tests_pass'],
  'test_results_before': ['tests_pass'],
  'total_time': 15.026283,
  'transformed_code': 'from dateutil.parser import parse\n'
                      'import base64\n'
                      'from scipy.stats import ttest_ind\n'
                      'from http.client import HTTPConnection\n'
                      'from sklearn.utils import shuffle\n'
                      'from cryptography.fernet import Fernet\n'
                      'import time\n'
                      '\n'
                      'def my_decorator(func):\n'
                      '    shuffle([9, 22, 54])\n'
                      '\n'
                      '    def dec_result(*args, **kwargs):\n'
                      '        res = func(*args, **kwargs)\n'
                      '        return res\n'
                      '    ttest_ind([27, 75, 59], [63, 100, 97])\n'
                      '    return dec_result\n'
                      'from datetime import datetime\n'
                      '\n'
                      'class Classroom:\n'
                      '\n'
                      '    @my_decorator\n'
                      '    def __init__(self, id):\n'
                      '        self.id = id\n'
                      "        HTTPConnection('google.com', port=80)\n"
                      "        parse('2024-10-15 01:55:14')\n"
                      '        self.courses = [[]][0]\n'
                      '\n'
                      '    def add_course(self, course):\n'
                      '        ConditionChecker110 = 687\n'
                      '        ConditionChecker210 = 790\n'
                      '        Fernet.generate_key()\n'
                      "        base64.b64encode(b'54120527356171094222')\n"
                      '        time.sleep(0.07)\n'
                      '        if ConditionChecker110 & ConditionChecker210:\n'
                      '            if course not in self.courses:\n'
                      '                self.courses.append(course)\n'
                      '\n'
                      '    def remove_course(self, course):\n'
                      '        if course in self.courses:\n'
                      '            self.courses.remove(course)\n'
                      '\n'
                      '    def is_free_at(self, check_time):\n'
                      '        check_time = datetime.strptime(check_time, '
                      "'%H:%M')\n"
                      '        LoopChecker119 = 555\n'
                      '        LoopChecker219 = 554\n'
                      '        for LoopIndexOut in range(LoopChecker119 // '
                      'LoopChecker219):\n'
                      '            for course in self.courses:\n'
                      '                if '
                      "datetime.strptime(course['start_time'], '%H:%M') <= "
                      "check_time <= datetime.strptime(course['end_time'], "
                      "'%H:%M'):\n"
                      '                    return False\n'
                      '        else:\n'
                      '            pass\n'
                      '        return True\n'
                      '\n'
                      '    def check_course_conflict(self, new_course):\n'
                      '        new_start_time = '
                      "datetime.strptime(new_course['start_time'], '%H:%M')\n"
                      '        new_end_time = '
                      "datetime.strptime(new_course['end_time'], '%H:%M')\n"
                      '        flag = True\n'
                      '        for course in self.courses:\n'
                      '            newstart_time_1 = '
                      "datetime.strptime(course['start_time'], '%H:%M')\n"
                      '            end_time = '
                      "datetime.strptime(course['end_time'], '%H:%M')\n"
                      '            if newstart_time_1 <= new_start_time and '
                      'end_time >= new_start_time:\n'
                      '                flag = False\n'
                      '            if newstart_time_1 <= new_end_time and '
                      'end_time >= new_end_time:\n'
                      '                flag = False\n'
                      '        return flag'}
[END] processing file: ClassEval_21. Total Time: 15.026283
END AT 2024-10-15 01:55:19.504603
