STARTING AT 2024-10-13 01:49:41.345630
[START] processing file: ClassEval_15
*Running tests for: ClassEval_15
................
----------------------------------------------------------------------
Ran 16 tests in 0.000s

OK

Result: ['tests_pass']
tests_pass ClassEval_15 /home/yang/Benchmark/dataset/classeval/code//ClassEval_15.py
Apply all rules on a single file.
Checking transformation add_nested_for_out
*Running tests for: ClassEval_15
................
----------------------------------------------------------------------
Ran 16 tests in 0.000s

OK

Result: ['tests_pass']
Checking transformation add_nested_if
*Running tests for: ClassEval_15
................
----------------------------------------------------------------------
Ran 16 tests in 0.000s

OK

Result: ['tests_pass']
Checking transformation create_functions
*Running tests for: ClassEval_15
................
----------------------------------------------------------------------
Ran 16 tests in 0.000s

OK

Result: ['tests_pass']
Checking transformation add_nested_list
*Running tests for: ClassEval_15
................
----------------------------------------------------------------------
Ran 16 tests in 0.000s

OK

Result: ['tests_pass']
Checking transformation transform_range_to_recursion
*Running tests for: ClassEval_15
.....FFFF.......
======================================================================
FAIL: test_main (__main__.BoyerMooreSearchTestMain)
----------------------------------------------------------------------
Traceback (most recent call last):
  File "/home/yang/Benchmark/tmp_test.py", line 118, in test_main
    self.assertEqual(boyerMooreSearch.match_in_pattern("A"), 0)
AssertionError: -1 != 0

======================================================================
FAIL: test_match_in_pattern (__main__.BoyerMooreSearchTestMatchInPattern)
----------------------------------------------------------------------
Traceback (most recent call last):
  File "/home/yang/Benchmark/tmp_test.py", line 53, in test_match_in_pattern
    self.assertEqual(boyerMooreSearch.match_in_pattern("A"), 0)
AssertionError: -1 != 0

======================================================================
FAIL: test_match_in_pattern_2 (__main__.BoyerMooreSearchTestMatchInPattern)
----------------------------------------------------------------------
Traceback (most recent call last):
  File "/home/yang/Benchmark/tmp_test.py", line 57, in test_match_in_pattern_2
    self.assertEqual(boyerMooreSearch.match_in_pattern("B"), 3)
AssertionError: -1 != 3

======================================================================
FAIL: test_match_in_pattern_3 (__main__.BoyerMooreSearchTestMatchInPattern)
----------------------------------------------------------------------
Traceback (most recent call last):
  File "/home/yang/Benchmark/tmp_test.py", line 61, in test_match_in_pattern_3
    self.assertEqual(boyerMooreSearch.match_in_pattern("C"), 5)
AssertionError: -1 != 5

----------------------------------------------------------------------
Ran 16 tests in 0.001s

FAILED (failures=4)

Result: ['failure']
Drop transform_range_to_recursion due to ['failure']
Checking transformation add_thread
*Running tests for: ClassEval_15
................
----------------------------------------------------------------------
Ran 16 tests in 0.002s

OK

Result: ['tests_pass']
Checking transformation add_decorator
*Running tests for: ClassEval_15
................
----------------------------------------------------------------------
Ran 16 tests in 0.002s

OK

Result: ['tests_pass']
Checking transformation add_datetime
*Running tests for: ClassEval_15
................
----------------------------------------------------------------------
Ran 16 tests in 0.002s

OK

Result: ['tests_pass']
Checking transformation add_time
*Running tests for: ClassEval_15
................
----------------------------------------------------------------------
Ran 16 tests in 0.003s

OK

Result: ['tests_pass']
Checking transformation add_http
*Running tests for: ClassEval_15
................
----------------------------------------------------------------------
Ran 16 tests in 0.008s

OK

Result: ['tests_pass']
Checking transformation add_scipy
*Running tests for: ClassEval_15
................
----------------------------------------------------------------------
Ran 16 tests in 0.026s

OK

Result: ['tests_pass']
Checking transformation add_base64
*Running tests for: ClassEval_15
................
----------------------------------------------------------------------
Ran 16 tests in 0.033s

OK

Result: ['tests_pass']
Checking transformation add_dateutil
*Running tests for: ClassEval_15
................
----------------------------------------------------------------------
Ran 16 tests in 0.029s

OK

Result: ['tests_pass']
The file 'reasoning_transformation/ClassEval/16f2cf44d2a3ae4989e322b7529f0a8dce9b4d54/Transformation/ClassEval_15.py' has been formatted successfully.
Checking reasoning_transformation/ClassEval/16f2cf44d2a3ae4989e322b7529f0a8dce9b4d54/Transformation/ClassEval_15.py
*Running tests for: ClassEval_15
................
----------------------------------------------------------------------
Ran 16 tests in 0.039s

OK

Result: ['tests_pass']
{ 'applicable_rules': [ 'change_var_names',
                        'add_nested_for_out',
                        'add_nested_if',
                        'create_functions',
                        'add_try_except_inside_functions',
                        'add_else_to_for',
                        'add_nested_list',
                        'add_thread',
                        'add_decorator',
                        'add_datetime',
                        'add_time',
                        'add_crypto',
                        'add_sklearn',
                        'add_http',
                        'add_scipy',
                        'add_base64',
                        'add_dateutil'],
  'diff_output': 'reasoning_transformation/ClassEval/16f2cf44d2a3ae4989e322b7529f0a8dce9b4d54/Transformation/ClassEval_15.patch',
  'evaluation_tests_dir': '/home/yang/Benchmark/dataset/classeval/',
  'exception': None,
  'file_id': 'ClassEval_15',
  'genetic_algorithm': None,
  'original_code': 'class BoyerMooreSearch:\n'
                   '\n'
                   '    def __init__(self, text, pattern):\n'
                   '        (self.text, self.pattern) = (text, pattern)\n'
                   '        (self.textLen, self.patLen) = (len(text), '
                   'len(pattern))\n'
                   '\n'
                   '    def match_in_pattern(self, char):\n'
                   '        for i in range(self.patLen - 1, -1, -1):\n'
                   '            if char == self.pattern[i]:\n'
                   '                return i\n'
                   '        return -1\n'
                   '\n'
                   '    def mismatch_in_text(self, currentPos):\n'
                   '        for i in range(self.patLen - 1, -1, -1):\n'
                   '            if self.pattern[i] != self.text[currentPos + '
                   'i]:\n'
                   '                return currentPos + i\n'
                   '        return -1\n'
                   '\n'
                   '    def bad_character_heuristic(self):\n'
                   '        positions = []\n'
                   '        for i in range(self.textLen - self.patLen + 1):\n'
                   '            mismatch_index = self.mismatch_in_text(i)\n'
                   '            if mismatch_index == -1:\n'
                   '                positions.append(i)\n'
                   '            else:\n'
                   '                match_index = '
                   'self.match_in_pattern(self.text[mismatch_index])\n'
                   '                i = mismatch_index - match_index\n'
                   '        return positions',
  'patch_path': 'reasoning_transformation/ClassEval/16f2cf44d2a3ae4989e322b7529f0a8dce9b4d54/Transformation/ClassEval_15.patch',
  'single_rule': None,
  'source_file': '/home/yang/Benchmark/dataset/classeval/code//ClassEval_15.py',
  'target_file': 'reasoning_transformation/ClassEval/16f2cf44d2a3ae4989e322b7529f0a8dce9b4d54/Transformation/ClassEval_15.py',
  'test_results_after': ['tests_pass'],
  'test_results_before': ['tests_pass'],
  'total_time': 5.605205,
  'transformed_code': 'from dateutil.parser import parse\n'
                      'import base64\n'
                      'from scipy.stats import ttest_ind\n'
                      'from http.client import HTTPConnection\n'
                      'from sklearn.utils import shuffle\n'
                      'from cryptography.fernet import Fernet\n'
                      'import time\n'
                      'import datetime\n'
                      '\n'
                      'def my_decorator(func):\n'
                      '    time.sleep(0.25)\n'
                      '\n'
                      '    def dec_result(*args, **kwargs):\n'
                      '        res = func(*args, **kwargs)\n'
                      '        return res\n'
                      "    base64.b64encode(b'77102412689085524752')\n"
                      '    Fernet.generate_key()\n'
                      '    return dec_result\n'
                      'import threading\n'
                      'import queue\n'
                      '\n'
                      '@my_decorator\n'
                      'def newFunc0_33(match_index, mismatch_index):\n'
                      '    datetime.datetime.now()\n'
                      "    HTTPConnection('google.com', port=80)\n"
                      '    ttest_ind([60, 13, 59], [54, 73, 90])\n'
                      '    shuffle([13, 92, 10])\n'
                      "    parse('2024-10-13 01:49:45')\n"
                      '    try:\n'
                      '        return mismatch_index - match_index\n'
                      '    except:\n'
                      '        pass\n'
                      '\n'
                      'class BoyerMooreSearch:\n'
                      '\n'
                      '    def __init__(self, text, pattern):\n'
                      '        (self.text, self.pattern) = (text, pattern)\n'
                      '        (self.textLen, self.patLen) = (len(text), '
                      'len(pattern))\n'
                      '\n'
                      '    def match_in_pattern(self, char):\n'
                      '        LoopChecker18 = [930][0]\n'
                      '        LoopChecker28 = 929\n'
                      '        for LoopIndexOut in range(LoopChecker18 // '
                      'LoopChecker28):\n'
                      '            for newi_1 in range(self.patLen - 1, -1, '
                      '-1):\n'
                      '                if char == self.pattern[newi_1]:\n'
                      '                    return newi_1\n'
                      '        else:\n'
                      '            pass\n'
                      '        return -1\n'
                      '\n'
                      '    def mismatch_in_text(self, currentPos):\n'
                      '        ConditionChecker118 = 523\n'
                      '        ConditionChecker218 = 466\n'
                      '        for newi_1 in range(self.patLen - 1, -1, -1):\n'
                      '            if ConditionChecker118 & '
                      'ConditionChecker218:\n'
                      '                if self.pattern[newi_1] != '
                      'self.text[currentPos + newi_1]:\n'
                      '                    return currentPos + newi_1\n'
                      '        return -1\n'
                      '\n'
                      '    def bad_character_heuristic(self):\n'
                      '        positions = []\n'
                      '        for newi_1 in range(self.textLen - self.patLen '
                      '+ 1):\n'
                      '            mismatch_index = '
                      'self.mismatch_in_text(newi_1)\n'
                      '            if mismatch_index == -1:\n'
                      '                positions.append(newi_1)\n'
                      '            else:\n'
                      '                match_index = '
                      'self.match_in_pattern(self.text[mismatch_index])\n'
                      '                queue_newFunc0_330 = queue.Queue()\n'
                      '\n'
                      '                def newFunc0_33_thread(queue):\n'
                      '                    result = newFunc0_33(match_index, '
                      'mismatch_index)\n'
                      '                    queue.put(result)\n'
                      '                thread_newFunc0_330 = '
                      'threading.Thread(target=newFunc0_33_thread, '
                      'args=(queue_newFunc0_330,))\n'
                      '                thread_newFunc0_330.start()\n'
                      '                thread_newFunc0_330.join()\n'
                      '                result_newFunc0_330 = '
                      'queue_newFunc0_330.get()\n'
                      '                newi_1 = result_newFunc0_330\n'
                      '        return positions'}
[END] processing file: ClassEval_15. Total Time: 5.605205
END AT 2024-10-13 01:49:46.952780
