STARTING AT 2024-10-15 02:35:55.425707
[START] processing file: ClassEval_96
*Running tests for: ClassEval_96
......................
----------------------------------------------------------------------
Ran 22 tests in 0.001s

OK

Result: ['tests_pass']
tests_pass ClassEval_96 /home/yang/Benchmark/dataset/classeval/code//ClassEval_96.py
Apply all rules on a single file.
Checking transformation add_nested_if
*Running tests for: ClassEval_96
......................
----------------------------------------------------------------------
Ran 22 tests in 0.001s

OK

Result: ['tests_pass']
Checking transformation add_nested_list
*Running tests for: ClassEval_96
......................
----------------------------------------------------------------------
Ran 22 tests in 0.001s

OK

Result: ['tests_pass']
Checking transformation add_decorator
*Running tests for: ClassEval_96
......................
----------------------------------------------------------------------
Ran 22 tests in 0.001s

OK

Result: ['tests_pass']
Checking transformation add_datetime
*Running tests for: ClassEval_96
......................
----------------------------------------------------------------------
Ran 22 tests in 0.001s

OK

Result: ['tests_pass']
Checking transformation add_time
*Running tests for: ClassEval_96
......................
----------------------------------------------------------------------
Ran 22 tests in 1.285s

OK

Result: ['tests_pass']
def newFunc_30389(arg0, arg1):
    return arg0 + arg1
def newFunc_86785(arg1, arg2):
    return arg1 / arg2
Checking transformation create_functions
*Running tests for: ClassEval_96
......................
----------------------------------------------------------------------
Ran 22 tests in 1.286s

OK

Result: ['tests_pass']
Checking transformation add_http
*Running tests for: ClassEval_96
......................
----------------------------------------------------------------------
Ran 22 tests in 1.285s

OK

Result: ['tests_pass']
Checking transformation add_scipy
*Running tests for: ClassEval_96
......................
----------------------------------------------------------------------
Ran 22 tests in 1.317s

OK

Result: ['tests_pass']
Checking transformation add_base64
*Running tests for: ClassEval_96
......................
----------------------------------------------------------------------
Ran 22 tests in 1.322s

OK

Result: ['tests_pass']
Checking transformation add_dateutil
*Running tests for: ClassEval_96
......................
----------------------------------------------------------------------
Ran 22 tests in 1.321s

OK

Result: ['tests_pass']
The file 'reasoning_transformation_classeval/ClassEval/3ad1e93cfed65451f71dd1d0768a262e7e4afa36/Transformation/ClassEval_96.py' has been formatted successfully.
Checking reasoning_transformation_classeval/ClassEval/3ad1e93cfed65451f71dd1d0768a262e7e4afa36/Transformation/ClassEval_96.py
*Running tests for: ClassEval_96
......................
----------------------------------------------------------------------
Ran 22 tests in 1.318s

OK

Result: ['tests_pass']
{ 'applicable_rules': [ 'add_nested_if',
                        'add_nested_list',
                        'add_decorator',
                        'add_datetime',
                        'add_time',
                        'add_crypto',
                        'add_sklearn',
                        'create_functions',
                        'add_http',
                        'add_scipy',
                        'add_base64',
                        'add_dateutil'],
  'diff_output': 'reasoning_transformation_classeval/ClassEval/3ad1e93cfed65451f71dd1d0768a262e7e4afa36/Transformation/ClassEval_96.patch',
  'evaluation_tests_dir': '/home/yang/Benchmark/dataset/classeval/',
  'exception': None,
  'file_id': 'ClassEval_96',
  'genetic_algorithm': None,
  'original_code': 'class WeatherSystem:\n'
                   '\n'
                   '    def __init__(self, city) -> None:\n'
                   '        self.temperature = None\n'
                   '        self.weather = None\n'
                   '        self.city = city\n'
                   '        self.weather_list = {}\n'
                   '\n'
                   "    def query(self, weather_list, tmp_units='celsius'):\n"
                   '        self.weather_list = weather_list\n'
                   '        if self.city not in weather_list:\n'
                   '            return False\n'
                   '        else:\n'
                   '            self.temperature = '
                   "self.weather_list[self.city]['temperature']\n"
                   '            self.weather = '
                   "self.weather_list[self.city]['weather']\n"
                   "        if self.weather_list[self.city]['temperature "
                   "units'] != tmp_units:\n"
                   "            if tmp_units == 'celsius':\n"
                   '                return (self.fahrenheit_to_celsius(), '
                   'self.weather)\n'
                   "            elif tmp_units == 'fahrenheit':\n"
                   '                return (self.celsius_to_fahrenheit(), '
                   'self.weather)\n'
                   '        else:\n'
                   '            return (self.temperature, self.weather)\n'
                   '\n'
                   '    def set_city(self, city):\n'
                   '        self.city = city\n'
                   '\n'
                   '    def celsius_to_fahrenheit(self):\n'
                   '        return self.temperature * 9 / 5 + 32\n'
                   '\n'
                   '    def fahrenheit_to_celsius(self):\n'
                   '        return (self.temperature - 32) * 5 / 9',
  'patch_path': 'reasoning_transformation_classeval/ClassEval/3ad1e93cfed65451f71dd1d0768a262e7e4afa36/Transformation/ClassEval_96.patch',
  'single_rule': None,
  'source_file': '/home/yang/Benchmark/dataset/classeval/code//ClassEval_96.py',
  'target_file': 'reasoning_transformation_classeval/ClassEval/3ad1e93cfed65451f71dd1d0768a262e7e4afa36/Transformation/ClassEval_96.py',
  'test_results_after': ['tests_pass'],
  'test_results_before': ['tests_pass'],
  'total_time': 13.930849,
  'transformed_code': 'from dateutil.parser import parse\n'
                      'import base64\n'
                      'from scipy.stats import ttest_ind\n'
                      'from http.client import HTTPConnection\n'
                      '\n'
                      'def newFunc_30389(arg0, arg1):\n'
                      '    return arg0 + arg1\n'
                      '\n'
                      'def newFunc_86785(arg1, arg2):\n'
                      "    base64.b64encode(b'36897437668602016959')\n"
                      "    HTTPConnection('google.com', port=80)\n"
                      '    return arg1 / arg2\n'
                      'from sklearn.utils import shuffle\n'
                      'from cryptography.fernet import Fernet\n'
                      'import time\n'
                      'import datetime\n'
                      '\n'
                      'def my_decorator(func):\n'
                      '    shuffle([47, 41, 2])\n'
                      "    parse('2024-10-15 02:36:05')\n"
                      '\n'
                      '    def dec_result(*args, **kwargs):\n'
                      '        res = func(*args, **kwargs)\n'
                      '        return res\n'
                      '    return dec_result\n'
                      '\n'
                      'class WeatherSystem:\n'
                      '\n'
                      '    @my_decorator\n'
                      '    def __init__(self, city) -> None:\n'
                      '        self.temperature = [None][0]\n'
                      '        self.weather = None\n'
                      '        datetime.datetime.now()\n'
                      '        self.city = city\n'
                      '        Fernet.generate_key()\n'
                      '        ttest_ind([78, 67, 6], [31, 24, 86])\n'
                      '        self.weather_list = {}\n'
                      '\n'
                      '    def query(self, weather_list, '
                      "tmp_units='celsius'):\n"
                      '        ConditionChecker111 = 384\n'
                      '        ConditionChecker211 = 713\n'
                      '        self.weather_list = weather_list\n'
                      '        if ConditionChecker111 & ConditionChecker211:\n'
                      '            if self.city not in weather_list:\n'
                      '                return False\n'
                      '            else:\n'
                      '                self.temperature = '
                      "self.weather_list[self.city]['temperature']\n"
                      '                self.weather = '
                      "self.weather_list[self.city]['weather']\n"
                      "        if self.weather_list[self.city]['temperature "
                      "units'] != tmp_units:\n"
                      "            if tmp_units == 'celsius':\n"
                      '                return (self.fahrenheit_to_celsius(), '
                      'self.weather)\n'
                      "            elif tmp_units == 'fahrenheit':\n"
                      '                return (self.celsius_to_fahrenheit(), '
                      'self.weather)\n'
                      '        else:\n'
                      '            return (self.temperature, self.weather)\n'
                      '\n'
                      '    def set_city(self, city):\n'
                      '        self.city = city\n'
                      '\n'
                      '    def celsius_to_fahrenheit(self):\n'
                      '        time.sleep(0.16)\n'
                      '        return newFunc_30389(self.temperature * 9 / 5, '
                      '32)\n'
                      '\n'
                      '    def fahrenheit_to_celsius(self):\n'
                      '        return newFunc_86785((self.temperature - 32) * '
                      '5, 9)'}
[END] processing file: ClassEval_96. Total Time: 13.930849
END AT 2024-10-15 02:36:09.358636
