STARTING AT 2024-10-13 02:06:35.293575
[START] processing file: ClassEval_80
*Running tests for: ClassEval_80
.........................
----------------------------------------------------------------------
Ran 25 tests in 0.001s

OK

Result: ['tests_pass']
tests_pass ClassEval_80 /home/yang/Benchmark/dataset/classeval/code//ClassEval_80.py
Apply all rules on a single file.
Checking transformation add_nested_if
*Running tests for: ClassEval_80
.........................
----------------------------------------------------------------------
Ran 25 tests in 0.001s

OK

Result: ['tests_pass']
Checking transformation create_functions
*Running tests for: ClassEval_80
.........................
----------------------------------------------------------------------
Ran 25 tests in 0.001s

OK

Result: ['tests_pass']
Checking transformation add_nested_list
*Running tests for: ClassEval_80
.........................
----------------------------------------------------------------------
Ran 25 tests in 0.001s

OK

Result: ['tests_pass']
Checking transformation add_decorator
*Running tests for: ClassEval_80
.........................
----------------------------------------------------------------------
Ran 25 tests in 0.001s

OK

Result: ['tests_pass']
Checking transformation add_datetime
*Running tests for: ClassEval_80
.........................
----------------------------------------------------------------------
Ran 25 tests in 0.001s

OK

Result: ['tests_pass']
Checking transformation add_time
*Running tests for: ClassEval_80
.........................
----------------------------------------------------------------------
Ran 25 tests in 0.001s

OK

Result: ['tests_pass']
Checking transformation add_http
*Running tests for: ClassEval_80
.........................
----------------------------------------------------------------------
Ran 25 tests in 0.002s

OK

Result: ['tests_pass']
Checking transformation add_scipy
*Running tests for: ClassEval_80
.........................
----------------------------------------------------------------------
Ran 25 tests in 0.001s

OK

Result: ['tests_pass']
Checking transformation add_base64
*Running tests for: ClassEval_80
.........................
----------------------------------------------------------------------
Ran 25 tests in 0.002s

OK

Result: ['tests_pass']
Checking transformation add_dateutil
*Running tests for: ClassEval_80
.........................
----------------------------------------------------------------------
Ran 25 tests in 0.002s

OK

Result: ['tests_pass']
The file 'reasoning_transformation/ClassEval/16f2cf44d2a3ae4989e322b7529f0a8dce9b4d54/Transformation/ClassEval_80.py' has been formatted successfully.
Checking reasoning_transformation/ClassEval/16f2cf44d2a3ae4989e322b7529f0a8dce9b4d54/Transformation/ClassEval_80.py
*Running tests for: ClassEval_80
.........................
----------------------------------------------------------------------
Ran 25 tests in 0.002s

OK

Result: ['tests_pass']
{ 'applicable_rules': [ 'change_var_names',
                        'add_nested_if',
                        'create_functions',
                        'add_nested_list',
                        'add_decorator',
                        'add_datetime',
                        'add_time',
                        'add_crypto',
                        'add_sklearn',
                        'add_http',
                        'add_scipy',
                        'add_base64',
                        'add_dateutil'],
  'diff_output': 'reasoning_transformation/ClassEval/16f2cf44d2a3ae4989e322b7529f0a8dce9b4d54/Transformation/ClassEval_80.patch',
  'evaluation_tests_dir': '/home/yang/Benchmark/dataset/classeval/',
  'exception': None,
  'file_id': 'ClassEval_80',
  'genetic_algorithm': None,
  'original_code': 'class SQLQueryBuilder:\n'
                   '\n'
                   '    @staticmethod\n'
                   "    def select(table, columns='*', where=None):\n"
                   "        if columns != '*':\n"
                   "            columns = ', '.join(columns)\n"
                   "        query = f'SELECT {columns} FROM {table}'\n"
                   '        if where:\n'
                   "            query += ' WHERE ' + ' AND "
                   '\'.join((f"{k}=\'{v}\'" for (k, v) in where.items()))\n'
                   '        return query\n'
                   '\n'
                   '    @staticmethod\n'
                   '    def insert(table, data):\n'
                   "        keys = ', '.join(data.keys())\n"
                   '        values = \', \'.join((f"\'{v}\'" for v in '
                   'data.values()))\n'
                   "        return f'INSERT INTO {table} ({keys}) VALUES "
                   "({values})'\n"
                   '\n'
                   '    @staticmethod\n'
                   '    def delete(table, where=None):\n'
                   "        query = f'DELETE FROM {table}'\n"
                   '        if where:\n'
                   "            query += ' WHERE ' + ' AND "
                   '\'.join((f"{k}=\'{v}\'" for (k, v) in where.items()))\n'
                   '        return query\n'
                   '\n'
                   '    @staticmethod\n'
                   '    def update(table, data, where=None):\n'
                   '        update_str = \', \'.join((f"{k}=\'{v}\'" for (k, '
                   'v) in data.items()))\n'
                   "        query = f'UPDATE {table} SET {update_str}'\n"
                   '        if where:\n'
                   "            query += ' WHERE ' + ' AND "
                   '\'.join((f"{k}=\'{v}\'" for (k, v) in where.items()))\n'
                   '        return query',
  'patch_path': 'reasoning_transformation/ClassEval/16f2cf44d2a3ae4989e322b7529f0a8dce9b4d54/Transformation/ClassEval_80.patch',
  'single_rule': None,
  'source_file': '/home/yang/Benchmark/dataset/classeval/code//ClassEval_80.py',
  'target_file': 'reasoning_transformation/ClassEval/16f2cf44d2a3ae4989e322b7529f0a8dce9b4d54/Transformation/ClassEval_80.py',
  'test_results_after': ['tests_pass'],
  'test_results_before': ['tests_pass'],
  'total_time': 5.030083,
  'transformed_code': 'from dateutil.parser import parse\n'
                      'import base64\n'
                      'from scipy.stats import ttest_ind\n'
                      'from http.client import HTTPConnection\n'
                      'from sklearn.utils import shuffle\n'
                      'from cryptography.fernet import Fernet\n'
                      'import time\n'
                      'import datetime\n'
                      '\n'
                      'def my_decorator(func):\n'
                      '    shuffle([26, 89, 97])\n'
                      '    Fernet.generate_key()\n'
                      '\n'
                      '    def dec_result(*args, **kwargs):\n'
                      '        res = func(*args, **kwargs)\n'
                      '        return res\n'
                      '    time.sleep(0.1)\n'
                      '    datetime.datetime.now()\n'
                      "    base64.b64encode(b'62390517038296709822')\n"
                      "    HTTPConnection('google.com', port=80)\n"
                      "    parse('2024-10-13 02:06:38')\n"
                      '    ttest_ind([34, 30, 25], [90, 80, 30])\n'
                      '    return dec_result\n'
                      '\n'
                      'class SQLQueryBuilder:\n'
                      '\n'
                      '    @my_decorator\n'
                      '    @staticmethod\n'
                      "    def select(table, columns='*', where=None):\n"
                      '        ConditionChecker15 = [678][0]\n'
                      '        ConditionChecker25 = 268\n'
                      '        if ConditionChecker15 & ConditionChecker25:\n'
                      "            if columns != '*':\n"
                      "                columns = ', '.join(columns)\n"
                      "        query = f'SELECT {columns} FROM {table}'\n"
                      '        if where:\n'
                      "            query += ' WHERE ' + ' AND "
                      '\'.join((f"{k}=\'{newv_1}\'" for (k, newv_1) in '
                      'where.items()))\n'
                      '        return query\n'
                      '\n'
                      '    @staticmethod\n'
                      '    def insert(table, data):\n'
                      "        keys = ', '.join(data.keys())\n"
                      '        values = \', \'.join((f"\'{newv_1}\'" for '
                      'newv_1 in data.values()))\n'
                      "        return f'INSERT INTO {table} ({keys}) VALUES "
                      "({values})'\n"
                      '\n'
                      '    @staticmethod\n'
                      '    def delete(table, where=None):\n'
                      "        query = f'DELETE FROM {table}'\n"
                      '        if where:\n'
                      "            query += ' WHERE ' + ' AND "
                      '\'.join((f"{k}=\'{newv_1}\'" for (k, newv_1) in '
                      'where.items()))\n'
                      '        return query\n'
                      '\n'
                      '    @staticmethod\n'
                      '    def update(table, data, where=None):\n'
                      '        update_str = \', \'.join((f"{k}=\'{newv_1}\'" '
                      'for (k, newv_1) in data.items()))\n'
                      "        query = f'UPDATE {table} SET {update_str}'\n"
                      '        if where:\n'
                      "            query += ' WHERE ' + ' AND "
                      '\'.join((f"{k}=\'{newv_1}\'" for (k, newv_1) in '
                      'where.items()))\n'
                      '        return query'}
[END] processing file: ClassEval_80. Total Time: 5.030083
END AT 2024-10-13 02:06:40.327079
