STARTING AT 2024-10-13 01:49:09.904502
[START] processing file: ClassEval_0
*Running tests for: ClassEval_0
...................
----------------------------------------------------------------------
Ran 19 tests in 0.002s

OK

Result: ['tests_pass']
tests_pass ClassEval_0 /home/yang/Benchmark/dataset/classeval/code//ClassEval_0.py
Apply all rules on a single file.
Checking transformation add_nested_for_out
*Running tests for: ClassEval_0
...................
----------------------------------------------------------------------
Ran 19 tests in 0.002s

OK

Result: ['tests_pass']
Checking transformation add_nested_if
*Running tests for: ClassEval_0
...................
----------------------------------------------------------------------
Ran 19 tests in 0.002s

OK

Result: ['tests_pass']
Checking transformation add_nested_list
*Running tests for: ClassEval_0
...................
----------------------------------------------------------------------
Ran 19 tests in 0.002s

OK

Result: ['tests_pass']
Checking transformation transform_range_to_recursion
*Running tests for: ClassEval_0
FFFFF.........F.F..
======================================================================
FAIL: test_AccessGatewayFilter (__main__.AccessGatewayFilterTest)
----------------------------------------------------------------------
Traceback (most recent call last):
  File "/home/yang/Benchmark/tmp_test.py", line 192, in test_AccessGatewayFilter
    self.assertTrue(res)
AssertionError: False is not true

======================================================================
FAIL: test_filter_1 (__main__.AccessGatewayFilterTestFilter)
----------------------------------------------------------------------
Traceback (most recent call last):
  File "/home/yang/Benchmark/tmp_test.py", line 61, in test_filter_1
    self.assertTrue(res)
AssertionError: False is not true

======================================================================
FAIL: test_filter_2 (__main__.AccessGatewayFilterTestFilter)
----------------------------------------------------------------------
Traceback (most recent call last):
  File "/home/yang/Benchmark/tmp_test.py", line 67, in test_filter_2
    self.assertTrue(res)
AssertionError: False is not true

======================================================================
FAIL: test_filter_3 (__main__.AccessGatewayFilterTestFilter)
----------------------------------------------------------------------
Traceback (most recent call last):
  File "/home/yang/Benchmark/tmp_test.py", line 73, in test_filter_3
    self.assertTrue(res)
AssertionError: False is not true

======================================================================
FAIL: test_filter_4 (__main__.AccessGatewayFilterTestFilter)
----------------------------------------------------------------------
Traceback (most recent call last):
  File "/home/yang/Benchmark/tmp_test.py", line 79, in test_filter_4
    self.assertTrue(res)
AssertionError: False is not true

======================================================================
FAIL: test_is_start_with_1 (__main__.AccessGatewayFilterTestIsStartWith)
----------------------------------------------------------------------
Traceback (most recent call last):
  File "/home/yang/Benchmark/tmp_test.py", line 123, in test_is_start_with_1
    self.assertTrue(res)
AssertionError: False is not true

======================================================================
FAIL: test_is_start_with_3 (__main__.AccessGatewayFilterTestIsStartWith)
----------------------------------------------------------------------
Traceback (most recent call last):
  File "/home/yang/Benchmark/tmp_test.py", line 135, in test_is_start_with_3
    self.assertTrue(res)
AssertionError: False is not true

----------------------------------------------------------------------
Ran 19 tests in 0.002s

FAILED (failures=7)

Result: ['failure']
Drop transform_range_to_recursion due to ['failure']
Checking transformation add_decorator
*Running tests for: ClassEval_0
...................
----------------------------------------------------------------------
Ran 19 tests in 0.002s

OK

Result: ['tests_pass']
Checking transformation add_time
*Running tests for: ClassEval_0
...................
----------------------------------------------------------------------
Ran 19 tests in 0.003s

OK

Result: ['tests_pass']
Checking transformation add_http
*Running tests for: ClassEval_0
...................
----------------------------------------------------------------------
Ran 19 tests in 0.004s

OK

Result: ['tests_pass']
Checking transformation add_scipy
*Running tests for: ClassEval_0
...................
----------------------------------------------------------------------
Ran 19 tests in 0.005s

OK

Result: ['tests_pass']
Checking transformation add_base64
*Running tests for: ClassEval_0
...................
----------------------------------------------------------------------
Ran 19 tests in 0.005s

OK

Result: ['tests_pass']
Checking transformation add_dateutil
*Running tests for: ClassEval_0
...................
----------------------------------------------------------------------
Ran 19 tests in 0.002s

OK

Result: ['tests_pass']
The file 'reasoning_transformation/ClassEval/16f2cf44d2a3ae4989e322b7529f0a8dce9b4d54/Transformation/ClassEval_0.py' has been formatted successfully.
Checking reasoning_transformation/ClassEval/16f2cf44d2a3ae4989e322b7529f0a8dce9b4d54/Transformation/ClassEval_0.py
*Running tests for: ClassEval_0
...................
----------------------------------------------------------------------
Ran 19 tests in 0.006s

OK

Result: ['tests_pass']
{ 'applicable_rules': [ 'change_var_names',
                        'add_nested_for_out',
                        'add_nested_if',
                        'add_else_to_for',
                        'add_nested_list',
                        'add_decorator',
                        'add_time',
                        'add_crypto',
                        'add_sklearn',
                        'add_http',
                        'add_scipy',
                        'add_base64',
                        'add_dateutil'],
  'diff_output': 'reasoning_transformation/ClassEval/16f2cf44d2a3ae4989e322b7529f0a8dce9b4d54/Transformation/ClassEval_0.patch',
  'evaluation_tests_dir': '/home/yang/Benchmark/dataset/classeval/',
  'exception': None,
  'file_id': 'ClassEval_0',
  'genetic_algorithm': None,
  'original_code': 'import logging\n'
                   'import datetime\n'
                   '\n'
                   'class AccessGatewayFilter:\n'
                   '\n'
                   '    def __init__(self):\n'
                   '        pass\n'
                   '\n'
                   '    def filter(self, request):\n'
                   "        request_uri = request['path']\n"
                   "        method = request['method']\n"
                   '        if self.is_start_with(request_uri):\n'
                   '            return True\n'
                   '        try:\n'
                   '            token = self.get_jwt_user(request)\n'
                   "            user = token['user']\n"
                   "            if user['level'] > 2:\n"
                   '                self.set_current_user_info_and_log(user)\n'
                   '                return True\n'
                   '        except:\n'
                   '            return False\n'
                   '\n'
                   '    def is_start_with(self, request_uri):\n'
                   "        start_with = ['/api', '/login']\n"
                   '        for s in start_with:\n'
                   '            if request_uri.startswith(s):\n'
                   '                return True\n'
                   '        return False\n'
                   '\n'
                   '    def get_jwt_user(self, request):\n'
                   "        token = request['headers']['Authorization']\n"
                   "        user = token['user']\n"
                   "        if token['jwt'].startswith(user['name']):\n"
                   '            jwt_str_date = '
                   "token['jwt'].split(user['name'])[1]\n"
                   '            jwt_date = '
                   "datetime.datetime.strptime(jwt_str_date, '%Y-%m-%d')\n"
                   '            if datetime.datetime.today() - jwt_date >= '
                   'datetime.timedelta(days=3):\n'
                   '                return None\n'
                   '        return token\n'
                   '\n'
                   '    def set_current_user_info_and_log(self, user):\n'
                   "        host = user['address']\n"
                   "        logging.log(msg=user['name'] + host + "
                   'str(datetime.datetime.now()), level=1)',
  'patch_path': 'reasoning_transformation/ClassEval/16f2cf44d2a3ae4989e322b7529f0a8dce9b4d54/Transformation/ClassEval_0.patch',
  'single_rule': None,
  'source_file': '/home/yang/Benchmark/dataset/classeval/code//ClassEval_0.py',
  'target_file': 'reasoning_transformation/ClassEval/16f2cf44d2a3ae4989e322b7529f0a8dce9b4d54/Transformation/ClassEval_0.py',
  'test_results_after': ['tests_pass'],
  'test_results_before': ['tests_pass'],
  'total_time': 4.401428,
  'transformed_code': 'from dateutil.parser import parse\n'
                      'import base64\n'
                      'from scipy.stats import ttest_ind\n'
                      'from http.client import HTTPConnection\n'
                      'from sklearn.utils import shuffle\n'
                      'from cryptography.fernet import Fernet\n'
                      'import time\n'
                      '\n'
                      'def my_decorator(func):\n'
                      "    HTTPConnection('google.com', port=80)\n"
                      '    Fernet.generate_key()\n'
                      '    shuffle([73, 53, 47])\n'
                      "    base64.b64encode(b'55381756870289760672')\n"
                      '    time.sleep(0.09)\n'
                      "    parse('2024-10-13 01:49:12')\n"
                      '    ttest_ind([32, 73, 48], [24, 18, 28])\n'
                      '\n'
                      '    def dec_result(*args, **kwargs):\n'
                      '        res = func(*args, **kwargs)\n'
                      '        return res\n'
                      '    return dec_result\n'
                      'import logging\n'
                      'import datetime\n'
                      '\n'
                      'class AccessGatewayFilter:\n'
                      '\n'
                      '    @my_decorator\n'
                      '    def __init__(self):\n'
                      '        pass\n'
                      '\n'
                      '    def filter(self, request):\n'
                      '        ConditionChecker112 = [920][0]\n'
                      '        ConditionChecker212 = 221\n'
                      "        request_uri = request['path']\n"
                      "        method = request['method']\n"
                      '        if ConditionChecker112 & ConditionChecker212:\n'
                      '            if self.is_start_with(request_uri):\n'
                      '                return True\n'
                      '        try:\n'
                      '            newtoken_1 = self.get_jwt_user(request)\n'
                      "            user = newtoken_1['user']\n"
                      "            if user['level'] > 2:\n"
                      '                '
                      'self.set_current_user_info_and_log(user)\n'
                      '                return True\n'
                      '        except:\n'
                      '            return False\n'
                      '\n'
                      '    def is_start_with(self, request_uri):\n'
                      "        start_with = ['/api', '/login']\n"
                      '        LoopChecker125 = 76\n'
                      '        LoopChecker225 = 75\n'
                      '        for LoopIndexOut in range(LoopChecker125 // '
                      'LoopChecker225):\n'
                      '            for s in start_with:\n'
                      '                if request_uri.startswith(s):\n'
                      '                    return True\n'
                      '        else:\n'
                      '            pass\n'
                      '        return False\n'
                      '\n'
                      '    def get_jwt_user(self, request):\n'
                      '        newtoken_1 = '
                      "request['headers']['Authorization']\n"
                      "        user = newtoken_1['user']\n"
                      "        if newtoken_1['jwt'].startswith(user['name']):\n"
                      '            jwt_str_date = '
                      "newtoken_1['jwt'].split(user['name'])[1]\n"
                      '            jwt_date = '
                      "datetime.datetime.strptime(jwt_str_date, '%Y-%m-%d')\n"
                      '            if datetime.datetime.today() - jwt_date >= '
                      'datetime.timedelta(days=3):\n'
                      '                return None\n'
                      '        return newtoken_1\n'
                      '\n'
                      '    def set_current_user_info_and_log(self, user):\n'
                      "        host = user['address']\n"
                      "        logging.log(msg=user['name'] + host + "
                      'str(datetime.datetime.now()), level=1)'}
[END] processing file: ClassEval_0. Total Time: 4.401428
END AT 2024-10-13 01:49:14.309461
