STARTING AT 2024-10-15 02:34:03.235183
[START] processing file: ClassEval_8
*Running tests for: ClassEval_8
......................
----------------------------------------------------------------------
Ran 22 tests in 0.001s

OK

Result: ['tests_pass']
tests_pass ClassEval_8 /home/yang/Benchmark/dataset/classeval/code//ClassEval_8.py
Apply all rules on a single file.
Checking transformation add_nested_if
*Running tests for: ClassEval_8
......................
----------------------------------------------------------------------
Ran 22 tests in 0.001s

OK

Result: ['tests_pass']
Checking transformation add_nested_list
*Running tests for: ClassEval_8
......................
----------------------------------------------------------------------
Ran 22 tests in 0.001s

OK

Result: ['tests_pass']
Checking transformation add_decorator
*Running tests for: ClassEval_8
......................
----------------------------------------------------------------------
Ran 22 tests in 0.001s

OK

Result: ['tests_pass']
Checking transformation add_datetime
*Running tests for: ClassEval_8
......................
----------------------------------------------------------------------
Ran 22 tests in 0.001s

OK

Result: ['tests_pass']
Checking transformation add_time
*Running tests for: ClassEval_8
......................
----------------------------------------------------------------------
Ran 22 tests in 1.986s

OK

Result: ['tests_pass']
Checking transformation add_http
*Running tests for: ClassEval_8
......................
----------------------------------------------------------------------
Ran 22 tests in 1.994s

OK

Result: ['tests_pass']
Checking transformation add_scipy
*Running tests for: ClassEval_8
......................
----------------------------------------------------------------------
Ran 22 tests in 2.013s

OK

Result: ['tests_pass']
Checking transformation add_base64
*Running tests for: ClassEval_8
......................
----------------------------------------------------------------------
Ran 22 tests in 2.012s

OK

Result: ['tests_pass']
Checking transformation add_dateutil
*Running tests for: ClassEval_8
......................
----------------------------------------------------------------------
Ran 22 tests in 2.017s

OK

Result: ['tests_pass']
The file 'reasoning_transformation_classeval/ClassEval/3ad1e93cfed65451f71dd1d0768a262e7e4afa36/Transformation/ClassEval_8.py' has been formatted successfully.
Checking reasoning_transformation_classeval/ClassEval/3ad1e93cfed65451f71dd1d0768a262e7e4afa36/Transformation/ClassEval_8.py
*Running tests for: ClassEval_8
......................
----------------------------------------------------------------------
Ran 22 tests in 2.019s

OK

Result: ['tests_pass']
{ 'applicable_rules': [ 'add_nested_if',
                        'add_nested_list',
                        'add_decorator',
                        'add_datetime',
                        'add_time',
                        'add_crypto',
                        'add_sklearn',
                        'add_http',
                        'add_scipy',
                        'add_base64',
                        'add_dateutil'],
  'diff_output': 'reasoning_transformation_classeval/ClassEval/3ad1e93cfed65451f71dd1d0768a262e7e4afa36/Transformation/ClassEval_8.patch',
  'evaluation_tests_dir': '/home/yang/Benchmark/dataset/classeval/',
  'exception': None,
  'file_id': 'ClassEval_8',
  'genetic_algorithm': None,
  'original_code': 'class BankAccount:\n'
                   '\n'
                   '    def __init__(self, balance=0):\n'
                   '        self.balance = balance\n'
                   '\n'
                   '    def deposit(self, amount):\n'
                   '        if amount < 0:\n'
                   "            raise ValueError('Invalid amount')\n"
                   '        self.balance += amount\n'
                   '        return self.balance\n'
                   '\n'
                   '    def withdraw(self, amount):\n'
                   '        if amount < 0:\n'
                   "            raise ValueError('Invalid amount')\n"
                   '        if amount > self.balance:\n'
                   "            raise ValueError('Insufficient balance.')\n"
                   '        self.balance -= amount\n'
                   '        return self.balance\n'
                   '\n'
                   '    def view_balance(self):\n'
                   '        return self.balance\n'
                   '\n'
                   '    def transfer(self, other_account, amount):\n'
                   '        self.withdraw(amount)\n'
                   '        other_account.deposit(amount)',
  'patch_path': 'reasoning_transformation_classeval/ClassEval/3ad1e93cfed65451f71dd1d0768a262e7e4afa36/Transformation/ClassEval_8.patch',
  'single_rule': None,
  'source_file': '/home/yang/Benchmark/dataset/classeval/code//ClassEval_8.py',
  'target_file': 'reasoning_transformation_classeval/ClassEval/3ad1e93cfed65451f71dd1d0768a262e7e4afa36/Transformation/ClassEval_8.py',
  'test_results_after': ['tests_pass'],
  'test_results_before': ['tests_pass'],
  'total_time': 15.966763,
  'transformed_code': 'from dateutil.parser import parse\n'
                      'import base64\n'
                      'from scipy.stats import ttest_ind\n'
                      'from http.client import HTTPConnection\n'
                      'from sklearn.utils import shuffle\n'
                      'from cryptography.fernet import Fernet\n'
                      'import time\n'
                      'import datetime\n'
                      '\n'
                      'def my_decorator(func):\n'
                      '\n'
                      '    def dec_result(*args, **kwargs):\n'
                      '        res = func(*args, **kwargs)\n'
                      '        return res\n'
                      '    return dec_result\n'
                      '\n'
                      'class BankAccount:\n'
                      '\n'
                      '    @my_decorator\n'
                      '    def __init__(self, balance=0):\n'
                      '        datetime.datetime.now()\n'
                      "        parse('2024-10-15 02:34:13')\n"
                      '        self.balance = balance\n'
                      '\n'
                      '    def deposit(self, amount):\n'
                      '        ConditionChecker17 = [399][0]\n'
                      '        ConditionChecker27 = 689\n'
                      '        if ConditionChecker17 & ConditionChecker27:\n'
                      '            if amount < 0:\n'
                      "                raise ValueError('Invalid amount')\n"
                      '        self.balance += amount\n'
                      '        return self.balance\n'
                      '\n'
                      '    def withdraw(self, amount):\n'
                      '        if amount < 0:\n'
                      "            raise ValueError('Invalid amount')\n"
                      '        if amount > self.balance:\n'
                      "            raise ValueError('Insufficient balance.')\n"
                      '        ttest_ind([30, 80, 49], [54, 91, 30])\n'
                      '        Fernet.generate_key()\n'
                      '        self.balance -= amount\n'
                      '        time.sleep(0.18)\n'
                      '        return self.balance\n'
                      '\n'
                      '    def view_balance(self):\n'
                      '        shuffle([29, 1, 57])\n'
                      "        base64.b64encode(b'47891814322617523700')\n"
                      '        return self.balance\n'
                      '\n'
                      '    def transfer(self, other_account, amount):\n'
                      "        HTTPConnection('google.com', port=80)\n"
                      '        self.withdraw(amount)\n'
                      '        other_account.deposit(amount)'}
[END] processing file: ClassEval_8. Total Time: 15.966763
END AT 2024-10-15 02:34:19.203942
